[0.144s] Invoking command in '/SLAM/ros_ws/build/image_proc': AMENT_PREFIX_PATH=/SLAM/ros_ws/install/tracetools_image_pipeline:${AMENT_PREFIX_PATH} CMAKE_PREFIX_PATH=/SLAM/ros_ws/install/tracetools_image_pipeline:/SLAM/ros_ws/install/sllidar_ros2:/SLAM/ros_ws/install/orbbec_description:/SLAM/ros_ws/install/orbbec_camera:/SLAM/ros_ws/install/orbbec_camera_msgs:/SLAM/ros_ws/install/magic_enum:/SLAM/ros_ws/install/libuvc:/SLAM/ros_ws/install/glog:/SLAM/ros_ws/install/astra_camera:/SLAM/ros_ws/install/astra_camera_msgs:/opt/ros/humble LD_LIBRARY_PATH=/SLAM/ros_ws/install/tracetools_image_pipeline/lib:${LD_LIBRARY_PATH} /usr/bin/cmake /SLAM/ros_ws/src/image_pipeline/image_proc -DCMAKE_INSTALL_PREFIX=/SLAM/ros_ws/install/image_proc
[0.162s] -- Found ament_cmake_auto: 1.3.6 (/opt/ros/humble/share/ament_cmake_auto/cmake)
[0.347s] -- Found Python3: /usr/bin/python3.10 (found version "3.10.12") found components: Interpreter 
[0.636s] -- Found rosidl_generator_c: 3.1.5 (/opt/ros/humble/share/rosidl_generator_c/cmake)
[0.645s] -- Found rosidl_adapter: 3.1.5 (/opt/ros/humble/share/rosidl_adapter/cmake)
[0.658s] -- Found rosidl_generator_cpp: 3.1.5 (/opt/ros/humble/share/rosidl_generator_cpp/cmake)
[0.676s] -- Using all available rosidl_typesupport_c: rosidl_typesupport_fastrtps_c;rosidl_typesupport_introspection_c
[0.701s] -- Using all available rosidl_typesupport_cpp: rosidl_typesupport_fastrtps_cpp;rosidl_typesupport_introspection_cpp
[1.181s] -- Found rmw_implementation_cmake: 6.1.1 (/opt/ros/humble/share/rmw_implementation_cmake/cmake)
[1.188s] -- Found rmw_fastrtps_cpp: 6.2.5 (/opt/ros/humble/share/rmw_fastrtps_cpp/cmake)
[1.385s] -- Found OpenSSL: /usr/lib/x86_64-linux-gnu/libcrypto.so (found version "3.0.2")  
[1.468s] -- Found FastRTPS: /opt/ros/humble/include  
[1.659s] -- Using RMW implementation 'rmw_fastrtps_cpp' as default
[1.714s] -- Looking for pthread.h
[2.157s] -- Looking for pthread.h - found
[2.157s] -- Performing Test CMAKE_HAVE_LIBC_PTHREAD
[2.636s] -- Performing Test CMAKE_HAVE_LIBC_PTHREAD - Success
[2.641s] -- Found Threads: TRUE  
[3.488s] -- Found OpenCV: /usr (found version "4.5.4") 
[3.522s] -- Found ament_lint_auto: 0.12.9 (/opt/ros/humble/share/ament_lint_auto/cmake)
[3.598s] -- Added test 'copyright' to check source files copyright and LICENSE
[3.604s] -- Added test 'cppcheck' to perform static code analysis on C / C++ code
[3.606s] -- Configured cppcheck include dirs: /SLAM/ros_ws/src/image_pipeline/image_proc/include
[3.607s] -- Configured cppcheck exclude dirs and/or files: 
[3.613s] -- Added test 'cpplint' to check C / C++ code against the Google style
[3.613s] -- Configured cpplint exclude dirs and/or files: 
[3.616s] -- Added test 'flake8' to check Python code syntax and style conventions
[3.619s] -- Added test 'lint_cmake' to check CMake code style
[3.621s] -- Added test 'pep257' to check Python code against some of the docstring style conventions in PEP 257
[3.626s] -- Added test 'uncrustify' to check C / C++ code style
[3.626s] -- Configured uncrustify additional arguments: 
[3.629s] -- Added test 'xmllint' to check XML markup files
[3.647s] -- Configuring done
[3.872s] -- Generating done
[3.873s] -- Build files have been written to: /SLAM/ros_ws/build/image_proc
[3.905s] Invoked command in '/SLAM/ros_ws/build/image_proc' returned '0': AMENT_PREFIX_PATH=/SLAM/ros_ws/install/tracetools_image_pipeline:${AMENT_PREFIX_PATH} CMAKE_PREFIX_PATH=/SLAM/ros_ws/install/tracetools_image_pipeline:/SLAM/ros_ws/install/sllidar_ros2:/SLAM/ros_ws/install/orbbec_description:/SLAM/ros_ws/install/orbbec_camera:/SLAM/ros_ws/install/orbbec_camera_msgs:/SLAM/ros_ws/install/magic_enum:/SLAM/ros_ws/install/libuvc:/SLAM/ros_ws/install/glog:/SLAM/ros_ws/install/astra_camera:/SLAM/ros_ws/install/astra_camera_msgs:/opt/ros/humble LD_LIBRARY_PATH=/SLAM/ros_ws/install/tracetools_image_pipeline/lib:${LD_LIBRARY_PATH} /usr/bin/cmake /SLAM/ros_ws/src/image_pipeline/image_proc -DCMAKE_INSTALL_PREFIX=/SLAM/ros_ws/install/image_proc
[3.906s] Invoking command in '/SLAM/ros_ws/build/image_proc': AMENT_PREFIX_PATH=/SLAM/ros_ws/install/tracetools_image_pipeline:${AMENT_PREFIX_PATH} CMAKE_PREFIX_PATH=/SLAM/ros_ws/install/tracetools_image_pipeline:/SLAM/ros_ws/install/sllidar_ros2:/SLAM/ros_ws/install/orbbec_description:/SLAM/ros_ws/install/orbbec_camera:/SLAM/ros_ws/install/orbbec_camera_msgs:/SLAM/ros_ws/install/magic_enum:/SLAM/ros_ws/install/libuvc:/SLAM/ros_ws/install/glog:/SLAM/ros_ws/install/astra_camera:/SLAM/ros_ws/install/astra_camera_msgs:/opt/ros/humble LD_LIBRARY_PATH=/SLAM/ros_ws/install/tracetools_image_pipeline/lib:${LD_LIBRARY_PATH} /usr/bin/cmake --build /SLAM/ros_ws/build/image_proc -- -j16 -l16
[4.288s] [  6%] [32mBuilding CXX object CMakeFiles/image_proc.dir/src/image_proc/processor.cpp.o[0m
[8.135s] [ 13%] [32m[1mLinking CXX shared library libimage_proc.so[0m
[8.840s] [ 13%] Built target image_proc
[9.030s] [ 20%] [32mBuilding CXX object CMakeFiles/rectify.dir/src/rectify.cpp.o[0m
[18.028s] [ 26%] [32m[1mLinking CXX shared library librectify.so[0m
[18.275s] [ 26%] Built target rectify
[18.315s] [ 40%] [32mBuilding CXX object CMakeFiles/debayer.dir/src/debayer.cpp.o[0m
[18.315s] [ 40%] [32mBuilding CXX object CMakeFiles/debayer.dir/src/edge_aware.cpp.o[0m
[23.946s] [ 46%] [32m[1mLinking CXX shared library libdebayer.so[0m
[24.160s] [ 46%] Built target debayer
[24.190s] [ 53%] [32mBuilding CXX object CMakeFiles/resize.dir/src/resize.cpp.o[0m
[29.417s] [ 60%] [32m[1mLinking CXX shared library libresize.so[0m
[29.670s] [ 60%] Built target resize
[29.705s] [ 66%] [32mBuilding CXX object CMakeFiles/crop_decimate.dir/src/crop_decimate.cpp.o[0m
[34.019s] [ 73%] [32m[1mLinking CXX shared library libcrop_decimate.so[0m
[34.185s] [ 73%] Built target crop_decimate
[34.210s] [ 80%] [32mBuilding CXX object CMakeFiles/crop_non_zero.dir/src/crop_non_zero.cpp.o[0m
[37.523s] [ 86%] [32m[1mLinking CXX shared library libcrop_non_zero.so[0m
[37.680s] [ 86%] Built target crop_non_zero
[37.706s] [ 93%] [32mBuilding CXX object CMakeFiles/image_proc_exe.dir/src/image_proc.cpp.o[0m
[40.550s] [100%] [32m[1mLinking CXX executable image_proc[0m
[40.888s] [100%] Built target image_proc_exe
[40.902s] Invoked command in '/SLAM/ros_ws/build/image_proc' returned '0': AMENT_PREFIX_PATH=/SLAM/ros_ws/install/tracetools_image_pipeline:${AMENT_PREFIX_PATH} CMAKE_PREFIX_PATH=/SLAM/ros_ws/install/tracetools_image_pipeline:/SLAM/ros_ws/install/sllidar_ros2:/SLAM/ros_ws/install/orbbec_description:/SLAM/ros_ws/install/orbbec_camera:/SLAM/ros_ws/install/orbbec_camera_msgs:/SLAM/ros_ws/install/magic_enum:/SLAM/ros_ws/install/libuvc:/SLAM/ros_ws/install/glog:/SLAM/ros_ws/install/astra_camera:/SLAM/ros_ws/install/astra_camera_msgs:/opt/ros/humble LD_LIBRARY_PATH=/SLAM/ros_ws/install/tracetools_image_pipeline/lib:${LD_LIBRARY_PATH} /usr/bin/cmake --build /SLAM/ros_ws/build/image_proc -- -j16 -l16
[40.964s] Invoking command in '/SLAM/ros_ws/build/image_proc': AMENT_PREFIX_PATH=/SLAM/ros_ws/install/tracetools_image_pipeline:${AMENT_PREFIX_PATH} CMAKE_PREFIX_PATH=/SLAM/ros_ws/install/tracetools_image_pipeline:/SLAM/ros_ws/install/sllidar_ros2:/SLAM/ros_ws/install/orbbec_description:/SLAM/ros_ws/install/orbbec_camera:/SLAM/ros_ws/install/orbbec_camera_msgs:/SLAM/ros_ws/install/magic_enum:/SLAM/ros_ws/install/libuvc:/SLAM/ros_ws/install/glog:/SLAM/ros_ws/install/astra_camera:/SLAM/ros_ws/install/astra_camera_msgs:/opt/ros/humble LD_LIBRARY_PATH=/SLAM/ros_ws/install/tracetools_image_pipeline/lib:${LD_LIBRARY_PATH} /usr/bin/cmake --install /SLAM/ros_ws/build/image_proc
[40.975s] -- Install configuration: ""
[40.976s] -- Installing: /SLAM/ros_ws/install/image_proc/bin/image_proc
[40.976s] -- Set runtime path of "/SLAM/ros_ws/install/image_proc/bin/image_proc" to ""
[40.976s] -- Installing: /SLAM/ros_ws/install/image_proc/include
[40.976s] -- Installing: /SLAM/ros_ws/install/image_proc/include/image_proc
[40.976s] -- Installing: /SLAM/ros_ws/install/image_proc/include/image_proc/edge_aware.hpp
[40.977s] -- Installing: /SLAM/ros_ws/install/image_proc/include/image_proc/processor.hpp
[40.977s] -- Installing: /SLAM/ros_ws/install/image_proc/include/image_proc/crop_decimate.hpp
[40.977s] -- Installing: /SLAM/ros_ws/install/image_proc/include/image_proc/debayer.hpp
[40.977s] -- Installing: /SLAM/ros_ws/install/image_proc/include/image_proc/resize.hpp
[40.977s] -- Installing: /SLAM/ros_ws/install/image_proc/include/image_proc/crop_non_zero.hpp
[40.977s] -- Installing: /SLAM/ros_ws/install/image_proc/include/image_proc/rectify.hpp
[40.977s] -- Installing: /SLAM/ros_ws/install/image_proc/include/image_proc/utils.hpp
[40.978s] -- Installing: /SLAM/ros_ws/install/image_proc/share/image_proc/environment/library_path.sh
[40.978s] -- Installing: /SLAM/ros_ws/install/image_proc/share/image_proc/environment/library_path.dsv
[40.978s] -- Installing: /SLAM/ros_ws/install/image_proc/lib/libimage_proc.so
[40.978s] -- Set runtime path of "/SLAM/ros_ws/install/image_proc/lib/libimage_proc.so" to ""
[40.979s] -- Installing: /SLAM/ros_ws/install/image_proc/lib/librectify.so
[40.979s] -- Set runtime path of "/SLAM/ros_ws/install/image_proc/lib/librectify.so" to ""
[40.979s] -- Installing: /SLAM/ros_ws/install/image_proc/lib/libdebayer.so
[40.981s] -- Set runtime path of "/SLAM/ros_ws/install/image_proc/lib/libdebayer.so" to ""
[40.981s] -- Installing: /SLAM/ros_ws/install/image_proc/lib/libresize.so
[40.982s] -- Set runtime path of "/SLAM/ros_ws/install/image_proc/lib/libresize.so" to ""
[40.982s] -- Installing: /SLAM/ros_ws/install/image_proc/lib/libcrop_decimate.so
[40.983s] -- Set runtime path of "/SLAM/ros_ws/install/image_proc/lib/libcrop_decimate.so" to ""
[40.983s] -- Installing: /SLAM/ros_ws/install/image_proc/lib/libcrop_non_zero.so
[40.984s] -- Set runtime path of "/SLAM/ros_ws/install/image_proc/lib/libcrop_non_zero.so" to ""
[40.984s] -- Installing: /SLAM/ros_ws/install/image_proc/lib/image_proc/image_proc
[40.984s] -- Set runtime path of "/SLAM/ros_ws/install/image_proc/lib/image_proc/image_proc" to ""
[40.984s] -- Installing: /SLAM/ros_ws/install/image_proc/share/image_proc/launch
[40.984s] -- Installing: /SLAM/ros_ws/install/image_proc/share/image_proc/launch/image_proc.launch.py
[40.985s] -- Installing: /SLAM/ros_ws/install/image_proc/share/ament_index/resource_index/package_run_dependencies/image_proc
[40.985s] -- Installing: /SLAM/ros_ws/install/image_proc/share/ament_index/resource_index/parent_prefix_path/image_proc
[40.985s] -- Installing: /SLAM/ros_ws/install/image_proc/share/image_proc/environment/ament_prefix_path.sh
[40.985s] -- Installing: /SLAM/ros_ws/install/image_proc/share/image_proc/environment/ament_prefix_path.dsv
[40.986s] -- Installing: /SLAM/ros_ws/install/image_proc/share/image_proc/environment/path.sh
[40.986s] -- Installing: /SLAM/ros_ws/install/image_proc/share/image_proc/environment/path.dsv
[40.986s] -- Installing: /SLAM/ros_ws/install/image_proc/share/image_proc/local_setup.bash
[40.987s] -- Installing: /SLAM/ros_ws/install/image_proc/share/image_proc/local_setup.sh
[40.987s] -- Installing: /SLAM/ros_ws/install/image_proc/share/image_proc/local_setup.zsh
[40.987s] -- Installing: /SLAM/ros_ws/install/image_proc/share/image_proc/local_setup.dsv
[40.987s] -- Installing: /SLAM/ros_ws/install/image_proc/share/image_proc/package.dsv
[40.988s] -- Installing: /SLAM/ros_ws/install/image_proc/share/ament_index/resource_index/packages/image_proc
[40.988s] -- Installing: /SLAM/ros_ws/install/image_proc/share/ament_index/resource_index/rclcpp_components/image_proc
[40.988s] -- Installing: /SLAM/ros_ws/install/image_proc/share/image_proc/cmake/ament_cmake_export_dependencies-extras.cmake
[40.988s] -- Installing: /SLAM/ros_ws/install/image_proc/share/image_proc/cmake/ament_cmake_export_include_directories-extras.cmake
[40.989s] -- Installing: /SLAM/ros_ws/install/image_proc/share/image_proc/cmake/ament_cmake_export_libraries-extras.cmake
[40.989s] -- Installing: /SLAM/ros_ws/install/image_proc/share/image_proc/cmake/image_procConfig.cmake
[40.989s] -- Installing: /SLAM/ros_ws/install/image_proc/share/image_proc/cmake/image_procConfig-version.cmake
[40.990s] -- Installing: /SLAM/ros_ws/install/image_proc/share/image_proc/package.xml
[40.992s] Invoked command in '/SLAM/ros_ws/build/image_proc' returned '0': AMENT_PREFIX_PATH=/SLAM/ros_ws/install/tracetools_image_pipeline:${AMENT_PREFIX_PATH} CMAKE_PREFIX_PATH=/SLAM/ros_ws/install/tracetools_image_pipeline:/SLAM/ros_ws/install/sllidar_ros2:/SLAM/ros_ws/install/orbbec_description:/SLAM/ros_ws/install/orbbec_camera:/SLAM/ros_ws/install/orbbec_camera_msgs:/SLAM/ros_ws/install/magic_enum:/SLAM/ros_ws/install/libuvc:/SLAM/ros_ws/install/glog:/SLAM/ros_ws/install/astra_camera:/SLAM/ros_ws/install/astra_camera_msgs:/opt/ros/humble LD_LIBRARY_PATH=/SLAM/ros_ws/install/tracetools_image_pipeline/lib:${LD_LIBRARY_PATH} /usr/bin/cmake --install /SLAM/ros_ws/build/image_proc
