[0.281s] Invoking command in '/home/khanh/Documents/microros_ws/build/unique_identifier_msgs': CMAKE_PREFIX_PATH=${CMAKE_PREFIX_PATH}:/opt/ros/humble /usr/bin/cmake /home/khanh/Documents/microros_ws/src/ros2/unique_identifier_msgs -DBUILD_TESTING=OFF -DBUILD_SHARED_LIBS=ON -DCMAKE_INSTALL_PREFIX=/home/khanh/Documents/microros_ws/install/unique_identifier_msgs
[0.335s] -- The C compiler identification is GNU 11.4.0
[0.391s] -- The CXX compiler identification is GNU 11.4.0
[0.399s] -- Detecting C compiler ABI info
[0.477s] -- Detecting C compiler ABI info - done
[0.485s] -- Check for working C compiler: /usr/bin/cc - skipped
[0.485s] -- Detecting C compile features
[0.485s] -- Detecting C compile features - done
[0.488s] -- Detecting CXX compiler ABI info
[0.587s] -- Detecting CXX compiler ABI info - done
[0.592s] -- Check for working CXX compiler: /usr/bin/c++ - skipped
[0.593s] -- Detecting CXX compile features
[0.594s] -- Detecting CXX compile features - done
[0.597s] -- Found ament_cmake: 1.3.6 (/opt/ros/humble/share/ament_cmake/cmake)
[0.805s] -- Found Python3: /usr/bin/python3.10 (found version "3.10.12") found components: Interpreter 
[0.936s] -- Found rosidl_default_generators: 1.2.0 (/opt/ros/humble/share/rosidl_default_generators/cmake)
[0.942s] -- Using all available rosidl_typesupport_c: rosidl_typesupport_microxrcedds_c;rosidl_typesupport_fastrtps_c;rosidl_typesupport_introspection_c
[0.955s] -- Found rosidl_adapter: 3.1.5 (/opt/ros/humble/share/rosidl_adapter/cmake)
[1.040s] -- Using all available rosidl_typesupport_cpp: rosidl_typesupport_microxrcedds_cpp;rosidl_typesupport_fastrtps_cpp;rosidl_typesupport_introspection_cpp
[1.509s] -- Found ament_cmake_ros: 0.10.0 (/opt/ros/humble/share/ament_cmake_ros/cmake)
[1.806s] -- Using all available rosidl_typesupport_c: rosidl_typesupport_microxrcedds_c;rosidl_typesupport_fastrtps_c;rosidl_typesupport_introspection_c
[2.215s] -- Using all available rosidl_typesupport_cpp: rosidl_typesupport_microxrcedds_cpp;rosidl_typesupport_fastrtps_cpp;rosidl_typesupport_introspection_cpp
[2.247s] -- Found PythonInterp: /usr/bin/python3 (found suitable version "3.10.12", minimum required is "3.6") 
[2.247s] -- Found python_cmake_module: 0.10.0 (/opt/ros/humble/share/python_cmake_module/cmake)
[2.285s] -- Found PythonLibs: /usr/lib/x86_64-linux-gnu/libpython3.10.so (found suitable version "3.10.12", minimum required is "3.5") 
[2.286s] -- Using PYTHON_EXECUTABLE: /usr/bin/python3
[2.286s] -- Using PYTHON_INCLUDE_DIRS: /usr/include/python3.10
[2.286s] -- Using PYTHON_LIBRARIES: /usr/lib/x86_64-linux-gnu/libpython3.10.so
[2.309s] -- Found PythonExtra: .so  
[2.354s] -- Configuring done
[2.400s] -- Generating done
[2.405s] -- Build files have been written to: /home/khanh/Documents/microros_ws/build/unique_identifier_msgs
[2.470s] Invoked command in '/home/khanh/Documents/microros_ws/build/unique_identifier_msgs' returned '0': CMAKE_PREFIX_PATH=${CMAKE_PREFIX_PATH}:/opt/ros/humble /usr/bin/cmake /home/khanh/Documents/microros_ws/src/ros2/unique_identifier_msgs -DBUILD_TESTING=OFF -DBUILD_SHARED_LIBS=ON -DCMAKE_INSTALL_PREFIX=/home/khanh/Documents/microros_ws/install/unique_identifier_msgs
[2.471s] Invoking command in '/home/khanh/Documents/microros_ws/build/unique_identifier_msgs': CMAKE_PREFIX_PATH=${CMAKE_PREFIX_PATH}:/opt/ros/humble /usr/bin/cmake --build /home/khanh/Documents/microros_ws/build/unique_identifier_msgs -- -j16 -l16
[2.544s] [  2%] [34m[1mGenerating C code for ROS interfaces[0m
[2.590s] [  5%] [34m[1mGenerating C++ code for ROS interfaces[0m
[2.688s] [  5%] Built target ament_cmake_python_copy_unique_identifier_msgs
[3.057s] [  7%] [32mBuilding C object CMakeFiles/unique_identifier_msgs__rosidl_generator_c.dir/rosidl_generator_c/unique_identifier_msgs/msg/detail/uuid__functions.c.o[0m
[3.057s] [  7%] Built target unique_identifier_msgs__cpp
[3.075s] [ 10%] [34m[1mGenerating C++ introspection for ROS interfaces[0m
[3.079s] [ 12%] [34m[1mGenerating C++ type support for eProsima Fast-RTPS[0m
[3.079s] [ 15%] [34m[1mGenerating C++ type support dispatch for ROS interfaces[0m
[3.104s] [ 17%] [34m[1mGenerating C++ type support for eProsima Micro XRCE-DDS[0m
[3.158s] [ 20%] [32m[1mLinking C shared library libunique_identifier_msgs__rosidl_generator_c.so[0m
[3.182s] running egg_info
[3.184s] creating unique_identifier_msgs.egg-info
[3.185s] writing unique_identifier_msgs.egg-info/PKG-INFO
[3.187s] writing dependency_links to unique_identifier_msgs.egg-info/dependency_links.txt
[3.187s] writing top-level names to unique_identifier_msgs.egg-info/top_level.txt
[3.187s] writing manifest file 'unique_identifier_msgs.egg-info/SOURCES.txt'
[3.191s] reading manifest file 'unique_identifier_msgs.egg-info/SOURCES.txt'
[3.192s] writing manifest file 'unique_identifier_msgs.egg-info/SOURCES.txt'
[3.255s] [ 20%] Built target unique_identifier_msgs__rosidl_generator_c
[3.278s] [ 20%] Built target ament_cmake_python_build_unique_identifier_msgs_egg
[3.289s] [ 23%] [34m[1mGenerating C introspection for ROS interfaces[0m
[3.291s] [ 25%] [34m[1mGenerating C type support for eProsima Fast-RTPS[0m
[3.307s] [ 28%] [34m[1mGenerating C type support for eProsima Micro XRCE-DDS[0m
[3.321s] [ 30%] [34m[1mGenerating C type support dispatch for ROS interfaces[0m
[3.547s] [ 33%] [32mBuilding CXX object CMakeFiles/unique_identifier_msgs__rosidl_typesupport_introspection_cpp.dir/rosidl_typesupport_introspection_cpp/unique_identifier_msgs/msg/detail/uuid__type_support.cpp.o[0m
[3.558s] [ 35%] [32mBuilding CXX object CMakeFiles/unique_identifier_msgs__rosidl_typesupport_cpp.dir/rosidl_typesupport_cpp/unique_identifier_msgs/msg/uuid__type_support.cpp.o[0m
[3.619s] [ 38%] [32mBuilding CXX object CMakeFiles/unique_identifier_msgs__rosidl_typesupport_microxrcedds_cpp.dir/rosidl_typesupport_microxrcedds_cpp/unique_identifier_msgs/msg/detail/microxrcedds/uuid__type_support_cpp.cpp.o[0m
[3.673s] [ 41%] [32mBuilding CXX object CMakeFiles/unique_identifier_msgs__rosidl_typesupport_fastrtps_cpp.dir/rosidl_typesupport_fastrtps_cpp/unique_identifier_msgs/msg/detail/dds_fastrtps/uuid__type_support.cpp.o[0m
[3.756s] [ 43%] [32mBuilding CXX object CMakeFiles/unique_identifier_msgs__rosidl_typesupport_c.dir/rosidl_typesupport_c/unique_identifier_msgs/msg/uuid__type_support.cpp.o[0m
[3.818s] [ 46%] [32mBuilding C object CMakeFiles/unique_identifier_msgs__rosidl_typesupport_microxrcedds_c.dir/rosidl_typesupport_microxrcedds_c/unique_identifier_msgs/msg/detail/microxrcedds/uuid__type_support_c.c.o[0m
[3.918s] [ 51%] [32mBuilding C object CMakeFiles/unique_identifier_msgs__rosidl_typesupport_introspection_c.dir/rosidl_typesupport_introspection_c/unique_identifier_msgs/msg/detail/uuid__type_support.c.o[0m
[3.931s] [ 51%] [32m[1mLinking CXX shared library libunique_identifier_msgs__rosidl_typesupport_c.so[0m
[3.962s] [ 53%] [32m[1mLinking C shared library libunique_identifier_msgs__rosidl_typesupport_microxrcedds_c.so[0m
[4.026s] [ 56%] [32mBuilding CXX object CMakeFiles/unique_identifier_msgs__rosidl_typesupport_fastrtps_c.dir/rosidl_typesupport_fastrtps_c/unique_identifier_msgs/msg/detail/uuid__type_support_c.cpp.o[0m
[4.113s] [ 58%] [32m[1mLinking CXX shared library libunique_identifier_msgs__rosidl_typesupport_cpp.so[0m
[4.118s] [ 61%] [32m[1mLinking C shared library libunique_identifier_msgs__rosidl_typesupport_introspection_c.so[0m
[4.127s] [ 61%] Built target unique_identifier_msgs__rosidl_typesupport_microxrcedds_c
[4.177s] [ 61%] Built target unique_identifier_msgs__rosidl_typesupport_c
[4.290s] [ 61%] Built target unique_identifier_msgs__rosidl_typesupport_introspection_c
[4.310s] [ 61%] Built target unique_identifier_msgs__rosidl_typesupport_cpp
[4.338s] [ 64%] [32m[1mLinking CXX shared library libunique_identifier_msgs__rosidl_typesupport_introspection_cpp.so[0m
[4.491s] [ 66%] [32m[1mLinking CXX shared library libunique_identifier_msgs__rosidl_typesupport_microxrcedds_cpp.so[0m
[4.598s] [ 66%] Built target unique_identifier_msgs__rosidl_typesupport_introspection_cpp
[4.626s] [ 69%] [32m[1mLinking CXX shared library libunique_identifier_msgs__rosidl_typesupport_fastrtps_cpp.so[0m
[4.671s] [ 69%] Built target unique_identifier_msgs__rosidl_typesupport_microxrcedds_cpp
[4.798s] [ 71%] [32m[1mLinking CXX shared library libunique_identifier_msgs__rosidl_typesupport_fastrtps_c.so[0m
[5.028s] [ 71%] Built target unique_identifier_msgs__rosidl_typesupport_fastrtps_cpp
[5.259s] [ 71%] Built target unique_identifier_msgs__rosidl_typesupport_fastrtps_c
[5.405s] [ 71%] Built target unique_identifier_msgs
[5.485s] [ 74%] [34m[1mGenerating Python code for ROS interfaces[0m
[6.122s] [ 74%] Built target unique_identifier_msgs__py
[6.154s] [ 76%] [32mBuilding C object CMakeFiles/unique_identifier_msgs__rosidl_generator_py.dir/rosidl_generator_py/unique_identifier_msgs/msg/_uuid_s.c.o[0m
[6.300s] [ 79%] [32m[1mLinking C shared library rosidl_generator_py/unique_identifier_msgs/libunique_identifier_msgs__rosidl_generator_py.so[0m
[6.385s] [ 79%] Built target unique_identifier_msgs__rosidl_generator_py
[6.423s] [ 82%] [32mBuilding C object CMakeFiles/unique_identifier_msgs__rosidl_typesupport_microxrcedds_c__pyext.dir/rosidl_generator_py/unique_identifier_msgs/_unique_identifier_msgs_s.ep.rosidl_typesupport_microxrcedds_c.c.o[0m
[6.438s] [ 84%] [32mBuilding C object CMakeFiles/unique_identifier_msgs__rosidl_typesupport_introspection_c__pyext.dir/rosidl_generator_py/unique_identifier_msgs/_unique_identifier_msgs_s.ep.rosidl_typesupport_introspection_c.c.o[0m
[6.443s] [ 87%] [32mBuilding C object CMakeFiles/unique_identifier_msgs__rosidl_typesupport_c__pyext.dir/rosidl_generator_py/unique_identifier_msgs/_unique_identifier_msgs_s.ep.rosidl_typesupport_c.c.o[0m
[6.459s] [ 89%] [32mBuilding C object CMakeFiles/unique_identifier_msgs__rosidl_typesupport_fastrtps_c__pyext.dir/rosidl_generator_py/unique_identifier_msgs/_unique_identifier_msgs_s.ep.rosidl_typesupport_fastrtps_c.c.o[0m
[6.595s] [ 92%] [32m[1mLinking C shared library rosidl_generator_py/unique_identifier_msgs/unique_identifier_msgs_s__rosidl_typesupport_microxrcedds_c.cpython-310-x86_64-linux-gnu.so[0m
[6.600s] [ 94%] [32m[1mLinking C shared library rosidl_generator_py/unique_identifier_msgs/unique_identifier_msgs_s__rosidl_typesupport_c.cpython-310-x86_64-linux-gnu.so[0m
[6.609s] [ 97%] [32m[1mLinking C shared library rosidl_generator_py/unique_identifier_msgs/unique_identifier_msgs_s__rosidl_typesupport_fastrtps_c.cpython-310-x86_64-linux-gnu.so[0m
[6.653s] [ 97%] Built target unique_identifier_msgs__rosidl_typesupport_microxrcedds_c__pyext
[6.668s] [100%] [32m[1mLinking C shared library rosidl_generator_py/unique_identifier_msgs/unique_identifier_msgs_s__rosidl_typesupport_introspection_c.cpython-310-x86_64-linux-gnu.so[0m
[6.673s] [100%] Built target unique_identifier_msgs__rosidl_typesupport_c__pyext
[6.697s] [100%] Built target unique_identifier_msgs__rosidl_typesupport_fastrtps_c__pyext
[6.719s] [100%] Built target unique_identifier_msgs__rosidl_typesupport_introspection_c__pyext
[6.744s] Invoked command in '/home/khanh/Documents/microros_ws/build/unique_identifier_msgs' returned '0': CMAKE_PREFIX_PATH=${CMAKE_PREFIX_PATH}:/opt/ros/humble /usr/bin/cmake --build /home/khanh/Documents/microros_ws/build/unique_identifier_msgs -- -j16 -l16
[7.079s] Invoking command in '/home/khanh/Documents/microros_ws/build/unique_identifier_msgs': CMAKE_PREFIX_PATH=${CMAKE_PREFIX_PATH}:/opt/ros/humble /usr/bin/cmake --install /home/khanh/Documents/microros_ws/build/unique_identifier_msgs
[7.096s] -- Install configuration: ""
[7.097s] -- Installing: /home/khanh/Documents/microros_ws/install/unique_identifier_msgs/share/ament_index/resource_index/rosidl_interfaces/unique_identifier_msgs
[7.097s] -- Installing: /home/khanh/Documents/microros_ws/install/unique_identifier_msgs/include/unique_identifier_msgs/unique_identifier_msgs
[7.097s] -- Installing: /home/khanh/Documents/microros_ws/install/unique_identifier_msgs/include/unique_identifier_msgs/unique_identifier_msgs/msg
[7.097s] -- Installing: /home/khanh/Documents/microros_ws/install/unique_identifier_msgs/include/unique_identifier_msgs/unique_identifier_msgs/msg/uuid.h
[7.097s] -- Installing: /home/khanh/Documents/microros_ws/install/unique_identifier_msgs/include/unique_identifier_msgs/unique_identifier_msgs/msg/rosidl_generator_c__visibility_control.h
[7.098s] -- Installing: /home/khanh/Documents/microros_ws/install/unique_identifier_msgs/include/unique_identifier_msgs/unique_identifier_msgs/msg/detail
[7.098s] -- Installing: /home/khanh/Documents/microros_ws/install/unique_identifier_msgs/include/unique_identifier_msgs/unique_identifier_msgs/msg/detail/uuid__struct.h
[7.098s] -- Installing: /home/khanh/Documents/microros_ws/install/unique_identifier_msgs/include/unique_identifier_msgs/unique_identifier_msgs/msg/detail/uuid__functions.h
[7.098s] -- Installing: /home/khanh/Documents/microros_ws/install/unique_identifier_msgs/include/unique_identifier_msgs/unique_identifier_msgs/msg/detail/uuid__type_support.h
[7.099s] -- Installing: /home/khanh/Documents/microros_ws/install/unique_identifier_msgs/include/unique_identifier_msgs/unique_identifier_msgs/msg/detail/uuid__functions.c
[7.099s] -- Installing: /home/khanh/Documents/microros_ws/install/unique_identifier_msgs/share/unique_identifier_msgs/environment/library_path.sh
[7.099s] -- Installing: /home/khanh/Documents/microros_ws/install/unique_identifier_msgs/share/unique_identifier_msgs/environment/library_path.dsv
[7.099s] -- Installing: /home/khanh/Documents/microros_ws/install/unique_identifier_msgs/lib/libunique_identifier_msgs__rosidl_generator_c.so
[7.100s] -- Set runtime path of "/home/khanh/Documents/microros_ws/install/unique_identifier_msgs/lib/libunique_identifier_msgs__rosidl_generator_c.so" to ""
[7.100s] -- Up-to-date: /home/khanh/Documents/microros_ws/install/unique_identifier_msgs/include/unique_identifier_msgs
[7.100s] -- Installing: /home/khanh/Documents/microros_ws/install/unique_identifier_msgs/include/unique_identifier_msgs/msg
[7.100s] -- Installing: /home/khanh/Documents/microros_ws/install/unique_identifier_msgs/include/unique_identifier_msgs/msg/rosidl_typesupport_microxrcedds_c__visibility_control.h
[7.101s] -- Installing: /home/khanh/Documents/microros_ws/install/unique_identifier_msgs/include/unique_identifier_msgs/msg/detail
[7.101s] -- Installing: /home/khanh/Documents/microros_ws/install/unique_identifier_msgs/include/unique_identifier_msgs/msg/detail/uuid__rosidl_typesupport_microxrcedds_c.h
[7.101s] -- Installing: /home/khanh/Documents/microros_ws/install/unique_identifier_msgs/include/unique_identifier_msgs/msg/detail/microxrcedds
[7.101s] -- Installing: /home/khanh/Documents/microros_ws/install/unique_identifier_msgs/lib/libunique_identifier_msgs__rosidl_typesupport_microxrcedds_c.so
[7.102s] -- Set runtime path of "/home/khanh/Documents/microros_ws/install/unique_identifier_msgs/lib/libunique_identifier_msgs__rosidl_typesupport_microxrcedds_c.so" to ""
[7.102s] -- Up-to-date: /home/khanh/Documents/microros_ws/install/unique_identifier_msgs/include/unique_identifier_msgs/unique_identifier_msgs
[7.102s] -- Up-to-date: /home/khanh/Documents/microros_ws/install/unique_identifier_msgs/include/unique_identifier_msgs/unique_identifier_msgs/msg
[7.102s] -- Installing: /home/khanh/Documents/microros_ws/install/unique_identifier_msgs/include/unique_identifier_msgs/unique_identifier_msgs/msg/rosidl_typesupport_fastrtps_c__visibility_control.h
[7.102s] -- Up-to-date: /home/khanh/Documents/microros_ws/install/unique_identifier_msgs/include/unique_identifier_msgs/unique_identifier_msgs/msg/detail
[7.102s] -- Installing: /home/khanh/Documents/microros_ws/install/unique_identifier_msgs/include/unique_identifier_msgs/unique_identifier_msgs/msg/detail/uuid__rosidl_typesupport_fastrtps_c.h
[7.103s] -- Installing: /home/khanh/Documents/microros_ws/install/unique_identifier_msgs/lib/libunique_identifier_msgs__rosidl_typesupport_fastrtps_c.so
[7.103s] -- Set runtime path of "/home/khanh/Documents/microros_ws/install/unique_identifier_msgs/lib/libunique_identifier_msgs__rosidl_typesupport_fastrtps_c.so" to ""
[7.103s] -- Up-to-date: /home/khanh/Documents/microros_ws/install/unique_identifier_msgs/include/unique_identifier_msgs/unique_identifier_msgs
[7.103s] -- Up-to-date: /home/khanh/Documents/microros_ws/install/unique_identifier_msgs/include/unique_identifier_msgs/unique_identifier_msgs/msg
[7.104s] -- Up-to-date: /home/khanh/Documents/microros_ws/install/unique_identifier_msgs/include/unique_identifier_msgs/unique_identifier_msgs/msg/detail
[7.104s] -- Installing: /home/khanh/Documents/microros_ws/install/unique_identifier_msgs/include/unique_identifier_msgs/unique_identifier_msgs/msg/detail/uuid__type_support.c
[7.104s] -- Installing: /home/khanh/Documents/microros_ws/install/unique_identifier_msgs/include/unique_identifier_msgs/unique_identifier_msgs/msg/detail/uuid__rosidl_typesupport_introspection_c.h
[7.104s] -- Installing: /home/khanh/Documents/microros_ws/install/unique_identifier_msgs/include/unique_identifier_msgs/unique_identifier_msgs/msg/rosidl_typesupport_introspection_c__visibility_control.h
[7.104s] -- Installing: /home/khanh/Documents/microros_ws/install/unique_identifier_msgs/lib/libunique_identifier_msgs__rosidl_typesupport_introspection_c.so
[7.105s] -- Set runtime path of "/home/khanh/Documents/microros_ws/install/unique_identifier_msgs/lib/libunique_identifier_msgs__rosidl_typesupport_introspection_c.so" to ""
[7.105s] -- Installing: /home/khanh/Documents/microros_ws/install/unique_identifier_msgs/lib/libunique_identifier_msgs__rosidl_typesupport_c.so
[7.106s] -- Set runtime path of "/home/khanh/Documents/microros_ws/install/unique_identifier_msgs/lib/libunique_identifier_msgs__rosidl_typesupport_c.so" to ""
[7.106s] -- Up-to-date: /home/khanh/Documents/microros_ws/install/unique_identifier_msgs/include/unique_identifier_msgs/unique_identifier_msgs
[7.106s] -- Up-to-date: /home/khanh/Documents/microros_ws/install/unique_identifier_msgs/include/unique_identifier_msgs/unique_identifier_msgs/msg
[7.106s] -- Installing: /home/khanh/Documents/microros_ws/install/unique_identifier_msgs/include/unique_identifier_msgs/unique_identifier_msgs/msg/uuid.hpp
[7.106s] -- Up-to-date: /home/khanh/Documents/microros_ws/install/unique_identifier_msgs/include/unique_identifier_msgs/unique_identifier_msgs/msg/detail
[7.106s] -- Installing: /home/khanh/Documents/microros_ws/install/unique_identifier_msgs/include/unique_identifier_msgs/unique_identifier_msgs/msg/detail/uuid__struct.hpp
[7.106s] -- Installing: /home/khanh/Documents/microros_ws/install/unique_identifier_msgs/include/unique_identifier_msgs/unique_identifier_msgs/msg/detail/uuid__builder.hpp
[7.107s] -- Installing: /home/khanh/Documents/microros_ws/install/unique_identifier_msgs/include/unique_identifier_msgs/unique_identifier_msgs/msg/detail/uuid__traits.hpp
[7.107s] -- Up-to-date: /home/khanh/Documents/microros_ws/install/unique_identifier_msgs/include/unique_identifier_msgs
[7.107s] -- Up-to-date: /home/khanh/Documents/microros_ws/install/unique_identifier_msgs/include/unique_identifier_msgs/msg
[7.112s] -- Up-to-date: /home/khanh/Documents/microros_ws/install/unique_identifier_msgs/include/unique_identifier_msgs/msg/detail
[7.112s] -- Installing: /home/khanh/Documents/microros_ws/install/unique_identifier_msgs/include/unique_identifier_msgs/msg/detail/uuid__rosidl_typesupport_microxrcedds_cpp.hpp
[7.112s] -- Up-to-date: /home/khanh/Documents/microros_ws/install/unique_identifier_msgs/include/unique_identifier_msgs/msg/detail/microxrcedds
[7.113s] -- Installing: /home/khanh/Documents/microros_ws/install/unique_identifier_msgs/include/unique_identifier_msgs/msg/detail/microxrcedds/uuid__type_support_cpp.cpp
[7.113s] -- Installing: /home/khanh/Documents/microros_ws/install/unique_identifier_msgs/include/unique_identifier_msgs/msg/rosidl_typesupport_microxrcedds_cpp__visibility_control.h
[7.113s] -- Installing: /home/khanh/Documents/microros_ws/install/unique_identifier_msgs/lib/libunique_identifier_msgs__rosidl_typesupport_microxrcedds_cpp.so
[7.113s] -- Set runtime path of "/home/khanh/Documents/microros_ws/install/unique_identifier_msgs/lib/libunique_identifier_msgs__rosidl_typesupport_microxrcedds_cpp.so" to ""
[7.113s] -- Up-to-date: /home/khanh/Documents/microros_ws/install/unique_identifier_msgs/include/unique_identifier_msgs/unique_identifier_msgs
[7.113s] -- Up-to-date: /home/khanh/Documents/microros_ws/install/unique_identifier_msgs/include/unique_identifier_msgs/unique_identifier_msgs/msg
[7.114s] -- Installing: /home/khanh/Documents/microros_ws/install/unique_identifier_msgs/include/unique_identifier_msgs/unique_identifier_msgs/msg/rosidl_typesupport_fastrtps_cpp__visibility_control.h
[7.114s] -- Up-to-date: /home/khanh/Documents/microros_ws/install/unique_identifier_msgs/include/unique_identifier_msgs/unique_identifier_msgs/msg/detail
[7.114s] -- Installing: /home/khanh/Documents/microros_ws/install/unique_identifier_msgs/include/unique_identifier_msgs/unique_identifier_msgs/msg/detail/uuid__rosidl_typesupport_fastrtps_cpp.hpp
[7.114s] -- Installing: /home/khanh/Documents/microros_ws/install/unique_identifier_msgs/include/unique_identifier_msgs/unique_identifier_msgs/msg/detail/dds_fastrtps
[7.114s] -- Installing: /home/khanh/Documents/microros_ws/install/unique_identifier_msgs/lib/libunique_identifier_msgs__rosidl_typesupport_fastrtps_cpp.so
[7.114s] -- Set runtime path of "/home/khanh/Documents/microros_ws/install/unique_identifier_msgs/lib/libunique_identifier_msgs__rosidl_typesupport_fastrtps_cpp.so" to ""
[7.115s] -- Up-to-date: /home/khanh/Documents/microros_ws/install/unique_identifier_msgs/include/unique_identifier_msgs/unique_identifier_msgs
[7.115s] -- Up-to-date: /home/khanh/Documents/microros_ws/install/unique_identifier_msgs/include/unique_identifier_msgs/unique_identifier_msgs/msg
[7.115s] -- Up-to-date: /home/khanh/Documents/microros_ws/install/unique_identifier_msgs/include/unique_identifier_msgs/unique_identifier_msgs/msg/detail
[7.115s] -- Installing: /home/khanh/Documents/microros_ws/install/unique_identifier_msgs/include/unique_identifier_msgs/unique_identifier_msgs/msg/detail/uuid__rosidl_typesupport_introspection_cpp.hpp
[7.115s] -- Installing: /home/khanh/Documents/microros_ws/install/unique_identifier_msgs/include/unique_identifier_msgs/unique_identifier_msgs/msg/detail/uuid__type_support.cpp
[7.115s] -- Installing: /home/khanh/Documents/microros_ws/install/unique_identifier_msgs/lib/libunique_identifier_msgs__rosidl_typesupport_introspection_cpp.so
[7.115s] -- Set runtime path of "/home/khanh/Documents/microros_ws/install/unique_identifier_msgs/lib/libunique_identifier_msgs__rosidl_typesupport_introspection_cpp.so" to ""
[7.115s] -- Installing: /home/khanh/Documents/microros_ws/install/unique_identifier_msgs/lib/libunique_identifier_msgs__rosidl_typesupport_cpp.so
[7.116s] -- Set runtime path of "/home/khanh/Documents/microros_ws/install/unique_identifier_msgs/lib/libunique_identifier_msgs__rosidl_typesupport_cpp.so" to ""
[7.116s] -- Installing: /home/khanh/Documents/microros_ws/install/unique_identifier_msgs/share/unique_identifier_msgs/environment/pythonpath.sh
[7.116s] -- Installing: /home/khanh/Documents/microros_ws/install/unique_identifier_msgs/share/unique_identifier_msgs/environment/pythonpath.dsv
[7.116s] -- Installing: /home/khanh/Documents/microros_ws/install/unique_identifier_msgs/local/lib/python3.10/dist-packages/unique_identifier_msgs-2.2.1-py3.10.egg-info
[7.116s] -- Installing: /home/khanh/Documents/microros_ws/install/unique_identifier_msgs/local/lib/python3.10/dist-packages/unique_identifier_msgs-2.2.1-py3.10.egg-info/PKG-INFO
[7.116s] -- Installing: /home/khanh/Documents/microros_ws/install/unique_identifier_msgs/local/lib/python3.10/dist-packages/unique_identifier_msgs-2.2.1-py3.10.egg-info/dependency_links.txt
[7.116s] -- Installing: /home/khanh/Documents/microros_ws/install/unique_identifier_msgs/local/lib/python3.10/dist-packages/unique_identifier_msgs-2.2.1-py3.10.egg-info/top_level.txt
[7.117s] -- Installing: /home/khanh/Documents/microros_ws/install/unique_identifier_msgs/local/lib/python3.10/dist-packages/unique_identifier_msgs-2.2.1-py3.10.egg-info/SOURCES.txt
[7.117s] -- Installing: /home/khanh/Documents/microros_ws/install/unique_identifier_msgs/local/lib/python3.10/dist-packages/unique_identifier_msgs
[7.117s] -- Installing: /home/khanh/Documents/microros_ws/install/unique_identifier_msgs/local/lib/python3.10/dist-packages/unique_identifier_msgs/libunique_identifier_msgs__rosidl_generator_py.so
[7.117s] -- Installing: /home/khanh/Documents/microros_ws/install/unique_identifier_msgs/local/lib/python3.10/dist-packages/unique_identifier_msgs/_unique_identifier_msgs_s.ep.rosidl_typesupport_fastrtps_c.c
[7.117s] -- Installing: /home/khanh/Documents/microros_ws/install/unique_identifier_msgs/local/lib/python3.10/dist-packages/unique_identifier_msgs/unique_identifier_msgs_s__rosidl_typesupport_introspection_c.cpython-310-x86_64-linux-gnu.so
[7.117s] -- Installing: /home/khanh/Documents/microros_ws/install/unique_identifier_msgs/local/lib/python3.10/dist-packages/unique_identifier_msgs/_unique_identifier_msgs_s.ep.rosidl_typesupport_microxrcedds_c.c
[7.118s] -- Installing: /home/khanh/Documents/microros_ws/install/unique_identifier_msgs/local/lib/python3.10/dist-packages/unique_identifier_msgs/unique_identifier_msgs_s__rosidl_typesupport_fastrtps_c.cpython-310-x86_64-linux-gnu.so
[7.118s] -- Installing: /home/khanh/Documents/microros_ws/install/unique_identifier_msgs/local/lib/python3.10/dist-packages/unique_identifier_msgs/msg
[7.118s] -- Installing: /home/khanh/Documents/microros_ws/install/unique_identifier_msgs/local/lib/python3.10/dist-packages/unique_identifier_msgs/msg/_uuid_s.c
[7.118s] -- Installing: /home/khanh/Documents/microros_ws/install/unique_identifier_msgs/local/lib/python3.10/dist-packages/unique_identifier_msgs/msg/_uuid.py
[7.118s] -- Installing: /home/khanh/Documents/microros_ws/install/unique_identifier_msgs/local/lib/python3.10/dist-packages/unique_identifier_msgs/msg/__init__.py
[7.118s] -- Installing: /home/khanh/Documents/microros_ws/install/unique_identifier_msgs/local/lib/python3.10/dist-packages/unique_identifier_msgs/unique_identifier_msgs_s__rosidl_typesupport_c.cpython-310-x86_64-linux-gnu.so
[7.118s] -- Installing: /home/khanh/Documents/microros_ws/install/unique_identifier_msgs/local/lib/python3.10/dist-packages/unique_identifier_msgs/unique_identifier_msgs_s__rosidl_typesupport_microxrcedds_c.cpython-310-x86_64-linux-gnu.so
[7.118s] -- Installing: /home/khanh/Documents/microros_ws/install/unique_identifier_msgs/local/lib/python3.10/dist-packages/unique_identifier_msgs/_unique_identifier_msgs_s.ep.rosidl_typesupport_c.c
[7.118s] -- Installing: /home/khanh/Documents/microros_ws/install/unique_identifier_msgs/local/lib/python3.10/dist-packages/unique_identifier_msgs/_unique_identifier_msgs_s.ep.rosidl_typesupport_introspection_c.c
[7.119s] -- Installing: /home/khanh/Documents/microros_ws/install/unique_identifier_msgs/local/lib/python3.10/dist-packages/unique_identifier_msgs/__init__.py
[7.174s] Listing '/home/khanh/Documents/microros_ws/install/unique_identifier_msgs/local/lib/python3.10/dist-packages/unique_identifier_msgs'...
[7.174s] Compiling '/home/khanh/Documents/microros_ws/install/unique_identifier_msgs/local/lib/python3.10/dist-packages/unique_identifier_msgs/__init__.py'...
[7.174s] Listing '/home/khanh/Documents/microros_ws/install/unique_identifier_msgs/local/lib/python3.10/dist-packages/unique_identifier_msgs/msg'...
[7.175s] Compiling '/home/khanh/Documents/microros_ws/install/unique_identifier_msgs/local/lib/python3.10/dist-packages/unique_identifier_msgs/msg/__init__.py'...
[7.175s] Compiling '/home/khanh/Documents/microros_ws/install/unique_identifier_msgs/local/lib/python3.10/dist-packages/unique_identifier_msgs/msg/_uuid.py'...
[7.183s] -- Installing: /home/khanh/Documents/microros_ws/install/unique_identifier_msgs/local/lib/python3.10/dist-packages/unique_identifier_msgs/unique_identifier_msgs_s__rosidl_typesupport_microxrcedds_c.cpython-310-x86_64-linux-gnu.so
[7.183s] -- Set runtime path of "/home/khanh/Documents/microros_ws/install/unique_identifier_msgs/local/lib/python3.10/dist-packages/unique_identifier_msgs/unique_identifier_msgs_s__rosidl_typesupport_microxrcedds_c.cpython-310-x86_64-linux-gnu.so" to ""
[7.184s] -- Installing: /home/khanh/Documents/microros_ws/install/unique_identifier_msgs/local/lib/python3.10/dist-packages/unique_identifier_msgs/unique_identifier_msgs_s__rosidl_typesupport_fastrtps_c.cpython-310-x86_64-linux-gnu.so
[7.184s] -- Set runtime path of "/home/khanh/Documents/microros_ws/install/unique_identifier_msgs/local/lib/python3.10/dist-packages/unique_identifier_msgs/unique_identifier_msgs_s__rosidl_typesupport_fastrtps_c.cpython-310-x86_64-linux-gnu.so" to ""
[7.184s] -- Installing: /home/khanh/Documents/microros_ws/install/unique_identifier_msgs/local/lib/python3.10/dist-packages/unique_identifier_msgs/unique_identifier_msgs_s__rosidl_typesupport_introspection_c.cpython-310-x86_64-linux-gnu.so
[7.185s] -- Set runtime path of "/home/khanh/Documents/microros_ws/install/unique_identifier_msgs/local/lib/python3.10/dist-packages/unique_identifier_msgs/unique_identifier_msgs_s__rosidl_typesupport_introspection_c.cpython-310-x86_64-linux-gnu.so" to ""
[7.185s] -- Installing: /home/khanh/Documents/microros_ws/install/unique_identifier_msgs/local/lib/python3.10/dist-packages/unique_identifier_msgs/unique_identifier_msgs_s__rosidl_typesupport_c.cpython-310-x86_64-linux-gnu.so
[7.186s] -- Set runtime path of "/home/khanh/Documents/microros_ws/install/unique_identifier_msgs/local/lib/python3.10/dist-packages/unique_identifier_msgs/unique_identifier_msgs_s__rosidl_typesupport_c.cpython-310-x86_64-linux-gnu.so" to ""
[7.186s] -- Installing: /home/khanh/Documents/microros_ws/install/unique_identifier_msgs/lib/libunique_identifier_msgs__rosidl_generator_py.so
[7.187s] -- Set runtime path of "/home/khanh/Documents/microros_ws/install/unique_identifier_msgs/lib/libunique_identifier_msgs__rosidl_generator_py.so" to ""
[7.187s] -- Installing: /home/khanh/Documents/microros_ws/install/unique_identifier_msgs/share/unique_identifier_msgs/msg/UUID.idl
[7.187s] -- Installing: /home/khanh/Documents/microros_ws/install/unique_identifier_msgs/share/unique_identifier_msgs/msg/UUID.msg
[7.187s] -- Installing: /home/khanh/Documents/microros_ws/install/unique_identifier_msgs/share/ament_index/resource_index/package_run_dependencies/unique_identifier_msgs
[7.188s] -- Installing: /home/khanh/Documents/microros_ws/install/unique_identifier_msgs/share/ament_index/resource_index/parent_prefix_path/unique_identifier_msgs
[7.188s] -- Installing: /home/khanh/Documents/microros_ws/install/unique_identifier_msgs/share/unique_identifier_msgs/environment/ament_prefix_path.sh
[7.188s] -- Installing: /home/khanh/Documents/microros_ws/install/unique_identifier_msgs/share/unique_identifier_msgs/environment/ament_prefix_path.dsv
[7.189s] -- Installing: /home/khanh/Documents/microros_ws/install/unique_identifier_msgs/share/unique_identifier_msgs/environment/path.sh
[7.189s] -- Installing: /home/khanh/Documents/microros_ws/install/unique_identifier_msgs/share/unique_identifier_msgs/environment/path.dsv
[7.189s] -- Installing: /home/khanh/Documents/microros_ws/install/unique_identifier_msgs/share/unique_identifier_msgs/local_setup.bash
[7.190s] -- Installing: /home/khanh/Documents/microros_ws/install/unique_identifier_msgs/share/unique_identifier_msgs/local_setup.sh
[7.190s] -- Installing: /home/khanh/Documents/microros_ws/install/unique_identifier_msgs/share/unique_identifier_msgs/local_setup.zsh
[7.191s] -- Installing: /home/khanh/Documents/microros_ws/install/unique_identifier_msgs/share/unique_identifier_msgs/local_setup.dsv
[7.191s] -- Installing: /home/khanh/Documents/microros_ws/install/unique_identifier_msgs/share/unique_identifier_msgs/package.dsv
[7.192s] -- Installing: /home/khanh/Documents/microros_ws/install/unique_identifier_msgs/share/ament_index/resource_index/packages/unique_identifier_msgs
[7.193s] -- Installing: /home/khanh/Documents/microros_ws/install/unique_identifier_msgs/share/unique_identifier_msgs/cmake/export_unique_identifier_msgs__rosidl_generator_cExport.cmake
[7.195s] -- Installing: /home/khanh/Documents/microros_ws/install/unique_identifier_msgs/share/unique_identifier_msgs/cmake/export_unique_identifier_msgs__rosidl_generator_cExport-noconfig.cmake
[7.195s] -- Installing: /home/khanh/Documents/microros_ws/install/unique_identifier_msgs/share/unique_identifier_msgs/cmake/export_unique_identifier_msgs__rosidl_typesupport_fastrtps_cExport.cmake
[7.196s] -- Installing: /home/khanh/Documents/microros_ws/install/unique_identifier_msgs/share/unique_identifier_msgs/cmake/export_unique_identifier_msgs__rosidl_typesupport_fastrtps_cExport-noconfig.cmake
[7.196s] -- Installing: /home/khanh/Documents/microros_ws/install/unique_identifier_msgs/share/unique_identifier_msgs/cmake/unique_identifier_msgs__rosidl_typesupport_introspection_cExport.cmake
[7.196s] -- Installing: /home/khanh/Documents/microros_ws/install/unique_identifier_msgs/share/unique_identifier_msgs/cmake/unique_identifier_msgs__rosidl_typesupport_introspection_cExport-noconfig.cmake
[7.196s] -- Installing: /home/khanh/Documents/microros_ws/install/unique_identifier_msgs/share/unique_identifier_msgs/cmake/unique_identifier_msgs__rosidl_typesupport_cExport.cmake
[7.196s] -- Installing: /home/khanh/Documents/microros_ws/install/unique_identifier_msgs/share/unique_identifier_msgs/cmake/unique_identifier_msgs__rosidl_typesupport_cExport-noconfig.cmake
[7.196s] -- Installing: /home/khanh/Documents/microros_ws/install/unique_identifier_msgs/share/unique_identifier_msgs/cmake/export_unique_identifier_msgs__rosidl_generator_cppExport.cmake
[7.196s] -- Installing: /home/khanh/Documents/microros_ws/install/unique_identifier_msgs/share/unique_identifier_msgs/cmake/export_unique_identifier_msgs__rosidl_typesupport_fastrtps_cppExport.cmake
[7.196s] -- Installing: /home/khanh/Documents/microros_ws/install/unique_identifier_msgs/share/unique_identifier_msgs/cmake/export_unique_identifier_msgs__rosidl_typesupport_fastrtps_cppExport-noconfig.cmake
[7.197s] -- Installing: /home/khanh/Documents/microros_ws/install/unique_identifier_msgs/share/unique_identifier_msgs/cmake/unique_identifier_msgs__rosidl_typesupport_introspection_cppExport.cmake
[7.197s] -- Installing: /home/khanh/Documents/microros_ws/install/unique_identifier_msgs/share/unique_identifier_msgs/cmake/unique_identifier_msgs__rosidl_typesupport_introspection_cppExport-noconfig.cmake
[7.197s] -- Installing: /home/khanh/Documents/microros_ws/install/unique_identifier_msgs/share/unique_identifier_msgs/cmake/unique_identifier_msgs__rosidl_typesupport_cppExport.cmake
[7.197s] -- Installing: /home/khanh/Documents/microros_ws/install/unique_identifier_msgs/share/unique_identifier_msgs/cmake/unique_identifier_msgs__rosidl_typesupport_cppExport-noconfig.cmake
[7.197s] -- Installing: /home/khanh/Documents/microros_ws/install/unique_identifier_msgs/share/unique_identifier_msgs/cmake/export_unique_identifier_msgs__rosidl_generator_pyExport.cmake
[7.197s] -- Installing: /home/khanh/Documents/microros_ws/install/unique_identifier_msgs/share/unique_identifier_msgs/cmake/export_unique_identifier_msgs__rosidl_generator_pyExport-noconfig.cmake
[7.197s] -- Installing: /home/khanh/Documents/microros_ws/install/unique_identifier_msgs/share/unique_identifier_msgs/cmake/rosidl_cmake-extras.cmake
[7.198s] -- Installing: /home/khanh/Documents/microros_ws/install/unique_identifier_msgs/share/unique_identifier_msgs/cmake/ament_cmake_export_include_directories-extras.cmake
[7.198s] -- Installing: /home/khanh/Documents/microros_ws/install/unique_identifier_msgs/share/unique_identifier_msgs/cmake/ament_cmake_export_libraries-extras.cmake
[7.198s] -- Installing: /home/khanh/Documents/microros_ws/install/unique_identifier_msgs/share/unique_identifier_msgs/cmake/ament_cmake_export_targets-extras.cmake
[7.198s] -- Installing: /home/khanh/Documents/microros_ws/install/unique_identifier_msgs/share/unique_identifier_msgs/cmake/rosidl_cmake_export_typesupport_targets-extras.cmake
[7.198s] -- Installing: /home/khanh/Documents/microros_ws/install/unique_identifier_msgs/share/unique_identifier_msgs/cmake/ament_cmake_export_dependencies-extras.cmake
[7.198s] -- Installing: /home/khanh/Documents/microros_ws/install/unique_identifier_msgs/share/unique_identifier_msgs/cmake/rosidl_cmake_export_typesupport_libraries-extras.cmake
[7.199s] -- Installing: /home/khanh/Documents/microros_ws/install/unique_identifier_msgs/share/unique_identifier_msgs/cmake/unique_identifier_msgsConfig.cmake
[7.199s] -- Installing: /home/khanh/Documents/microros_ws/install/unique_identifier_msgs/share/unique_identifier_msgs/cmake/unique_identifier_msgsConfig-version.cmake
[7.199s] -- Installing: /home/khanh/Documents/microros_ws/install/unique_identifier_msgs/share/unique_identifier_msgs/package.xml
[7.199s] -- Installing: /home/khanh/Documents/microros_ws/install/unique_identifier_msgs/share/unique_identifier_msgs/mapping_rules.yaml
[7.204s] Invoked command in '/home/khanh/Documents/microros_ws/build/unique_identifier_msgs' returned '0': CMAKE_PREFIX_PATH=${CMAKE_PREFIX_PATH}:/opt/ros/humble /usr/bin/cmake --install /home/khanh/Documents/microros_ws/build/unique_identifier_msgs
