[0.000000] (-) TimerEvent: {}
[0.000307] (-) JobUnselected: {'identifier': 'astra_camera'}
[0.000343] (-) JobUnselected: {'identifier': 'astra_camera_msgs'}
[0.000579] (-) JobUnselected: {'identifier': 'br2_basics'}
[0.000700] (-) JobUnselected: {'identifier': 'br2_bt_bumpgo'}
[0.000768] (-) JobUnselected: {'identifier': 'br2_bt_patrolling'}
[0.000800] (-) JobUnselected: {'identifier': 'br2_fsm_bumpgo_cpp'}
[0.000860] (-) JobUnselected: {'identifier': 'br2_fsm_bumpgo_py'}
[0.000898] (-) JobUnselected: {'identifier': 'br2_navigation'}
[0.000952] (-) JobUnselected: {'identifier': 'br2_tf2_detector'}
[0.000990] (-) JobUnselected: {'identifier': 'br2_tiago'}
[0.001037] (-) JobUnselected: {'identifier': 'br2_tracking'}
[0.001067] (-) JobUnselected: {'identifier': 'br2_tracking_msgs'}
[0.001112] (-) JobUnselected: {'identifier': 'br2_vff_avoidance'}
[0.001127] (-) JobUnselected: {'identifier': 'camera_calibration'}
[0.001147] (-) JobUnselected: {'identifier': 'depth_image_proc'}
[0.001175] (-) JobUnselected: {'identifier': 'groot'}
[0.001218] (-) JobUnselected: {'identifier': 'hey5_description'}
[0.001245] (-) JobUnselected: {'identifier': 'image_pipeline'}
[0.001292] (-) JobUnselected: {'identifier': 'image_proc'}
[0.001322] (-) JobUnselected: {'identifier': 'image_publisher'}
[0.001368] (-) JobUnselected: {'identifier': 'image_rotate'}
[0.001427] (-) JobUnselected: {'identifier': 'image_view'}
[0.001443] (-) JobUnselected: {'identifier': 'launch_pal'}
[0.001463] (-) JobUnselected: {'identifier': 'learning_tf2_py'}
[0.001500] (-) JobUnselected: {'identifier': 'my_robot_controller'}
[0.001539] (-) JobUnselected: {'identifier': 'pal_gazebo_worlds'}
[0.001564] (-) JobUnselected: {'identifier': 'pal_gripper'}
[0.001609] (-) JobUnselected: {'identifier': 'pal_gripper_controller_configuration'}
[0.001638] (-) JobUnselected: {'identifier': 'pal_gripper_description'}
[0.001686] (-) JobUnselected: {'identifier': 'pmb2_2dnav'}
[0.001704] (-) JobUnselected: {'identifier': 'pmb2_bringup'}
[0.001718] (-) JobUnselected: {'identifier': 'pmb2_controller_configuration'}
[0.001735] (-) JobUnselected: {'identifier': 'pmb2_description'}
[0.001765] (-) JobUnselected: {'identifier': 'pmb2_laser_sensors'}
[0.001815] (-) JobUnselected: {'identifier': 'pmb2_maps'}
[0.001868] (-) JobUnselected: {'identifier': 'pmb2_navigation'}
[0.001892] (-) JobUnselected: {'identifier': 'pmb2_robot'}
[0.001916] (-) JobUnselected: {'identifier': 'rf2o_laser_odometry'}
[0.001951] (-) JobUnselected: {'identifier': 'rplidar_ros'}
[0.001976] (-) JobUnselected: {'identifier': 'rtabmap'}
[0.002019] (-) JobUnselected: {'identifier': 'rtabmap_conversions'}
[0.002033] (-) JobUnselected: {'identifier': 'rtabmap_demos'}
[0.002047] (-) JobUnselected: {'identifier': 'rtabmap_examples'}
[0.002062] (-) JobUnselected: {'identifier': 'rtabmap_launch'}
[0.002084] (-) JobUnselected: {'identifier': 'rtabmap_msgs'}
[0.002127] (-) JobUnselected: {'identifier': 'rtabmap_odom'}
[0.002151] (-) JobUnselected: {'identifier': 'rtabmap_python'}
[0.002194] (-) JobUnselected: {'identifier': 'rtabmap_ros'}
[0.002249] (-) JobUnselected: {'identifier': 'rtabmap_rviz_plugins'}
[0.002264] (-) JobUnselected: {'identifier': 'rtabmap_slam'}
[0.002278] (-) JobUnselected: {'identifier': 'rtabmap_sync'}
[0.002292] (-) JobUnselected: {'identifier': 'rtabmap_util'}
[0.002314] (-) JobUnselected: {'identifier': 'rtabmap_viz'}
[0.002353] (-) JobUnselected: {'identifier': 'slam_toolbox'}
[0.002377] (-) JobUnselected: {'identifier': 'sllidar_ros2'}
[0.002419] (-) JobUnselected: {'identifier': 'stereo_image_proc'}
[0.002446] (-) JobUnselected: {'identifier': 'tiago_2dnav'}
[0.002488] (-) JobUnselected: {'identifier': 'tiago_bringup'}
[0.002502] (-) JobUnselected: {'identifier': 'tiago_controller_configuration'}
[0.002515] (-) JobUnselected: {'identifier': 'tiago_description'}
[0.002530] (-) JobUnselected: {'identifier': 'tiago_gazebo'}
[0.002552] (-) JobUnselected: {'identifier': 'tiago_laser_sensors'}
[0.002567] (-) JobUnselected: {'identifier': 'tiago_moveit_config'}
[0.002630] (-) JobUnselected: {'identifier': 'tiago_navigation'}
[0.002678] (-) JobUnselected: {'identifier': 'tiago_robot'}
[0.002721] (-) JobUnselected: {'identifier': 'tracetools_image_pipeline'}
[0.002736] (-) JobUnselected: {'identifier': 'tutourial_intefaces'}
[0.002749] (-) JobUnselected: {'identifier': 'urdf_test'}
[0.002767] (tiago_simulation) JobQueued: {'identifier': 'tiago_simulation', 'dependencies': OrderedDict([('launch_pal', '/SLAM/ros_ws/install/launch_pal'), ('pal_gazebo_worlds', '/SLAM/ros_ws/install/pal_gazebo_worlds'), ('pal_gripper_controller_configuration', '/SLAM/ros_ws/install/pal_gripper_controller_configuration'), ('pmb2_laser_sensors', '/SLAM/ros_ws/install/pmb2_laser_sensors'), ('pmb2_maps', '/SLAM/ros_ws/install/pmb2_maps'), ('pal_gripper_description', '/SLAM/ros_ws/install/pal_gripper_description'), ('pmb2_2dnav', '/SLAM/ros_ws/install/pmb2_2dnav'), ('pmb2_controller_configuration', '/SLAM/ros_ws/install/pmb2_controller_configuration'), ('tiago_controller_configuration', '/SLAM/ros_ws/install/tiago_controller_configuration'), ('pmb2_description', '/SLAM/ros_ws/install/pmb2_description'), ('tiago_2dnav', '/SLAM/ros_ws/install/tiago_2dnav'), ('tiago_description', '/SLAM/ros_ws/install/tiago_description'), ('tiago_bringup', '/SLAM/ros_ws/install/tiago_bringup'), ('tiago_moveit_config', '/SLAM/ros_ws/install/tiago_moveit_config'), ('tiago_gazebo', '/SLAM/ros_ws/install/tiago_gazebo')])}
[0.002817] (tiago_simulation) JobStarted: {'identifier': 'tiago_simulation'}
[0.099697] (-) TimerEvent: {}
[0.107998] (tiago_simulation) JobProgress: {'identifier': 'tiago_simulation', 'progress': 'cmake'}
[0.108765] (tiago_simulation) JobProgress: {'identifier': 'tiago_simulation', 'progress': 'build'}
[0.109251] (tiago_simulation) Command: {'cmd': ['/usr/bin/cmake', '--build', '/SLAM/ros_ws/build/tiago_simulation', '--', '-j16', '-l16'], 'cwd': '/SLAM/ros_ws/build/tiago_simulation', 'env': OrderedDict([('HOSTNAME', 'acer'), ('ROS_PACKAGE_PATH', '/SLAM/ros_ws/install/rtabmap_msgs/share'), ('GIT_ASKPASS', '/home/ros/.vscode-server/bin/31c37ee8f63491495ac49e43b8544550fbae4533/extensions/git/dist/askpass.sh'), ('SHLVL', '2'), ('LD_LIBRARY_PATH', '/SLAM/ros_ws/install/tutourial_intefaces/lib:/SLAM/ros_ws/install/stereo_image_proc/lib:/SLAM/ros_ws/install/image_proc/lib:/SLAM/ros_ws/install/tracetools_image_pipeline/lib:/SLAM/ros_ws/install/rtabmap_slam/lib:/SLAM/ros_ws/install/rtabmap_odom/lib:/SLAM/ros_ws/install/rtabmap_util/lib:/SLAM/ros_ws/install/rtabmap_sync/lib:/SLAM/ros_ws/install/rtabmap_rviz_plugins/lib:/SLAM/ros_ws/install/rtabmap_conversions/lib:/SLAM/ros_ws/install/rtabmap_msgs/lib:/SLAM/ros_ws/install/rtabmap/lib:/SLAM/ros_ws/install/more_interfaces/lib:/SLAM/ros_ws/install/image_view/lib:/SLAM/ros_ws/install/image_rotate/lib:/SLAM/ros_ws/install/astra_camera/lib:/SLAM/ros_ws/install/image_publisher/lib:/SLAM/ros_ws/install/depth_image_proc/lib:/SLAM/ros_ws/install/br2_vff_avoidance/lib:/SLAM/ros_ws/install/br2_tracking/lib:/SLAM/ros_ws/install/br2_tracking_msgs/lib:/SLAM/ros_ws/install/br2_tf2_detector/lib:/SLAM/ros_ws/install/br2_bt_patrolling/lib:/SLAM/ros_ws/install/br2_bt_bumpgo/lib:/SLAM/ros_ws/install/astra_camera_msgs/lib:/usr/lib/x86_64-linux-gnu/gazebo-11/plugins:/opt/ros/humble/opt/rviz_ogre_vendor/lib:/opt/ros/humble/lib/x86_64-linux-gnu:/opt/ros/humble/lib'), ('BROWSER', '/home/ros/.vscode-server/bin/31c37ee8f63491495ac49e43b8544550fbae4533/bin/helpers/browser.sh'), ('HOME', '/home/ros'), ('TERM_PROGRAM_VERSION', '1.86.1'), ('VSCODE_IPC_HOOK_CLI', '/tmp/vscode-ipc-2bf07a84-4fb4-4201-ac5f-c2418e5a8c8e.sock'), ('ROS_PYTHON_VERSION', '3'), ('VSCODE_GIT_ASKPASS_MAIN', '/home/ros/.vscode-server/bin/31c37ee8f63491495ac49e43b8544550fbae4533/extensions/git/dist/askpass-main.js'), ('VSCODE_GIT_ASKPASS_NODE', '/home/ros/.vscode-server/bin/31c37ee8f63491495ac49e43b8544550fbae4533/node'), ('COLORTERM', 'truecolor'), ('REMOTE_CONTAINERS', 'true'), ('COLCON_PREFIX_PATH', '/SLAM/ros_ws/install'), ('ROS_DISTRO', 'humble'), ('REMOTE_CONTAINERS_IPC', '/tmp/vscode-remote-containers-ipc-88d07eca-1189-406e-b9c1-cf757d2d96e9.sock'), ('_', '/usr/bin/colcon'), ('ROS_VERSION', '2'), ('PKG_CONFIG_PATH', '/SLAM/ros_ws/install/rtabmap_msgs/lib/x86_64-linux-gnu/pkgconfig:/SLAM/ros_ws/install/rtabmap_msgs/lib/pkgconfig:/SLAM/ros_ws/install/rtabmap/lib/x86_64-linux-gnu/pkgconfig:/SLAM/ros_ws/install/rtabmap/lib/pkgconfig'), ('TERM', 'xterm-256color'), ('ROS_LOCALHOST_ONLY', '0'), ('PATH', '/SLAM/ros_ws/install/image_proc/bin:/SLAM/ros_ws/install/rtabmap/bin:/home/ros/.vscode-server/bin/31c37ee8f63491495ac49e43b8544550fbae4533/bin/remote-cli:/opt/ros/humble/bin:/usr/local/sbin:/usr/local/bin:/usr/sbin:/usr/bin:/sbin:/bin'), ('REMOTE_CONTAINERS_SOCKETS', '["/tmp/vscode-ssh-auth-88d07eca-1189-406e-b9c1-cf757d2d96e9.sock","/tmp/.X11-unix/X0","/home/ros/.gnupg/S.gpg-agent"]'), ('DISPLAY', ':1'), ('LANG', 'C.UTF-8'), ('VSCODE_GIT_IPC_HANDLE', '/tmp/vscode-git-8b58b44a21.sock'), ('TERM_PROGRAM', 'vscode'), ('SSH_AUTH_SOCK', '/tmp/vscode-ssh-auth-88d07eca-1189-406e-b9c1-cf757d2d96e9.sock'), ('AMENT_PREFIX_PATH', '/SLAM/ros_ws/install/launch_pal:/SLAM/ros_ws/install/urdf_test:/SLAM/ros_ws/install/tutourial_intefaces:/SLAM/ros_ws/install/image_pipeline:/SLAM/ros_ws/install/stereo_image_proc:/SLAM/ros_ws/install/image_proc:/SLAM/ros_ws/install/tracetools_image_pipeline:/SLAM/ros_ws/install/tiago_simulation:/SLAM/ros_ws/install/tiago_robot:/SLAM/ros_ws/install/tiago_navigation:/SLAM/ros_ws/install/tiago_gazebo:/SLAM/ros_ws/install/tiago_moveit_config:/SLAM/ros_ws/install/tiago_laser_sensors:/SLAM/ros_ws/install/tiago_bringup:/SLAM/ros_ws/install/tiago_description:/SLAM/ros_ws/install/tiago_controller_configuration:/SLAM/ros_ws/install/tiago_2dnav:/SLAM/ros_ws/install/sllidar_ros2:/SLAM/ros_ws/install/rtabmap_ros:/SLAM/ros_ws/install/rtabmap_launch:/SLAM/ros_ws/install/rtabmap_examples:/SLAM/ros_ws/install/rtabmap_demos:/SLAM/ros_ws/install/rtabmap_viz:/SLAM/ros_ws/install/rtabmap_slam:/SLAM/ros_ws/install/rtabmap_odom:/SLAM/ros_ws/install/rtabmap_util:/SLAM/ros_ws/install/rtabmap_sync:/SLAM/ros_ws/install/rtabmap_rviz_plugins:/SLAM/ros_ws/install/rtabmap_python:/SLAM/ros_ws/install/rtabmap_conversions:/SLAM/ros_ws/install/rplidar_ros:/SLAM/ros_ws/install/rf2o_laser_odometry:/SLAM/ros_ws/install/pmb2_robot:/SLAM/ros_ws/install/pmb2_navigation:/SLAM/ros_ws/install/pmb2_2dnav:/SLAM/ros_ws/install/pmb2_maps:/SLAM/ros_ws/install/pmb2_laser_sensors:/SLAM/ros_ws/install/pmb2_bringup:/SLAM/ros_ws/install/pmb2_description:/SLAM/ros_ws/install/pmb2_controller_configuration:/SLAM/ros_ws/install/pal_gripper:/SLAM/ros_ws/install/pal_gripper_description:/SLAM/ros_ws/install/pal_gripper_controller_configuration:/SLAM/ros_ws/install/pal_gazebo_worlds:/SLAM/ros_ws/install/my_robot_controller:/SLAM/ros_ws/install/more_interfaces:/SLAM/ros_ws/install/learning_tf2_py:/SLAM/ros_ws/install/image_rotate:/SLAM/ros_ws/install/astra_camera:/SLAM/ros_ws/install/image_publisher:/SLAM/ros_ws/install/hey5_description:/SLAM/ros_ws/install/depth_image_proc:/SLAM/ros_ws/install/cpp_srvcli:/SLAM/ros_ws/install/cpp_pubsub:/SLAM/ros_ws/install/camera_calibration:/SLAM/ros_ws/install/br2_vff_avoidance:/SLAM/ros_ws/install/br2_tracking:/SLAM/ros_ws/install/br2_tracking_msgs:/SLAM/ros_ws/install/br2_tiago:/SLAM/ros_ws/install/br2_tf2_detector:/SLAM/ros_ws/install/br2_navigation:/SLAM/ros_ws/install/br2_fsm_bumpgo_py:/SLAM/ros_ws/install/br2_fsm_bumpgo_cpp:/SLAM/ros_ws/install/br2_bt_patrolling:/SLAM/ros_ws/install/br2_bt_bumpgo:/SLAM/ros_ws/install/br2_basics:/SLAM/ros_ws/install/astra_camera_msgs:/opt/ros/humble'), ('REMOTE_CONTAINERS_DISPLAY_SOCK', '/tmp/.X11-unix/X0'), ('SHELL', '/bin/bash'), ('VSCODE_GIT_ASKPASS_EXTRA_ARGS', ''), ('PWD', '/SLAM/ros_ws/build/tiago_simulation'), ('LC_ALL', 'C.UTF-8'), ('PYTHONPATH', '/SLAM/ros_ws/build/launch_pal:/SLAM/ros_ws/install/launch_pal/lib/python3.10/site-packages:/SLAM/ros_ws/install/urdf_test/local/lib/python3.10/dist-packages:/SLAM/ros_ws/install/tutourial_intefaces/local/lib/python3.10/dist-packages:/SLAM/ros_ws/install/tiago_description/local/lib/python3.10/dist-packages:/SLAM/ros_ws/build/rtabmap_python:/SLAM/ros_ws/install/rtabmap_python/lib/python3.10/site-packages:/SLAM/ros_ws/install/rtabmap_msgs/local/lib/python3.10/dist-packages:/SLAM/ros_ws/install/pmb2_description/local/lib/python3.10/dist-packages:/SLAM/ros_ws/build/my_robot_controller:/SLAM/ros_ws/install/my_robot_controller/lib/python3.10/site-packages:/SLAM/ros_ws/install/more_interfaces/local/lib/python3.10/dist-packages:/SLAM/ros_ws/install/learning_tf2_py/lib/python3.10/site-packages:/SLAM/ros_ws/build/camera_calibration/src:/SLAM/ros_ws/install/camera_calibration/lib/python3.10/site-packages:/SLAM/ros_ws/install/br2_tracking_msgs/local/lib/python3.10/dist-packages:/SLAM/ros_ws/build/br2_fsm_bumpgo_py:/SLAM/ros_ws/install/br2_fsm_bumpgo_py/lib/python3.10/site-packages:/SLAM/ros_ws/install/astra_camera_msgs/local/lib/python3.10/dist-packages:/opt/ros/humble/lib/python3.10/site-packages:/opt/ros/humble/local/lib/python3.10/dist-packages'), ('COLCON', '1'), ('CMAKE_PREFIX_PATH', '/SLAM/ros_ws/install/tiago_gazebo:/SLAM/ros_ws/install/tiago_moveit_config:/SLAM/ros_ws/install/tiago_bringup:/SLAM/ros_ws/install/tiago_description:/SLAM/ros_ws/install/tiago_2dnav:/SLAM/ros_ws/install/pmb2_description:/SLAM/ros_ws/install/tiago_controller_configuration:/SLAM/ros_ws/install/pmb2_controller_configuration:/SLAM/ros_ws/install/pmb2_2dnav:/SLAM/ros_ws/install/pal_gripper_description:/SLAM/ros_ws/install/pmb2_maps:/SLAM/ros_ws/install/pmb2_laser_sensors:/SLAM/ros_ws/install/pal_gripper_controller_configuration:/SLAM/ros_ws/install/pal_gazebo_worlds:/SLAM/ros_ws/install/urdf_test:/SLAM/ros_ws/install/tutourial_intefaces:/SLAM/ros_ws/install/image_pipeline:/SLAM/ros_ws/install/stereo_image_proc:/SLAM/ros_ws/install/image_proc:/SLAM/ros_ws/install/tracetools_image_pipeline:/SLAM/ros_ws/install/tiago_simulation:/SLAM/ros_ws/install/tiago_robot:/SLAM/ros_ws/install/tiago_navigation:/SLAM/ros_ws/install/tiago_laser_sensors:/SLAM/ros_ws/install/sllidar_ros2:/SLAM/ros_ws/install/rtabmap_ros:/SLAM/ros_ws/install/rtabmap_launch:/SLAM/ros_ws/install/rtabmap_examples:/SLAM/ros_ws/install/rtabmap_demos:/SLAM/ros_ws/install/rtabmap_viz:/SLAM/ros_ws/install/rtabmap_slam:/SLAM/ros_ws/install/rtabmap_odom:/SLAM/ros_ws/install/rtabmap_util:/SLAM/ros_ws/install/rtabmap_sync:/SLAM/ros_ws/install/rtabmap_rviz_plugins:/SLAM/ros_ws/install/rtabmap_conversions:/SLAM/ros_ws/install/rtabmap_python:/SLAM/ros_ws/install/my_robot_controller:/SLAM/ros_ws/install/learning_tf2_py:/SLAM/ros_ws/install/launch_pal:/SLAM/ros_ws/install/camera_calibration:/SLAM/ros_ws/install/br2_fsm_bumpgo_py:/opt/ros/humble:/SLAM/ros_ws/install/rtabmap_msgs:/SLAM/ros_ws/install/rtabmap:/SLAM/ros_ws/install/rplidar_ros:/SLAM/ros_ws/install/rf2o_laser_odometry:/SLAM/ros_ws/install/pmb2_robot:/SLAM/ros_ws/install/pmb2_navigation:/SLAM/ros_ws/install/pmb2_bringup:/SLAM/ros_ws/install/pal_gripper:/SLAM/ros_ws/install/more_interfaces:/SLAM/ros_ws/install/image_view:/SLAM/ros_ws/install/image_rotate:/SLAM/ros_ws/install/astra_camera:/SLAM/ros_ws/install/image_publisher:/SLAM/ros_ws/install/hey5_description:/SLAM/ros_ws/install/depth_image_proc:/SLAM/ros_ws/install/cpp_srvcli:/SLAM/ros_ws/install/cpp_pubsub:/SLAM/ros_ws/install/br2_vff_avoidance:/SLAM/ros_ws/install/br2_tracking:/SLAM/ros_ws/install/br2_tracking_msgs:/SLAM/ros_ws/install/br2_tiago:/SLAM/ros_ws/install/br2_tf2_detector:/SLAM/ros_ws/install/br2_navigation:/SLAM/ros_ws/install/br2_fsm_bumpgo_cpp:/SLAM/ros_ws/install/br2_bt_patrolling:/SLAM/ros_ws/install/br2_bt_bumpgo:/SLAM/ros_ws/install/br2_basics:/SLAM/ros_ws/install/astra_camera_msgs')]), 'shell': False}
[0.182913] (tiago_simulation) CommandEnded: {'returncode': 0}
[0.199825] (-) TimerEvent: {}
[0.225861] (tiago_simulation) JobProgress: {'identifier': 'tiago_simulation', 'progress': 'install'}
[0.240422] (tiago_simulation) Command: {'cmd': ['/usr/bin/cmake', '--install', '/SLAM/ros_ws/build/tiago_simulation'], 'cwd': '/SLAM/ros_ws/build/tiago_simulation', 'env': OrderedDict([('HOSTNAME', 'acer'), ('ROS_PACKAGE_PATH', '/SLAM/ros_ws/install/rtabmap_msgs/share'), ('GIT_ASKPASS', '/home/ros/.vscode-server/bin/31c37ee8f63491495ac49e43b8544550fbae4533/extensions/git/dist/askpass.sh'), ('SHLVL', '2'), ('LD_LIBRARY_PATH', '/SLAM/ros_ws/install/tutourial_intefaces/lib:/SLAM/ros_ws/install/stereo_image_proc/lib:/SLAM/ros_ws/install/image_proc/lib:/SLAM/ros_ws/install/tracetools_image_pipeline/lib:/SLAM/ros_ws/install/rtabmap_slam/lib:/SLAM/ros_ws/install/rtabmap_odom/lib:/SLAM/ros_ws/install/rtabmap_util/lib:/SLAM/ros_ws/install/rtabmap_sync/lib:/SLAM/ros_ws/install/rtabmap_rviz_plugins/lib:/SLAM/ros_ws/install/rtabmap_conversions/lib:/SLAM/ros_ws/install/rtabmap_msgs/lib:/SLAM/ros_ws/install/rtabmap/lib:/SLAM/ros_ws/install/more_interfaces/lib:/SLAM/ros_ws/install/image_view/lib:/SLAM/ros_ws/install/image_rotate/lib:/SLAM/ros_ws/install/astra_camera/lib:/SLAM/ros_ws/install/image_publisher/lib:/SLAM/ros_ws/install/depth_image_proc/lib:/SLAM/ros_ws/install/br2_vff_avoidance/lib:/SLAM/ros_ws/install/br2_tracking/lib:/SLAM/ros_ws/install/br2_tracking_msgs/lib:/SLAM/ros_ws/install/br2_tf2_detector/lib:/SLAM/ros_ws/install/br2_bt_patrolling/lib:/SLAM/ros_ws/install/br2_bt_bumpgo/lib:/SLAM/ros_ws/install/astra_camera_msgs/lib:/usr/lib/x86_64-linux-gnu/gazebo-11/plugins:/opt/ros/humble/opt/rviz_ogre_vendor/lib:/opt/ros/humble/lib/x86_64-linux-gnu:/opt/ros/humble/lib'), ('BROWSER', '/home/ros/.vscode-server/bin/31c37ee8f63491495ac49e43b8544550fbae4533/bin/helpers/browser.sh'), ('HOME', '/home/ros'), ('TERM_PROGRAM_VERSION', '1.86.1'), ('VSCODE_IPC_HOOK_CLI', '/tmp/vscode-ipc-2bf07a84-4fb4-4201-ac5f-c2418e5a8c8e.sock'), ('ROS_PYTHON_VERSION', '3'), ('VSCODE_GIT_ASKPASS_MAIN', '/home/ros/.vscode-server/bin/31c37ee8f63491495ac49e43b8544550fbae4533/extensions/git/dist/askpass-main.js'), ('VSCODE_GIT_ASKPASS_NODE', '/home/ros/.vscode-server/bin/31c37ee8f63491495ac49e43b8544550fbae4533/node'), ('COLORTERM', 'truecolor'), ('REMOTE_CONTAINERS', 'true'), ('COLCON_PREFIX_PATH', '/SLAM/ros_ws/install'), ('ROS_DISTRO', 'humble'), ('REMOTE_CONTAINERS_IPC', '/tmp/vscode-remote-containers-ipc-88d07eca-1189-406e-b9c1-cf757d2d96e9.sock'), ('_', '/usr/bin/colcon'), ('ROS_VERSION', '2'), ('PKG_CONFIG_PATH', '/SLAM/ros_ws/install/rtabmap_msgs/lib/x86_64-linux-gnu/pkgconfig:/SLAM/ros_ws/install/rtabmap_msgs/lib/pkgconfig:/SLAM/ros_ws/install/rtabmap/lib/x86_64-linux-gnu/pkgconfig:/SLAM/ros_ws/install/rtabmap/lib/pkgconfig'), ('TERM', 'xterm-256color'), ('ROS_LOCALHOST_ONLY', '0'), ('PATH', '/SLAM/ros_ws/install/image_proc/bin:/SLAM/ros_ws/install/rtabmap/bin:/home/ros/.vscode-server/bin/31c37ee8f63491495ac49e43b8544550fbae4533/bin/remote-cli:/opt/ros/humble/bin:/usr/local/sbin:/usr/local/bin:/usr/sbin:/usr/bin:/sbin:/bin'), ('REMOTE_CONTAINERS_SOCKETS', '["/tmp/vscode-ssh-auth-88d07eca-1189-406e-b9c1-cf757d2d96e9.sock","/tmp/.X11-unix/X0","/home/ros/.gnupg/S.gpg-agent"]'), ('DISPLAY', ':1'), ('LANG', 'C.UTF-8'), ('VSCODE_GIT_IPC_HANDLE', '/tmp/vscode-git-8b58b44a21.sock'), ('TERM_PROGRAM', 'vscode'), ('SSH_AUTH_SOCK', '/tmp/vscode-ssh-auth-88d07eca-1189-406e-b9c1-cf757d2d96e9.sock'), ('AMENT_PREFIX_PATH', '/SLAM/ros_ws/install/launch_pal:/SLAM/ros_ws/install/urdf_test:/SLAM/ros_ws/install/tutourial_intefaces:/SLAM/ros_ws/install/image_pipeline:/SLAM/ros_ws/install/stereo_image_proc:/SLAM/ros_ws/install/image_proc:/SLAM/ros_ws/install/tracetools_image_pipeline:/SLAM/ros_ws/install/tiago_simulation:/SLAM/ros_ws/install/tiago_robot:/SLAM/ros_ws/install/tiago_navigation:/SLAM/ros_ws/install/tiago_gazebo:/SLAM/ros_ws/install/tiago_moveit_config:/SLAM/ros_ws/install/tiago_laser_sensors:/SLAM/ros_ws/install/tiago_bringup:/SLAM/ros_ws/install/tiago_description:/SLAM/ros_ws/install/tiago_controller_configuration:/SLAM/ros_ws/install/tiago_2dnav:/SLAM/ros_ws/install/sllidar_ros2:/SLAM/ros_ws/install/rtabmap_ros:/SLAM/ros_ws/install/rtabmap_launch:/SLAM/ros_ws/install/rtabmap_examples:/SLAM/ros_ws/install/rtabmap_demos:/SLAM/ros_ws/install/rtabmap_viz:/SLAM/ros_ws/install/rtabmap_slam:/SLAM/ros_ws/install/rtabmap_odom:/SLAM/ros_ws/install/rtabmap_util:/SLAM/ros_ws/install/rtabmap_sync:/SLAM/ros_ws/install/rtabmap_rviz_plugins:/SLAM/ros_ws/install/rtabmap_python:/SLAM/ros_ws/install/rtabmap_conversions:/SLAM/ros_ws/install/rplidar_ros:/SLAM/ros_ws/install/rf2o_laser_odometry:/SLAM/ros_ws/install/pmb2_robot:/SLAM/ros_ws/install/pmb2_navigation:/SLAM/ros_ws/install/pmb2_2dnav:/SLAM/ros_ws/install/pmb2_maps:/SLAM/ros_ws/install/pmb2_laser_sensors:/SLAM/ros_ws/install/pmb2_bringup:/SLAM/ros_ws/install/pmb2_description:/SLAM/ros_ws/install/pmb2_controller_configuration:/SLAM/ros_ws/install/pal_gripper:/SLAM/ros_ws/install/pal_gripper_description:/SLAM/ros_ws/install/pal_gripper_controller_configuration:/SLAM/ros_ws/install/pal_gazebo_worlds:/SLAM/ros_ws/install/my_robot_controller:/SLAM/ros_ws/install/more_interfaces:/SLAM/ros_ws/install/learning_tf2_py:/SLAM/ros_ws/install/image_rotate:/SLAM/ros_ws/install/astra_camera:/SLAM/ros_ws/install/image_publisher:/SLAM/ros_ws/install/hey5_description:/SLAM/ros_ws/install/depth_image_proc:/SLAM/ros_ws/install/cpp_srvcli:/SLAM/ros_ws/install/cpp_pubsub:/SLAM/ros_ws/install/camera_calibration:/SLAM/ros_ws/install/br2_vff_avoidance:/SLAM/ros_ws/install/br2_tracking:/SLAM/ros_ws/install/br2_tracking_msgs:/SLAM/ros_ws/install/br2_tiago:/SLAM/ros_ws/install/br2_tf2_detector:/SLAM/ros_ws/install/br2_navigation:/SLAM/ros_ws/install/br2_fsm_bumpgo_py:/SLAM/ros_ws/install/br2_fsm_bumpgo_cpp:/SLAM/ros_ws/install/br2_bt_patrolling:/SLAM/ros_ws/install/br2_bt_bumpgo:/SLAM/ros_ws/install/br2_basics:/SLAM/ros_ws/install/astra_camera_msgs:/opt/ros/humble'), ('REMOTE_CONTAINERS_DISPLAY_SOCK', '/tmp/.X11-unix/X0'), ('SHELL', '/bin/bash'), ('VSCODE_GIT_ASKPASS_EXTRA_ARGS', ''), ('PWD', '/SLAM/ros_ws/build/tiago_simulation'), ('LC_ALL', 'C.UTF-8'), ('PYTHONPATH', '/SLAM/ros_ws/build/launch_pal:/SLAM/ros_ws/install/launch_pal/lib/python3.10/site-packages:/SLAM/ros_ws/install/urdf_test/local/lib/python3.10/dist-packages:/SLAM/ros_ws/install/tutourial_intefaces/local/lib/python3.10/dist-packages:/SLAM/ros_ws/install/tiago_description/local/lib/python3.10/dist-packages:/SLAM/ros_ws/build/rtabmap_python:/SLAM/ros_ws/install/rtabmap_python/lib/python3.10/site-packages:/SLAM/ros_ws/install/rtabmap_msgs/local/lib/python3.10/dist-packages:/SLAM/ros_ws/install/pmb2_description/local/lib/python3.10/dist-packages:/SLAM/ros_ws/build/my_robot_controller:/SLAM/ros_ws/install/my_robot_controller/lib/python3.10/site-packages:/SLAM/ros_ws/install/more_interfaces/local/lib/python3.10/dist-packages:/SLAM/ros_ws/install/learning_tf2_py/lib/python3.10/site-packages:/SLAM/ros_ws/build/camera_calibration/src:/SLAM/ros_ws/install/camera_calibration/lib/python3.10/site-packages:/SLAM/ros_ws/install/br2_tracking_msgs/local/lib/python3.10/dist-packages:/SLAM/ros_ws/build/br2_fsm_bumpgo_py:/SLAM/ros_ws/install/br2_fsm_bumpgo_py/lib/python3.10/site-packages:/SLAM/ros_ws/install/astra_camera_msgs/local/lib/python3.10/dist-packages:/opt/ros/humble/lib/python3.10/site-packages:/opt/ros/humble/local/lib/python3.10/dist-packages'), ('COLCON', '1'), ('CMAKE_PREFIX_PATH', '/SLAM/ros_ws/install/tiago_gazebo:/SLAM/ros_ws/install/tiago_moveit_config:/SLAM/ros_ws/install/tiago_bringup:/SLAM/ros_ws/install/tiago_description:/SLAM/ros_ws/install/tiago_2dnav:/SLAM/ros_ws/install/pmb2_description:/SLAM/ros_ws/install/tiago_controller_configuration:/SLAM/ros_ws/install/pmb2_controller_configuration:/SLAM/ros_ws/install/pmb2_2dnav:/SLAM/ros_ws/install/pal_gripper_description:/SLAM/ros_ws/install/pmb2_maps:/SLAM/ros_ws/install/pmb2_laser_sensors:/SLAM/ros_ws/install/pal_gripper_controller_configuration:/SLAM/ros_ws/install/pal_gazebo_worlds:/SLAM/ros_ws/install/urdf_test:/SLAM/ros_ws/install/tutourial_intefaces:/SLAM/ros_ws/install/image_pipeline:/SLAM/ros_ws/install/stereo_image_proc:/SLAM/ros_ws/install/image_proc:/SLAM/ros_ws/install/tracetools_image_pipeline:/SLAM/ros_ws/install/tiago_simulation:/SLAM/ros_ws/install/tiago_robot:/SLAM/ros_ws/install/tiago_navigation:/SLAM/ros_ws/install/tiago_laser_sensors:/SLAM/ros_ws/install/sllidar_ros2:/SLAM/ros_ws/install/rtabmap_ros:/SLAM/ros_ws/install/rtabmap_launch:/SLAM/ros_ws/install/rtabmap_examples:/SLAM/ros_ws/install/rtabmap_demos:/SLAM/ros_ws/install/rtabmap_viz:/SLAM/ros_ws/install/rtabmap_slam:/SLAM/ros_ws/install/rtabmap_odom:/SLAM/ros_ws/install/rtabmap_util:/SLAM/ros_ws/install/rtabmap_sync:/SLAM/ros_ws/install/rtabmap_rviz_plugins:/SLAM/ros_ws/install/rtabmap_conversions:/SLAM/ros_ws/install/rtabmap_python:/SLAM/ros_ws/install/my_robot_controller:/SLAM/ros_ws/install/learning_tf2_py:/SLAM/ros_ws/install/launch_pal:/SLAM/ros_ws/install/camera_calibration:/SLAM/ros_ws/install/br2_fsm_bumpgo_py:/opt/ros/humble:/SLAM/ros_ws/install/rtabmap_msgs:/SLAM/ros_ws/install/rtabmap:/SLAM/ros_ws/install/rplidar_ros:/SLAM/ros_ws/install/rf2o_laser_odometry:/SLAM/ros_ws/install/pmb2_robot:/SLAM/ros_ws/install/pmb2_navigation:/SLAM/ros_ws/install/pmb2_bringup:/SLAM/ros_ws/install/pal_gripper:/SLAM/ros_ws/install/more_interfaces:/SLAM/ros_ws/install/image_view:/SLAM/ros_ws/install/image_rotate:/SLAM/ros_ws/install/astra_camera:/SLAM/ros_ws/install/image_publisher:/SLAM/ros_ws/install/hey5_description:/SLAM/ros_ws/install/depth_image_proc:/SLAM/ros_ws/install/cpp_srvcli:/SLAM/ros_ws/install/cpp_pubsub:/SLAM/ros_ws/install/br2_vff_avoidance:/SLAM/ros_ws/install/br2_tracking:/SLAM/ros_ws/install/br2_tracking_msgs:/SLAM/ros_ws/install/br2_tiago:/SLAM/ros_ws/install/br2_tf2_detector:/SLAM/ros_ws/install/br2_navigation:/SLAM/ros_ws/install/br2_fsm_bumpgo_cpp:/SLAM/ros_ws/install/br2_bt_patrolling:/SLAM/ros_ws/install/br2_bt_bumpgo:/SLAM/ros_ws/install/br2_basics:/SLAM/ros_ws/install/astra_camera_msgs')]), 'shell': False}
[0.253339] (tiago_simulation) StdoutLine: {'line': b'-- Install configuration: ""\n'}
[0.253980] (tiago_simulation) StdoutLine: {'line': b'-- Execute custom install script\n'}
[0.254346] (tiago_simulation) StdoutLine: {'line': b'-- Up-to-date symlink: /SLAM/ros_ws/install/tiago_simulation/share/ament_index/resource_index/package_run_dependencies/tiago_simulation\n'}
[0.254511] (tiago_simulation) StdoutLine: {'line': b'-- Up-to-date symlink: /SLAM/ros_ws/install/tiago_simulation/share/ament_index/resource_index/parent_prefix_path/tiago_simulation\n'}
[0.254694] (tiago_simulation) StdoutLine: {'line': b'-- Up-to-date symlink: /SLAM/ros_ws/install/tiago_simulation/share/tiago_simulation/environment/ament_prefix_path.sh\n'}
[0.254832] (tiago_simulation) StdoutLine: {'line': b'-- Up-to-date symlink: /SLAM/ros_ws/install/tiago_simulation/share/tiago_simulation/environment/ament_prefix_path.dsv\n'}
[0.254977] (tiago_simulation) StdoutLine: {'line': b'-- Up-to-date symlink: /SLAM/ros_ws/install/tiago_simulation/share/tiago_simulation/environment/path.sh\n'}
[0.255081] (tiago_simulation) StdoutLine: {'line': b'-- Up-to-date symlink: /SLAM/ros_ws/install/tiago_simulation/share/tiago_simulation/environment/path.dsv\n'}
[0.255195] (tiago_simulation) StdoutLine: {'line': b'-- Up-to-date symlink: /SLAM/ros_ws/install/tiago_simulation/share/tiago_simulation/local_setup.bash\n'}
[0.255305] (tiago_simulation) StdoutLine: {'line': b'-- Up-to-date symlink: /SLAM/ros_ws/install/tiago_simulation/share/tiago_simulation/local_setup.sh\n'}
[0.255414] (tiago_simulation) StdoutLine: {'line': b'-- Up-to-date symlink: /SLAM/ros_ws/install/tiago_simulation/share/tiago_simulation/local_setup.zsh\n'}
[0.255524] (tiago_simulation) StdoutLine: {'line': b'-- Up-to-date symlink: /SLAM/ros_ws/install/tiago_simulation/share/tiago_simulation/local_setup.dsv\n'}
[0.255604] (tiago_simulation) StdoutLine: {'line': b'-- Symlinking: /SLAM/ros_ws/install/tiago_simulation/share/tiago_simulation/package.dsv\n'}
[0.268375] (tiago_simulation) StdoutLine: {'line': b'-- Up-to-date symlink: /SLAM/ros_ws/install/tiago_simulation/share/ament_index/resource_index/packages/tiago_simulation\n'}
[0.268600] (tiago_simulation) StdoutLine: {'line': b'-- Up-to-date symlink: /SLAM/ros_ws/install/tiago_simulation/share/tiago_simulation/cmake/tiago_simulationConfig.cmake\n'}
[0.268705] (tiago_simulation) StdoutLine: {'line': b'-- Up-to-date symlink: /SLAM/ros_ws/install/tiago_simulation/share/tiago_simulation/cmake/tiago_simulationConfig-version.cmake\n'}
[0.268780] (tiago_simulation) StdoutLine: {'line': b'-- Up-to-date symlink: /SLAM/ros_ws/install/tiago_simulation/share/tiago_simulation/package.xml\n'}
[0.270504] (tiago_simulation) CommandEnded: {'returncode': 0}
[0.299925] (-) TimerEvent: {}
[0.400391] (-) TimerEvent: {}
[0.430600] (tiago_simulation) JobEnded: {'identifier': 'tiago_simulation', 'rc': 0}
[0.431197] (-) EventReactorShutdown: {}
