[0.494s] Invoking command in '/SLAM/ros_ws/build/image_view': CMAKE_PREFIX_PATH=${CMAKE_PREFIX_PATH}:/SLAM/ros_ws/install/camera_calibration:/opt/ros/humble /usr/bin/cmake --build /SLAM/ros_ws/build/image_view -- -j16 -l16
[0.606s] [ 36%] Built target image_view_nodes
[0.663s] [ 57%] Built target disparity_view
[0.663s] [ 57%] Built target image_saver
[0.663s] [ 68%] Built target image_view
[0.667s] [ 89%] Built target stereo_view
[0.668s] [ 89%] Built target extract_images
[0.668s] [100%] Built target video_recorder
[0.758s] Invoked command in '/SLAM/ros_ws/build/image_view' returned '0': CMAKE_PREFIX_PATH=${CMAKE_PREFIX_PATH}:/SLAM/ros_ws/install/camera_calibration:/opt/ros/humble /usr/bin/cmake --build /SLAM/ros_ws/build/image_view -- -j16 -l16
[0.973s] Invoking command in '/SLAM/ros_ws/build/image_view': CMAKE_PREFIX_PATH=${CMAKE_PREFIX_PATH}:/SLAM/ros_ws/install/camera_calibration:/opt/ros/humble /usr/bin/cmake --install /SLAM/ros_ws/build/image_view
[1.012s] -- Install configuration: ""
[1.014s] -- Up-to-date: /SLAM/ros_ws/install/image_view/include
[1.014s] -- Up-to-date: /SLAM/ros_ws/install/image_view/include/image_view
[1.014s] -- Up-to-date: /SLAM/ros_ws/install/image_view/include/image_view/stereo_view_node.hpp
[1.014s] -- Up-to-date: /SLAM/ros_ws/install/image_view/include/image_view/extract_images_node.hpp
[1.015s] -- Up-to-date: /SLAM/ros_ws/install/image_view/include/image_view/image_saver_node.hpp
[1.015s] -- Up-to-date: /SLAM/ros_ws/install/image_view/include/image_view/disparity_view_node.hpp
[1.015s] -- Up-to-date: /SLAM/ros_ws/install/image_view/include/image_view/image_view_node.hpp
[1.015s] -- Up-to-date: /SLAM/ros_ws/install/image_view/include/image_view/video_recorder_node.hpp
[1.015s] -- Up-to-date: /SLAM/ros_ws/install/image_view/share/image_view/environment/library_path.sh
[1.015s] -- Up-to-date: /SLAM/ros_ws/install/image_view/share/image_view/environment/library_path.dsv
[1.015s] -- Up-to-date: /SLAM/ros_ws/install/image_view/lib/libimage_view_nodes.so
[1.015s] -- Up-to-date: /SLAM/ros_ws/install/image_view/lib/image_view/disparity_view
[1.015s] -- Up-to-date: /SLAM/ros_ws/install/image_view/lib/image_view/image_view
[1.016s] -- Up-to-date: /SLAM/ros_ws/install/image_view/lib/image_view/stereo_view
[1.016s] -- Up-to-date: /SLAM/ros_ws/install/image_view/lib/image_view/extract_images
[1.016s] -- Up-to-date: /SLAM/ros_ws/install/image_view/lib/image_view/image_saver
[1.016s] -- Up-to-date: /SLAM/ros_ws/install/image_view/lib/image_view/video_recorder
[1.016s] -- Up-to-date: /SLAM/ros_ws/install/image_view/share/ament_index/resource_index/package_run_dependencies/image_view
[1.016s] -- Up-to-date: /SLAM/ros_ws/install/image_view/share/ament_index/resource_index/parent_prefix_path/image_view
[1.017s] -- Up-to-date: /SLAM/ros_ws/install/image_view/share/image_view/environment/ament_prefix_path.sh
[1.017s] -- Up-to-date: /SLAM/ros_ws/install/image_view/share/image_view/environment/ament_prefix_path.dsv
[1.017s] -- Up-to-date: /SLAM/ros_ws/install/image_view/share/image_view/environment/path.sh
[1.017s] -- Up-to-date: /SLAM/ros_ws/install/image_view/share/image_view/environment/path.dsv
[1.017s] -- Up-to-date: /SLAM/ros_ws/install/image_view/share/image_view/local_setup.bash
[1.018s] -- Up-to-date: /SLAM/ros_ws/install/image_view/share/image_view/local_setup.sh
[1.018s] -- Up-to-date: /SLAM/ros_ws/install/image_view/share/image_view/local_setup.zsh
[1.018s] -- Up-to-date: /SLAM/ros_ws/install/image_view/share/image_view/local_setup.dsv
[1.019s] -- Installing: /SLAM/ros_ws/install/image_view/share/image_view/package.dsv
[1.020s] -- Up-to-date: /SLAM/ros_ws/install/image_view/share/ament_index/resource_index/packages/image_view
[1.020s] -- Up-to-date: /SLAM/ros_ws/install/image_view/share/ament_index/resource_index/rclcpp_components/image_view
[1.021s] -- Up-to-date: /SLAM/ros_ws/install/image_view/share/image_view/cmake/ament_cmake_export_dependencies-extras.cmake
[1.021s] -- Up-to-date: /SLAM/ros_ws/install/image_view/share/image_view/cmake/ament_cmake_export_include_directories-extras.cmake
[1.021s] -- Up-to-date: /SLAM/ros_ws/install/image_view/share/image_view/cmake/ament_cmake_export_libraries-extras.cmake
[1.021s] -- Up-to-date: /SLAM/ros_ws/install/image_view/share/image_view/cmake/image_viewConfig.cmake
[1.022s] -- Up-to-date: /SLAM/ros_ws/install/image_view/share/image_view/cmake/image_viewConfig-version.cmake
[1.022s] -- Up-to-date: /SLAM/ros_ws/install/image_view/share/image_view/package.xml
[1.247s] Invoked command in '/SLAM/ros_ws/build/image_view' returned '0': CMAKE_PREFIX_PATH=${CMAKE_PREFIX_PATH}:/SLAM/ros_ws/install/camera_calibration:/opt/ros/humble /usr/bin/cmake --install /SLAM/ros_ws/build/image_view
