[0.589s] Invoking command in '/home/khanh/Documents/SLAM/ros_ws/build/rtabmap_python': PYTHONPATH=/home/khanh/Documents/SLAM/ros_ws/build/rtabmap_python/prefix_override:/home/khanh/Documents/SLAM/ros_ws/install/rtabmap_python/lib/python3.10/site-packages:${PYTHONPATH} /usr/bin/python3 setup.py develop --editable --build-directory /home/khanh/Documents/SLAM/ros_ws/build/rtabmap_python/build --no-deps install_data
[0.784s] running develop
[0.785s] /usr/lib/python3/dist-packages/setuptools/command/easy_install.py:158: EasyInstallDeprecationWarning: easy_install command is deprecated. Use build and pip and other standards-based tools.
[0.785s]   warnings.warn(
[0.786s] /usr/lib/python3/dist-packages/setuptools/command/install.py:34: SetuptoolsDeprecationWarning: setup.py install is deprecated. Use build and pip and other standards-based tools.
[0.786s]   warnings.warn(
[0.908s] running egg_info
[0.908s] writing rtabmap_python.egg-info/PKG-INFO
[0.908s] writing dependency_links to rtabmap_python.egg-info/dependency_links.txt
[0.908s] writing entry points to rtabmap_python.egg-info/entry_points.txt
[0.908s] writing requirements to rtabmap_python.egg-info/requires.txt
[0.909s] writing top-level names to rtabmap_python.egg-info/top_level.txt
[0.910s] reading manifest file 'rtabmap_python.egg-info/SOURCES.txt'
[0.910s] writing manifest file 'rtabmap_python.egg-info/SOURCES.txt'
[0.911s] running build_ext
[0.911s] Creating /home/khanh/Documents/SLAM/ros_ws/install/rtabmap_python/lib/python3.10/site-packages/rtabmap-python.egg-link (link to .)
[0.912s] 
[0.912s] Installed /home/khanh/Documents/SLAM/ros_ws/build/rtabmap_python
[0.912s] running install_data
[0.938s] Invoked command in '/home/khanh/Documents/SLAM/ros_ws/build/rtabmap_python' returned '0': PYTHONPATH=/home/khanh/Documents/SLAM/ros_ws/build/rtabmap_python/prefix_override:/home/khanh/Documents/SLAM/ros_ws/install/rtabmap_python/lib/python3.10/site-packages:${PYTHONPATH} /usr/bin/python3 setup.py develop --editable --build-directory /home/khanh/Documents/SLAM/ros_ws/build/rtabmap_python/build --no-deps install_data
