[0.045s] Invoking command in '/SLAM/ros_ws/build/rtabmap_conversions': CMAKE_PREFIX_PATH=/opt/ros/humble:/SLAM/ros_ws/install/rtabmap_msgs:/SLAM/ros_ws/install/rtabmap LD_LIBRARY_PATH=/SLAM/ros_ws/install/rtabmap_msgs/lib:/SLAM/ros_ws/install/rtabmap/lib:${LD_LIBRARY_PATH} PATH=/SLAM/ros_ws/install/rtabmap/bin:${PATH} PKG_CONFIG_PATH=/SLAM/ros_ws/install/rtabmap_msgs/lib/x86_64-linux-gnu/pkgconfig:/SLAM/ros_ws/install/rtabmap_msgs/lib/pkgconfig:/SLAM/ros_ws/install/rtabmap/lib/x86_64-linux-gnu/pkgconfig:/SLAM/ros_ws/install/rtabmap/lib/pkgconfig PYTHONPATH=/SLAM/ros_ws/install/rtabmap_msgs/local/lib/python3.10/dist-packages:${PYTHONPATH} ROS_PACKAGE_PATH=/SLAM/ros_ws/install/rtabmap_msgs/share /usr/bin/cmake --build /SLAM/ros_ws/build/rtabmap_conversions
[0.097s] [35m[1mConsolidate compiler generated dependencies of target rtabmap_conversions[0m
[0.139s] [100%] Built target rtabmap_conversions
[0.150s] Invoked command in '/SLAM/ros_ws/build/rtabmap_conversions' returned '0': CMAKE_PREFIX_PATH=/opt/ros/humble:/SLAM/ros_ws/install/rtabmap_msgs:/SLAM/ros_ws/install/rtabmap LD_LIBRARY_PATH=/SLAM/ros_ws/install/rtabmap_msgs/lib:/SLAM/ros_ws/install/rtabmap/lib:${LD_LIBRARY_PATH} PATH=/SLAM/ros_ws/install/rtabmap/bin:${PATH} PKG_CONFIG_PATH=/SLAM/ros_ws/install/rtabmap_msgs/lib/x86_64-linux-gnu/pkgconfig:/SLAM/ros_ws/install/rtabmap_msgs/lib/pkgconfig:/SLAM/ros_ws/install/rtabmap/lib/x86_64-linux-gnu/pkgconfig:/SLAM/ros_ws/install/rtabmap/lib/pkgconfig PYTHONPATH=/SLAM/ros_ws/install/rtabmap_msgs/local/lib/python3.10/dist-packages:${PYTHONPATH} ROS_PACKAGE_PATH=/SLAM/ros_ws/install/rtabmap_msgs/share /usr/bin/cmake --build /SLAM/ros_ws/build/rtabmap_conversions
[0.179s] Invoking command in '/SLAM/ros_ws/build/rtabmap_conversions': CMAKE_PREFIX_PATH=/opt/ros/humble:/SLAM/ros_ws/install/rtabmap_msgs:/SLAM/ros_ws/install/rtabmap LD_LIBRARY_PATH=/SLAM/ros_ws/install/rtabmap_msgs/lib:/SLAM/ros_ws/install/rtabmap/lib:${LD_LIBRARY_PATH} PATH=/SLAM/ros_ws/install/rtabmap/bin:${PATH} PKG_CONFIG_PATH=/SLAM/ros_ws/install/rtabmap_msgs/lib/x86_64-linux-gnu/pkgconfig:/SLAM/ros_ws/install/rtabmap_msgs/lib/pkgconfig:/SLAM/ros_ws/install/rtabmap/lib/x86_64-linux-gnu/pkgconfig:/SLAM/ros_ws/install/rtabmap/lib/pkgconfig PYTHONPATH=/SLAM/ros_ws/install/rtabmap_msgs/local/lib/python3.10/dist-packages:${PYTHONPATH} ROS_PACKAGE_PATH=/SLAM/ros_ws/install/rtabmap_msgs/share /usr/bin/cmake --install /SLAM/ros_ws/build/rtabmap_conversions
[0.186s] -- Install configuration: "Release"
[0.187s] -- Execute custom install script
[0.187s] -- Up-to-date symlink: /SLAM/ros_ws/install/rtabmap_conversions/share/rtabmap_conversions/environment/library_path.sh
[0.187s] -- Up-to-date symlink: /SLAM/ros_ws/install/rtabmap_conversions/share/rtabmap_conversions/environment/library_path.dsv
[0.188s] -- Up-to-date symlink: /SLAM/ros_ws/install/rtabmap_conversions/share/ament_index/resource_index/package_run_dependencies/rtabmap_conversions
[0.188s] -- Up-to-date symlink: /SLAM/ros_ws/install/rtabmap_conversions/share/ament_index/resource_index/parent_prefix_path/rtabmap_conversions
[0.188s] -- Up-to-date symlink: /SLAM/ros_ws/install/rtabmap_conversions/share/rtabmap_conversions/environment/ament_prefix_path.sh
[0.188s] -- Up-to-date symlink: /SLAM/ros_ws/install/rtabmap_conversions/share/rtabmap_conversions/environment/ament_prefix_path.dsv
[0.188s] -- Up-to-date symlink: /SLAM/ros_ws/install/rtabmap_conversions/share/rtabmap_conversions/environment/path.sh
[0.188s] -- Up-to-date symlink: /SLAM/ros_ws/install/rtabmap_conversions/share/rtabmap_conversions/environment/path.dsv
[0.188s] -- Up-to-date symlink: /SLAM/ros_ws/install/rtabmap_conversions/share/rtabmap_conversions/local_setup.bash
[0.188s] -- Up-to-date symlink: /SLAM/ros_ws/install/rtabmap_conversions/share/rtabmap_conversions/local_setup.sh
[0.188s] -- Up-to-date symlink: /SLAM/ros_ws/install/rtabmap_conversions/share/rtabmap_conversions/local_setup.zsh
[0.189s] -- Up-to-date symlink: /SLAM/ros_ws/install/rtabmap_conversions/share/rtabmap_conversions/local_setup.dsv
[0.189s] -- Symlinking: /SLAM/ros_ws/install/rtabmap_conversions/share/rtabmap_conversions/package.dsv
[0.197s] -- Up-to-date symlink: /SLAM/ros_ws/install/rtabmap_conversions/share/ament_index/resource_index/packages/rtabmap_conversions
[0.197s] -- Up-to-date symlink: /SLAM/ros_ws/install/rtabmap_conversions/share/rtabmap_conversions/cmake/ament_cmake_export_dependencies-extras.cmake
[0.198s] -- Up-to-date symlink: /SLAM/ros_ws/install/rtabmap_conversions/share/rtabmap_conversions/cmake/ament_cmake_export_include_directories-extras.cmake
[0.198s] -- Up-to-date symlink: /SLAM/ros_ws/install/rtabmap_conversions/share/rtabmap_conversions/cmake/ament_cmake_export_targets-extras.cmake
[0.198s] -- Up-to-date symlink: /SLAM/ros_ws/install/rtabmap_conversions/share/rtabmap_conversions/cmake/ament_cmake_export_libraries-extras.cmake
[0.198s] -- Up-to-date symlink: /SLAM/ros_ws/install/rtabmap_conversions/share/rtabmap_conversions/cmake/rtabmap_conversionsConfig.cmake
[0.198s] -- Up-to-date symlink: /SLAM/ros_ws/install/rtabmap_conversions/share/rtabmap_conversions/cmake/rtabmap_conversionsConfig-version.cmake
[0.198s] -- Up-to-date symlink: /SLAM/ros_ws/install/rtabmap_conversions/share/rtabmap_conversions/package.xml
[0.199s] -- Up-to-date: /SLAM/ros_ws/install/rtabmap_conversions/lib/librtabmap_conversions.so
[0.199s] -- Up-to-date: /SLAM/ros_ws/install/rtabmap_conversions/include
[0.199s] -- Up-to-date: /SLAM/ros_ws/install/rtabmap_conversions/include/rtabmap_conversions
[0.199s] -- Up-to-date: /SLAM/ros_ws/install/rtabmap_conversions/include/rtabmap_conversions/MsgConversion.h
[0.200s] -- Up-to-date: /SLAM/ros_ws/install/rtabmap_conversions/share/rtabmap_conversions/cmake/rtabmap_conversionsExport.cmake
[0.200s] -- Up-to-date: /SLAM/ros_ws/install/rtabmap_conversions/share/rtabmap_conversions/cmake/rtabmap_conversionsExport-release.cmake
[0.202s] Invoked command in '/SLAM/ros_ws/build/rtabmap_conversions' returned '0': CMAKE_PREFIX_PATH=/opt/ros/humble:/SLAM/ros_ws/install/rtabmap_msgs:/SLAM/ros_ws/install/rtabmap LD_LIBRARY_PATH=/SLAM/ros_ws/install/rtabmap_msgs/lib:/SLAM/ros_ws/install/rtabmap/lib:${LD_LIBRARY_PATH} PATH=/SLAM/ros_ws/install/rtabmap/bin:${PATH} PKG_CONFIG_PATH=/SLAM/ros_ws/install/rtabmap_msgs/lib/x86_64-linux-gnu/pkgconfig:/SLAM/ros_ws/install/rtabmap_msgs/lib/pkgconfig:/SLAM/ros_ws/install/rtabmap/lib/x86_64-linux-gnu/pkgconfig:/SLAM/ros_ws/install/rtabmap/lib/pkgconfig PYTHONPATH=/SLAM/ros_ws/install/rtabmap_msgs/local/lib/python3.10/dist-packages:${PYTHONPATH} ROS_PACKAGE_PATH=/SLAM/ros_ws/install/rtabmap_msgs/share /usr/bin/cmake --install /SLAM/ros_ws/build/rtabmap_conversions
