[0.853s] Invoking command in '/SLAM/ros_ws/build/depth_image_proc': CMAKE_PREFIX_PATH=/SLAM/ros_ws/install/image_pipeline:/SLAM/ros_ws/install/stereo_image_proc:/SLAM/ros_ws/install/image_proc:/SLAM/ros_ws/install/tracetools_image_pipeline:/SLAM/ros_ws/install/sllidar_ros2:/SLAM/ros_ws/install/rtabmap_ros:/SLAM/ros_ws/install/rtabmap_launch:/SLAM/ros_ws/install/rtabmap_examples:/SLAM/ros_ws/install/rtabmap_demos:/SLAM/ros_ws/install/rtabmap_viz:/SLAM/ros_ws/install/rtabmap_slam:/SLAM/ros_ws/install/rtabmap_odom:/SLAM/ros_ws/install/rtabmap_util:/SLAM/ros_ws/install/rtabmap_sync:/SLAM/ros_ws/install/rtabmap_rviz_plugins:/SLAM/ros_ws/install/rtabmap_conversions:/SLAM/ros_ws/install/rtabmap_python:/SLAM/ros_ws/install/camera_calibration:/opt/ros/humble:/SLAM/ros_ws/install/rtabmap_msgs:/SLAM/ros_ws/install/rtabmap:/SLAM/ros_ws/install/image_view:/SLAM/ros_ws/install/image_rotate:/SLAM/ros_ws/install/astra_camera:/SLAM/ros_ws/install/image_publisher:/SLAM/ros_ws/install/depth_image_proc:/SLAM/ros_ws/install/astra_camera_msgs /usr/bin/cmake /SLAM/ros_ws/src/image_pipeline/depth_image_proc -DAMENT_CMAKE_SYMLINK_INSTALL=1 -DCMAKE_INSTALL_PREFIX=/SLAM/ros_ws/install/depth_image_proc
[1.335s] -- Found ament_cmake_auto: 1.3.6 (/opt/ros/humble/share/ament_cmake_auto/cmake)
[1.335s] -- Override CMake install command with custom implementation using symlinks instead of copying resources
[1.336s] -- Found rosidl_generator_c: 3.1.5 (/opt/ros/humble/share/rosidl_generator_c/cmake)
[1.336s] -- Found rosidl_adapter: 3.1.5 (/opt/ros/humble/share/rosidl_adapter/cmake)
[1.336s] -- Found rosidl_generator_cpp: 3.1.5 (/opt/ros/humble/share/rosidl_generator_cpp/cmake)
[1.336s] -- Using all available rosidl_typesupport_c: rosidl_typesupport_fastrtps_c;rosidl_typesupport_introspection_c
[1.336s] -- Using all available rosidl_typesupport_cpp: rosidl_typesupport_fastrtps_cpp;rosidl_typesupport_introspection_cpp
[1.794s] -- Found rmw_implementation_cmake: 6.1.1 (/opt/ros/humble/share/rmw_implementation_cmake/cmake)
[1.797s] -- Found rmw_fastrtps_cpp: 6.2.5 (/opt/ros/humble/share/rmw_fastrtps_cpp/cmake)
[2.076s] -- Using RMW implementation 'rmw_fastrtps_cpp' as default
[3.076s] -- Found ament_lint_auto: 0.12.9 (/opt/ros/humble/share/ament_lint_auto/cmake)
[3.102s] -- Added test 'copyright' to check source files copyright and LICENSE
[3.111s] -- Added test 'cppcheck' to perform static code analysis on C / C++ code
[3.116s] -- Configured cppcheck include dirs: /SLAM/ros_ws/src/image_pipeline/depth_image_proc/include
[3.117s] -- Configured cppcheck exclude dirs and/or files: 
[3.118s] -- Added test 'cpplint' to check C / C++ code against the Google style
[3.118s] -- Configured cpplint exclude dirs and/or files: 
[3.119s] -- Added test 'flake8' to check Python code syntax and style conventions
[3.119s] -- Added test 'lint_cmake' to check CMake code style
[3.119s] -- Added test 'pep257' to check Python code against some of the docstring style conventions in PEP 257
[3.124s] -- Added test 'uncrustify' to check C / C++ code style
[3.124s] -- Configured uncrustify additional arguments: 
[3.124s] -- Added test 'xmllint' to check XML markup files
[3.131s] -- Configuring done
[3.175s] -- Generating done
[3.178s] -- Build files have been written to: /SLAM/ros_ws/build/depth_image_proc
[3.373s] Invoked command in '/SLAM/ros_ws/build/depth_image_proc' returned '0': CMAKE_PREFIX_PATH=/SLAM/ros_ws/install/image_pipeline:/SLAM/ros_ws/install/stereo_image_proc:/SLAM/ros_ws/install/image_proc:/SLAM/ros_ws/install/tracetools_image_pipeline:/SLAM/ros_ws/install/sllidar_ros2:/SLAM/ros_ws/install/rtabmap_ros:/SLAM/ros_ws/install/rtabmap_launch:/SLAM/ros_ws/install/rtabmap_examples:/SLAM/ros_ws/install/rtabmap_demos:/SLAM/ros_ws/install/rtabmap_viz:/SLAM/ros_ws/install/rtabmap_slam:/SLAM/ros_ws/install/rtabmap_odom:/SLAM/ros_ws/install/rtabmap_util:/SLAM/ros_ws/install/rtabmap_sync:/SLAM/ros_ws/install/rtabmap_rviz_plugins:/SLAM/ros_ws/install/rtabmap_conversions:/SLAM/ros_ws/install/rtabmap_python:/SLAM/ros_ws/install/camera_calibration:/opt/ros/humble:/SLAM/ros_ws/install/rtabmap_msgs:/SLAM/ros_ws/install/rtabmap:/SLAM/ros_ws/install/image_view:/SLAM/ros_ws/install/image_rotate:/SLAM/ros_ws/install/astra_camera:/SLAM/ros_ws/install/image_publisher:/SLAM/ros_ws/install/depth_image_proc:/SLAM/ros_ws/install/astra_camera_msgs /usr/bin/cmake /SLAM/ros_ws/src/image_pipeline/depth_image_proc -DAMENT_CMAKE_SYMLINK_INSTALL=1 -DCMAKE_INSTALL_PREFIX=/SLAM/ros_ws/install/depth_image_proc
[3.374s] Invoking command in '/SLAM/ros_ws/build/depth_image_proc': CMAKE_PREFIX_PATH=/SLAM/ros_ws/install/image_pipeline:/SLAM/ros_ws/install/stereo_image_proc:/SLAM/ros_ws/install/image_proc:/SLAM/ros_ws/install/tracetools_image_pipeline:/SLAM/ros_ws/install/sllidar_ros2:/SLAM/ros_ws/install/rtabmap_ros:/SLAM/ros_ws/install/rtabmap_launch:/SLAM/ros_ws/install/rtabmap_examples:/SLAM/ros_ws/install/rtabmap_demos:/SLAM/ros_ws/install/rtabmap_viz:/SLAM/ros_ws/install/rtabmap_slam:/SLAM/ros_ws/install/rtabmap_odom:/SLAM/ros_ws/install/rtabmap_util:/SLAM/ros_ws/install/rtabmap_sync:/SLAM/ros_ws/install/rtabmap_rviz_plugins:/SLAM/ros_ws/install/rtabmap_conversions:/SLAM/ros_ws/install/rtabmap_python:/SLAM/ros_ws/install/camera_calibration:/opt/ros/humble:/SLAM/ros_ws/install/rtabmap_msgs:/SLAM/ros_ws/install/rtabmap:/SLAM/ros_ws/install/image_view:/SLAM/ros_ws/install/image_rotate:/SLAM/ros_ws/install/astra_camera:/SLAM/ros_ws/install/image_publisher:/SLAM/ros_ws/install/depth_image_proc:/SLAM/ros_ws/install/astra_camera_msgs /usr/bin/cmake --build /SLAM/ros_ws/build/depth_image_proc -- -j16 -l16
[3.546s] [35m[1mConsolidate compiler generated dependencies of target depth_image_proc[0m
[3.553s] [100%] Built target depth_image_proc
[3.792s] Invoked command in '/SLAM/ros_ws/build/depth_image_proc' returned '0': CMAKE_PREFIX_PATH=/SLAM/ros_ws/install/image_pipeline:/SLAM/ros_ws/install/stereo_image_proc:/SLAM/ros_ws/install/image_proc:/SLAM/ros_ws/install/tracetools_image_pipeline:/SLAM/ros_ws/install/sllidar_ros2:/SLAM/ros_ws/install/rtabmap_ros:/SLAM/ros_ws/install/rtabmap_launch:/SLAM/ros_ws/install/rtabmap_examples:/SLAM/ros_ws/install/rtabmap_demos:/SLAM/ros_ws/install/rtabmap_viz:/SLAM/ros_ws/install/rtabmap_slam:/SLAM/ros_ws/install/rtabmap_odom:/SLAM/ros_ws/install/rtabmap_util:/SLAM/ros_ws/install/rtabmap_sync:/SLAM/ros_ws/install/rtabmap_rviz_plugins:/SLAM/ros_ws/install/rtabmap_conversions:/SLAM/ros_ws/install/rtabmap_python:/SLAM/ros_ws/install/camera_calibration:/opt/ros/humble:/SLAM/ros_ws/install/rtabmap_msgs:/SLAM/ros_ws/install/rtabmap:/SLAM/ros_ws/install/image_view:/SLAM/ros_ws/install/image_rotate:/SLAM/ros_ws/install/astra_camera:/SLAM/ros_ws/install/image_publisher:/SLAM/ros_ws/install/depth_image_proc:/SLAM/ros_ws/install/astra_camera_msgs /usr/bin/cmake --build /SLAM/ros_ws/build/depth_image_proc -- -j16 -l16
[4.272s] Invoking command in '/SLAM/ros_ws/build/depth_image_proc': CMAKE_PREFIX_PATH=/SLAM/ros_ws/install/image_pipeline:/SLAM/ros_ws/install/stereo_image_proc:/SLAM/ros_ws/install/image_proc:/SLAM/ros_ws/install/tracetools_image_pipeline:/SLAM/ros_ws/install/sllidar_ros2:/SLAM/ros_ws/install/rtabmap_ros:/SLAM/ros_ws/install/rtabmap_launch:/SLAM/ros_ws/install/rtabmap_examples:/SLAM/ros_ws/install/rtabmap_demos:/SLAM/ros_ws/install/rtabmap_viz:/SLAM/ros_ws/install/rtabmap_slam:/SLAM/ros_ws/install/rtabmap_odom:/SLAM/ros_ws/install/rtabmap_util:/SLAM/ros_ws/install/rtabmap_sync:/SLAM/ros_ws/install/rtabmap_rviz_plugins:/SLAM/ros_ws/install/rtabmap_conversions:/SLAM/ros_ws/install/rtabmap_python:/SLAM/ros_ws/install/camera_calibration:/opt/ros/humble:/SLAM/ros_ws/install/rtabmap_msgs:/SLAM/ros_ws/install/rtabmap:/SLAM/ros_ws/install/image_view:/SLAM/ros_ws/install/image_rotate:/SLAM/ros_ws/install/astra_camera:/SLAM/ros_ws/install/image_publisher:/SLAM/ros_ws/install/depth_image_proc:/SLAM/ros_ws/install/astra_camera_msgs /usr/bin/cmake --install /SLAM/ros_ws/build/depth_image_proc
[4.502s] -- Install configuration: "Release"
[4.502s] -- Execute custom install script
[4.502s] -- Up-to-date symlink: /SLAM/ros_ws/install/depth_image_proc/include/depth_image_proc/conversions.hpp
[4.502s] -- Up-to-date symlink: /SLAM/ros_ws/install/depth_image_proc/include/depth_image_proc/depth_traits.hpp
[4.502s] -- Up-to-date symlink: /SLAM/ros_ws/install/depth_image_proc/include/depth_image_proc/point_cloud_xyz.hpp
[4.503s] -- Up-to-date symlink: /SLAM/ros_ws/install/depth_image_proc/include/depth_image_proc/point_cloud_xyz_radial.hpp
[4.503s] -- Up-to-date symlink: /SLAM/ros_ws/install/depth_image_proc/include/depth_image_proc/point_cloud_xyzi.hpp
[4.503s] -- Up-to-date symlink: /SLAM/ros_ws/install/depth_image_proc/include/depth_image_proc/point_cloud_xyzi_radial.hpp
[4.503s] -- Up-to-date symlink: /SLAM/ros_ws/install/depth_image_proc/include/depth_image_proc/point_cloud_xyzrgb.hpp
[4.503s] -- Up-to-date symlink: /SLAM/ros_ws/install/depth_image_proc/include/depth_image_proc/point_cloud_xyzrgb_radial.hpp
[4.503s] -- Up-to-date symlink: /SLAM/ros_ws/install/depth_image_proc/include/depth_image_proc/visibility.h
[4.503s] -- Up-to-date symlink: /SLAM/ros_ws/install/depth_image_proc/share/depth_image_proc/environment/library_path.sh
[4.503s] -- Up-to-date symlink: /SLAM/ros_ws/install/depth_image_proc/share/depth_image_proc/environment/library_path.dsv
[4.503s] -- Up-to-date symlink: /SLAM/ros_ws/install/depth_image_proc/lib/libdepth_image_proc.so
[4.504s] -- Up-to-date symlink: /SLAM/ros_ws/install/depth_image_proc/share/depth_image_proc/launch/convert_metric.launch.py
[4.504s] -- Up-to-date symlink: /SLAM/ros_ws/install/depth_image_proc/share/depth_image_proc/launch/crop_foremost.launch.py
[4.504s] -- Up-to-date symlink: /SLAM/ros_ws/install/depth_image_proc/share/depth_image_proc/launch/disparity.launch.py
[4.504s] -- Up-to-date symlink: /SLAM/ros_ws/install/depth_image_proc/share/depth_image_proc/launch/point_cloud_xyz.launch.py
[4.504s] -- Up-to-date symlink: /SLAM/ros_ws/install/depth_image_proc/share/depth_image_proc/launch/point_cloud_xyz_radial.launch.py
[4.504s] -- Up-to-date symlink: /SLAM/ros_ws/install/depth_image_proc/share/depth_image_proc/launch/point_cloud_xyzi.launch.py
[4.504s] -- Up-to-date symlink: /SLAM/ros_ws/install/depth_image_proc/share/depth_image_proc/launch/point_cloud_xyzi_radial.launch.py
[4.504s] -- Up-to-date symlink: /SLAM/ros_ws/install/depth_image_proc/share/depth_image_proc/launch/point_cloud_xyzrgb.launch.py
[4.504s] -- Up-to-date symlink: /SLAM/ros_ws/install/depth_image_proc/share/depth_image_proc/launch/point_cloud_xyzrgb_radial.launch.py
[4.504s] -- Up-to-date symlink: /SLAM/ros_ws/install/depth_image_proc/share/depth_image_proc/launch/register.launch.py
[4.504s] -- Up-to-date symlink: /SLAM/ros_ws/install/depth_image_proc/share/depth_image_proc/launch/rviz/convert_metric.rviz
[4.504s] -- Up-to-date symlink: /SLAM/ros_ws/install/depth_image_proc/share/depth_image_proc/launch/rviz/crop_formost.rviz
[4.504s] -- Up-to-date symlink: /SLAM/ros_ws/install/depth_image_proc/share/depth_image_proc/launch/rviz/disparity.rviz
[4.504s] -- Up-to-date symlink: /SLAM/ros_ws/install/depth_image_proc/share/depth_image_proc/launch/rviz/point_cloud_xyz.rviz
[4.504s] -- Up-to-date symlink: /SLAM/ros_ws/install/depth_image_proc/share/depth_image_proc/launch/rviz/point_cloud_xyz_radial.rviz
[4.505s] -- Up-to-date symlink: /SLAM/ros_ws/install/depth_image_proc/share/depth_image_proc/launch/rviz/point_cloud_xyzi.rviz
[4.505s] -- Up-to-date symlink: /SLAM/ros_ws/install/depth_image_proc/share/depth_image_proc/launch/rviz/point_cloud_xyzrgb.rviz
[4.505s] -- Up-to-date symlink: /SLAM/ros_ws/install/depth_image_proc/share/depth_image_proc/launch/rviz/register.rviz
[4.505s] -- Up-to-date symlink: /SLAM/ros_ws/install/depth_image_proc/share/ament_index/resource_index/package_run_dependencies/depth_image_proc
[4.505s] -- Up-to-date symlink: /SLAM/ros_ws/install/depth_image_proc/share/ament_index/resource_index/parent_prefix_path/depth_image_proc
[4.506s] -- Up-to-date symlink: /SLAM/ros_ws/install/depth_image_proc/share/depth_image_proc/environment/ament_prefix_path.sh
[4.506s] -- Up-to-date symlink: /SLAM/ros_ws/install/depth_image_proc/share/depth_image_proc/environment/ament_prefix_path.dsv
[4.506s] -- Up-to-date symlink: /SLAM/ros_ws/install/depth_image_proc/share/depth_image_proc/environment/path.sh
[4.506s] -- Up-to-date symlink: /SLAM/ros_ws/install/depth_image_proc/share/depth_image_proc/environment/path.dsv
[4.506s] -- Up-to-date symlink: /SLAM/ros_ws/install/depth_image_proc/share/depth_image_proc/local_setup.bash
[4.506s] -- Up-to-date symlink: /SLAM/ros_ws/install/depth_image_proc/share/depth_image_proc/local_setup.sh
[4.506s] -- Up-to-date symlink: /SLAM/ros_ws/install/depth_image_proc/share/depth_image_proc/local_setup.zsh
[4.506s] -- Up-to-date symlink: /SLAM/ros_ws/install/depth_image_proc/share/depth_image_proc/local_setup.dsv
[4.506s] -- Symlinking: /SLAM/ros_ws/install/depth_image_proc/share/depth_image_proc/package.dsv
[4.506s] -- Up-to-date symlink: /SLAM/ros_ws/install/depth_image_proc/share/ament_index/resource_index/packages/depth_image_proc
[4.507s] -- Up-to-date symlink: /SLAM/ros_ws/install/depth_image_proc/share/ament_index/resource_index/rclcpp_components/depth_image_proc
[4.507s] -- Up-to-date symlink: /SLAM/ros_ws/install/depth_image_proc/share/depth_image_proc/cmake/ament_cmake_export_dependencies-extras.cmake
[4.507s] -- Up-to-date symlink: /SLAM/ros_ws/install/depth_image_proc/share/depth_image_proc/cmake/ament_cmake_export_include_directories-extras.cmake
[4.507s] -- Up-to-date symlink: /SLAM/ros_ws/install/depth_image_proc/share/depth_image_proc/cmake/ament_cmake_export_libraries-extras.cmake
[4.507s] -- Up-to-date symlink: /SLAM/ros_ws/install/depth_image_proc/share/depth_image_proc/cmake/depth_image_procConfig.cmake
[4.507s] -- Up-to-date symlink: /SLAM/ros_ws/install/depth_image_proc/share/depth_image_proc/cmake/depth_image_procConfig-version.cmake
[4.507s] -- Up-to-date symlink: /SLAM/ros_ws/install/depth_image_proc/share/depth_image_proc/package.xml
[4.614s] Invoked command in '/SLAM/ros_ws/build/depth_image_proc' returned '0': CMAKE_PREFIX_PATH=/SLAM/ros_ws/install/image_pipeline:/SLAM/ros_ws/install/stereo_image_proc:/SLAM/ros_ws/install/image_proc:/SLAM/ros_ws/install/tracetools_image_pipeline:/SLAM/ros_ws/install/sllidar_ros2:/SLAM/ros_ws/install/rtabmap_ros:/SLAM/ros_ws/install/rtabmap_launch:/SLAM/ros_ws/install/rtabmap_examples:/SLAM/ros_ws/install/rtabmap_demos:/SLAM/ros_ws/install/rtabmap_viz:/SLAM/ros_ws/install/rtabmap_slam:/SLAM/ros_ws/install/rtabmap_odom:/SLAM/ros_ws/install/rtabmap_util:/SLAM/ros_ws/install/rtabmap_sync:/SLAM/ros_ws/install/rtabmap_rviz_plugins:/SLAM/ros_ws/install/rtabmap_conversions:/SLAM/ros_ws/install/rtabmap_python:/SLAM/ros_ws/install/camera_calibration:/opt/ros/humble:/SLAM/ros_ws/install/rtabmap_msgs:/SLAM/ros_ws/install/rtabmap:/SLAM/ros_ws/install/image_view:/SLAM/ros_ws/install/image_rotate:/SLAM/ros_ws/install/astra_camera:/SLAM/ros_ws/install/image_publisher:/SLAM/ros_ws/install/depth_image_proc:/SLAM/ros_ws/install/astra_camera_msgs /usr/bin/cmake --install /SLAM/ros_ws/build/depth_image_proc
