[0.579s] Invoking command in '/home/khanh/Documents/SLAM/ros_ws/build/rtabmap_python': PYTHONPATH=/home/khanh/Documents/SLAM/ros_ws/build/rtabmap_python/prefix_override:/home/khanh/Documents/SLAM/ros_ws/install/rtabmap_python/lib/python3.10/site-packages:${PYTHONPATH} /usr/bin/python3 setup.py develop --editable --build-directory /home/khanh/Documents/SLAM/ros_ws/build/rtabmap_python/build --no-deps install_data
[0.772s] running develop
[0.772s] /usr/lib/python3/dist-packages/setuptools/command/easy_install.py:158: EasyInstallDeprecationWarning: easy_install command is deprecated. Use build and pip and other standards-based tools.
[0.772s]   warnings.warn(
[0.772s] /usr/lib/python3/dist-packages/setuptools/command/install.py:34: SetuptoolsDeprecationWarning: setup.py install is deprecated. Use build and pip and other standards-based tools.
[0.772s]   warnings.warn(
[0.894s] running egg_info
[0.894s] writing rtabmap_python.egg-info/PKG-INFO
[0.894s] writing dependency_links to rtabmap_python.egg-info/dependency_links.txt
[0.894s] writing entry points to rtabmap_python.egg-info/entry_points.txt
[0.894s] writing requirements to rtabmap_python.egg-info/requires.txt
[0.894s] writing top-level names to rtabmap_python.egg-info/top_level.txt
[0.896s] reading manifest file 'rtabmap_python.egg-info/SOURCES.txt'
[0.896s] writing manifest file 'rtabmap_python.egg-info/SOURCES.txt'
[0.897s] running build_ext
[0.897s] Creating /home/khanh/Documents/SLAM/ros_ws/install/rtabmap_python/lib/python3.10/site-packages/rtabmap-python.egg-link (link to .)
[0.898s] 
[0.898s] Installed /home/khanh/Documents/SLAM/ros_ws/build/rtabmap_python
[0.898s] running install_data
[0.922s] Invoked command in '/home/khanh/Documents/SLAM/ros_ws/build/rtabmap_python' returned '0': PYTHONPATH=/home/khanh/Documents/SLAM/ros_ws/build/rtabmap_python/prefix_override:/home/khanh/Documents/SLAM/ros_ws/install/rtabmap_python/lib/python3.10/site-packages:${PYTHONPATH} /usr/bin/python3 setup.py develop --editable --build-directory /home/khanh/Documents/SLAM/ros_ws/build/rtabmap_python/build --no-deps install_data
