[0.571s] Invoking command in '/SLAM/ros_ws/build/depth_image_proc': CMAKE_PREFIX_PATH=${CMAKE_PREFIX_PATH}:/SLAM/ros_ws/install/camera_calibration:/opt/ros/humble /usr/bin/cmake /SLAM/ros_ws/src/image_pipeline/depth_image_proc -DCMAKE_INSTALL_PREFIX=/SLAM/ros_ws/install/depth_image_proc
[0.909s] -- Found ament_cmake_auto: 1.3.6 (/opt/ros/humble/share/ament_cmake_auto/cmake)
[0.910s] -- Override CMake install command with custom implementation using symlinks instead of copying resources
[0.911s] -- Found rosidl_generator_c: 3.1.5 (/opt/ros/humble/share/rosidl_generator_c/cmake)
[0.911s] -- Found rosidl_adapter: 3.1.5 (/opt/ros/humble/share/rosidl_adapter/cmake)
[0.911s] -- Found rosidl_generator_cpp: 3.1.5 (/opt/ros/humble/share/rosidl_generator_cpp/cmake)
[0.915s] -- Using all available rosidl_typesupport_c: rosidl_typesupport_fastrtps_c;rosidl_typesupport_introspection_c
[0.923s] -- Using all available rosidl_typesupport_cpp: rosidl_typesupport_fastrtps_cpp;rosidl_typesupport_introspection_cpp
[1.345s] -- Found rmw_implementation_cmake: 6.1.1 (/opt/ros/humble/share/rmw_implementation_cmake/cmake)
[1.347s] -- Found rmw_fastrtps_cpp: 6.2.5 (/opt/ros/humble/share/rmw_fastrtps_cpp/cmake)
[1.611s] -- Using RMW implementation 'rmw_fastrtps_cpp' as default
[2.587s] -- Found ament_lint_auto: 0.12.9 (/opt/ros/humble/share/ament_lint_auto/cmake)
[2.606s] -- Added test 'copyright' to check source files copyright and LICENSE
[2.610s] -- Added test 'cppcheck' to perform static code analysis on C / C++ code
[2.610s] -- Configured cppcheck include dirs: /SLAM/ros_ws/src/image_pipeline/depth_image_proc/include
[2.610s] -- Configured cppcheck exclude dirs and/or files: 
[2.614s] -- Added test 'cpplint' to check C / C++ code against the Google style
[2.614s] -- Configured cpplint exclude dirs and/or files: 
[2.616s] -- Added test 'flake8' to check Python code syntax and style conventions
[2.616s] -- Added test 'lint_cmake' to check CMake code style
[2.617s] -- Added test 'pep257' to check Python code against some of the docstring style conventions in PEP 257
[2.621s] -- Added test 'uncrustify' to check C / C++ code style
[2.621s] -- Configured uncrustify additional arguments: 
[2.622s] -- Added test 'xmllint' to check XML markup files
[2.626s] -- Configuring done
[2.658s] -- Generating done
[2.661s] -- Build files have been written to: /SLAM/ros_ws/build/depth_image_proc
[2.714s] Invoked command in '/SLAM/ros_ws/build/depth_image_proc' returned '0': CMAKE_PREFIX_PATH=${CMAKE_PREFIX_PATH}:/SLAM/ros_ws/install/camera_calibration:/opt/ros/humble /usr/bin/cmake /SLAM/ros_ws/src/image_pipeline/depth_image_proc -DCMAKE_INSTALL_PREFIX=/SLAM/ros_ws/install/depth_image_proc
[2.717s] Invoking command in '/SLAM/ros_ws/build/depth_image_proc': CMAKE_PREFIX_PATH=${CMAKE_PREFIX_PATH}:/SLAM/ros_ws/install/camera_calibration:/opt/ros/humble /usr/bin/cmake --build /SLAM/ros_ws/build/depth_image_proc
[2.786s] [35m[1mConsolidate compiler generated dependencies of target depth_image_proc[0m
[2.857s] [100%] Built target depth_image_proc
[2.874s] Invoked command in '/SLAM/ros_ws/build/depth_image_proc' returned '0': CMAKE_PREFIX_PATH=${CMAKE_PREFIX_PATH}:/SLAM/ros_ws/install/camera_calibration:/opt/ros/humble /usr/bin/cmake --build /SLAM/ros_ws/build/depth_image_proc
