[0.535s] Invoking command in '/SLAM/ros_ws/build/rtabmap_msgs': /usr/bin/cmake /SLAM/ros_ws/src/rtabmap_ros/rtabmap_msgs -DCMAKE_BUILD_TYPE=Release -DCATKIN_INSTALL_INTO_PREFIX_ROOT=0 -DCATKIN_SYMLINK_INSTALL=ON -DCMAKE_INSTALL_PREFIX=/SLAM/ros_ws/install/rtabmap_msgs
[1.318s] -- The C compiler identification is GNU 11.4.0
[1.318s] -- The CXX compiler identification is GNU 11.4.0
[1.318s] -- Detecting C compiler ABI info
[1.318s] -- Detecting C compiler ABI info - done
[1.318s] -- Check for working C compiler: /usr/bin/cc - skipped
[1.319s] -- Detecting C compile features
[1.319s] -- Detecting C compile features - done
[1.319s] -- Detecting CXX compiler ABI info
[1.319s] -- Detecting CXX compiler ABI info - done
[1.319s] -- Check for working CXX compiler: /usr/bin/c++ - skipped
[1.319s] -- Detecting CXX compile features
[1.319s] -- Detecting CXX compile features - done
[1.319s] -- Found rosidl_default_generators: 1.2.0 (/opt/ros/humble/share/rosidl_default_generators/cmake)
[1.319s] -- Found ament_cmake_core: 1.3.6 (/opt/ros/humble/share/ament_cmake_core/cmake)
[1.319s] -- Found Python3: /usr/bin/python3.10 (found version "3.10.12") found components: Interpreter 
[1.320s] -- Using all available rosidl_typesupport_c: rosidl_typesupport_fastrtps_c;rosidl_typesupport_introspection_c
[1.330s] -- Found rosidl_adapter: 3.1.5 (/opt/ros/humble/share/rosidl_adapter/cmake)
[1.552s] -- Using all available rosidl_typesupport_cpp: rosidl_typesupport_fastrtps_cpp;rosidl_typesupport_introspection_cpp
[1.652s] -- Found geometry_msgs: 4.2.3 (/opt/ros/humble/share/geometry_msgs/cmake)
[1.893s] -- Found sensor_msgs: 4.2.3 (/opt/ros/humble/share/sensor_msgs/cmake)
[2.036s] -- Found std_srvs: 4.2.3 (/opt/ros/humble/share/std_srvs/cmake)
[2.940s] -- Found ament_cmake_ros: 0.10.0 (/opt/ros/humble/share/ament_cmake_ros/cmake)
[3.390s] -- Using all available rosidl_typesupport_c: rosidl_typesupport_fastrtps_c;rosidl_typesupport_introspection_c
[3.971s] -- Using all available rosidl_typesupport_cpp: rosidl_typesupport_fastrtps_cpp;rosidl_typesupport_introspection_cpp
[4.003s] -- Found PythonInterp: /usr/bin/python3 (found suitable version "3.10.12", minimum required is "3.6") 
[4.010s] -- Found python_cmake_module: 0.10.0 (/opt/ros/humble/share/python_cmake_module/cmake)
[4.047s] -- Found PythonLibs: /usr/lib/x86_64-linux-gnu/libpython3.10.so (found suitable version "3.10.12", minimum required is "3.5") 
[4.047s] -- Using PYTHON_EXECUTABLE: /usr/bin/python3
[4.047s] -- Using PYTHON_INCLUDE_DIRS: /usr/include/python3.10
[4.047s] -- Using PYTHON_LIBRARIES: /usr/lib/x86_64-linux-gnu/libpython3.10.so
[4.078s] -- Found PythonExtra: .so  
[4.230s] -- Configuring done
[4.417s] -- Generating done
[4.421s] [33mCMake Warning:
[4.421s]   Manually-specified variables were not used by the project:
[4.422s] 
[4.422s]     CATKIN_INSTALL_INTO_PREFIX_ROOT
[4.422s]     CATKIN_SYMLINK_INSTALL
[4.422s] 
[4.422s] [0m
[4.422s] -- Build files have been written to: /SLAM/ros_ws/build/rtabmap_msgs
[4.484s] Invoked command in '/SLAM/ros_ws/build/rtabmap_msgs' returned '0': /usr/bin/cmake /SLAM/ros_ws/src/rtabmap_ros/rtabmap_msgs -DCMAKE_BUILD_TYPE=Release -DCATKIN_INSTALL_INTO_PREFIX_ROOT=0 -DCATKIN_SYMLINK_INSTALL=ON -DCMAKE_INSTALL_PREFIX=/SLAM/ros_ws/install/rtabmap_msgs
[4.485s] Invoking command in '/SLAM/ros_ws/build/rtabmap_msgs': /usr/bin/cmake --build /SLAM/ros_ws/build/rtabmap_msgs
[4.698s] [  0%] [34m[1mGenerating C code for ROS interfaces[0m
[4.792s] [  0%] [34m[1mGenerating C++ code for ROS interfaces[0m
[4.809s] [  0%] Built target ament_cmake_python_copy_rtabmap_msgs
[5.540s] running egg_info
[5.541s] creating rtabmap_msgs.egg-info
[5.542s] writing rtabmap_msgs.egg-info/PKG-INFO
[5.544s] writing dependency_links to rtabmap_msgs.egg-info/dependency_links.txt
[5.545s] writing top-level names to rtabmap_msgs.egg-info/top_level.txt
[5.546s] writing manifest file 'rtabmap_msgs.egg-info/SOURCES.txt'
[5.551s] reading manifest file 'rtabmap_msgs.egg-info/SOURCES.txt'
[5.552s] writing manifest file 'rtabmap_msgs.egg-info/SOURCES.txt'
[5.722s] [  0%] Built target ament_cmake_python_build_rtabmap_msgs_egg
[128.580s] [  1%] [32mBuilding C object CMakeFiles/rtabmap_msgs__rosidl_generator_c.dir/rosidl_generator_c/rtabmap_msgs/msg/detail/info__functions.c.o[0m
[128.626s] [  1%] [32mBuilding C object CMakeFiles/rtabmap_msgs__rosidl_generator_c.dir/rosidl_generator_c/rtabmap_msgs/msg/detail/key_point__functions.c.o[0m
[128.668s] [  1%] [32mBuilding C object CMakeFiles/rtabmap_msgs__rosidl_generator_c.dir/rosidl_generator_c/rtabmap_msgs/msg/detail/global_descriptor__functions.c.o[0m
[128.704s] [  2%] [32mBuilding C object CMakeFiles/rtabmap_msgs__rosidl_generator_c.dir/rosidl_generator_c/rtabmap_msgs/msg/detail/scan_descriptor__functions.c.o[0m
[129.329s] [  2%] [32mBuilding C object CMakeFiles/rtabmap_msgs__rosidl_generator_c.dir/rosidl_generator_c/rtabmap_msgs/msg/detail/map_data__functions.c.o[0m
[129.332s] [  2%] [32mBuilding C object CMakeFiles/rtabmap_msgs__rosidl_generator_c.dir/rosidl_generator_c/rtabmap_msgs/msg/detail/node__functions.c.o[0m
[129.344s] [  2%] [32mBuilding C object CMakeFiles/rtabmap_msgs__rosidl_generator_c.dir/rosidl_generator_c/rtabmap_msgs/msg/detail/map_graph__functions.c.o[0m
[129.398s] [  3%] [32mBuilding C object CMakeFiles/rtabmap_msgs__rosidl_generator_c.dir/rosidl_generator_c/rtabmap_msgs/msg/detail/sensor_data__functions.c.o[0m
[129.665s] [  3%] [32mBuilding C object CMakeFiles/rtabmap_msgs__rosidl_generator_c.dir/rosidl_generator_c/rtabmap_msgs/msg/detail/link__functions.c.o[0m
[129.666s] [  3%] [32mBuilding C object CMakeFiles/rtabmap_msgs__rosidl_generator_c.dir/rosidl_generator_c/rtabmap_msgs/msg/detail/landmark_detection__functions.c.o[0m
[129.742s] [  4%] [32mBuilding C object CMakeFiles/rtabmap_msgs__rosidl_generator_c.dir/rosidl_generator_c/rtabmap_msgs/msg/detail/landmark_detections__functions.c.o[0m
[129.848s] [  4%] [32mBuilding C object CMakeFiles/rtabmap_msgs__rosidl_generator_c.dir/rosidl_generator_c/rtabmap_msgs/msg/detail/odom_info__functions.c.o[0m
[129.913s] [  4%] [32mBuilding C object CMakeFiles/rtabmap_msgs__rosidl_generator_c.dir/rosidl_generator_c/rtabmap_msgs/msg/detail/point2f__functions.c.o[0m
[130.212s] [  5%] [32mBuilding C object CMakeFiles/rtabmap_msgs__rosidl_generator_c.dir/rosidl_generator_c/rtabmap_msgs/msg/detail/point3f__functions.c.o[0m
[130.365s] [  5%] [32mBuilding C object CMakeFiles/rtabmap_msgs__rosidl_generator_c.dir/rosidl_generator_c/rtabmap_msgs/msg/detail/goal__functions.c.o[0m
[130.493s] [  5%] [32mBuilding C object CMakeFiles/rtabmap_msgs__rosidl_generator_c.dir/rosidl_generator_c/rtabmap_msgs/msg/detail/rgbd_images__functions.c.o[0m
[130.493s] [  5%] [32mBuilding C object CMakeFiles/rtabmap_msgs__rosidl_generator_c.dir/rosidl_generator_c/rtabmap_msgs/msg/detail/rgbd_image__functions.c.o[0m
[130.498s] [  5%] Built target rtabmap_msgs__cpp
[130.526s] [  6%] [32mBuilding C object CMakeFiles/rtabmap_msgs__rosidl_generator_c.dir/rosidl_generator_c/rtabmap_msgs/msg/detail/user_data__functions.c.o[0m
[130.530s] [  6%] [32mBuilding C object CMakeFiles/rtabmap_msgs__rosidl_generator_c.dir/rosidl_generator_c/rtabmap_msgs/msg/detail/gps__functions.c.o[0m
[130.604s] [  6%] [34m[1mGenerating C++ type support dispatch for ROS interfaces[0m
[130.642s] [  6%] [32mBuilding C object CMakeFiles/rtabmap_msgs__rosidl_generator_c.dir/rosidl_generator_c/rtabmap_msgs/msg/detail/path__functions.c.o[0m
[130.854s] [  7%] [32mBuilding C object CMakeFiles/rtabmap_msgs__rosidl_generator_c.dir/rosidl_generator_c/rtabmap_msgs/msg/detail/env_sensor__functions.c.o[0m
[130.880s] [  7%] [32mBuilding C object CMakeFiles/rtabmap_msgs__rosidl_generator_c.dir/rosidl_generator_c/rtabmap_msgs/msg/detail/camera_model__functions.c.o[0m
[130.939s] [  7%] [32mBuilding C object CMakeFiles/rtabmap_msgs__rosidl_generator_c.dir/rosidl_generator_c/rtabmap_msgs/msg/detail/camera_models__functions.c.o[0m
[131.000s] [  8%] [32mBuilding C object CMakeFiles/rtabmap_msgs__rosidl_generator_c.dir/rosidl_generator_c/rtabmap_msgs/srv/detail/get_map__functions.c.o[0m
[131.059s] [  8%] [34m[1mGenerating C++ type support for eProsima Fast-RTPS[0m
[131.196s] [  8%] [32mBuilding C object CMakeFiles/rtabmap_msgs__rosidl_generator_c.dir/rosidl_generator_c/rtabmap_msgs/srv/detail/get_map2__functions.c.o[0m
[131.200s] [  9%] [34m[1mGenerating C++ introspection for ROS interfaces[0m
[131.292s] [  9%] [32mBuilding C object CMakeFiles/rtabmap_msgs__rosidl_generator_c.dir/rosidl_generator_c/rtabmap_msgs/srv/detail/list_labels__functions.c.o[0m
[131.440s] [  9%] [32mBuilding C object CMakeFiles/rtabmap_msgs__rosidl_generator_c.dir/rosidl_generator_c/rtabmap_msgs/srv/detail/publish_map__functions.c.o[0m
[131.704s] [ 10%] [32mBuilding C object CMakeFiles/rtabmap_msgs__rosidl_generator_c.dir/rosidl_generator_c/rtabmap_msgs/srv/detail/reset_pose__functions.c.o[0m
[131.764s] [ 10%] [32mBuilding C object CMakeFiles/rtabmap_msgs__rosidl_generator_c.dir/rosidl_generator_c/rtabmap_msgs/srv/detail/set_goal__functions.c.o[0m
[131.989s] [ 10%] [32mBuilding C object CMakeFiles/rtabmap_msgs__rosidl_generator_c.dir/rosidl_generator_c/rtabmap_msgs/srv/detail/set_label__functions.c.o[0m
[132.097s] [ 11%] [32mBuilding C object CMakeFiles/rtabmap_msgs__rosidl_generator_c.dir/rosidl_generator_c/rtabmap_msgs/srv/detail/remove_label__functions.c.o[0m
[132.119s] [ 11%] [32mBuilding C object CMakeFiles/rtabmap_msgs__rosidl_generator_c.dir/rosidl_generator_c/rtabmap_msgs/srv/detail/get_plan__functions.c.o[0m
[132.368s] [ 11%] [32mBuilding C object CMakeFiles/rtabmap_msgs__rosidl_generator_c.dir/rosidl_generator_c/rtabmap_msgs/srv/detail/add_link__functions.c.o[0m
[132.537s] [ 12%] [32mBuilding C object CMakeFiles/rtabmap_msgs__rosidl_generator_c.dir/rosidl_generator_c/rtabmap_msgs/srv/detail/get_node_data__functions.c.o[0m
[132.604s] [ 12%] [32mBuilding C object CMakeFiles/rtabmap_msgs__rosidl_generator_c.dir/rosidl_generator_c/rtabmap_msgs/srv/detail/get_nodes_in_radius__functions.c.o[0m
[132.927s] [ 12%] [32mBuilding C object CMakeFiles/rtabmap_msgs__rosidl_generator_c.dir/rosidl_generator_c/rtabmap_msgs/srv/detail/load_database__functions.c.o[0m
[132.975s] [ 12%] [32mBuilding C object CMakeFiles/rtabmap_msgs__rosidl_generator_c.dir/rosidl_generator_c/rtabmap_msgs/srv/detail/detect_more_loop_closures__functions.c.o[0m
[133.011s] [ 13%] [32mBuilding C object CMakeFiles/rtabmap_msgs__rosidl_generator_c.dir/rosidl_generator_c/rtabmap_msgs/srv/detail/global_bundle_adjustment__functions.c.o[0m
[133.362s] [ 13%] [32mBuilding C object CMakeFiles/rtabmap_msgs__rosidl_generator_c.dir/rosidl_generator_c/rtabmap_msgs/srv/detail/cleanup_local_grids__functions.c.o[0m
[133.688s] [ 13%] [32m[1mLinking C shared library librtabmap_msgs__rosidl_generator_c.so[0m
[133.887s] [ 13%] Built target rtabmap_msgs__rosidl_generator_c
[133.979s] [ 14%] [34m[1mGenerating C introspection for ROS interfaces[0m
[133.994s] [ 15%] [34m[1mGenerating C type support for eProsima Fast-RTPS[0m
[134.007s] [ 16%] [34m[1mGenerating C type support dispatch for ROS interfaces[0m
[141.449s] [ 17%] [32mBuilding CXX object CMakeFiles/rtabmap_msgs__rosidl_typesupport_cpp.dir/rosidl_typesupport_cpp/rtabmap_msgs/msg/info__type_support.cpp.o[0m
[143.080s] [ 17%] [32mBuilding CXX object CMakeFiles/rtabmap_msgs__rosidl_typesupport_cpp.dir/rosidl_typesupport_cpp/rtabmap_msgs/msg/key_point__type_support.cpp.o[0m
