[0.000000] (-) TimerEvent: {}
[0.000156] (-) JobUnselected: {'identifier': 'astra_camera'}
[0.000265] (-) JobUnselected: {'identifier': 'astra_camera_msgs'}
[0.000365] (-) JobUnselected: {'identifier': 'camera_calibration'}
[0.000446] (-) JobUnselected: {'identifier': 'depth_image_proc'}
[0.000463] (-) JobUnselected: {'identifier': 'image_pipeline'}
[0.000493] (-) JobUnselected: {'identifier': 'image_proc'}
[0.000577] (-) JobUnselected: {'identifier': 'image_publisher'}
[0.000614] (-) JobUnselected: {'identifier': 'image_rotate'}
[0.000650] (-) JobUnselected: {'identifier': 'image_view'}
[0.000706] (-) JobUnselected: {'identifier': 'rtabmap'}
[0.000724] (-) JobUnselected: {'identifier': 'rtabmap_conversions'}
[0.000757] (-) JobUnselected: {'identifier': 'rtabmap_demos'}
[0.000857] (-) JobUnselected: {'identifier': 'rtabmap_examples'}
[0.000907] (-) JobUnselected: {'identifier': 'rtabmap_launch'}
[0.000975] (-) JobUnselected: {'identifier': 'rtabmap_msgs'}
[0.000990] (-) JobUnselected: {'identifier': 'rtabmap_odom'}
[0.001074] (-) JobUnselected: {'identifier': 'rtabmap_python'}
[0.001100] (-) JobUnselected: {'identifier': 'rtabmap_ros'}
[0.001127] (-) JobUnselected: {'identifier': 'rtabmap_rviz_plugins'}
[0.001214] (-) JobUnselected: {'identifier': 'rtabmap_sync'}
[0.001239] (-) JobUnselected: {'identifier': 'rtabmap_util'}
[0.001277] (-) JobUnselected: {'identifier': 'rtabmap_viz'}
[0.001342] (-) JobUnselected: {'identifier': 'sllidar_ros2'}
[0.001359] (-) JobUnselected: {'identifier': 'stereo_image_proc'}
[0.001390] (-) JobUnselected: {'identifier': 'tracetools_image_pipeline'}
[0.001445] (rtabmap_slam) JobQueued: {'identifier': 'rtabmap_slam', 'dependencies': OrderedDict([('rtabmap', '/SLAM/ros_ws/install/rtabmap'), ('rtabmap_msgs', '/SLAM/ros_ws/install/rtabmap_msgs'), ('rtabmap_conversions', '/SLAM/ros_ws/install/rtabmap_conversions'), ('rtabmap_sync', '/SLAM/ros_ws/install/rtabmap_sync'), ('rtabmap_util', '/SLAM/ros_ws/install/rtabmap_util')])}
[0.001468] (rtabmap_slam) JobStarted: {'identifier': 'rtabmap_slam'}
[0.052382] (rtabmap_slam) JobProgress: {'identifier': 'rtabmap_slam', 'progress': 'cmake'}
[0.053380] (rtabmap_slam) Command: {'cmd': ['/usr/bin/cmake', '/SLAM/ros_ws/src/rtabmap_ros/rtabmap_slam', '-DCMAKE_BUILD_TYPE=Release', '-DAMENT_CMAKE_SYMLINK_INSTALL=1', '-DCMAKE_INSTALL_PREFIX=/SLAM/ros_ws/install/rtabmap_slam'], 'cwd': '/SLAM/ros_ws/build/rtabmap_slam', 'env': OrderedDict([('HOSTNAME', 'acer'), ('GIT_ASKPASS', '/home/ros/.vscode-server/bin/0ee08df0cf4527e40edc9aa28f4b5bd38bbff2b2/extensions/git/dist/askpass.sh'), ('ROS_PACKAGE_PATH', '/SLAM/ros_ws/install/rtabmap_msgs/share'), ('SHLVL', '2'), ('LD_LIBRARY_PATH', '/SLAM/ros_ws/install/rtabmap_util/lib:/SLAM/ros_ws/install/rtabmap_sync/lib:/SLAM/ros_ws/install/rtabmap_conversions/lib:/SLAM/ros_ws/install/rtabmap_msgs/lib:/SLAM/ros_ws/install/rtabmap/lib:/usr/lib/x86_64-linux-gnu/gazebo-11/plugins:/opt/ros/humble/opt/rviz_ogre_vendor/lib:/opt/ros/humble/lib/x86_64-linux-gnu:/opt/ros/humble/lib'), ('BROWSER', '/home/ros/.vscode-server/bin/0ee08df0cf4527e40edc9aa28f4b5bd38bbff2b2/bin/helpers/browser.sh'), ('HOME', '/home/ros'), ('OLDPWD', '/SLAM'), ('TERM_PROGRAM_VERSION', '1.85.1'), ('VSCODE_IPC_HOOK_CLI', '/tmp/vscode-ipc-b767ac96-efed-4f0f-95be-a2aa688262b3.sock'), ('ROS_PYTHON_VERSION', '3'), ('VSCODE_GIT_ASKPASS_MAIN', '/home/ros/.vscode-server/bin/0ee08df0cf4527e40edc9aa28f4b5bd38bbff2b2/extensions/git/dist/askpass-main.js'), ('VSCODE_GIT_ASKPASS_NODE', '/home/ros/.vscode-server/bin/0ee08df0cf4527e40edc9aa28f4b5bd38bbff2b2/node'), ('MAKEFLAGS', '-j6'), ('COLORTERM', 'truecolor'), ('REMOTE_CONTAINERS', 'true'), ('ROS_DISTRO', 'humble'), ('REMOTE_CONTAINERS_IPC', '/tmp/vscode-remote-containers-ipc-9ab2f5d1-353e-48b2-a529-a74e9f1ed1d2.sock'), ('_', '/usr/bin/colcon'), ('ROS_VERSION', '2'), ('PKG_CONFIG_PATH', '/SLAM/ros_ws/install/rtabmap_msgs/lib/x86_64-linux-gnu/pkgconfig:/SLAM/ros_ws/install/rtabmap_msgs/lib/pkgconfig:/SLAM/ros_ws/install/rtabmap/lib/x86_64-linux-gnu/pkgconfig:/SLAM/ros_ws/install/rtabmap/lib/pkgconfig'), ('TERM', 'xterm-256color'), ('ROS_LOCALHOST_ONLY', '0'), ('PATH', '/SLAM/ros_ws/install/rtabmap/bin:/home/ros/.vscode-server/bin/0ee08df0cf4527e40edc9aa28f4b5bd38bbff2b2/bin/remote-cli:/opt/ros/humble/bin:/usr/local/sbin:/usr/local/bin:/usr/sbin:/usr/bin:/sbin:/bin'), ('REMOTE_CONTAINERS_SOCKETS', '["/tmp/vscode-ssh-auth-9ab2f5d1-353e-48b2-a529-a74e9f1ed1d2.sock","/tmp/.X11-unix/X0","/home/ros/.gnupg/S.gpg-agent"]'), ('DISPLAY', ':1'), ('LANG', 'C.UTF-8'), ('VSCODE_GIT_IPC_HANDLE', '/tmp/vscode-git-300c5a9faf.sock'), ('TERM_PROGRAM', 'vscode'), ('SSH_AUTH_SOCK', '/tmp/vscode-ssh-auth-9ab2f5d1-353e-48b2-a529-a74e9f1ed1d2.sock'), ('AMENT_PREFIX_PATH', '/SLAM/ros_ws/install/rtabmap_util:/SLAM/ros_ws/install/rtabmap_sync:/SLAM/ros_ws/install/rtabmap_conversions:/opt/ros/humble'), ('REMOTE_CONTAINERS_DISPLAY_SOCK', '/tmp/.X11-unix/X0'), ('SHELL', '/bin/bash'), ('VSCODE_GIT_ASKPASS_EXTRA_ARGS', ''), ('PWD', '/SLAM/ros_ws/build/rtabmap_slam'), ('LC_ALL', 'C.UTF-8'), ('PYTHONPATH', '/SLAM/ros_ws/install/rtabmap_msgs/local/lib/python3.10/dist-packages:/opt/ros/humble/lib/python3.10/site-packages:/opt/ros/humble/local/lib/python3.10/dist-packages'), ('COLCON', '1'), ('CMAKE_PREFIX_PATH', '/SLAM/ros_ws/install/rtabmap_util:/SLAM/ros_ws/install/rtabmap_sync:/SLAM/ros_ws/install/rtabmap_conversions:/opt/ros/humble:/SLAM/ros_ws/install/rtabmap_msgs:/SLAM/ros_ws/install/rtabmap')]), 'shell': False}
[0.067991] (rtabmap_slam) StdoutLine: {'line': b'-- Found ament_cmake: 1.3.6 (/opt/ros/humble/share/ament_cmake/cmake)\n'}
[0.099363] (-) TimerEvent: {}
[0.176417] (rtabmap_slam) StdoutLine: {'line': b'-- Override CMake install command with custom implementation using symlinks instead of copying resources\n'}
[0.182997] (rtabmap_slam) StdoutLine: {'line': b'-- Found cv_bridge: 3.2.1 (/opt/ros/humble/share/cv_bridge/cmake)\n'}
[0.199439] (-) TimerEvent: {}
[0.211933] (rtabmap_slam) StdoutLine: {'line': b'-- Found rosidl_generator_c: 3.1.5 (/opt/ros/humble/share/rosidl_generator_c/cmake)\n'}
[0.213966] (rtabmap_slam) StdoutLine: {'line': b'-- Found rosidl_adapter: 3.1.5 (/opt/ros/humble/share/rosidl_adapter/cmake)\n'}
[0.219129] (rtabmap_slam) StdoutLine: {'line': b'-- Found rosidl_generator_cpp: 3.1.5 (/opt/ros/humble/share/rosidl_generator_cpp/cmake)\n'}
[0.228165] (rtabmap_slam) StdoutLine: {'line': b'-- Using all available rosidl_typesupport_c: rosidl_typesupport_fastrtps_c;rosidl_typesupport_introspection_c\n'}
[0.240459] (rtabmap_slam) StdoutLine: {'line': b'-- Using all available rosidl_typesupport_cpp: rosidl_typesupport_fastrtps_cpp;rosidl_typesupport_introspection_cpp\n'}
[0.299522] (-) TimerEvent: {}
[0.398638] (rtabmap_slam) StdoutLine: {'line': b'-- Found nav_msgs: 4.2.3 (/opt/ros/humble/share/nav_msgs/cmake)\n'}
[0.399606] (-) TimerEvent: {}
[0.461960] (rtabmap_slam) StdoutLine: {'line': b'-- Found nav2_msgs: 1.1.12 (/opt/ros/humble/share/nav2_msgs/cmake)\n'}
[0.499691] (-) TimerEvent: {}
[0.599908] (-) TimerEvent: {}
[0.615800] (rtabmap_slam) StdoutLine: {'line': b'-- Found pluginlib: 5.1.0 (/opt/ros/humble/share/pluginlib/cmake)\n'}
[0.639791] (rtabmap_slam) StdoutLine: {'line': b'-- Found rclcpp: 16.0.7 (/opt/ros/humble/share/rclcpp/cmake)\n'}
[0.676113] (rtabmap_slam) StdoutLine: {'line': b'-- Found rmw_implementation_cmake: 6.1.1 (/opt/ros/humble/share/rmw_implementation_cmake/cmake)\n'}
[0.677287] (rtabmap_slam) StdoutLine: {'line': b'-- Found rmw_fastrtps_cpp: 6.2.5 (/opt/ros/humble/share/rmw_fastrtps_cpp/cmake)\n'}
[0.699982] (-) TimerEvent: {}
[0.700519] (rtabmap_slam) StdoutLine: {'line': b'-- Found TinyXML2 via Config file: TinyXML2_DIR-NOTFOUND\n'}
[0.710468] (rtabmap_slam) StdoutLine: {'line': b'-- Found TinyXML2 via Config file: TinyXML2_DIR-NOTFOUND\n'}
[0.731375] (rtabmap_slam) StdoutLine: {'line': b'-- Found TinyXML2 via Config file: TinyXML2_DIR-NOTFOUND\n'}
[0.740604] (rtabmap_slam) StdoutLine: {'line': b'-- Found TinyXML2 via Config file: TinyXML2_DIR-NOTFOUND\n'}
[0.748651] (rtabmap_slam) StdoutLine: {'line': b"-- Using RMW implementation 'rmw_fastrtps_cpp' as default\n"}
[0.800056] (-) TimerEvent: {}
[0.843492] (rtabmap_slam) StdoutLine: {'line': b'-- Found rclcpp_components: 16.0.7 (/opt/ros/humble/share/rclcpp_components/cmake)\n'}
[0.884526] (rtabmap_slam) StdoutLine: {'line': b'-- Found std_srvs: 4.2.3 (/opt/ros/humble/share/std_srvs/cmake)\n'}
[0.896906] (rtabmap_slam) StdoutLine: {'line': b'-- Found tf2: 0.25.5 (/opt/ros/humble/share/tf2/cmake)\n'}
[0.900126] (-) TimerEvent: {}
[0.902559] (rtabmap_slam) StdoutLine: {'line': b'-- Found tf2_ros: 0.25.5 (/opt/ros/humble/share/tf2_ros/cmake)\n'}
[1.000234] (-) TimerEvent: {}
[1.044579] (rtabmap_slam) StdoutLine: {'line': b'-- Found visualization_msgs: 4.2.3 (/opt/ros/humble/share/visualization_msgs/cmake)\n'}
[1.100312] (-) TimerEvent: {}
[1.132793] (rtabmap_slam) StdoutLine: {'line': b'-- Found rtabmap_msgs: 0.21.3 (/SLAM/ros_ws/install/rtabmap_msgs/share/rtabmap_msgs/cmake)\n'}
[1.200397] (-) TimerEvent: {}
[1.217405] (rtabmap_slam) StdoutLine: {'line': b'-- Found rtabmap_util: 0.21.3 (/SLAM/ros_ws/install/rtabmap_util/share/rtabmap_util/cmake)\n'}
[1.300498] (-) TimerEvent: {}
[1.400781] (-) TimerEvent: {}
[1.501070] (-) TimerEvent: {}
[1.601396] (-) TimerEvent: {}
[1.701700] (-) TimerEvent: {}
[1.794872] (rtabmap_slam) StdoutLine: {'line': b'-- Found eigen3_cmake_module: 0.1.1 (/opt/ros/humble/share/eigen3_cmake_module/cmake)\n'}
[1.796001] (rtabmap_slam) StdoutLine: {'line': b'-- Ensuring Eigen3 include directory is part of orocos-kdl CMake target\n'}
[1.801757] (-) TimerEvent: {}
[1.901972] (-) TimerEvent: {}
[2.002292] (-) TimerEvent: {}
[2.064653] (rtabmap_slam) StdoutLine: {'line': b'-- Eigen found (include: /usr/include/eigen3, version: 3.4.0)\n'}
[2.098318] (rtabmap_slam) StdoutLine: {'line': b'-- FLANN found (include: /usr/include, lib: /usr/lib/x86_64-linux-gnu/libflann_cpp.so)\n'}
[2.102366] (-) TimerEvent: {}
[2.202591] (-) TimerEvent: {}
[2.302856] (-) TimerEvent: {}
[2.354129] (rtabmap_slam) StdoutLine: {'line': b'-- OpenNI found (version: 1.5.4.0, include: /usr/include/ni, lib: /usr/lib/libOpenNI.so;libusb::libusb)\n'}
[2.361246] (rtabmap_slam) StdoutLine: {'line': b'-- OpenNI2 found (version: 2.2.0.33, include: /usr/include/openni2, lib: /usr/lib/x86_64-linux-gnu/libOpenNI2.so;libusb::libusb)\n'}
[2.402961] (-) TimerEvent: {}
[2.493593] (rtabmap_slam) StdoutLine: {'line': b'-- Eigen found (include: /usr/include/eigen3, version: 3.4.0)\n'}
[2.499855] (rtabmap_slam) StdoutLine: {'line': b'-- OpenNI found (version: 1.5.4.0, include: /usr/include/ni, lib: /usr/lib/libOpenNI.so;libusb::libusb)\n'}
[2.503019] (-) TimerEvent: {}
[2.505826] (rtabmap_slam) StdoutLine: {'line': b'-- OpenNI2 found (version: 2.2.0.33, include: /usr/include/openni2, lib: /usr/lib/x86_64-linux-gnu/libOpenNI2.so;libusb::libusb)\n'}
[2.603133] (-) TimerEvent: {}
[2.633835] (rtabmap_slam) StdoutLine: {'line': b'-- Found Qhull version 8.0.2\n'}
[2.703231] (-) TimerEvent: {}
[2.764657] (rtabmap_slam) StdoutLine: {'line': b'-- OpenNI found (version: 1.5.4.0, include: /usr/include/ni, lib: /usr/lib/libOpenNI.so;libusb::libusb)\n'}
[2.803327] (-) TimerEvent: {}
[2.903616] (-) TimerEvent: {}
[3.003907] (-) TimerEvent: {}
[3.104202] (-) TimerEvent: {}
[3.154112] (rtabmap_slam) StdoutLine: {'line': b'-- Found rtabmap_sync: 0.21.3 (/SLAM/ros_ws/install/rtabmap_sync/share/rtabmap_sync/cmake)\n'}
[3.204273] (-) TimerEvent: {}
[3.290316] (rtabmap_slam) StderrLine: {'line': b'\x1b[33mCMake Warning at CMakeLists.txt:36 (find_package):\n'}
[3.290561] (rtabmap_slam) StderrLine: {'line': b'  By not providing "Findapriltag_msgs.cmake" in CMAKE_MODULE_PATH this\n'}
[3.290660] (rtabmap_slam) StderrLine: {'line': b'  project has asked CMake to find a package configuration file provided by\n'}
[3.290749] (rtabmap_slam) StderrLine: {'line': b'  "apriltag_msgs", but CMake did not find one.\n'}
[3.290838] (rtabmap_slam) StderrLine: {'line': b'\n'}
[3.290922] (rtabmap_slam) StderrLine: {'line': b'  Could not find a package configuration file provided by "apriltag_msgs"\n'}
[3.291006] (rtabmap_slam) StderrLine: {'line': b'  with any of the following names:\n'}
[3.291090] (rtabmap_slam) StderrLine: {'line': b'\n'}
[3.291171] (rtabmap_slam) StderrLine: {'line': b'    apriltag_msgsConfig.cmake\n'}
[3.291264] (rtabmap_slam) StderrLine: {'line': b'    apriltag_msgs-config.cmake\n'}
[3.291346] (rtabmap_slam) StderrLine: {'line': b'\n'}
[3.291427] (rtabmap_slam) StderrLine: {'line': b'  Add the installation prefix of "apriltag_msgs" to CMAKE_PREFIX_PATH or set\n'}
[3.291510] (rtabmap_slam) StderrLine: {'line': b'  "apriltag_msgs_DIR" to a directory containing one of the above files.  If\n'}
[3.291592] (rtabmap_slam) StderrLine: {'line': b'  "apriltag_msgs" provides a separate development package or SDK, be sure it\n'}
[3.291675] (rtabmap_slam) StderrLine: {'line': b'  has been installed.\n'}
[3.291754] (rtabmap_slam) StderrLine: {'line': b'\n'}
[3.291833] (rtabmap_slam) StderrLine: {'line': b'\x1b[0m\n'}
[3.304349] (-) TimerEvent: {}
[3.359546] (rtabmap_slam) StdoutLine: {'line': b'-- Configuring done\n'}
[3.404462] (-) TimerEvent: {}
[3.478053] (rtabmap_slam) StdoutLine: {'line': b'-- Generating done\n'}
[3.480767] (rtabmap_slam) StdoutLine: {'line': b'-- Build files have been written to: /SLAM/ros_ws/build/rtabmap_slam\n'}
[3.495208] (rtabmap_slam) CommandEnded: {'returncode': 0}
[3.495906] (rtabmap_slam) JobProgress: {'identifier': 'rtabmap_slam', 'progress': 'build'}
[3.496483] (rtabmap_slam) Command: {'cmd': ['/usr/bin/cmake', '--build', '/SLAM/ros_ws/build/rtabmap_slam'], 'cwd': '/SLAM/ros_ws/build/rtabmap_slam', 'env': OrderedDict([('HOSTNAME', 'acer'), ('GIT_ASKPASS', '/home/ros/.vscode-server/bin/0ee08df0cf4527e40edc9aa28f4b5bd38bbff2b2/extensions/git/dist/askpass.sh'), ('ROS_PACKAGE_PATH', '/SLAM/ros_ws/install/rtabmap_msgs/share'), ('SHLVL', '2'), ('LD_LIBRARY_PATH', '/SLAM/ros_ws/install/rtabmap_util/lib:/SLAM/ros_ws/install/rtabmap_sync/lib:/SLAM/ros_ws/install/rtabmap_conversions/lib:/SLAM/ros_ws/install/rtabmap_msgs/lib:/SLAM/ros_ws/install/rtabmap/lib:/usr/lib/x86_64-linux-gnu/gazebo-11/plugins:/opt/ros/humble/opt/rviz_ogre_vendor/lib:/opt/ros/humble/lib/x86_64-linux-gnu:/opt/ros/humble/lib'), ('BROWSER', '/home/ros/.vscode-server/bin/0ee08df0cf4527e40edc9aa28f4b5bd38bbff2b2/bin/helpers/browser.sh'), ('HOME', '/home/ros'), ('OLDPWD', '/SLAM'), ('TERM_PROGRAM_VERSION', '1.85.1'), ('VSCODE_IPC_HOOK_CLI', '/tmp/vscode-ipc-b767ac96-efed-4f0f-95be-a2aa688262b3.sock'), ('ROS_PYTHON_VERSION', '3'), ('VSCODE_GIT_ASKPASS_MAIN', '/home/ros/.vscode-server/bin/0ee08df0cf4527e40edc9aa28f4b5bd38bbff2b2/extensions/git/dist/askpass-main.js'), ('VSCODE_GIT_ASKPASS_NODE', '/home/ros/.vscode-server/bin/0ee08df0cf4527e40edc9aa28f4b5bd38bbff2b2/node'), ('MAKEFLAGS', '-j6'), ('COLORTERM', 'truecolor'), ('REMOTE_CONTAINERS', 'true'), ('ROS_DISTRO', 'humble'), ('REMOTE_CONTAINERS_IPC', '/tmp/vscode-remote-containers-ipc-9ab2f5d1-353e-48b2-a529-a74e9f1ed1d2.sock'), ('_', '/usr/bin/colcon'), ('ROS_VERSION', '2'), ('PKG_CONFIG_PATH', '/SLAM/ros_ws/install/rtabmap_msgs/lib/x86_64-linux-gnu/pkgconfig:/SLAM/ros_ws/install/rtabmap_msgs/lib/pkgconfig:/SLAM/ros_ws/install/rtabmap/lib/x86_64-linux-gnu/pkgconfig:/SLAM/ros_ws/install/rtabmap/lib/pkgconfig'), ('TERM', 'xterm-256color'), ('ROS_LOCALHOST_ONLY', '0'), ('PATH', '/SLAM/ros_ws/install/rtabmap/bin:/home/ros/.vscode-server/bin/0ee08df0cf4527e40edc9aa28f4b5bd38bbff2b2/bin/remote-cli:/opt/ros/humble/bin:/usr/local/sbin:/usr/local/bin:/usr/sbin:/usr/bin:/sbin:/bin'), ('REMOTE_CONTAINERS_SOCKETS', '["/tmp/vscode-ssh-auth-9ab2f5d1-353e-48b2-a529-a74e9f1ed1d2.sock","/tmp/.X11-unix/X0","/home/ros/.gnupg/S.gpg-agent"]'), ('DISPLAY', ':1'), ('LANG', 'C.UTF-8'), ('VSCODE_GIT_IPC_HANDLE', '/tmp/vscode-git-300c5a9faf.sock'), ('TERM_PROGRAM', 'vscode'), ('SSH_AUTH_SOCK', '/tmp/vscode-ssh-auth-9ab2f5d1-353e-48b2-a529-a74e9f1ed1d2.sock'), ('AMENT_PREFIX_PATH', '/SLAM/ros_ws/install/rtabmap_util:/SLAM/ros_ws/install/rtabmap_sync:/SLAM/ros_ws/install/rtabmap_conversions:/opt/ros/humble'), ('REMOTE_CONTAINERS_DISPLAY_SOCK', '/tmp/.X11-unix/X0'), ('SHELL', '/bin/bash'), ('VSCODE_GIT_ASKPASS_EXTRA_ARGS', ''), ('PWD', '/SLAM/ros_ws/build/rtabmap_slam'), ('LC_ALL', 'C.UTF-8'), ('PYTHONPATH', '/SLAM/ros_ws/install/rtabmap_msgs/local/lib/python3.10/dist-packages:/opt/ros/humble/lib/python3.10/site-packages:/opt/ros/humble/local/lib/python3.10/dist-packages'), ('COLCON', '1'), ('CMAKE_PREFIX_PATH', '/SLAM/ros_ws/install/rtabmap_util:/SLAM/ros_ws/install/rtabmap_sync:/SLAM/ros_ws/install/rtabmap_conversions:/opt/ros/humble:/SLAM/ros_ws/install/rtabmap_msgs:/SLAM/ros_ws/install/rtabmap')]), 'shell': False}
[3.504522] (-) TimerEvent: {}
[3.549606] (rtabmap_slam) StdoutLine: {'line': b'\x1b[35m\x1b[1mConsolidate compiler generated dependencies of target rtabmap_slam_plugins\x1b[0m\n'}
[3.604638] (-) TimerEvent: {}
[3.605217] (rtabmap_slam) StdoutLine: {'line': b'[ 25%] \x1b[32mBuilding CXX object CMakeFiles/rtabmap_slam_plugins.dir/src/CoreWrapper.cpp.o\x1b[0m\n'}
[3.704746] (-) TimerEvent: {}
[3.805014] (-) TimerEvent: {}
[3.905288] (-) TimerEvent: {}
[4.005719] (-) TimerEvent: {}
[4.106023] (-) TimerEvent: {}
[4.206330] (-) TimerEvent: {}
[4.307214] (-) TimerEvent: {}
[4.407573] (-) TimerEvent: {}
[4.507851] (-) TimerEvent: {}
[4.608137] (-) TimerEvent: {}
[4.708426] (-) TimerEvent: {}
[4.808721] (-) TimerEvent: {}
[4.909008] (-) TimerEvent: {}
[5.009301] (-) TimerEvent: {}
[5.109590] (-) TimerEvent: {}
[5.209863] (-) TimerEvent: {}
[5.310158] (-) TimerEvent: {}
[5.410431] (-) TimerEvent: {}
[5.510707] (-) TimerEvent: {}
[5.611028] (-) TimerEvent: {}
[5.711304] (-) TimerEvent: {}
[5.811584] (-) TimerEvent: {}
[5.911861] (-) TimerEvent: {}
[6.012129] (-) TimerEvent: {}
[6.112401] (-) TimerEvent: {}
[6.212675] (-) TimerEvent: {}
[6.312944] (-) TimerEvent: {}
[6.413237] (-) TimerEvent: {}
[6.513516] (-) TimerEvent: {}
[6.613797] (-) TimerEvent: {}
[6.714115] (-) TimerEvent: {}
[6.814418] (-) TimerEvent: {}
[6.914728] (-) TimerEvent: {}
[7.015007] (-) TimerEvent: {}
[7.115288] (-) TimerEvent: {}
[7.215574] (-) TimerEvent: {}
[7.315870] (-) TimerEvent: {}
[7.416151] (-) TimerEvent: {}
[7.516434] (-) TimerEvent: {}
[7.616708] (-) TimerEvent: {}
[7.717009] (-) TimerEvent: {}
[7.817290] (-) TimerEvent: {}
[7.917679] (-) TimerEvent: {}
[8.017973] (-) TimerEvent: {}
[8.118253] (-) TimerEvent: {}
[8.218531] (-) TimerEvent: {}
[8.318813] (-) TimerEvent: {}
[8.419102] (-) TimerEvent: {}
[8.519371] (-) TimerEvent: {}
[8.619656] (-) TimerEvent: {}
[8.719942] (-) TimerEvent: {}
[8.820229] (-) TimerEvent: {}
[8.920505] (-) TimerEvent: {}
[9.020788] (-) TimerEvent: {}
[9.121077] (-) TimerEvent: {}
[9.221367] (-) TimerEvent: {}
[9.321663] (-) TimerEvent: {}
[9.421944] (-) TimerEvent: {}
[9.522229] (-) TimerEvent: {}
[9.622515] (-) TimerEvent: {}
[9.722793] (-) TimerEvent: {}
[9.823108] (-) TimerEvent: {}
[9.923408] (-) TimerEvent: {}
[10.023695] (-) TimerEvent: {}
[10.123986] (-) TimerEvent: {}
[10.224747] (-) TimerEvent: {}
[10.325058] (-) TimerEvent: {}
[10.425354] (-) TimerEvent: {}
[10.525636] (-) TimerEvent: {}
[10.625931] (-) TimerEvent: {}
[10.726215] (-) TimerEvent: {}
[10.826505] (-) TimerEvent: {}
[10.926789] (-) TimerEvent: {}
[11.027074] (-) TimerEvent: {}
[11.127363] (-) TimerEvent: {}
[11.227668] (-) TimerEvent: {}
[11.327965] (-) TimerEvent: {}
[11.428260] (-) TimerEvent: {}
[11.528538] (-) TimerEvent: {}
[11.628823] (-) TimerEvent: {}
[11.729128] (-) TimerEvent: {}
[11.829425] (-) TimerEvent: {}
[11.929747] (-) TimerEvent: {}
[12.030037] (-) TimerEvent: {}
[12.130311] (-) TimerEvent: {}
[12.230591] (-) TimerEvent: {}
[12.330892] (-) TimerEvent: {}
[12.431180] (-) TimerEvent: {}
[12.531464] (-) TimerEvent: {}
[12.631741] (-) TimerEvent: {}
[12.732020] (-) TimerEvent: {}
[12.832299] (-) TimerEvent: {}
[12.932583] (-) TimerEvent: {}
[13.032866] (-) TimerEvent: {}
[13.133146] (-) TimerEvent: {}
[13.233436] (-) TimerEvent: {}
[13.333729] (-) TimerEvent: {}
[13.434009] (-) TimerEvent: {}
[13.534277] (-) TimerEvent: {}
[13.634558] (-) TimerEvent: {}
[13.734840] (-) TimerEvent: {}
[13.835144] (-) TimerEvent: {}
[13.935431] (-) TimerEvent: {}
[14.035698] (-) TimerEvent: {}
[14.135979] (-) TimerEvent: {}
[14.236266] (-) TimerEvent: {}
[14.336614] (-) TimerEvent: {}
[14.436968] (-) TimerEvent: {}
[14.537263] (-) TimerEvent: {}
[14.637564] (-) TimerEvent: {}
[14.737847] (-) TimerEvent: {}
[14.838168] (-) TimerEvent: {}
[14.938448] (-) TimerEvent: {}
[15.038759] (-) TimerEvent: {}
[15.139033] (-) TimerEvent: {}
[15.239340] (-) TimerEvent: {}
[15.339643] (-) TimerEvent: {}
[15.439925] (-) TimerEvent: {}
[15.540197] (-) TimerEvent: {}
[15.640487] (-) TimerEvent: {}
[15.740766] (-) TimerEvent: {}
[15.841068] (-) TimerEvent: {}
[15.941373] (-) TimerEvent: {}
[16.041693] (-) TimerEvent: {}
[16.142013] (-) TimerEvent: {}
[16.242315] (-) TimerEvent: {}
[16.342619] (-) TimerEvent: {}
[16.442898] (-) TimerEvent: {}
[16.543360] (-) TimerEvent: {}
[16.643692] (-) TimerEvent: {}
[16.743977] (-) TimerEvent: {}
[16.844332] (-) TimerEvent: {}
[16.944688] (-) TimerEvent: {}
[17.044984] (-) TimerEvent: {}
[17.145321] (-) TimerEvent: {}
[17.245702] (-) TimerEvent: {}
[17.346048] (-) TimerEvent: {}
[17.446385] (-) TimerEvent: {}
[17.546687] (-) TimerEvent: {}
[17.646966] (-) TimerEvent: {}
[17.747267] (-) TimerEvent: {}
[17.847560] (-) TimerEvent: {}
[17.947843] (-) TimerEvent: {}
[18.048125] (-) TimerEvent: {}
[18.148408] (-) TimerEvent: {}
[18.248690] (-) TimerEvent: {}
[18.348976] (-) TimerEvent: {}
[18.449265] (-) TimerEvent: {}
[18.549606] (-) TimerEvent: {}
[18.649882] (-) TimerEvent: {}
[18.750160] (-) TimerEvent: {}
[18.850437] (-) TimerEvent: {}
[18.950743] (-) TimerEvent: {}
[19.051028] (-) TimerEvent: {}
[19.151311] (-) TimerEvent: {}
[19.251582] (-) TimerEvent: {}
[19.351877] (-) TimerEvent: {}
[19.452193] (-) TimerEvent: {}
[19.552473] (-) TimerEvent: {}
[19.652756] (-) TimerEvent: {}
[19.753038] (-) TimerEvent: {}
[19.853295] (-) TimerEvent: {}
[19.953606] (-) TimerEvent: {}
[20.053918] (-) TimerEvent: {}
[20.154224] (-) TimerEvent: {}
[20.254533] (-) TimerEvent: {}
[20.354851] (-) TimerEvent: {}
[20.455189] (-) TimerEvent: {}
[20.556102] (-) TimerEvent: {}
[20.656432] (-) TimerEvent: {}
[20.757434] (-) TimerEvent: {}
[20.857792] (-) TimerEvent: {}
[20.958123] (-) TimerEvent: {}
[21.058431] (-) TimerEvent: {}
[21.158771] (-) TimerEvent: {}
[21.259178] (-) TimerEvent: {}
[21.359529] (-) TimerEvent: {}
[21.459853] (-) TimerEvent: {}
[21.560209] (-) TimerEvent: {}
[21.660631] (-) TimerEvent: {}
[21.760954] (-) TimerEvent: {}
[21.861273] (-) TimerEvent: {}
[21.961826] (-) TimerEvent: {}
[22.062135] (-) TimerEvent: {}
[22.162449] (-) TimerEvent: {}
[22.262752] (-) TimerEvent: {}
[22.363052] (-) TimerEvent: {}
[22.463374] (-) TimerEvent: {}
[22.563674] (-) TimerEvent: {}
[22.663982] (-) TimerEvent: {}
[22.764283] (-) TimerEvent: {}
[22.864581] (-) TimerEvent: {}
[22.964879] (-) TimerEvent: {}
[23.065191] (-) TimerEvent: {}
[23.165720] (-) TimerEvent: {}
[23.266011] (-) TimerEvent: {}
[23.366315] (-) TimerEvent: {}
[23.466623] (-) TimerEvent: {}
[23.566929] (-) TimerEvent: {}
[23.667232] (-) TimerEvent: {}
[23.767534] (-) TimerEvent: {}
[23.867837] (-) TimerEvent: {}
[23.968129] (-) TimerEvent: {}
[24.068440] (-) TimerEvent: {}
[24.168748] (-) TimerEvent: {}
[24.269044] (-) TimerEvent: {}
[24.369351] (-) TimerEvent: {}
[24.469676] (-) TimerEvent: {}
[24.570043] (-) TimerEvent: {}
[24.670341] (-) TimerEvent: {}
[24.770647] (-) TimerEvent: {}
[24.870941] (-) TimerEvent: {}
[24.971232] (-) TimerEvent: {}
[25.071921] (-) TimerEvent: {}
[25.172334] (-) TimerEvent: {}
[25.272625] (-) TimerEvent: {}
[25.372930] (-) TimerEvent: {}
[25.473206] (-) TimerEvent: {}
[25.573831] (-) TimerEvent: {}
[25.674127] (-) TimerEvent: {}
[25.774404] (-) TimerEvent: {}
[25.874669] (-) TimerEvent: {}
[25.974962] (-) TimerEvent: {}
[26.075269] (-) TimerEvent: {}
[26.175627] (-) TimerEvent: {}
[26.275929] (-) TimerEvent: {}
[26.376221] (-) TimerEvent: {}
[26.476513] (-) TimerEvent: {}
[26.576803] (-) TimerEvent: {}
[26.677114] (-) TimerEvent: {}
[26.777476] (-) TimerEvent: {}
[26.877760] (-) TimerEvent: {}
[26.978028] (-) TimerEvent: {}
[27.078310] (-) TimerEvent: {}
[27.178610] (-) TimerEvent: {}
[27.278902] (-) TimerEvent: {}
[27.379192] (-) TimerEvent: {}
[27.479470] (-) TimerEvent: {}
[27.579749] (-) TimerEvent: {}
[27.680033] (-) TimerEvent: {}
[27.780319] (-) TimerEvent: {}
[27.880596] (-) TimerEvent: {}
[27.980880] (-) TimerEvent: {}
[28.081163] (-) TimerEvent: {}
[28.181447] (-) TimerEvent: {}
[28.281729] (-) TimerEvent: {}
[28.382013] (-) TimerEvent: {}
[28.482294] (-) TimerEvent: {}
[28.582577] (-) TimerEvent: {}
[28.682857] (-) TimerEvent: {}
[28.783138] (-) TimerEvent: {}
[28.883415] (-) TimerEvent: {}
[28.983694] (-) TimerEvent: {}
[29.083968] (-) TimerEvent: {}
[29.184241] (-) TimerEvent: {}
[29.284519] (-) TimerEvent: {}
[29.384796] (-) TimerEvent: {}
[29.485076] (-) TimerEvent: {}
[29.585366] (-) TimerEvent: {}
[29.685655] (-) TimerEvent: {}
[29.785942] (-) TimerEvent: {}
[29.886231] (-) TimerEvent: {}
[29.986538] (-) TimerEvent: {}
[30.086864] (-) TimerEvent: {}
[30.187154] (-) TimerEvent: {}
[30.287437] (-) TimerEvent: {}
[30.387718] (-) TimerEvent: {}
[30.488005] (-) TimerEvent: {}
[30.588309] (-) TimerEvent: {}
[30.688585] (-) TimerEvent: {}
[30.788857] (-) TimerEvent: {}
[30.889135] (-) TimerEvent: {}
[30.989735] (-) TimerEvent: {}
[31.090056] (-) TimerEvent: {}
[31.190352] (-) TimerEvent: {}
[31.290639] (-) TimerEvent: {}
[31.390931] (-) TimerEvent: {}
[31.491212] (-) TimerEvent: {}
[31.591506] (-) TimerEvent: {}
[31.691791] (-) TimerEvent: {}
[31.792074] (-) TimerEvent: {}
[31.892361] (-) TimerEvent: {}
[31.992651] (-) TimerEvent: {}
[32.092936] (-) TimerEvent: {}
[32.193276] (-) TimerEvent: {}
[32.293560] (-) TimerEvent: {}
[32.393843] (-) TimerEvent: {}
[32.494156] (-) TimerEvent: {}
[32.594433] (-) TimerEvent: {}
[32.694717] (-) TimerEvent: {}
[32.795017] (-) TimerEvent: {}
[32.895305] (-) TimerEvent: {}
[32.995583] (-) TimerEvent: {}
[33.095891] (-) TimerEvent: {}
[33.196174] (-) TimerEvent: {}
[33.296443] (-) TimerEvent: {}
[33.396744] (-) TimerEvent: {}
[33.497027] (-) TimerEvent: {}
[33.597338] (-) TimerEvent: {}
[33.697644] (-) TimerEvent: {}
[33.797924] (-) TimerEvent: {}
[33.898233] (-) TimerEvent: {}
[33.998517] (-) TimerEvent: {}
[34.098808] (-) TimerEvent: {}
[34.199093] (-) TimerEvent: {}
[34.299374] (-) TimerEvent: {}
[34.399656] (-) TimerEvent: {}
[34.499975] (-) TimerEvent: {}
[34.600280] (-) TimerEvent: {}
[34.700998] (-) TimerEvent: {}
[34.801953] (-) TimerEvent: {}
[34.902250] (-) TimerEvent: {}
[35.002544] (-) TimerEvent: {}
[35.102851] (-) TimerEvent: {}
[35.203123] (-) TimerEvent: {}
[35.303431] (-) TimerEvent: {}
[35.403706] (-) TimerEvent: {}
[35.504010] (-) TimerEvent: {}
[35.604289] (-) TimerEvent: {}
[35.704568] (-) TimerEvent: {}
[35.804850] (-) TimerEvent: {}
[35.905156] (-) TimerEvent: {}
[36.005702] (-) TimerEvent: {}
[36.106001] (-) TimerEvent: {}
[36.206272] (-) TimerEvent: {}
[36.306551] (-) TimerEvent: {}
[36.406825] (-) TimerEvent: {}
[36.507123] (-) TimerEvent: {}
[36.607402] (-) TimerEvent: {}
[36.707680] (-) TimerEvent: {}
[36.807953] (-) TimerEvent: {}
[36.908225] (-) TimerEvent: {}
[37.008564] (-) TimerEvent: {}
[37.108839] (-) TimerEvent: {}
[37.209120] (-) TimerEvent: {}
[37.309404] (-) TimerEvent: {}
[37.409682] (-) TimerEvent: {}
[37.509973] (-) TimerEvent: {}
[37.610278] (-) TimerEvent: {}
[37.710560] (-) TimerEvent: {}
[37.810855] (-) TimerEvent: {}
[37.911129] (-) TimerEvent: {}
[38.011406] (-) TimerEvent: {}
[38.111679] (-) TimerEvent: {}
[38.211966] (-) TimerEvent: {}
[38.312284] (-) TimerEvent: {}
[38.412564] (-) TimerEvent: {}
[38.512842] (-) TimerEvent: {}
[38.613123] (-) TimerEvent: {}
[38.713410] (-) TimerEvent: {}
[38.813689] (-) TimerEvent: {}
[38.913967] (-) TimerEvent: {}
[39.014244] (-) TimerEvent: {}
[39.114550] (-) TimerEvent: {}
[39.214910] (-) TimerEvent: {}
[39.315187] (-) TimerEvent: {}
[39.415467] (-) TimerEvent: {}
[39.515746] (-) TimerEvent: {}
[39.616025] (-) TimerEvent: {}
[39.716302] (-) TimerEvent: {}
[39.816584] (-) TimerEvent: {}
[39.916860] (-) TimerEvent: {}
[40.017151] (-) TimerEvent: {}
[40.117460] (-) TimerEvent: {}
[40.217746] (-) TimerEvent: {}
[40.318034] (-) TimerEvent: {}
[40.418317] (-) TimerEvent: {}
[40.519176] (-) TimerEvent: {}
[40.619469] (-) TimerEvent: {}
[40.719748] (-) TimerEvent: {}
[40.820026] (-) TimerEvent: {}
[40.920324] (-) TimerEvent: {}
[41.020603] (-) TimerEvent: {}
[41.120879] (-) TimerEvent: {}
[41.221160] (-) TimerEvent: {}
[41.321459] (-) TimerEvent: {}
[41.421959] (-) TimerEvent: {}
[41.522262] (-) TimerEvent: {}
[41.622556] (-) TimerEvent: {}
[41.722832] (-) TimerEvent: {}
[41.823113] (-) TimerEvent: {}
[41.923393] (-) TimerEvent: {}
[42.023672] (-) TimerEvent: {}
[42.123948] (-) TimerEvent: {}
[42.224231] (-) TimerEvent: {}
[42.324500] (-) TimerEvent: {}
[42.424818] (-) TimerEvent: {}
[42.525097] (-) TimerEvent: {}
[42.625388] (-) TimerEvent: {}
[42.725737] (-) TimerEvent: {}
[42.826044] (-) TimerEvent: {}
[42.926325] (-) TimerEvent: {}
[43.026612] (-) TimerEvent: {}
[43.126899] (-) TimerEvent: {}
[43.227171] (-) TimerEvent: {}
[43.327441] (-) TimerEvent: {}
[43.427719] (-) TimerEvent: {}
[43.527996] (-) TimerEvent: {}
[43.628276] (-) TimerEvent: {}
[43.728757] (-) TimerEvent: {}
[43.829106] (-) TimerEvent: {}
[43.929395] (-) TimerEvent: {}
[44.029989] (-) TimerEvent: {}
[44.130295] (-) TimerEvent: {}
[44.230601] (-) TimerEvent: {}
[44.330896] (-) TimerEvent: {}
[44.431181] (-) TimerEvent: {}
[44.531471] (-) TimerEvent: {}
[44.631763] (-) TimerEvent: {}
[44.732050] (-) TimerEvent: {}
[44.832338] (-) TimerEvent: {}
[44.932640] (-) TimerEvent: {}
[45.032945] (-) TimerEvent: {}
[45.133291] (-) TimerEvent: {}
[45.233558] (-) TimerEvent: {}
[45.333828] (-) TimerEvent: {}
[45.434102] (-) TimerEvent: {}
[45.534384] (-) TimerEvent: {}
[45.634689] (-) TimerEvent: {}
[45.734966] (-) TimerEvent: {}
[45.835238] (-) TimerEvent: {}
[45.935509] (-) TimerEvent: {}
[46.036222] (-) TimerEvent: {}
[46.136520] (-) TimerEvent: {}
[46.236793] (-) TimerEvent: {}
[46.337061] (-) TimerEvent: {}
[46.437740] (-) TimerEvent: {}
[46.538030] (-) TimerEvent: {}
[46.638302] (-) TimerEvent: {}
[46.738592] (-) TimerEvent: {}
[46.838867] (-) TimerEvent: {}
[46.939138] (-) TimerEvent: {}
[47.039413] (-) TimerEvent: {}
[47.139684] (-) TimerEvent: {}
[47.240010] (-) TimerEvent: {}
[47.340310] (-) TimerEvent: {}
[47.440605] (-) TimerEvent: {}
[47.540900] (-) TimerEvent: {}
[47.641193] (-) TimerEvent: {}
[47.741763] (-) TimerEvent: {}
[47.842090] (-) TimerEvent: {}
[47.942387] (-) TimerEvent: {}
[48.042681] (-) TimerEvent: {}
[48.143005] (-) TimerEvent: {}
[48.243330] (-) TimerEvent: {}
[48.343623] (-) TimerEvent: {}
[48.443920] (-) TimerEvent: {}
[48.544224] (-) TimerEvent: {}
[48.644522] (-) TimerEvent: {}
[48.744817] (-) TimerEvent: {}
[48.845110] (-) TimerEvent: {}
[48.945413] (-) TimerEvent: {}
[49.045710] (-) TimerEvent: {}
[49.146010] (-) TimerEvent: {}
[49.246341] (-) TimerEvent: {}
[49.346639] (-) TimerEvent: {}
[49.446932] (-) TimerEvent: {}
[49.547224] (-) TimerEvent: {}
[49.647519] (-) TimerEvent: {}
[49.747815] (-) TimerEvent: {}
[49.848111] (-) TimerEvent: {}
[49.948405] (-) TimerEvent: {}
[50.048699] (-) TimerEvent: {}
[50.148990] (-) TimerEvent: {}
[50.249283] (-) TimerEvent: {}
[50.349577] (-) TimerEvent: {}
[50.449876] (-) TimerEvent: {}
[50.550171] (-) TimerEvent: {}
[50.650487] (-) TimerEvent: {}
[50.750779] (-) TimerEvent: {}
[50.851077] (-) TimerEvent: {}
[50.951372] (-) TimerEvent: {}
[51.051670] (-) TimerEvent: {}
[51.152477] (-) TimerEvent: {}
[51.252798] (-) TimerEvent: {}
[51.353130] (-) TimerEvent: {}
[51.453681] (-) TimerEvent: {}
[51.554013] (-) TimerEvent: {}
[51.654322] (-) TimerEvent: {}
[51.754651] (-) TimerEvent: {}
[51.855183] (-) TimerEvent: {}
[51.955523] (-) TimerEvent: {}
[52.055843] (-) TimerEvent: {}
[52.156184] (-) TimerEvent: {}
[52.256882] (-) TimerEvent: {}
[52.357206] (-) TimerEvent: {}
[52.457554] (-) TimerEvent: {}
[52.557841] (-) TimerEvent: {}
[52.658174] (-) TimerEvent: {}
[52.758457] (-) TimerEvent: {}
[52.858747] (-) TimerEvent: {}
[52.959023] (-) TimerEvent: {}
[53.059307] (-) TimerEvent: {}
[53.159583] (-) TimerEvent: {}
[53.259862] (-) TimerEvent: {}
[53.360133] (-) TimerEvent: {}
[53.460412] (-) TimerEvent: {}
[53.560692] (-) TimerEvent: {}
[53.660968] (-) TimerEvent: {}
[53.761246] (-) TimerEvent: {}
[53.861518] (-) TimerEvent: {}
[53.961790] (-) TimerEvent: {}
[54.062068] (-) TimerEvent: {}
[54.162343] (-) TimerEvent: {}
[54.262641] (-) TimerEvent: {}
[54.362910] (-) TimerEvent: {}
[54.463186] (-) TimerEvent: {}
[54.563843] (-) TimerEvent: {}
[54.664177] (-) TimerEvent: {}
[54.765029] (-) TimerEvent: {}
[54.865301] (-) TimerEvent: {}
[54.965606] (-) TimerEvent: {}
[55.065901] (-) TimerEvent: {}
[55.166193] (-) TimerEvent: {}
[55.266526] (-) TimerEvent: {}
[55.366976] (-) TimerEvent: {}
[55.467306] (-) TimerEvent: {}
[55.567599] (-) TimerEvent: {}
[55.667926] (-) TimerEvent: {}
[55.768310] (-) TimerEvent: {}
[55.868641] (-) TimerEvent: {}
[55.968979] (-) TimerEvent: {}
[56.069303] (-) TimerEvent: {}
[56.169600] (-) TimerEvent: {}
[56.269894] (-) TimerEvent: {}
[56.370189] (-) TimerEvent: {}
[56.470474] (-) TimerEvent: {}
[56.570740] (-) TimerEvent: {}
[56.671016] (-) TimerEvent: {}
[56.771286] (-) TimerEvent: {}
[56.871624] (-) TimerEvent: {}
[56.971901] (-) TimerEvent: {}
[57.072179] (-) TimerEvent: {}
[57.172455] (-) TimerEvent: {}
[57.272726] (-) TimerEvent: {}
[57.372998] (-) TimerEvent: {}
[57.473281] (-) TimerEvent: {}
[57.573560] (-) TimerEvent: {}
[57.673836] (-) TimerEvent: {}
[57.774125] (-) TimerEvent: {}
[57.874400] (-) TimerEvent: {}
[57.974664] (-) TimerEvent: {}
[58.074929] (-) TimerEvent: {}
[58.175202] (-) TimerEvent: {}
[58.275463] (-) TimerEvent: {}
[58.375720] (-) TimerEvent: {}
[58.475987] (-) TimerEvent: {}
[58.576256] (-) TimerEvent: {}
[58.676520] (-) TimerEvent: {}
[58.776817] (-) TimerEvent: {}
[58.877088] (-) TimerEvent: {}
[58.977389] (-) TimerEvent: {}
[59.077651] (-) TimerEvent: {}
[59.177919] (-) TimerEvent: {}
[59.278223] (-) TimerEvent: {}
[59.378504] (-) TimerEvent: {}
[59.478781] (-) TimerEvent: {}
[59.579051] (-) TimerEvent: {}
[59.679314] (-) TimerEvent: {}
[59.779631] (-) TimerEvent: {}
[59.879898] (-) TimerEvent: {}
[59.980174] (-) TimerEvent: {}
[60.080499] (-) TimerEvent: {}
[60.180815] (-) TimerEvent: {}
[60.281081] (-) TimerEvent: {}
[60.381376] (-) TimerEvent: {}
[60.481641] (-) TimerEvent: {}
[60.581927] (-) TimerEvent: {}
[60.682249] (-) TimerEvent: {}
[60.782569] (-) TimerEvent: {}
[60.882897] (-) TimerEvent: {}
[60.983222] (-) TimerEvent: {}
[61.084002] (-) TimerEvent: {}
[61.184328] (-) TimerEvent: {}
[61.285028] (-) TimerEvent: {}
[61.385364] (-) TimerEvent: {}
[61.485674] (-) TimerEvent: {}
[61.586004] (-) TimerEvent: {}
[61.686334] (-) TimerEvent: {}
[61.786653] (-) TimerEvent: {}
[61.887432] (-) TimerEvent: {}
[61.987756] (-) TimerEvent: {}
[62.088525] (-) TimerEvent: {}
[62.189513] (-) TimerEvent: {}
[62.290200] (-) TimerEvent: {}
[62.390519] (-) TimerEvent: {}
[62.490821] (-) TimerEvent: {}
[62.591144] (-) TimerEvent: {}
[62.691454] (-) TimerEvent: {}
[62.791791] (-) TimerEvent: {}
[62.892084] (-) TimerEvent: {}
[62.992379] (-) TimerEvent: {}
[63.092687] (-) TimerEvent: {}
[63.192986] (-) TimerEvent: {}
[63.293768] (-) TimerEvent: {}
[63.394113] (-) TimerEvent: {}
[63.494447] (-) TimerEvent: {}
[63.594802] (-) TimerEvent: {}
[63.695078] (-) TimerEvent: {}
[63.795352] (-) TimerEvent: {}
[63.895628] (-) TimerEvent: {}
[63.995900] (-) TimerEvent: {}
[64.096174] (-) TimerEvent: {}
[64.196449] (-) TimerEvent: {}
[64.296727] (-) TimerEvent: {}
[64.397001] (-) TimerEvent: {}
[64.497286] (-) TimerEvent: {}
[64.597577] (-) TimerEvent: {}
[64.698294] (-) TimerEvent: {}
[64.829821] (-) TimerEvent: {}
[64.930123] (-) TimerEvent: {}
[65.030398] (-) TimerEvent: {}
[65.130677] (-) TimerEvent: {}
[65.230952] (-) TimerEvent: {}
[65.331232] (-) TimerEvent: {}
[65.431505] (-) TimerEvent: {}
[65.531780] (-) TimerEvent: {}
[65.632054] (-) TimerEvent: {}
[65.732330] (-) TimerEvent: {}
[65.832604] (-) TimerEvent: {}
[65.932881] (-) TimerEvent: {}
[66.033158] (-) TimerEvent: {}
[66.133447] (-) TimerEvent: {}
[66.233742] (-) TimerEvent: {}
[66.334045] (-) TimerEvent: {}
[66.434322] (-) TimerEvent: {}
[66.534595] (-) TimerEvent: {}
[66.634889] (-) TimerEvent: {}
[66.735162] (-) TimerEvent: {}
[66.835437] (-) TimerEvent: {}
[66.935736] (-) TimerEvent: {}
[67.036011] (-) TimerEvent: {}
[67.136283] (-) TimerEvent: {}
[67.236563] (-) TimerEvent: {}
[67.336866] (-) TimerEvent: {}
[67.437145] (-) TimerEvent: {}
[67.537429] (-) TimerEvent: {}
[67.637712] (-) TimerEvent: {}
[67.738019] (-) TimerEvent: {}
[67.838329] (-) TimerEvent: {}
[67.938614] (-) TimerEvent: {}
[68.038890] (-) TimerEvent: {}
[68.139188] (-) TimerEvent: {}
[68.239463] (-) TimerEvent: {}
[68.339735] (-) TimerEvent: {}
[68.440018] (-) TimerEvent: {}
[68.540308] (-) TimerEvent: {}
[68.640601] (-) TimerEvent: {}
[68.740882] (-) TimerEvent: {}
[68.841164] (-) TimerEvent: {}
[68.941749] (-) TimerEvent: {}
[69.042048] (-) TimerEvent: {}
[69.142335] (-) TimerEvent: {}
[69.242619] (-) TimerEvent: {}
[69.342901] (-) TimerEvent: {}
[69.443192] (-) TimerEvent: {}
[69.543490] (-) TimerEvent: {}
[69.643771] (-) TimerEvent: {}
[69.744137] (-) TimerEvent: {}
[69.849686] (-) TimerEvent: {}
[69.949966] (-) TimerEvent: {}
[70.050246] (-) TimerEvent: {}
[70.150526] (-) TimerEvent: {}
[70.250809] (-) TimerEvent: {}
[70.351100] (-) TimerEvent: {}
[70.451377] (-) TimerEvent: {}
[70.551661] (-) TimerEvent: {}
[70.651938] (-) TimerEvent: {}
[70.752220] (-) TimerEvent: {}
[70.852502] (-) TimerEvent: {}
[70.952781] (-) TimerEvent: {}
[71.053059] (-) TimerEvent: {}
[71.153292] (-) TimerEvent: {}
[71.253600] (-) TimerEvent: {}
[71.353878] (-) TimerEvent: {}
[71.454185] (-) TimerEvent: {}
[71.554471] (-) TimerEvent: {}
[71.654758] (-) TimerEvent: {}
[71.755052] (-) TimerEvent: {}
[71.855362] (-) TimerEvent: {}
[71.955645] (-) TimerEvent: {}
[72.055980] (-) TimerEvent: {}
[72.156265] (-) TimerEvent: {}
[72.256568] (-) TimerEvent: {}
[72.356844] (-) TimerEvent: {}
[72.457115] (-) TimerEvent: {}
[72.557485] (-) TimerEvent: {}
[72.657759] (-) TimerEvent: {}
[72.758055] (-) TimerEvent: {}
[72.858358] (-) TimerEvent: {}
[72.958638] (-) TimerEvent: {}
[73.058922] (-) TimerEvent: {}
[73.159227] (-) TimerEvent: {}
[73.259517] (-) TimerEvent: {}
[73.360349] (-) TimerEvent: {}
[73.460654] (-) TimerEvent: {}
[73.560937] (-) TimerEvent: {}
[73.661236] (-) TimerEvent: {}
[73.761714] (-) TimerEvent: {}
[73.862022] (-) TimerEvent: {}
[73.962316] (-) TimerEvent: {}
[74.062628] (-) TimerEvent: {}
[74.162942] (-) TimerEvent: {}
[74.263238] (-) TimerEvent: {}
[74.363526] (-) TimerEvent: {}
[74.463819] (-) TimerEvent: {}
[74.564109] (-) TimerEvent: {}
[74.664896] (-) TimerEvent: {}
[74.765584] (-) TimerEvent: {}
[74.865906] (-) TimerEvent: {}
[74.966239] (-) TimerEvent: {}
[75.066581] (-) TimerEvent: {}
[75.166883] (-) TimerEvent: {}
[75.267168] (-) TimerEvent: {}
[75.367487] (-) TimerEvent: {}
[75.467817] (-) TimerEvent: {}
[75.568115] (-) TimerEvent: {}
[75.668401] (-) TimerEvent: {}
[75.768717] (-) TimerEvent: {}
[75.869002] (-) TimerEvent: {}
[75.969335] (-) TimerEvent: {}
[76.069748] (-) TimerEvent: {}
[76.170063] (-) TimerEvent: {}
[76.270367] (-) TimerEvent: {}
[76.370673] (-) TimerEvent: {}
[76.470984] (-) TimerEvent: {}
[76.571283] (-) TimerEvent: {}
[76.671563] (-) TimerEvent: {}
[76.771908] (-) TimerEvent: {}
[76.872305] (-) TimerEvent: {}
[76.972602] (-) TimerEvent: {}
[77.072906] (-) TimerEvent: {}
[77.173200] (-) TimerEvent: {}
[77.273509] (-) TimerEvent: {}
[77.373825] (-) TimerEvent: {}
[77.474140] (-) TimerEvent: {}
[77.574425] (-) TimerEvent: {}
[77.674741] (-) TimerEvent: {}
[77.775058] (-) TimerEvent: {}
[77.875344] (-) TimerEvent: {}
[77.975638] (-) TimerEvent: {}
[78.075917] (-) TimerEvent: {}
[78.176194] (-) TimerEvent: {}
[78.276477] (-) TimerEvent: {}
[78.376865] (-) TimerEvent: {}
[78.477139] (-) TimerEvent: {}
[78.577697] (-) TimerEvent: {}
[78.678007] (-) TimerEvent: {}
[78.778329] (-) TimerEvent: {}
[78.878637] (-) TimerEvent: {}
[78.978921] (-) TimerEvent: {}
[79.079190] (-) TimerEvent: {}
[79.179492] (-) TimerEvent: {}
[79.279779] (-) TimerEvent: {}
[79.380091] (-) TimerEvent: {}
[79.480377] (-) TimerEvent: {}
[79.580667] (-) TimerEvent: {}
[79.631020] (rtabmap_slam) StdoutLine: {'line': b'[ 50%] \x1b[32m\x1b[1mLinking CXX shared library librtabmap_slam_plugins.so\x1b[0m\n'}
[79.680777] (-) TimerEvent: {}
[79.781066] (-) TimerEvent: {}
[79.881352] (-) TimerEvent: {}
[79.981668] (-) TimerEvent: {}
[80.082021] (-) TimerEvent: {}
[80.182343] (-) TimerEvent: {}
[80.282663] (-) TimerEvent: {}
[80.383068] (-) TimerEvent: {}
[80.483367] (-) TimerEvent: {}
[80.583712] (-) TimerEvent: {}
[80.684189] (-) TimerEvent: {}
[80.784511] (-) TimerEvent: {}
[80.884816] (-) TimerEvent: {}
[80.985135] (-) TimerEvent: {}
[81.085459] (-) TimerEvent: {}
[81.185769] (-) TimerEvent: {}
[81.286088] (-) TimerEvent: {}
[81.386408] (-) TimerEvent: {}
[81.486691] (-) TimerEvent: {}
[81.489333] (rtabmap_slam) StdoutLine: {'line': b'[ 50%] Built target rtabmap_slam_plugins\n'}
[81.502801] (rtabmap_slam) StdoutLine: {'line': b'\x1b[35m\x1b[1mConsolidate compiler generated dependencies of target rtabmap_node\x1b[0m\n'}
[81.545768] (rtabmap_slam) StdoutLine: {'line': b'[ 75%] \x1b[32mBuilding CXX object CMakeFiles/rtabmap_node.dir/src/CoreNode.cpp.o\x1b[0m\n'}
[81.586780] (-) TimerEvent: {}
[81.687675] (-) TimerEvent: {}
[81.787975] (-) TimerEvent: {}
[81.888607] (-) TimerEvent: {}
[81.988940] (-) TimerEvent: {}
[82.089215] (-) TimerEvent: {}
[82.189493] (-) TimerEvent: {}
[82.289814] (-) TimerEvent: {}
[82.390122] (-) TimerEvent: {}
[82.490441] (-) TimerEvent: {}
[82.590749] (-) TimerEvent: {}
[82.691035] (-) TimerEvent: {}
[82.791349] (-) TimerEvent: {}
[82.892072] (-) TimerEvent: {}
[82.992774] (-) TimerEvent: {}
[83.093102] (-) TimerEvent: {}
[83.193724] (-) TimerEvent: {}
[83.294063] (-) TimerEvent: {}
[83.394436] (-) TimerEvent: {}
[83.494799] (-) TimerEvent: {}
[83.595509] (-) TimerEvent: {}
[83.696522] (-) TimerEvent: {}
[83.796869] (-) TimerEvent: {}
[83.897204] (-) TimerEvent: {}
[83.997546] (-) TimerEvent: {}
[84.097836] (-) TimerEvent: {}
[84.198124] (-) TimerEvent: {}
[84.298450] (-) TimerEvent: {}
[84.398750] (-) TimerEvent: {}
[84.499041] (-) TimerEvent: {}
[84.599346] (-) TimerEvent: {}
[84.699618] (-) TimerEvent: {}
[84.799902] (-) TimerEvent: {}
[84.900185] (-) TimerEvent: {}
[85.000502] (-) TimerEvent: {}
[85.100785] (-) TimerEvent: {}
[85.201061] (-) TimerEvent: {}
[85.301711] (-) TimerEvent: {}
[85.402022] (-) TimerEvent: {}
[85.502330] (-) TimerEvent: {}
[85.602618] (-) TimerEvent: {}
[85.702904] (-) TimerEvent: {}
[85.803189] (-) TimerEvent: {}
[85.903466] (-) TimerEvent: {}
[86.003742] (-) TimerEvent: {}
[86.104017] (-) TimerEvent: {}
[86.204303] (-) TimerEvent: {}
[86.304586] (-) TimerEvent: {}
[86.404862] (-) TimerEvent: {}
[86.505139] (-) TimerEvent: {}
[86.605434] (-) TimerEvent: {}
[86.705693] (-) TimerEvent: {}
[86.806014] (-) TimerEvent: {}
[86.906334] (-) TimerEvent: {}
[87.006648] (-) TimerEvent: {}
[87.106948] (-) TimerEvent: {}
[87.207266] (-) TimerEvent: {}
[87.307586] (-) TimerEvent: {}
[87.407879] (-) TimerEvent: {}
[87.508286] (-) TimerEvent: {}
[87.608547] (-) TimerEvent: {}
[87.708823] (-) TimerEvent: {}
[87.809096] (-) TimerEvent: {}
[87.909383] (-) TimerEvent: {}
[88.009662] (-) TimerEvent: {}
[88.109962] (-) TimerEvent: {}
[88.210299] (-) TimerEvent: {}
[88.310621] (-) TimerEvent: {}
[88.410942] (-) TimerEvent: {}
[88.511220] (-) TimerEvent: {}
[88.611495] (-) TimerEvent: {}
[88.711807] (-) TimerEvent: {}
[88.812136] (-) TimerEvent: {}
[88.912417] (-) TimerEvent: {}
[89.012697] (-) TimerEvent: {}
[89.112984] (-) TimerEvent: {}
[89.213284] (-) TimerEvent: {}
[89.313571] (-) TimerEvent: {}
[89.413887] (-) TimerEvent: {}
[89.514184] (-) TimerEvent: {}
[89.614479] (-) TimerEvent: {}
[89.715272] (-) TimerEvent: {}
[89.815592] (-) TimerEvent: {}
[89.915875] (-) TimerEvent: {}
[90.016155] (-) TimerEvent: {}
[90.116432] (-) TimerEvent: {}
[90.216777] (-) TimerEvent: {}
[90.317490] (-) TimerEvent: {}
[90.417827] (-) TimerEvent: {}
[90.518169] (-) TimerEvent: {}
[90.618499] (-) TimerEvent: {}
[90.718806] (-) TimerEvent: {}
[90.819124] (-) TimerEvent: {}
[90.919464] (-) TimerEvent: {}
[91.019785] (-) TimerEvent: {}
[91.120100] (-) TimerEvent: {}
[91.220430] (-) TimerEvent: {}
[91.320749] (-) TimerEvent: {}
[91.421045] (-) TimerEvent: {}
[91.521384] (-) TimerEvent: {}
[91.621702] (-) TimerEvent: {}
[91.722013] (-) TimerEvent: {}
[91.822323] (-) TimerEvent: {}
[91.922651] (-) TimerEvent: {}
[92.022958] (-) TimerEvent: {}
[92.110291] (rtabmap_slam) StdoutLine: {'line': b'[100%] \x1b[32m\x1b[1mLinking CXX executable rtabmap\x1b[0m\n'}
[92.123037] (-) TimerEvent: {}
[92.223637] (-) TimerEvent: {}
[92.323984] (-) TimerEvent: {}
[92.424301] (-) TimerEvent: {}
[92.524601] (-) TimerEvent: {}
[92.624957] (-) TimerEvent: {}
[92.725797] (-) TimerEvent: {}
[92.826138] (-) TimerEvent: {}
[92.926529] (-) TimerEvent: {}
[93.026856] (-) TimerEvent: {}
[93.127187] (-) TimerEvent: {}
[93.227486] (-) TimerEvent: {}
[93.327773] (-) TimerEvent: {}
[93.428067] (-) TimerEvent: {}
[93.528355] (-) TimerEvent: {}
[93.586192] (rtabmap_slam) StdoutLine: {'line': b'[100%] Built target rtabmap_node\n'}
[93.597849] (rtabmap_slam) CommandEnded: {'returncode': 0}
[93.627923] (rtabmap_slam) JobProgress: {'identifier': 'rtabmap_slam', 'progress': 'install'}
[93.628431] (-) TimerEvent: {}
[93.637360] (rtabmap_slam) Command: {'cmd': ['/usr/bin/cmake', '--install', '/SLAM/ros_ws/build/rtabmap_slam'], 'cwd': '/SLAM/ros_ws/build/rtabmap_slam', 'env': OrderedDict([('HOSTNAME', 'acer'), ('GIT_ASKPASS', '/home/ros/.vscode-server/bin/0ee08df0cf4527e40edc9aa28f4b5bd38bbff2b2/extensions/git/dist/askpass.sh'), ('ROS_PACKAGE_PATH', '/SLAM/ros_ws/install/rtabmap_msgs/share'), ('SHLVL', '2'), ('LD_LIBRARY_PATH', '/SLAM/ros_ws/install/rtabmap_util/lib:/SLAM/ros_ws/install/rtabmap_sync/lib:/SLAM/ros_ws/install/rtabmap_conversions/lib:/SLAM/ros_ws/install/rtabmap_msgs/lib:/SLAM/ros_ws/install/rtabmap/lib:/usr/lib/x86_64-linux-gnu/gazebo-11/plugins:/opt/ros/humble/opt/rviz_ogre_vendor/lib:/opt/ros/humble/lib/x86_64-linux-gnu:/opt/ros/humble/lib'), ('BROWSER', '/home/ros/.vscode-server/bin/0ee08df0cf4527e40edc9aa28f4b5bd38bbff2b2/bin/helpers/browser.sh'), ('HOME', '/home/ros'), ('OLDPWD', '/SLAM'), ('TERM_PROGRAM_VERSION', '1.85.1'), ('VSCODE_IPC_HOOK_CLI', '/tmp/vscode-ipc-b767ac96-efed-4f0f-95be-a2aa688262b3.sock'), ('ROS_PYTHON_VERSION', '3'), ('VSCODE_GIT_ASKPASS_MAIN', '/home/ros/.vscode-server/bin/0ee08df0cf4527e40edc9aa28f4b5bd38bbff2b2/extensions/git/dist/askpass-main.js'), ('VSCODE_GIT_ASKPASS_NODE', '/home/ros/.vscode-server/bin/0ee08df0cf4527e40edc9aa28f4b5bd38bbff2b2/node'), ('MAKEFLAGS', '-j6'), ('COLORTERM', 'truecolor'), ('REMOTE_CONTAINERS', 'true'), ('ROS_DISTRO', 'humble'), ('REMOTE_CONTAINERS_IPC', '/tmp/vscode-remote-containers-ipc-9ab2f5d1-353e-48b2-a529-a74e9f1ed1d2.sock'), ('_', '/usr/bin/colcon'), ('ROS_VERSION', '2'), ('PKG_CONFIG_PATH', '/SLAM/ros_ws/install/rtabmap_msgs/lib/x86_64-linux-gnu/pkgconfig:/SLAM/ros_ws/install/rtabmap_msgs/lib/pkgconfig:/SLAM/ros_ws/install/rtabmap/lib/x86_64-linux-gnu/pkgconfig:/SLAM/ros_ws/install/rtabmap/lib/pkgconfig'), ('TERM', 'xterm-256color'), ('ROS_LOCALHOST_ONLY', '0'), ('PATH', '/SLAM/ros_ws/install/rtabmap/bin:/home/ros/.vscode-server/bin/0ee08df0cf4527e40edc9aa28f4b5bd38bbff2b2/bin/remote-cli:/opt/ros/humble/bin:/usr/local/sbin:/usr/local/bin:/usr/sbin:/usr/bin:/sbin:/bin'), ('REMOTE_CONTAINERS_SOCKETS', '["/tmp/vscode-ssh-auth-9ab2f5d1-353e-48b2-a529-a74e9f1ed1d2.sock","/tmp/.X11-unix/X0","/home/ros/.gnupg/S.gpg-agent"]'), ('DISPLAY', ':1'), ('LANG', 'C.UTF-8'), ('VSCODE_GIT_IPC_HANDLE', '/tmp/vscode-git-300c5a9faf.sock'), ('TERM_PROGRAM', 'vscode'), ('SSH_AUTH_SOCK', '/tmp/vscode-ssh-auth-9ab2f5d1-353e-48b2-a529-a74e9f1ed1d2.sock'), ('AMENT_PREFIX_PATH', '/SLAM/ros_ws/install/rtabmap_util:/SLAM/ros_ws/install/rtabmap_sync:/SLAM/ros_ws/install/rtabmap_conversions:/opt/ros/humble'), ('REMOTE_CONTAINERS_DISPLAY_SOCK', '/tmp/.X11-unix/X0'), ('SHELL', '/bin/bash'), ('VSCODE_GIT_ASKPASS_EXTRA_ARGS', ''), ('PWD', '/SLAM/ros_ws/build/rtabmap_slam'), ('LC_ALL', 'C.UTF-8'), ('PYTHONPATH', '/SLAM/ros_ws/install/rtabmap_msgs/local/lib/python3.10/dist-packages:/opt/ros/humble/lib/python3.10/site-packages:/opt/ros/humble/local/lib/python3.10/dist-packages'), ('COLCON', '1'), ('CMAKE_PREFIX_PATH', '/SLAM/ros_ws/install/rtabmap_util:/SLAM/ros_ws/install/rtabmap_sync:/SLAM/ros_ws/install/rtabmap_conversions:/opt/ros/humble:/SLAM/ros_ws/install/rtabmap_msgs:/SLAM/ros_ws/install/rtabmap')]), 'shell': False}
[93.645578] (rtabmap_slam) StdoutLine: {'line': b'-- Install configuration: "Release"\n'}
[93.645898] (rtabmap_slam) StdoutLine: {'line': b'-- Execute custom install script\n'}
[93.646105] (rtabmap_slam) StdoutLine: {'line': b'-- Up-to-date symlink: /SLAM/ros_ws/install/rtabmap_slam/share/rtabmap_slam/environment/library_path.sh\n'}
[93.646239] (rtabmap_slam) StdoutLine: {'line': b'-- Up-to-date symlink: /SLAM/ros_ws/install/rtabmap_slam/share/rtabmap_slam/environment/library_path.dsv\n'}
[93.646451] (rtabmap_slam) StdoutLine: {'line': b'-- Up-to-date symlink: /SLAM/ros_ws/install/rtabmap_slam/lib/rtabmap_slam/rtabmap\n'}
[93.646595] (rtabmap_slam) StdoutLine: {'line': b'-- Up-to-date symlink: /SLAM/ros_ws/install/rtabmap_slam/share/ament_index/resource_index/package_run_dependencies/rtabmap_slam\n'}
[93.646733] (rtabmap_slam) StdoutLine: {'line': b'-- Up-to-date symlink: /SLAM/ros_ws/install/rtabmap_slam/share/ament_index/resource_index/parent_prefix_path/rtabmap_slam\n'}
[93.646871] (rtabmap_slam) StdoutLine: {'line': b'-- Up-to-date symlink: /SLAM/ros_ws/install/rtabmap_slam/share/rtabmap_slam/environment/ament_prefix_path.sh\n'}
[93.646991] (rtabmap_slam) StdoutLine: {'line': b'-- Up-to-date symlink: /SLAM/ros_ws/install/rtabmap_slam/share/rtabmap_slam/environment/ament_prefix_path.dsv\n'}
[93.647121] (rtabmap_slam) StdoutLine: {'line': b'-- Up-to-date symlink: /SLAM/ros_ws/install/rtabmap_slam/share/rtabmap_slam/environment/path.sh\n'}
[93.647242] (rtabmap_slam) StdoutLine: {'line': b'-- Up-to-date symlink: /SLAM/ros_ws/install/rtabmap_slam/share/rtabmap_slam/environment/path.dsv\n'}
[93.647358] (rtabmap_slam) StdoutLine: {'line': b'-- Up-to-date symlink: /SLAM/ros_ws/install/rtabmap_slam/share/rtabmap_slam/local_setup.bash\n'}
[93.647474] (rtabmap_slam) StdoutLine: {'line': b'-- Up-to-date symlink: /SLAM/ros_ws/install/rtabmap_slam/share/rtabmap_slam/local_setup.sh\n'}
[93.647597] (rtabmap_slam) StdoutLine: {'line': b'-- Up-to-date symlink: /SLAM/ros_ws/install/rtabmap_slam/share/rtabmap_slam/local_setup.zsh\n'}
[93.647695] (rtabmap_slam) StdoutLine: {'line': b'-- Up-to-date symlink: /SLAM/ros_ws/install/rtabmap_slam/share/rtabmap_slam/local_setup.dsv\n'}
[93.647772] (rtabmap_slam) StdoutLine: {'line': b'-- Symlinking: /SLAM/ros_ws/install/rtabmap_slam/share/rtabmap_slam/package.dsv\n'}
[93.657677] (rtabmap_slam) StdoutLine: {'line': b'-- Up-to-date symlink: /SLAM/ros_ws/install/rtabmap_slam/share/ament_index/resource_index/packages/rtabmap_slam\n'}
[93.657827] (rtabmap_slam) StdoutLine: {'line': b'-- Up-to-date symlink: /SLAM/ros_ws/install/rtabmap_slam/share/ament_index/resource_index/rclcpp_components/rtabmap_slam\n'}
[93.657973] (rtabmap_slam) StdoutLine: {'line': b'-- Up-to-date symlink: /SLAM/ros_ws/install/rtabmap_slam/share/rtabmap_slam/cmake/ament_cmake_export_dependencies-extras.cmake\n'}
[93.658116] (rtabmap_slam) StdoutLine: {'line': b'-- Up-to-date symlink: /SLAM/ros_ws/install/rtabmap_slam/share/rtabmap_slam/cmake/ament_cmake_export_include_directories-extras.cmake\n'}
[93.658259] (rtabmap_slam) StdoutLine: {'line': b'-- Up-to-date symlink: /SLAM/ros_ws/install/rtabmap_slam/share/rtabmap_slam/cmake/ament_cmake_export_targets-extras.cmake\n'}
[93.658400] (rtabmap_slam) StdoutLine: {'line': b'-- Up-to-date symlink: /SLAM/ros_ws/install/rtabmap_slam/share/rtabmap_slam/cmake/ament_cmake_export_libraries-extras.cmake\n'}
[93.658542] (rtabmap_slam) StdoutLine: {'line': b'-- Up-to-date symlink: /SLAM/ros_ws/install/rtabmap_slam/share/rtabmap_slam/cmake/rtabmap_slamConfig.cmake\n'}
[93.658632] (rtabmap_slam) StdoutLine: {'line': b'-- Up-to-date symlink: /SLAM/ros_ws/install/rtabmap_slam/share/rtabmap_slam/cmake/rtabmap_slamConfig-version.cmake\n'}
[93.658745] (rtabmap_slam) StdoutLine: {'line': b'-- Up-to-date symlink: /SLAM/ros_ws/install/rtabmap_slam/share/rtabmap_slam/package.xml\n'}
[93.658983] (rtabmap_slam) StdoutLine: {'line': b'-- Installing: /SLAM/ros_ws/install/rtabmap_slam/lib/librtabmap_slam_plugins.so\n'}
[93.685722] (rtabmap_slam) StdoutLine: {'line': b'-- Set runtime path of "/SLAM/ros_ws/install/rtabmap_slam/lib/librtabmap_slam_plugins.so" to ""\n'}
[93.685904] (rtabmap_slam) StdoutLine: {'line': b'-- Up-to-date: /SLAM/ros_ws/install/rtabmap_slam/include\n'}
[93.686027] (rtabmap_slam) StdoutLine: {'line': b'-- Up-to-date: /SLAM/ros_ws/install/rtabmap_slam/include/rtabmap_slam\n'}
[93.686114] (rtabmap_slam) StdoutLine: {'line': b'-- Up-to-date: /SLAM/ros_ws/install/rtabmap_slam/include/rtabmap_slam/CoreWrapper.h\n'}
[93.686181] (rtabmap_slam) StdoutLine: {'line': b'-- Up-to-date: /SLAM/ros_ws/install/rtabmap_slam/include/rtabmap_slam/visibility.h\n'}
[93.686248] (rtabmap_slam) StdoutLine: {'line': b'-- Up-to-date: /SLAM/ros_ws/install/rtabmap_slam/share/rtabmap_slam/cmake/rtabmap_slamExport.cmake\n'}
[93.686311] (rtabmap_slam) StdoutLine: {'line': b'-- Installing: /SLAM/ros_ws/install/rtabmap_slam/share/rtabmap_slam/cmake/rtabmap_slamExport-release.cmake\n'}
[93.688178] (rtabmap_slam) CommandEnded: {'returncode': 0}
[93.728517] (-) TimerEvent: {}
[93.821212] (rtabmap_slam) JobEnded: {'identifier': 'rtabmap_slam', 'rc': 0}
[93.821931] (-) EventReactorShutdown: {}
