[0.213s] Invoking command in '/home/khanh/Documents/SLAM/ros_ws/build/glog': /usr/bin/cmake /home/khanh/Documents/SLAM/ros_ws/glog-0.6.0 -DCMAKE_BUILD_TYPE=Release -DCMAKE_INSTALL_PREFIX=/home/khanh/Documents/SLAM/ros_ws/install/glog
[0.276s] -- The CXX compiler identification is GNU 11.4.0
[0.286s] -- Detecting CXX compiler ABI info
[0.374s] -- Detecting CXX compiler ABI info - done
[0.380s] -- Check for working CXX compiler: /usr/bin/c++ - skipped
[0.380s] -- Detecting CXX compile features
[0.381s] -- Detecting CXX compile features - done
[0.401s] -- Looking for C++ include pthread.h
[0.495s] -- Looking for C++ include pthread.h - found
[0.495s] -- Performing Test CMAKE_HAVE_LIBC_PTHREAD
[0.626s] -- Performing Test CMAKE_HAVE_LIBC_PTHREAD - Success
[0.628s] -- Found Threads: TRUE  
[0.635s] -- Looking for gflags namespace
[1.311s] -- Looking for gflags namespace - gflags
[1.327s] -- Found Unwind: /usr/include/x86_64-linux-gnu (found version "1.3.2") 
[1.343s] -- Looking for C++ include dlfcn.h
[1.604s] -- Looking for C++ include dlfcn.h - found
[1.605s] -- Looking for C++ include execinfo.h
[1.769s] -- Looking for C++ include execinfo.h - found
[1.769s] -- Looking for C++ include glob.h
[1.914s] -- Looking for C++ include glob.h - found
[1.915s] -- Looking for C++ include inttypes.h
[2.035s] -- Looking for C++ include inttypes.h - found
[2.035s] -- Looking for C++ include memory.h
[2.136s] -- Looking for C++ include memory.h - found
[2.136s] -- Looking for C++ include pwd.h
[2.229s] -- Looking for C++ include pwd.h - found
[2.229s] -- Looking for C++ include stdint.h
[2.321s] -- Looking for C++ include stdint.h - found
[2.321s] -- Looking for C++ include strings.h
[2.417s] -- Looking for C++ include strings.h - found
[2.417s] -- Looking for C++ include sys/stat.h
[2.510s] -- Looking for C++ include sys/stat.h - found
[2.511s] -- Looking for C++ include sys/syscall.h
[2.607s] -- Looking for C++ include sys/syscall.h - found
[2.607s] -- Looking for C++ include sys/time.h
[2.701s] -- Looking for C++ include sys/time.h - found
[2.701s] -- Looking for C++ include sys/types.h
[2.800s] -- Looking for C++ include sys/types.h - found
[2.801s] -- Looking for C++ include sys/utsname.h
[2.900s] -- Looking for C++ include sys/utsname.h - found
[2.901s] -- Looking for C++ include sys/wait.h
[3.003s] -- Looking for C++ include sys/wait.h - found
[3.003s] -- Looking for C++ include syscall.h
[3.098s] -- Looking for C++ include syscall.h - found
[3.098s] -- Looking for C++ include syslog.h
[3.189s] -- Looking for C++ include syslog.h - found
[3.189s] -- Looking for C++ include ucontext.h
[3.284s] -- Looking for C++ include ucontext.h - found
[3.284s] -- Looking for C++ include unistd.h
[3.395s] -- Looking for C++ include unistd.h - found
[3.395s] -- Looking for C++ include ext/hash_map
[3.790s] -- Looking for C++ include ext/hash_map - found
[3.790s] -- Looking for C++ include ext/hash_set
[4.351s] -- Looking for C++ include ext/hash_set - found
[4.351s] -- Looking for C++ include ext/slist
[4.644s] -- Looking for C++ include ext/slist - found
[4.644s] -- Looking for C++ include tr1/unordered_map
[4.812s] -- Looking for C++ include tr1/unordered_map - found
[4.812s] -- Looking for C++ include tr1/unordered_set
[5.097s] -- Looking for C++ include tr1/unordered_set - found
[5.098s] -- Looking for C++ include unordered_map
[5.654s] -- Looking for C++ include unordered_map - found
[5.654s] -- Looking for C++ include unordered_set
[6.327s] -- Looking for C++ include unordered_set - found
[6.327s] -- Looking for C++ include stddef.h
[6.734s] -- Looking for C++ include stddef.h - found
[6.743s] -- Check size of unsigned __int16
[6.945s] -- Check size of unsigned __int16 - failed
[6.947s] -- Check size of u_int16_t
[7.227s] -- Check size of u_int16_t - done
[7.229s] -- Check size of uint16_t
[7.396s] -- Check size of uint16_t - done
[7.396s] -- Looking for dladdr
[7.524s] -- Looking for dladdr - found
[7.524s] -- Looking for fcntl
[7.623s] -- Looking for fcntl - found
[7.623s] -- Looking for pread
[7.721s] -- Looking for pread - found
[7.722s] -- Looking for pwrite
[7.815s] -- Looking for pwrite - found
[7.816s] -- Looking for sigaction
[7.902s] -- Looking for sigaction - found
[7.902s] -- Looking for sigaltstack
[7.992s] -- Looking for sigaltstack - found
[7.992s] -- Performing Test HAVE_NO_DEPRECATED
[8.080s] -- Performing Test HAVE_NO_DEPRECATED - Success
[8.081s] -- Performing Test HAVE_NO_UNNAMED_TYPE_TEMPLATE_ARGS
[8.113s] -- Performing Test HAVE_NO_UNNAMED_TYPE_TEMPLATE_ARGS - Failed
[8.114s] -- Looking for pthread_threadid_np
[8.152s] -- Looking for pthread_threadid_np - not found
[8.152s] -- Looking for snprintf
[8.248s] -- Looking for snprintf - found
[8.248s] -- Looking for UnDecorateSymbolName in dbghelp
[8.326s] -- Looking for UnDecorateSymbolName in dbghelp - not found
[8.326s] -- Performing Test HAVE___ATTRIBUTE__
[8.423s] -- Performing Test HAVE___ATTRIBUTE__ - Success
[8.423s] -- Performing Test HAVE___ATTRIBUTE__VISIBILITY_DEFAULT
[8.520s] -- Performing Test HAVE___ATTRIBUTE__VISIBILITY_DEFAULT - Success
[8.520s] -- Performing Test HAVE___ATTRIBUTE__VISIBILITY_HIDDEN
[8.615s] -- Performing Test HAVE___ATTRIBUTE__VISIBILITY_HIDDEN - Success
[8.615s] -- Performing Test HAVE___BUILTIN_EXPECT
[8.702s] -- Performing Test HAVE___BUILTIN_EXPECT - Success
[8.702s] -- Performing Test HAVE___SYNC_VAL_COMPARE_AND_SWAP
[8.790s] -- Performing Test HAVE___SYNC_VAL_COMPARE_AND_SWAP - Success
[8.790s] -- Performing Test HAVE_RWLOCK
[8.898s] -- Performing Test HAVE_RWLOCK - Success
[8.898s] -- Performing Test HAVE___DECLSPEC
[8.935s] -- Performing Test HAVE___DECLSPEC - Failed
[8.935s] -- Performing Test STL_NO_NAMESPACE
[9.082s] -- Performing Test STL_NO_NAMESPACE - Failed
[9.083s] -- Performing Test STL_STD_NAMESPACE
[9.314s] -- Performing Test STL_STD_NAMESPACE - Success
[9.314s] -- Performing Test HAVE_USING_OPERATOR
[9.696s] -- Performing Test HAVE_USING_OPERATOR - Success
[9.697s] -- Performing Test HAVE_NAMESPACES
[9.794s] -- Performing Test HAVE_NAMESPACES - Success
[9.795s] -- Performing Test HAVE_GCC_TLS
[9.888s] -- Performing Test HAVE_GCC_TLS - Success
[9.888s] -- Performing Test HAVE_MSVC_TLS
[9.920s] -- Performing Test HAVE_MSVC_TLS - Failed
[9.920s] -- Performing Test HAVE_CXX11_TLS
[10.026s] -- Performing Test HAVE_CXX11_TLS - Success
[10.027s] -- Performing Test HAVE_ALIGNED_STORAGE
[10.141s] -- Performing Test HAVE_ALIGNED_STORAGE - Success
[10.141s] -- Performing Test HAVE_CXX11_ATOMIC
[10.279s] -- Performing Test HAVE_CXX11_ATOMIC - Success
[10.280s] -- Performing Test HAVE_CXX11_CONSTEXPR
[10.378s] -- Performing Test HAVE_CXX11_CONSTEXPR - Success
[10.378s] -- Performing Test HAVE_CXX11_CHRONO
[10.533s] -- Performing Test HAVE_CXX11_CHRONO - Success
[10.533s] -- Performing Test HAVE_CXX11_NULLPTR_T
[10.635s] -- Performing Test HAVE_CXX11_NULLPTR_T - Success
[11.917s] -- Performing Test HAVE_LOCALTIME_R
[12.021s] -- Performing Test HAVE_LOCALTIME_R - Success
[12.025s] -- Performing Test COMPILER_HAS_HIDDEN_VISIBILITY
[12.115s] -- Performing Test COMPILER_HAS_HIDDEN_VISIBILITY - Success
[12.115s] -- Performing Test COMPILER_HAS_HIDDEN_INLINE_VISIBILITY
[12.203s] -- Performing Test COMPILER_HAS_HIDDEN_INLINE_VISIBILITY - Success
[12.204s] -- Performing Test COMPILER_HAS_DEPRECATED_ATTR
[12.292s] -- Performing Test COMPILER_HAS_DEPRECATED_ATTR - Success
[12.304s] -- Configuring done
[12.343s] -- Generating done
[12.347s] -- Build files have been written to: /home/khanh/Documents/SLAM/ros_ws/build/glog
[12.353s] Invoked command in '/home/khanh/Documents/SLAM/ros_ws/build/glog' returned '0': /usr/bin/cmake /home/khanh/Documents/SLAM/ros_ws/glog-0.6.0 -DCMAKE_BUILD_TYPE=Release -DCMAKE_INSTALL_PREFIX=/home/khanh/Documents/SLAM/ros_ws/install/glog
[12.354s] Invoking command in '/home/khanh/Documents/SLAM/ros_ws/build/glog': /usr/bin/cmake --build /home/khanh/Documents/SLAM/ros_ws/build/glog -- -j16 -l16
[12.405s] [  3%] [34m[1mCopying find modules...[0m
[12.451s] [ 12%] [32mBuilding CXX object CMakeFiles/glogbase.dir/src/symbolize.cc.o[0m
[12.452s] [ 12%] [32mBuilding CXX object CMakeFiles/glogbase.dir/src/logging.cc.o[0m
[12.452s] [ 12%] [32mBuilding CXX object CMakeFiles/glogbase.dir/src/demangle.cc.o[0m
[12.452s] [ 15%] [32mBuilding CXX object CMakeFiles/glogbase.dir/src/utilities.cc.o[0m
[12.452s] [ 21%] [32mBuilding CXX object CMakeFiles/glogbase.dir/src/vlog_is_on.cc.o[0m
[12.452s] [ 21%] [32mBuilding CXX object CMakeFiles/glogbase.dir/src/raw_logging.cc.o[0m
[12.454s] [ 25%] [32mBuilding CXX object CMakeFiles/glogbase.dir/src/signalhandler.cc.o[0m
[16.811s] [ 25%] Built target glogbase
[16.936s] [ 28%] [32m[1mLinking CXX shared library libglog.so[0m
[16.944s] [ 31%] [32m[1mLinking CXX static library libglogtest.a[0m
[17.284s] [ 31%] Built target glogtest
[17.390s] [ 31%] Built target glog
[17.411s] [ 34%] [32mBuilding CXX object CMakeFiles/logging_unittest.dir/src/logging_unittest.cc.o[0m
[17.418s] [ 37%] [32mBuilding CXX object CMakeFiles/stl_logging_unittest.dir/src/stl_logging_unittest.cc.o[0m
[17.458s] [ 40%] [32mBuilding CXX object CMakeFiles/logging_custom_prefix_unittest.dir/src/logging_custom_prefix_unittest.cc.o[0m
[17.536s] [ 43%] [32mBuilding CXX object CMakeFiles/symbolize_unittest.dir/src/symbolize_unittest.cc.o[0m
[17.580s] [ 46%] [32mBuilding CXX object CMakeFiles/stacktrace_unittest.dir/src/stacktrace_unittest.cc.o[0m
[17.581s] [ 50%] [32mBuilding CXX object CMakeFiles/demangle_unittest.dir/src/demangle_unittest.cc.o[0m
[17.589s] [ 53%] [32mBuilding CXX object CMakeFiles/utilities_unittest.dir/src/utilities_unittest.cc.o[0m
[17.616s] [ 56%] [32mBuilding CXX object CMakeFiles/signalhandler_unittest.dir/src/signalhandler_unittest.cc.o[0m
[17.662s] [ 59%] [32mBuilding CXX object CMakeFiles/cleanup_immediately_unittest.dir/src/cleanup_immediately_unittest.cc.o[0m
[17.663s] [ 62%] [32mBuilding CXX object CMakeFiles/cleanup_with_absolute_prefix_unittest.dir/src/cleanup_with_absolute_prefix_unittest.cc.o[0m
[17.677s] [ 65%] [32mBuilding CXX object CMakeFiles/cleanup_with_relative_prefix_unittest.dir/src/cleanup_with_relative_prefix_unittest.cc.o[0m
[19.159s] [ 68%] [32m[1mLinking CXX executable stacktrace_unittest[0m
[19.212s] [ 71%] [32m[1mLinking CXX executable signalhandler_unittest[0m
[19.669s] [ 71%] Built target stacktrace_unittest
[19.803s] [ 71%] Built target signalhandler_unittest
[20.895s] [ 75%] [32m[1mLinking CXX executable cleanup_with_absolute_prefix_unittest[0m
[21.029s] [ 78%] [32m[1mLinking CXX executable cleanup_with_relative_prefix_unittest[0m
[21.329s] [ 81%] [32m[1mLinking CXX executable cleanup_immediately_unittest[0m
[21.491s] [ 84%] [32m[1mLinking CXX executable utilities_unittest[0m
[21.658s] [ 84%] Built target cleanup_with_relative_prefix_unittest
[21.663s] [ 84%] Built target cleanup_with_absolute_prefix_unittest
[21.791s] [ 84%] Built target cleanup_immediately_unittest
[21.938s] [ 84%] Built target utilities_unittest
[21.987s] [ 87%] [32m[1mLinking CXX executable symbolize_unittest[0m
[22.077s] [ 90%] [32m[1mLinking CXX executable demangle_unittest[0m
[22.411s] [ 90%] Built target symbolize_unittest
[22.476s] [ 90%] Built target demangle_unittest
[24.209s] [ 93%] [32m[1mLinking CXX executable stl_logging_unittest[0m
[24.572s] [ 93%] Built target stl_logging_unittest
[25.082s] [ 96%] [32m[1mLinking CXX executable logging_unittest[0m
[25.376s] [100%] [32m[1mLinking CXX executable logging_custom_prefix_unittest[0m
[25.392s] [100%] Built target logging_unittest
[25.630s] [100%] Built target logging_custom_prefix_unittest
[25.663s] Invoked command in '/home/khanh/Documents/SLAM/ros_ws/build/glog' returned '0': /usr/bin/cmake --build /home/khanh/Documents/SLAM/ros_ws/build/glog -- -j16 -l16
[25.905s] Invoking command in '/home/khanh/Documents/SLAM/ros_ws/build/glog': /usr/bin/cmake --install /home/khanh/Documents/SLAM/ros_ws/build/glog
[25.931s] -- Install configuration: "Release"
[25.931s] -- Installing: /home/khanh/Documents/SLAM/ros_ws/install/glog/lib/libglog.so.0.6.0
[25.932s] -- Installing: /home/khanh/Documents/SLAM/ros_ws/install/glog/lib/libglog.so.1
[25.932s] -- Installing: /home/khanh/Documents/SLAM/ros_ws/install/glog/lib/libglog.so
[25.933s] -- Installing: /home/khanh/Documents/SLAM/ros_ws/install/glog/include/glog/export.h
[25.933s] -- Installing: /home/khanh/Documents/SLAM/ros_ws/install/glog/include/glog/logging.h
[25.933s] -- Installing: /home/khanh/Documents/SLAM/ros_ws/install/glog/include/glog/raw_logging.h
[25.934s] -- Installing: /home/khanh/Documents/SLAM/ros_ws/install/glog/include/glog/stl_logging.h
[25.934s] -- Installing: /home/khanh/Documents/SLAM/ros_ws/install/glog/include/glog/vlog_is_on.h
[25.934s] -- Installing: /home/khanh/Documents/SLAM/ros_ws/install/glog/include/glog/log_severity.h
[25.935s] -- Installing: /home/khanh/Documents/SLAM/ros_ws/install/glog/include/glog/platform.h
[25.935s] -- Installing: /home/khanh/Documents/SLAM/ros_ws/install/glog/lib/pkgconfig/libglog.pc
[25.936s] -- Installing: /home/khanh/Documents/SLAM/ros_ws/install/glog/lib/cmake/glog/glog-modules.cmake
[25.936s] -- Installing: /home/khanh/Documents/SLAM/ros_ws/install/glog/lib/cmake/glog/glog-config.cmake
[25.937s] -- Installing: /home/khanh/Documents/SLAM/ros_ws/install/glog/lib/cmake/glog/glog-config-version.cmake
[25.937s] -- Installing: /home/khanh/Documents/SLAM/ros_ws/install/glog/share/glog/cmake
[25.938s] -- Installing: /home/khanh/Documents/SLAM/ros_ws/install/glog/share/glog/cmake/FindUnwind.cmake
[25.938s] -- Installing: /home/khanh/Documents/SLAM/ros_ws/install/glog/lib/cmake/glog/glog-targets.cmake
[25.939s] -- Installing: /home/khanh/Documents/SLAM/ros_ws/install/glog/lib/cmake/glog/glog-targets-release.cmake
[25.950s] Invoked command in '/home/khanh/Documents/SLAM/ros_ws/build/glog' returned '0': /usr/bin/cmake --install /home/khanh/Documents/SLAM/ros_ws/build/glog
