[0.049s] Invoking command in '/SLAM/ros_ws/build/pmb2_navigation': AMENT_PREFIX_PATH=/SLAM/ros_ws/install/pmb2_2dnav:/SLAM/ros_ws/install/pmb2_maps:/SLAM/ros_ws/install/pmb2_laser_sensors:${AMENT_PREFIX_PATH} CMAKE_PREFIX_PATH=/SLAM/ros_ws/install/pmb2_2dnav:/SLAM/ros_ws/install/pmb2_maps:/SLAM/ros_ws/install/pmb2_laser_sensors:/opt/ros/humble /usr/bin/cmake /SLAM/ros_ws/src/ThirdParty/pmb2_navigation/pmb2_navigation -DAMENT_CMAKE_SYMLINK_INSTALL=1 -DCMAKE_INSTALL_PREFIX=/SLAM/ros_ws/install/pmb2_navigation
[0.106s] -- The C compiler identification is GNU 11.4.0
[0.180s] -- The CXX compiler identification is GNU 11.4.0
[0.189s] -- Detecting C compiler ABI info
[0.274s] -- Detecting C compiler ABI info - done
[0.281s] -- Check for working C compiler: /usr/bin/cc - skipped
[0.281s] -- Detecting C compile features
[0.281s] -- Detecting C compile features - done
[0.284s] -- Detecting CXX compiler ABI info
[0.383s] -- Detecting CXX compiler ABI info - done
[0.392s] -- Check for working CXX compiler: /usr/bin/c++ - skipped
[0.392s] -- Detecting CXX compile features
[0.392s] -- Detecting CXX compile features - done
[0.397s] -- Found ament_cmake_auto: 1.3.6 (/opt/ros/humble/share/ament_cmake_auto/cmake)
[0.600s] -- Found Python3: /usr/bin/python3.10 (found version "3.10.12") found components: Interpreter 
[0.664s] -- Override CMake install command with custom implementation using symlinks instead of copying resources
[0.812s] -- Configuring done
[0.815s] -- Generating done
[0.816s] -- Build files have been written to: /SLAM/ros_ws/build/pmb2_navigation
[0.822s] Invoked command in '/SLAM/ros_ws/build/pmb2_navigation' returned '0': AMENT_PREFIX_PATH=/SLAM/ros_ws/install/pmb2_2dnav:/SLAM/ros_ws/install/pmb2_maps:/SLAM/ros_ws/install/pmb2_laser_sensors:${AMENT_PREFIX_PATH} CMAKE_PREFIX_PATH=/SLAM/ros_ws/install/pmb2_2dnav:/SLAM/ros_ws/install/pmb2_maps:/SLAM/ros_ws/install/pmb2_laser_sensors:/opt/ros/humble /usr/bin/cmake /SLAM/ros_ws/src/ThirdParty/pmb2_navigation/pmb2_navigation -DAMENT_CMAKE_SYMLINK_INSTALL=1 -DCMAKE_INSTALL_PREFIX=/SLAM/ros_ws/install/pmb2_navigation
[0.824s] Invoking command in '/SLAM/ros_ws/build/pmb2_navigation': AMENT_PREFIX_PATH=/SLAM/ros_ws/install/pmb2_2dnav:/SLAM/ros_ws/install/pmb2_maps:/SLAM/ros_ws/install/pmb2_laser_sensors:${AMENT_PREFIX_PATH} CMAKE_PREFIX_PATH=/SLAM/ros_ws/install/pmb2_2dnav:/SLAM/ros_ws/install/pmb2_maps:/SLAM/ros_ws/install/pmb2_laser_sensors:/opt/ros/humble /usr/bin/cmake --build /SLAM/ros_ws/build/pmb2_navigation -- -j16 -l16
[0.874s] Invoked command in '/SLAM/ros_ws/build/pmb2_navigation' returned '0': AMENT_PREFIX_PATH=/SLAM/ros_ws/install/pmb2_2dnav:/SLAM/ros_ws/install/pmb2_maps:/SLAM/ros_ws/install/pmb2_laser_sensors:${AMENT_PREFIX_PATH} CMAKE_PREFIX_PATH=/SLAM/ros_ws/install/pmb2_2dnav:/SLAM/ros_ws/install/pmb2_maps:/SLAM/ros_ws/install/pmb2_laser_sensors:/opt/ros/humble /usr/bin/cmake --build /SLAM/ros_ws/build/pmb2_navigation -- -j16 -l16
[0.900s] Invoking command in '/SLAM/ros_ws/build/pmb2_navigation': AMENT_PREFIX_PATH=/SLAM/ros_ws/install/pmb2_2dnav:/SLAM/ros_ws/install/pmb2_maps:/SLAM/ros_ws/install/pmb2_laser_sensors:${AMENT_PREFIX_PATH} CMAKE_PREFIX_PATH=/SLAM/ros_ws/install/pmb2_2dnav:/SLAM/ros_ws/install/pmb2_maps:/SLAM/ros_ws/install/pmb2_laser_sensors:/opt/ros/humble /usr/bin/cmake --install /SLAM/ros_ws/build/pmb2_navigation
[0.912s] -- Install configuration: ""
[0.912s] -- Execute custom install script
[0.913s] -- Symlinking: /SLAM/ros_ws/install/pmb2_navigation/share/ament_index/resource_index/package_run_dependencies/pmb2_navigation
[0.924s] -- Symlinking: /SLAM/ros_ws/install/pmb2_navigation/share/ament_index/resource_index/parent_prefix_path/pmb2_navigation
[0.935s] -- Symlinking: /SLAM/ros_ws/install/pmb2_navigation/share/pmb2_navigation/environment/ament_prefix_path.sh
[0.947s] -- Symlinking: /SLAM/ros_ws/install/pmb2_navigation/share/pmb2_navigation/environment/ament_prefix_path.dsv
[0.958s] -- Symlinking: /SLAM/ros_ws/install/pmb2_navigation/share/pmb2_navigation/environment/path.sh
[0.968s] -- Symlinking: /SLAM/ros_ws/install/pmb2_navigation/share/pmb2_navigation/environment/path.dsv
[0.978s] -- Symlinking: /SLAM/ros_ws/install/pmb2_navigation/share/pmb2_navigation/local_setup.bash
[0.989s] -- Symlinking: /SLAM/ros_ws/install/pmb2_navigation/share/pmb2_navigation/local_setup.sh
[1.000s] -- Symlinking: /SLAM/ros_ws/install/pmb2_navigation/share/pmb2_navigation/local_setup.zsh
[1.010s] -- Symlinking: /SLAM/ros_ws/install/pmb2_navigation/share/pmb2_navigation/local_setup.dsv
[1.020s] -- Symlinking: /SLAM/ros_ws/install/pmb2_navigation/share/pmb2_navigation/package.dsv
[1.030s] -- Symlinking: /SLAM/ros_ws/install/pmb2_navigation/share/ament_index/resource_index/packages/pmb2_navigation
[1.040s] -- Symlinking: /SLAM/ros_ws/install/pmb2_navigation/share/pmb2_navigation/cmake/pmb2_navigationConfig.cmake
[1.050s] -- Symlinking: /SLAM/ros_ws/install/pmb2_navigation/share/pmb2_navigation/cmake/pmb2_navigationConfig-version.cmake
[1.060s] -- Symlinking: /SLAM/ros_ws/install/pmb2_navigation/share/pmb2_navigation/package.xml
[1.071s] Invoked command in '/SLAM/ros_ws/build/pmb2_navigation' returned '0': AMENT_PREFIX_PATH=/SLAM/ros_ws/install/pmb2_2dnav:/SLAM/ros_ws/install/pmb2_maps:/SLAM/ros_ws/install/pmb2_laser_sensors:${AMENT_PREFIX_PATH} CMAKE_PREFIX_PATH=/SLAM/ros_ws/install/pmb2_2dnav:/SLAM/ros_ws/install/pmb2_maps:/SLAM/ros_ws/install/pmb2_laser_sensors:/opt/ros/humble /usr/bin/cmake --install /SLAM/ros_ws/build/pmb2_navigation
