[0.949s] Invoking command in '/SLAM/ros_ws/build/more_interfaces': CMAKE_PREFIX_PATH=/SLAM/ros_ws/install/rplidar_ros:/SLAM/ros_ws/install/examples_rclcpp_minimal_client:/SLAM/ros_ws/install/cpp_srvcli:/SLAM/ros_ws/install/image_pipeline:/SLAM/ros_ws/install/stereo_image_proc:/SLAM/ros_ws/install/image_proc:/SLAM/ros_ws/install/tracetools_image_pipeline:/SLAM/ros_ws/install/sllidar_ros2:/SLAM/ros_ws/install/rtabmap_ros:/SLAM/ros_ws/install/rtabmap_launch:/SLAM/ros_ws/install/rtabmap_examples:/SLAM/ros_ws/install/rtabmap_demos:/SLAM/ros_ws/install/rtabmap_viz:/SLAM/ros_ws/install/rtabmap_slam:/SLAM/ros_ws/install/rtabmap_odom:/SLAM/ros_ws/install/rtabmap_util:/SLAM/ros_ws/install/rtabmap_sync:/SLAM/ros_ws/install/rtabmap_rviz_plugins:/SLAM/ros_ws/install/rtabmap_conversions:/SLAM/ros_ws/install/examples_rclpy_minimal_client:/SLAM/ros_ws/install/examples_rclpy_minimal_action_server:/SLAM/ros_ws/install/examples_rclpy_minimal_action_client:/SLAM/ros_ws/install/examples_rclpy_executors:/SLAM/ros_ws/install/rtabmap_python:/SLAM/ros_ws/install/camera_calibration:/opt/ros/humble:/SLAM/ros_ws/install/rtabmap_msgs:/SLAM/ros_ws/install/rtabmap:/SLAM/ros_ws/install/image_view:/SLAM/ros_ws/install/image_rotate:/SLAM/ros_ws/install/astra_camera:/SLAM/ros_ws/install/image_publisher:/SLAM/ros_ws/install/depth_image_proc:/SLAM/ros_ws/install/astra_camera_msgs /usr/bin/cmake /SLAM/ros_ws/src/more_interfaces -DAMENT_CMAKE_SYMLINK_INSTALL=1 -DCMAKE_INSTALL_PREFIX=/SLAM/ros_ws/install/more_interfaces
[1.259s] -- The C compiler identification is GNU 11.4.0
[1.259s] -- The CXX compiler identification is GNU 11.4.0
[1.259s] -- Detecting C compiler ABI info
[1.259s] -- Detecting C compiler ABI info - done
[1.259s] -- Check for working C compiler: /usr/bin/cc - skipped
[1.259s] -- Detecting C compile features
[1.259s] -- Detecting C compile features - done
[1.259s] -- Detecting CXX compiler ABI info
[1.269s] -- Detecting CXX compiler ABI info - done
[1.280s] -- Check for working CXX compiler: /usr/bin/c++ - skipped
[1.280s] -- Detecting CXX compile features
[1.287s] -- Detecting CXX compile features - done
[1.298s] -- Found ament_cmake: 1.3.6 (/opt/ros/humble/share/ament_cmake/cmake)
[1.577s] -- Found Python3: /usr/bin/python3.10 (found version "3.10.12") found components: Interpreter 
[1.656s] -- Override CMake install command with custom implementation using symlinks instead of copying resources
[1.792s] -- Found rosidl_default_generators: 1.2.0 (/opt/ros/humble/share/rosidl_default_generators/cmake)
[1.792s] -- Using all available rosidl_typesupport_c: rosidl_typesupport_fastrtps_c;rosidl_typesupport_introspection_c
[1.808s] -- Found rosidl_adapter: 3.1.5 (/opt/ros/humble/share/rosidl_adapter/cmake)
[1.892s] -- Using all available rosidl_typesupport_cpp: rosidl_typesupport_fastrtps_cpp;rosidl_typesupport_introspection_cpp
[2.231s] -- Found ament_cmake_ros: 0.10.0 (/opt/ros/humble/share/ament_cmake_ros/cmake)
[2.454s] -- Using all available rosidl_typesupport_c: rosidl_typesupport_fastrtps_c;rosidl_typesupport_introspection_c
[2.717s] -- Using all available rosidl_typesupport_cpp: rosidl_typesupport_fastrtps_cpp;rosidl_typesupport_introspection_cpp
[2.746s] -- Found PythonInterp: /usr/bin/python3 (found suitable version "3.10.12", minimum required is "3.6") 
[2.757s] -- Found python_cmake_module: 0.10.0 (/opt/ros/humble/share/python_cmake_module/cmake)
[2.793s] -- Found PythonLibs: /usr/lib/x86_64-linux-gnu/libpython3.10.so (found suitable version "3.10.12", minimum required is "3.5") 
[2.793s] -- Using PYTHON_EXECUTABLE: /usr/bin/python3
[2.793s] -- Using PYTHON_INCLUDE_DIRS: /usr/include/python3.10
[2.793s] -- Using PYTHON_LIBRARIES: /usr/lib/x86_64-linux-gnu/libpython3.10.so
[2.819s] -- Found PythonExtra: .so  
[2.869s] -- Found ament_lint_auto: 0.12.9 (/opt/ros/humble/share/ament_lint_auto/cmake)
[2.926s] -- Added test 'cppcheck' to perform static code analysis on C / C++ code
[2.927s] -- Configured cppcheck include dirs: 
[2.928s] -- Configured cppcheck exclude dirs and/or files: 
[2.928s] -- Added test 'lint_cmake' to check CMake code style
[2.930s] -- Added test 'uncrustify' to check C / C++ code style
[2.930s] -- Configured uncrustify additional arguments: 
[2.931s] -- Added test 'xmllint' to check XML markup files
[2.935s] -- Configuring done
[2.965s] -- Generating done
[2.968s] -- Build files have been written to: /SLAM/ros_ws/build/more_interfaces
[3.230s] Invoked command in '/SLAM/ros_ws/build/more_interfaces' returned '0': CMAKE_PREFIX_PATH=/SLAM/ros_ws/install/rplidar_ros:/SLAM/ros_ws/install/examples_rclcpp_minimal_client:/SLAM/ros_ws/install/cpp_srvcli:/SLAM/ros_ws/install/image_pipeline:/SLAM/ros_ws/install/stereo_image_proc:/SLAM/ros_ws/install/image_proc:/SLAM/ros_ws/install/tracetools_image_pipeline:/SLAM/ros_ws/install/sllidar_ros2:/SLAM/ros_ws/install/rtabmap_ros:/SLAM/ros_ws/install/rtabmap_launch:/SLAM/ros_ws/install/rtabmap_examples:/SLAM/ros_ws/install/rtabmap_demos:/SLAM/ros_ws/install/rtabmap_viz:/SLAM/ros_ws/install/rtabmap_slam:/SLAM/ros_ws/install/rtabmap_odom:/SLAM/ros_ws/install/rtabmap_util:/SLAM/ros_ws/install/rtabmap_sync:/SLAM/ros_ws/install/rtabmap_rviz_plugins:/SLAM/ros_ws/install/rtabmap_conversions:/SLAM/ros_ws/install/examples_rclpy_minimal_client:/SLAM/ros_ws/install/examples_rclpy_minimal_action_server:/SLAM/ros_ws/install/examples_rclpy_minimal_action_client:/SLAM/ros_ws/install/examples_rclpy_executors:/SLAM/ros_ws/install/rtabmap_python:/SLAM/ros_ws/install/camera_calibration:/opt/ros/humble:/SLAM/ros_ws/install/rtabmap_msgs:/SLAM/ros_ws/install/rtabmap:/SLAM/ros_ws/install/image_view:/SLAM/ros_ws/install/image_rotate:/SLAM/ros_ws/install/astra_camera:/SLAM/ros_ws/install/image_publisher:/SLAM/ros_ws/install/depth_image_proc:/SLAM/ros_ws/install/astra_camera_msgs /usr/bin/cmake /SLAM/ros_ws/src/more_interfaces -DAMENT_CMAKE_SYMLINK_INSTALL=1 -DCMAKE_INSTALL_PREFIX=/SLAM/ros_ws/install/more_interfaces
[3.233s] Invoking command in '/SLAM/ros_ws/build/more_interfaces': CMAKE_PREFIX_PATH=/SLAM/ros_ws/install/rplidar_ros:/SLAM/ros_ws/install/examples_rclcpp_minimal_client:/SLAM/ros_ws/install/cpp_srvcli:/SLAM/ros_ws/install/image_pipeline:/SLAM/ros_ws/install/stereo_image_proc:/SLAM/ros_ws/install/image_proc:/SLAM/ros_ws/install/tracetools_image_pipeline:/SLAM/ros_ws/install/sllidar_ros2:/SLAM/ros_ws/install/rtabmap_ros:/SLAM/ros_ws/install/rtabmap_launch:/SLAM/ros_ws/install/rtabmap_examples:/SLAM/ros_ws/install/rtabmap_demos:/SLAM/ros_ws/install/rtabmap_viz:/SLAM/ros_ws/install/rtabmap_slam:/SLAM/ros_ws/install/rtabmap_odom:/SLAM/ros_ws/install/rtabmap_util:/SLAM/ros_ws/install/rtabmap_sync:/SLAM/ros_ws/install/rtabmap_rviz_plugins:/SLAM/ros_ws/install/rtabmap_conversions:/SLAM/ros_ws/install/examples_rclpy_minimal_client:/SLAM/ros_ws/install/examples_rclpy_minimal_action_server:/SLAM/ros_ws/install/examples_rclpy_minimal_action_client:/SLAM/ros_ws/install/examples_rclpy_executors:/SLAM/ros_ws/install/rtabmap_python:/SLAM/ros_ws/install/camera_calibration:/opt/ros/humble:/SLAM/ros_ws/install/rtabmap_msgs:/SLAM/ros_ws/install/rtabmap:/SLAM/ros_ws/install/image_view:/SLAM/ros_ws/install/image_rotate:/SLAM/ros_ws/install/astra_camera:/SLAM/ros_ws/install/image_publisher:/SLAM/ros_ws/install/depth_image_proc:/SLAM/ros_ws/install/astra_camera_msgs /usr/bin/cmake --build /SLAM/ros_ws/build/more_interfaces -- -j16 -l16
[3.286s] [  3%] [34m[1mGenerating C code for ROS interfaces[0m
[3.301s] [  6%] [34m[1mGenerating C++ code for ROS interfaces[0m
[3.313s] [  6%] Built target ament_cmake_python_symlink_more_interfaces
[3.579s] running egg_info
[3.580s] creating more_interfaces.egg-info
[3.580s] writing more_interfaces.egg-info/PKG-INFO
[3.580s] writing dependency_links to more_interfaces.egg-info/dependency_links.txt
[3.581s] writing top-level names to more_interfaces.egg-info/top_level.txt
[3.581s] writing manifest file 'more_interfaces.egg-info/SOURCES.txt'
[3.583s] reading manifest file 'more_interfaces.egg-info/SOURCES.txt'
[3.584s] writing manifest file 'more_interfaces.egg-info/SOURCES.txt'
[3.602s] [  9%] [32mBuilding C object CMakeFiles/more_interfaces__rosidl_generator_c.dir/rosidl_generator_c/more_interfaces/msg/detail/address_book__functions.c.o[0m
[3.607s] [  9%] Built target more_interfaces__cpp
[3.622s] [ 19%] [34m[1mGenerating C++ type support dispatch for ROS interfaces[0m
[3.623s] [ 19%] [34m[1mGenerating C++ type support for eProsima Fast-RTPS[0m
[3.623s] [ 19%] [34m[1mGenerating C++ introspection for ROS interfaces[0m
[3.629s] [ 19%] Built target ament_cmake_python_build_more_interfaces_egg
[3.676s] [ 22%] [32m[1mLinking C shared library libmore_interfaces__rosidl_generator_c.so[0m
[3.725s] [ 22%] Built target more_interfaces__rosidl_generator_c
[3.740s] [ 29%] [34m[1mGenerating C introspection for ROS interfaces[0m
[3.741s] [ 29%] [34m[1mGenerating C type support dispatch for ROS interfaces[0m
[3.741s] [ 32%] [34m[1mGenerating C type support for eProsima Fast-RTPS[0m
[3.903s] [ 35%] [32mBuilding CXX object CMakeFiles/more_interfaces__rosidl_typesupport_fastrtps_cpp.dir/rosidl_typesupport_fastrtps_cpp/more_interfaces/msg/detail/dds_fastrtps/address_book__type_support.cpp.o[0m
[3.923s] [ 38%] [32mBuilding CXX object CMakeFiles/more_interfaces__rosidl_typesupport_cpp.dir/rosidl_typesupport_cpp/more_interfaces/msg/address_book__type_support.cpp.o[0m
[3.967s] [ 41%] [32mBuilding CXX object CMakeFiles/more_interfaces__rosidl_typesupport_introspection_cpp.dir/rosidl_typesupport_introspection_cpp/more_interfaces/msg/detail/address_book__type_support.cpp.o[0m
[4.024s] [ 45%] [32mBuilding CXX object CMakeFiles/more_interfaces__rosidl_typesupport_c.dir/rosidl_typesupport_c/more_interfaces/msg/address_book__type_support.cpp.o[0m
[4.070s] [ 48%] [32m[1mLinking CXX shared library libmore_interfaces__rosidl_typesupport_c.so[0m
[4.120s] [ 51%] [32mBuilding C object CMakeFiles/more_interfaces__rosidl_typesupport_introspection_c.dir/rosidl_typesupport_introspection_c/more_interfaces/msg/detail/address_book__type_support.c.o[0m
[4.140s] [ 51%] Built target more_interfaces__rosidl_typesupport_c
[4.146s] [ 54%] [32mBuilding CXX object CMakeFiles/more_interfaces__rosidl_typesupport_fastrtps_c.dir/rosidl_typesupport_fastrtps_c/more_interfaces/msg/detail/address_book__type_support_c.cpp.o[0m
[4.184s] [ 58%] [32m[1mLinking C shared library libmore_interfaces__rosidl_typesupport_introspection_c.so[0m
[4.247s] [ 58%] Built target more_interfaces__rosidl_typesupport_introspection_c
[4.270s] [ 61%] [32m[1mLinking CXX shared library libmore_interfaces__rosidl_typesupport_cpp.so[0m
[4.327s] [ 61%] Built target more_interfaces__rosidl_typesupport_cpp
[4.376s] [ 64%] [32m[1mLinking CXX shared library libmore_interfaces__rosidl_typesupport_fastrtps_cpp.so[0m
[4.380s] [ 67%] [32m[1mLinking CXX shared library libmore_interfaces__rosidl_typesupport_introspection_cpp.so[0m
[4.473s] [ 67%] Built target more_interfaces__rosidl_typesupport_introspection_cpp
[4.481s] [ 67%] Built target more_interfaces__rosidl_typesupport_fastrtps_cpp
[4.591s] [ 70%] [32m[1mLinking CXX shared library libmore_interfaces__rosidl_typesupport_fastrtps_c.so[0m
[4.682s] [ 70%] Built target more_interfaces__rosidl_typesupport_fastrtps_c
[4.713s] [ 70%] Built target more_interfaces
[4.743s] [ 74%] [34m[1mGenerating Python code for ROS interfaces[0m
[5.075s] [ 74%] Built target more_interfaces__py
[5.106s] [ 77%] [32mBuilding C object CMakeFiles/more_interfaces__rosidl_generator_py.dir/rosidl_generator_py/more_interfaces/msg/_address_book_s.c.o[0m
[5.229s] [ 80%] [32m[1mLinking C shared library rosidl_generator_py/more_interfaces/libmore_interfaces__rosidl_generator_py.so[0m
[5.277s] [ 80%] Built target more_interfaces__rosidl_generator_py
[5.309s] [ 87%] [32mBuilding C object CMakeFiles/more_interfaces__rosidl_typesupport_c__pyext.dir/rosidl_generator_py/more_interfaces/_more_interfaces_s.ep.rosidl_typesupport_c.c.o[0m
[5.309s] [ 87%] [32mBuilding C object CMakeFiles/more_interfaces__rosidl_typesupport_fastrtps_c__pyext.dir/rosidl_generator_py/more_interfaces/_more_interfaces_s.ep.rosidl_typesupport_fastrtps_c.c.o[0m
[5.317s] [ 90%] [32mBuilding C object CMakeFiles/more_interfaces__rosidl_typesupport_introspection_c__pyext.dir/rosidl_generator_py/more_interfaces/_more_interfaces_s.ep.rosidl_typesupport_introspection_c.c.o[0m
[5.430s] [ 93%] [32m[1mLinking C shared library rosidl_generator_py/more_interfaces/more_interfaces_s__rosidl_typesupport_c.cpython-310-x86_64-linux-gnu.so[0m
[5.443s] [ 96%] [32m[1mLinking C shared library rosidl_generator_py/more_interfaces/more_interfaces_s__rosidl_typesupport_introspection_c.cpython-310-x86_64-linux-gnu.so[0m
[5.448s] [100%] [32m[1mLinking C shared library rosidl_generator_py/more_interfaces/more_interfaces_s__rosidl_typesupport_fastrtps_c.cpython-310-x86_64-linux-gnu.so[0m
[5.488s] [100%] Built target more_interfaces__rosidl_typesupport_c__pyext
[5.503s] [100%] Built target more_interfaces__rosidl_typesupport_introspection_c__pyext
[5.506s] [100%] Built target more_interfaces__rosidl_typesupport_fastrtps_c__pyext
[5.523s] Invoked command in '/SLAM/ros_ws/build/more_interfaces' returned '0': CMAKE_PREFIX_PATH=/SLAM/ros_ws/install/rplidar_ros:/SLAM/ros_ws/install/examples_rclcpp_minimal_client:/SLAM/ros_ws/install/cpp_srvcli:/SLAM/ros_ws/install/image_pipeline:/SLAM/ros_ws/install/stereo_image_proc:/SLAM/ros_ws/install/image_proc:/SLAM/ros_ws/install/tracetools_image_pipeline:/SLAM/ros_ws/install/sllidar_ros2:/SLAM/ros_ws/install/rtabmap_ros:/SLAM/ros_ws/install/rtabmap_launch:/SLAM/ros_ws/install/rtabmap_examples:/SLAM/ros_ws/install/rtabmap_demos:/SLAM/ros_ws/install/rtabmap_viz:/SLAM/ros_ws/install/rtabmap_slam:/SLAM/ros_ws/install/rtabmap_odom:/SLAM/ros_ws/install/rtabmap_util:/SLAM/ros_ws/install/rtabmap_sync:/SLAM/ros_ws/install/rtabmap_rviz_plugins:/SLAM/ros_ws/install/rtabmap_conversions:/SLAM/ros_ws/install/examples_rclpy_minimal_client:/SLAM/ros_ws/install/examples_rclpy_minimal_action_server:/SLAM/ros_ws/install/examples_rclpy_minimal_action_client:/SLAM/ros_ws/install/examples_rclpy_executors:/SLAM/ros_ws/install/rtabmap_python:/SLAM/ros_ws/install/camera_calibration:/opt/ros/humble:/SLAM/ros_ws/install/rtabmap_msgs:/SLAM/ros_ws/install/rtabmap:/SLAM/ros_ws/install/image_view:/SLAM/ros_ws/install/image_rotate:/SLAM/ros_ws/install/astra_camera:/SLAM/ros_ws/install/image_publisher:/SLAM/ros_ws/install/depth_image_proc:/SLAM/ros_ws/install/astra_camera_msgs /usr/bin/cmake --build /SLAM/ros_ws/build/more_interfaces -- -j16 -l16
[5.645s] Invoking command in '/SLAM/ros_ws/build/more_interfaces': CMAKE_PREFIX_PATH=/SLAM/ros_ws/install/rplidar_ros:/SLAM/ros_ws/install/examples_rclcpp_minimal_client:/SLAM/ros_ws/install/cpp_srvcli:/SLAM/ros_ws/install/image_pipeline:/SLAM/ros_ws/install/stereo_image_proc:/SLAM/ros_ws/install/image_proc:/SLAM/ros_ws/install/tracetools_image_pipeline:/SLAM/ros_ws/install/sllidar_ros2:/SLAM/ros_ws/install/rtabmap_ros:/SLAM/ros_ws/install/rtabmap_launch:/SLAM/ros_ws/install/rtabmap_examples:/SLAM/ros_ws/install/rtabmap_demos:/SLAM/ros_ws/install/rtabmap_viz:/SLAM/ros_ws/install/rtabmap_slam:/SLAM/ros_ws/install/rtabmap_odom:/SLAM/ros_ws/install/rtabmap_util:/SLAM/ros_ws/install/rtabmap_sync:/SLAM/ros_ws/install/rtabmap_rviz_plugins:/SLAM/ros_ws/install/rtabmap_conversions:/SLAM/ros_ws/install/examples_rclpy_minimal_client:/SLAM/ros_ws/install/examples_rclpy_minimal_action_server:/SLAM/ros_ws/install/examples_rclpy_minimal_action_client:/SLAM/ros_ws/install/examples_rclpy_executors:/SLAM/ros_ws/install/rtabmap_python:/SLAM/ros_ws/install/camera_calibration:/opt/ros/humble:/SLAM/ros_ws/install/rtabmap_msgs:/SLAM/ros_ws/install/rtabmap:/SLAM/ros_ws/install/image_view:/SLAM/ros_ws/install/image_rotate:/SLAM/ros_ws/install/astra_camera:/SLAM/ros_ws/install/image_publisher:/SLAM/ros_ws/install/depth_image_proc:/SLAM/ros_ws/install/astra_camera_msgs /usr/bin/cmake --install /SLAM/ros_ws/build/more_interfaces
[5.657s] -- Install configuration: ""
[5.657s] -- Execute custom install script
[5.658s] -- Symlinking: /SLAM/ros_ws/install/more_interfaces/share/ament_index/resource_index/rosidl_interfaces/more_interfaces
[5.676s] -- Symlinking: /SLAM/ros_ws/install/more_interfaces/include/more_interfaces/more_interfaces/msg/address_book.h
[5.693s] -- Symlinking: /SLAM/ros_ws/install/more_interfaces/include/more_interfaces/more_interfaces/msg/detail/address_book__functions.h
[5.708s] -- Symlinking: /SLAM/ros_ws/install/more_interfaces/include/more_interfaces/more_interfaces/msg/detail/address_book__struct.h
[5.723s] -- Symlinking: /SLAM/ros_ws/install/more_interfaces/include/more_interfaces/more_interfaces/msg/detail/address_book__type_support.h
[5.741s] -- Symlinking: /SLAM/ros_ws/install/more_interfaces/include/more_interfaces/more_interfaces/msg/rosidl_generator_c__visibility_control.h
[5.758s] -- Symlinking: /SLAM/ros_ws/install/more_interfaces/share/more_interfaces/environment/library_path.sh
[5.777s] -- Symlinking: /SLAM/ros_ws/install/more_interfaces/share/more_interfaces/environment/library_path.dsv
[5.802s] -- Symlinking: /SLAM/ros_ws/install/more_interfaces/include/more_interfaces/more_interfaces/msg/detail/address_book__rosidl_typesupport_fastrtps_c.h
[5.823s] -- Symlinking: /SLAM/ros_ws/install/more_interfaces/include/more_interfaces/more_interfaces/msg/rosidl_typesupport_fastrtps_c__visibility_control.h
[5.844s] -- Symlinking: /SLAM/ros_ws/install/more_interfaces/include/more_interfaces/more_interfaces/msg/detail/address_book__rosidl_typesupport_introspection_c.h
[5.865s] -- Symlinking: /SLAM/ros_ws/install/more_interfaces/include/more_interfaces/more_interfaces/msg/rosidl_typesupport_introspection_c__visibility_control.h
[5.885s] -- Symlinking: /SLAM/ros_ws/install/more_interfaces/include/more_interfaces/more_interfaces/msg/address_book.hpp
[5.905s] -- Symlinking: /SLAM/ros_ws/install/more_interfaces/include/more_interfaces/more_interfaces/msg/detail/address_book__builder.hpp
[5.931s] -- Symlinking: /SLAM/ros_ws/install/more_interfaces/include/more_interfaces/more_interfaces/msg/detail/address_book__struct.hpp
[5.965s] -- Symlinking: /SLAM/ros_ws/install/more_interfaces/include/more_interfaces/more_interfaces/msg/detail/address_book__traits.hpp
[5.986s] -- Symlinking: /SLAM/ros_ws/install/more_interfaces/include/more_interfaces/more_interfaces/msg/detail/address_book__rosidl_typesupport_fastrtps_cpp.hpp
[6.028s] -- Symlinking: /SLAM/ros_ws/install/more_interfaces/include/more_interfaces/more_interfaces/msg/rosidl_typesupport_fastrtps_cpp__visibility_control.h
[6.052s] -- Symlinking: /SLAM/ros_ws/install/more_interfaces/include/more_interfaces/more_interfaces/msg/detail/address_book__rosidl_typesupport_introspection_cpp.hpp
[6.071s] -- Symlinking: /SLAM/ros_ws/install/more_interfaces/share/more_interfaces/environment/pythonpath.sh
[6.095s] -- Symlinking: /SLAM/ros_ws/install/more_interfaces/share/more_interfaces/environment/pythonpath.dsv
[6.128s] -- Symlinking: /SLAM/ros_ws/install/more_interfaces/local/lib/python3.10/dist-packages/more_interfaces-0.0.0-py3.10.egg-info/PKG-INFO
[6.152s] -- Symlinking: /SLAM/ros_ws/install/more_interfaces/local/lib/python3.10/dist-packages/more_interfaces-0.0.0-py3.10.egg-info/SOURCES.txt
[6.191s] -- Symlinking: /SLAM/ros_ws/install/more_interfaces/local/lib/python3.10/dist-packages/more_interfaces-0.0.0-py3.10.egg-info/dependency_links.txt
[6.218s] -- Symlinking: /SLAM/ros_ws/install/more_interfaces/local/lib/python3.10/dist-packages/more_interfaces-0.0.0-py3.10.egg-info/top_level.txt
[6.256s] -- Symlinking: /SLAM/ros_ws/install/more_interfaces/local/lib/python3.10/dist-packages/more_interfaces/__init__.py
[6.282s] -- Symlinking: /SLAM/ros_ws/install/more_interfaces/local/lib/python3.10/dist-packages/more_interfaces/_more_interfaces_s.ep.rosidl_typesupport_c.c
[6.305s] -- Symlinking: /SLAM/ros_ws/install/more_interfaces/local/lib/python3.10/dist-packages/more_interfaces/_more_interfaces_s.ep.rosidl_typesupport_fastrtps_c.c
[6.329s] -- Symlinking: /SLAM/ros_ws/install/more_interfaces/local/lib/python3.10/dist-packages/more_interfaces/_more_interfaces_s.ep.rosidl_typesupport_introspection_c.c
[6.350s] -- Symlinking: /SLAM/ros_ws/install/more_interfaces/local/lib/python3.10/dist-packages/more_interfaces/libmore_interfaces__rosidl_generator_py.so
[6.371s] -- Symlinking: /SLAM/ros_ws/install/more_interfaces/local/lib/python3.10/dist-packages/more_interfaces/more_interfaces_s__rosidl_typesupport_c.cpython-310-x86_64-linux-gnu.so
[6.395s] -- Symlinking: /SLAM/ros_ws/install/more_interfaces/local/lib/python3.10/dist-packages/more_interfaces/more_interfaces_s__rosidl_typesupport_fastrtps_c.cpython-310-x86_64-linux-gnu.so
[6.414s] -- Symlinking: /SLAM/ros_ws/install/more_interfaces/local/lib/python3.10/dist-packages/more_interfaces/more_interfaces_s__rosidl_typesupport_introspection_c.cpython-310-x86_64-linux-gnu.so
[6.432s] -- Symlinking: /SLAM/ros_ws/install/more_interfaces/local/lib/python3.10/dist-packages/more_interfaces/msg/__init__.py
[6.449s] -- Symlinking: /SLAM/ros_ws/install/more_interfaces/local/lib/python3.10/dist-packages/more_interfaces/msg/_address_book.py
[6.465s] -- Symlinking: /SLAM/ros_ws/install/more_interfaces/local/lib/python3.10/dist-packages/more_interfaces/msg/_address_book_s.c
[6.479s] -- Up-to-date symlink: /SLAM/ros_ws/install/more_interfaces/local/lib/python3.10/dist-packages/more_interfaces/more_interfaces_s__rosidl_typesupport_fastrtps_c.cpython-310-x86_64-linux-gnu.so
[6.480s] -- Up-to-date symlink: /SLAM/ros_ws/install/more_interfaces/local/lib/python3.10/dist-packages/more_interfaces/more_interfaces_s__rosidl_typesupport_introspection_c.cpython-310-x86_64-linux-gnu.so
[6.480s] -- Up-to-date symlink: /SLAM/ros_ws/install/more_interfaces/local/lib/python3.10/dist-packages/more_interfaces/more_interfaces_s__rosidl_typesupport_c.cpython-310-x86_64-linux-gnu.so
[6.480s] -- Symlinking: /SLAM/ros_ws/install/more_interfaces/share/more_interfaces/msg/AddressBook.idl
[6.496s] -- Symlinking: /SLAM/ros_ws/install/more_interfaces/share/more_interfaces/msg/AddressBook.msg
[6.513s] -- Symlinking: /SLAM/ros_ws/install/more_interfaces/share/ament_index/resource_index/package_run_dependencies/more_interfaces
[6.527s] -- Symlinking: /SLAM/ros_ws/install/more_interfaces/share/ament_index/resource_index/parent_prefix_path/more_interfaces
[6.541s] -- Symlinking: /SLAM/ros_ws/install/more_interfaces/share/more_interfaces/environment/ament_prefix_path.sh
[6.556s] -- Symlinking: /SLAM/ros_ws/install/more_interfaces/share/more_interfaces/environment/ament_prefix_path.dsv
[6.568s] -- Symlinking: /SLAM/ros_ws/install/more_interfaces/share/more_interfaces/environment/path.sh
[6.579s] -- Symlinking: /SLAM/ros_ws/install/more_interfaces/share/more_interfaces/environment/path.dsv
[6.592s] -- Symlinking: /SLAM/ros_ws/install/more_interfaces/share/more_interfaces/local_setup.bash
[6.604s] -- Symlinking: /SLAM/ros_ws/install/more_interfaces/share/more_interfaces/local_setup.sh
[6.618s] -- Symlinking: /SLAM/ros_ws/install/more_interfaces/share/more_interfaces/local_setup.zsh
[6.632s] -- Symlinking: /SLAM/ros_ws/install/more_interfaces/share/more_interfaces/local_setup.dsv
[6.645s] -- Symlinking: /SLAM/ros_ws/install/more_interfaces/share/more_interfaces/package.dsv
[6.656s] -- Symlinking: /SLAM/ros_ws/install/more_interfaces/share/ament_index/resource_index/packages/more_interfaces
[6.667s] -- Symlinking: /SLAM/ros_ws/install/more_interfaces/share/more_interfaces/cmake/rosidl_cmake-extras.cmake
[6.679s] -- Symlinking: /SLAM/ros_ws/install/more_interfaces/share/more_interfaces/cmake/ament_cmake_export_include_directories-extras.cmake
[6.690s] -- Symlinking: /SLAM/ros_ws/install/more_interfaces/share/more_interfaces/cmake/ament_cmake_export_libraries-extras.cmake
[6.702s] -- Symlinking: /SLAM/ros_ws/install/more_interfaces/share/more_interfaces/cmake/ament_cmake_export_targets-extras.cmake
[6.716s] -- Symlinking: /SLAM/ros_ws/install/more_interfaces/share/more_interfaces/cmake/rosidl_cmake_export_typesupport_targets-extras.cmake
[6.728s] -- Symlinking: /SLAM/ros_ws/install/more_interfaces/share/more_interfaces/cmake/ament_cmake_export_dependencies-extras.cmake
[6.741s] -- Symlinking: /SLAM/ros_ws/install/more_interfaces/share/more_interfaces/cmake/rosidl_cmake_export_typesupport_libraries-extras.cmake
[6.754s] -- Symlinking: /SLAM/ros_ws/install/more_interfaces/share/more_interfaces/cmake/more_interfacesConfig.cmake
[6.766s] -- Symlinking: /SLAM/ros_ws/install/more_interfaces/share/more_interfaces/cmake/more_interfacesConfig-version.cmake
[6.781s] -- Symlinking: /SLAM/ros_ws/install/more_interfaces/share/more_interfaces/package.xml
[6.795s] -- Installing: /SLAM/ros_ws/install/more_interfaces/lib/libmore_interfaces__rosidl_generator_c.so
[6.795s] -- Set runtime path of "/SLAM/ros_ws/install/more_interfaces/lib/libmore_interfaces__rosidl_generator_c.so" to ""
[6.795s] -- Installing: /SLAM/ros_ws/install/more_interfaces/lib/libmore_interfaces__rosidl_typesupport_fastrtps_c.so
[6.796s] -- Set runtime path of "/SLAM/ros_ws/install/more_interfaces/lib/libmore_interfaces__rosidl_typesupport_fastrtps_c.so" to ""
[6.796s] -- Installing: /SLAM/ros_ws/install/more_interfaces/lib/libmore_interfaces__rosidl_typesupport_introspection_c.so
[6.796s] -- Set runtime path of "/SLAM/ros_ws/install/more_interfaces/lib/libmore_interfaces__rosidl_typesupport_introspection_c.so" to ""
[6.796s] -- Installing: /SLAM/ros_ws/install/more_interfaces/lib/libmore_interfaces__rosidl_typesupport_c.so
[6.796s] -- Set runtime path of "/SLAM/ros_ws/install/more_interfaces/lib/libmore_interfaces__rosidl_typesupport_c.so" to ""
[6.796s] -- Installing: /SLAM/ros_ws/install/more_interfaces/lib/libmore_interfaces__rosidl_typesupport_fastrtps_cpp.so
[6.797s] -- Set runtime path of "/SLAM/ros_ws/install/more_interfaces/lib/libmore_interfaces__rosidl_typesupport_fastrtps_cpp.so" to ""
[6.797s] -- Installing: /SLAM/ros_ws/install/more_interfaces/lib/libmore_interfaces__rosidl_typesupport_introspection_cpp.so
[6.797s] -- Set runtime path of "/SLAM/ros_ws/install/more_interfaces/lib/libmore_interfaces__rosidl_typesupport_introspection_cpp.so" to ""
[6.797s] -- Installing: /SLAM/ros_ws/install/more_interfaces/lib/libmore_interfaces__rosidl_typesupport_cpp.so
[6.798s] -- Set runtime path of "/SLAM/ros_ws/install/more_interfaces/lib/libmore_interfaces__rosidl_typesupport_cpp.so" to ""
[6.838s] Listing '/SLAM/ros_ws/install/more_interfaces/local/lib/python3.10/dist-packages/more_interfaces'...
[6.838s] Compiling '/SLAM/ros_ws/install/more_interfaces/local/lib/python3.10/dist-packages/more_interfaces/__init__.py'...
[6.838s] Listing '/SLAM/ros_ws/install/more_interfaces/local/lib/python3.10/dist-packages/more_interfaces/msg'...
[6.838s] Compiling '/SLAM/ros_ws/install/more_interfaces/local/lib/python3.10/dist-packages/more_interfaces/msg/__init__.py'...
[6.838s] Compiling '/SLAM/ros_ws/install/more_interfaces/local/lib/python3.10/dist-packages/more_interfaces/msg/_address_book.py'...
[6.843s] -- Installing: /SLAM/ros_ws/install/more_interfaces/lib/libmore_interfaces__rosidl_generator_py.so
[6.843s] -- Set runtime path of "/SLAM/ros_ws/install/more_interfaces/lib/libmore_interfaces__rosidl_generator_py.so" to ""
[6.844s] -- Installing: /SLAM/ros_ws/install/more_interfaces/share/more_interfaces/cmake/export_more_interfaces__rosidl_generator_cExport.cmake
[6.844s] -- Installing: /SLAM/ros_ws/install/more_interfaces/share/more_interfaces/cmake/export_more_interfaces__rosidl_generator_cExport-noconfig.cmake
[6.844s] -- Installing: /SLAM/ros_ws/install/more_interfaces/share/more_interfaces/cmake/export_more_interfaces__rosidl_typesupport_fastrtps_cExport.cmake
[6.844s] -- Installing: /SLAM/ros_ws/install/more_interfaces/share/more_interfaces/cmake/export_more_interfaces__rosidl_typesupport_fastrtps_cExport-noconfig.cmake
[6.844s] -- Installing: /SLAM/ros_ws/install/more_interfaces/share/more_interfaces/cmake/more_interfaces__rosidl_typesupport_introspection_cExport.cmake
[6.844s] -- Installing: /SLAM/ros_ws/install/more_interfaces/share/more_interfaces/cmake/more_interfaces__rosidl_typesupport_introspection_cExport-noconfig.cmake
[6.845s] -- Installing: /SLAM/ros_ws/install/more_interfaces/share/more_interfaces/cmake/more_interfaces__rosidl_typesupport_cExport.cmake
[6.845s] -- Installing: /SLAM/ros_ws/install/more_interfaces/share/more_interfaces/cmake/more_interfaces__rosidl_typesupport_cExport-noconfig.cmake
[6.845s] -- Installing: /SLAM/ros_ws/install/more_interfaces/share/more_interfaces/cmake/export_more_interfaces__rosidl_generator_cppExport.cmake
[6.845s] -- Installing: /SLAM/ros_ws/install/more_interfaces/share/more_interfaces/cmake/export_more_interfaces__rosidl_typesupport_fastrtps_cppExport.cmake
[6.845s] -- Installing: /SLAM/ros_ws/install/more_interfaces/share/more_interfaces/cmake/export_more_interfaces__rosidl_typesupport_fastrtps_cppExport-noconfig.cmake
[6.845s] -- Installing: /SLAM/ros_ws/install/more_interfaces/share/more_interfaces/cmake/more_interfaces__rosidl_typesupport_introspection_cppExport.cmake
[6.846s] -- Installing: /SLAM/ros_ws/install/more_interfaces/share/more_interfaces/cmake/more_interfaces__rosidl_typesupport_introspection_cppExport-noconfig.cmake
[6.846s] -- Installing: /SLAM/ros_ws/install/more_interfaces/share/more_interfaces/cmake/more_interfaces__rosidl_typesupport_cppExport.cmake
[6.846s] -- Installing: /SLAM/ros_ws/install/more_interfaces/share/more_interfaces/cmake/more_interfaces__rosidl_typesupport_cppExport-noconfig.cmake
[6.846s] -- Installing: /SLAM/ros_ws/install/more_interfaces/share/more_interfaces/cmake/export_more_interfaces__rosidl_generator_pyExport.cmake
[6.846s] -- Installing: /SLAM/ros_ws/install/more_interfaces/share/more_interfaces/cmake/export_more_interfaces__rosidl_generator_pyExport-noconfig.cmake
[6.849s] Invoked command in '/SLAM/ros_ws/build/more_interfaces' returned '0': CMAKE_PREFIX_PATH=/SLAM/ros_ws/install/rplidar_ros:/SLAM/ros_ws/install/examples_rclcpp_minimal_client:/SLAM/ros_ws/install/cpp_srvcli:/SLAM/ros_ws/install/image_pipeline:/SLAM/ros_ws/install/stereo_image_proc:/SLAM/ros_ws/install/image_proc:/SLAM/ros_ws/install/tracetools_image_pipeline:/SLAM/ros_ws/install/sllidar_ros2:/SLAM/ros_ws/install/rtabmap_ros:/SLAM/ros_ws/install/rtabmap_launch:/SLAM/ros_ws/install/rtabmap_examples:/SLAM/ros_ws/install/rtabmap_demos:/SLAM/ros_ws/install/rtabmap_viz:/SLAM/ros_ws/install/rtabmap_slam:/SLAM/ros_ws/install/rtabmap_odom:/SLAM/ros_ws/install/rtabmap_util:/SLAM/ros_ws/install/rtabmap_sync:/SLAM/ros_ws/install/rtabmap_rviz_plugins:/SLAM/ros_ws/install/rtabmap_conversions:/SLAM/ros_ws/install/examples_rclpy_minimal_client:/SLAM/ros_ws/install/examples_rclpy_minimal_action_server:/SLAM/ros_ws/install/examples_rclpy_minimal_action_client:/SLAM/ros_ws/install/examples_rclpy_executors:/SLAM/ros_ws/install/rtabmap_python:/SLAM/ros_ws/install/camera_calibration:/opt/ros/humble:/SLAM/ros_ws/install/rtabmap_msgs:/SLAM/ros_ws/install/rtabmap:/SLAM/ros_ws/install/image_view:/SLAM/ros_ws/install/image_rotate:/SLAM/ros_ws/install/astra_camera:/SLAM/ros_ws/install/image_publisher:/SLAM/ros_ws/install/depth_image_proc:/SLAM/ros_ws/install/astra_camera_msgs /usr/bin/cmake --install /SLAM/ros_ws/build/more_interfaces
