-- Install configuration: ""
-- Execute custom install script
-- Up-to-date symlink: /SLAM/ros_ws/install/pmb2_maps/share/pmb2_maps/config/map.pgm
-- Up-to-date symlink: /SLAM/ros_ws/install/pmb2_maps/share/pmb2_maps/config/map.yaml
-- Up-to-date symlink: /SLAM/ros_ws/install/pmb2_maps/share/pmb2_maps/config/mmap.yaml
-- Up-to-date symlink: /SLAM/ros_ws/install/pmb2_maps/share/pmb2_maps/configurations/pal_office/map.pgm
-- Up-to-date symlink: /SLAM/ros_ws/install/pmb2_maps/share/pmb2_maps/configurations/pal_office/map.yaml
-- Up-to-date symlink: /SLAM/ros_ws/install/pmb2_maps/share/pmb2_maps/configurations/pal_office/mmap.yaml
-- Up-to-date symlink: /SLAM/ros_ws/install/pmb2_maps/share/pmb2_maps/configurations/small_office/map.bmp
-- Up-to-date symlink: /SLAM/ros_ws/install/pmb2_maps/share/pmb2_maps/configurations/small_office/map.bt
-- Symlinking: /SLAM/ros_ws/install/pmb2_maps/share/pmb2_maps/configurations/small_office/map.ot
-- Symlinking: /SLAM/ros_ws/install/pmb2_maps/share/pmb2_maps/configurations/small_office/map.pgm
-- Symlinking: /SLAM/ros_ws/install/pmb2_maps/share/pmb2_maps/configurations/small_office/map.yaml
-- Symlinking: /SLAM/ros_ws/install/pmb2_maps/share/pmb2_maps/configurations/small_office/mmap.yaml
-- Symlinking: /SLAM/ros_ws/install/pmb2_maps/share/pmb2_maps/configurations/small_office/transformation.yaml
-- Symlinking: /SLAM/ros_ws/install/pmb2_maps/share/ament_index/resource_index/package_run_dependencies/pmb2_maps
-- Symlinking: /SLAM/ros_ws/install/pmb2_maps/share/ament_index/resource_index/parent_prefix_path/pmb2_maps
-- Symlinking: /SLAM/ros_ws/install/pmb2_maps/share/pmb2_maps/environment/ament_prefix_path.sh
-- Symlinking: /SLAM/ros_ws/install/pmb2_maps/share/pmb2_maps/environment/ament_prefix_path.dsv
-- Symlinking: /SLAM/ros_ws/install/pmb2_maps/share/pmb2_maps/environment/path.sh
-- Symlinking: /SLAM/ros_ws/install/pmb2_maps/share/pmb2_maps/environment/path.dsv
-- Symlinking: /SLAM/ros_ws/install/pmb2_maps/share/pmb2_maps/local_setup.bash
-- Symlinking: /SLAM/ros_ws/install/pmb2_maps/share/pmb2_maps/local_setup.sh
-- Symlinking: /SLAM/ros_ws/install/pmb2_maps/share/pmb2_maps/local_setup.zsh
-- Symlinking: /SLAM/ros_ws/install/pmb2_maps/share/pmb2_maps/local_setup.dsv
-- Symlinking: /SLAM/ros_ws/install/pmb2_maps/share/pmb2_maps/package.dsv
-- Symlinking: /SLAM/ros_ws/install/pmb2_maps/share/ament_index/resource_index/packages/pmb2_maps
-- Symlinking: /SLAM/ros_ws/install/pmb2_maps/share/pmb2_maps/cmake/pmb2_mapsConfig.cmake
-- Symlinking: /SLAM/ros_ws/install/pmb2_maps/share/pmb2_maps/cmake/pmb2_mapsConfig-version.cmake
-- Symlinking: /SLAM/ros_ws/install/pmb2_maps/share/pmb2_maps/package.xml
