[0.184s] Invoking command in '/home/khanh/Documents/SLAM/ros_ws/build/libuvc': /usr/bin/cmake --build /home/khanh/Documents/SLAM/ros_ws/build/libuvc -- -j16 -l16
[0.263s] [35m[1mConsolidate compiler generated dependencies of target uvc[0m
[0.265s] [35m[1mConsolidate compiler generated dependencies of target uvc_static[0m
[0.294s] [ 45%] Built target uvc_static
[0.302s] [ 90%] Built target uvc
[0.323s] [35m[1mConsolidate compiler generated dependencies of target example[0m
[0.348s] [100%] Built target example
[0.451s] Invoked command in '/home/khanh/Documents/SLAM/ros_ws/build/libuvc' returned '0': /usr/bin/cmake --build /home/khanh/Documents/SLAM/ros_ws/build/libuvc -- -j16 -l16
[0.575s] Invoking command in '/home/khanh/Documents/SLAM/ros_ws/build/libuvc': /usr/bin/cmake --install /home/khanh/Documents/SLAM/ros_ws/build/libuvc
[0.685s] -- Install configuration: "Release"
[0.685s] -- Up-to-date: /home/khanh/Documents/SLAM/ros_ws/install/libuvc/lib/libuvc.so.0.0.7
[0.686s] -- Up-to-date: /home/khanh/Documents/SLAM/ros_ws/install/libuvc/lib/libuvc.so.0
[0.686s] -- Up-to-date: /home/khanh/Documents/SLAM/ros_ws/install/libuvc/lib/libuvc.so
[0.686s] -- Up-to-date: /home/khanh/Documents/SLAM/ros_ws/install/libuvc/include/libuvc/libuvc.h
[0.686s] -- Up-to-date: /home/khanh/Documents/SLAM/ros_ws/install/libuvc/include/libuvc/libuvc_config.h
[0.686s] -- Up-to-date: /home/khanh/Documents/SLAM/ros_ws/install/libuvc/lib/libuvc.a
[0.686s] -- Up-to-date: /home/khanh/Documents/SLAM/ros_ws/install/libuvc/include/libuvc/libuvc.h
[0.687s] -- Up-to-date: /home/khanh/Documents/SLAM/ros_ws/install/libuvc/include/libuvc/libuvc_config.h
[0.687s] -- Up-to-date: /home/khanh/Documents/SLAM/ros_ws/install/libuvc/lib/cmake/libuvc/libuvcTargets.cmake
[0.687s] -- Up-to-date: /home/khanh/Documents/SLAM/ros_ws/install/libuvc/lib/cmake/libuvc/libuvcTargets-release.cmake
[0.687s] -- Up-to-date: /home/khanh/Documents/SLAM/ros_ws/install/libuvc/lib/cmake/libuvc/FindLibUSB.cmake
[0.687s] -- Up-to-date: /home/khanh/Documents/SLAM/ros_ws/install/libuvc/lib/cmake/libuvc/FindJpegPkg.cmake
[0.687s] -- Up-to-date: /home/khanh/Documents/SLAM/ros_ws/install/libuvc/lib/cmake/libuvc/libuvcConfigVersion.cmake
[0.687s] -- Up-to-date: /home/khanh/Documents/SLAM/ros_ws/install/libuvc/lib/pkgconfig/libuvc.pc
[0.687s] -- Up-to-date: /home/khanh/Documents/SLAM/ros_ws/install/libuvc/lib/cmake/libuvc/libuvcConfig.cmake
[0.689s] Invoked command in '/home/khanh/Documents/SLAM/ros_ws/build/libuvc' returned '0': /usr/bin/cmake --install /home/khanh/Documents/SLAM/ros_ws/build/libuvc
