[0.000000] (-) TimerEvent: {}
[0.000406] (-) JobUnselected: {'identifier': 'astra_camera'}
[0.000679] (-) JobUnselected: {'identifier': 'astra_camera_msgs'}
[0.000845] (-) JobUnselected: {'identifier': 'br2_basics'}
[0.000924] (-) JobUnselected: {'identifier': 'br2_bt_bumpgo'}
[0.000958] (-) JobUnselected: {'identifier': 'br2_bt_patrolling'}
[0.001031] (-) JobUnselected: {'identifier': 'br2_fsm_bumpgo_cpp'}
[0.001070] (-) JobUnselected: {'identifier': 'br2_fsm_bumpgo_py'}
[0.001119] (-) JobUnselected: {'identifier': 'br2_navigation'}
[0.001148] (-) JobUnselected: {'identifier': 'br2_tf2_detector'}
[0.001193] (-) JobUnselected: {'identifier': 'br2_tiago'}
[0.001220] (-) JobUnselected: {'identifier': 'br2_tracking'}
[0.001265] (-) JobUnselected: {'identifier': 'br2_tracking_msgs'}
[0.001300] (-) JobUnselected: {'identifier': 'br2_vff_avoidance'}
[0.001315] (-) JobUnselected: {'identifier': 'camera_calibration'}
[0.001356] (-) JobUnselected: {'identifier': 'depth_image_proc'}
[0.001382] (-) JobUnselected: {'identifier': 'hey5_description'}
[0.001429] (-) JobUnselected: {'identifier': 'image_pipeline'}
[0.001459] (-) JobUnselected: {'identifier': 'image_proc'}
[0.001503] (-) JobUnselected: {'identifier': 'image_publisher'}
[0.001557] (-) JobUnselected: {'identifier': 'image_rotate'}
[0.001572] (-) JobUnselected: {'identifier': 'image_view'}
[0.001586] (-) JobUnselected: {'identifier': 'launch_pal'}
[0.001600] (-) JobUnselected: {'identifier': 'learning_tf2_py'}
[0.001623] (-) JobUnselected: {'identifier': 'my_robot_controller'}
[0.001658] (-) JobUnselected: {'identifier': 'pal_gazebo_worlds'}
[0.001687] (-) JobUnselected: {'identifier': 'pal_gripper'}
[0.001739] (-) JobUnselected: {'identifier': 'pal_gripper_controller_configuration'}
[0.001769] (-) JobUnselected: {'identifier': 'pal_gripper_description'}
[0.001816] (-) JobUnselected: {'identifier': 'pmb2_2dnav'}
[0.001847] (-) JobUnselected: {'identifier': 'pmb2_bringup'}
[0.001895] (-) JobUnselected: {'identifier': 'pmb2_controller_configuration'}
[0.001943] (-) JobUnselected: {'identifier': 'pmb2_description'}
[0.001958] (-) JobUnselected: {'identifier': 'pmb2_laser_sensors'}
[0.001972] (-) JobUnselected: {'identifier': 'pmb2_maps'}
[0.001998] (-) JobUnselected: {'identifier': 'pmb2_navigation'}
[0.002039] (-) JobUnselected: {'identifier': 'pmb2_robot'}
[0.002065] (-) JobUnselected: {'identifier': 'rf2o_laser_odometry'}
[0.002109] (-) JobUnselected: {'identifier': 'rplidar_ros'}
[0.002124] (-) JobUnselected: {'identifier': 'rtabmap'}
[0.002139] (-) JobUnselected: {'identifier': 'rtabmap_conversions'}
[0.002154] (-) JobUnselected: {'identifier': 'rtabmap_demos'}
[0.002209] (-) JobUnselected: {'identifier': 'rtabmap_examples'}
[0.002236] (-) JobUnselected: {'identifier': 'rtabmap_launch'}
[0.002287] (-) JobUnselected: {'identifier': 'rtabmap_msgs'}
[0.002343] (-) JobUnselected: {'identifier': 'rtabmap_odom'}
[0.002358] (-) JobUnselected: {'identifier': 'rtabmap_python'}
[0.002372] (-) JobUnselected: {'identifier': 'rtabmap_ros'}
[0.002398] (-) JobUnselected: {'identifier': 'rtabmap_rviz_plugins'}
[0.002437] (-) JobUnselected: {'identifier': 'rtabmap_slam'}
[0.002462] (-) JobUnselected: {'identifier': 'rtabmap_sync'}
[0.002506] (-) JobUnselected: {'identifier': 'rtabmap_util'}
[0.002535] (-) JobUnselected: {'identifier': 'rtabmap_viz'}
[0.002577] (-) JobUnselected: {'identifier': 'slam_toolbox'}
[0.002592] (-) JobUnselected: {'identifier': 'sllidar_ros2'}
[0.002606] (-) JobUnselected: {'identifier': 'stereo_image_proc'}
[0.002632] (-) JobUnselected: {'identifier': 'tiago_2dnav'}
[0.002647] (-) JobUnselected: {'identifier': 'tiago_bringup'}
[0.002710] (-) JobUnselected: {'identifier': 'tiago_controller_configuration'}
[0.002755] (-) JobUnselected: {'identifier': 'tiago_description'}
[0.002797] (-) JobUnselected: {'identifier': 'tiago_gazebo'}
[0.002812] (-) JobUnselected: {'identifier': 'tiago_laser_sensors'}
[0.002826] (-) JobUnselected: {'identifier': 'tiago_moveit_config'}
[0.002840] (-) JobUnselected: {'identifier': 'tiago_navigation'}
[0.002864] (-) JobUnselected: {'identifier': 'tiago_robot'}
[0.002951] (-) JobUnselected: {'identifier': 'tiago_simulation'}
[0.002967] (-) JobUnselected: {'identifier': 'tracetools_image_pipeline'}
[0.002981] (-) JobUnselected: {'identifier': 'tutourial_intefaces'}
[0.002996] (-) JobUnselected: {'identifier': 'urdf_test'}
[0.003020] (groot) JobQueued: {'identifier': 'groot', 'dependencies': OrderedDict()}
[0.003039] (groot) JobStarted: {'identifier': 'groot'}
[0.087343] (groot) JobProgress: {'identifier': 'groot', 'progress': 'cmake'}
[0.087579] (groot) Command: {'cmd': ['/usr/bin/cmake', '/SLAM/ros_ws/src/ThirdParty/Groot', '-DBUILD_TESTING=off', '-DAMENT_CMAKE_SYMLINK_INSTALL=1', '-DCMAKE_INSTALL_PREFIX=/SLAM/ros_ws/install/groot'], 'cwd': '/SLAM/ros_ws/build/groot', 'env': OrderedDict([('HOSTNAME', 'acer'), ('ROS_PACKAGE_PATH', '/SLAM/ros_ws/install/rtabmap_msgs/share'), ('GIT_ASKPASS', '/home/ros/.vscode-server/bin/31c37ee8f63491495ac49e43b8544550fbae4533/extensions/git/dist/askpass.sh'), ('SHLVL', '2'), ('LD_LIBRARY_PATH', '/SLAM/ros_ws/install/tutourial_intefaces/lib:/SLAM/ros_ws/install/stereo_image_proc/lib:/SLAM/ros_ws/install/image_proc/lib:/SLAM/ros_ws/install/tracetools_image_pipeline/lib:/SLAM/ros_ws/install/rtabmap_slam/lib:/SLAM/ros_ws/install/rtabmap_odom/lib:/SLAM/ros_ws/install/rtabmap_util/lib:/SLAM/ros_ws/install/rtabmap_sync/lib:/SLAM/ros_ws/install/rtabmap_rviz_plugins/lib:/SLAM/ros_ws/install/rtabmap_conversions/lib:/SLAM/ros_ws/install/rtabmap_msgs/lib:/SLAM/ros_ws/install/rtabmap/lib:/SLAM/ros_ws/install/more_interfaces/lib:/SLAM/ros_ws/install/image_view/lib:/SLAM/ros_ws/install/image_rotate/lib:/SLAM/ros_ws/install/astra_camera/lib:/SLAM/ros_ws/install/image_publisher/lib:/SLAM/ros_ws/install/depth_image_proc/lib:/SLAM/ros_ws/install/br2_vff_avoidance/lib:/SLAM/ros_ws/install/br2_tracking/lib:/SLAM/ros_ws/install/br2_tracking_msgs/lib:/SLAM/ros_ws/install/br2_tf2_detector/lib:/SLAM/ros_ws/install/br2_bt_patrolling/lib:/SLAM/ros_ws/install/br2_bt_bumpgo/lib:/SLAM/ros_ws/install/astra_camera_msgs/lib:/usr/lib/x86_64-linux-gnu/gazebo-11/plugins:/opt/ros/humble/opt/rviz_ogre_vendor/lib:/opt/ros/humble/lib/x86_64-linux-gnu:/opt/ros/humble/lib'), ('BROWSER', '/home/ros/.vscode-server/bin/31c37ee8f63491495ac49e43b8544550fbae4533/bin/helpers/browser.sh'), ('HOME', '/home/ros'), ('TERM_PROGRAM_VERSION', '1.86.1'), ('VSCODE_IPC_HOOK_CLI', '/tmp/vscode-ipc-2bf07a84-4fb4-4201-ac5f-c2418e5a8c8e.sock'), ('ROS_PYTHON_VERSION', '3'), ('VSCODE_GIT_ASKPASS_MAIN', '/home/ros/.vscode-server/bin/31c37ee8f63491495ac49e43b8544550fbae4533/extensions/git/dist/askpass-main.js'), ('VSCODE_GIT_ASKPASS_NODE', '/home/ros/.vscode-server/bin/31c37ee8f63491495ac49e43b8544550fbae4533/node'), ('COLORTERM', 'truecolor'), ('REMOTE_CONTAINERS', 'true'), ('COLCON_PREFIX_PATH', '/SLAM/ros_ws/install'), ('ROS_DISTRO', 'humble'), ('REMOTE_CONTAINERS_IPC', '/tmp/vscode-remote-containers-ipc-88d07eca-1189-406e-b9c1-cf757d2d96e9.sock'), ('_', '/usr/bin/colcon'), ('ROS_VERSION', '2'), ('PKG_CONFIG_PATH', '/SLAM/ros_ws/install/rtabmap_msgs/lib/x86_64-linux-gnu/pkgconfig:/SLAM/ros_ws/install/rtabmap_msgs/lib/pkgconfig:/SLAM/ros_ws/install/rtabmap/lib/x86_64-linux-gnu/pkgconfig:/SLAM/ros_ws/install/rtabmap/lib/pkgconfig'), ('TERM', 'xterm-256color'), ('ROS_LOCALHOST_ONLY', '0'), ('PATH', '/SLAM/ros_ws/install/image_proc/bin:/SLAM/ros_ws/install/rtabmap/bin:/home/ros/.vscode-server/bin/31c37ee8f63491495ac49e43b8544550fbae4533/bin/remote-cli:/opt/ros/humble/bin:/usr/local/sbin:/usr/local/bin:/usr/sbin:/usr/bin:/sbin:/bin'), ('REMOTE_CONTAINERS_SOCKETS', '["/tmp/vscode-ssh-auth-88d07eca-1189-406e-b9c1-cf757d2d96e9.sock","/tmp/.X11-unix/X0","/home/ros/.gnupg/S.gpg-agent"]'), ('DISPLAY', ':1'), ('LANG', 'C.UTF-8'), ('VSCODE_GIT_IPC_HANDLE', '/tmp/vscode-git-8b58b44a21.sock'), ('TERM_PROGRAM', 'vscode'), ('SSH_AUTH_SOCK', '/tmp/vscode-ssh-auth-88d07eca-1189-406e-b9c1-cf757d2d96e9.sock'), ('AMENT_PREFIX_PATH', '/SLAM/ros_ws/install/urdf_test:/SLAM/ros_ws/install/tutourial_intefaces:/SLAM/ros_ws/install/image_pipeline:/SLAM/ros_ws/install/stereo_image_proc:/SLAM/ros_ws/install/image_proc:/SLAM/ros_ws/install/tracetools_image_pipeline:/SLAM/ros_ws/install/tiago_simulation:/SLAM/ros_ws/install/tiago_robot:/SLAM/ros_ws/install/tiago_navigation:/SLAM/ros_ws/install/tiago_gazebo:/SLAM/ros_ws/install/tiago_moveit_config:/SLAM/ros_ws/install/tiago_laser_sensors:/SLAM/ros_ws/install/tiago_bringup:/SLAM/ros_ws/install/tiago_description:/SLAM/ros_ws/install/tiago_controller_configuration:/SLAM/ros_ws/install/tiago_2dnav:/SLAM/ros_ws/install/sllidar_ros2:/SLAM/ros_ws/install/rtabmap_ros:/SLAM/ros_ws/install/rtabmap_launch:/SLAM/ros_ws/install/rtabmap_examples:/SLAM/ros_ws/install/rtabmap_demos:/SLAM/ros_ws/install/rtabmap_viz:/SLAM/ros_ws/install/rtabmap_slam:/SLAM/ros_ws/install/rtabmap_odom:/SLAM/ros_ws/install/rtabmap_util:/SLAM/ros_ws/install/rtabmap_sync:/SLAM/ros_ws/install/rtabmap_rviz_plugins:/SLAM/ros_ws/install/rtabmap_python:/SLAM/ros_ws/install/rtabmap_conversions:/SLAM/ros_ws/install/rplidar_ros:/SLAM/ros_ws/install/rf2o_laser_odometry:/SLAM/ros_ws/install/pmb2_robot:/SLAM/ros_ws/install/pmb2_navigation:/SLAM/ros_ws/install/pmb2_2dnav:/SLAM/ros_ws/install/pmb2_maps:/SLAM/ros_ws/install/pmb2_laser_sensors:/SLAM/ros_ws/install/pmb2_bringup:/SLAM/ros_ws/install/pmb2_description:/SLAM/ros_ws/install/pmb2_controller_configuration:/SLAM/ros_ws/install/pal_gripper:/SLAM/ros_ws/install/pal_gripper_description:/SLAM/ros_ws/install/pal_gripper_controller_configuration:/SLAM/ros_ws/install/pal_gazebo_worlds:/SLAM/ros_ws/install/my_robot_controller:/SLAM/ros_ws/install/more_interfaces:/SLAM/ros_ws/install/learning_tf2_py:/SLAM/ros_ws/install/launch_pal:/SLAM/ros_ws/install/image_rotate:/SLAM/ros_ws/install/astra_camera:/SLAM/ros_ws/install/image_publisher:/SLAM/ros_ws/install/hey5_description:/SLAM/ros_ws/install/depth_image_proc:/SLAM/ros_ws/install/cpp_srvcli:/SLAM/ros_ws/install/cpp_pubsub:/SLAM/ros_ws/install/camera_calibration:/SLAM/ros_ws/install/br2_vff_avoidance:/SLAM/ros_ws/install/br2_tracking:/SLAM/ros_ws/install/br2_tracking_msgs:/SLAM/ros_ws/install/br2_tiago:/SLAM/ros_ws/install/br2_tf2_detector:/SLAM/ros_ws/install/br2_navigation:/SLAM/ros_ws/install/br2_fsm_bumpgo_py:/SLAM/ros_ws/install/br2_fsm_bumpgo_cpp:/SLAM/ros_ws/install/br2_bt_patrolling:/SLAM/ros_ws/install/br2_bt_bumpgo:/SLAM/ros_ws/install/br2_basics:/SLAM/ros_ws/install/astra_camera_msgs:/opt/ros/humble'), ('REMOTE_CONTAINERS_DISPLAY_SOCK', '/tmp/.X11-unix/X0'), ('SHELL', '/bin/bash'), ('VSCODE_GIT_ASKPASS_EXTRA_ARGS', ''), ('PWD', '/SLAM/ros_ws/build/groot'), ('LC_ALL', 'C.UTF-8'), ('PYTHONPATH', '/SLAM/ros_ws/install/urdf_test/local/lib/python3.10/dist-packages:/SLAM/ros_ws/install/tutourial_intefaces/local/lib/python3.10/dist-packages:/SLAM/ros_ws/install/tiago_description/local/lib/python3.10/dist-packages:/SLAM/ros_ws/build/rtabmap_python:/SLAM/ros_ws/install/rtabmap_python/lib/python3.10/site-packages:/SLAM/ros_ws/install/rtabmap_msgs/local/lib/python3.10/dist-packages:/SLAM/ros_ws/install/pmb2_description/local/lib/python3.10/dist-packages:/SLAM/ros_ws/build/my_robot_controller:/SLAM/ros_ws/install/my_robot_controller/lib/python3.10/site-packages:/SLAM/ros_ws/install/more_interfaces/local/lib/python3.10/dist-packages:/SLAM/ros_ws/install/learning_tf2_py/lib/python3.10/site-packages:/SLAM/ros_ws/build/launch_pal:/SLAM/ros_ws/install/launch_pal/lib/python3.10/site-packages:/SLAM/ros_ws/build/camera_calibration/src:/SLAM/ros_ws/install/camera_calibration/lib/python3.10/site-packages:/SLAM/ros_ws/install/br2_tracking_msgs/local/lib/python3.10/dist-packages:/SLAM/ros_ws/build/br2_fsm_bumpgo_py:/SLAM/ros_ws/install/br2_fsm_bumpgo_py/lib/python3.10/site-packages:/SLAM/ros_ws/install/astra_camera_msgs/local/lib/python3.10/dist-packages:/opt/ros/humble/lib/python3.10/site-packages:/opt/ros/humble/local/lib/python3.10/dist-packages'), ('COLCON', '1'), ('CMAKE_PREFIX_PATH', '/SLAM/ros_ws/install/urdf_test:/SLAM/ros_ws/install/tutourial_intefaces:/SLAM/ros_ws/install/image_pipeline:/SLAM/ros_ws/install/stereo_image_proc:/SLAM/ros_ws/install/image_proc:/SLAM/ros_ws/install/tracetools_image_pipeline:/SLAM/ros_ws/install/tiago_simulation:/SLAM/ros_ws/install/tiago_robot:/SLAM/ros_ws/install/tiago_navigation:/SLAM/ros_ws/install/tiago_gazebo:/SLAM/ros_ws/install/tiago_moveit_config:/SLAM/ros_ws/install/tiago_laser_sensors:/SLAM/ros_ws/install/tiago_bringup:/SLAM/ros_ws/install/tiago_description:/SLAM/ros_ws/install/tiago_controller_configuration:/SLAM/ros_ws/install/tiago_2dnav:/SLAM/ros_ws/install/sllidar_ros2:/SLAM/ros_ws/install/rtabmap_ros:/SLAM/ros_ws/install/rtabmap_launch:/SLAM/ros_ws/install/rtabmap_examples:/SLAM/ros_ws/install/rtabmap_demos:/SLAM/ros_ws/install/rtabmap_viz:/SLAM/ros_ws/install/rtabmap_slam:/SLAM/ros_ws/install/rtabmap_odom:/SLAM/ros_ws/install/rtabmap_util:/SLAM/ros_ws/install/rtabmap_sync:/SLAM/ros_ws/install/rtabmap_rviz_plugins:/SLAM/ros_ws/install/rtabmap_conversions:/SLAM/ros_ws/install/rtabmap_python:/SLAM/ros_ws/install/my_robot_controller:/SLAM/ros_ws/install/learning_tf2_py:/SLAM/ros_ws/install/launch_pal:/SLAM/ros_ws/install/camera_calibration:/SLAM/ros_ws/install/br2_fsm_bumpgo_py:/opt/ros/humble:/SLAM/ros_ws/install/rtabmap_msgs:/SLAM/ros_ws/install/rtabmap:/SLAM/ros_ws/install/rplidar_ros:/SLAM/ros_ws/install/rf2o_laser_odometry:/SLAM/ros_ws/install/pmb2_robot:/SLAM/ros_ws/install/pmb2_navigation:/SLAM/ros_ws/install/pmb2_2dnav:/SLAM/ros_ws/install/pmb2_maps:/SLAM/ros_ws/install/pmb2_laser_sensors:/SLAM/ros_ws/install/pmb2_bringup:/SLAM/ros_ws/install/pmb2_description:/SLAM/ros_ws/install/pmb2_controller_configuration:/SLAM/ros_ws/install/pal_gripper:/SLAM/ros_ws/install/pal_gripper_description:/SLAM/ros_ws/install/pal_gripper_controller_configuration:/SLAM/ros_ws/install/pal_gazebo_worlds:/SLAM/ros_ws/install/more_interfaces:/SLAM/ros_ws/install/image_view:/SLAM/ros_ws/install/image_rotate:/SLAM/ros_ws/install/astra_camera:/SLAM/ros_ws/install/image_publisher:/SLAM/ros_ws/install/hey5_description:/SLAM/ros_ws/install/depth_image_proc:/SLAM/ros_ws/install/cpp_srvcli:/SLAM/ros_ws/install/cpp_pubsub:/SLAM/ros_ws/install/br2_vff_avoidance:/SLAM/ros_ws/install/br2_tracking:/SLAM/ros_ws/install/br2_tracking_msgs:/SLAM/ros_ws/install/br2_tiago:/SLAM/ros_ws/install/br2_tf2_detector:/SLAM/ros_ws/install/br2_navigation:/SLAM/ros_ws/install/br2_fsm_bumpgo_cpp:/SLAM/ros_ws/install/br2_bt_patrolling:/SLAM/ros_ws/install/br2_bt_bumpgo:/SLAM/ros_ws/install/br2_basics:/SLAM/ros_ws/install/astra_camera_msgs')]), 'shell': False}
[0.099645] (-) TimerEvent: {}
[0.194126] (groot) StdoutLine: {'line': b'-- The C compiler identification is GNU 11.4.0\n'}
[0.199735] (-) TimerEvent: {}
[0.255778] (groot) StdoutLine: {'line': b'-- The CXX compiler identification is GNU 11.4.0\n'}
[0.265069] (groot) StdoutLine: {'line': b'-- Detecting C compiler ABI info\n'}
[0.299843] (-) TimerEvent: {}
[0.354798] (groot) StdoutLine: {'line': b'-- Detecting C compiler ABI info - done\n'}
[0.360510] (groot) StdoutLine: {'line': b'-- Check for working C compiler: /usr/bin/cc - skipped\n'}
[0.360998] (groot) StdoutLine: {'line': b'-- Detecting C compile features\n'}
[0.361855] (groot) StdoutLine: {'line': b'-- Detecting C compile features - done\n'}
[0.365104] (groot) StdoutLine: {'line': b'-- Detecting CXX compiler ABI info\n'}
[0.399935] (-) TimerEvent: {}
[0.467760] (groot) StdoutLine: {'line': b'-- Detecting CXX compiler ABI info - done\n'}
[0.473585] (groot) StdoutLine: {'line': b'-- Check for working CXX compiler: /usr/bin/c++ - skipped\n'}
[0.473807] (groot) StdoutLine: {'line': b'-- Detecting CXX compile features\n'}
[0.474140] (groot) StdoutLine: {'line': b'-- Detecting CXX compile features - done\n'}
[0.500032] (-) TimerEvent: {}
[0.600365] (-) TimerEvent: {}
[0.700609] (-) TimerEvent: {}
[0.749092] (groot) StdoutLine: {'line': b'-- Found Python3: /usr/bin/python3.10 (found version "3.10.12") found components: Interpreter \n'}
[0.800702] (-) TimerEvent: {}
[0.811421] (groot) StdoutLine: {'line': b'-- Override CMake install command with custom implementation using symlinks instead of copying resources\n'}
[0.900799] (-) TimerEvent: {}
[0.955134] (groot) StdoutLine: {'line': b'-- Found ament_index_cpp: 1.4.0 (/opt/ros/humble/share/ament_index_cpp/cmake)\n'}
[0.962845] (groot) StdoutLine: {'line': b'-- ---------------------\n'}
[0.963019] (groot) StdoutLine: {'line': b'-- Compiling with AMENT.\n'}
[0.963089] (groot) StdoutLine: {'line': b'-- ---------------------\n'}
[0.973780] (groot) StdoutLine: {'line': b'-- Found ZMQ: /usr/lib/x86_64-linux-gnu/libzmq.so  \n'}
[0.973935] (groot) StdoutLine: {'line': b'-- ZeroMQ found.\n'}
[1.000969] (-) TimerEvent: {}
[1.077291] (groot) StdoutLine: {'line': b'-- Configuring done\n'}
[1.101063] (-) TimerEvent: {}
[1.201421] (-) TimerEvent: {}
[1.218644] (groot) StdoutLine: {'line': b'-- Generating done\n'}
[1.220594] (groot) StdoutLine: {'line': b'-- Build files have been written to: /SLAM/ros_ws/build/groot\n'}
[1.231933] (groot) CommandEnded: {'returncode': 0}
[1.233990] (groot) JobProgress: {'identifier': 'groot', 'progress': 'build'}
[1.234468] (groot) Command: {'cmd': ['/usr/bin/cmake', '--build', '/SLAM/ros_ws/build/groot', '--', '-j16', '-l16'], 'cwd': '/SLAM/ros_ws/build/groot', 'env': OrderedDict([('HOSTNAME', 'acer'), ('ROS_PACKAGE_PATH', '/SLAM/ros_ws/install/rtabmap_msgs/share'), ('GIT_ASKPASS', '/home/ros/.vscode-server/bin/31c37ee8f63491495ac49e43b8544550fbae4533/extensions/git/dist/askpass.sh'), ('SHLVL', '2'), ('LD_LIBRARY_PATH', '/SLAM/ros_ws/install/tutourial_intefaces/lib:/SLAM/ros_ws/install/stereo_image_proc/lib:/SLAM/ros_ws/install/image_proc/lib:/SLAM/ros_ws/install/tracetools_image_pipeline/lib:/SLAM/ros_ws/install/rtabmap_slam/lib:/SLAM/ros_ws/install/rtabmap_odom/lib:/SLAM/ros_ws/install/rtabmap_util/lib:/SLAM/ros_ws/install/rtabmap_sync/lib:/SLAM/ros_ws/install/rtabmap_rviz_plugins/lib:/SLAM/ros_ws/install/rtabmap_conversions/lib:/SLAM/ros_ws/install/rtabmap_msgs/lib:/SLAM/ros_ws/install/rtabmap/lib:/SLAM/ros_ws/install/more_interfaces/lib:/SLAM/ros_ws/install/image_view/lib:/SLAM/ros_ws/install/image_rotate/lib:/SLAM/ros_ws/install/astra_camera/lib:/SLAM/ros_ws/install/image_publisher/lib:/SLAM/ros_ws/install/depth_image_proc/lib:/SLAM/ros_ws/install/br2_vff_avoidance/lib:/SLAM/ros_ws/install/br2_tracking/lib:/SLAM/ros_ws/install/br2_tracking_msgs/lib:/SLAM/ros_ws/install/br2_tf2_detector/lib:/SLAM/ros_ws/install/br2_bt_patrolling/lib:/SLAM/ros_ws/install/br2_bt_bumpgo/lib:/SLAM/ros_ws/install/astra_camera_msgs/lib:/usr/lib/x86_64-linux-gnu/gazebo-11/plugins:/opt/ros/humble/opt/rviz_ogre_vendor/lib:/opt/ros/humble/lib/x86_64-linux-gnu:/opt/ros/humble/lib'), ('BROWSER', '/home/ros/.vscode-server/bin/31c37ee8f63491495ac49e43b8544550fbae4533/bin/helpers/browser.sh'), ('HOME', '/home/ros'), ('TERM_PROGRAM_VERSION', '1.86.1'), ('VSCODE_IPC_HOOK_CLI', '/tmp/vscode-ipc-2bf07a84-4fb4-4201-ac5f-c2418e5a8c8e.sock'), ('ROS_PYTHON_VERSION', '3'), ('VSCODE_GIT_ASKPASS_MAIN', '/home/ros/.vscode-server/bin/31c37ee8f63491495ac49e43b8544550fbae4533/extensions/git/dist/askpass-main.js'), ('VSCODE_GIT_ASKPASS_NODE', '/home/ros/.vscode-server/bin/31c37ee8f63491495ac49e43b8544550fbae4533/node'), ('COLORTERM', 'truecolor'), ('REMOTE_CONTAINERS', 'true'), ('COLCON_PREFIX_PATH', '/SLAM/ros_ws/install'), ('ROS_DISTRO', 'humble'), ('REMOTE_CONTAINERS_IPC', '/tmp/vscode-remote-containers-ipc-88d07eca-1189-406e-b9c1-cf757d2d96e9.sock'), ('_', '/usr/bin/colcon'), ('ROS_VERSION', '2'), ('PKG_CONFIG_PATH', '/SLAM/ros_ws/install/rtabmap_msgs/lib/x86_64-linux-gnu/pkgconfig:/SLAM/ros_ws/install/rtabmap_msgs/lib/pkgconfig:/SLAM/ros_ws/install/rtabmap/lib/x86_64-linux-gnu/pkgconfig:/SLAM/ros_ws/install/rtabmap/lib/pkgconfig'), ('TERM', 'xterm-256color'), ('ROS_LOCALHOST_ONLY', '0'), ('PATH', '/SLAM/ros_ws/install/image_proc/bin:/SLAM/ros_ws/install/rtabmap/bin:/home/ros/.vscode-server/bin/31c37ee8f63491495ac49e43b8544550fbae4533/bin/remote-cli:/opt/ros/humble/bin:/usr/local/sbin:/usr/local/bin:/usr/sbin:/usr/bin:/sbin:/bin'), ('REMOTE_CONTAINERS_SOCKETS', '["/tmp/vscode-ssh-auth-88d07eca-1189-406e-b9c1-cf757d2d96e9.sock","/tmp/.X11-unix/X0","/home/ros/.gnupg/S.gpg-agent"]'), ('DISPLAY', ':1'), ('LANG', 'C.UTF-8'), ('VSCODE_GIT_IPC_HANDLE', '/tmp/vscode-git-8b58b44a21.sock'), ('TERM_PROGRAM', 'vscode'), ('SSH_AUTH_SOCK', '/tmp/vscode-ssh-auth-88d07eca-1189-406e-b9c1-cf757d2d96e9.sock'), ('AMENT_PREFIX_PATH', '/SLAM/ros_ws/install/urdf_test:/SLAM/ros_ws/install/tutourial_intefaces:/SLAM/ros_ws/install/image_pipeline:/SLAM/ros_ws/install/stereo_image_proc:/SLAM/ros_ws/install/image_proc:/SLAM/ros_ws/install/tracetools_image_pipeline:/SLAM/ros_ws/install/tiago_simulation:/SLAM/ros_ws/install/tiago_robot:/SLAM/ros_ws/install/tiago_navigation:/SLAM/ros_ws/install/tiago_gazebo:/SLAM/ros_ws/install/tiago_moveit_config:/SLAM/ros_ws/install/tiago_laser_sensors:/SLAM/ros_ws/install/tiago_bringup:/SLAM/ros_ws/install/tiago_description:/SLAM/ros_ws/install/tiago_controller_configuration:/SLAM/ros_ws/install/tiago_2dnav:/SLAM/ros_ws/install/sllidar_ros2:/SLAM/ros_ws/install/rtabmap_ros:/SLAM/ros_ws/install/rtabmap_launch:/SLAM/ros_ws/install/rtabmap_examples:/SLAM/ros_ws/install/rtabmap_demos:/SLAM/ros_ws/install/rtabmap_viz:/SLAM/ros_ws/install/rtabmap_slam:/SLAM/ros_ws/install/rtabmap_odom:/SLAM/ros_ws/install/rtabmap_util:/SLAM/ros_ws/install/rtabmap_sync:/SLAM/ros_ws/install/rtabmap_rviz_plugins:/SLAM/ros_ws/install/rtabmap_python:/SLAM/ros_ws/install/rtabmap_conversions:/SLAM/ros_ws/install/rplidar_ros:/SLAM/ros_ws/install/rf2o_laser_odometry:/SLAM/ros_ws/install/pmb2_robot:/SLAM/ros_ws/install/pmb2_navigation:/SLAM/ros_ws/install/pmb2_2dnav:/SLAM/ros_ws/install/pmb2_maps:/SLAM/ros_ws/install/pmb2_laser_sensors:/SLAM/ros_ws/install/pmb2_bringup:/SLAM/ros_ws/install/pmb2_description:/SLAM/ros_ws/install/pmb2_controller_configuration:/SLAM/ros_ws/install/pal_gripper:/SLAM/ros_ws/install/pal_gripper_description:/SLAM/ros_ws/install/pal_gripper_controller_configuration:/SLAM/ros_ws/install/pal_gazebo_worlds:/SLAM/ros_ws/install/my_robot_controller:/SLAM/ros_ws/install/more_interfaces:/SLAM/ros_ws/install/learning_tf2_py:/SLAM/ros_ws/install/launch_pal:/SLAM/ros_ws/install/image_rotate:/SLAM/ros_ws/install/astra_camera:/SLAM/ros_ws/install/image_publisher:/SLAM/ros_ws/install/hey5_description:/SLAM/ros_ws/install/depth_image_proc:/SLAM/ros_ws/install/cpp_srvcli:/SLAM/ros_ws/install/cpp_pubsub:/SLAM/ros_ws/install/camera_calibration:/SLAM/ros_ws/install/br2_vff_avoidance:/SLAM/ros_ws/install/br2_tracking:/SLAM/ros_ws/install/br2_tracking_msgs:/SLAM/ros_ws/install/br2_tiago:/SLAM/ros_ws/install/br2_tf2_detector:/SLAM/ros_ws/install/br2_navigation:/SLAM/ros_ws/install/br2_fsm_bumpgo_py:/SLAM/ros_ws/install/br2_fsm_bumpgo_cpp:/SLAM/ros_ws/install/br2_bt_patrolling:/SLAM/ros_ws/install/br2_bt_bumpgo:/SLAM/ros_ws/install/br2_basics:/SLAM/ros_ws/install/astra_camera_msgs:/opt/ros/humble'), ('REMOTE_CONTAINERS_DISPLAY_SOCK', '/tmp/.X11-unix/X0'), ('SHELL', '/bin/bash'), ('VSCODE_GIT_ASKPASS_EXTRA_ARGS', ''), ('PWD', '/SLAM/ros_ws/build/groot'), ('LC_ALL', 'C.UTF-8'), ('PYTHONPATH', '/SLAM/ros_ws/install/urdf_test/local/lib/python3.10/dist-packages:/SLAM/ros_ws/install/tutourial_intefaces/local/lib/python3.10/dist-packages:/SLAM/ros_ws/install/tiago_description/local/lib/python3.10/dist-packages:/SLAM/ros_ws/build/rtabmap_python:/SLAM/ros_ws/install/rtabmap_python/lib/python3.10/site-packages:/SLAM/ros_ws/install/rtabmap_msgs/local/lib/python3.10/dist-packages:/SLAM/ros_ws/install/pmb2_description/local/lib/python3.10/dist-packages:/SLAM/ros_ws/build/my_robot_controller:/SLAM/ros_ws/install/my_robot_controller/lib/python3.10/site-packages:/SLAM/ros_ws/install/more_interfaces/local/lib/python3.10/dist-packages:/SLAM/ros_ws/install/learning_tf2_py/lib/python3.10/site-packages:/SLAM/ros_ws/build/launch_pal:/SLAM/ros_ws/install/launch_pal/lib/python3.10/site-packages:/SLAM/ros_ws/build/camera_calibration/src:/SLAM/ros_ws/install/camera_calibration/lib/python3.10/site-packages:/SLAM/ros_ws/install/br2_tracking_msgs/local/lib/python3.10/dist-packages:/SLAM/ros_ws/build/br2_fsm_bumpgo_py:/SLAM/ros_ws/install/br2_fsm_bumpgo_py/lib/python3.10/site-packages:/SLAM/ros_ws/install/astra_camera_msgs/local/lib/python3.10/dist-packages:/opt/ros/humble/lib/python3.10/site-packages:/opt/ros/humble/local/lib/python3.10/dist-packages'), ('COLCON', '1'), ('CMAKE_PREFIX_PATH', '/SLAM/ros_ws/install/urdf_test:/SLAM/ros_ws/install/tutourial_intefaces:/SLAM/ros_ws/install/image_pipeline:/SLAM/ros_ws/install/stereo_image_proc:/SLAM/ros_ws/install/image_proc:/SLAM/ros_ws/install/tracetools_image_pipeline:/SLAM/ros_ws/install/tiago_simulation:/SLAM/ros_ws/install/tiago_robot:/SLAM/ros_ws/install/tiago_navigation:/SLAM/ros_ws/install/tiago_gazebo:/SLAM/ros_ws/install/tiago_moveit_config:/SLAM/ros_ws/install/tiago_laser_sensors:/SLAM/ros_ws/install/tiago_bringup:/SLAM/ros_ws/install/tiago_description:/SLAM/ros_ws/install/tiago_controller_configuration:/SLAM/ros_ws/install/tiago_2dnav:/SLAM/ros_ws/install/sllidar_ros2:/SLAM/ros_ws/install/rtabmap_ros:/SLAM/ros_ws/install/rtabmap_launch:/SLAM/ros_ws/install/rtabmap_examples:/SLAM/ros_ws/install/rtabmap_demos:/SLAM/ros_ws/install/rtabmap_viz:/SLAM/ros_ws/install/rtabmap_slam:/SLAM/ros_ws/install/rtabmap_odom:/SLAM/ros_ws/install/rtabmap_util:/SLAM/ros_ws/install/rtabmap_sync:/SLAM/ros_ws/install/rtabmap_rviz_plugins:/SLAM/ros_ws/install/rtabmap_conversions:/SLAM/ros_ws/install/rtabmap_python:/SLAM/ros_ws/install/my_robot_controller:/SLAM/ros_ws/install/learning_tf2_py:/SLAM/ros_ws/install/launch_pal:/SLAM/ros_ws/install/camera_calibration:/SLAM/ros_ws/install/br2_fsm_bumpgo_py:/opt/ros/humble:/SLAM/ros_ws/install/rtabmap_msgs:/SLAM/ros_ws/install/rtabmap:/SLAM/ros_ws/install/rplidar_ros:/SLAM/ros_ws/install/rf2o_laser_odometry:/SLAM/ros_ws/install/pmb2_robot:/SLAM/ros_ws/install/pmb2_navigation:/SLAM/ros_ws/install/pmb2_2dnav:/SLAM/ros_ws/install/pmb2_maps:/SLAM/ros_ws/install/pmb2_laser_sensors:/SLAM/ros_ws/install/pmb2_bringup:/SLAM/ros_ws/install/pmb2_description:/SLAM/ros_ws/install/pmb2_controller_configuration:/SLAM/ros_ws/install/pal_gripper:/SLAM/ros_ws/install/pal_gripper_description:/SLAM/ros_ws/install/pal_gripper_controller_configuration:/SLAM/ros_ws/install/pal_gazebo_worlds:/SLAM/ros_ws/install/more_interfaces:/SLAM/ros_ws/install/image_view:/SLAM/ros_ws/install/image_rotate:/SLAM/ros_ws/install/astra_camera:/SLAM/ros_ws/install/image_publisher:/SLAM/ros_ws/install/hey5_description:/SLAM/ros_ws/install/depth_image_proc:/SLAM/ros_ws/install/cpp_srvcli:/SLAM/ros_ws/install/cpp_pubsub:/SLAM/ros_ws/install/br2_vff_avoidance:/SLAM/ros_ws/install/br2_tracking:/SLAM/ros_ws/install/br2_tracking_msgs:/SLAM/ros_ws/install/br2_tiago:/SLAM/ros_ws/install/br2_tf2_detector:/SLAM/ros_ws/install/br2_navigation:/SLAM/ros_ws/install/br2_fsm_bumpgo_cpp:/SLAM/ros_ws/install/br2_bt_patrolling:/SLAM/ros_ws/install/br2_bt_bumpgo:/SLAM/ros_ws/install/br2_basics:/SLAM/ros_ws/install/astra_camera_msgs')]), 'shell': False}
[1.301528] (-) TimerEvent: {}
[1.324031] (groot) StdoutLine: {'line': b'[  1%] \x1b[34m\x1b[1mAutomatic MOC and UIC for target QtNodeEditor\x1b[0m\n'}
[1.373508] (groot) StdoutLine: {'line': b'[  1%] Built target QtNodeEditor_autogen\n'}
[1.395081] (groot) StdoutLine: {'line': b'[  3%] \x1b[34m\x1b[1mGenerating include/nodes/internal/moc_DataModelRegistry.cpp\x1b[0m\n'}
[1.395423] (groot) StdoutLine: {'line': b'[  3%] \x1b[34m\x1b[1mGenerating include/nodes/internal/moc_ConnectionGeometry.cpp\x1b[0m\n'}
[1.395721] (groot) StdoutLine: {'line': b'[  3%] \x1b[34m\x1b[1mGenerating include/nodes/internal/moc_ConnectionStyle.cpp\x1b[0m\n'}
[1.395825] (groot) StdoutLine: {'line': b'[  3%] \x1b[34m\x1b[1mGenerating qrc_resources.cpp\x1b[0m\n'}
[1.395903] (groot) StdoutLine: {'line': b'[  4%] \x1b[34m\x1b[1mGenerating include/nodes/internal/moc_ConnectionGraphicsObject.cpp\x1b[0m\n'}
[1.395980] (groot) StdoutLine: {'line': b'[  4%] \x1b[34m\x1b[1mGenerating include/nodes/internal/moc_Node.cpp\x1b[0m\n'}
[1.396054] (groot) StdoutLine: {'line': b'[  4%] \x1b[34m\x1b[1mGenerating include/nodes/internal/moc_FlowViewStyle.cpp\x1b[0m\n'}
[1.396187] (groot) StdoutLine: {'line': b'[  5%] \x1b[34m\x1b[1mGenerating include/nodes/internal/moc_FlowView.cpp\x1b[0m\n'}
[1.396918] (groot) StdoutLine: {'line': b'[  6%] \x1b[34m\x1b[1mGenerating include/nodes/internal/moc_Compiler.cpp\x1b[0m\n'}
[1.397995] (groot) StdoutLine: {'line': b'[  7%] \x1b[34m\x1b[1mGenerating include/nodes/internal/moc_Connection.cpp\x1b[0m\n'}
[1.400766] (groot) StdoutLine: {'line': b'[  8%] \x1b[34m\x1b[1mGenerating include/nodes/internal/moc_ConnectionState.cpp\x1b[0m\n'}
[1.401619] (-) TimerEvent: {}
[1.401933] (groot) StdoutLine: {'line': b'[  9%] \x1b[34m\x1b[1mGenerating include/nodes/internal/moc_Export.cpp\x1b[0m\n'}
[1.402054] (groot) StdoutLine: {'line': b'[ 10%] \x1b[34m\x1b[1mGenerating include/nodes/internal/moc_FlowScene.cpp\x1b[0m\n'}
[1.404655] (groot) StdoutLine: {'line': b'[ 10%] \x1b[34m\x1b[1mGenerating include/nodes/internal/moc_NodeDataModel.cpp\x1b[0m\n'}
[1.412038] (groot) StdoutLine: {'line': b'[ 11%] \x1b[34m\x1b[1mGenerating include/nodes/internal/moc_NodeGeometry.cpp\x1b[0m\n'}
[1.413263] (groot) StdoutLine: {'line': b'[ 12%] \x1b[34m\x1b[1mGenerating include/nodes/internal/moc_NodeData.cpp\x1b[0m\n'}
[1.427956] (groot) StdoutLine: {'line': b'[ 13%] \x1b[34m\x1b[1mGenerating include/nodes/internal/moc_NodeGraphicsObject.cpp\x1b[0m\n'}
[1.430875] (groot) StdoutLine: {'line': b'[ 14%] \x1b[34m\x1b[1mGenerating include/nodes/internal/moc_NodePainterDelegate.cpp\x1b[0m\n'}
[1.444339] (groot) StdoutLine: {'line': b'[ 14%] \x1b[34m\x1b[1mGenerating include/nodes/internal/moc_NodeState.cpp\x1b[0m\n'}
[1.483718] (groot) StdoutLine: {'line': b'[ 15%] \x1b[34m\x1b[1mGenerating include/nodes/internal/moc_NodeStyle.cpp\x1b[0m\n'}
[1.484396] (groot) StdoutLine: {'line': b'[ 15%] \x1b[34m\x1b[1mGenerating include/nodes/internal/moc_PortType.cpp\x1b[0m\n'}
[1.491842] (groot) StdoutLine: {'line': b'[ 16%] \x1b[34m\x1b[1mGenerating include/nodes/internal/moc_QUuidStdHash.cpp\x1b[0m\n'}
[1.496628] (groot) StdoutLine: {'line': b'[ 17%] \x1b[34m\x1b[1mGenerating include/nodes/internal/moc_OperatingSystem.cpp\x1b[0m\n'}
[1.501816] (-) TimerEvent: {}
[1.502657] (groot) StdoutLine: {'line': b'[ 18%] \x1b[34m\x1b[1mGenerating include/nodes/internal/moc_QStringStdHash.cpp\x1b[0m\n'}
[1.505521] (groot) StdoutLine: {'line': b'[ 19%] \x1b[34m\x1b[1mGenerating include/nodes/internal/moc_Serializable.cpp\x1b[0m\n'}
[1.516206] (groot) StdoutLine: {'line': b'[ 19%] \x1b[34m\x1b[1mGenerating include/nodes/internal/moc_Style.cpp\x1b[0m\n'}
[1.526565] (groot) StdoutLine: {'line': b'[ 20%] \x1b[34m\x1b[1mGenerating include/nodes/internal/moc_TypeConverter.cpp\x1b[0m\n'}
[1.533116] (groot) StdoutLine: {'line': b'[ 21%] \x1b[34m\x1b[1mGenerating include/nodes/internal/moc_memory.cpp\x1b[0m\n'}
[1.601921] (-) TimerEvent: {}
[1.611279] (groot) StdoutLine: {'line': b'[ 26%] \x1b[32mBuilding CXX object QtNodeEditor/CMakeFiles/QtNodeEditor.dir/src/ConnectionPainter.cpp.o\x1b[0m\n'}
[1.611704] (groot) StdoutLine: {'line': b'[ 26%] \x1b[32mBuilding CXX object QtNodeEditor/CMakeFiles/QtNodeEditor.dir/src/Connection.cpp.o\x1b[0m\n'}
[1.611827] (groot) StdoutLine: {'line': b'[ 26%] \x1b[32mBuilding CXX object QtNodeEditor/CMakeFiles/QtNodeEditor.dir/src/DataModelRegistry.cpp.o\x1b[0m\n'}
[1.611919] (groot) StdoutLine: {'line': b'[ 26%] \x1b[32mBuilding CXX object QtNodeEditor/CMakeFiles/QtNodeEditor.dir/src/FlowViewStyle.cpp.o\x1b[0m\n'}
[1.612006] (groot) StdoutLine: {'line': b'[ 26%] \x1b[32mBuilding CXX object QtNodeEditor/CMakeFiles/QtNodeEditor.dir/src/FlowScene.cpp.o\x1b[0m\n'}
[1.612150] (groot) StdoutLine: {'line': b'[ 27%] \x1b[32mBuilding CXX object QtNodeEditor/CMakeFiles/QtNodeEditor.dir/src/ConnectionState.cpp.o\x1b[0m\n'}
[1.612542] (groot) StdoutLine: {'line': b'[ 27%] \x1b[32mBuilding CXX object QtNodeEditor/CMakeFiles/QtNodeEditor.dir/src/ConnectionStyle.cpp.o\x1b[0m\n'}
[1.613066] (groot) StdoutLine: {'line': b'[ 28%] \x1b[32mBuilding CXX object QtNodeEditor/CMakeFiles/QtNodeEditor.dir/src/ConnectionBlurEffect.cpp.o\x1b[0m\n'}
[1.616209] (groot) StdoutLine: {'line': b'[ 26%] \x1b[32mBuilding CXX object QtNodeEditor/CMakeFiles/QtNodeEditor.dir/src/ConnectionGraphicsObject.cpp.o\x1b[0m\n'}
[1.616659] (groot) StdoutLine: {'line': b'[ 26%] \x1b[32mBuilding CXX object QtNodeEditor/CMakeFiles/QtNodeEditor.dir/QtNodeEditor_autogen/mocs_compilation.cpp.o\x1b[0m\n'}
[1.616769] (groot) StdoutLine: {'line': b'[ 26%] \x1b[32mBuilding CXX object QtNodeEditor/CMakeFiles/QtNodeEditor.dir/src/ConnectionGeometry.cpp.o\x1b[0m\n'}
[1.619502] (groot) StdoutLine: {'line': b'[ 29%] \x1b[32mBuilding CXX object QtNodeEditor/CMakeFiles/QtNodeEditor.dir/src/FlowView.cpp.o\x1b[0m\n'}
[1.621014] (groot) StdoutLine: {'line': b'[ 31%] \x1b[32mBuilding CXX object QtNodeEditor/CMakeFiles/QtNodeEditor.dir/src/NodeConnectionInteraction.cpp.o\x1b[0m\n'}
[1.621581] (groot) StdoutLine: {'line': b'[ 31%] \x1b[32mBuilding CXX object QtNodeEditor/CMakeFiles/QtNodeEditor.dir/src/Node.cpp.o\x1b[0m\n'}
[1.638515] (groot) StdoutLine: {'line': b'[ 31%] \x1b[32mBuilding CXX object QtNodeEditor/CMakeFiles/QtNodeEditor.dir/src/NodeDataModel.cpp.o\x1b[0m\n'}
[1.667074] (groot) StdoutLine: {'line': b'[ 32%] \x1b[32mBuilding CXX object QtNodeEditor/CMakeFiles/QtNodeEditor.dir/src/NodeGeometry.cpp.o\x1b[0m\n'}
[1.689096] (groot) StdoutLine: {'line': b'[ 33%] \x1b[32mBuilding CXX object QtNodeEditor/CMakeFiles/QtNodeEditor.dir/src/NodeGraphicsObject.cpp.o\x1b[0m\n'}
[1.702052] (-) TimerEvent: {}
[1.802863] (-) TimerEvent: {}
[1.903459] (-) TimerEvent: {}
[2.003909] (-) TimerEvent: {}
[2.104672] (-) TimerEvent: {}
[2.205646] (-) TimerEvent: {}
[2.306804] (-) TimerEvent: {}
[2.407843] (-) TimerEvent: {}
[2.508915] (-) TimerEvent: {}
[2.609735] (-) TimerEvent: {}
[2.710538] (-) TimerEvent: {}
[2.811330] (-) TimerEvent: {}
[2.911818] (-) TimerEvent: {}
[3.012346] (-) TimerEvent: {}
[3.109274] (groot) StderrLine: {'line': b'\x1b[01m\x1b[K/SLAM/ros_ws/src/ThirdParty/Groot/QtNodeEditor/src/ConnectionStyle.cpp:\x1b[m\x1b[K In member function \xe2\x80\x98\x1b[01m\x1b[KQColor QtNodes::ConnectionStyle::normalColor(QString) const\x1b[m\x1b[K\xe2\x80\x99:\n'}
[3.109859] (groot) StderrLine: {'line': b'\x1b[01m\x1b[K/SLAM/ros_ws/src/ThirdParty/Groot/QtNodeEditor/src/ConnectionStyle.cpp:169:9:\x1b[m\x1b[K \x1b[01;35m\x1b[Kwarning: \x1b[m\x1b[K\xe2\x80\x98\x1b[01m\x1b[Kvoid qsrand(uint)\x1b[m\x1b[K\xe2\x80\x99 is deprecated: use QRandomGenerator instead [\x1b[01;35m\x1b[K\x1b]8;;https://gcc.gnu.org/onlinedocs/gcc/Warning-Options.html#index-Wdeprecated-declarations\x07-Wdeprecated-declarations\x1b]8;;\x07\x1b[m\x1b[K]\n'}
[3.110055] (groot) StderrLine: {'line': b'  169 |   \x1b[01;35m\x1b[Kqsrand(hash)\x1b[m\x1b[K;\n'}
[3.110209] (groot) StderrLine: {'line': b'      |   \x1b[01;35m\x1b[K~~~~~~^~~~~~\x1b[m\x1b[K\n'}
[3.110342] (groot) StderrLine: {'line': b'In file included from \x1b[01m\x1b[K/usr/include/x86_64-linux-gnu/qt5/QtGui/qtguiglobal.h:43\x1b[m\x1b[K,\n'}
[3.110466] (groot) StderrLine: {'line': b'                 from \x1b[01m\x1b[K/usr/include/x86_64-linux-gnu/qt5/QtGui/qcolor.h:43\x1b[m\x1b[K,\n'}
[3.110572] (groot) StderrLine: {'line': b'                 from \x1b[01m\x1b[K/usr/include/x86_64-linux-gnu/qt5/QtGui/QColor:1\x1b[m\x1b[K,\n'}
[3.110686] (groot) StderrLine: {'line': b'                 from \x1b[01m\x1b[K/SLAM/ros_ws/src/ThirdParty/Groot/QtNodeEditor/include/nodes/internal/ConnectionStyle.hpp:3\x1b[m\x1b[K,\n'}
[3.110801] (groot) StderrLine: {'line': b'                 from \x1b[01m\x1b[K/SLAM/ros_ws/src/ThirdParty/Groot/QtNodeEditor/src/ConnectionStyle.cpp:1\x1b[m\x1b[K:\n'}
[3.110910] (groot) StderrLine: {'line': b'\x1b[01m\x1b[K/usr/include/x86_64-linux-gnu/qt5/QtCore/qglobal.h:1273:81:\x1b[m\x1b[K \x1b[01;36m\x1b[Knote: \x1b[m\x1b[Kdeclared here\n'}
[3.111025] (groot) StderrLine: {'line': b' 1273 | Q_CORE_EXPORT QT_DEPRECATED_VERSION_X_5_15("use QRandomGenerator instead") void \x1b[01;36m\x1b[Kqsrand\x1b[m\x1b[K(uint seed);\n'}
[3.111136] (groot) StderrLine: {'line': b'      |                                                                                 \x1b[01;36m\x1b[K^~~~~~\x1b[m\x1b[K\n'}
[3.111242] (groot) StderrLine: {'line': b'\x1b[01m\x1b[K/SLAM/ros_ws/src/ThirdParty/Groot/QtNodeEditor/src/ConnectionStyle.cpp:170:26:\x1b[m\x1b[K \x1b[01;35m\x1b[Kwarning: \x1b[m\x1b[K\xe2\x80\x98\x1b[01m\x1b[Kint qrand()\x1b[m\x1b[K\xe2\x80\x99 is deprecated: use QRandomGenerator instead [\x1b[01;35m\x1b[K\x1b]8;;https://gcc.gnu.org/onlinedocs/gcc/Warning-Options.html#index-Wdeprecated-declarations\x07-Wdeprecated-declarations\x1b]8;;\x07\x1b[m\x1b[K]\n'}
[3.111351] (groot) StderrLine: {'line': b'  170 |   std::size_t hue = \x1b[01;35m\x1b[Kqrand()\x1b[m\x1b[K % hue_range;\n'}
[3.111434] (groot) StderrLine: {'line': b'      |                     \x1b[01;35m\x1b[K~~~~~^~\x1b[m\x1b[K\n'}
[3.111531] (groot) StderrLine: {'line': b'In file included from \x1b[01m\x1b[K/usr/include/x86_64-linux-gnu/qt5/QtGui/qtguiglobal.h:43\x1b[m\x1b[K,\n'}
[3.111642] (groot) StderrLine: {'line': b'                 from \x1b[01m\x1b[K/usr/include/x86_64-linux-gnu/qt5/QtGui/qcolor.h:43\x1b[m\x1b[K,\n'}
[3.111744] (groot) StderrLine: {'line': b'                 from \x1b[01m\x1b[K/usr/include/x86_64-linux-gnu/qt5/QtGui/QColor:1\x1b[m\x1b[K,\n'}
[3.111840] (groot) StderrLine: {'line': b'                 from \x1b[01m\x1b[K/SLAM/ros_ws/src/ThirdParty/Groot/QtNodeEditor/include/nodes/internal/ConnectionStyle.hpp:3\x1b[m\x1b[K,\n'}
[3.111970] (groot) StderrLine: {'line': b'                 from \x1b[01m\x1b[K/SLAM/ros_ws/src/ThirdParty/Groot/QtNodeEditor/src/ConnectionStyle.cpp:1\x1b[m\x1b[K:\n'}
[3.112082] (groot) StderrLine: {'line': b'\x1b[01m\x1b[K/usr/include/x86_64-linux-gnu/qt5/QtCore/qglobal.h:1274:80:\x1b[m\x1b[K \x1b[01;36m\x1b[Knote: \x1b[m\x1b[Kdeclared here\n'}
[3.112210] (groot) StderrLine: {'line': b' 1274 | Q_CORE_EXPORT QT_DEPRECATED_VERSION_X_5_15("use QRandomGenerator instead") int \x1b[01;36m\x1b[Kqrand\x1b[m\x1b[K();\n'}
[3.112319] (groot) StderrLine: {'line': b'      |                                                                                \x1b[01;36m\x1b[K^~~~~\x1b[m\x1b[K\n'}
[3.112424] (-) TimerEvent: {}
[3.212778] (-) TimerEvent: {}
[3.288730] (groot) StdoutLine: {'line': b'[ 34%] \x1b[32mBuilding CXX object QtNodeEditor/CMakeFiles/QtNodeEditor.dir/src/NodePainter.cpp.o\x1b[0m\n'}
[3.312925] (-) TimerEvent: {}
[3.413482] (-) TimerEvent: {}
[3.514205] (-) TimerEvent: {}
[3.587716] (groot) StdoutLine: {'line': b'[ 34%] \x1b[32mBuilding CXX object QtNodeEditor/CMakeFiles/QtNodeEditor.dir/src/NodeState.cpp.o\x1b[0m\n'}
[3.596624] (groot) StdoutLine: {'line': b'[ 35%] \x1b[32mBuilding CXX object QtNodeEditor/CMakeFiles/QtNodeEditor.dir/src/Properties.cpp.o\x1b[0m\n'}
[3.606842] (groot) StdoutLine: {'line': b'[ 36%] \x1b[32mBuilding CXX object QtNodeEditor/CMakeFiles/QtNodeEditor.dir/src/NodeStyle.cpp.o\x1b[0m\n'}
[3.614362] (-) TimerEvent: {}
[3.715237] (-) TimerEvent: {}
[3.756654] (groot) StderrLine: {'line': b'\x1b[01m\x1b[K/SLAM/ros_ws/src/ThirdParty/Groot/QtNodeEditor/src/NodeGeometry.cpp:\x1b[m\x1b[K In member function \xe2\x80\x98\x1b[01m\x1b[Kunsigned int QtNodes::NodeGeometry::portWidth(QtNodes::PortType) const\x1b[m\x1b[K\xe2\x80\x99:\n'}
[3.757855] (groot) StderrLine: {'line': b'\x1b[01m\x1b[K/SLAM/ros_ws/src/ThirdParty/Groot/QtNodeEditor/src/NodeGeometry.cpp:286:49:\x1b[m\x1b[K \x1b[01;35m\x1b[Kwarning: \x1b[m\x1b[K\xe2\x80\x98\x1b[01m\x1b[Kint QFontMetrics::width(const QString&, int) const\x1b[m\x1b[K\xe2\x80\x99 is deprecated: Use QFontMetrics::horizontalAdvance [\x1b[01;35m\x1b[K\x1b]8;;https://gcc.gnu.org/onlinedocs/gcc/Warning-Options.html#index-Wdeprecated-declarations\x07-Wdeprecated-declarations\x1b]8;;\x07\x1b[m\x1b[K]\n'}
[3.758096] (groot) StderrLine: {'line': b'  286 |     width = std::max(unsigned(\x1b[01;35m\x1b[K_fontMetrics.width(name)\x1b[m\x1b[K), width);\n'}
[3.758280] (groot) StderrLine: {'line': b'      |                               \x1b[01;35m\x1b[K~~~~~~~~~~~~~~~~~~^~~~~~\x1b[m\x1b[K\n'}
[3.758460] (groot) StderrLine: {'line': b'In file included from \x1b[01m\x1b[K/usr/include/x86_64-linux-gnu/qt5/QtGui/QFontMetrics:1\x1b[m\x1b[K,\n'}
[3.758622] (groot) StderrLine: {'line': b'                 from \x1b[01m\x1b[K/SLAM/ros_ws/src/ThirdParty/Groot/QtNodeEditor/include/nodes/internal/NodeGeometry.hpp:6\x1b[m\x1b[K,\n'}
[3.758758] (groot) StderrLine: {'line': b'                 from \x1b[01m\x1b[K/SLAM/ros_ws/src/ThirdParty/Groot/QtNodeEditor/src/NodeGeometry.cpp:1\x1b[m\x1b[K:\n'}
[3.758876] (groot) StderrLine: {'line': b'\x1b[01m\x1b[K/usr/include/x86_64-linux-gnu/qt5/QtGui/qfontmetrics.h:106:9:\x1b[m\x1b[K \x1b[01;36m\x1b[Knote: \x1b[m\x1b[Kdeclared here\n'}
[3.759005] (groot) StderrLine: {'line': b'  106 |     int \x1b[01;36m\x1b[Kwidth\x1b[m\x1b[K(const QString &, int len = -1) const;\n'}
[3.759107] (groot) StderrLine: {'line': b'      |         \x1b[01;36m\x1b[K^~~~~\x1b[m\x1b[K\n'}
[3.815360] (-) TimerEvent: {}
[3.845356] (groot) StdoutLine: {'line': b'[ 36%] \x1b[32mBuilding CXX object QtNodeEditor/CMakeFiles/QtNodeEditor.dir/src/StyleCollection.cpp.o\x1b[0m\n'}
[3.903452] (groot) StdoutLine: {'line': b'[ 37%] \x1b[32mBuilding CXX object QtNodeEditor/CMakeFiles/QtNodeEditor.dir/qrc_resources.cpp.o\x1b[0m\n'}
[3.916061] (-) TimerEvent: {}
[4.016884] (-) TimerEvent: {}
[4.073439] (groot) StdoutLine: {'line': b'[ 38%] \x1b[32mBuilding CXX object QtNodeEditor/CMakeFiles/QtNodeEditor.dir/include/nodes/internal/moc_Compiler.cpp.o\x1b[0m\n'}
[4.117051] (-) TimerEvent: {}
[4.181607] (groot) StdoutLine: {'line': b'[ 39%] \x1b[32mBuilding CXX object QtNodeEditor/CMakeFiles/QtNodeEditor.dir/include/nodes/internal/moc_Connection.cpp.o\x1b[0m\n'}
[4.217230] (-) TimerEvent: {}
[4.318777] (-) TimerEvent: {}
[4.343617] (groot) StdoutLine: {'line': b'[ 39%] \x1b[32mBuilding CXX object QtNodeEditor/CMakeFiles/QtNodeEditor.dir/include/nodes/internal/moc_ConnectionGeometry.cpp.o\x1b[0m\n'}
[4.419209] (-) TimerEvent: {}
[4.426498] (groot) StdoutLine: {'line': b'[ 40%] \x1b[32mBuilding CXX object QtNodeEditor/CMakeFiles/QtNodeEditor.dir/include/nodes/internal/moc_ConnectionGraphicsObject.cpp.o\x1b[0m\n'}
[4.451722] (groot) StdoutLine: {'line': b'[ 41%] \x1b[32mBuilding CXX object QtNodeEditor/CMakeFiles/QtNodeEditor.dir/include/nodes/internal/moc_ConnectionState.cpp.o\x1b[0m\n'}
[4.457360] (groot) StdoutLine: {'line': b'[ 41%] \x1b[32mBuilding CXX object QtNodeEditor/CMakeFiles/QtNodeEditor.dir/include/nodes/internal/moc_ConnectionStyle.cpp.o\x1b[0m\n'}
[4.512499] (groot) StdoutLine: {'line': b'[ 42%] \x1b[32mBuilding CXX object QtNodeEditor/CMakeFiles/QtNodeEditor.dir/include/nodes/internal/moc_DataModelRegistry.cpp.o\x1b[0m\n'}
[4.519345] (-) TimerEvent: {}
[4.536566] (groot) StdoutLine: {'line': b'[ 44%] \x1b[32mBuilding CXX object QtNodeEditor/CMakeFiles/QtNodeEditor.dir/include/nodes/internal/moc_Export.cpp.o\x1b[0m\n'}
[4.540575] (groot) StdoutLine: {'line': b'[ 44%] \x1b[32mBuilding CXX object QtNodeEditor/CMakeFiles/QtNodeEditor.dir/include/nodes/internal/moc_FlowScene.cpp.o\x1b[0m\n'}
[4.613903] (groot) StdoutLine: {'line': b'[ 44%] \x1b[32mBuilding CXX object QtNodeEditor/CMakeFiles/QtNodeEditor.dir/include/nodes/internal/moc_FlowView.cpp.o\x1b[0m\n'}
[4.618522] (groot) StdoutLine: {'line': b'[ 45%] \x1b[32mBuilding CXX object QtNodeEditor/CMakeFiles/QtNodeEditor.dir/include/nodes/internal/moc_FlowViewStyle.cpp.o\x1b[0m\n'}
[4.619430] (-) TimerEvent: {}
[4.720346] (-) TimerEvent: {}
[4.730496] (groot) StdoutLine: {'line': b'[ 46%] \x1b[32mBuilding CXX object QtNodeEditor/CMakeFiles/QtNodeEditor.dir/include/nodes/internal/moc_Node.cpp.o\x1b[0m\n'}
[4.820467] (-) TimerEvent: {}
[4.921603] (-) TimerEvent: {}
[4.960111] (groot) StdoutLine: {'line': b'[ 46%] \x1b[32mBuilding CXX object QtNodeEditor/CMakeFiles/QtNodeEditor.dir/include/nodes/internal/moc_NodeData.cpp.o\x1b[0m\n'}
[5.021744] (-) TimerEvent: {}
[5.045269] (groot) StdoutLine: {'line': b'[ 47%] \x1b[32mBuilding CXX object QtNodeEditor/CMakeFiles/QtNodeEditor.dir/include/nodes/internal/moc_NodeDataModel.cpp.o\x1b[0m\n'}
[5.076192] (groot) StdoutLine: {'line': b'[ 48%] \x1b[32mBuilding CXX object QtNodeEditor/CMakeFiles/QtNodeEditor.dir/include/nodes/internal/moc_NodeGeometry.cpp.o\x1b[0m\n'}
[5.090432] (groot) StdoutLine: {'line': b'[ 49%] \x1b[32mBuilding CXX object QtNodeEditor/CMakeFiles/QtNodeEditor.dir/include/nodes/internal/moc_NodeGraphicsObject.cpp.o\x1b[0m\n'}
[5.114320] (groot) StdoutLine: {'line': b'[ 49%] \x1b[32mBuilding CXX object QtNodeEditor/CMakeFiles/QtNodeEditor.dir/include/nodes/internal/moc_NodePainterDelegate.cpp.o\x1b[0m\n'}
[5.122002] (-) TimerEvent: {}
[5.214197] (groot) StdoutLine: {'line': b'[ 50%] \x1b[32mBuilding CXX object QtNodeEditor/CMakeFiles/QtNodeEditor.dir/include/nodes/internal/moc_NodeStyle.cpp.o\x1b[0m\n'}
[5.215343] (groot) StdoutLine: {'line': b'[ 51%] \x1b[32mBuilding CXX object QtNodeEditor/CMakeFiles/QtNodeEditor.dir/include/nodes/internal/moc_NodeState.cpp.o\x1b[0m\n'}
[5.222138] (-) TimerEvent: {}
[5.322978] (-) TimerEvent: {}
[5.354248] (groot) StdoutLine: {'line': b'[ 51%] \x1b[32mBuilding CXX object QtNodeEditor/CMakeFiles/QtNodeEditor.dir/include/nodes/internal/moc_OperatingSystem.cpp.o\x1b[0m\n'}
[5.386094] (groot) StdoutLine: {'line': b'[ 52%] \x1b[32mBuilding CXX object QtNodeEditor/CMakeFiles/QtNodeEditor.dir/include/nodes/internal/moc_PortType.cpp.o\x1b[0m\n'}
[5.423102] (-) TimerEvent: {}
[5.497180] (groot) StdoutLine: {'line': b'[ 53%] \x1b[32mBuilding CXX object QtNodeEditor/CMakeFiles/QtNodeEditor.dir/include/nodes/internal/moc_QStringStdHash.cpp.o\x1b[0m\n'}
[5.523316] (-) TimerEvent: {}
[5.576779] (groot) StdoutLine: {'line': b'[ 54%] \x1b[32mBuilding CXX object QtNodeEditor/CMakeFiles/QtNodeEditor.dir/include/nodes/internal/moc_QUuidStdHash.cpp.o\x1b[0m\n'}
[5.623451] (-) TimerEvent: {}
[5.681921] (groot) StdoutLine: {'line': b'[ 54%] \x1b[32mBuilding CXX object QtNodeEditor/CMakeFiles/QtNodeEditor.dir/include/nodes/internal/moc_Serializable.cpp.o\x1b[0m\n'}
[5.733411] (-) TimerEvent: {}
[5.769978] (groot) StdoutLine: {'line': b'[ 55%] \x1b[32mBuilding CXX object QtNodeEditor/CMakeFiles/QtNodeEditor.dir/include/nodes/internal/moc_Style.cpp.o\x1b[0m\n'}
[5.833694] (-) TimerEvent: {}
[5.835319] (groot) StdoutLine: {'line': b'[ 55%] \x1b[32mBuilding CXX object QtNodeEditor/CMakeFiles/QtNodeEditor.dir/include/nodes/internal/moc_memory.cpp.o\x1b[0m\n'}
[5.872488] (groot) StdoutLine: {'line': b'[ 56%] \x1b[32mBuilding CXX object QtNodeEditor/CMakeFiles/QtNodeEditor.dir/include/nodes/internal/moc_TypeConverter.cpp.o\x1b[0m\n'}
[5.933826] (-) TimerEvent: {}
[6.034538] (-) TimerEvent: {}
[6.135076] (-) TimerEvent: {}
[6.236428] (-) TimerEvent: {}
[6.337268] (-) TimerEvent: {}
[6.438571] (-) TimerEvent: {}
[6.539167] (-) TimerEvent: {}
[6.639790] (-) TimerEvent: {}
[6.740468] (-) TimerEvent: {}
[6.840808] (-) TimerEvent: {}
[6.941131] (-) TimerEvent: {}
[7.041484] (-) TimerEvent: {}
[7.141903] (-) TimerEvent: {}
[7.242281] (-) TimerEvent: {}
[7.342690] (-) TimerEvent: {}
[7.443189] (-) TimerEvent: {}
[7.543702] (-) TimerEvent: {}
[7.644194] (-) TimerEvent: {}
[7.744663] (-) TimerEvent: {}
[7.845171] (-) TimerEvent: {}
[7.876494] (groot) StdoutLine: {'line': b'[ 57%] \x1b[32m\x1b[1mLinking CXX static library ../lib/libQtNodeEditor.a\x1b[0m\n'}
[7.945278] (-) TimerEvent: {}
[8.018477] (groot) StdoutLine: {'line': b'[ 57%] Built target QtNodeEditor\n'}
[8.045389] (-) TimerEvent: {}
[8.060618] (groot) StdoutLine: {'line': b'[ 58%] \x1b[34m\x1b[1mAutomatic MOC and UIC for target behavior_tree_editor\x1b[0m\n'}
[8.145565] (-) TimerEvent: {}
[8.246173] (-) TimerEvent: {}
[8.347443] (-) TimerEvent: {}
[8.448065] (-) TimerEvent: {}
[8.550028] (-) TimerEvent: {}
[8.650361] (-) TimerEvent: {}
[8.717499] (groot) StdoutLine: {'line': b'[ 58%] Built target behavior_tree_editor_autogen\n'}
[8.734549] (groot) StdoutLine: {'line': b'[ 63%] \x1b[34m\x1b[1mGenerating ui_sidepanel_monitor.h\x1b[0m\n'}
[8.734826] (groot) StdoutLine: {'line': b'[ 63%] \x1b[34m\x1b[1mGenerating ui_mainwindow.h\x1b[0m\n'}
[8.734939] (groot) StdoutLine: {'line': b'[ 63%] \x1b[34m\x1b[1mGenerating ui_custom_node_dialog.h\x1b[0m\n'}
[8.735019] (groot) StdoutLine: {'line': b'[ 63%] \x1b[34m\x1b[1mGenerating ui_about_dialog.h\x1b[0m\n'}
[8.735096] (groot) StdoutLine: {'line': b'[ 63%] \x1b[34m\x1b[1mGenerating ui_sidepanel_editor.h\x1b[0m\n'}
[8.735172] (groot) StdoutLine: {'line': b'[ 63%] \x1b[34m\x1b[1mGenerating ui_action_form.h\x1b[0m\n'}
[8.735246] (groot) StdoutLine: {'line': b'[ 64%] \x1b[34m\x1b[1mGenerating ui_startup_dialog.h\x1b[0m\n'}
[8.737774] (groot) StdoutLine: {'line': b'[ 64%] \x1b[34m\x1b[1mGenerating ui_sidepanel_replay.h\x1b[0m\n'}
[8.750452] (-) TimerEvent: {}
[8.778366] (groot) StdoutLine: {'line': b'[ 66%] \x1b[32mBuilding CXX object CMakeFiles/behavior_tree_editor.dir/behavior_tree_editor_autogen/mocs_compilation.cpp.o\x1b[0m\n'}
[8.778649] (groot) StdoutLine: {'line': b'[ 66%] \x1b[32mBuilding CXX object CMakeFiles/behavior_tree_editor.dir/bt_editor/mainwindow.cpp.o\x1b[0m\n'}
[8.778804] (groot) StdoutLine: {'line': b'[ 66%] \x1b[32mBuilding CXX object CMakeFiles/behavior_tree_editor.dir/bt_editor/bt_editor_base.cpp.o\x1b[0m\n'}
[8.778900] (groot) StdoutLine: {'line': b'[ 67%] \x1b[32mBuilding CXX object CMakeFiles/behavior_tree_editor.dir/bt_editor/models/SubtreeNodeModel.cpp.o\x1b[0m\n'}
[8.778990] (groot) StdoutLine: {'line': b'[ 67%] \x1b[32mBuilding CXX object CMakeFiles/behavior_tree_editor.dir/bt_editor/graphic_container.cpp.o\x1b[0m\n'}
[8.779611] (groot) StdoutLine: {'line': b'[ 69%] \x1b[32mBuilding CXX object CMakeFiles/behavior_tree_editor.dir/bt_editor/startup_dialog.cpp.o\x1b[0m\n'}
[8.779726] (groot) StdoutLine: {'line': b'[ 69%] \x1b[32mBuilding CXX object CMakeFiles/behavior_tree_editor.dir/bt_editor/models/BehaviorTreeNodeModel.cpp.o\x1b[0m\n'}
[8.780186] (groot) StdoutLine: {'line': b'[ 70%] \x1b[32mBuilding CXX object CMakeFiles/behavior_tree_editor.dir/bt_editor/XML_utilities.cpp.o\x1b[0m\n'}
[8.780428] (groot) StdoutLine: {'line': b'[ 71%] \x1b[32mBuilding CXX object CMakeFiles/behavior_tree_editor.dir/bt_editor/sidepanel_editor.cpp.o\x1b[0m\n'}
[8.780637] (groot) StdoutLine: {'line': b'[ 72%] \x1b[32mBuilding CXX object CMakeFiles/behavior_tree_editor.dir/bt_editor/custom_node_dialog.cpp.o\x1b[0m\n'}
[8.782510] (groot) StdoutLine: {'line': b'[ 72%] \x1b[32mBuilding CXX object CMakeFiles/behavior_tree_editor.dir/bt_editor/sidepanel_replay.cpp.o\x1b[0m\n'}
[8.782789] (groot) StdoutLine: {'line': b'[ 73%] \x1b[32mBuilding CXX object CMakeFiles/behavior_tree_editor.dir/bt_editor/sidepanel_monitor.cpp.o\x1b[0m\n'}
[8.782892] (groot) StdoutLine: {'line': b'[ 73%] \x1b[32mBuilding CXX object CMakeFiles/behavior_tree_editor.dir/bt_editor/utils.cpp.o\x1b[0m\n'}
[8.783168] (groot) StdoutLine: {'line': b'[ 74%] \x1b[32mBuilding CXX object CMakeFiles/behavior_tree_editor.dir/bt_editor/editor_flowscene.cpp.o\x1b[0m\n'}
[8.850580] (-) TimerEvent: {}
[8.950979] (-) TimerEvent: {}
[9.055889] (-) TimerEvent: {}
[9.157703] (-) TimerEvent: {}
[9.258165] (-) TimerEvent: {}
[9.358644] (-) TimerEvent: {}
[9.459145] (-) TimerEvent: {}
[9.559622] (-) TimerEvent: {}
[9.660214] (-) TimerEvent: {}
[9.761259] (-) TimerEvent: {}
[9.862101] (-) TimerEvent: {}
[9.962770] (-) TimerEvent: {}
[10.063565] (-) TimerEvent: {}
[10.164519] (-) TimerEvent: {}
[10.265276] (-) TimerEvent: {}
[10.366005] (-) TimerEvent: {}
[10.466914] (-) TimerEvent: {}
[10.567422] (-) TimerEvent: {}
[10.668287] (-) TimerEvent: {}
[10.780216] (-) TimerEvent: {}
[10.880798] (-) TimerEvent: {}
[10.982000] (-) TimerEvent: {}
[11.082897] (-) TimerEvent: {}
[11.183968] (-) TimerEvent: {}
[11.285107] (-) TimerEvent: {}
[11.385850] (-) TimerEvent: {}
[11.488498] (-) TimerEvent: {}
[11.589524] (-) TimerEvent: {}
[11.690375] (-) TimerEvent: {}
[11.791303] (-) TimerEvent: {}
[11.892137] (-) TimerEvent: {}
[11.992997] (-) TimerEvent: {}
[12.093830] (-) TimerEvent: {}
[12.196225] (-) TimerEvent: {}
[12.296872] (-) TimerEvent: {}
[12.397333] (-) TimerEvent: {}
[12.488603] (groot) StderrLine: {'line': b'\x1b[01m\x1b[K/SLAM/ros_ws/src/ThirdParty/Groot/bt_editor/sidepanel_editor.cpp:\x1b[m\x1b[K In member function \xe2\x80\x98\x1b[01m\x1b[Kvoid SidepanelEditor::on_buttonUpload_clicked()\x1b[m\x1b[K\xe2\x80\x99:\n'}
[12.489573] (groot) StderrLine: {'line': b'\x1b[01m\x1b[K/SLAM/ros_ws/src/ThirdParty/Groot/bt_editor/sidepanel_editor.cpp:302:38:\x1b[m\x1b[K \x1b[01;35m\x1b[Kwarning: \x1b[m\x1b[K\xe2\x80\x98\x1b[01m\x1b[KQTextStream& QTextStreamFunctions::endl(QTextStream&)\x1b[m\x1b[K\xe2\x80\x99 is deprecated: Use Qt::endl [\x1b[01;35m\x1b[K\x1b]8;;https://gcc.gnu.org/onlinedocs/gcc/Warning-Options.html#index-Wdeprecated-declarations\x07-Wdeprecated-declarations\x1b]8;;\x07\x1b[m\x1b[K]\n'}
[12.489869] (groot) StderrLine: {'line': b'  302 |         stream << doc.toString(4) << \x1b[01;35m\x1b[Kendl\x1b[m\x1b[K;\n'}
[12.490022] (groot) StderrLine: {'line': b'      |                                      \x1b[01;35m\x1b[K^~~~\x1b[m\x1b[K\n'}
[12.490142] (groot) StderrLine: {'line': b'In file included from \x1b[01m\x1b[K/usr/include/x86_64-linux-gnu/qt5/QtCore/qdebug.h:49\x1b[m\x1b[K,\n'}
[12.490241] (groot) StderrLine: {'line': b'                 from \x1b[01m\x1b[K/usr/include/x86_64-linux-gnu/qt5/QtCore/qcborcommon.h:45\x1b[m\x1b[K,\n'}
[12.491667] (groot) StderrLine: {'line': b'                 from \x1b[01m\x1b[K/usr/include/x86_64-linux-gnu/qt5/QtCore/qcborvalue.h:45\x1b[m\x1b[K,\n'}
[12.491764] (groot) StderrLine: {'line': b'                 from \x1b[01m\x1b[K/usr/include/x86_64-linux-gnu/qt5/QtCore/qjsonvalue.h:46\x1b[m\x1b[K,\n'}
[12.491847] (groot) StderrLine: {'line': b'                 from \x1b[01m\x1b[K/usr/include/x86_64-linux-gnu/qt5/QtCore/qjsonobject.h:43\x1b[m\x1b[K,\n'}
[12.491925] (groot) StderrLine: {'line': b'                 from \x1b[01m\x1b[K/usr/include/x86_64-linux-gnu/qt5/QtCore/QJsonObject:1\x1b[m\x1b[K,\n'}
[12.492001] (groot) StderrLine: {'line': b'                 from \x1b[01m\x1b[K/SLAM/ros_ws/src/ThirdParty/Groot/./QtNodeEditor/include/nodes/internal/Node.hpp:7\x1b[m\x1b[K,\n'}
[12.492085] (groot) StderrLine: {'line': b'                 from \x1b[01m\x1b[K/SLAM/ros_ws/src/ThirdParty/Groot/./QtNodeEditor/include/nodes/Node:1\x1b[m\x1b[K,\n'}
[12.492189] (groot) StderrLine: {'line': b'                 from \x1b[01m\x1b[K/SLAM/ros_ws/src/ThirdParty/Groot/bt_editor/bt_editor_base.h:9\x1b[m\x1b[K,\n'}
[12.492272] (groot) StderrLine: {'line': b'                 from \x1b[01m\x1b[K/SLAM/ros_ws/src/ThirdParty/Groot/bt_editor/XML_utilities.hpp:5\x1b[m\x1b[K,\n'}
[12.492345] (groot) StderrLine: {'line': b'                 from \x1b[01m\x1b[K/SLAM/ros_ws/src/ThirdParty/Groot/bt_editor/sidepanel_editor.h:8\x1b[m\x1b[K,\n'}
[12.492415] (groot) StderrLine: {'line': b'                 from \x1b[01m\x1b[K/SLAM/ros_ws/src/ThirdParty/Groot/bt_editor/sidepanel_editor.cpp:1\x1b[m\x1b[K:\n'}
[12.492484] (groot) StderrLine: {'line': b'\x1b[01m\x1b[K/usr/include/x86_64-linux-gnu/qt5/QtCore/qtextstream.h:293:75:\x1b[m\x1b[K \x1b[01;36m\x1b[Knote: \x1b[m\x1b[Kdeclared here\n'}
[12.492556] (groot) StderrLine: {'line': b'  293 | Q_CORE_EXPORT QT_DEPRECATED_VERSION_X(5, 15, "Use Qt::endl") QTextStream &\x1b[01;36m\x1b[Kendl\x1b[m\x1b[K(QTextStream &s);\n'}
[12.492627] (groot) StderrLine: {'line': b'      |                                                                           \x1b[01;36m\x1b[K^~~~\x1b[m\x1b[K\n'}
[12.492697] (groot) StderrLine: {'line': b'\x1b[01m\x1b[K/SLAM/ros_ws/src/ThirdParty/Groot/bt_editor/sidepanel_editor.cpp:302:38:\x1b[m\x1b[K \x1b[01;35m\x1b[Kwarning: \x1b[m\x1b[K\xe2\x80\x98\x1b[01m\x1b[KQTextStream& QTextStreamFunctions::endl(QTextStream&)\x1b[m\x1b[K\xe2\x80\x99 is deprecated: Use Qt::endl [\x1b[01;35m\x1b[K\x1b]8;;https://gcc.gnu.org/onlinedocs/gcc/Warning-Options.html#index-Wdeprecated-declarations\x07-Wdeprecated-declarations\x1b]8;;\x07\x1b[m\x1b[K]\n'}
[12.492776] (groot) StderrLine: {'line': b'  302 |         stream << doc.toString(4) << \x1b[01;35m\x1b[Kendl\x1b[m\x1b[K;\n'}
[12.492850] (groot) StderrLine: {'line': b'      |                                      \x1b[01;35m\x1b[K^~~~\x1b[m\x1b[K\n'}
[12.492920] (groot) StderrLine: {'line': b'In file included from \x1b[01m\x1b[K/usr/include/x86_64-linux-gnu/qt5/QtCore/qdebug.h:49\x1b[m\x1b[K,\n'}
[12.492991] (groot) StderrLine: {'line': b'                 from \x1b[01m\x1b[K/usr/include/x86_64-linux-gnu/qt5/QtCore/qcborcommon.h:45\x1b[m\x1b[K,\n'}
[12.493062] (groot) StderrLine: {'line': b'                 from \x1b[01m\x1b[K/usr/include/x86_64-linux-gnu/qt5/QtCore/qcborvalue.h:45\x1b[m\x1b[K,\n'}
[12.493133] (groot) StderrLine: {'line': b'                 from \x1b[01m\x1b[K/usr/include/x86_64-linux-gnu/qt5/QtCore/qjsonvalue.h:46\x1b[m\x1b[K,\n'}
[12.493203] (groot) StderrLine: {'line': b'                 from \x1b[01m\x1b[K/usr/include/x86_64-linux-gnu/qt5/QtCore/qjsonobject.h:43\x1b[m\x1b[K,\n'}
[12.493274] (groot) StderrLine: {'line': b'                 from \x1b[01m\x1b[K/usr/include/x86_64-linux-gnu/qt5/QtCore/QJsonObject:1\x1b[m\x1b[K,\n'}
[12.493357] (groot) StderrLine: {'line': b'                 from \x1b[01m\x1b[K/SLAM/ros_ws/src/ThirdParty/Groot/./QtNodeEditor/include/nodes/internal/Node.hpp:7\x1b[m\x1b[K,\n'}
[12.493430] (groot) StderrLine: {'line': b'                 from \x1b[01m\x1b[K/SLAM/ros_ws/src/ThirdParty/Groot/./QtNodeEditor/include/nodes/Node:1\x1b[m\x1b[K,\n'}
[12.493512] (groot) StderrLine: {'line': b'                 from \x1b[01m\x1b[K/SLAM/ros_ws/src/ThirdParty/Groot/bt_editor/bt_editor_base.h:9\x1b[m\x1b[K,\n'}
[12.493584] (groot) StderrLine: {'line': b'                 from \x1b[01m\x1b[K/SLAM/ros_ws/src/ThirdParty/Groot/bt_editor/XML_utilities.hpp:5\x1b[m\x1b[K,\n'}
[12.493656] (groot) StderrLine: {'line': b'                 from \x1b[01m\x1b[K/SLAM/ros_ws/src/ThirdParty/Groot/bt_editor/sidepanel_editor.h:8\x1b[m\x1b[K,\n'}
[12.496507] (groot) StderrLine: {'line': b'                 from \x1b[01m\x1b[K/SLAM/ros_ws/src/ThirdParty/Groot/bt_editor/sidepanel_editor.cpp:1\x1b[m\x1b[K:\n'}
[12.496720] (groot) StderrLine: {'line': b'\x1b[01m\x1b[K/usr/include/x86_64-linux-gnu/qt5/QtCore/qtextstream.h:293:75:\x1b[m\x1b[K \x1b[01;36m\x1b[Knote: \x1b[m\x1b[Kdeclared here\n'}
[12.496843] (groot) StderrLine: {'line': b'  293 | Q_CORE_EXPORT QT_DEPRECATED_VERSION_X(5, 15, "Use Qt::endl") QTextStream &\x1b[01;36m\x1b[Kendl\x1b[m\x1b[K(QTextStream &s);\n'}
[12.496944] (groot) StderrLine: {'line': b'      |                                                                           \x1b[01;36m\x1b[K^~~~\x1b[m\x1b[K\n'}
[12.502496] (-) TimerEvent: {}
[12.602966] (-) TimerEvent: {}
[12.704235] (-) TimerEvent: {}
[12.804809] (-) TimerEvent: {}
[12.889367] (groot) StderrLine: {'line': b'\x1b[01m\x1b[K/SLAM/ros_ws/src/ThirdParty/Groot/bt_editor/sidepanel_monitor.cpp:\x1b[m\x1b[K In member function \xe2\x80\x98\x1b[01m\x1b[Kbool SidepanelMonitor::getTreeFromServer()\x1b[m\x1b[K\xe2\x80\x99:\n'}
[12.890054] (groot) StderrLine: {'line': b'\x1b[01m\x1b[K/SLAM/ros_ws/src/ThirdParty/Groot/bt_editor/sidepanel_monitor.cpp:147:30:\x1b[m\x1b[K \x1b[01;35m\x1b[Kwarning: \x1b[m\x1b[K\xe2\x80\x98\x1b[01m\x1b[Kvoid zmq::detail::socket_base::setsockopt(int, const void*, size_t)\x1b[m\x1b[K\xe2\x80\x99 is deprecated: from 4.7.0, use `set` taking option from zmq::sockopt [\x1b[01;35m\x1b[K\x1b]8;;https://gcc.gnu.org/onlinedocs/gcc/Warning-Options.html#index-Wdeprecated-declarations\x07-Wdeprecated-declarations\x1b]8;;\x07\x1b[m\x1b[K]\n'}
[12.890244] (groot) StderrLine: {'line': b'  147 |         \x1b[01;35m\x1b[Kzmq_client.setsockopt(ZMQ_RCVTIMEO, &_load_tree_timeout_ms, sizeof(int) )\x1b[m\x1b[K;\n'}
[12.890417] (groot) StderrLine: {'line': b'      |         \x1b[01;35m\x1b[K~~~~~~~~~~~~~~~~~~~~~^~~~~~~~~~~~~~~~~~~~~~~~~~~~~~~~~~~~~~~~~~~~~~~~~~~~\x1b[m\x1b[K\n'}
[12.890582] (groot) StderrLine: {'line': b'In file included from \x1b[01m\x1b[K/SLAM/ros_ws/src/ThirdParty/Groot/bt_editor/sidepanel_monitor.h:5\x1b[m\x1b[K,\n'}
[12.890712] (groot) StderrLine: {'line': b'                 from \x1b[01m\x1b[K/SLAM/ros_ws/src/ThirdParty/Groot/bt_editor/sidepanel_monitor.cpp:1\x1b[m\x1b[K:\n'}
[12.890822] (groot) StderrLine: {'line': b'\x1b[01m\x1b[K/usr/include/zmq.hpp:1676:10:\x1b[m\x1b[K \x1b[01;36m\x1b[Knote: \x1b[m\x1b[Kdeclared here\n'}
[12.890929] (groot) StderrLine: {'line': b' 1676 |     void \x1b[01;36m\x1b[Ksetsockopt\x1b[m\x1b[K(int option_, const void *optval_, size_t optvallen_)\n'}
[12.893451] (groot) StderrLine: {'line': b'      |          \x1b[01;36m\x1b[K^~~~~~~~~~\x1b[m\x1b[K\n'}
[12.904979] (-) TimerEvent: {}
[12.907501] (groot) StderrLine: {'line': b'\x1b[01m\x1b[K/SLAM/ros_ws/src/ThirdParty/Groot/bt_editor/sidepanel_monitor.cpp:\x1b[m\x1b[K In member function \xe2\x80\x98\x1b[01m\x1b[Kvoid SidepanelMonitor::on_Connect()\x1b[m\x1b[K\xe2\x80\x99:\n'}
[12.907886] (groot) StderrLine: {'line': b'\x1b[01m\x1b[K/SLAM/ros_ws/src/ThirdParty/Groot/bt_editor/sidepanel_monitor.cpp:239:43:\x1b[m\x1b[K \x1b[01;35m\x1b[Kwarning: \x1b[m\x1b[K\xe2\x80\x98\x1b[01m\x1b[Kvoid zmq::detail::socket_base::setsockopt(int, const void*, size_t)\x1b[m\x1b[K\xe2\x80\x99 is deprecated: from 4.7.0, use `set` taking option from zmq::sockopt [\x1b[01;35m\x1b[K\x1b]8;;https://gcc.gnu.org/onlinedocs/gcc/Warning-Options.html#index-Wdeprecated-declarations\x07-Wdeprecated-declarations\x1b]8;;\x07\x1b[m\x1b[K]\n'}
[12.908075] (groot) StderrLine: {'line': b'  239 |                 \x1b[01;35m\x1b[K_zmq_subscriber.setsockopt(ZMQ_SUBSCRIBE, "", 0)\x1b[m\x1b[K;\n'}
[12.908244] (groot) StderrLine: {'line': b'      |                 \x1b[01;35m\x1b[K~~~~~~~~~~~~~~~~~~~~~~~~~~^~~~~~~~~~~~~~~~~~~~~~\x1b[m\x1b[K\n'}
[12.908467] (groot) StderrLine: {'line': b'In file included from \x1b[01m\x1b[K/SLAM/ros_ws/src/ThirdParty/Groot/bt_editor/sidepanel_monitor.h:5\x1b[m\x1b[K,\n'}
[12.908696] (groot) StderrLine: {'line': b'                 from \x1b[01m\x1b[K/SLAM/ros_ws/src/ThirdParty/Groot/bt_editor/sidepanel_monitor.cpp:1\x1b[m\x1b[K:\n'}
[12.908904] (groot) StderrLine: {'line': b'\x1b[01m\x1b[K/usr/include/zmq.hpp:1676:10:\x1b[m\x1b[K \x1b[01;36m\x1b[Knote: \x1b[m\x1b[Kdeclared here\n'}
[12.909075] (groot) StderrLine: {'line': b' 1676 |     void \x1b[01;36m\x1b[Ksetsockopt\x1b[m\x1b[K(int option_, const void *optval_, size_t optvallen_)\n'}
[12.909229] (groot) StderrLine: {'line': b'      |          \x1b[01;36m\x1b[K^~~~~~~~~~\x1b[m\x1b[K\n'}
[12.909779] (groot) StderrLine: {'line': b'\x1b[01m\x1b[K/SLAM/ros_ws/src/ThirdParty/Groot/bt_editor/sidepanel_monitor.cpp:240:43:\x1b[m\x1b[K \x1b[01;35m\x1b[Kwarning: \x1b[m\x1b[K\xe2\x80\x98\x1b[01m\x1b[Kvoid zmq::detail::socket_base::setsockopt(int, const void*, size_t)\x1b[m\x1b[K\xe2\x80\x99 is deprecated: from 4.7.0, use `set` taking option from zmq::sockopt [\x1b[01;35m\x1b[K\x1b]8;;https://gcc.gnu.org/onlinedocs/gcc/Warning-Options.html#index-Wdeprecated-declarations\x07-Wdeprecated-declarations\x1b]8;;\x07\x1b[m\x1b[K]\n'}
[12.909943] (groot) StderrLine: {'line': b'  240 |                 \x1b[01;35m\x1b[K_zmq_subscriber.setsockopt(ZMQ_RCVTIMEO, &timeout_ms, sizeof(int) )\x1b[m\x1b[K;\n'}
[12.910090] (groot) StderrLine: {'line': b'      |                 \x1b[01;35m\x1b[K~~~~~~~~~~~~~~~~~~~~~~~~~~^~~~~~~~~~~~~~~~~~~~~~~~~~~~~~~~~~~~~~~~~\x1b[m\x1b[K\n'}
[12.910283] (groot) StderrLine: {'line': b'In file included from \x1b[01m\x1b[K/SLAM/ros_ws/src/ThirdParty/Groot/bt_editor/sidepanel_monitor.h:5\x1b[m\x1b[K,\n'}
[12.910429] (groot) StderrLine: {'line': b'                 from \x1b[01m\x1b[K/SLAM/ros_ws/src/ThirdParty/Groot/bt_editor/sidepanel_monitor.cpp:1\x1b[m\x1b[K:\n'}
[12.910567] (groot) StderrLine: {'line': b'\x1b[01m\x1b[K/usr/include/zmq.hpp:1676:10:\x1b[m\x1b[K \x1b[01;36m\x1b[Knote: \x1b[m\x1b[Kdeclared here\n'}
[12.911219] (groot) StderrLine: {'line': b' 1676 |     void \x1b[01;36m\x1b[Ksetsockopt\x1b[m\x1b[K(int option_, const void *optval_, size_t optvallen_)\n'}
[12.911390] (groot) StderrLine: {'line': b'      |          \x1b[01;36m\x1b[K^~~~~~~~~~\x1b[m\x1b[K\n'}
[12.947761] (groot) StderrLine: {'line': b'\x1b[01m\x1b[K/SLAM/ros_ws/src/ThirdParty/Groot/bt_editor/sidepanel_replay.cpp:\x1b[m\x1b[K In member function \xe2\x80\x98\x1b[01m\x1b[Kvoid SidepanelReplay::updateTableModel(const AbsBehaviorTree&)\x1b[m\x1b[K\xe2\x80\x99:\n'}
[12.948186] (groot) StderrLine: {'line': b'\x1b[01m\x1b[K/SLAM/ros_ws/src/ThirdParty/Groot/bt_editor/sidepanel_replay.cpp:106:30:\x1b[m\x1b[K \x1b[01;35m\x1b[Kwarning: \x1b[m\x1b[K\xe2\x80\x98\x1b[01m\x1b[KQString& QString::sprintf(const char*, ...)\x1b[m\x1b[K\xe2\x80\x99 is deprecated: Use asprintf(), arg() or QTextStream instead [\x1b[01;35m\x1b[K\x1b]8;;https://gcc.gnu.org/onlinedocs/gcc/Warning-Options.html#index-Wdeprecated-declarations\x07-Wdeprecated-declarations\x1b]8;;\x07\x1b[m\x1b[K]\n'}
[12.948440] (groot) StderrLine: {'line': b'  106 |             \x1b[01;35m\x1b[Ktimestamp.sprintf("%.3f", trans.timestamp - first_timestamp)\x1b[m\x1b[K;\n'}
[12.948597] (groot) StderrLine: {'line': b'      |             \x1b[01;35m\x1b[K~~~~~~~~~~~~~~~~~^~~~~~~~~~~~~~~~~~~~~~~~~~~~~~~~~~~~~~~~~~~\x1b[m\x1b[K\n'}
[12.950518] (groot) StderrLine: {'line': b'In file included from \x1b[01m\x1b[K/usr/include/x86_64-linux-gnu/qt5/QtCore/qobject.h:47\x1b[m\x1b[K,\n'}
[12.950713] (groot) StderrLine: {'line': b'                 from \x1b[01m\x1b[K/usr/include/x86_64-linux-gnu/qt5/QtWidgets/qwidget.h:45\x1b[m\x1b[K,\n'}
[12.950831] (groot) StderrLine: {'line': b'                 from \x1b[01m\x1b[K/usr/include/x86_64-linux-gnu/qt5/QtWidgets/qframe.h:44\x1b[m\x1b[K,\n'}
[12.950923] (groot) StderrLine: {'line': b'                 from \x1b[01m\x1b[K/usr/include/x86_64-linux-gnu/qt5/QtWidgets/QFrame:1\x1b[m\x1b[K,\n'}
[12.951013] (groot) StderrLine: {'line': b'                 from \x1b[01m\x1b[K/SLAM/ros_ws/src/ThirdParty/Groot/bt_editor/sidepanel_replay.h:5\x1b[m\x1b[K,\n'}
[12.951100] (groot) StderrLine: {'line': b'                 from \x1b[01m\x1b[K/SLAM/ros_ws/src/ThirdParty/Groot/bt_editor/sidepanel_replay.cpp:1\x1b[m\x1b[K:\n'}
[12.951187] (groot) StderrLine: {'line': b'\x1b[01m\x1b[K/usr/include/x86_64-linux-gnu/qt5/QtCore/qstring.h:393:14:\x1b[m\x1b[K \x1b[01;36m\x1b[Knote: \x1b[m\x1b[Kdeclared here\n'}
[12.951271] (groot) StderrLine: {'line': b'  393 |     QString &\x1b[01;36m\x1b[Ksprintf\x1b[m\x1b[K(const char *format, ...) Q_ATTRIBUTE_FORMAT_PRINTF(2, 3);\n'}
[12.951352] (groot) StderrLine: {'line': b'      |              \x1b[01;36m\x1b[K^~~~~~~\x1b[m\x1b[K\n'}
[12.951436] (groot) StderrLine: {'line': b'\x1b[01m\x1b[K/SLAM/ros_ws/src/ThirdParty/Groot/bt_editor/sidepanel_replay.cpp:109:30:\x1b[m\x1b[K \x1b[01;35m\x1b[Kwarning: \x1b[m\x1b[K\xe2\x80\x98\x1b[01m\x1b[KQString& QString::sprintf(const char*, ...)\x1b[m\x1b[K\xe2\x80\x99 is deprecated: Use asprintf(), arg() or QTextStream instead [\x1b[01;35m\x1b[K\x1b]8;;https://gcc.gnu.org/onlinedocs/gcc/Warning-Options.html#index-Wdeprecated-declarations\x07-Wdeprecated-declarations\x1b]8;;\x07\x1b[m\x1b[K]\n'}
[12.951536] (groot) StderrLine: {'line': b'  109 |             \x1b[01;35m\x1b[Ktimestamp.sprintf("absolute time: %.3f", trans.timestamp)\x1b[m\x1b[K;\n'}
[12.951615] (groot) StderrLine: {'line': b'      |             \x1b[01;35m\x1b[K~~~~~~~~~~~~~~~~~^~~~~~~~~~~~~~~~~~~~~~~~~~~~~~~~~~~~~~~~\x1b[m\x1b[K\n'}
[12.951696] (groot) StderrLine: {'line': b'In file included from \x1b[01m\x1b[K/usr/include/x86_64-linux-gnu/qt5/QtCore/qobject.h:47\x1b[m\x1b[K,\n'}
[12.951775] (groot) StderrLine: {'line': b'                 from \x1b[01m\x1b[K/usr/include/x86_64-linux-gnu/qt5/QtWidgets/qwidget.h:45\x1b[m\x1b[K,\n'}
[12.951850] (groot) StderrLine: {'line': b'                 from \x1b[01m\x1b[K/usr/include/x86_64-linux-gnu/qt5/QtWidgets/qframe.h:44\x1b[m\x1b[K,\n'}
[12.951936] (groot) StderrLine: {'line': b'                 from \x1b[01m\x1b[K/usr/include/x86_64-linux-gnu/qt5/QtWidgets/QFrame:1\x1b[m\x1b[K,\n'}
[12.952018] (groot) StderrLine: {'line': b'                 from \x1b[01m\x1b[K/SLAM/ros_ws/src/ThirdParty/Groot/bt_editor/sidepanel_replay.h:5\x1b[m\x1b[K,\n'}
[12.952113] (groot) StderrLine: {'line': b'                 from \x1b[01m\x1b[K/SLAM/ros_ws/src/ThirdParty/Groot/bt_editor/sidepanel_replay.cpp:1\x1b[m\x1b[K:\n'}
[12.952201] (groot) StderrLine: {'line': b'\x1b[01m\x1b[K/usr/include/x86_64-linux-gnu/qt5/QtCore/qstring.h:393:14:\x1b[m\x1b[K \x1b[01;36m\x1b[Knote: \x1b[m\x1b[Kdeclared here\n'}
[12.952281] (groot) StderrLine: {'line': b'  393 |     QString &\x1b[01;36m\x1b[Ksprintf\x1b[m\x1b[K(const char *format, ...) Q_ATTRIBUTE_FORMAT_PRINTF(2, 3);\n'}
[12.952365] (groot) StderrLine: {'line': b'      |              \x1b[01;36m\x1b[K^~~~~~~\x1b[m\x1b[K\n'}
[13.006006] (-) TimerEvent: {}
[13.106509] (-) TimerEvent: {}
[13.207050] (-) TimerEvent: {}
[13.307630] (-) TimerEvent: {}
[13.408681] (-) TimerEvent: {}
[13.509901] (-) TimerEvent: {}
[13.611451] (-) TimerEvent: {}
[13.711916] (-) TimerEvent: {}
[13.812381] (-) TimerEvent: {}
[13.912806] (-) TimerEvent: {}
[14.013274] (-) TimerEvent: {}
[14.113744] (-) TimerEvent: {}
[14.214165] (-) TimerEvent: {}
[14.314576] (-) TimerEvent: {}
[14.414932] (-) TimerEvent: {}
[14.515289] (-) TimerEvent: {}
[14.615684] (-) TimerEvent: {}
[14.716003] (-) TimerEvent: {}
[14.816438] (-) TimerEvent: {}
[14.916851] (-) TimerEvent: {}
[15.017205] (-) TimerEvent: {}
[15.117625] (-) TimerEvent: {}
[15.217992] (-) TimerEvent: {}
[15.318320] (-) TimerEvent: {}
[15.418746] (-) TimerEvent: {}
[15.519252] (-) TimerEvent: {}
[15.619680] (-) TimerEvent: {}
[15.720072] (-) TimerEvent: {}
[15.736930] (groot) StdoutLine: {'line': b'[ 74%] \x1b[32m\x1b[1mLinking CXX shared library libbehavior_tree_editor.so\x1b[0m\n'}
[15.820157] (-) TimerEvent: {}
[15.920515] (-) TimerEvent: {}
[16.020987] (-) TimerEvent: {}
[16.121294] (-) TimerEvent: {}
[16.221575] (-) TimerEvent: {}
[16.321846] (-) TimerEvent: {}
[16.422122] (-) TimerEvent: {}
[16.424521] (groot) StdoutLine: {'line': b'[ 74%] Built target behavior_tree_editor\n'}
[16.456755] (groot) StdoutLine: {'line': b'[ 74%] \x1b[34m\x1b[1mAutomatic MOC and UIC for target editor_test\x1b[0m\n'}
[16.456967] (groot) StdoutLine: {'line': b'[ 75%] \x1b[34m\x1b[1mAutomatic MOC and UIC for target replay_test\x1b[0m\n'}
[16.457263] (groot) StdoutLine: {'line': b'[ 76%] \x1b[34m\x1b[1mAutomatic MOC and UIC for target Groot\x1b[0m\n'}
[16.500028] (groot) StdoutLine: {'line': b'[ 76%] Built target Groot_autogen\n'}
[16.517543] (groot) StdoutLine: {'line': b'[ 77%] \x1b[34m\x1b[1mAutomatic RCC for bt_editor/resources/icons.qrc\x1b[0m\n'}
[16.517876] (groot) StdoutLine: {'line': b'[ 78%] \x1b[34m\x1b[1mAutomatic RCC for bt_editor/resources/style.qrc\x1b[0m\n'}
[16.517963] (groot) StdoutLine: {'line': b'[ 78%] \x1b[34m\x1b[1mAutomatic RCC for test_data/test_files.qrc\x1b[0m\n'}
[16.522302] (-) TimerEvent: {}
[16.614153] (groot) StdoutLine: {'line': b'[ 79%] \x1b[32mBuilding CXX object CMakeFiles/Groot.dir/Groot_autogen/NYYW7IJ2JN/qrc_test_files.cpp.o\x1b[0m\n'}
[16.614516] (groot) StdoutLine: {'line': b'[ 79%] \x1b[32mBuilding CXX object CMakeFiles/Groot.dir/Groot_autogen/OQ4J2MLGYJ/qrc_style.cpp.o\x1b[0m\n'}
[16.614835] (groot) StdoutLine: {'line': b'[ 79%] \x1b[32mBuilding CXX object CMakeFiles/Groot.dir/Groot_autogen/mocs_compilation.cpp.o\x1b[0m\n'}
[16.615207] (groot) StdoutLine: {'line': b'[ 81%] \x1b[32mBuilding CXX object CMakeFiles/Groot.dir/bt_editor/main.cpp.o\x1b[0m\n'}
[16.615353] (groot) StdoutLine: {'line': b'[ 81%] \x1b[32mBuilding CXX object CMakeFiles/Groot.dir/Groot_autogen/OQ4J2MLGYJ/qrc_icons.cpp.o\x1b[0m\n'}
[16.622424] (-) TimerEvent: {}
[16.722810] (-) TimerEvent: {}
[16.823335] (-) TimerEvent: {}
[16.924259] (-) TimerEvent: {}
[17.025014] (-) TimerEvent: {}
[17.125769] (-) TimerEvent: {}
[17.183397] (groot) StdoutLine: {'line': b'[ 81%] Built target editor_test_autogen\n'}
[17.184413] (groot) StdoutLine: {'line': b'[ 81%] Built target replay_test_autogen\n'}
[17.204466] (groot) StdoutLine: {'line': b'[ 83%] \x1b[34m\x1b[1mAutomatic RCC for ../test_data/test_files.qrc\x1b[0m\n'}
[17.204765] (groot) StdoutLine: {'line': b'[ 83%] \x1b[34m\x1b[1mAutomatic RCC for ../bt_editor/resources/icons.qrc\x1b[0m\n'}
[17.204993] (groot) StdoutLine: {'line': b'[ 83%] \x1b[34m\x1b[1mAutomatic RCC for ../bt_editor/resources/style.qrc\x1b[0m\n'}
[17.205147] (groot) StdoutLine: {'line': b'[ 84%] \x1b[34m\x1b[1mAutomatic RCC for ../QtNodeEditor/resources/resources.qrc\x1b[0m\n'}
[17.205260] (groot) StdoutLine: {'line': b'[ 86%] \x1b[34m\x1b[1mAutomatic RCC for ../bt_editor/resources/style.qrc\x1b[0m\n'}
[17.205384] (groot) StdoutLine: {'line': b'[ 86%] \x1b[34m\x1b[1mAutomatic RCC for ../test_data/test_files.qrc\x1b[0m\n'}
[17.205477] (groot) StdoutLine: {'line': b'[ 86%] \x1b[34m\x1b[1mAutomatic RCC for ../bt_editor/resources/icons.qrc\x1b[0m\n'}
[17.205668] (groot) StdoutLine: {'line': b'[ 87%] \x1b[34m\x1b[1mAutomatic RCC for ../QtNodeEditor/resources/resources.qrc\x1b[0m\n'}
[17.225920] (-) TimerEvent: {}
[17.312360] (groot) StdoutLine: {'line': b'[ 91%] \x1b[32mBuilding CXX object test/CMakeFiles/replay_test.dir/replay_test_autogen/EB4OVBCXLB/qrc_resources.cpp.o\x1b[0m\n'}
[17.312768] (groot) StdoutLine: {'line': b'[ 91%] \x1b[32mBuilding CXX object test/CMakeFiles/editor_test.dir/editor_test_autogen/mocs_compilation.cpp.o\x1b[0m\n'}
[17.312973] (groot) StdoutLine: {'line': b'[ 91%] \x1b[32mBuilding CXX object test/CMakeFiles/editor_test.dir/editor_test_autogen/K3L5NHU5SO/qrc_style.cpp.o\x1b[0m\n'}
[17.314210] (groot) StdoutLine: {'line': b'[ 91%] \x1b[32mBuilding CXX object test/CMakeFiles/replay_test.dir/replay_test_autogen/mocs_compilation.cpp.o\x1b[0m\n'}
[17.314396] (groot) StdoutLine: {'line': b'[ 91%] \x1b[32mBuilding CXX object test/CMakeFiles/editor_test.dir/editor_test_autogen/K3L5NHU5SO/qrc_icons.cpp.o\x1b[0m\n'}
[17.314521] (groot) StdoutLine: {'line': b'[ 92%] \x1b[32mBuilding CXX object test/CMakeFiles/replay_test.dir/replay_test_autogen/K3L5NHU5SO/qrc_icons.cpp.o\x1b[0m\n'}
[17.314628] (groot) StdoutLine: {'line': b'[ 94%] \x1b[32mBuilding CXX object test/CMakeFiles/editor_test.dir/editor_test_autogen/4L4FNCFPKD/qrc_test_files.cpp.o\x1b[0m\n'}
[17.314717] (groot) StdoutLine: {'line': b'[ 94%] \x1b[32mBuilding CXX object test/CMakeFiles/replay_test.dir/replay_test_autogen/4L4FNCFPKD/qrc_test_files.cpp.o\x1b[0m\n'}
[17.318586] (groot) StdoutLine: {'line': b'[ 95%] \x1b[32mBuilding CXX object test/CMakeFiles/replay_test.dir/groot_test_base.cpp.o\x1b[0m\n'}
[17.319003] (groot) StdoutLine: {'line': b'[ 95%] \x1b[32mBuilding CXX object test/CMakeFiles/replay_test.dir/replay_test.cpp.o\x1b[0m\n'}
[17.320238] (groot) StdoutLine: {'line': b'[ 96%] \x1b[32mBuilding CXX object test/CMakeFiles/editor_test.dir/groot_test_base.cpp.o\x1b[0m\n'}
[17.321717] (groot) StdoutLine: {'line': b'[ 96%] \x1b[32mBuilding CXX object test/CMakeFiles/editor_test.dir/editor_test.cpp.o\x1b[0m\n'}
[17.322551] (groot) StdoutLine: {'line': b'[ 97%] \x1b[32mBuilding CXX object test/CMakeFiles/editor_test.dir/editor_test_autogen/EB4OVBCXLB/qrc_resources.cpp.o\x1b[0m\n'}
[17.324621] (groot) StdoutLine: {'line': b'[ 97%] \x1b[32mBuilding CXX object test/CMakeFiles/replay_test.dir/replay_test_autogen/K3L5NHU5SO/qrc_style.cpp.o\x1b[0m\n'}
[17.326073] (-) TimerEvent: {}
[17.426815] (-) TimerEvent: {}
[17.527303] (-) TimerEvent: {}
[17.627813] (-) TimerEvent: {}
[17.728712] (-) TimerEvent: {}
[17.829287] (-) TimerEvent: {}
[17.930128] (-) TimerEvent: {}
[18.030680] (-) TimerEvent: {}
[18.131132] (-) TimerEvent: {}
[18.231573] (-) TimerEvent: {}
[18.332004] (-) TimerEvent: {}
[18.432496] (-) TimerEvent: {}
[18.536047] (-) TimerEvent: {}
[18.636591] (-) TimerEvent: {}
[18.737088] (-) TimerEvent: {}
[18.837493] (-) TimerEvent: {}
[18.937951] (-) TimerEvent: {}
[19.038424] (-) TimerEvent: {}
[19.138838] (-) TimerEvent: {}
[19.239230] (-) TimerEvent: {}
[19.339629] (-) TimerEvent: {}
[19.440046] (-) TimerEvent: {}
[19.540500] (-) TimerEvent: {}
[19.640905] (-) TimerEvent: {}
[19.741306] (-) TimerEvent: {}
[19.841715] (-) TimerEvent: {}
[19.942120] (-) TimerEvent: {}
[20.042575] (-) TimerEvent: {}
[20.143018] (-) TimerEvent: {}
[20.243441] (-) TimerEvent: {}
[20.343856] (-) TimerEvent: {}
[20.444294] (-) TimerEvent: {}
[20.544720] (-) TimerEvent: {}
[20.645261] (-) TimerEvent: {}
[20.746222] (-) TimerEvent: {}
[20.846833] (-) TimerEvent: {}
[20.887411] (groot) StdoutLine: {'line': b'[ 98%] \x1b[32m\x1b[1mLinking CXX executable Groot\x1b[0m\n'}
[20.946984] (-) TimerEvent: {}
[21.047758] (-) TimerEvent: {}
[21.148263] (-) TimerEvent: {}
[21.248965] (-) TimerEvent: {}
[21.349484] (-) TimerEvent: {}
[21.450087] (-) TimerEvent: {}
[21.550600] (-) TimerEvent: {}
[21.651035] (-) TimerEvent: {}
[21.751479] (-) TimerEvent: {}
[21.851814] (-) TimerEvent: {}
[21.870153] (groot) StdoutLine: {'line': b'[ 98%] Built target Groot\n'}
[21.951937] (-) TimerEvent: {}
[22.052350] (-) TimerEvent: {}
[22.152666] (-) TimerEvent: {}
[22.162224] (groot) StdoutLine: {'line': b'[ 99%] \x1b[32m\x1b[1mLinking CXX executable replay_test\x1b[0m\n'}
[22.252766] (-) TimerEvent: {}
[22.323244] (groot) StdoutLine: {'line': b'[100%] \x1b[32m\x1b[1mLinking CXX executable editor_test\x1b[0m\n'}
[22.352933] (-) TimerEvent: {}
[22.453266] (-) TimerEvent: {}
[22.553619] (-) TimerEvent: {}
[22.654005] (-) TimerEvent: {}
[22.754418] (-) TimerEvent: {}
[22.852373] (groot) StdoutLine: {'line': b'[100%] Built target replay_test\n'}
[22.854463] (-) TimerEvent: {}
[22.954698] (-) TimerEvent: {}
[22.959995] (groot) StdoutLine: {'line': b'[100%] Built target editor_test\n'}
[22.978408] (groot) CommandEnded: {'returncode': 0}
[23.054788] (-) TimerEvent: {}
[23.155067] (-) TimerEvent: {}
[23.158062] (groot) JobProgress: {'identifier': 'groot', 'progress': 'install'}
[23.173669] (groot) Command: {'cmd': ['/usr/bin/cmake', '--install', '/SLAM/ros_ws/build/groot'], 'cwd': '/SLAM/ros_ws/build/groot', 'env': OrderedDict([('HOSTNAME', 'acer'), ('ROS_PACKAGE_PATH', '/SLAM/ros_ws/install/rtabmap_msgs/share'), ('GIT_ASKPASS', '/home/ros/.vscode-server/bin/31c37ee8f63491495ac49e43b8544550fbae4533/extensions/git/dist/askpass.sh'), ('SHLVL', '2'), ('LD_LIBRARY_PATH', '/SLAM/ros_ws/install/tutourial_intefaces/lib:/SLAM/ros_ws/install/stereo_image_proc/lib:/SLAM/ros_ws/install/image_proc/lib:/SLAM/ros_ws/install/tracetools_image_pipeline/lib:/SLAM/ros_ws/install/rtabmap_slam/lib:/SLAM/ros_ws/install/rtabmap_odom/lib:/SLAM/ros_ws/install/rtabmap_util/lib:/SLAM/ros_ws/install/rtabmap_sync/lib:/SLAM/ros_ws/install/rtabmap_rviz_plugins/lib:/SLAM/ros_ws/install/rtabmap_conversions/lib:/SLAM/ros_ws/install/rtabmap_msgs/lib:/SLAM/ros_ws/install/rtabmap/lib:/SLAM/ros_ws/install/more_interfaces/lib:/SLAM/ros_ws/install/image_view/lib:/SLAM/ros_ws/install/image_rotate/lib:/SLAM/ros_ws/install/astra_camera/lib:/SLAM/ros_ws/install/image_publisher/lib:/SLAM/ros_ws/install/depth_image_proc/lib:/SLAM/ros_ws/install/br2_vff_avoidance/lib:/SLAM/ros_ws/install/br2_tracking/lib:/SLAM/ros_ws/install/br2_tracking_msgs/lib:/SLAM/ros_ws/install/br2_tf2_detector/lib:/SLAM/ros_ws/install/br2_bt_patrolling/lib:/SLAM/ros_ws/install/br2_bt_bumpgo/lib:/SLAM/ros_ws/install/astra_camera_msgs/lib:/usr/lib/x86_64-linux-gnu/gazebo-11/plugins:/opt/ros/humble/opt/rviz_ogre_vendor/lib:/opt/ros/humble/lib/x86_64-linux-gnu:/opt/ros/humble/lib'), ('BROWSER', '/home/ros/.vscode-server/bin/31c37ee8f63491495ac49e43b8544550fbae4533/bin/helpers/browser.sh'), ('HOME', '/home/ros'), ('TERM_PROGRAM_VERSION', '1.86.1'), ('VSCODE_IPC_HOOK_CLI', '/tmp/vscode-ipc-2bf07a84-4fb4-4201-ac5f-c2418e5a8c8e.sock'), ('ROS_PYTHON_VERSION', '3'), ('VSCODE_GIT_ASKPASS_MAIN', '/home/ros/.vscode-server/bin/31c37ee8f63491495ac49e43b8544550fbae4533/extensions/git/dist/askpass-main.js'), ('VSCODE_GIT_ASKPASS_NODE', '/home/ros/.vscode-server/bin/31c37ee8f63491495ac49e43b8544550fbae4533/node'), ('COLORTERM', 'truecolor'), ('REMOTE_CONTAINERS', 'true'), ('COLCON_PREFIX_PATH', '/SLAM/ros_ws/install'), ('ROS_DISTRO', 'humble'), ('REMOTE_CONTAINERS_IPC', '/tmp/vscode-remote-containers-ipc-88d07eca-1189-406e-b9c1-cf757d2d96e9.sock'), ('_', '/usr/bin/colcon'), ('ROS_VERSION', '2'), ('PKG_CONFIG_PATH', '/SLAM/ros_ws/install/rtabmap_msgs/lib/x86_64-linux-gnu/pkgconfig:/SLAM/ros_ws/install/rtabmap_msgs/lib/pkgconfig:/SLAM/ros_ws/install/rtabmap/lib/x86_64-linux-gnu/pkgconfig:/SLAM/ros_ws/install/rtabmap/lib/pkgconfig'), ('TERM', 'xterm-256color'), ('ROS_LOCALHOST_ONLY', '0'), ('PATH', '/SLAM/ros_ws/install/image_proc/bin:/SLAM/ros_ws/install/rtabmap/bin:/home/ros/.vscode-server/bin/31c37ee8f63491495ac49e43b8544550fbae4533/bin/remote-cli:/opt/ros/humble/bin:/usr/local/sbin:/usr/local/bin:/usr/sbin:/usr/bin:/sbin:/bin'), ('REMOTE_CONTAINERS_SOCKETS', '["/tmp/vscode-ssh-auth-88d07eca-1189-406e-b9c1-cf757d2d96e9.sock","/tmp/.X11-unix/X0","/home/ros/.gnupg/S.gpg-agent"]'), ('DISPLAY', ':1'), ('LANG', 'C.UTF-8'), ('VSCODE_GIT_IPC_HANDLE', '/tmp/vscode-git-8b58b44a21.sock'), ('TERM_PROGRAM', 'vscode'), ('SSH_AUTH_SOCK', '/tmp/vscode-ssh-auth-88d07eca-1189-406e-b9c1-cf757d2d96e9.sock'), ('AMENT_PREFIX_PATH', '/SLAM/ros_ws/install/urdf_test:/SLAM/ros_ws/install/tutourial_intefaces:/SLAM/ros_ws/install/image_pipeline:/SLAM/ros_ws/install/stereo_image_proc:/SLAM/ros_ws/install/image_proc:/SLAM/ros_ws/install/tracetools_image_pipeline:/SLAM/ros_ws/install/tiago_simulation:/SLAM/ros_ws/install/tiago_robot:/SLAM/ros_ws/install/tiago_navigation:/SLAM/ros_ws/install/tiago_gazebo:/SLAM/ros_ws/install/tiago_moveit_config:/SLAM/ros_ws/install/tiago_laser_sensors:/SLAM/ros_ws/install/tiago_bringup:/SLAM/ros_ws/install/tiago_description:/SLAM/ros_ws/install/tiago_controller_configuration:/SLAM/ros_ws/install/tiago_2dnav:/SLAM/ros_ws/install/sllidar_ros2:/SLAM/ros_ws/install/rtabmap_ros:/SLAM/ros_ws/install/rtabmap_launch:/SLAM/ros_ws/install/rtabmap_examples:/SLAM/ros_ws/install/rtabmap_demos:/SLAM/ros_ws/install/rtabmap_viz:/SLAM/ros_ws/install/rtabmap_slam:/SLAM/ros_ws/install/rtabmap_odom:/SLAM/ros_ws/install/rtabmap_util:/SLAM/ros_ws/install/rtabmap_sync:/SLAM/ros_ws/install/rtabmap_rviz_plugins:/SLAM/ros_ws/install/rtabmap_python:/SLAM/ros_ws/install/rtabmap_conversions:/SLAM/ros_ws/install/rplidar_ros:/SLAM/ros_ws/install/rf2o_laser_odometry:/SLAM/ros_ws/install/pmb2_robot:/SLAM/ros_ws/install/pmb2_navigation:/SLAM/ros_ws/install/pmb2_2dnav:/SLAM/ros_ws/install/pmb2_maps:/SLAM/ros_ws/install/pmb2_laser_sensors:/SLAM/ros_ws/install/pmb2_bringup:/SLAM/ros_ws/install/pmb2_description:/SLAM/ros_ws/install/pmb2_controller_configuration:/SLAM/ros_ws/install/pal_gripper:/SLAM/ros_ws/install/pal_gripper_description:/SLAM/ros_ws/install/pal_gripper_controller_configuration:/SLAM/ros_ws/install/pal_gazebo_worlds:/SLAM/ros_ws/install/my_robot_controller:/SLAM/ros_ws/install/more_interfaces:/SLAM/ros_ws/install/learning_tf2_py:/SLAM/ros_ws/install/launch_pal:/SLAM/ros_ws/install/image_rotate:/SLAM/ros_ws/install/astra_camera:/SLAM/ros_ws/install/image_publisher:/SLAM/ros_ws/install/hey5_description:/SLAM/ros_ws/install/depth_image_proc:/SLAM/ros_ws/install/cpp_srvcli:/SLAM/ros_ws/install/cpp_pubsub:/SLAM/ros_ws/install/camera_calibration:/SLAM/ros_ws/install/br2_vff_avoidance:/SLAM/ros_ws/install/br2_tracking:/SLAM/ros_ws/install/br2_tracking_msgs:/SLAM/ros_ws/install/br2_tiago:/SLAM/ros_ws/install/br2_tf2_detector:/SLAM/ros_ws/install/br2_navigation:/SLAM/ros_ws/install/br2_fsm_bumpgo_py:/SLAM/ros_ws/install/br2_fsm_bumpgo_cpp:/SLAM/ros_ws/install/br2_bt_patrolling:/SLAM/ros_ws/install/br2_bt_bumpgo:/SLAM/ros_ws/install/br2_basics:/SLAM/ros_ws/install/astra_camera_msgs:/opt/ros/humble'), ('REMOTE_CONTAINERS_DISPLAY_SOCK', '/tmp/.X11-unix/X0'), ('SHELL', '/bin/bash'), ('VSCODE_GIT_ASKPASS_EXTRA_ARGS', ''), ('PWD', '/SLAM/ros_ws/build/groot'), ('LC_ALL', 'C.UTF-8'), ('PYTHONPATH', '/SLAM/ros_ws/install/urdf_test/local/lib/python3.10/dist-packages:/SLAM/ros_ws/install/tutourial_intefaces/local/lib/python3.10/dist-packages:/SLAM/ros_ws/install/tiago_description/local/lib/python3.10/dist-packages:/SLAM/ros_ws/build/rtabmap_python:/SLAM/ros_ws/install/rtabmap_python/lib/python3.10/site-packages:/SLAM/ros_ws/install/rtabmap_msgs/local/lib/python3.10/dist-packages:/SLAM/ros_ws/install/pmb2_description/local/lib/python3.10/dist-packages:/SLAM/ros_ws/build/my_robot_controller:/SLAM/ros_ws/install/my_robot_controller/lib/python3.10/site-packages:/SLAM/ros_ws/install/more_interfaces/local/lib/python3.10/dist-packages:/SLAM/ros_ws/install/learning_tf2_py/lib/python3.10/site-packages:/SLAM/ros_ws/build/launch_pal:/SLAM/ros_ws/install/launch_pal/lib/python3.10/site-packages:/SLAM/ros_ws/build/camera_calibration/src:/SLAM/ros_ws/install/camera_calibration/lib/python3.10/site-packages:/SLAM/ros_ws/install/br2_tracking_msgs/local/lib/python3.10/dist-packages:/SLAM/ros_ws/build/br2_fsm_bumpgo_py:/SLAM/ros_ws/install/br2_fsm_bumpgo_py/lib/python3.10/site-packages:/SLAM/ros_ws/install/astra_camera_msgs/local/lib/python3.10/dist-packages:/opt/ros/humble/lib/python3.10/site-packages:/opt/ros/humble/local/lib/python3.10/dist-packages'), ('COLCON', '1'), ('CMAKE_PREFIX_PATH', '/SLAM/ros_ws/install/urdf_test:/SLAM/ros_ws/install/tutourial_intefaces:/SLAM/ros_ws/install/image_pipeline:/SLAM/ros_ws/install/stereo_image_proc:/SLAM/ros_ws/install/image_proc:/SLAM/ros_ws/install/tracetools_image_pipeline:/SLAM/ros_ws/install/tiago_simulation:/SLAM/ros_ws/install/tiago_robot:/SLAM/ros_ws/install/tiago_navigation:/SLAM/ros_ws/install/tiago_gazebo:/SLAM/ros_ws/install/tiago_moveit_config:/SLAM/ros_ws/install/tiago_laser_sensors:/SLAM/ros_ws/install/tiago_bringup:/SLAM/ros_ws/install/tiago_description:/SLAM/ros_ws/install/tiago_controller_configuration:/SLAM/ros_ws/install/tiago_2dnav:/SLAM/ros_ws/install/sllidar_ros2:/SLAM/ros_ws/install/rtabmap_ros:/SLAM/ros_ws/install/rtabmap_launch:/SLAM/ros_ws/install/rtabmap_examples:/SLAM/ros_ws/install/rtabmap_demos:/SLAM/ros_ws/install/rtabmap_viz:/SLAM/ros_ws/install/rtabmap_slam:/SLAM/ros_ws/install/rtabmap_odom:/SLAM/ros_ws/install/rtabmap_util:/SLAM/ros_ws/install/rtabmap_sync:/SLAM/ros_ws/install/rtabmap_rviz_plugins:/SLAM/ros_ws/install/rtabmap_conversions:/SLAM/ros_ws/install/rtabmap_python:/SLAM/ros_ws/install/my_robot_controller:/SLAM/ros_ws/install/learning_tf2_py:/SLAM/ros_ws/install/launch_pal:/SLAM/ros_ws/install/camera_calibration:/SLAM/ros_ws/install/br2_fsm_bumpgo_py:/opt/ros/humble:/SLAM/ros_ws/install/rtabmap_msgs:/SLAM/ros_ws/install/rtabmap:/SLAM/ros_ws/install/rplidar_ros:/SLAM/ros_ws/install/rf2o_laser_odometry:/SLAM/ros_ws/install/pmb2_robot:/SLAM/ros_ws/install/pmb2_navigation:/SLAM/ros_ws/install/pmb2_2dnav:/SLAM/ros_ws/install/pmb2_maps:/SLAM/ros_ws/install/pmb2_laser_sensors:/SLAM/ros_ws/install/pmb2_bringup:/SLAM/ros_ws/install/pmb2_description:/SLAM/ros_ws/install/pmb2_controller_configuration:/SLAM/ros_ws/install/pal_gripper:/SLAM/ros_ws/install/pal_gripper_description:/SLAM/ros_ws/install/pal_gripper_controller_configuration:/SLAM/ros_ws/install/pal_gazebo_worlds:/SLAM/ros_ws/install/more_interfaces:/SLAM/ros_ws/install/image_view:/SLAM/ros_ws/install/image_rotate:/SLAM/ros_ws/install/astra_camera:/SLAM/ros_ws/install/image_publisher:/SLAM/ros_ws/install/hey5_description:/SLAM/ros_ws/install/depth_image_proc:/SLAM/ros_ws/install/cpp_srvcli:/SLAM/ros_ws/install/cpp_pubsub:/SLAM/ros_ws/install/br2_vff_avoidance:/SLAM/ros_ws/install/br2_tracking:/SLAM/ros_ws/install/br2_tracking_msgs:/SLAM/ros_ws/install/br2_tiago:/SLAM/ros_ws/install/br2_tf2_detector:/SLAM/ros_ws/install/br2_navigation:/SLAM/ros_ws/install/br2_fsm_bumpgo_cpp:/SLAM/ros_ws/install/br2_bt_patrolling:/SLAM/ros_ws/install/br2_bt_bumpgo:/SLAM/ros_ws/install/br2_basics:/SLAM/ros_ws/install/astra_camera_msgs')]), 'shell': False}
[23.186620] (groot) StdoutLine: {'line': b'-- Install configuration: ""\n'}
[23.187277] (groot) StdoutLine: {'line': b'-- Execute custom install script\n'}
[23.187563] (groot) StdoutLine: {'line': b'-- Symlinking: /SLAM/ros_ws/install/groot/lib/libbehavior_tree_editor.so\n'}
[23.201620] (groot) StdoutLine: {'line': b'-- Symlinking: /SLAM/ros_ws/install/groot/lib/groot/Groot\n'}
[23.215377] (groot) StdoutLine: {'line': b'-- Symlinking: /SLAM/ros_ws/install/groot/share/groot/environment/library_path.sh\n'}
[23.228504] (groot) StdoutLine: {'line': b'-- Symlinking: /SLAM/ros_ws/install/groot/share/groot/environment/library_path.dsv\n'}
[23.241626] (groot) StdoutLine: {'line': b'-- Symlinking: /SLAM/ros_ws/install/groot/share/ament_index/resource_index/package_run_dependencies/groot\n'}
[23.254775] (groot) StdoutLine: {'line': b'-- Symlinking: /SLAM/ros_ws/install/groot/share/ament_index/resource_index/parent_prefix_path/groot\n'}
[23.255127] (-) TimerEvent: {}
[23.268500] (groot) StdoutLine: {'line': b'-- Symlinking: /SLAM/ros_ws/install/groot/share/groot/environment/ament_prefix_path.sh\n'}
[23.282301] (groot) StdoutLine: {'line': b'-- Symlinking: /SLAM/ros_ws/install/groot/share/groot/environment/ament_prefix_path.dsv\n'}
[23.295826] (groot) StdoutLine: {'line': b'-- Symlinking: /SLAM/ros_ws/install/groot/share/groot/environment/path.sh\n'}
[23.309825] (groot) StdoutLine: {'line': b'-- Symlinking: /SLAM/ros_ws/install/groot/share/groot/environment/path.dsv\n'}
[23.324377] (groot) StdoutLine: {'line': b'-- Symlinking: /SLAM/ros_ws/install/groot/share/groot/local_setup.bash\n'}
[23.337793] (groot) StdoutLine: {'line': b'-- Symlinking: /SLAM/ros_ws/install/groot/share/groot/local_setup.sh\n'}
[23.350561] (groot) StdoutLine: {'line': b'-- Symlinking: /SLAM/ros_ws/install/groot/share/groot/local_setup.zsh\n'}
[23.355207] (-) TimerEvent: {}
[23.363814] (groot) StdoutLine: {'line': b'-- Symlinking: /SLAM/ros_ws/install/groot/share/groot/local_setup.dsv\n'}
[23.377731] (groot) StdoutLine: {'line': b'-- Symlinking: /SLAM/ros_ws/install/groot/share/groot/package.dsv\n'}
[23.390917] (groot) StdoutLine: {'line': b'-- Symlinking: /SLAM/ros_ws/install/groot/share/ament_index/resource_index/packages/groot\n'}
[23.404624] (groot) StdoutLine: {'line': b'-- Symlinking: /SLAM/ros_ws/install/groot/share/groot/cmake/ament_cmake_export_include_directories-extras.cmake\n'}
[23.418991] (groot) StdoutLine: {'line': b'-- Symlinking: /SLAM/ros_ws/install/groot/share/groot/cmake/ament_cmake_export_dependencies-extras.cmake\n'}
[23.431916] (groot) StdoutLine: {'line': b'-- Symlinking: /SLAM/ros_ws/install/groot/share/groot/cmake/ament_cmake_export_libraries-extras.cmake\n'}
[23.444515] (groot) StdoutLine: {'line': b'-- Symlinking: /SLAM/ros_ws/install/groot/share/groot/cmake/grootConfig.cmake\n'}
[23.455317] (-) TimerEvent: {}
[23.457737] (groot) StdoutLine: {'line': b'-- Symlinking: /SLAM/ros_ws/install/groot/share/groot/cmake/grootConfig-version.cmake\n'}
[23.471665] (groot) StdoutLine: {'line': b'-- Symlinking: /SLAM/ros_ws/install/groot/share/groot/package.xml\n'}
[23.487087] (groot) CommandEnded: {'returncode': 0}
[23.555426] (-) TimerEvent: {}
[23.655674] (-) TimerEvent: {}
[23.755944] (-) TimerEvent: {}
[23.818337] (groot) JobEnded: {'identifier': 'groot', 'rc': 0}
[23.819539] (-) EventReactorShutdown: {}
