[0.085s] Invoking command in '/SLAM/ros_ws/build/astra_camera_msgs': CMAKE_PREFIX_PATH=/opt/ros/humble /usr/bin/cmake --build /SLAM/ros_ws/build/astra_camera_msgs -- -j16 -l16
[0.165s] [  1%] Built target astra_camera_msgs__cpp
[0.178s] [ 12%] Built target astra_camera_msgs__rosidl_generator_c
[0.186s] [ 12%] Built target ament_cmake_python_copy_astra_camera_msgs
[0.207s] [ 35%] Built target astra_camera_msgs__rosidl_typesupport_introspection_cpp
[0.208s] [ 35%] Built target astra_camera_msgs__rosidl_typesupport_cpp
[0.208s] [ 47%] Built target astra_camera_msgs__rosidl_typesupport_fastrtps_cpp
[0.218s] [ 58%] Built target astra_camera_msgs__rosidl_typesupport_c
[0.219s] [ 73%] Built target astra_camera_msgs__rosidl_typesupport_introspection_c
[0.219s] [ 82%] Built target astra_camera_msgs__rosidl_typesupport_fastrtps_c
[0.249s] [ 82%] Built target astra_camera_msgs
[0.279s] [ 83%] Built target astra_camera_msgs__py
[0.318s] [ 93%] Built target astra_camera_msgs__rosidl_generator_py
[0.350s] [100%] Built target astra_camera_msgs__rosidl_typesupport_fastrtps_c__pyext
[0.350s] [100%] Built target astra_camera_msgs__rosidl_typesupport_introspection_c__pyext
[0.350s] [100%] Built target astra_camera_msgs__rosidl_typesupport_c__pyext
[0.443s] running egg_info
[0.444s] writing astra_camera_msgs.egg-info/PKG-INFO
[0.444s] writing dependency_links to astra_camera_msgs.egg-info/dependency_links.txt
[0.444s] writing top-level names to astra_camera_msgs.egg-info/top_level.txt
[0.447s] reading manifest file 'astra_camera_msgs.egg-info/SOURCES.txt'
[0.447s] writing manifest file 'astra_camera_msgs.egg-info/SOURCES.txt'
[0.493s] [100%] Built target ament_cmake_python_build_astra_camera_msgs_egg
[0.517s] Invoked command in '/SLAM/ros_ws/build/astra_camera_msgs' returned '0': CMAKE_PREFIX_PATH=/opt/ros/humble /usr/bin/cmake --build /SLAM/ros_ws/build/astra_camera_msgs -- -j16 -l16
[0.767s] Invoking command in '/SLAM/ros_ws/build/astra_camera_msgs': CMAKE_PREFIX_PATH=/opt/ros/humble /usr/bin/cmake --install /SLAM/ros_ws/build/astra_camera_msgs
[0.777s] -- Install configuration: "Release"
[0.777s] -- Up-to-date: /SLAM/ros_ws/install/astra_camera_msgs/include/astra_camera_msgs/astra_camera_msgs
[0.777s] -- Up-to-date: /SLAM/ros_ws/install/astra_camera_msgs/include/astra_camera_msgs/astra_camera_msgs/msg
[0.777s] -- Up-to-date: /SLAM/ros_ws/install/astra_camera_msgs/include/astra_camera_msgs/astra_camera_msgs/msg/detail
[0.778s] -- Up-to-date: /SLAM/ros_ws/install/astra_camera_msgs/include/astra_camera_msgs/astra_camera_msgs/msg/detail/extrinsics__functions.c
[0.778s] -- Up-to-date: /SLAM/ros_ws/install/astra_camera_msgs/include/astra_camera_msgs/astra_camera_msgs/msg/detail/metadata__functions.c
[0.778s] -- Up-to-date: /SLAM/ros_ws/install/astra_camera_msgs/include/astra_camera_msgs/astra_camera_msgs/msg/detail/device_info__functions.c
[0.778s] -- Up-to-date: /SLAM/ros_ws/install/astra_camera_msgs/include/astra_camera_msgs/astra_camera_msgs/srv
[0.778s] -- Up-to-date: /SLAM/ros_ws/install/astra_camera_msgs/include/astra_camera_msgs/astra_camera_msgs/srv/detail
[0.778s] -- Up-to-date: /SLAM/ros_ws/install/astra_camera_msgs/include/astra_camera_msgs/astra_camera_msgs/srv/detail/get_int32__functions.c
[0.778s] -- Up-to-date: /SLAM/ros_ws/install/astra_camera_msgs/include/astra_camera_msgs/astra_camera_msgs/srv/detail/get_string__functions.c
[0.778s] -- Up-to-date: /SLAM/ros_ws/install/astra_camera_msgs/include/astra_camera_msgs/astra_camera_msgs/srv/detail/get_camera_info__functions.c
[0.778s] -- Up-to-date: /SLAM/ros_ws/install/astra_camera_msgs/include/astra_camera_msgs/astra_camera_msgs/srv/detail/get_device_info__functions.c
[0.778s] -- Up-to-date: /SLAM/ros_ws/install/astra_camera_msgs/include/astra_camera_msgs/astra_camera_msgs/srv/detail/get_camera_params__functions.c
[0.778s] -- Up-to-date: /SLAM/ros_ws/install/astra_camera_msgs/include/astra_camera_msgs/astra_camera_msgs/srv/detail/set_int32__functions.c
[0.779s] -- Up-to-date: /SLAM/ros_ws/install/astra_camera_msgs/lib/libastra_camera_msgs__rosidl_generator_c.so
[0.780s] -- Up-to-date: /SLAM/ros_ws/install/astra_camera_msgs/include/astra_camera_msgs/astra_camera_msgs
[0.780s] -- Up-to-date: /SLAM/ros_ws/install/astra_camera_msgs/include/astra_camera_msgs/astra_camera_msgs/msg
[0.780s] -- Up-to-date: /SLAM/ros_ws/install/astra_camera_msgs/include/astra_camera_msgs/astra_camera_msgs/msg/detail
[0.780s] -- Up-to-date: /SLAM/ros_ws/install/astra_camera_msgs/include/astra_camera_msgs/astra_camera_msgs/srv
[0.780s] -- Up-to-date: /SLAM/ros_ws/install/astra_camera_msgs/include/astra_camera_msgs/astra_camera_msgs/srv/detail
[0.781s] -- Up-to-date: /SLAM/ros_ws/install/astra_camera_msgs/lib/libastra_camera_msgs__rosidl_typesupport_fastrtps_c.so
[0.781s] -- Up-to-date: /SLAM/ros_ws/install/astra_camera_msgs/include/astra_camera_msgs/astra_camera_msgs
[0.781s] -- Up-to-date: /SLAM/ros_ws/install/astra_camera_msgs/include/astra_camera_msgs/astra_camera_msgs/msg
[0.781s] -- Up-to-date: /SLAM/ros_ws/install/astra_camera_msgs/include/astra_camera_msgs/astra_camera_msgs/msg/detail
[0.781s] -- Up-to-date: /SLAM/ros_ws/install/astra_camera_msgs/include/astra_camera_msgs/astra_camera_msgs/msg/detail/extrinsics__type_support.c
[0.782s] -- Up-to-date: /SLAM/ros_ws/install/astra_camera_msgs/include/astra_camera_msgs/astra_camera_msgs/msg/detail/metadata__type_support.c
[0.782s] -- Up-to-date: /SLAM/ros_ws/install/astra_camera_msgs/include/astra_camera_msgs/astra_camera_msgs/msg/detail/device_info__type_support.c
[0.782s] -- Up-to-date: /SLAM/ros_ws/install/astra_camera_msgs/include/astra_camera_msgs/astra_camera_msgs/srv
[0.782s] -- Up-to-date: /SLAM/ros_ws/install/astra_camera_msgs/include/astra_camera_msgs/astra_camera_msgs/srv/detail
[0.782s] -- Up-to-date: /SLAM/ros_ws/install/astra_camera_msgs/include/astra_camera_msgs/astra_camera_msgs/srv/detail/get_string__type_support.c
[0.782s] -- Up-to-date: /SLAM/ros_ws/install/astra_camera_msgs/include/astra_camera_msgs/astra_camera_msgs/srv/detail/get_camera_params__type_support.c
[0.782s] -- Up-to-date: /SLAM/ros_ws/install/astra_camera_msgs/include/astra_camera_msgs/astra_camera_msgs/srv/detail/get_device_info__type_support.c
[0.782s] -- Up-to-date: /SLAM/ros_ws/install/astra_camera_msgs/include/astra_camera_msgs/astra_camera_msgs/srv/detail/get_int32__type_support.c
[0.782s] -- Up-to-date: /SLAM/ros_ws/install/astra_camera_msgs/include/astra_camera_msgs/astra_camera_msgs/srv/detail/get_camera_info__type_support.c
[0.782s] -- Up-to-date: /SLAM/ros_ws/install/astra_camera_msgs/include/astra_camera_msgs/astra_camera_msgs/srv/detail/set_int32__type_support.c
[0.783s] -- Up-to-date: /SLAM/ros_ws/install/astra_camera_msgs/lib/libastra_camera_msgs__rosidl_typesupport_introspection_c.so
[0.784s] -- Up-to-date: /SLAM/ros_ws/install/astra_camera_msgs/lib/libastra_camera_msgs__rosidl_typesupport_c.so
[0.784s] -- Up-to-date: /SLAM/ros_ws/install/astra_camera_msgs/include/astra_camera_msgs/astra_camera_msgs
[0.784s] -- Up-to-date: /SLAM/ros_ws/install/astra_camera_msgs/include/astra_camera_msgs/astra_camera_msgs/msg
[0.784s] -- Up-to-date: /SLAM/ros_ws/install/astra_camera_msgs/include/astra_camera_msgs/astra_camera_msgs/msg/detail
[0.785s] -- Up-to-date: /SLAM/ros_ws/install/astra_camera_msgs/include/astra_camera_msgs/astra_camera_msgs/srv
[0.785s] -- Up-to-date: /SLAM/ros_ws/install/astra_camera_msgs/include/astra_camera_msgs/astra_camera_msgs/srv/detail
[0.785s] -- Up-to-date: /SLAM/ros_ws/install/astra_camera_msgs/include/astra_camera_msgs/astra_camera_msgs
[0.785s] -- Up-to-date: /SLAM/ros_ws/install/astra_camera_msgs/include/astra_camera_msgs/astra_camera_msgs/msg
[0.785s] -- Up-to-date: /SLAM/ros_ws/install/astra_camera_msgs/include/astra_camera_msgs/astra_camera_msgs/msg/detail
[0.785s] -- Up-to-date: /SLAM/ros_ws/install/astra_camera_msgs/include/astra_camera_msgs/astra_camera_msgs/msg/detail/dds_fastrtps
[0.786s] -- Up-to-date: /SLAM/ros_ws/install/astra_camera_msgs/include/astra_camera_msgs/astra_camera_msgs/srv
[0.786s] -- Up-to-date: /SLAM/ros_ws/install/astra_camera_msgs/include/astra_camera_msgs/astra_camera_msgs/srv/detail
[0.786s] -- Up-to-date: /SLAM/ros_ws/install/astra_camera_msgs/include/astra_camera_msgs/astra_camera_msgs/srv/detail/dds_fastrtps
[0.786s] -- Up-to-date: /SLAM/ros_ws/install/astra_camera_msgs/lib/libastra_camera_msgs__rosidl_typesupport_fastrtps_cpp.so
[0.786s] -- Up-to-date: /SLAM/ros_ws/install/astra_camera_msgs/include/astra_camera_msgs/astra_camera_msgs
[0.786s] -- Up-to-date: /SLAM/ros_ws/install/astra_camera_msgs/include/astra_camera_msgs/astra_camera_msgs/msg
[0.786s] -- Up-to-date: /SLAM/ros_ws/install/astra_camera_msgs/include/astra_camera_msgs/astra_camera_msgs/msg/detail
[0.786s] -- Up-to-date: /SLAM/ros_ws/install/astra_camera_msgs/include/astra_camera_msgs/astra_camera_msgs/msg/detail/extrinsics__type_support.cpp
[0.786s] -- Up-to-date: /SLAM/ros_ws/install/astra_camera_msgs/include/astra_camera_msgs/astra_camera_msgs/msg/detail/metadata__type_support.cpp
[0.786s] -- Up-to-date: /SLAM/ros_ws/install/astra_camera_msgs/include/astra_camera_msgs/astra_camera_msgs/msg/detail/device_info__type_support.cpp
[0.787s] -- Up-to-date: /SLAM/ros_ws/install/astra_camera_msgs/include/astra_camera_msgs/astra_camera_msgs/srv
[0.787s] -- Up-to-date: /SLAM/ros_ws/install/astra_camera_msgs/include/astra_camera_msgs/astra_camera_msgs/srv/detail
[0.787s] -- Up-to-date: /SLAM/ros_ws/install/astra_camera_msgs/include/astra_camera_msgs/astra_camera_msgs/srv/detail/set_int32__type_support.cpp
[0.787s] -- Up-to-date: /SLAM/ros_ws/install/astra_camera_msgs/include/astra_camera_msgs/astra_camera_msgs/srv/detail/get_string__type_support.cpp
[0.787s] -- Up-to-date: /SLAM/ros_ws/install/astra_camera_msgs/include/astra_camera_msgs/astra_camera_msgs/srv/detail/get_camera_params__type_support.cpp
[0.787s] -- Up-to-date: /SLAM/ros_ws/install/astra_camera_msgs/include/astra_camera_msgs/astra_camera_msgs/srv/detail/get_device_info__type_support.cpp
[0.787s] -- Up-to-date: /SLAM/ros_ws/install/astra_camera_msgs/include/astra_camera_msgs/astra_camera_msgs/srv/detail/get_camera_info__type_support.cpp
[0.787s] -- Up-to-date: /SLAM/ros_ws/install/astra_camera_msgs/include/astra_camera_msgs/astra_camera_msgs/srv/detail/get_int32__type_support.cpp
[0.787s] -- Up-to-date: /SLAM/ros_ws/install/astra_camera_msgs/lib/libastra_camera_msgs__rosidl_typesupport_introspection_cpp.so
[0.787s] -- Up-to-date: /SLAM/ros_ws/install/astra_camera_msgs/lib/libastra_camera_msgs__rosidl_typesupport_cpp.so
[0.788s] -- Up-to-date: /SLAM/ros_ws/install/astra_camera_msgs/local/lib/python3.10/dist-packages/astra_camera_msgs-1.0.1-py3.10.egg-info
[0.788s] -- Up-to-date: /SLAM/ros_ws/install/astra_camera_msgs/local/lib/python3.10/dist-packages/astra_camera_msgs
[0.788s] -- Up-to-date: /SLAM/ros_ws/install/astra_camera_msgs/local/lib/python3.10/dist-packages/astra_camera_msgs/msg
[0.788s] -- Up-to-date: /SLAM/ros_ws/install/astra_camera_msgs/local/lib/python3.10/dist-packages/astra_camera_msgs/srv
[0.830s] Listing '/SLAM/ros_ws/install/astra_camera_msgs/local/lib/python3.10/dist-packages/astra_camera_msgs'...
[0.830s] Listing '/SLAM/ros_ws/install/astra_camera_msgs/local/lib/python3.10/dist-packages/astra_camera_msgs/msg'...
[0.830s] Listing '/SLAM/ros_ws/install/astra_camera_msgs/local/lib/python3.10/dist-packages/astra_camera_msgs/srv'...
[0.842s] -- Up-to-date: /SLAM/ros_ws/install/astra_camera_msgs/lib/libastra_camera_msgs__rosidl_generator_py.so
[0.843s] -- Installing: /SLAM/ros_ws/install/astra_camera_msgs/share/astra_camera_msgs/package.dsv
[0.844s] -- Up-to-date: /SLAM/ros_ws/install/astra_camera_msgs/share/astra_camera_msgs/cmake/export_astra_camera_msgs__rosidl_generator_cExport.cmake
[0.844s] -- Up-to-date: /SLAM/ros_ws/install/astra_camera_msgs/share/astra_camera_msgs/cmake/export_astra_camera_msgs__rosidl_generator_cExport-release.cmake
[0.844s] -- Up-to-date: /SLAM/ros_ws/install/astra_camera_msgs/share/astra_camera_msgs/cmake/export_astra_camera_msgs__rosidl_typesupport_fastrtps_cExport.cmake
[0.844s] -- Up-to-date: /SLAM/ros_ws/install/astra_camera_msgs/share/astra_camera_msgs/cmake/export_astra_camera_msgs__rosidl_typesupport_fastrtps_cExport-release.cmake
[0.845s] -- Up-to-date: /SLAM/ros_ws/install/astra_camera_msgs/share/astra_camera_msgs/cmake/astra_camera_msgs__rosidl_typesupport_introspection_cExport.cmake
[0.845s] -- Up-to-date: /SLAM/ros_ws/install/astra_camera_msgs/share/astra_camera_msgs/cmake/astra_camera_msgs__rosidl_typesupport_introspection_cExport-release.cmake
[0.846s] -- Up-to-date: /SLAM/ros_ws/install/astra_camera_msgs/share/astra_camera_msgs/cmake/astra_camera_msgs__rosidl_typesupport_cExport.cmake
[0.846s] -- Up-to-date: /SLAM/ros_ws/install/astra_camera_msgs/share/astra_camera_msgs/cmake/astra_camera_msgs__rosidl_typesupport_cExport-release.cmake
[0.846s] -- Up-to-date: /SLAM/ros_ws/install/astra_camera_msgs/share/astra_camera_msgs/cmake/export_astra_camera_msgs__rosidl_generator_cppExport.cmake
[0.847s] -- Up-to-date: /SLAM/ros_ws/install/astra_camera_msgs/share/astra_camera_msgs/cmake/export_astra_camera_msgs__rosidl_typesupport_fastrtps_cppExport.cmake
[0.847s] -- Up-to-date: /SLAM/ros_ws/install/astra_camera_msgs/share/astra_camera_msgs/cmake/export_astra_camera_msgs__rosidl_typesupport_fastrtps_cppExport-release.cmake
[0.847s] -- Up-to-date: /SLAM/ros_ws/install/astra_camera_msgs/share/astra_camera_msgs/cmake/astra_camera_msgs__rosidl_typesupport_introspection_cppExport.cmake
[0.847s] -- Up-to-date: /SLAM/ros_ws/install/astra_camera_msgs/share/astra_camera_msgs/cmake/astra_camera_msgs__rosidl_typesupport_introspection_cppExport-release.cmake
[0.848s] -- Up-to-date: /SLAM/ros_ws/install/astra_camera_msgs/share/astra_camera_msgs/cmake/astra_camera_msgs__rosidl_typesupport_cppExport.cmake
[0.848s] -- Up-to-date: /SLAM/ros_ws/install/astra_camera_msgs/share/astra_camera_msgs/cmake/astra_camera_msgs__rosidl_typesupport_cppExport-release.cmake
[0.849s] -- Up-to-date: /SLAM/ros_ws/install/astra_camera_msgs/share/astra_camera_msgs/cmake/export_astra_camera_msgs__rosidl_generator_pyExport.cmake
[0.849s] -- Up-to-date: /SLAM/ros_ws/install/astra_camera_msgs/share/astra_camera_msgs/cmake/export_astra_camera_msgs__rosidl_generator_pyExport-release.cmake
[0.853s] Invoked command in '/SLAM/ros_ws/build/astra_camera_msgs' returned '0': CMAKE_PREFIX_PATH=/opt/ros/humble /usr/bin/cmake --install /SLAM/ros_ws/build/astra_camera_msgs
