[0.466s] Invoking command in '/home/khanh/Documents/microros_ws/build/action_msgs': AMENT_PREFIX_PATH=/home/khanh/Documents/microros_ws/install/unique_identifier_msgs:/home/khanh/Documents/microros_ws/install/builtin_interfaces:${AMENT_PREFIX_PATH} CMAKE_PREFIX_PATH=/home/khanh/Documents/microros_ws/install/unique_identifier_msgs:/home/khanh/Documents/microros_ws/install/builtin_interfaces:/home/khanh/Documents/microros_ws/install/rosidl_typesupport_microxrcedds_cpp:/home/khanh/Documents/microros_ws/install/rosidl_typesupport_microxrcedds_c:/home/khanh/Documents/microros_ws/install/microcdr:/home/khanh/Documents/microros_ws/install/micro_ros_setup:/home/khanh/Documents/microros_ws/install/micro_ros_agent:/home/khanh/Documents/microros_ws/install/micro_ros_msgs:/opt/ros/humble LD_LIBRARY_PATH=/home/khanh/Documents/microros_ws/install/unique_identifier_msgs/lib:/home/khanh/Documents/microros_ws/install/builtin_interfaces/lib:${LD_LIBRARY_PATH} PYTHONPATH=/home/khanh/Documents/microros_ws/install/unique_identifier_msgs/local/lib/python3.10/dist-packages:/home/khanh/Documents/microros_ws/install/builtin_interfaces/local/lib/python3.10/dist-packages:${PYTHONPATH} /usr/bin/cmake /home/khanh/Documents/microros_ws/src/ros2/rcl_interfaces/action_msgs -DBUILD_TESTING=OFF -DBUILD_SHARED_LIBS=ON -DCMAKE_INSTALL_PREFIX=/home/khanh/Documents/microros_ws/install/action_msgs
[0.543s] -- The C compiler identification is GNU 11.4.0
[0.649s] -- The CXX compiler identification is GNU 11.4.0
[0.659s] -- Detecting C compiler ABI info
[0.763s] -- Detecting C compiler ABI info - done
[0.777s] -- Check for working C compiler: /usr/bin/cc - skipped
[0.778s] -- Detecting C compile features
[0.778s] -- Detecting C compile features - done
[0.780s] -- Detecting CXX compiler ABI info
[0.900s] -- Detecting CXX compiler ABI info - done
[0.907s] -- Check for working CXX compiler: /usr/bin/c++ - skipped
[0.908s] -- Detecting CXX compile features
[0.908s] -- Detecting CXX compile features - done
[0.913s] -- Found ament_cmake: 1.3.6 (/opt/ros/humble/share/ament_cmake/cmake)
[1.169s] -- Found Python3: /usr/bin/python3.10 (found version "3.10.12") found components: Interpreter 
[1.304s] -- Found builtin_interfaces: 1.2.1 (/home/khanh/Documents/microros_ws/install/builtin_interfaces/share/builtin_interfaces/cmake)
[1.351s] -- Found rosidl_generator_c: 3.1.5 (/opt/ros/humble/share/rosidl_generator_c/cmake)
[1.358s] -- Found rosidl_adapter: 3.1.5 (/opt/ros/humble/share/rosidl_adapter/cmake)
[1.369s] -- Found rosidl_generator_cpp: 3.1.5 (/opt/ros/humble/share/rosidl_generator_cpp/cmake)
[1.384s] -- Using all available rosidl_typesupport_c: rosidl_typesupport_microxrcedds_c;rosidl_typesupport_fastrtps_c;rosidl_typesupport_introspection_c
[1.420s] -- Using all available rosidl_typesupport_cpp: rosidl_typesupport_microxrcedds_cpp;rosidl_typesupport_fastrtps_cpp;rosidl_typesupport_introspection_cpp
[1.459s] -- Found rosidl_default_generators: 1.2.0 (/opt/ros/humble/share/rosidl_default_generators/cmake)
[1.473s] -- Found unique_identifier_msgs: 2.2.1 (/home/khanh/Documents/microros_ws/install/unique_identifier_msgs/share/unique_identifier_msgs/cmake)
[1.872s] -- Found ament_cmake_ros: 0.10.0 (/opt/ros/humble/share/ament_cmake_ros/cmake)
[2.358s] -- Using all available rosidl_typesupport_c: rosidl_typesupport_microxrcedds_c;rosidl_typesupport_fastrtps_c;rosidl_typesupport_introspection_c
[2.574s] -- Using all available rosidl_typesupport_cpp: rosidl_typesupport_microxrcedds_cpp;rosidl_typesupport_fastrtps_cpp;rosidl_typesupport_introspection_cpp
[2.604s] -- Found PythonInterp: /usr/bin/python3 (found suitable version "3.10.12", minimum required is "3.6") 
[2.608s] -- Found python_cmake_module: 0.10.0 (/opt/ros/humble/share/python_cmake_module/cmake)
[2.643s] -- Found PythonLibs: /usr/lib/x86_64-linux-gnu/libpython3.10.so (found suitable version "3.10.12", minimum required is "3.5") 
[2.644s] -- Using PYTHON_EXECUTABLE: /usr/bin/python3
[2.646s] -- Using PYTHON_INCLUDE_DIRS: /usr/include/python3.10
[2.646s] -- Using PYTHON_LIBRARIES: /usr/lib/x86_64-linux-gnu/libpython3.10.so
[2.673s] -- Found PythonExtra: .so  
[2.736s] -- Configuring done
[2.809s] -- Generating done
[2.816s] -- Build files have been written to: /home/khanh/Documents/microros_ws/build/action_msgs
[2.828s] Invoked command in '/home/khanh/Documents/microros_ws/build/action_msgs' returned '0': AMENT_PREFIX_PATH=/home/khanh/Documents/microros_ws/install/unique_identifier_msgs:/home/khanh/Documents/microros_ws/install/builtin_interfaces:${AMENT_PREFIX_PATH} CMAKE_PREFIX_PATH=/home/khanh/Documents/microros_ws/install/unique_identifier_msgs:/home/khanh/Documents/microros_ws/install/builtin_interfaces:/home/khanh/Documents/microros_ws/install/rosidl_typesupport_microxrcedds_cpp:/home/khanh/Documents/microros_ws/install/rosidl_typesupport_microxrcedds_c:/home/khanh/Documents/microros_ws/install/microcdr:/home/khanh/Documents/microros_ws/install/micro_ros_setup:/home/khanh/Documents/microros_ws/install/micro_ros_agent:/home/khanh/Documents/microros_ws/install/micro_ros_msgs:/opt/ros/humble LD_LIBRARY_PATH=/home/khanh/Documents/microros_ws/install/unique_identifier_msgs/lib:/home/khanh/Documents/microros_ws/install/builtin_interfaces/lib:${LD_LIBRARY_PATH} PYTHONPATH=/home/khanh/Documents/microros_ws/install/unique_identifier_msgs/local/lib/python3.10/dist-packages:/home/khanh/Documents/microros_ws/install/builtin_interfaces/local/lib/python3.10/dist-packages:${PYTHONPATH} /usr/bin/cmake /home/khanh/Documents/microros_ws/src/ros2/rcl_interfaces/action_msgs -DBUILD_TESTING=OFF -DBUILD_SHARED_LIBS=ON -DCMAKE_INSTALL_PREFIX=/home/khanh/Documents/microros_ws/install/action_msgs
[2.829s] Invoking command in '/home/khanh/Documents/microros_ws/build/action_msgs': AMENT_PREFIX_PATH=/home/khanh/Documents/microros_ws/install/unique_identifier_msgs:/home/khanh/Documents/microros_ws/install/builtin_interfaces:${AMENT_PREFIX_PATH} CMAKE_PREFIX_PATH=/home/khanh/Documents/microros_ws/install/unique_identifier_msgs:/home/khanh/Documents/microros_ws/install/builtin_interfaces:/home/khanh/Documents/microros_ws/install/rosidl_typesupport_microxrcedds_cpp:/home/khanh/Documents/microros_ws/install/rosidl_typesupport_microxrcedds_c:/home/khanh/Documents/microros_ws/install/microcdr:/home/khanh/Documents/microros_ws/install/micro_ros_setup:/home/khanh/Documents/microros_ws/install/micro_ros_agent:/home/khanh/Documents/microros_ws/install/micro_ros_msgs:/opt/ros/humble LD_LIBRARY_PATH=/home/khanh/Documents/microros_ws/install/unique_identifier_msgs/lib:/home/khanh/Documents/microros_ws/install/builtin_interfaces/lib:${LD_LIBRARY_PATH} PYTHONPATH=/home/khanh/Documents/microros_ws/install/unique_identifier_msgs/local/lib/python3.10/dist-packages:/home/khanh/Documents/microros_ws/install/builtin_interfaces/local/lib/python3.10/dist-packages:${PYTHONPATH} /usr/bin/cmake --build /home/khanh/Documents/microros_ws/build/action_msgs -- -j16 -l16
[2.921s] [  1%] [34m[1mGenerating C code for ROS interfaces[0m
[2.945s] [  2%] [34m[1mGenerating C++ code for ROS interfaces[0m
[2.946s] [  2%] Built target ament_cmake_python_copy_action_msgs
[3.487s] running egg_info
[3.488s] creating action_msgs.egg-info
[3.488s] writing action_msgs.egg-info/PKG-INFO
[3.498s] writing dependency_links to action_msgs.egg-info/dependency_links.txt
[3.499s] writing top-level names to action_msgs.egg-info/top_level.txt
[3.499s] writing manifest file 'action_msgs.egg-info/SOURCES.txt'
[3.502s] reading manifest file 'action_msgs.egg-info/SOURCES.txt'
[3.503s] writing manifest file 'action_msgs.egg-info/SOURCES.txt'
[3.587s] [  2%] Built target ament_cmake_python_build_action_msgs_egg
[4.900s] [  2%] Built target action_msgs__cpp
[5.000s] [  4%] [34m[1mGenerating C++ type support dispatch for ROS interfaces[0m
[5.000s] [  5%] [32mBuilding C object CMakeFiles/action_msgs__rosidl_generator_c.dir/rosidl_generator_c/action_msgs/msg/detail/goal_info__functions.c.o[0m
[5.027s] [  7%] [34m[1mGenerating C++ introspection for ROS interfaces[0m
[5.028s] [ 13%] [32mBuilding C object CMakeFiles/action_msgs__rosidl_generator_c.dir/rosidl_generator_c/action_msgs/msg/detail/goal_status__functions.c.o[0m
[5.028s] [  8%] [34m[1mGenerating C++ type support for eProsima Micro XRCE-DDS[0m
[5.029s] [ 10%] [34m[1mGenerating C++ type support for eProsima Fast-RTPS[0m
[5.032s] [ 11%] [32mBuilding C object CMakeFiles/action_msgs__rosidl_generator_c.dir/rosidl_generator_c/action_msgs/srv/detail/cancel_goal__functions.c.o[0m
[5.040s] [ 14%] [32mBuilding C object CMakeFiles/action_msgs__rosidl_generator_c.dir/rosidl_generator_c/action_msgs/msg/detail/goal_status_array__functions.c.o[0m
[5.421s] [ 15%] [32m[1mLinking C shared library libaction_msgs__rosidl_generator_c.so[0m
[5.591s] [ 15%] Built target action_msgs__rosidl_generator_c
[5.656s] [ 17%] [34m[1mGenerating C type support for eProsima Fast-RTPS[0m
[5.704s] [ 18%] [34m[1mGenerating C type support for eProsima Micro XRCE-DDS[0m
[5.704s] [ 20%] [34m[1mGenerating C introspection for ROS interfaces[0m
[5.705s] [ 21%] [34m[1mGenerating C type support dispatch for ROS interfaces[0m
[7.226s] [ 23%] [32mBuilding CXX object CMakeFiles/action_msgs__rosidl_typesupport_cpp.dir/rosidl_typesupport_cpp/action_msgs/msg/goal_status__type_support.cpp.o[0m
[7.240s] [ 24%] [32mBuilding CXX object CMakeFiles/action_msgs__rosidl_typesupport_cpp.dir/rosidl_typesupport_cpp/action_msgs/msg/goal_status_array__type_support.cpp.o[0m
[7.241s] [ 26%] [32mBuilding CXX object CMakeFiles/action_msgs__rosidl_typesupport_cpp.dir/rosidl_typesupport_cpp/action_msgs/msg/goal_info__type_support.cpp.o[0m
[7.273s] [ 27%] [32mBuilding CXX object CMakeFiles/action_msgs__rosidl_typesupport_cpp.dir/rosidl_typesupport_cpp/action_msgs/srv/cancel_goal__type_support.cpp.o[0m
[7.423s] [ 28%] [32mBuilding CXX object CMakeFiles/action_msgs__rosidl_typesupport_introspection_cpp.dir/rosidl_typesupport_introspection_cpp/action_msgs/msg/detail/goal_status__type_support.cpp.o[0m
[7.434s] [ 30%] [32mBuilding CXX object CMakeFiles/action_msgs__rosidl_typesupport_introspection_cpp.dir/rosidl_typesupport_introspection_cpp/action_msgs/msg/detail/goal_info__type_support.cpp.o[0m
[7.451s] [ 31%] [32mBuilding CXX object CMakeFiles/action_msgs__rosidl_typesupport_introspection_cpp.dir/rosidl_typesupport_introspection_cpp/action_msgs/msg/detail/goal_status_array__type_support.cpp.o[0m
[7.510s] [ 33%] [32mBuilding CXX object CMakeFiles/action_msgs__rosidl_typesupport_introspection_cpp.dir/rosidl_typesupport_introspection_cpp/action_msgs/srv/detail/cancel_goal__type_support.cpp.o[0m
[7.616s] [ 34%] [32mBuilding CXX object CMakeFiles/action_msgs__rosidl_typesupport_microxrcedds_cpp.dir/rosidl_typesupport_microxrcedds_cpp/action_msgs/msg/detail/microxrcedds/goal_status__type_support_cpp.cpp.o[0m
[7.629s] [ 36%] [32mBuilding CXX object CMakeFiles/action_msgs__rosidl_typesupport_c.dir/rosidl_typesupport_c/action_msgs/msg/goal_info__type_support.cpp.o[0m
[7.635s] [ 37%] [32mBuilding CXX object CMakeFiles/action_msgs__rosidl_typesupport_microxrcedds_cpp.dir/rosidl_typesupport_microxrcedds_cpp/action_msgs/msg/detail/microxrcedds/goal_info__type_support_cpp.cpp.o[0m
[7.660s] [ 39%] [32mBuilding CXX object CMakeFiles/action_msgs__rosidl_typesupport_c.dir/rosidl_typesupport_c/action_msgs/msg/goal_status__type_support.cpp.o[0m
[7.710s] [ 40%] [32mBuilding CXX object CMakeFiles/action_msgs__rosidl_typesupport_fastrtps_c.dir/rosidl_typesupport_fastrtps_c/action_msgs/msg/detail/goal_info__type_support_c.cpp.o[0m
[7.808s] [ 42%] [32mBuilding CXX object CMakeFiles/action_msgs__rosidl_typesupport_fastrtps_cpp.dir/rosidl_typesupport_fastrtps_cpp/action_msgs/msg/detail/dds_fastrtps/goal_info__type_support.cpp.o[0m
[7.845s] [ 43%] [32mBuilding CXX object CMakeFiles/action_msgs__rosidl_typesupport_c.dir/rosidl_typesupport_c/action_msgs/msg/goal_status_array__type_support.cpp.o[0m
[7.861s] [ 44%] [32mBuilding CXX object CMakeFiles/action_msgs__rosidl_typesupport_c.dir/rosidl_typesupport_c/action_msgs/srv/cancel_goal__type_support.cpp.o[0m
[7.877s] [ 46%] [32mBuilding CXX object CMakeFiles/action_msgs__rosidl_typesupport_fastrtps_cpp.dir/rosidl_typesupport_fastrtps_cpp/action_msgs/msg/detail/dds_fastrtps/goal_status__type_support.cpp.o[0m
[7.889s] [ 47%] [32mBuilding CXX object CMakeFiles/action_msgs__rosidl_typesupport_fastrtps_c.dir/rosidl_typesupport_fastrtps_c/action_msgs/msg/detail/goal_status__type_support_c.cpp.o[0m
[7.933s] [ 49%] [32mBuilding CXX object CMakeFiles/action_msgs__rosidl_typesupport_fastrtps_cpp.dir/rosidl_typesupport_fastrtps_cpp/action_msgs/msg/detail/dds_fastrtps/goal_status_array__type_support.cpp.o[0m
[7.955s] [ 50%] [32m[1mLinking CXX shared library libaction_msgs__rosidl_typesupport_c.so[0m
[7.961s] [ 52%] [32mBuilding CXX object CMakeFiles/action_msgs__rosidl_typesupport_microxrcedds_cpp.dir/rosidl_typesupport_microxrcedds_cpp/action_msgs/msg/detail/microxrcedds/goal_status_array__type_support_cpp.cpp.o[0m
[7.982s] [ 53%] [32mBuilding C object CMakeFiles/action_msgs__rosidl_typesupport_microxrcedds_c.dir/rosidl_typesupport_microxrcedds_c/action_msgs/msg/detail/microxrcedds/goal_info__type_support_c.c.o[0m
[8.072s] [ 56%] [32m[1mLinking CXX shared library libaction_msgs__rosidl_typesupport_cpp.so[0m
[8.072s] [ 56%] [32mBuilding C object CMakeFiles/action_msgs__rosidl_typesupport_introspection_c.dir/rosidl_typesupport_introspection_c/action_msgs/msg/detail/goal_info__type_support.c.o[0m
[8.171s] [ 56%] Built target action_msgs__rosidl_typesupport_c
[8.209s] [ 57%] [32mBuilding C object CMakeFiles/action_msgs__rosidl_typesupport_introspection_c.dir/rosidl_typesupport_introspection_c/action_msgs/msg/detail/goal_status__type_support.c.o[0m
[8.265s] [ 59%] [32mBuilding C object CMakeFiles/action_msgs__rosidl_typesupport_microxrcedds_c.dir/rosidl_typesupport_microxrcedds_c/action_msgs/msg/detail/microxrcedds/goal_status__type_support_c.c.o[0m
[8.266s] [ 60%] [32mBuilding C object CMakeFiles/action_msgs__rosidl_typesupport_introspection_c.dir/rosidl_typesupport_introspection_c/action_msgs/msg/detail/goal_status_array__type_support.c.o[0m
[8.267s] [ 62%] [32mBuilding C object CMakeFiles/action_msgs__rosidl_typesupport_microxrcedds_c.dir/rosidl_typesupport_microxrcedds_c/action_msgs/msg/detail/microxrcedds/goal_status_array__type_support_c.c.o[0m
[8.268s] [ 63%] [32mBuilding CXX object CMakeFiles/action_msgs__rosidl_typesupport_fastrtps_cpp.dir/rosidl_typesupport_fastrtps_cpp/action_msgs/srv/detail/dds_fastrtps/cancel_goal__type_support.cpp.o[0m
[8.269s] [ 65%] [32mBuilding CXX object CMakeFiles/action_msgs__rosidl_typesupport_microxrcedds_cpp.dir/rosidl_typesupport_microxrcedds_cpp/action_msgs/srv/detail/microxrcedds/cancel_goal__type_support_cpp.cpp.o[0m
[8.282s] [ 65%] Built target action_msgs__rosidl_typesupport_cpp
[8.283s] [ 66%] [32mBuilding C object CMakeFiles/action_msgs__rosidl_typesupport_microxrcedds_c.dir/rosidl_typesupport_microxrcedds_c/action_msgs/srv/detail/microxrcedds/cancel_goal__type_support_c.c.o[0m
[8.353s] [ 68%] [32mBuilding C object CMakeFiles/action_msgs__rosidl_typesupport_introspection_c.dir/rosidl_typesupport_introspection_c/action_msgs/srv/detail/cancel_goal__type_support.c.o[0m
[8.367s] [ 71%] [32mBuilding CXX object CMakeFiles/action_msgs__rosidl_typesupport_fastrtps_c.dir/rosidl_typesupport_fastrtps_c/action_msgs/srv/detail/cancel_goal__type_support_c.cpp.o[0m
[8.367s] [ 71%] [32mBuilding CXX object CMakeFiles/action_msgs__rosidl_typesupport_fastrtps_c.dir/rosidl_typesupport_fastrtps_c/action_msgs/msg/detail/goal_status_array__type_support_c.cpp.o[0m
[8.430s] [ 72%] [32m[1mLinking CXX shared library libaction_msgs__rosidl_typesupport_introspection_cpp.so[0m
[8.488s] [ 73%] [32m[1mLinking C shared library libaction_msgs__rosidl_typesupport_introspection_c.so[0m
[8.513s] [ 75%] [32m[1mLinking C shared library libaction_msgs__rosidl_typesupport_microxrcedds_c.so[0m
[8.612s] [ 75%] Built target action_msgs__rosidl_typesupport_introspection_c
[8.710s] [ 75%] Built target action_msgs__rosidl_typesupport_microxrcedds_c
[8.718s] [ 75%] Built target action_msgs__rosidl_typesupport_introspection_cpp
[8.946s] [ 76%] [32m[1mLinking CXX shared library libaction_msgs__rosidl_typesupport_microxrcedds_cpp.so[0m
[9.009s] [ 78%] [32m[1mLinking CXX shared library libaction_msgs__rosidl_typesupport_fastrtps_cpp.so[0m
[9.081s] [ 79%] [32m[1mLinking CXX shared library libaction_msgs__rosidl_typesupport_fastrtps_c.so[0m
[9.149s] [ 79%] Built target action_msgs__rosidl_typesupport_microxrcedds_cpp
[9.191s] [ 79%] Built target action_msgs__rosidl_typesupport_fastrtps_cpp
[9.262s] [ 79%] Built target action_msgs__rosidl_typesupport_fastrtps_c
[9.329s] [ 79%] Built target action_msgs
[9.381s] [ 81%] [34m[1mGenerating Python code for ROS interfaces[0m
[11.485s] [ 81%] Built target action_msgs__py
[11.555s] [ 82%] [32mBuilding C object CMakeFiles/action_msgs__rosidl_generator_py.dir/rosidl_generator_py/action_msgs/msg/_goal_info_s.c.o[0m
[11.563s] [ 84%] [32mBuilding C object CMakeFiles/action_msgs__rosidl_generator_py.dir/rosidl_generator_py/action_msgs/srv/_cancel_goal_s.c.o[0m
[11.564s] [ 85%] [32mBuilding C object CMakeFiles/action_msgs__rosidl_generator_py.dir/rosidl_generator_py/action_msgs/msg/_goal_status_s.c.o[0m
[11.567s] [ 86%] [32mBuilding C object CMakeFiles/action_msgs__rosidl_generator_py.dir/rosidl_generator_py/action_msgs/msg/_goal_status_array_s.c.o[0m
[11.905s] [ 88%] [32m[1mLinking C shared library rosidl_generator_py/action_msgs/libaction_msgs__rosidl_generator_py.so[0m
[12.049s] [ 88%] Built target action_msgs__rosidl_generator_py
[12.174s] [ 89%] [32mBuilding C object CMakeFiles/action_msgs__rosidl_typesupport_microxrcedds_c__pyext.dir/rosidl_generator_py/action_msgs/_action_msgs_s.ep.rosidl_typesupport_microxrcedds_c.c.o[0m
[12.178s] [ 91%] [32mBuilding C object CMakeFiles/action_msgs__rosidl_typesupport_introspection_c__pyext.dir/rosidl_generator_py/action_msgs/_action_msgs_s.ep.rosidl_typesupport_introspection_c.c.o[0m
[12.220s] [ 92%] [32mBuilding C object CMakeFiles/action_msgs__rosidl_typesupport_fastrtps_c__pyext.dir/rosidl_generator_py/action_msgs/_action_msgs_s.ep.rosidl_typesupport_fastrtps_c.c.o[0m
[12.258s] [ 94%] [32mBuilding C object CMakeFiles/action_msgs__rosidl_typesupport_c__pyext.dir/rosidl_generator_py/action_msgs/_action_msgs_s.ep.rosidl_typesupport_c.c.o[0m
[12.413s] [ 95%] [32m[1mLinking C shared library rosidl_generator_py/action_msgs/action_msgs_s__rosidl_typesupport_introspection_c.cpython-310-x86_64-linux-gnu.so[0m
[12.547s] [ 97%] [32m[1mLinking C shared library rosidl_generator_py/action_msgs/action_msgs_s__rosidl_typesupport_c.cpython-310-x86_64-linux-gnu.so[0m
[12.569s] [ 98%] [32m[1mLinking C shared library rosidl_generator_py/action_msgs/action_msgs_s__rosidl_typesupport_fastrtps_c.cpython-310-x86_64-linux-gnu.so[0m
[12.630s] [ 98%] Built target action_msgs__rosidl_typesupport_introspection_c__pyext
[12.658s] [100%] [32m[1mLinking C shared library rosidl_generator_py/action_msgs/action_msgs_s__rosidl_typesupport_microxrcedds_c.cpython-310-x86_64-linux-gnu.so[0m
[12.772s] [100%] Built target action_msgs__rosidl_typesupport_fastrtps_c__pyext
[12.817s] [100%] Built target action_msgs__rosidl_typesupport_c__pyext
[12.908s] [100%] Built target action_msgs__rosidl_typesupport_microxrcedds_c__pyext
[12.960s] Invoked command in '/home/khanh/Documents/microros_ws/build/action_msgs' returned '0': AMENT_PREFIX_PATH=/home/khanh/Documents/microros_ws/install/unique_identifier_msgs:/home/khanh/Documents/microros_ws/install/builtin_interfaces:${AMENT_PREFIX_PATH} CMAKE_PREFIX_PATH=/home/khanh/Documents/microros_ws/install/unique_identifier_msgs:/home/khanh/Documents/microros_ws/install/builtin_interfaces:/home/khanh/Documents/microros_ws/install/rosidl_typesupport_microxrcedds_cpp:/home/khanh/Documents/microros_ws/install/rosidl_typesupport_microxrcedds_c:/home/khanh/Documents/microros_ws/install/microcdr:/home/khanh/Documents/microros_ws/install/micro_ros_setup:/home/khanh/Documents/microros_ws/install/micro_ros_agent:/home/khanh/Documents/microros_ws/install/micro_ros_msgs:/opt/ros/humble LD_LIBRARY_PATH=/home/khanh/Documents/microros_ws/install/unique_identifier_msgs/lib:/home/khanh/Documents/microros_ws/install/builtin_interfaces/lib:${LD_LIBRARY_PATH} PYTHONPATH=/home/khanh/Documents/microros_ws/install/unique_identifier_msgs/local/lib/python3.10/dist-packages:/home/khanh/Documents/microros_ws/install/builtin_interfaces/local/lib/python3.10/dist-packages:${PYTHONPATH} /usr/bin/cmake --build /home/khanh/Documents/microros_ws/build/action_msgs -- -j16 -l16
[15.798s] Invoking command in '/home/khanh/Documents/microros_ws/build/action_msgs': AMENT_PREFIX_PATH=/home/khanh/Documents/microros_ws/install/unique_identifier_msgs:/home/khanh/Documents/microros_ws/install/builtin_interfaces:${AMENT_PREFIX_PATH} CMAKE_PREFIX_PATH=/home/khanh/Documents/microros_ws/install/unique_identifier_msgs:/home/khanh/Documents/microros_ws/install/builtin_interfaces:/home/khanh/Documents/microros_ws/install/rosidl_typesupport_microxrcedds_cpp:/home/khanh/Documents/microros_ws/install/rosidl_typesupport_microxrcedds_c:/home/khanh/Documents/microros_ws/install/microcdr:/home/khanh/Documents/microros_ws/install/micro_ros_setup:/home/khanh/Documents/microros_ws/install/micro_ros_agent:/home/khanh/Documents/microros_ws/install/micro_ros_msgs:/opt/ros/humble LD_LIBRARY_PATH=/home/khanh/Documents/microros_ws/install/unique_identifier_msgs/lib:/home/khanh/Documents/microros_ws/install/builtin_interfaces/lib:${LD_LIBRARY_PATH} PYTHONPATH=/home/khanh/Documents/microros_ws/install/unique_identifier_msgs/local/lib/python3.10/dist-packages:/home/khanh/Documents/microros_ws/install/builtin_interfaces/local/lib/python3.10/dist-packages:${PYTHONPATH} /usr/bin/cmake --install /home/khanh/Documents/microros_ws/build/action_msgs
[15.858s] -- Install configuration: ""
[15.859s] -- Installing: /home/khanh/Documents/microros_ws/install/action_msgs/share/ament_index/resource_index/rosidl_interfaces/action_msgs
[15.859s] -- Installing: /home/khanh/Documents/microros_ws/install/action_msgs/include/action_msgs/action_msgs
[15.860s] -- Installing: /home/khanh/Documents/microros_ws/install/action_msgs/include/action_msgs/action_msgs/msg
[15.861s] -- Installing: /home/khanh/Documents/microros_ws/install/action_msgs/include/action_msgs/action_msgs/msg/rosidl_generator_c__visibility_control.h
[15.861s] -- Installing: /home/khanh/Documents/microros_ws/install/action_msgs/include/action_msgs/action_msgs/msg/goal_status_array.h
[15.876s] -- Installing: /home/khanh/Documents/microros_ws/install/action_msgs/include/action_msgs/action_msgs/msg/detail
[15.877s] -- Installing: /home/khanh/Documents/microros_ws/install/action_msgs/include/action_msgs/action_msgs/msg/detail/goal_status__functions.c
[15.878s] -- Installing: /home/khanh/Documents/microros_ws/install/action_msgs/include/action_msgs/action_msgs/msg/detail/goal_status_array__type_support.h
[15.878s] -- Installing: /home/khanh/Documents/microros_ws/install/action_msgs/include/action_msgs/action_msgs/msg/detail/goal_status__type_support.h
[15.879s] -- Installing: /home/khanh/Documents/microros_ws/install/action_msgs/include/action_msgs/action_msgs/msg/detail/goal_status_array__functions.h
[15.881s] -- Installing: /home/khanh/Documents/microros_ws/install/action_msgs/include/action_msgs/action_msgs/msg/detail/goal_status_array__struct.h
[15.882s] -- Installing: /home/khanh/Documents/microros_ws/install/action_msgs/include/action_msgs/action_msgs/msg/detail/goal_info__type_support.h
[15.882s] -- Installing: /home/khanh/Documents/microros_ws/install/action_msgs/include/action_msgs/action_msgs/msg/detail/goal_info__functions.h
[15.883s] -- Installing: /home/khanh/Documents/microros_ws/install/action_msgs/include/action_msgs/action_msgs/msg/detail/goal_status__functions.h
[15.884s] -- Installing: /home/khanh/Documents/microros_ws/install/action_msgs/include/action_msgs/action_msgs/msg/detail/goal_status__struct.h
[15.885s] -- Installing: /home/khanh/Documents/microros_ws/install/action_msgs/include/action_msgs/action_msgs/msg/detail/goal_status_array__functions.c
[15.886s] -- Installing: /home/khanh/Documents/microros_ws/install/action_msgs/include/action_msgs/action_msgs/msg/detail/goal_info__functions.c
[15.887s] -- Installing: /home/khanh/Documents/microros_ws/install/action_msgs/include/action_msgs/action_msgs/msg/detail/goal_info__struct.h
[15.888s] -- Installing: /home/khanh/Documents/microros_ws/install/action_msgs/include/action_msgs/action_msgs/msg/goal_status.h
[15.888s] -- Installing: /home/khanh/Documents/microros_ws/install/action_msgs/include/action_msgs/action_msgs/msg/goal_info.h
[15.889s] -- Installing: /home/khanh/Documents/microros_ws/install/action_msgs/include/action_msgs/action_msgs/srv
[15.890s] -- Installing: /home/khanh/Documents/microros_ws/install/action_msgs/include/action_msgs/action_msgs/srv/cancel_goal.h
[15.892s] -- Installing: /home/khanh/Documents/microros_ws/install/action_msgs/include/action_msgs/action_msgs/srv/detail
[15.893s] -- Installing: /home/khanh/Documents/microros_ws/install/action_msgs/include/action_msgs/action_msgs/srv/detail/cancel_goal__functions.c
[15.894s] -- Installing: /home/khanh/Documents/microros_ws/install/action_msgs/include/action_msgs/action_msgs/srv/detail/cancel_goal__type_support.h
[15.895s] -- Installing: /home/khanh/Documents/microros_ws/install/action_msgs/include/action_msgs/action_msgs/srv/detail/cancel_goal__struct.h
[15.896s] -- Installing: /home/khanh/Documents/microros_ws/install/action_msgs/include/action_msgs/action_msgs/srv/detail/cancel_goal__functions.h
[15.897s] -- Installing: /home/khanh/Documents/microros_ws/install/action_msgs/share/action_msgs/environment/library_path.sh
[15.898s] -- Installing: /home/khanh/Documents/microros_ws/install/action_msgs/share/action_msgs/environment/library_path.dsv
[15.900s] -- Installing: /home/khanh/Documents/microros_ws/install/action_msgs/lib/libaction_msgs__rosidl_generator_c.so
[15.904s] -- Set runtime path of "/home/khanh/Documents/microros_ws/install/action_msgs/lib/libaction_msgs__rosidl_generator_c.so" to ""
[15.905s] -- Up-to-date: /home/khanh/Documents/microros_ws/install/action_msgs/include/action_msgs/action_msgs
[15.906s] -- Up-to-date: /home/khanh/Documents/microros_ws/install/action_msgs/include/action_msgs/action_msgs/msg
[15.907s] -- Installing: /home/khanh/Documents/microros_ws/install/action_msgs/include/action_msgs/action_msgs/msg/rosidl_typesupport_fastrtps_c__visibility_control.h
[15.907s] -- Up-to-date: /home/khanh/Documents/microros_ws/install/action_msgs/include/action_msgs/action_msgs/msg/detail
[15.908s] -- Installing: /home/khanh/Documents/microros_ws/install/action_msgs/include/action_msgs/action_msgs/msg/detail/goal_info__rosidl_typesupport_fastrtps_c.h
[15.909s] -- Installing: /home/khanh/Documents/microros_ws/install/action_msgs/include/action_msgs/action_msgs/msg/detail/goal_status__rosidl_typesupport_fastrtps_c.h
[15.910s] -- Installing: /home/khanh/Documents/microros_ws/install/action_msgs/include/action_msgs/action_msgs/msg/detail/goal_status_array__rosidl_typesupport_fastrtps_c.h
[15.911s] -- Up-to-date: /home/khanh/Documents/microros_ws/install/action_msgs/include/action_msgs/action_msgs/srv
[15.911s] -- Up-to-date: /home/khanh/Documents/microros_ws/install/action_msgs/include/action_msgs/action_msgs/srv/detail
[15.912s] -- Installing: /home/khanh/Documents/microros_ws/install/action_msgs/include/action_msgs/action_msgs/srv/detail/cancel_goal__rosidl_typesupport_fastrtps_c.h
[15.913s] -- Installing: /home/khanh/Documents/microros_ws/install/action_msgs/lib/libaction_msgs__rosidl_typesupport_fastrtps_c.so
[15.914s] -- Set runtime path of "/home/khanh/Documents/microros_ws/install/action_msgs/lib/libaction_msgs__rosidl_typesupport_fastrtps_c.so" to ""
[15.916s] -- Up-to-date: /home/khanh/Documents/microros_ws/install/action_msgs/include/action_msgs/action_msgs
[15.916s] -- Up-to-date: /home/khanh/Documents/microros_ws/install/action_msgs/include/action_msgs/action_msgs/msg
[15.917s] -- Installing: /home/khanh/Documents/microros_ws/install/action_msgs/include/action_msgs/action_msgs/msg/goal_info.hpp
[15.918s] -- Installing: /home/khanh/Documents/microros_ws/install/action_msgs/include/action_msgs/action_msgs/msg/goal_status.hpp
[15.919s] -- Installing: /home/khanh/Documents/microros_ws/install/action_msgs/include/action_msgs/action_msgs/msg/goal_status_array.hpp
[15.920s] -- Up-to-date: /home/khanh/Documents/microros_ws/install/action_msgs/include/action_msgs/action_msgs/msg/detail
[15.921s] -- Installing: /home/khanh/Documents/microros_ws/install/action_msgs/include/action_msgs/action_msgs/msg/detail/goal_info__struct.hpp
[15.922s] -- Installing: /home/khanh/Documents/microros_ws/install/action_msgs/include/action_msgs/action_msgs/msg/detail/goal_status_array__builder.hpp
[15.926s] -- Installing: /home/khanh/Documents/microros_ws/install/action_msgs/include/action_msgs/action_msgs/msg/detail/goal_status__traits.hpp
[15.926s] -- Installing: /home/khanh/Documents/microros_ws/install/action_msgs/include/action_msgs/action_msgs/msg/detail/goal_status_array__struct.hpp
[15.927s] -- Installing: /home/khanh/Documents/microros_ws/install/action_msgs/include/action_msgs/action_msgs/msg/detail/goal_status__struct.hpp
[15.928s] -- Installing: /home/khanh/Documents/microros_ws/install/action_msgs/include/action_msgs/action_msgs/msg/detail/goal_info__builder.hpp
[15.929s] -- Installing: /home/khanh/Documents/microros_ws/install/action_msgs/include/action_msgs/action_msgs/msg/detail/goal_status_array__traits.hpp
[15.930s] -- Installing: /home/khanh/Documents/microros_ws/install/action_msgs/include/action_msgs/action_msgs/msg/detail/goal_status__builder.hpp
[15.930s] -- Installing: /home/khanh/Documents/microros_ws/install/action_msgs/include/action_msgs/action_msgs/msg/detail/goal_info__traits.hpp
[15.931s] -- Up-to-date: /home/khanh/Documents/microros_ws/install/action_msgs/include/action_msgs/action_msgs/srv
[15.932s] -- Installing: /home/khanh/Documents/microros_ws/install/action_msgs/include/action_msgs/action_msgs/srv/cancel_goal.hpp
[15.933s] -- Up-to-date: /home/khanh/Documents/microros_ws/install/action_msgs/include/action_msgs/action_msgs/srv/detail
[15.934s] -- Installing: /home/khanh/Documents/microros_ws/install/action_msgs/include/action_msgs/action_msgs/srv/detail/cancel_goal__traits.hpp
[15.934s] -- Installing: /home/khanh/Documents/microros_ws/install/action_msgs/include/action_msgs/action_msgs/srv/detail/cancel_goal__builder.hpp
[15.935s] -- Installing: /home/khanh/Documents/microros_ws/install/action_msgs/include/action_msgs/action_msgs/srv/detail/cancel_goal__struct.hpp
[15.936s] -- Up-to-date: /home/khanh/Documents/microros_ws/install/action_msgs/include/action_msgs/action_msgs
[15.937s] -- Up-to-date: /home/khanh/Documents/microros_ws/install/action_msgs/include/action_msgs/action_msgs/msg
[15.937s] -- Installing: /home/khanh/Documents/microros_ws/install/action_msgs/include/action_msgs/action_msgs/msg/rosidl_typesupport_fastrtps_cpp__visibility_control.h
[15.949s] -- Up-to-date: /home/khanh/Documents/microros_ws/install/action_msgs/include/action_msgs/action_msgs/msg/detail
[15.950s] -- Installing: /home/khanh/Documents/microros_ws/install/action_msgs/include/action_msgs/action_msgs/msg/detail/goal_status__rosidl_typesupport_fastrtps_cpp.hpp
[15.950s] -- Installing: /home/khanh/Documents/microros_ws/install/action_msgs/include/action_msgs/action_msgs/msg/detail/goal_info__rosidl_typesupport_fastrtps_cpp.hpp
[15.952s] -- Installing: /home/khanh/Documents/microros_ws/install/action_msgs/include/action_msgs/action_msgs/msg/detail/goal_status_array__rosidl_typesupport_fastrtps_cpp.hpp
[15.952s] -- Installing: /home/khanh/Documents/microros_ws/install/action_msgs/include/action_msgs/action_msgs/msg/detail/dds_fastrtps
[15.953s] -- Up-to-date: /home/khanh/Documents/microros_ws/install/action_msgs/include/action_msgs/action_msgs/srv
[15.953s] -- Up-to-date: /home/khanh/Documents/microros_ws/install/action_msgs/include/action_msgs/action_msgs/srv/detail
[15.953s] -- Installing: /home/khanh/Documents/microros_ws/install/action_msgs/include/action_msgs/action_msgs/srv/detail/cancel_goal__rosidl_typesupport_fastrtps_cpp.hpp
[15.957s] -- Installing: /home/khanh/Documents/microros_ws/install/action_msgs/include/action_msgs/action_msgs/srv/detail/dds_fastrtps
[15.957s] -- Installing: /home/khanh/Documents/microros_ws/install/action_msgs/lib/libaction_msgs__rosidl_typesupport_fastrtps_cpp.so
[15.958s] -- Set runtime path of "/home/khanh/Documents/microros_ws/install/action_msgs/lib/libaction_msgs__rosidl_typesupport_fastrtps_cpp.so" to ""
[15.958s] -- Up-to-date: /home/khanh/Documents/microros_ws/install/action_msgs/include/action_msgs
[15.959s] -- Installing: /home/khanh/Documents/microros_ws/install/action_msgs/include/action_msgs/msg
[15.959s] -- Installing: /home/khanh/Documents/microros_ws/install/action_msgs/include/action_msgs/msg/rosidl_typesupport_microxrcedds_c__visibility_control.h
[15.959s] -- Installing: /home/khanh/Documents/microros_ws/install/action_msgs/include/action_msgs/msg/detail
[15.963s] -- Installing: /home/khanh/Documents/microros_ws/install/action_msgs/include/action_msgs/msg/detail/goal_status_array__rosidl_typesupport_microxrcedds_c.h
[15.963s] -- Installing: /home/khanh/Documents/microros_ws/install/action_msgs/include/action_msgs/msg/detail/goal_status__rosidl_typesupport_microxrcedds_c.h
[15.963s] -- Installing: /home/khanh/Documents/microros_ws/install/action_msgs/include/action_msgs/msg/detail/microxrcedds
[15.963s] -- Installing: /home/khanh/Documents/microros_ws/install/action_msgs/include/action_msgs/msg/detail/goal_info__rosidl_typesupport_microxrcedds_c.h
[15.964s] -- Installing: /home/khanh/Documents/microros_ws/install/action_msgs/include/action_msgs/srv
[15.964s] -- Installing: /home/khanh/Documents/microros_ws/install/action_msgs/include/action_msgs/srv/detail
[15.964s] -- Installing: /home/khanh/Documents/microros_ws/install/action_msgs/include/action_msgs/srv/detail/cancel_goal__rosidl_typesupport_microxrcedds_c.h
[15.964s] -- Installing: /home/khanh/Documents/microros_ws/install/action_msgs/include/action_msgs/srv/detail/microxrcedds
[15.965s] -- Installing: /home/khanh/Documents/microros_ws/install/action_msgs/lib/libaction_msgs__rosidl_typesupport_microxrcedds_c.so
[15.966s] -- Set runtime path of "/home/khanh/Documents/microros_ws/install/action_msgs/lib/libaction_msgs__rosidl_typesupport_microxrcedds_c.so" to ""
[15.966s] -- Up-to-date: /home/khanh/Documents/microros_ws/install/action_msgs/include/action_msgs/action_msgs
[15.967s] -- Up-to-date: /home/khanh/Documents/microros_ws/install/action_msgs/include/action_msgs/action_msgs/msg
[15.967s] -- Up-to-date: /home/khanh/Documents/microros_ws/install/action_msgs/include/action_msgs/action_msgs/msg/detail
[15.967s] -- Installing: /home/khanh/Documents/microros_ws/install/action_msgs/include/action_msgs/action_msgs/msg/detail/goal_info__rosidl_typesupport_introspection_c.h
[15.969s] -- Installing: /home/khanh/Documents/microros_ws/install/action_msgs/include/action_msgs/action_msgs/msg/detail/goal_status_array__rosidl_typesupport_introspection_c.h
[15.969s] -- Installing: /home/khanh/Documents/microros_ws/install/action_msgs/include/action_msgs/action_msgs/msg/detail/goal_status__rosidl_typesupport_introspection_c.h
[15.969s] -- Installing: /home/khanh/Documents/microros_ws/install/action_msgs/include/action_msgs/action_msgs/msg/detail/goal_info__type_support.c
[15.969s] -- Installing: /home/khanh/Documents/microros_ws/install/action_msgs/include/action_msgs/action_msgs/msg/detail/goal_status_array__type_support.c
[15.970s] -- Installing: /home/khanh/Documents/microros_ws/install/action_msgs/include/action_msgs/action_msgs/msg/detail/goal_status__type_support.c
[15.970s] -- Installing: /home/khanh/Documents/microros_ws/install/action_msgs/include/action_msgs/action_msgs/msg/rosidl_typesupport_introspection_c__visibility_control.h
[15.971s] -- Up-to-date: /home/khanh/Documents/microros_ws/install/action_msgs/include/action_msgs/action_msgs/srv
[15.971s] -- Up-to-date: /home/khanh/Documents/microros_ws/install/action_msgs/include/action_msgs/action_msgs/srv/detail
[15.971s] -- Installing: /home/khanh/Documents/microros_ws/install/action_msgs/include/action_msgs/action_msgs/srv/detail/cancel_goal__rosidl_typesupport_introspection_c.h
[15.971s] -- Installing: /home/khanh/Documents/microros_ws/install/action_msgs/include/action_msgs/action_msgs/srv/detail/cancel_goal__type_support.c
[15.972s] -- Installing: /home/khanh/Documents/microros_ws/install/action_msgs/lib/libaction_msgs__rosidl_typesupport_introspection_c.so
[15.973s] -- Set runtime path of "/home/khanh/Documents/microros_ws/install/action_msgs/lib/libaction_msgs__rosidl_typesupport_introspection_c.so" to ""
[15.973s] -- Installing: /home/khanh/Documents/microros_ws/install/action_msgs/lib/libaction_msgs__rosidl_typesupport_c.so
[15.974s] -- Set runtime path of "/home/khanh/Documents/microros_ws/install/action_msgs/lib/libaction_msgs__rosidl_typesupport_c.so" to ""
[15.974s] -- Up-to-date: /home/khanh/Documents/microros_ws/install/action_msgs/include/action_msgs
[15.975s] -- Up-to-date: /home/khanh/Documents/microros_ws/install/action_msgs/include/action_msgs/msg
[15.975s] -- Up-to-date: /home/khanh/Documents/microros_ws/install/action_msgs/include/action_msgs/msg/detail
[15.975s] -- Installing: /home/khanh/Documents/microros_ws/install/action_msgs/include/action_msgs/msg/detail/goal_status_array__rosidl_typesupport_microxrcedds_cpp.hpp
[15.988s] -- Installing: /home/khanh/Documents/microros_ws/install/action_msgs/include/action_msgs/msg/detail/goal_status__rosidl_typesupport_microxrcedds_cpp.hpp
[15.989s] -- Installing: /home/khanh/Documents/microros_ws/install/action_msgs/include/action_msgs/msg/detail/goal_info__rosidl_typesupport_microxrcedds_cpp.hpp
[15.990s] -- Up-to-date: /home/khanh/Documents/microros_ws/install/action_msgs/include/action_msgs/msg/detail/microxrcedds
[15.990s] -- Installing: /home/khanh/Documents/microros_ws/install/action_msgs/include/action_msgs/msg/detail/microxrcedds/goal_status_array__type_support_cpp.cpp
[15.990s] -- Installing: /home/khanh/Documents/microros_ws/install/action_msgs/include/action_msgs/msg/detail/microxrcedds/goal_status__type_support_cpp.cpp
[15.991s] -- Installing: /home/khanh/Documents/microros_ws/install/action_msgs/include/action_msgs/msg/detail/microxrcedds/goal_info__type_support_cpp.cpp
[15.991s] -- Installing: /home/khanh/Documents/microros_ws/install/action_msgs/include/action_msgs/msg/rosidl_typesupport_microxrcedds_cpp__visibility_control.h
[15.992s] -- Up-to-date: /home/khanh/Documents/microros_ws/install/action_msgs/include/action_msgs/srv
[15.992s] -- Up-to-date: /home/khanh/Documents/microros_ws/install/action_msgs/include/action_msgs/srv/detail
[15.992s] -- Up-to-date: /home/khanh/Documents/microros_ws/install/action_msgs/include/action_msgs/srv/detail/microxrcedds
[15.993s] -- Installing: /home/khanh/Documents/microros_ws/install/action_msgs/include/action_msgs/srv/detail/microxrcedds/cancel_goal__type_support_cpp.cpp
[15.993s] -- Installing: /home/khanh/Documents/microros_ws/install/action_msgs/include/action_msgs/srv/detail/cancel_goal__rosidl_typesupport_microxrcedds_cpp.hpp
[15.994s] -- Installing: /home/khanh/Documents/microros_ws/install/action_msgs/lib/libaction_msgs__rosidl_typesupport_microxrcedds_cpp.so
[16.008s] -- Set runtime path of "/home/khanh/Documents/microros_ws/install/action_msgs/lib/libaction_msgs__rosidl_typesupport_microxrcedds_cpp.so" to ""
[16.009s] -- Up-to-date: /home/khanh/Documents/microros_ws/install/action_msgs/include/action_msgs/action_msgs
[16.009s] -- Up-to-date: /home/khanh/Documents/microros_ws/install/action_msgs/include/action_msgs/action_msgs/msg
[16.010s] -- Up-to-date: /home/khanh/Documents/microros_ws/install/action_msgs/include/action_msgs/action_msgs/msg/detail
[16.010s] -- Installing: /home/khanh/Documents/microros_ws/install/action_msgs/include/action_msgs/action_msgs/msg/detail/goal_status__type_support.cpp
[16.011s] -- Installing: /home/khanh/Documents/microros_ws/install/action_msgs/include/action_msgs/action_msgs/msg/detail/goal_info__type_support.cpp
[16.011s] -- Installing: /home/khanh/Documents/microros_ws/install/action_msgs/include/action_msgs/action_msgs/msg/detail/goal_status_array__type_support.cpp
[16.012s] -- Installing: /home/khanh/Documents/microros_ws/install/action_msgs/include/action_msgs/action_msgs/msg/detail/goal_info__rosidl_typesupport_introspection_cpp.hpp
[16.012s] -- Installing: /home/khanh/Documents/microros_ws/install/action_msgs/include/action_msgs/action_msgs/msg/detail/goal_status__rosidl_typesupport_introspection_cpp.hpp
[16.013s] -- Installing: /home/khanh/Documents/microros_ws/install/action_msgs/include/action_msgs/action_msgs/msg/detail/goal_status_array__rosidl_typesupport_introspection_cpp.hpp
[16.013s] -- Up-to-date: /home/khanh/Documents/microros_ws/install/action_msgs/include/action_msgs/action_msgs/srv
[16.014s] -- Up-to-date: /home/khanh/Documents/microros_ws/install/action_msgs/include/action_msgs/action_msgs/srv/detail
[16.014s] -- Installing: /home/khanh/Documents/microros_ws/install/action_msgs/include/action_msgs/action_msgs/srv/detail/cancel_goal__type_support.cpp
[16.014s] -- Installing: /home/khanh/Documents/microros_ws/install/action_msgs/include/action_msgs/action_msgs/srv/detail/cancel_goal__rosidl_typesupport_introspection_cpp.hpp
[16.015s] -- Installing: /home/khanh/Documents/microros_ws/install/action_msgs/lib/libaction_msgs__rosidl_typesupport_introspection_cpp.so
[16.017s] -- Set runtime path of "/home/khanh/Documents/microros_ws/install/action_msgs/lib/libaction_msgs__rosidl_typesupport_introspection_cpp.so" to ""
[16.017s] -- Installing: /home/khanh/Documents/microros_ws/install/action_msgs/lib/libaction_msgs__rosidl_typesupport_cpp.so
[16.019s] -- Set runtime path of "/home/khanh/Documents/microros_ws/install/action_msgs/lib/libaction_msgs__rosidl_typesupport_cpp.so" to ""
[16.019s] -- Installing: /home/khanh/Documents/microros_ws/install/action_msgs/share/action_msgs/environment/pythonpath.sh
[16.020s] -- Installing: /home/khanh/Documents/microros_ws/install/action_msgs/share/action_msgs/environment/pythonpath.dsv
[16.020s] -- Installing: /home/khanh/Documents/microros_ws/install/action_msgs/local/lib/python3.10/dist-packages/action_msgs-1.2.1-py3.10.egg-info
[16.021s] -- Installing: /home/khanh/Documents/microros_ws/install/action_msgs/local/lib/python3.10/dist-packages/action_msgs-1.2.1-py3.10.egg-info/PKG-INFO
[16.021s] -- Installing: /home/khanh/Documents/microros_ws/install/action_msgs/local/lib/python3.10/dist-packages/action_msgs-1.2.1-py3.10.egg-info/dependency_links.txt
[16.022s] -- Installing: /home/khanh/Documents/microros_ws/install/action_msgs/local/lib/python3.10/dist-packages/action_msgs-1.2.1-py3.10.egg-info/top_level.txt
[16.023s] -- Installing: /home/khanh/Documents/microros_ws/install/action_msgs/local/lib/python3.10/dist-packages/action_msgs-1.2.1-py3.10.egg-info/SOURCES.txt
[16.023s] -- Installing: /home/khanh/Documents/microros_ws/install/action_msgs/local/lib/python3.10/dist-packages/action_msgs
[16.024s] -- Installing: /home/khanh/Documents/microros_ws/install/action_msgs/local/lib/python3.10/dist-packages/action_msgs/action_msgs_s__rosidl_typesupport_fastrtps_c.cpython-310-x86_64-linux-gnu.so
[16.024s] -- Installing: /home/khanh/Documents/microros_ws/install/action_msgs/local/lib/python3.10/dist-packages/action_msgs/_action_msgs_s.ep.rosidl_typesupport_c.c
[16.025s] -- Installing: /home/khanh/Documents/microros_ws/install/action_msgs/local/lib/python3.10/dist-packages/action_msgs/msg
[16.025s] -- Installing: /home/khanh/Documents/microros_ws/install/action_msgs/local/lib/python3.10/dist-packages/action_msgs/msg/_goal_status_array.py
[16.026s] -- Installing: /home/khanh/Documents/microros_ws/install/action_msgs/local/lib/python3.10/dist-packages/action_msgs/msg/_goal_info.py
[16.027s] -- Installing: /home/khanh/Documents/microros_ws/install/action_msgs/local/lib/python3.10/dist-packages/action_msgs/msg/_goal_status.py
[16.027s] -- Installing: /home/khanh/Documents/microros_ws/install/action_msgs/local/lib/python3.10/dist-packages/action_msgs/msg/_goal_status_array_s.c
[16.028s] -- Installing: /home/khanh/Documents/microros_ws/install/action_msgs/local/lib/python3.10/dist-packages/action_msgs/msg/_goal_info_s.c
[16.028s] -- Installing: /home/khanh/Documents/microros_ws/install/action_msgs/local/lib/python3.10/dist-packages/action_msgs/msg/_goal_status_s.c
[16.029s] -- Installing: /home/khanh/Documents/microros_ws/install/action_msgs/local/lib/python3.10/dist-packages/action_msgs/msg/__init__.py
[16.029s] -- Installing: /home/khanh/Documents/microros_ws/install/action_msgs/local/lib/python3.10/dist-packages/action_msgs/_action_msgs_s.ep.rosidl_typesupport_microxrcedds_c.c
[16.030s] -- Installing: /home/khanh/Documents/microros_ws/install/action_msgs/local/lib/python3.10/dist-packages/action_msgs/libaction_msgs__rosidl_generator_py.so
[16.030s] -- Installing: /home/khanh/Documents/microros_ws/install/action_msgs/local/lib/python3.10/dist-packages/action_msgs/action_msgs_s__rosidl_typesupport_microxrcedds_c.cpython-310-x86_64-linux-gnu.so
[16.031s] -- Installing: /home/khanh/Documents/microros_ws/install/action_msgs/local/lib/python3.10/dist-packages/action_msgs/_action_msgs_s.ep.rosidl_typesupport_fastrtps_c.c
[16.031s] -- Installing: /home/khanh/Documents/microros_ws/install/action_msgs/local/lib/python3.10/dist-packages/action_msgs/action_msgs_s__rosidl_typesupport_c.cpython-310-x86_64-linux-gnu.so
[16.033s] -- Installing: /home/khanh/Documents/microros_ws/install/action_msgs/local/lib/python3.10/dist-packages/action_msgs/action_msgs_s__rosidl_typesupport_introspection_c.cpython-310-x86_64-linux-gnu.so
[16.034s] -- Installing: /home/khanh/Documents/microros_ws/install/action_msgs/local/lib/python3.10/dist-packages/action_msgs/_action_msgs_s.ep.rosidl_typesupport_introspection_c.c
[16.035s] -- Installing: /home/khanh/Documents/microros_ws/install/action_msgs/local/lib/python3.10/dist-packages/action_msgs/srv
[16.035s] -- Installing: /home/khanh/Documents/microros_ws/install/action_msgs/local/lib/python3.10/dist-packages/action_msgs/srv/_cancel_goal.py
[16.037s] -- Installing: /home/khanh/Documents/microros_ws/install/action_msgs/local/lib/python3.10/dist-packages/action_msgs/srv/_cancel_goal_s.c
[16.037s] -- Installing: /home/khanh/Documents/microros_ws/install/action_msgs/local/lib/python3.10/dist-packages/action_msgs/srv/__init__.py
[16.040s] -- Installing: /home/khanh/Documents/microros_ws/install/action_msgs/local/lib/python3.10/dist-packages/action_msgs/__init__.py
[16.259s] Listing '/home/khanh/Documents/microros_ws/install/action_msgs/local/lib/python3.10/dist-packages/action_msgs'...
[16.259s] Compiling '/home/khanh/Documents/microros_ws/install/action_msgs/local/lib/python3.10/dist-packages/action_msgs/__init__.py'...
[16.259s] Listing '/home/khanh/Documents/microros_ws/install/action_msgs/local/lib/python3.10/dist-packages/action_msgs/msg'...
[16.261s] Compiling '/home/khanh/Documents/microros_ws/install/action_msgs/local/lib/python3.10/dist-packages/action_msgs/msg/__init__.py'...
[16.261s] Compiling '/home/khanh/Documents/microros_ws/install/action_msgs/local/lib/python3.10/dist-packages/action_msgs/msg/_goal_info.py'...
[16.262s] Compiling '/home/khanh/Documents/microros_ws/install/action_msgs/local/lib/python3.10/dist-packages/action_msgs/msg/_goal_status.py'...
[16.262s] Compiling '/home/khanh/Documents/microros_ws/install/action_msgs/local/lib/python3.10/dist-packages/action_msgs/msg/_goal_status_array.py'...
[16.262s] Listing '/home/khanh/Documents/microros_ws/install/action_msgs/local/lib/python3.10/dist-packages/action_msgs/srv'...
[16.262s] Compiling '/home/khanh/Documents/microros_ws/install/action_msgs/local/lib/python3.10/dist-packages/action_msgs/srv/__init__.py'...
[16.262s] Compiling '/home/khanh/Documents/microros_ws/install/action_msgs/local/lib/python3.10/dist-packages/action_msgs/srv/_cancel_goal.py'...
[16.319s] -- Installing: /home/khanh/Documents/microros_ws/install/action_msgs/local/lib/python3.10/dist-packages/action_msgs/action_msgs_s__rosidl_typesupport_microxrcedds_c.cpython-310-x86_64-linux-gnu.so
[16.320s] -- Set runtime path of "/home/khanh/Documents/microros_ws/install/action_msgs/local/lib/python3.10/dist-packages/action_msgs/action_msgs_s__rosidl_typesupport_microxrcedds_c.cpython-310-x86_64-linux-gnu.so" to ""
[16.320s] -- Installing: /home/khanh/Documents/microros_ws/install/action_msgs/local/lib/python3.10/dist-packages/action_msgs/action_msgs_s__rosidl_typesupport_fastrtps_c.cpython-310-x86_64-linux-gnu.so
[16.321s] -- Set runtime path of "/home/khanh/Documents/microros_ws/install/action_msgs/local/lib/python3.10/dist-packages/action_msgs/action_msgs_s__rosidl_typesupport_fastrtps_c.cpython-310-x86_64-linux-gnu.so" to ""
[16.322s] -- Installing: /home/khanh/Documents/microros_ws/install/action_msgs/local/lib/python3.10/dist-packages/action_msgs/action_msgs_s__rosidl_typesupport_introspection_c.cpython-310-x86_64-linux-gnu.so
[16.322s] -- Set runtime path of "/home/khanh/Documents/microros_ws/install/action_msgs/local/lib/python3.10/dist-packages/action_msgs/action_msgs_s__rosidl_typesupport_introspection_c.cpython-310-x86_64-linux-gnu.so" to ""
[16.323s] -- Installing: /home/khanh/Documents/microros_ws/install/action_msgs/local/lib/python3.10/dist-packages/action_msgs/action_msgs_s__rosidl_typesupport_c.cpython-310-x86_64-linux-gnu.so
[16.323s] -- Set runtime path of "/home/khanh/Documents/microros_ws/install/action_msgs/local/lib/python3.10/dist-packages/action_msgs/action_msgs_s__rosidl_typesupport_c.cpython-310-x86_64-linux-gnu.so" to ""
[16.324s] -- Installing: /home/khanh/Documents/microros_ws/install/action_msgs/lib/libaction_msgs__rosidl_generator_py.so
[16.325s] -- Set runtime path of "/home/khanh/Documents/microros_ws/install/action_msgs/lib/libaction_msgs__rosidl_generator_py.so" to ""
[16.325s] -- Installing: /home/khanh/Documents/microros_ws/install/action_msgs/share/action_msgs/msg/GoalInfo.idl
[16.326s] -- Installing: /home/khanh/Documents/microros_ws/install/action_msgs/share/action_msgs/msg/GoalStatus.idl
[16.327s] -- Installing: /home/khanh/Documents/microros_ws/install/action_msgs/share/action_msgs/msg/GoalStatusArray.idl
[16.327s] -- Installing: /home/khanh/Documents/microros_ws/install/action_msgs/share/action_msgs/srv/CancelGoal.idl
[16.328s] -- Installing: /home/khanh/Documents/microros_ws/install/action_msgs/share/action_msgs/msg/GoalInfo.msg
[16.329s] -- Installing: /home/khanh/Documents/microros_ws/install/action_msgs/share/action_msgs/msg/GoalStatus.msg
[16.329s] -- Installing: /home/khanh/Documents/microros_ws/install/action_msgs/share/action_msgs/msg/GoalStatusArray.msg
[16.330s] -- Installing: /home/khanh/Documents/microros_ws/install/action_msgs/share/action_msgs/srv/CancelGoal.srv
[16.330s] -- Installing: /home/khanh/Documents/microros_ws/install/action_msgs/share/action_msgs/srv/CancelGoal_Request.msg
[16.331s] -- Installing: /home/khanh/Documents/microros_ws/install/action_msgs/share/action_msgs/srv/CancelGoal_Response.msg
[16.331s] -- Installing: /home/khanh/Documents/microros_ws/install/action_msgs/share/ament_index/resource_index/package_run_dependencies/action_msgs
[16.333s] -- Installing: /home/khanh/Documents/microros_ws/install/action_msgs/share/ament_index/resource_index/parent_prefix_path/action_msgs
[16.333s] -- Installing: /home/khanh/Documents/microros_ws/install/action_msgs/share/action_msgs/environment/ament_prefix_path.sh
[16.333s] -- Installing: /home/khanh/Documents/microros_ws/install/action_msgs/share/action_msgs/environment/ament_prefix_path.dsv
[16.333s] -- Installing: /home/khanh/Documents/microros_ws/install/action_msgs/share/action_msgs/environment/path.sh
[16.334s] -- Installing: /home/khanh/Documents/microros_ws/install/action_msgs/share/action_msgs/environment/path.dsv
[16.334s] -- Installing: /home/khanh/Documents/microros_ws/install/action_msgs/share/action_msgs/local_setup.bash
[16.334s] -- Installing: /home/khanh/Documents/microros_ws/install/action_msgs/share/action_msgs/local_setup.sh
[16.335s] -- Installing: /home/khanh/Documents/microros_ws/install/action_msgs/share/action_msgs/local_setup.zsh
[16.337s] -- Installing: /home/khanh/Documents/microros_ws/install/action_msgs/share/action_msgs/local_setup.dsv
[16.337s] -- Installing: /home/khanh/Documents/microros_ws/install/action_msgs/share/action_msgs/package.dsv
[16.338s] -- Installing: /home/khanh/Documents/microros_ws/install/action_msgs/share/ament_index/resource_index/packages/action_msgs
[16.338s] -- Installing: /home/khanh/Documents/microros_ws/install/action_msgs/share/action_msgs/cmake/export_action_msgs__rosidl_generator_cExport.cmake
[16.338s] -- Installing: /home/khanh/Documents/microros_ws/install/action_msgs/share/action_msgs/cmake/export_action_msgs__rosidl_generator_cExport-noconfig.cmake
[16.338s] -- Installing: /home/khanh/Documents/microros_ws/install/action_msgs/share/action_msgs/cmake/export_action_msgs__rosidl_typesupport_fastrtps_cExport.cmake
[16.338s] -- Installing: /home/khanh/Documents/microros_ws/install/action_msgs/share/action_msgs/cmake/export_action_msgs__rosidl_typesupport_fastrtps_cExport-noconfig.cmake
[16.338s] -- Installing: /home/khanh/Documents/microros_ws/install/action_msgs/share/action_msgs/cmake/export_action_msgs__rosidl_generator_cppExport.cmake
[16.338s] -- Installing: /home/khanh/Documents/microros_ws/install/action_msgs/share/action_msgs/cmake/export_action_msgs__rosidl_typesupport_fastrtps_cppExport.cmake
[16.339s] -- Installing: /home/khanh/Documents/microros_ws/install/action_msgs/share/action_msgs/cmake/export_action_msgs__rosidl_typesupport_fastrtps_cppExport-noconfig.cmake
[16.339s] -- Installing: /home/khanh/Documents/microros_ws/install/action_msgs/share/action_msgs/cmake/action_msgs__rosidl_typesupport_introspection_cExport.cmake
[16.339s] -- Installing: /home/khanh/Documents/microros_ws/install/action_msgs/share/action_msgs/cmake/action_msgs__rosidl_typesupport_introspection_cExport-noconfig.cmake
[16.339s] -- Installing: /home/khanh/Documents/microros_ws/install/action_msgs/share/action_msgs/cmake/action_msgs__rosidl_typesupport_cExport.cmake
[16.339s] -- Installing: /home/khanh/Documents/microros_ws/install/action_msgs/share/action_msgs/cmake/action_msgs__rosidl_typesupport_cExport-noconfig.cmake
[16.340s] -- Installing: /home/khanh/Documents/microros_ws/install/action_msgs/share/action_msgs/cmake/action_msgs__rosidl_typesupport_introspection_cppExport.cmake
[16.347s] -- Installing: /home/khanh/Documents/microros_ws/install/action_msgs/share/action_msgs/cmake/action_msgs__rosidl_typesupport_introspection_cppExport-noconfig.cmake
[16.349s] -- Installing: /home/khanh/Documents/microros_ws/install/action_msgs/share/action_msgs/cmake/action_msgs__rosidl_typesupport_cppExport.cmake
[16.349s] -- Installing: /home/khanh/Documents/microros_ws/install/action_msgs/share/action_msgs/cmake/action_msgs__rosidl_typesupport_cppExport-noconfig.cmake
[16.349s] -- Installing: /home/khanh/Documents/microros_ws/install/action_msgs/share/action_msgs/cmake/export_action_msgs__rosidl_generator_pyExport.cmake
[16.353s] -- Installing: /home/khanh/Documents/microros_ws/install/action_msgs/share/action_msgs/cmake/export_action_msgs__rosidl_generator_pyExport-noconfig.cmake
[16.353s] -- Installing: /home/khanh/Documents/microros_ws/install/action_msgs/share/action_msgs/cmake/rosidl_cmake-extras.cmake
[16.354s] -- Installing: /home/khanh/Documents/microros_ws/install/action_msgs/share/action_msgs/cmake/ament_cmake_export_dependencies-extras.cmake
[16.354s] -- Installing: /home/khanh/Documents/microros_ws/install/action_msgs/share/action_msgs/cmake/ament_cmake_export_include_directories-extras.cmake
[16.354s] -- Installing: /home/khanh/Documents/microros_ws/install/action_msgs/share/action_msgs/cmake/ament_cmake_export_libraries-extras.cmake
[16.354s] -- Installing: /home/khanh/Documents/microros_ws/install/action_msgs/share/action_msgs/cmake/ament_cmake_export_targets-extras.cmake
[16.355s] -- Installing: /home/khanh/Documents/microros_ws/install/action_msgs/share/action_msgs/cmake/rosidl_cmake_export_typesupport_targets-extras.cmake
[16.355s] -- Installing: /home/khanh/Documents/microros_ws/install/action_msgs/share/action_msgs/cmake/rosidl_cmake_export_typesupport_libraries-extras.cmake
[16.355s] -- Installing: /home/khanh/Documents/microros_ws/install/action_msgs/share/action_msgs/cmake/action_msgsConfig.cmake
[16.355s] -- Installing: /home/khanh/Documents/microros_ws/install/action_msgs/share/action_msgs/cmake/action_msgsConfig-version.cmake
[16.356s] -- Installing: /home/khanh/Documents/microros_ws/install/action_msgs/share/action_msgs/package.xml
[16.361s] Invoked command in '/home/khanh/Documents/microros_ws/build/action_msgs' returned '0': AMENT_PREFIX_PATH=/home/khanh/Documents/microros_ws/install/unique_identifier_msgs:/home/khanh/Documents/microros_ws/install/builtin_interfaces:${AMENT_PREFIX_PATH} CMAKE_PREFIX_PATH=/home/khanh/Documents/microros_ws/install/unique_identifier_msgs:/home/khanh/Documents/microros_ws/install/builtin_interfaces:/home/khanh/Documents/microros_ws/install/rosidl_typesupport_microxrcedds_cpp:/home/khanh/Documents/microros_ws/install/rosidl_typesupport_microxrcedds_c:/home/khanh/Documents/microros_ws/install/microcdr:/home/khanh/Documents/microros_ws/install/micro_ros_setup:/home/khanh/Documents/microros_ws/install/micro_ros_agent:/home/khanh/Documents/microros_ws/install/micro_ros_msgs:/opt/ros/humble LD_LIBRARY_PATH=/home/khanh/Documents/microros_ws/install/unique_identifier_msgs/lib:/home/khanh/Documents/microros_ws/install/builtin_interfaces/lib:${LD_LIBRARY_PATH} PYTHONPATH=/home/khanh/Documents/microros_ws/install/unique_identifier_msgs/local/lib/python3.10/dist-packages:/home/khanh/Documents/microros_ws/install/builtin_interfaces/local/lib/python3.10/dist-packages:${PYTHONPATH} /usr/bin/cmake --install /home/khanh/Documents/microros_ws/build/action_msgs
