[0.811s] DEBUG:colcon:Command line arguments: ['/usr/bin/colcon', 'build', '--event-handlers', 'console_direct+', '--cmake-args', '-DCMAKE_BUILD_TYPE=Release']
[0.811s] DEBUG:colcon:Parsed command line arguments: Namespace(log_base=None, log_level=None, verb_name='build', build_base='build', install_base='install', merge_install=False, symlink_install=False, test_result_base=None, continue_on_error=False, executor='parallel', parallel_workers=16, event_handlers=['console_direct+'], ignore_user_meta=False, metas=['./colcon.meta'], base_paths=['.'], packages_ignore=None, packages_ignore_regex=None, paths=None, packages_up_to=None, packages_up_to_regex=None, packages_above=None, packages_above_and_dependencies=None, packages_above_depth=None, packages_select_by_dep=None, packages_skip_by_dep=None, packages_skip_up_to=None, packages_select_build_failed=False, packages_skip_build_finished=False, packages_select_test_failures=False, packages_skip_test_passed=False, packages_select=None, packages_skip=None, packages_select_regex=None, packages_skip_regex=None, packages_start=None, packages_end=None, allow_overriding=[], cmake_args=['-DCMAKE_BUILD_TYPE=Release'], cmake_target=None, cmake_target_skip_unavailable=False, cmake_clean_cache=False, cmake_clean_first=False, cmake_force_configure=False, ament_cmake_args=None, catkin_cmake_args=None, catkin_skip_building_tests=False, verb_parser=<colcon_defaults.argument_parser.defaults.DefaultArgumentsDecorator object at 0x7f41c983f340>, verb_extension=<colcon_core.verb.build.BuildVerb object at 0x7f41c983e260>, main=<bound method BuildVerb.main of <colcon_core.verb.build.BuildVerb object at 0x7f41c983e260>>)
[0.848s] Level 1:colcon.colcon_core.package_discovery:discover_packages(colcon_meta) check parameters
[0.848s] Level 1:colcon.colcon_core.package_discovery:discover_packages(recursive) check parameters
[0.848s] Level 1:colcon.colcon_core.package_discovery:discover_packages(ignore) check parameters
[0.848s] Level 1:colcon.colcon_core.package_discovery:discover_packages(path) check parameters
[0.848s] Level 1:colcon.colcon_core.package_discovery:discover_packages(colcon_meta) discover
[0.849s] Level 1:colcon.colcon_core.package_discovery:discover_packages(recursive) discover
[0.849s] INFO:colcon.colcon_core.package_discovery:Crawling recursively for packages in '/home/khanh/Documents/SLAM/ros_ws'
[0.849s] Level 1:colcon.colcon_core.package_identification:_identify(.) by extensions ['ignore', 'ignore_ament_install']
[0.849s] Level 1:colcon.colcon_core.package_identification:_identify(.) by extension 'ignore'
[0.849s] Level 1:colcon.colcon_core.package_identification:_identify(.) by extension 'ignore_ament_install'
[0.849s] Level 1:colcon.colcon_core.package_identification:_identify(.) by extensions ['colcon_pkg']
[0.849s] Level 1:colcon.colcon_core.package_identification:_identify(.) by extension 'colcon_pkg'
[0.849s] Level 1:colcon.colcon_core.package_identification:_identify(.) by extensions ['colcon_meta']
[0.849s] Level 1:colcon.colcon_core.package_identification:_identify(.) by extension 'colcon_meta'
[0.849s] Level 1:colcon.colcon_core.package_identification:_identify(.) by extensions ['ros']
[0.849s] Level 1:colcon.colcon_core.package_identification:_identify(.) by extension 'ros'
[0.857s] Level 1:colcon.colcon_core.package_identification:_identify(.) by extensions ['cmake', 'python']
[0.857s] Level 1:colcon.colcon_core.package_identification:_identify(.) by extension 'cmake'
[0.858s] Level 1:colcon.colcon_core.package_identification:_identify(.) by extension 'python'
[0.858s] Level 1:colcon.colcon_core.package_identification:_identify(.) by extensions ['python_setup_py']
[0.858s] Level 1:colcon.colcon_core.package_identification:_identify(.) by extension 'python_setup_py'
[0.858s] Level 1:colcon.colcon_core.package_identification:_identify(Log) by extensions ['ignore', 'ignore_ament_install']
[0.858s] Level 1:colcon.colcon_core.package_identification:_identify(Log) by extension 'ignore'
[0.858s] Level 1:colcon.colcon_core.package_identification:_identify(Log) by extension 'ignore_ament_install'
[0.858s] Level 1:colcon.colcon_core.package_identification:_identify(Log) by extensions ['colcon_pkg']
[0.858s] Level 1:colcon.colcon_core.package_identification:_identify(Log) by extension 'colcon_pkg'
[0.858s] Level 1:colcon.colcon_core.package_identification:_identify(Log) by extensions ['colcon_meta']
[0.858s] Level 1:colcon.colcon_core.package_identification:_identify(Log) by extension 'colcon_meta'
[0.858s] Level 1:colcon.colcon_core.package_identification:_identify(Log) by extensions ['ros']
[0.858s] Level 1:colcon.colcon_core.package_identification:_identify(Log) by extension 'ros'
[0.858s] Level 1:colcon.colcon_core.package_identification:_identify(Log) by extensions ['cmake', 'python']
[0.858s] Level 1:colcon.colcon_core.package_identification:_identify(Log) by extension 'cmake'
[0.858s] Level 1:colcon.colcon_core.package_identification:_identify(Log) by extension 'python'
[0.858s] Level 1:colcon.colcon_core.package_identification:_identify(Log) by extensions ['python_setup_py']
[0.858s] Level 1:colcon.colcon_core.package_identification:_identify(Log) by extension 'python_setup_py'
[0.858s] Level 1:colcon.colcon_core.package_identification:_identify(build) by extensions ['ignore', 'ignore_ament_install']
[0.858s] Level 1:colcon.colcon_core.package_identification:_identify(build) by extension 'ignore'
[0.858s] Level 1:colcon.colcon_core.package_identification:_identify(build) ignored
[0.859s] Level 1:colcon.colcon_core.package_identification:_identify(install) by extensions ['ignore', 'ignore_ament_install']
[0.859s] Level 1:colcon.colcon_core.package_identification:_identify(install) by extension 'ignore'
[0.859s] Level 1:colcon.colcon_core.package_identification:_identify(install) ignored
[0.859s] Level 1:colcon.colcon_core.package_identification:_identify(log) by extensions ['ignore', 'ignore_ament_install']
[0.859s] Level 1:colcon.colcon_core.package_identification:_identify(log) by extension 'ignore'
[0.859s] Level 1:colcon.colcon_core.package_identification:_identify(log) ignored
[0.859s] Level 1:colcon.colcon_core.package_identification:_identify(src) by extensions ['ignore', 'ignore_ament_install']
[0.859s] Level 1:colcon.colcon_core.package_identification:_identify(src) by extension 'ignore'
[0.859s] Level 1:colcon.colcon_core.package_identification:_identify(src) by extension 'ignore_ament_install'
[0.859s] Level 1:colcon.colcon_core.package_identification:_identify(src) by extensions ['colcon_pkg']
[0.859s] Level 1:colcon.colcon_core.package_identification:_identify(src) by extension 'colcon_pkg'
[0.859s] Level 1:colcon.colcon_core.package_identification:_identify(src) by extensions ['colcon_meta']
[0.859s] Level 1:colcon.colcon_core.package_identification:_identify(src) by extension 'colcon_meta'
[0.859s] Level 1:colcon.colcon_core.package_identification:_identify(src) by extensions ['ros']
[0.859s] Level 1:colcon.colcon_core.package_identification:_identify(src) by extension 'ros'
[0.859s] Level 1:colcon.colcon_core.package_identification:_identify(src) by extensions ['cmake', 'python']
[0.859s] Level 1:colcon.colcon_core.package_identification:_identify(src) by extension 'cmake'
[0.859s] Level 1:colcon.colcon_core.package_identification:_identify(src) by extension 'python'
[0.859s] Level 1:colcon.colcon_core.package_identification:_identify(src) by extensions ['python_setup_py']
[0.859s] Level 1:colcon.colcon_core.package_identification:_identify(src) by extension 'python_setup_py'
[0.859s] Level 1:colcon.colcon_core.package_identification:_identify(src/OrbbecSDK_ROS2) by extensions ['ignore', 'ignore_ament_install']
[0.859s] Level 1:colcon.colcon_core.package_identification:_identify(src/OrbbecSDK_ROS2) by extension 'ignore'
[0.860s] Level 1:colcon.colcon_core.package_identification:_identify(src/OrbbecSDK_ROS2) by extension 'ignore_ament_install'
[0.860s] Level 1:colcon.colcon_core.package_identification:_identify(src/OrbbecSDK_ROS2) by extensions ['colcon_pkg']
[0.860s] Level 1:colcon.colcon_core.package_identification:_identify(src/OrbbecSDK_ROS2) by extension 'colcon_pkg'
[0.860s] Level 1:colcon.colcon_core.package_identification:_identify(src/OrbbecSDK_ROS2) by extensions ['colcon_meta']
[0.860s] Level 1:colcon.colcon_core.package_identification:_identify(src/OrbbecSDK_ROS2) by extension 'colcon_meta'
[0.860s] Level 1:colcon.colcon_core.package_identification:_identify(src/OrbbecSDK_ROS2) by extensions ['ros']
[0.860s] Level 1:colcon.colcon_core.package_identification:_identify(src/OrbbecSDK_ROS2) by extension 'ros'
[0.860s] Level 1:colcon.colcon_core.package_identification:_identify(src/OrbbecSDK_ROS2) by extensions ['cmake', 'python']
[0.860s] Level 1:colcon.colcon_core.package_identification:_identify(src/OrbbecSDK_ROS2) by extension 'cmake'
[0.860s] Level 1:colcon.colcon_core.package_identification:_identify(src/OrbbecSDK_ROS2) by extension 'python'
[0.860s] Level 1:colcon.colcon_core.package_identification:_identify(src/OrbbecSDK_ROS2) by extensions ['python_setup_py']
[0.860s] Level 1:colcon.colcon_core.package_identification:_identify(src/OrbbecSDK_ROS2) by extension 'python_setup_py'
[0.860s] Level 1:colcon.colcon_core.package_identification:_identify(src/OrbbecSDK_ROS2/orbbec_camera) by extensions ['ignore', 'ignore_ament_install']
[0.860s] Level 1:colcon.colcon_core.package_identification:_identify(src/OrbbecSDK_ROS2/orbbec_camera) by extension 'ignore'
[0.860s] Level 1:colcon.colcon_core.package_identification:_identify(src/OrbbecSDK_ROS2/orbbec_camera) by extension 'ignore_ament_install'
[0.860s] Level 1:colcon.colcon_core.package_identification:_identify(src/OrbbecSDK_ROS2/orbbec_camera) by extensions ['colcon_pkg']
[0.860s] Level 1:colcon.colcon_core.package_identification:_identify(src/OrbbecSDK_ROS2/orbbec_camera) by extension 'colcon_pkg'
[0.860s] Level 1:colcon.colcon_core.package_identification:_identify(src/OrbbecSDK_ROS2/orbbec_camera) by extensions ['colcon_meta']
[0.860s] Level 1:colcon.colcon_core.package_identification:_identify(src/OrbbecSDK_ROS2/orbbec_camera) by extension 'colcon_meta'
[0.860s] Level 1:colcon.colcon_core.package_identification:_identify(src/OrbbecSDK_ROS2/orbbec_camera) by extensions ['ros']
[0.860s] Level 1:colcon.colcon_core.package_identification:_identify(src/OrbbecSDK_ROS2/orbbec_camera) by extension 'ros'
[0.863s] DEBUG:colcon.colcon_core.package_identification:Package 'src/OrbbecSDK_ROS2/orbbec_camera' with type 'ros.ament_cmake' and name 'orbbec_camera'
[0.863s] Level 1:colcon.colcon_core.package_identification:_identify(src/OrbbecSDK_ROS2/orbbec_camera_msgs) by extensions ['ignore', 'ignore_ament_install']
[0.863s] Level 1:colcon.colcon_core.package_identification:_identify(src/OrbbecSDK_ROS2/orbbec_camera_msgs) by extension 'ignore'
[0.863s] Level 1:colcon.colcon_core.package_identification:_identify(src/OrbbecSDK_ROS2/orbbec_camera_msgs) by extension 'ignore_ament_install'
[0.863s] Level 1:colcon.colcon_core.package_identification:_identify(src/OrbbecSDK_ROS2/orbbec_camera_msgs) by extensions ['colcon_pkg']
[0.863s] Level 1:colcon.colcon_core.package_identification:_identify(src/OrbbecSDK_ROS2/orbbec_camera_msgs) by extension 'colcon_pkg'
[0.863s] Level 1:colcon.colcon_core.package_identification:_identify(src/OrbbecSDK_ROS2/orbbec_camera_msgs) by extensions ['colcon_meta']
[0.863s] Level 1:colcon.colcon_core.package_identification:_identify(src/OrbbecSDK_ROS2/orbbec_camera_msgs) by extension 'colcon_meta'
[0.863s] Level 1:colcon.colcon_core.package_identification:_identify(src/OrbbecSDK_ROS2/orbbec_camera_msgs) by extensions ['ros']
[0.863s] Level 1:colcon.colcon_core.package_identification:_identify(src/OrbbecSDK_ROS2/orbbec_camera_msgs) by extension 'ros'
[0.864s] DEBUG:colcon.colcon_core.package_identification:Package 'src/OrbbecSDK_ROS2/orbbec_camera_msgs' with type 'ros.ament_cmake' and name 'orbbec_camera_msgs'
[0.864s] Level 1:colcon.colcon_core.package_identification:_identify(src/OrbbecSDK_ROS2/orbbec_description) by extensions ['ignore', 'ignore_ament_install']
[0.864s] Level 1:colcon.colcon_core.package_identification:_identify(src/OrbbecSDK_ROS2/orbbec_description) by extension 'ignore'
[0.864s] Level 1:colcon.colcon_core.package_identification:_identify(src/OrbbecSDK_ROS2/orbbec_description) by extension 'ignore_ament_install'
[0.864s] Level 1:colcon.colcon_core.package_identification:_identify(src/OrbbecSDK_ROS2/orbbec_description) by extensions ['colcon_pkg']
[0.864s] Level 1:colcon.colcon_core.package_identification:_identify(src/OrbbecSDK_ROS2/orbbec_description) by extension 'colcon_pkg'
[0.864s] Level 1:colcon.colcon_core.package_identification:_identify(src/OrbbecSDK_ROS2/orbbec_description) by extensions ['colcon_meta']
[0.864s] Level 1:colcon.colcon_core.package_identification:_identify(src/OrbbecSDK_ROS2/orbbec_description) by extension 'colcon_meta'
[0.864s] Level 1:colcon.colcon_core.package_identification:_identify(src/OrbbecSDK_ROS2/orbbec_description) by extensions ['ros']
[0.864s] Level 1:colcon.colcon_core.package_identification:_identify(src/OrbbecSDK_ROS2/orbbec_description) by extension 'ros'
[0.865s] DEBUG:colcon.colcon_core.package_identification:Package 'src/OrbbecSDK_ROS2/orbbec_description' with type 'ros.ament_cmake' and name 'orbbec_description'
[0.865s] Level 1:colcon.colcon_core.package_discovery:discover_packages(recursive) using defaults
[0.865s] Level 1:colcon.colcon_core.package_discovery:discover_packages(ignore) discover
[0.865s] Level 1:colcon.colcon_core.package_discovery:discover_packages(ignore) using defaults
[0.865s] Level 1:colcon.colcon_core.package_discovery:discover_packages(path) discover
[0.865s] Level 1:colcon.colcon_core.package_discovery:discover_packages(path) using defaults
[0.937s] Level 1:colcon.colcon_core.package_discovery:discover_packages(prefix_path) check parameters
[0.937s] Level 1:colcon.colcon_core.package_discovery:discover_packages(prefix_path) discover
[0.949s] WARNING:colcon.colcon_ros.prefix_path.ament:The path '/home/khanh/Documents/SLAM/ros_ws/install/rtabmap_rviz_plugins' in the environment variable AMENT_PREFIX_PATH doesn't exist
[0.949s] WARNING:colcon.colcon_ros.prefix_path.ament:The path '/home/khanh/Documents/SLAM/ros_ws/install/rtabmap_python' in the environment variable AMENT_PREFIX_PATH doesn't exist
[0.949s] WARNING:colcon.colcon_ros.prefix_path.ament:The path '/home/khanh/Documents/SLAM/ros_ws/install/rtabmap_conversions' in the environment variable AMENT_PREFIX_PATH doesn't exist
[0.950s] WARNING:colcon.colcon_ros.prefix_path.catkin:The path '/home/khanh/Documents/SLAM/ros_ws/install/rtabmap_rviz_plugins' in the environment variable CMAKE_PREFIX_PATH doesn't exist
[0.950s] WARNING:colcon.colcon_ros.prefix_path.catkin:The path '/home/khanh/Documents/SLAM/ros_ws/install/rtabmap_conversions' in the environment variable CMAKE_PREFIX_PATH doesn't exist
[0.950s] WARNING:colcon.colcon_ros.prefix_path.catkin:The path '/home/khanh/Documents/SLAM/ros_ws/install/rtabmap_msgs' in the environment variable CMAKE_PREFIX_PATH doesn't exist
[0.950s] WARNING:colcon.colcon_ros.prefix_path.catkin:The path '/home/khanh/Documents/SLAM/ros_ws/install/rtabmap' in the environment variable CMAKE_PREFIX_PATH doesn't exist
[0.962s] DEBUG:colcon.colcon_installed_package_information.package_discovery:Found 3 installed packages in /home/khanh/Documents/SLAM/ros_ws/install
[0.975s] DEBUG:colcon.colcon_installed_package_information.package_discovery:Found 363 installed packages in /opt/ros/humble
[0.976s] Level 1:colcon.colcon_core.package_discovery:discover_packages(prefix_path) using defaults
[1.058s] Level 5:colcon.colcon_core.verb:set package 'orbbec_camera_msgs' build argument 'cmake_args' from command line to '['-DCMAKE_BUILD_TYPE=Release']'
[1.058s] Level 5:colcon.colcon_core.verb:set package 'orbbec_camera_msgs' build argument 'cmake_target' from command line to 'None'
[1.058s] Level 5:colcon.colcon_core.verb:set package 'orbbec_camera_msgs' build argument 'cmake_target_skip_unavailable' from command line to 'False'
[1.058s] Level 5:colcon.colcon_core.verb:set package 'orbbec_camera_msgs' build argument 'cmake_clean_cache' from command line to 'False'
[1.058s] Level 5:colcon.colcon_core.verb:set package 'orbbec_camera_msgs' build argument 'cmake_clean_first' from command line to 'False'
[1.058s] Level 5:colcon.colcon_core.verb:set package 'orbbec_camera_msgs' build argument 'cmake_force_configure' from command line to 'False'
[1.058s] Level 5:colcon.colcon_core.verb:set package 'orbbec_camera_msgs' build argument 'ament_cmake_args' from command line to 'None'
[1.058s] Level 5:colcon.colcon_core.verb:set package 'orbbec_camera_msgs' build argument 'catkin_cmake_args' from command line to 'None'
[1.058s] Level 5:colcon.colcon_core.verb:set package 'orbbec_camera_msgs' build argument 'catkin_skip_building_tests' from command line to 'False'
[1.058s] DEBUG:colcon.colcon_core.verb:Building package 'orbbec_camera_msgs' with the following arguments: {'ament_cmake_args': None, 'build_base': '/home/khanh/Documents/SLAM/ros_ws/build/orbbec_camera_msgs', 'catkin_cmake_args': None, 'catkin_skip_building_tests': False, 'cmake_args': ['-DCMAKE_BUILD_TYPE=Release'], 'cmake_clean_cache': False, 'cmake_clean_first': False, 'cmake_force_configure': False, 'cmake_target': None, 'cmake_target_skip_unavailable': False, 'install_base': '/home/khanh/Documents/SLAM/ros_ws/install/orbbec_camera_msgs', 'merge_install': False, 'path': '/home/khanh/Documents/SLAM/ros_ws/src/OrbbecSDK_ROS2/orbbec_camera_msgs', 'symlink_install': False, 'test_result_base': None}
[1.070s] Level 5:colcon.colcon_core.verb:set package 'orbbec_description' build argument 'cmake_args' from command line to '['-DCMAKE_BUILD_TYPE=Release']'
[1.070s] Level 5:colcon.colcon_core.verb:set package 'orbbec_description' build argument 'cmake_target' from command line to 'None'
[1.070s] Level 5:colcon.colcon_core.verb:set package 'orbbec_description' build argument 'cmake_target_skip_unavailable' from command line to 'False'
[1.070s] Level 5:colcon.colcon_core.verb:set package 'orbbec_description' build argument 'cmake_clean_cache' from command line to 'False'
[1.070s] Level 5:colcon.colcon_core.verb:set package 'orbbec_description' build argument 'cmake_clean_first' from command line to 'False'
[1.070s] Level 5:colcon.colcon_core.verb:set package 'orbbec_description' build argument 'cmake_force_configure' from command line to 'False'
[1.070s] Level 5:colcon.colcon_core.verb:set package 'orbbec_description' build argument 'ament_cmake_args' from command line to 'None'
[1.070s] Level 5:colcon.colcon_core.verb:set package 'orbbec_description' build argument 'catkin_cmake_args' from command line to 'None'
[1.070s] Level 5:colcon.colcon_core.verb:set package 'orbbec_description' build argument 'catkin_skip_building_tests' from command line to 'False'
[1.070s] DEBUG:colcon.colcon_core.verb:Building package 'orbbec_description' with the following arguments: {'ament_cmake_args': None, 'build_base': '/home/khanh/Documents/SLAM/ros_ws/build/orbbec_description', 'catkin_cmake_args': None, 'catkin_skip_building_tests': False, 'cmake_args': ['-DCMAKE_BUILD_TYPE=Release'], 'cmake_clean_cache': False, 'cmake_clean_first': False, 'cmake_force_configure': False, 'cmake_target': None, 'cmake_target_skip_unavailable': False, 'install_base': '/home/khanh/Documents/SLAM/ros_ws/install/orbbec_description', 'merge_install': False, 'path': '/home/khanh/Documents/SLAM/ros_ws/src/OrbbecSDK_ROS2/orbbec_description', 'symlink_install': False, 'test_result_base': None}
[1.082s] Level 5:colcon.colcon_core.verb:set package 'orbbec_camera' build argument 'cmake_args' from command line to '['-DCMAKE_BUILD_TYPE=Release']'
[1.082s] Level 5:colcon.colcon_core.verb:set package 'orbbec_camera' build argument 'cmake_target' from command line to 'None'
[1.082s] Level 5:colcon.colcon_core.verb:set package 'orbbec_camera' build argument 'cmake_target_skip_unavailable' from command line to 'False'
[1.082s] Level 5:colcon.colcon_core.verb:set package 'orbbec_camera' build argument 'cmake_clean_cache' from command line to 'False'
[1.082s] Level 5:colcon.colcon_core.verb:set package 'orbbec_camera' build argument 'cmake_clean_first' from command line to 'False'
[1.082s] Level 5:colcon.colcon_core.verb:set package 'orbbec_camera' build argument 'cmake_force_configure' from command line to 'False'
[1.082s] Level 5:colcon.colcon_core.verb:set package 'orbbec_camera' build argument 'ament_cmake_args' from command line to 'None'
[1.082s] Level 5:colcon.colcon_core.verb:set package 'orbbec_camera' build argument 'catkin_cmake_args' from command line to 'None'
[1.082s] Level 5:colcon.colcon_core.verb:set package 'orbbec_camera' build argument 'catkin_skip_building_tests' from command line to 'False'
[1.082s] DEBUG:colcon.colcon_core.verb:Building package 'orbbec_camera' with the following arguments: {'ament_cmake_args': None, 'build_base': '/home/khanh/Documents/SLAM/ros_ws/build/orbbec_camera', 'catkin_cmake_args': None, 'catkin_skip_building_tests': False, 'cmake_args': ['-DCMAKE_BUILD_TYPE=Release'], 'cmake_clean_cache': False, 'cmake_clean_first': False, 'cmake_force_configure': False, 'cmake_target': None, 'cmake_target_skip_unavailable': False, 'install_base': '/home/khanh/Documents/SLAM/ros_ws/install/orbbec_camera', 'merge_install': False, 'path': '/home/khanh/Documents/SLAM/ros_ws/src/OrbbecSDK_ROS2/orbbec_camera', 'symlink_install': False, 'test_result_base': None}
[1.093s] INFO:colcon.colcon_core.executor:Executing jobs using 'parallel' executor
[1.105s] DEBUG:colcon.colcon_parallel_executor.executor.parallel:run_until_complete
[1.106s] INFO:colcon.colcon_ros.task.ament_cmake.build:Building ROS package in '/home/khanh/Documents/SLAM/ros_ws/src/OrbbecSDK_ROS2/orbbec_camera_msgs' with build type 'ament_cmake'
[1.106s] INFO:colcon.colcon_cmake.task.cmake.build:Building CMake package in '/home/khanh/Documents/SLAM/ros_ws/src/OrbbecSDK_ROS2/orbbec_camera_msgs'
[1.119s] INFO:colcon.colcon_core.plugin_system:Skipping extension 'colcon_core.shell.bat': Not used on non-Windows systems
[1.119s] INFO:colcon.colcon_core.shell:Skip shell extension 'powershell' for command environment: Not usable outside of PowerShell
[1.119s] DEBUG:colcon.colcon_core.shell:Skip shell extension 'dsv' for command environment
[1.156s] INFO:colcon.colcon_ros.task.ament_cmake.build:Building ROS package in '/home/khanh/Documents/SLAM/ros_ws/src/OrbbecSDK_ROS2/orbbec_description' with build type 'ament_cmake'
[1.156s] INFO:colcon.colcon_cmake.task.cmake.build:Building CMake package in '/home/khanh/Documents/SLAM/ros_ws/src/OrbbecSDK_ROS2/orbbec_description'
[1.168s] INFO:colcon.colcon_core.shell:Skip shell extension 'powershell' for command environment: Not usable outside of PowerShell
[1.168s] DEBUG:colcon.colcon_core.shell:Skip shell extension 'dsv' for command environment
[1.210s] DEBUG:colcon.colcon_core.event_handler.log_command:Invoking command in '/home/khanh/Documents/SLAM/ros_ws/build/orbbec_camera_msgs': CMAKE_PREFIX_PATH=${CMAKE_PREFIX_PATH}:/home/khanh/Documents/SLAM/ros_ws/install/rtabmap_python:/opt/ros/humble /usr/bin/cmake --build /home/khanh/Documents/SLAM/ros_ws/build/orbbec_camera_msgs -- -j16 -l16
[1.213s] DEBUG:colcon.colcon_core.event_handler.log_command:Invoking command in '/home/khanh/Documents/SLAM/ros_ws/build/orbbec_description': CMAKE_PREFIX_PATH=${CMAKE_PREFIX_PATH}:/home/khanh/Documents/SLAM/ros_ws/install/rtabmap_python:/opt/ros/humble /usr/bin/cmake --build /home/khanh/Documents/SLAM/ros_ws/build/orbbec_description -- -j16 -l16
[1.252s] DEBUG:colcon.colcon_core.event_handler.log_command:Invoked command in '/home/khanh/Documents/SLAM/ros_ws/build/orbbec_description' returned '0': CMAKE_PREFIX_PATH=${CMAKE_PREFIX_PATH}:/home/khanh/Documents/SLAM/ros_ws/install/rtabmap_python:/opt/ros/humble /usr/bin/cmake --build /home/khanh/Documents/SLAM/ros_ws/build/orbbec_description -- -j16 -l16
[1.290s] DEBUG:colcon.colcon_core.event_handler.log_command:Invoking command in '/home/khanh/Documents/SLAM/ros_ws/build/orbbec_description': CMAKE_PREFIX_PATH=${CMAKE_PREFIX_PATH}:/home/khanh/Documents/SLAM/ros_ws/install/rtabmap_python:/opt/ros/humble /usr/bin/cmake --install /home/khanh/Documents/SLAM/ros_ws/build/orbbec_description
[1.299s] Level 1:colcon.colcon_core.environment:create_environment_scripts_only(orbbec_description)
[1.299s] DEBUG:colcon.colcon_core.event_handler.log_command:Invoked command in '/home/khanh/Documents/SLAM/ros_ws/build/orbbec_description' returned '0': CMAKE_PREFIX_PATH=${CMAKE_PREFIX_PATH}:/home/khanh/Documents/SLAM/ros_ws/install/rtabmap_python:/opt/ros/humble /usr/bin/cmake --install /home/khanh/Documents/SLAM/ros_ws/build/orbbec_description
[1.327s] Level 1:colcon.colcon_core.environment:checking '/home/khanh/Documents/SLAM/ros_ws/install/orbbec_description' for CMake module files
[1.327s] Level 1:colcon.colcon_core.environment:checking '/home/khanh/Documents/SLAM/ros_ws/install/orbbec_description' for CMake config files
[1.327s] Level 1:colcon.colcon_core.shell:create_environment_hook('orbbec_description', 'cmake_prefix_path')
[1.339s] INFO:colcon.colcon_core.shell:Creating environment hook '/home/khanh/Documents/SLAM/ros_ws/install/orbbec_description/share/orbbec_description/hook/cmake_prefix_path.ps1'
[1.340s] INFO:colcon.colcon_core.shell:Creating environment descriptor '/home/khanh/Documents/SLAM/ros_ws/install/orbbec_description/share/orbbec_description/hook/cmake_prefix_path.dsv'
[1.340s] INFO:colcon.colcon_core.shell:Creating environment hook '/home/khanh/Documents/SLAM/ros_ws/install/orbbec_description/share/orbbec_description/hook/cmake_prefix_path.sh'
[1.341s] Level 1:colcon.colcon_core.environment:checking '/home/khanh/Documents/SLAM/ros_ws/install/orbbec_description/bin'
[1.341s] Level 1:colcon.colcon_core.environment:checking '/home/khanh/Documents/SLAM/ros_ws/install/orbbec_description/lib/pkgconfig/orbbec_description.pc'
[1.341s] Level 1:colcon.colcon_core.environment:checking '/home/khanh/Documents/SLAM/ros_ws/install/orbbec_description/lib/python3.10/site-packages'
[1.341s] Level 1:colcon.colcon_core.environment:checking '/home/khanh/Documents/SLAM/ros_ws/install/orbbec_description/bin'
[1.354s] INFO:colcon.colcon_core.shell:Creating package script '/home/khanh/Documents/SLAM/ros_ws/install/orbbec_description/share/orbbec_description/package.ps1'
[1.354s] INFO:colcon.colcon_core.shell:Creating package descriptor '/home/khanh/Documents/SLAM/ros_ws/install/orbbec_description/share/orbbec_description/package.dsv'
[1.355s] INFO:colcon.colcon_core.shell:Creating package script '/home/khanh/Documents/SLAM/ros_ws/install/orbbec_description/share/orbbec_description/package.sh'
[1.355s] INFO:colcon.colcon_core.shell:Creating package script '/home/khanh/Documents/SLAM/ros_ws/install/orbbec_description/share/orbbec_description/package.bash'
[1.356s] INFO:colcon.colcon_core.shell:Creating package script '/home/khanh/Documents/SLAM/ros_ws/install/orbbec_description/share/orbbec_description/package.zsh'
[1.356s] Level 1:colcon.colcon_core.environment:create_file_with_runtime_dependencies(/home/khanh/Documents/SLAM/ros_ws/install/orbbec_description/share/colcon-core/packages/orbbec_description)
[1.394s] Level 1:colcon.colcon_core.environment:create_environment_scripts_only(orbbec_description)
[1.407s] Level 1:colcon.colcon_core.environment:checking '/home/khanh/Documents/SLAM/ros_ws/install/orbbec_description' for CMake module files
[1.408s] Level 1:colcon.colcon_core.environment:checking '/home/khanh/Documents/SLAM/ros_ws/install/orbbec_description' for CMake config files
[1.408s] Level 1:colcon.colcon_core.shell:create_environment_hook('orbbec_description', 'cmake_prefix_path')
[1.420s] INFO:colcon.colcon_core.shell:Creating environment hook '/home/khanh/Documents/SLAM/ros_ws/install/orbbec_description/share/orbbec_description/hook/cmake_prefix_path.ps1'
[1.421s] INFO:colcon.colcon_core.shell:Creating environment descriptor '/home/khanh/Documents/SLAM/ros_ws/install/orbbec_description/share/orbbec_description/hook/cmake_prefix_path.dsv'
[1.421s] INFO:colcon.colcon_core.shell:Creating environment hook '/home/khanh/Documents/SLAM/ros_ws/install/orbbec_description/share/orbbec_description/hook/cmake_prefix_path.sh'
[1.421s] Level 1:colcon.colcon_core.environment:checking '/home/khanh/Documents/SLAM/ros_ws/install/orbbec_description/bin'
[1.421s] Level 1:colcon.colcon_core.environment:checking '/home/khanh/Documents/SLAM/ros_ws/install/orbbec_description/lib/pkgconfig/orbbec_description.pc'
[1.421s] Level 1:colcon.colcon_core.environment:checking '/home/khanh/Documents/SLAM/ros_ws/install/orbbec_description/lib/python3.10/site-packages'
[1.422s] Level 1:colcon.colcon_core.environment:checking '/home/khanh/Documents/SLAM/ros_ws/install/orbbec_description/bin'
[1.433s] INFO:colcon.colcon_core.shell:Creating package script '/home/khanh/Documents/SLAM/ros_ws/install/orbbec_description/share/orbbec_description/package.ps1'
[1.434s] INFO:colcon.colcon_core.shell:Creating package descriptor '/home/khanh/Documents/SLAM/ros_ws/install/orbbec_description/share/orbbec_description/package.dsv'
[1.434s] INFO:colcon.colcon_core.shell:Creating package script '/home/khanh/Documents/SLAM/ros_ws/install/orbbec_description/share/orbbec_description/package.sh'
[1.434s] INFO:colcon.colcon_core.shell:Creating package script '/home/khanh/Documents/SLAM/ros_ws/install/orbbec_description/share/orbbec_description/package.bash'
[1.435s] INFO:colcon.colcon_core.shell:Creating package script '/home/khanh/Documents/SLAM/ros_ws/install/orbbec_description/share/orbbec_description/package.zsh'
[1.435s] Level 1:colcon.colcon_core.environment:create_file_with_runtime_dependencies(/home/khanh/Documents/SLAM/ros_ws/install/orbbec_description/share/colcon-core/packages/orbbec_description)
[1.536s] DEBUG:colcon.colcon_core.event_handler.log_command:Invoked command in '/home/khanh/Documents/SLAM/ros_ws/build/orbbec_camera_msgs' returned '0': CMAKE_PREFIX_PATH=${CMAKE_PREFIX_PATH}:/home/khanh/Documents/SLAM/ros_ws/install/rtabmap_python:/opt/ros/humble /usr/bin/cmake --build /home/khanh/Documents/SLAM/ros_ws/build/orbbec_camera_msgs -- -j16 -l16
[1.836s] DEBUG:colcon.colcon_core.event_handler.log_command:Invoking command in '/home/khanh/Documents/SLAM/ros_ws/build/orbbec_camera_msgs': CMAKE_PREFIX_PATH=${CMAKE_PREFIX_PATH}:/home/khanh/Documents/SLAM/ros_ws/install/rtabmap_python:/opt/ros/humble /usr/bin/cmake --install /home/khanh/Documents/SLAM/ros_ws/build/orbbec_camera_msgs
[1.891s] Level 1:colcon.colcon_core.environment:create_environment_scripts_only(orbbec_camera_msgs)
[1.891s] DEBUG:colcon.colcon_core.event_handler.log_command:Invoked command in '/home/khanh/Documents/SLAM/ros_ws/build/orbbec_camera_msgs' returned '0': CMAKE_PREFIX_PATH=${CMAKE_PREFIX_PATH}:/home/khanh/Documents/SLAM/ros_ws/install/rtabmap_python:/opt/ros/humble /usr/bin/cmake --install /home/khanh/Documents/SLAM/ros_ws/build/orbbec_camera_msgs
[1.904s] Level 1:colcon.colcon_core.environment:checking '/home/khanh/Documents/SLAM/ros_ws/install/orbbec_camera_msgs' for CMake module files
[1.905s] Level 1:colcon.colcon_core.environment:checking '/home/khanh/Documents/SLAM/ros_ws/install/orbbec_camera_msgs' for CMake config files
[1.906s] Level 1:colcon.colcon_core.shell:create_environment_hook('orbbec_camera_msgs', 'cmake_prefix_path')
[1.920s] INFO:colcon.colcon_core.shell:Creating environment hook '/home/khanh/Documents/SLAM/ros_ws/install/orbbec_camera_msgs/share/orbbec_camera_msgs/hook/cmake_prefix_path.ps1'
[1.920s] INFO:colcon.colcon_core.shell:Creating environment descriptor '/home/khanh/Documents/SLAM/ros_ws/install/orbbec_camera_msgs/share/orbbec_camera_msgs/hook/cmake_prefix_path.dsv'
[1.921s] INFO:colcon.colcon_core.shell:Creating environment hook '/home/khanh/Documents/SLAM/ros_ws/install/orbbec_camera_msgs/share/orbbec_camera_msgs/hook/cmake_prefix_path.sh'
[1.921s] Level 1:colcon.colcon_core.environment:checking '/home/khanh/Documents/SLAM/ros_ws/install/orbbec_camera_msgs/lib'
[1.921s] Level 1:colcon.colcon_core.shell:create_environment_hook('orbbec_camera_msgs', 'ld_library_path_lib')
[1.934s] INFO:colcon.colcon_core.shell:Creating environment hook '/home/khanh/Documents/SLAM/ros_ws/install/orbbec_camera_msgs/share/orbbec_camera_msgs/hook/ld_library_path_lib.ps1'
[1.935s] INFO:colcon.colcon_core.shell:Creating environment descriptor '/home/khanh/Documents/SLAM/ros_ws/install/orbbec_camera_msgs/share/orbbec_camera_msgs/hook/ld_library_path_lib.dsv'
[1.936s] INFO:colcon.colcon_core.shell:Creating environment hook '/home/khanh/Documents/SLAM/ros_ws/install/orbbec_camera_msgs/share/orbbec_camera_msgs/hook/ld_library_path_lib.sh'
[1.936s] Level 1:colcon.colcon_core.environment:checking '/home/khanh/Documents/SLAM/ros_ws/install/orbbec_camera_msgs/bin'
[1.936s] Level 1:colcon.colcon_core.environment:checking '/home/khanh/Documents/SLAM/ros_ws/install/orbbec_camera_msgs/lib/pkgconfig/orbbec_camera_msgs.pc'
[1.936s] Level 1:colcon.colcon_core.environment:checking '/home/khanh/Documents/SLAM/ros_ws/install/orbbec_camera_msgs/lib/python3.10/site-packages'
[1.936s] Level 1:colcon.colcon_core.environment:checking '/home/khanh/Documents/SLAM/ros_ws/install/orbbec_camera_msgs/bin'
[1.948s] INFO:colcon.colcon_core.shell:Creating package script '/home/khanh/Documents/SLAM/ros_ws/install/orbbec_camera_msgs/share/orbbec_camera_msgs/package.ps1'
[1.949s] INFO:colcon.colcon_core.shell:Creating package descriptor '/home/khanh/Documents/SLAM/ros_ws/install/orbbec_camera_msgs/share/orbbec_camera_msgs/package.dsv'
[1.949s] INFO:colcon.colcon_core.shell:Creating package script '/home/khanh/Documents/SLAM/ros_ws/install/orbbec_camera_msgs/share/orbbec_camera_msgs/package.sh'
[1.950s] INFO:colcon.colcon_core.shell:Creating package script '/home/khanh/Documents/SLAM/ros_ws/install/orbbec_camera_msgs/share/orbbec_camera_msgs/package.bash'
[1.950s] INFO:colcon.colcon_core.shell:Creating package script '/home/khanh/Documents/SLAM/ros_ws/install/orbbec_camera_msgs/share/orbbec_camera_msgs/package.zsh'
[1.950s] Level 1:colcon.colcon_core.environment:create_file_with_runtime_dependencies(/home/khanh/Documents/SLAM/ros_ws/install/orbbec_camera_msgs/share/colcon-core/packages/orbbec_camera_msgs)
[2.262s] Level 1:colcon.colcon_core.environment:create_environment_scripts_only(orbbec_camera_msgs)
[2.273s] Level 1:colcon.colcon_core.environment:checking '/home/khanh/Documents/SLAM/ros_ws/install/orbbec_camera_msgs' for CMake module files
[2.274s] Level 1:colcon.colcon_core.environment:checking '/home/khanh/Documents/SLAM/ros_ws/install/orbbec_camera_msgs' for CMake config files
[2.275s] Level 1:colcon.colcon_core.shell:create_environment_hook('orbbec_camera_msgs', 'cmake_prefix_path')
[2.286s] INFO:colcon.colcon_core.shell:Creating environment hook '/home/khanh/Documents/SLAM/ros_ws/install/orbbec_camera_msgs/share/orbbec_camera_msgs/hook/cmake_prefix_path.ps1'
[2.287s] INFO:colcon.colcon_core.shell:Creating environment descriptor '/home/khanh/Documents/SLAM/ros_ws/install/orbbec_camera_msgs/share/orbbec_camera_msgs/hook/cmake_prefix_path.dsv'
[2.287s] INFO:colcon.colcon_core.shell:Creating environment hook '/home/khanh/Documents/SLAM/ros_ws/install/orbbec_camera_msgs/share/orbbec_camera_msgs/hook/cmake_prefix_path.sh'
[2.287s] Level 1:colcon.colcon_core.environment:checking '/home/khanh/Documents/SLAM/ros_ws/install/orbbec_camera_msgs/lib'
[2.287s] Level 1:colcon.colcon_core.shell:create_environment_hook('orbbec_camera_msgs', 'ld_library_path_lib')
[2.299s] INFO:colcon.colcon_core.shell:Creating environment hook '/home/khanh/Documents/SLAM/ros_ws/install/orbbec_camera_msgs/share/orbbec_camera_msgs/hook/ld_library_path_lib.ps1'
[2.299s] INFO:colcon.colcon_core.shell:Creating environment descriptor '/home/khanh/Documents/SLAM/ros_ws/install/orbbec_camera_msgs/share/orbbec_camera_msgs/hook/ld_library_path_lib.dsv'
[2.300s] INFO:colcon.colcon_core.shell:Creating environment hook '/home/khanh/Documents/SLAM/ros_ws/install/orbbec_camera_msgs/share/orbbec_camera_msgs/hook/ld_library_path_lib.sh'
[2.300s] Level 1:colcon.colcon_core.environment:checking '/home/khanh/Documents/SLAM/ros_ws/install/orbbec_camera_msgs/bin'
[2.300s] Level 1:colcon.colcon_core.environment:checking '/home/khanh/Documents/SLAM/ros_ws/install/orbbec_camera_msgs/lib/pkgconfig/orbbec_camera_msgs.pc'
[2.300s] Level 1:colcon.colcon_core.environment:checking '/home/khanh/Documents/SLAM/ros_ws/install/orbbec_camera_msgs/lib/python3.10/site-packages'
[2.300s] Level 1:colcon.colcon_core.environment:checking '/home/khanh/Documents/SLAM/ros_ws/install/orbbec_camera_msgs/bin'
[2.313s] INFO:colcon.colcon_core.shell:Creating package script '/home/khanh/Documents/SLAM/ros_ws/install/orbbec_camera_msgs/share/orbbec_camera_msgs/package.ps1'
[2.313s] INFO:colcon.colcon_core.shell:Creating package descriptor '/home/khanh/Documents/SLAM/ros_ws/install/orbbec_camera_msgs/share/orbbec_camera_msgs/package.dsv'
[2.313s] INFO:colcon.colcon_core.shell:Creating package script '/home/khanh/Documents/SLAM/ros_ws/install/orbbec_camera_msgs/share/orbbec_camera_msgs/package.sh'
[2.314s] INFO:colcon.colcon_core.shell:Creating package script '/home/khanh/Documents/SLAM/ros_ws/install/orbbec_camera_msgs/share/orbbec_camera_msgs/package.bash'
[2.314s] INFO:colcon.colcon_core.shell:Creating package script '/home/khanh/Documents/SLAM/ros_ws/install/orbbec_camera_msgs/share/orbbec_camera_msgs/package.zsh'
[2.314s] Level 1:colcon.colcon_core.environment:create_file_with_runtime_dependencies(/home/khanh/Documents/SLAM/ros_ws/install/orbbec_camera_msgs/share/colcon-core/packages/orbbec_camera_msgs)
[2.314s] INFO:colcon.colcon_ros.task.ament_cmake.build:Building ROS package in '/home/khanh/Documents/SLAM/ros_ws/src/OrbbecSDK_ROS2/orbbec_camera' with build type 'ament_cmake'
[2.315s] INFO:colcon.colcon_cmake.task.cmake.build:Building CMake package in '/home/khanh/Documents/SLAM/ros_ws/src/OrbbecSDK_ROS2/orbbec_camera'
[2.327s] INFO:colcon.colcon_core.shell:Skip shell extension 'powershell' for command environment: Not usable outside of PowerShell
[2.327s] DEBUG:colcon.colcon_core.shell:Skip shell extension 'dsv' for command environment
[2.370s] DEBUG:colcon.colcon_core.event_handler.log_command:Invoking command in '/home/khanh/Documents/SLAM/ros_ws/build/orbbec_camera': CMAKE_PREFIX_PATH=/home/khanh/Documents/SLAM/ros_ws/install/orbbec_camera_msgs:/home/khanh/Documents/SLAM/ros_ws/install/rtabmap_rviz_plugins:/home/khanh/Documents/SLAM/ros_ws/install/rtabmap_conversions:/home/khanh/Documents/SLAM/ros_ws/install/rtabmap_msgs:/home/khanh/Documents/SLAM/ros_ws/install/rtabmap:/home/khanh/Documents/SLAM/ros_ws/install/orbbec_description:/home/khanh/Documents/SLAM/ros_ws/install/orbbec_camera:/home/khanh/Documents/SLAM/ros_ws/install/rtabmap_python:/opt/ros/humble LD_LIBRARY_PATH=/home/khanh/Documents/SLAM/ros_ws/install/orbbec_camera_msgs/lib:/home/khanh/Documents/SLAM/ros_ws/install/rtabmap_rviz_plugins/lib:/home/khanh/Documents/SLAM/ros_ws/install/rtabmap_conversions/lib:/home/khanh/Documents/SLAM/ros_ws/install/rtabmap_msgs/lib:/home/khanh/Documents/SLAM/ros_ws/install/rtabmap/lib:/home/khanh/Documents/SLAM/ros_ws/install/orbbec_camera/lib:/usr/lib/x86_64-linux-gnu/gazebo-11/plugins:/opt/ros/humble/opt/rviz_ogre_vendor/lib:/opt/ros/humble/lib/x86_64-linux-gnu:/opt/ros/humble/lib /usr/bin/cmake --build /home/khanh/Documents/SLAM/ros_ws/build/orbbec_camera -- -j16 -l16
[2.485s] DEBUG:colcon.colcon_core.event_handler.log_command:Invoked command in '/home/khanh/Documents/SLAM/ros_ws/build/orbbec_camera' returned '0': CMAKE_PREFIX_PATH=/home/khanh/Documents/SLAM/ros_ws/install/orbbec_camera_msgs:/home/khanh/Documents/SLAM/ros_ws/install/rtabmap_rviz_plugins:/home/khanh/Documents/SLAM/ros_ws/install/rtabmap_conversions:/home/khanh/Documents/SLAM/ros_ws/install/rtabmap_msgs:/home/khanh/Documents/SLAM/ros_ws/install/rtabmap:/home/khanh/Documents/SLAM/ros_ws/install/orbbec_description:/home/khanh/Documents/SLAM/ros_ws/install/orbbec_camera:/home/khanh/Documents/SLAM/ros_ws/install/rtabmap_python:/opt/ros/humble LD_LIBRARY_PATH=/home/khanh/Documents/SLAM/ros_ws/install/orbbec_camera_msgs/lib:/home/khanh/Documents/SLAM/ros_ws/install/rtabmap_rviz_plugins/lib:/home/khanh/Documents/SLAM/ros_ws/install/rtabmap_conversions/lib:/home/khanh/Documents/SLAM/ros_ws/install/rtabmap_msgs/lib:/home/khanh/Documents/SLAM/ros_ws/install/rtabmap/lib:/home/khanh/Documents/SLAM/ros_ws/install/orbbec_camera/lib:/usr/lib/x86_64-linux-gnu/gazebo-11/plugins:/opt/ros/humble/opt/rviz_ogre_vendor/lib:/opt/ros/humble/lib/x86_64-linux-gnu:/opt/ros/humble/lib /usr/bin/cmake --build /home/khanh/Documents/SLAM/ros_ws/build/orbbec_camera -- -j16 -l16
[2.555s] DEBUG:colcon.colcon_core.event_handler.log_command:Invoking command in '/home/khanh/Documents/SLAM/ros_ws/build/orbbec_camera': CMAKE_PREFIX_PATH=/home/khanh/Documents/SLAM/ros_ws/install/orbbec_camera_msgs:/home/khanh/Documents/SLAM/ros_ws/install/rtabmap_rviz_plugins:/home/khanh/Documents/SLAM/ros_ws/install/rtabmap_conversions:/home/khanh/Documents/SLAM/ros_ws/install/rtabmap_msgs:/home/khanh/Documents/SLAM/ros_ws/install/rtabmap:/home/khanh/Documents/SLAM/ros_ws/install/orbbec_description:/home/khanh/Documents/SLAM/ros_ws/install/orbbec_camera:/home/khanh/Documents/SLAM/ros_ws/install/rtabmap_python:/opt/ros/humble LD_LIBRARY_PATH=/home/khanh/Documents/SLAM/ros_ws/install/orbbec_camera_msgs/lib:/home/khanh/Documents/SLAM/ros_ws/install/rtabmap_rviz_plugins/lib:/home/khanh/Documents/SLAM/ros_ws/install/rtabmap_conversions/lib:/home/khanh/Documents/SLAM/ros_ws/install/rtabmap_msgs/lib:/home/khanh/Documents/SLAM/ros_ws/install/rtabmap/lib:/home/khanh/Documents/SLAM/ros_ws/install/orbbec_camera/lib:/usr/lib/x86_64-linux-gnu/gazebo-11/plugins:/opt/ros/humble/opt/rviz_ogre_vendor/lib:/opt/ros/humble/lib/x86_64-linux-gnu:/opt/ros/humble/lib /usr/bin/cmake --install /home/khanh/Documents/SLAM/ros_ws/build/orbbec_camera
[2.569s] Level 1:colcon.colcon_core.environment:create_environment_scripts_only(orbbec_camera)
[2.573s] DEBUG:colcon.colcon_core.event_handler.log_command:Invoked command in '/home/khanh/Documents/SLAM/ros_ws/build/orbbec_camera' returned '0': CMAKE_PREFIX_PATH=/home/khanh/Documents/SLAM/ros_ws/install/orbbec_camera_msgs:/home/khanh/Documents/SLAM/ros_ws/install/rtabmap_rviz_plugins:/home/khanh/Documents/SLAM/ros_ws/install/rtabmap_conversions:/home/khanh/Documents/SLAM/ros_ws/install/rtabmap_msgs:/home/khanh/Documents/SLAM/ros_ws/install/rtabmap:/home/khanh/Documents/SLAM/ros_ws/install/orbbec_description:/home/khanh/Documents/SLAM/ros_ws/install/orbbec_camera:/home/khanh/Documents/SLAM/ros_ws/install/rtabmap_python:/opt/ros/humble LD_LIBRARY_PATH=/home/khanh/Documents/SLAM/ros_ws/install/orbbec_camera_msgs/lib:/home/khanh/Documents/SLAM/ros_ws/install/rtabmap_rviz_plugins/lib:/home/khanh/Documents/SLAM/ros_ws/install/rtabmap_conversions/lib:/home/khanh/Documents/SLAM/ros_ws/install/rtabmap_msgs/lib:/home/khanh/Documents/SLAM/ros_ws/install/rtabmap/lib:/home/khanh/Documents/SLAM/ros_ws/install/orbbec_camera/lib:/usr/lib/x86_64-linux-gnu/gazebo-11/plugins:/opt/ros/humble/opt/rviz_ogre_vendor/lib:/opt/ros/humble/lib/x86_64-linux-gnu:/opt/ros/humble/lib /usr/bin/cmake --install /home/khanh/Documents/SLAM/ros_ws/build/orbbec_camera
[2.585s] Level 1:colcon.colcon_core.environment:checking '/home/khanh/Documents/SLAM/ros_ws/install/orbbec_camera' for CMake module files
[2.585s] Level 1:colcon.colcon_core.environment:checking '/home/khanh/Documents/SLAM/ros_ws/install/orbbec_camera' for CMake config files
[2.586s] Level 1:colcon.colcon_core.shell:create_environment_hook('orbbec_camera', 'cmake_prefix_path')
[2.599s] INFO:colcon.colcon_core.shell:Creating environment hook '/home/khanh/Documents/SLAM/ros_ws/install/orbbec_camera/share/orbbec_camera/hook/cmake_prefix_path.ps1'
[2.599s] INFO:colcon.colcon_core.shell:Creating environment descriptor '/home/khanh/Documents/SLAM/ros_ws/install/orbbec_camera/share/orbbec_camera/hook/cmake_prefix_path.dsv'
[2.599s] INFO:colcon.colcon_core.shell:Creating environment hook '/home/khanh/Documents/SLAM/ros_ws/install/orbbec_camera/share/orbbec_camera/hook/cmake_prefix_path.sh'
[2.600s] Level 1:colcon.colcon_core.environment:checking '/home/khanh/Documents/SLAM/ros_ws/install/orbbec_camera/lib'
[2.600s] Level 1:colcon.colcon_core.shell:create_environment_hook('orbbec_camera', 'ld_library_path_lib')
[2.612s] INFO:colcon.colcon_core.shell:Creating environment hook '/home/khanh/Documents/SLAM/ros_ws/install/orbbec_camera/share/orbbec_camera/hook/ld_library_path_lib.ps1'
[2.612s] INFO:colcon.colcon_core.shell:Creating environment descriptor '/home/khanh/Documents/SLAM/ros_ws/install/orbbec_camera/share/orbbec_camera/hook/ld_library_path_lib.dsv'
[2.613s] INFO:colcon.colcon_core.shell:Creating environment hook '/home/khanh/Documents/SLAM/ros_ws/install/orbbec_camera/share/orbbec_camera/hook/ld_library_path_lib.sh'
[2.613s] Level 1:colcon.colcon_core.environment:checking '/home/khanh/Documents/SLAM/ros_ws/install/orbbec_camera/bin'
[2.613s] Level 1:colcon.colcon_core.environment:checking '/home/khanh/Documents/SLAM/ros_ws/install/orbbec_camera/lib/pkgconfig/orbbec_camera.pc'
[2.613s] Level 1:colcon.colcon_core.environment:checking '/home/khanh/Documents/SLAM/ros_ws/install/orbbec_camera/lib/python3.10/site-packages'
[2.613s] Level 1:colcon.colcon_core.environment:checking '/home/khanh/Documents/SLAM/ros_ws/install/orbbec_camera/bin'
[2.625s] INFO:colcon.colcon_core.shell:Creating package script '/home/khanh/Documents/SLAM/ros_ws/install/orbbec_camera/share/orbbec_camera/package.ps1'
[2.626s] INFO:colcon.colcon_core.shell:Creating package descriptor '/home/khanh/Documents/SLAM/ros_ws/install/orbbec_camera/share/orbbec_camera/package.dsv'
[2.626s] INFO:colcon.colcon_core.shell:Creating package script '/home/khanh/Documents/SLAM/ros_ws/install/orbbec_camera/share/orbbec_camera/package.sh'
[2.626s] INFO:colcon.colcon_core.shell:Creating package script '/home/khanh/Documents/SLAM/ros_ws/install/orbbec_camera/share/orbbec_camera/package.bash'
[2.626s] INFO:colcon.colcon_core.shell:Creating package script '/home/khanh/Documents/SLAM/ros_ws/install/orbbec_camera/share/orbbec_camera/package.zsh'
[2.627s] Level 1:colcon.colcon_core.environment:create_file_with_runtime_dependencies(/home/khanh/Documents/SLAM/ros_ws/install/orbbec_camera/share/colcon-core/packages/orbbec_camera)
[2.709s] Level 1:colcon.colcon_core.environment:create_environment_scripts_only(orbbec_camera)
[2.720s] Level 1:colcon.colcon_core.environment:checking '/home/khanh/Documents/SLAM/ros_ws/install/orbbec_camera' for CMake module files
[2.721s] Level 1:colcon.colcon_core.environment:checking '/home/khanh/Documents/SLAM/ros_ws/install/orbbec_camera' for CMake config files
[2.721s] Level 1:colcon.colcon_core.shell:create_environment_hook('orbbec_camera', 'cmake_prefix_path')
[2.732s] INFO:colcon.colcon_core.shell:Creating environment hook '/home/khanh/Documents/SLAM/ros_ws/install/orbbec_camera/share/orbbec_camera/hook/cmake_prefix_path.ps1'
[2.732s] INFO:colcon.colcon_core.shell:Creating environment descriptor '/home/khanh/Documents/SLAM/ros_ws/install/orbbec_camera/share/orbbec_camera/hook/cmake_prefix_path.dsv'
[2.733s] INFO:colcon.colcon_core.shell:Creating environment hook '/home/khanh/Documents/SLAM/ros_ws/install/orbbec_camera/share/orbbec_camera/hook/cmake_prefix_path.sh'
[2.733s] Level 1:colcon.colcon_core.environment:checking '/home/khanh/Documents/SLAM/ros_ws/install/orbbec_camera/lib'
[2.733s] Level 1:colcon.colcon_core.shell:create_environment_hook('orbbec_camera', 'ld_library_path_lib')
[2.744s] INFO:colcon.colcon_core.shell:Creating environment hook '/home/khanh/Documents/SLAM/ros_ws/install/orbbec_camera/share/orbbec_camera/hook/ld_library_path_lib.ps1'
[2.745s] INFO:colcon.colcon_core.shell:Creating environment descriptor '/home/khanh/Documents/SLAM/ros_ws/install/orbbec_camera/share/orbbec_camera/hook/ld_library_path_lib.dsv'
[2.745s] INFO:colcon.colcon_core.shell:Creating environment hook '/home/khanh/Documents/SLAM/ros_ws/install/orbbec_camera/share/orbbec_camera/hook/ld_library_path_lib.sh'
[2.745s] Level 1:colcon.colcon_core.environment:checking '/home/khanh/Documents/SLAM/ros_ws/install/orbbec_camera/bin'
[2.745s] Level 1:colcon.colcon_core.environment:checking '/home/khanh/Documents/SLAM/ros_ws/install/orbbec_camera/lib/pkgconfig/orbbec_camera.pc'
[2.746s] Level 1:colcon.colcon_core.environment:checking '/home/khanh/Documents/SLAM/ros_ws/install/orbbec_camera/lib/python3.10/site-packages'
[2.746s] Level 1:colcon.colcon_core.environment:checking '/home/khanh/Documents/SLAM/ros_ws/install/orbbec_camera/bin'
[2.757s] INFO:colcon.colcon_core.shell:Creating package script '/home/khanh/Documents/SLAM/ros_ws/install/orbbec_camera/share/orbbec_camera/package.ps1'
[2.758s] INFO:colcon.colcon_core.shell:Creating package descriptor '/home/khanh/Documents/SLAM/ros_ws/install/orbbec_camera/share/orbbec_camera/package.dsv'
[2.758s] INFO:colcon.colcon_core.shell:Creating package script '/home/khanh/Documents/SLAM/ros_ws/install/orbbec_camera/share/orbbec_camera/package.sh'
[2.758s] INFO:colcon.colcon_core.shell:Creating package script '/home/khanh/Documents/SLAM/ros_ws/install/orbbec_camera/share/orbbec_camera/package.bash'
[2.759s] INFO:colcon.colcon_core.shell:Creating package script '/home/khanh/Documents/SLAM/ros_ws/install/orbbec_camera/share/orbbec_camera/package.zsh'
[2.759s] Level 1:colcon.colcon_core.environment:create_file_with_runtime_dependencies(/home/khanh/Documents/SLAM/ros_ws/install/orbbec_camera/share/colcon-core/packages/orbbec_camera)
[2.759s] DEBUG:colcon.colcon_parallel_executor.executor.parallel:closing loop
[2.760s] DEBUG:colcon.colcon_parallel_executor.executor.parallel:loop closed
[2.760s] DEBUG:colcon.colcon_parallel_executor.executor.parallel:run_until_complete finished with '0'
[2.760s] DEBUG:colcon.colcon_core.event_reactor:joining thread
[2.775s] INFO:colcon.colcon_core.plugin_system:Skipping extension 'colcon_notification.desktop_notification.terminal_notifier': Not used on non-Darwin systems
[2.775s] INFO:colcon.colcon_core.plugin_system:Skipping extension 'colcon_notification.desktop_notification.win32': Not used on non-Windows systems
[2.775s] INFO:colcon.colcon_notification.desktop_notification:Sending desktop notification using 'notify2'
[2.785s] DEBUG:colcon.colcon_core.event_reactor:joined thread
[2.797s] INFO:colcon.colcon_core.shell:Creating prefix script '/home/khanh/Documents/SLAM/ros_ws/install/local_setup.ps1'
[2.798s] INFO:colcon.colcon_core.shell:Creating prefix util module '/home/khanh/Documents/SLAM/ros_ws/install/_local_setup_util_ps1.py'
[2.798s] INFO:colcon.colcon_core.shell:Creating prefix chain script '/home/khanh/Documents/SLAM/ros_ws/install/setup.ps1'
[2.810s] INFO:colcon.colcon_core.shell:Creating prefix script '/home/khanh/Documents/SLAM/ros_ws/install/local_setup.sh'
[2.811s] INFO:colcon.colcon_core.shell:Creating prefix util module '/home/khanh/Documents/SLAM/ros_ws/install/_local_setup_util_sh.py'
[2.811s] INFO:colcon.colcon_core.shell:Creating prefix chain script '/home/khanh/Documents/SLAM/ros_ws/install/setup.sh'
[2.823s] INFO:colcon.colcon_core.shell:Creating prefix script '/home/khanh/Documents/SLAM/ros_ws/install/local_setup.bash'
[2.823s] INFO:colcon.colcon_core.shell:Creating prefix chain script '/home/khanh/Documents/SLAM/ros_ws/install/setup.bash'
[2.835s] INFO:colcon.colcon_core.shell:Creating prefix script '/home/khanh/Documents/SLAM/ros_ws/install/local_setup.zsh'
[2.835s] INFO:colcon.colcon_core.shell:Creating prefix chain script '/home/khanh/Documents/SLAM/ros_ws/install/setup.zsh'
