[0.535s] Invoking command in '/SLAM/ros_ws/build/image_publisher': CMAKE_PREFIX_PATH=${CMAKE_PREFIX_PATH}:/SLAM/ros_ws/install/camera_calibration:/opt/ros/humble /usr/bin/cmake --build /SLAM/ros_ws/build/image_publisher -- -j16 -l16
[0.793s] [ 50%] Built target image_publisher
[0.794s] [100%] Built target image_publisher_node
[0.805s] Invoked command in '/SLAM/ros_ws/build/image_publisher' returned '0': CMAKE_PREFIX_PATH=${CMAKE_PREFIX_PATH}:/SLAM/ros_ws/install/camera_calibration:/opt/ros/humble /usr/bin/cmake --build /SLAM/ros_ws/build/image_publisher -- -j16 -l16
[0.876s] Invoking command in '/SLAM/ros_ws/build/image_publisher': CMAKE_PREFIX_PATH=${CMAKE_PREFIX_PATH}:/SLAM/ros_ws/install/camera_calibration:/opt/ros/humble /usr/bin/cmake --install /SLAM/ros_ws/build/image_publisher
[0.895s] -- Install configuration: "Release"
[0.895s] -- Up-to-date: /SLAM/ros_ws/install/image_publisher/include
[0.895s] -- Up-to-date: /SLAM/ros_ws/install/image_publisher/include/image_publisher
[0.895s] -- Up-to-date: /SLAM/ros_ws/install/image_publisher/include/image_publisher/image_publisher.hpp
[0.895s] -- Up-to-date: /SLAM/ros_ws/install/image_publisher/include/image_publisher/visibility.h
[0.896s] -- Up-to-date: /SLAM/ros_ws/install/image_publisher/share/image_publisher/environment/library_path.sh
[0.896s] -- Up-to-date: /SLAM/ros_ws/install/image_publisher/share/image_publisher/environment/library_path.dsv
[0.896s] -- Up-to-date: /SLAM/ros_ws/install/image_publisher/lib/libimage_publisher.so
[0.896s] -- Up-to-date: /SLAM/ros_ws/install/image_publisher/lib/image_publisher/image_publisher_node
[0.896s] -- Up-to-date: /SLAM/ros_ws/install/image_publisher/share/image_publisher/launch
[0.896s] -- Up-to-date: /SLAM/ros_ws/install/image_publisher/share/image_publisher/launch/splash.png
[0.896s] -- Up-to-date: /SLAM/ros_ws/install/image_publisher/share/image_publisher/launch/image_publisher_file.launch.py
[0.896s] -- Up-to-date: /SLAM/ros_ws/install/image_publisher/share/image_publisher/launch/image_publisher_mono.launch.py
[0.896s] -- Up-to-date: /SLAM/ros_ws/install/image_publisher/share/image_publisher/launch/image_publisher_stereo.launch.py
[0.896s] -- Up-to-date: /SLAM/ros_ws/install/image_publisher/share/ament_index/resource_index/package_run_dependencies/image_publisher
[0.897s] -- Up-to-date: /SLAM/ros_ws/install/image_publisher/share/ament_index/resource_index/parent_prefix_path/image_publisher
[0.897s] -- Up-to-date: /SLAM/ros_ws/install/image_publisher/share/image_publisher/environment/ament_prefix_path.sh
[0.897s] -- Up-to-date: /SLAM/ros_ws/install/image_publisher/share/image_publisher/environment/ament_prefix_path.dsv
[0.897s] -- Up-to-date: /SLAM/ros_ws/install/image_publisher/share/image_publisher/environment/path.sh
[0.897s] -- Up-to-date: /SLAM/ros_ws/install/image_publisher/share/image_publisher/environment/path.dsv
[0.897s] -- Up-to-date: /SLAM/ros_ws/install/image_publisher/share/image_publisher/local_setup.bash
[0.897s] -- Up-to-date: /SLAM/ros_ws/install/image_publisher/share/image_publisher/local_setup.sh
[0.897s] -- Up-to-date: /SLAM/ros_ws/install/image_publisher/share/image_publisher/local_setup.zsh
[0.897s] -- Up-to-date: /SLAM/ros_ws/install/image_publisher/share/image_publisher/local_setup.dsv
[0.898s] -- Installing: /SLAM/ros_ws/install/image_publisher/share/image_publisher/package.dsv
[0.903s] -- Up-to-date: /SLAM/ros_ws/install/image_publisher/share/ament_index/resource_index/packages/image_publisher
[0.903s] -- Up-to-date: /SLAM/ros_ws/install/image_publisher/share/ament_index/resource_index/rclcpp_components/image_publisher
[0.903s] -- Up-to-date: /SLAM/ros_ws/install/image_publisher/share/image_publisher/cmake/ament_cmake_export_dependencies-extras.cmake
[0.903s] -- Up-to-date: /SLAM/ros_ws/install/image_publisher/share/image_publisher/cmake/ament_cmake_export_include_directories-extras.cmake
[0.904s] -- Up-to-date: /SLAM/ros_ws/install/image_publisher/share/image_publisher/cmake/ament_cmake_export_libraries-extras.cmake
[0.904s] -- Up-to-date: /SLAM/ros_ws/install/image_publisher/share/image_publisher/cmake/image_publisherConfig.cmake
[0.904s] -- Up-to-date: /SLAM/ros_ws/install/image_publisher/share/image_publisher/cmake/image_publisherConfig-version.cmake
[0.904s] -- Up-to-date: /SLAM/ros_ws/install/image_publisher/share/image_publisher/package.xml
[1.012s] Invoked command in '/SLAM/ros_ws/build/image_publisher' returned '0': CMAKE_PREFIX_PATH=${CMAKE_PREFIX_PATH}:/SLAM/ros_ws/install/camera_calibration:/opt/ros/humble /usr/bin/cmake --install /SLAM/ros_ws/build/image_publisher
