[1.318s] Invoking command in '/SLAM/ros_ws/build/rtabmap_python': PYTHONPATH=/SLAM/ros_ws/build/rtabmap_python/prefix_override:/SLAM/ros_ws/install/rtabmap_python/lib/python3.10/site-packages:${PYTHONPATH} /usr/bin/python3 setup.py develop --editable --build-directory /SLAM/ros_ws/build/rtabmap_python/build --no-deps install_data
[1.619s] running develop
[1.619s] /usr/lib/python3/dist-packages/setuptools/command/easy_install.py:158: EasyInstallDeprecationWarning: easy_install command is deprecated. Use build and pip and other standards-based tools.
[1.620s]   warnings.warn(
[1.621s] /usr/lib/python3/dist-packages/setuptools/command/install.py:34: SetuptoolsDeprecationWarning: setup.py install is deprecated. Use build and pip and other standards-based tools.
[1.621s]   warnings.warn(
[1.782s] running egg_info
[1.782s] writing rtabmap_python.egg-info/PKG-INFO
[1.783s] writing dependency_links to rtabmap_python.egg-info/dependency_links.txt
[1.783s] writing entry points to rtabmap_python.egg-info/entry_points.txt
[1.783s] writing requirements to rtabmap_python.egg-info/requires.txt
[1.783s] writing top-level names to rtabmap_python.egg-info/top_level.txt
[1.785s] reading manifest file 'rtabmap_python.egg-info/SOURCES.txt'
[1.786s] writing manifest file 'rtabmap_python.egg-info/SOURCES.txt'
[1.787s] running build_ext
[1.788s] Creating /SLAM/ros_ws/install/rtabmap_python/lib/python3.10/site-packages/rtabmap-python.egg-link (link to .)
[1.788s] 
[1.789s] Installed /SLAM/ros_ws/build/rtabmap_python
[1.789s] running install_data
[1.837s] Invoked command in '/SLAM/ros_ws/build/rtabmap_python' returned '0': PYTHONPATH=/SLAM/ros_ws/build/rtabmap_python/prefix_override:/SLAM/ros_ws/install/rtabmap_python/lib/python3.10/site-packages:${PYTHONPATH} /usr/bin/python3 setup.py develop --editable --build-directory /SLAM/ros_ws/build/rtabmap_python/build --no-deps install_data
