[0.543s] Invoking command in '/home/khanh/Documents/microros_ws/build/example_interfaces': AMENT_PREFIX_PATH=/home/khanh/Documents/microros_ws/install/action_msgs:/home/khanh/Documents/microros_ws/install/unique_identifier_msgs:/home/khanh/Documents/microros_ws/install/builtin_interfaces:${AMENT_PREFIX_PATH} CMAKE_PREFIX_PATH=/home/khanh/Documents/microros_ws/install/action_msgs:/home/khanh/Documents/microros_ws/install/unique_identifier_msgs:/home/khanh/Documents/microros_ws/install/builtin_interfaces:/home/khanh/Documents/microros_ws/install/rosidl_typesupport_microxrcedds_cpp:/home/khanh/Documents/microros_ws/install/rosidl_typesupport_microxrcedds_c:/home/khanh/Documents/microros_ws/install/microcdr:/home/khanh/Documents/microros_ws/install/micro_ros_setup:/home/khanh/Documents/microros_ws/install/micro_ros_agent:/home/khanh/Documents/microros_ws/install/micro_ros_msgs:/opt/ros/humble LD_LIBRARY_PATH=/home/khanh/Documents/microros_ws/install/action_msgs/lib:/home/khanh/Documents/microros_ws/install/unique_identifier_msgs/lib:/home/khanh/Documents/microros_ws/install/builtin_interfaces/lib:${LD_LIBRARY_PATH} PYTHONPATH=/home/khanh/Documents/microros_ws/install/action_msgs/local/lib/python3.10/dist-packages:/home/khanh/Documents/microros_ws/install/unique_identifier_msgs/local/lib/python3.10/dist-packages:/home/khanh/Documents/microros_ws/install/builtin_interfaces/local/lib/python3.10/dist-packages:${PYTHONPATH} /usr/bin/cmake /home/khanh/Documents/microros_ws/src/ros2/example_interfaces -DBUILD_TESTING=OFF -DBUILD_SHARED_LIBS=ON -DCMAKE_INSTALL_PREFIX=/home/khanh/Documents/microros_ws/install/example_interfaces
[0.909s] -- The C compiler identification is GNU 11.4.0
[1.265s] -- The CXX compiler identification is GNU 11.4.0
[1.285s] -- Detecting C compiler ABI info
[1.676s] -- Detecting C compiler ABI info - done
[1.694s] -- Check for working C compiler: /usr/bin/cc - skipped
[1.698s] -- Detecting C compile features
[1.701s] -- Detecting C compile features - done
[1.722s] -- Detecting CXX compiler ABI info
[2.084s] -- Detecting CXX compiler ABI info - done
[2.096s] -- Check for working CXX compiler: /usr/bin/c++ - skipped
[2.102s] -- Detecting CXX compile features
[2.103s] -- Detecting CXX compile features - done
[2.109s] -- Found ament_cmake: 1.3.6 (/opt/ros/humble/share/ament_cmake/cmake)
[2.745s] -- Found Python3: /usr/bin/python3.10 (found version "3.10.12") found components: Interpreter 
[3.017s] -- Found rosidl_default_generators: 1.2.0 (/opt/ros/humble/share/rosidl_default_generators/cmake)
[3.026s] -- Using all available rosidl_typesupport_c: rosidl_typesupport_microxrcedds_c;rosidl_typesupport_fastrtps_c;rosidl_typesupport_introspection_c
[3.042s] -- Found rosidl_adapter: 3.1.5 (/opt/ros/humble/share/rosidl_adapter/cmake)
[3.143s] -- Using all available rosidl_typesupport_cpp: rosidl_typesupport_microxrcedds_cpp;rosidl_typesupport_fastrtps_cpp;rosidl_typesupport_introspection_cpp
[4.655s] -- Found ament_cmake_ros: 0.10.0 (/opt/ros/humble/share/ament_cmake_ros/cmake)
[5.458s] -- Using all available rosidl_typesupport_c: rosidl_typesupport_microxrcedds_c;rosidl_typesupport_fastrtps_c;rosidl_typesupport_introspection_c
[6.282s] -- Using all available rosidl_typesupport_cpp: rosidl_typesupport_microxrcedds_cpp;rosidl_typesupport_fastrtps_cpp;rosidl_typesupport_introspection_cpp
[6.320s] -- Found PythonInterp: /usr/bin/python3 (found suitable version "3.10.12", minimum required is "3.6") 
[6.323s] -- Found python_cmake_module: 0.10.0 (/opt/ros/humble/share/python_cmake_module/cmake)
[6.361s] -- Found PythonLibs: /usr/lib/x86_64-linux-gnu/libpython3.10.so (found suitable version "3.10.12", minimum required is "3.5") 
[6.361s] -- Using PYTHON_EXECUTABLE: /usr/bin/python3
[6.361s] -- Using PYTHON_INCLUDE_DIRS: /usr/include/python3.10
[6.362s] -- Using PYTHON_LIBRARIES: /usr/lib/x86_64-linux-gnu/libpython3.10.so
[6.390s] -- Found PythonExtra: .so  
[6.461s] -- Configuring done
[6.585s] -- Generating done
[6.589s] -- Build files have been written to: /home/khanh/Documents/microros_ws/build/example_interfaces
[6.603s] Invoked command in '/home/khanh/Documents/microros_ws/build/example_interfaces' returned '0': AMENT_PREFIX_PATH=/home/khanh/Documents/microros_ws/install/action_msgs:/home/khanh/Documents/microros_ws/install/unique_identifier_msgs:/home/khanh/Documents/microros_ws/install/builtin_interfaces:${AMENT_PREFIX_PATH} CMAKE_PREFIX_PATH=/home/khanh/Documents/microros_ws/install/action_msgs:/home/khanh/Documents/microros_ws/install/unique_identifier_msgs:/home/khanh/Documents/microros_ws/install/builtin_interfaces:/home/khanh/Documents/microros_ws/install/rosidl_typesupport_microxrcedds_cpp:/home/khanh/Documents/microros_ws/install/rosidl_typesupport_microxrcedds_c:/home/khanh/Documents/microros_ws/install/microcdr:/home/khanh/Documents/microros_ws/install/micro_ros_setup:/home/khanh/Documents/microros_ws/install/micro_ros_agent:/home/khanh/Documents/microros_ws/install/micro_ros_msgs:/opt/ros/humble LD_LIBRARY_PATH=/home/khanh/Documents/microros_ws/install/action_msgs/lib:/home/khanh/Documents/microros_ws/install/unique_identifier_msgs/lib:/home/khanh/Documents/microros_ws/install/builtin_interfaces/lib:${LD_LIBRARY_PATH} PYTHONPATH=/home/khanh/Documents/microros_ws/install/action_msgs/local/lib/python3.10/dist-packages:/home/khanh/Documents/microros_ws/install/unique_identifier_msgs/local/lib/python3.10/dist-packages:/home/khanh/Documents/microros_ws/install/builtin_interfaces/local/lib/python3.10/dist-packages:${PYTHONPATH} /usr/bin/cmake /home/khanh/Documents/microros_ws/src/ros2/example_interfaces -DBUILD_TESTING=OFF -DBUILD_SHARED_LIBS=ON -DCMAKE_INSTALL_PREFIX=/home/khanh/Documents/microros_ws/install/example_interfaces
[6.605s] Invoking command in '/home/khanh/Documents/microros_ws/build/example_interfaces': AMENT_PREFIX_PATH=/home/khanh/Documents/microros_ws/install/action_msgs:/home/khanh/Documents/microros_ws/install/unique_identifier_msgs:/home/khanh/Documents/microros_ws/install/builtin_interfaces:${AMENT_PREFIX_PATH} CMAKE_PREFIX_PATH=/home/khanh/Documents/microros_ws/install/action_msgs:/home/khanh/Documents/microros_ws/install/unique_identifier_msgs:/home/khanh/Documents/microros_ws/install/builtin_interfaces:/home/khanh/Documents/microros_ws/install/rosidl_typesupport_microxrcedds_cpp:/home/khanh/Documents/microros_ws/install/rosidl_typesupport_microxrcedds_c:/home/khanh/Documents/microros_ws/install/microcdr:/home/khanh/Documents/microros_ws/install/micro_ros_setup:/home/khanh/Documents/microros_ws/install/micro_ros_agent:/home/khanh/Documents/microros_ws/install/micro_ros_msgs:/opt/ros/humble LD_LIBRARY_PATH=/home/khanh/Documents/microros_ws/install/action_msgs/lib:/home/khanh/Documents/microros_ws/install/unique_identifier_msgs/lib:/home/khanh/Documents/microros_ws/install/builtin_interfaces/lib:${LD_LIBRARY_PATH} PYTHONPATH=/home/khanh/Documents/microros_ws/install/action_msgs/local/lib/python3.10/dist-packages:/home/khanh/Documents/microros_ws/install/unique_identifier_msgs/local/lib/python3.10/dist-packages:/home/khanh/Documents/microros_ws/install/builtin_interfaces/local/lib/python3.10/dist-packages:${PYTHONPATH} /usr/bin/cmake --build /home/khanh/Documents/microros_ws/build/example_interfaces -- -j16 -l16
[6.679s] [  0%] [34m[1mGenerating C code for ROS interfaces[0m
[6.697s] [  0%] [34m[1mGenerating C++ code for ROS interfaces[0m
[6.706s] [  0%] Built target ament_cmake_python_copy_example_interfaces
[7.086s] running egg_info
[7.087s] creating example_interfaces.egg-info
[7.087s] writing example_interfaces.egg-info/PKG-INFO
[7.088s] writing dependency_links to example_interfaces.egg-info/dependency_links.txt
[7.088s] writing top-level names to example_interfaces.egg-info/top_level.txt
[7.088s] writing manifest file 'example_interfaces.egg-info/SOURCES.txt'
[7.092s] reading manifest file 'example_interfaces.egg-info/SOURCES.txt'
[7.092s] writing manifest file 'example_interfaces.egg-info/SOURCES.txt'
[7.148s] [  0%] Built target ament_cmake_python_build_example_interfaces_egg
[9.993s] [  1%] [32mBuilding C object CMakeFiles/example_interfaces__rosidl_generator_c.dir/rosidl_generator_c/example_interfaces/msg/detail/byte__functions.c.o[0m
[9.993s] [  1%] [32mBuilding C object CMakeFiles/example_interfaces__rosidl_generator_c.dir/rosidl_generator_c/example_interfaces/action/detail/fibonacci__functions.c.o[0m
[9.993s] [  1%] [32mBuilding C object CMakeFiles/example_interfaces__rosidl_generator_c.dir/rosidl_generator_c/example_interfaces/msg/detail/byte_multi_array__functions.c.o[0m
[9.993s] [  2%] [32mBuilding C object CMakeFiles/example_interfaces__rosidl_generator_c.dir/rosidl_generator_c/example_interfaces/msg/detail/char__functions.c.o[0m
[9.995s] [  2%] [32mBuilding C object CMakeFiles/example_interfaces__rosidl_generator_c.dir/rosidl_generator_c/example_interfaces/msg/detail/empty__functions.c.o[0m
[9.997s] [  2%] [32mBuilding C object CMakeFiles/example_interfaces__rosidl_generator_c.dir/rosidl_generator_c/example_interfaces/msg/detail/bool__functions.c.o[0m
[9.997s] [  2%] [32mBuilding C object CMakeFiles/example_interfaces__rosidl_generator_c.dir/rosidl_generator_c/example_interfaces/msg/detail/float32__functions.c.o[0m
[10.062s] [  2%] [32mBuilding C object CMakeFiles/example_interfaces__rosidl_generator_c.dir/rosidl_generator_c/example_interfaces/msg/detail/int32__functions.c.o[0m
[10.062s] [  3%] [32mBuilding C object CMakeFiles/example_interfaces__rosidl_generator_c.dir/rosidl_generator_c/example_interfaces/msg/detail/int64__functions.c.o[0m
[10.062s] [  3%] [32mBuilding C object CMakeFiles/example_interfaces__rosidl_generator_c.dir/rosidl_generator_c/example_interfaces/msg/detail/int32_multi_array__functions.c.o[0m
[10.069s] [  3%] [32mBuilding C object CMakeFiles/example_interfaces__rosidl_generator_c.dir/rosidl_generator_c/example_interfaces/msg/detail/int8_multi_array__functions.c.o[0m
[10.072s] [  4%] [32mBuilding C object CMakeFiles/example_interfaces__rosidl_generator_c.dir/rosidl_generator_c/example_interfaces/msg/detail/multi_array_dimension__functions.c.o[0m
[10.080s] [  4%] [32mBuilding C object CMakeFiles/example_interfaces__rosidl_generator_c.dir/rosidl_generator_c/example_interfaces/msg/detail/multi_array_layout__functions.c.o[0m
[10.146s] [  4%] [32mBuilding C object CMakeFiles/example_interfaces__rosidl_generator_c.dir/rosidl_generator_c/example_interfaces/msg/detail/string__functions.c.o[0m
[10.148s] [  4%] [32mBuilding C object CMakeFiles/example_interfaces__rosidl_generator_c.dir/rosidl_generator_c/example_interfaces/msg/detail/int8__functions.c.o[0m
[10.148s] [  4%] [32mBuilding C object CMakeFiles/example_interfaces__rosidl_generator_c.dir/rosidl_generator_c/example_interfaces/msg/detail/u_int32__functions.c.o[0m
[10.149s] [  4%] [32mBuilding C object CMakeFiles/example_interfaces__rosidl_generator_c.dir/rosidl_generator_c/example_interfaces/msg/detail/u_int16__functions.c.o[0m
[10.154s] [  4%] [32mBuilding C object CMakeFiles/example_interfaces__rosidl_generator_c.dir/rosidl_generator_c/example_interfaces/msg/detail/u_int32_multi_array__functions.c.o[0m
[10.174s] [  5%] [32mBuilding C object CMakeFiles/example_interfaces__rosidl_generator_c.dir/rosidl_generator_c/example_interfaces/msg/detail/u_int64__functions.c.o[0m
[10.176s] [  5%] [32mBuilding C object CMakeFiles/example_interfaces__rosidl_generator_c.dir/rosidl_generator_c/example_interfaces/msg/detail/u_int64_multi_array__functions.c.o[0m
[10.226s] [  6%] [32mBuilding C object CMakeFiles/example_interfaces__rosidl_generator_c.dir/rosidl_generator_c/example_interfaces/msg/detail/u_int16_multi_array__functions.c.o[0m
[10.228s] [  6%] [32mBuilding C object CMakeFiles/example_interfaces__rosidl_generator_c.dir/rosidl_generator_c/example_interfaces/msg/detail/u_int8__functions.c.o[0m
[10.233s] [  6%] [32mBuilding C object CMakeFiles/example_interfaces__rosidl_generator_c.dir/rosidl_generator_c/example_interfaces/msg/detail/int64_multi_array__functions.c.o[0m
[10.233s] [  6%] [32mBuilding C object CMakeFiles/example_interfaces__rosidl_generator_c.dir/rosidl_generator_c/example_interfaces/msg/detail/u_int8_multi_array__functions.c.o[0m
[10.258s] [  7%] [32mBuilding C object CMakeFiles/example_interfaces__rosidl_generator_c.dir/rosidl_generator_c/example_interfaces/msg/detail/w_string__functions.c.o[0m
[10.276s] [  8%] [32mBuilding C object CMakeFiles/example_interfaces__rosidl_generator_c.dir/rosidl_generator_c/example_interfaces/msg/detail/int16_multi_array__functions.c.o[0m
[10.286s] [  8%] [32mBuilding C object CMakeFiles/example_interfaces__rosidl_generator_c.dir/rosidl_generator_c/example_interfaces/srv/detail/add_two_ints__functions.c.o[0m
[10.320s] [  9%] [32mBuilding C object CMakeFiles/example_interfaces__rosidl_generator_c.dir/rosidl_generator_c/example_interfaces/srv/detail/trigger__functions.c.o[0m
[10.341s] [  9%] [32mBuilding C object CMakeFiles/example_interfaces__rosidl_generator_c.dir/rosidl_generator_c/example_interfaces/msg/detail/float64_multi_array__functions.c.o[0m
[10.342s] [  9%] [32mBuilding C object CMakeFiles/example_interfaces__rosidl_generator_c.dir/rosidl_generator_c/example_interfaces/srv/detail/set_bool__functions.c.o[0m
[10.342s] [  9%] [32mBuilding C object CMakeFiles/example_interfaces__rosidl_generator_c.dir/rosidl_generator_c/example_interfaces/msg/detail/int16__functions.c.o[0m
[10.351s] [  9%] [32mBuilding C object CMakeFiles/example_interfaces__rosidl_generator_c.dir/rosidl_generator_c/example_interfaces/msg/detail/float64__functions.c.o[0m
[10.386s] [ 10%] [32mBuilding C object CMakeFiles/example_interfaces__rosidl_generator_c.dir/rosidl_generator_c/example_interfaces/msg/detail/float32_multi_array__functions.c.o[0m
[10.462s] [ 10%] [32m[1mLinking C shared library libexample_interfaces__rosidl_generator_c.so[0m
[10.540s] [ 10%] Built target example_interfaces__rosidl_generator_c
[10.564s] [ 13%] [34m[1mGenerating C type support for eProsima Micro XRCE-DDS[0m
[10.564s] [ 13%] [34m[1mGenerating C type support dispatch for ROS interfaces[0m
[10.564s] [ 13%] [34m[1mGenerating C type support for eProsima Fast-RTPS[0m
[10.568s] [ 14%] [34m[1mGenerating C introspection for ROS interfaces[0m
[10.606s] [ 14%] Built target example_interfaces__cpp
[10.626s] [ 14%] [34m[1mGenerating C++ type support dispatch for ROS interfaces[0m
[10.628s] [ 14%] [34m[1mGenerating C++ type support for eProsima Fast-RTPS[0m
[10.630s] [ 14%] [34m[1mGenerating C++ introspection for ROS interfaces[0m
[10.644s] [ 14%] [34m[1mGenerating C++ type support for eProsima Micro XRCE-DDS[0m
[13.675s] [ 14%] [32mBuilding CXX object CMakeFiles/example_interfaces__rosidl_typesupport_c.dir/rosidl_typesupport_c/example_interfaces/action/fibonacci__type_support.cpp.o[0m
[13.758s] [ 14%] [32mBuilding CXX object CMakeFiles/example_interfaces__rosidl_typesupport_c.dir/rosidl_typesupport_c/example_interfaces/msg/empty__type_support.cpp.o[0m
[13.811s] [ 14%] [32mBuilding CXX object CMakeFiles/example_interfaces__rosidl_typesupport_c.dir/rosidl_typesupport_c/example_interfaces/msg/float64_multi_array__type_support.cpp.o[0m
[13.829s] [ 14%] [32mBuilding CXX object CMakeFiles/example_interfaces__rosidl_typesupport_cpp.dir/rosidl_typesupport_cpp/example_interfaces/action/fibonacci__type_support.cpp.o[0m
[13.899s] [ 15%] [32mBuilding CXX object CMakeFiles/example_interfaces__rosidl_typesupport_c.dir/rosidl_typesupport_c/example_interfaces/msg/int16__type_support.cpp.o[0m
[13.975s] [ 15%] [32mBuilding CXX object CMakeFiles/example_interfaces__rosidl_typesupport_c.dir/rosidl_typesupport_c/example_interfaces/msg/int16_multi_array__type_support.cpp.o[0m
[14.034s] [ 15%] [32mBuilding CXX object CMakeFiles/example_interfaces__rosidl_typesupport_c.dir/rosidl_typesupport_c/example_interfaces/msg/float64__type_support.cpp.o[0m
[14.102s] [ 15%] [32mBuilding CXX object CMakeFiles/example_interfaces__rosidl_typesupport_c.dir/rosidl_typesupport_c/example_interfaces/msg/int32__type_support.cpp.o[0m
[14.159s] [ 15%] [32mBuilding CXX object CMakeFiles/example_interfaces__rosidl_typesupport_c.dir/rosidl_typesupport_c/example_interfaces/msg/float32_multi_array__type_support.cpp.o[0m
[14.213s] [ 15%] [32mBuilding CXX object CMakeFiles/example_interfaces__rosidl_typesupport_c.dir/rosidl_typesupport_c/example_interfaces/msg/int32_multi_array__type_support.cpp.o[0m
[14.269s] [ 15%] [32mBuilding CXX object CMakeFiles/example_interfaces__rosidl_typesupport_c.dir/rosidl_typesupport_c/example_interfaces/msg/int64_multi_array__type_support.cpp.o[0m
[14.321s] [ 16%] [32mBuilding CXX object CMakeFiles/example_interfaces__rosidl_typesupport_c.dir/rosidl_typesupport_c/example_interfaces/msg/int64__type_support.cpp.o[0m
[14.375s] [ 17%] [32mBuilding CXX object CMakeFiles/example_interfaces__rosidl_typesupport_c.dir/rosidl_typesupport_c/example_interfaces/msg/float32__type_support.cpp.o[0m
[14.437s] [ 17%] [32mBuilding CXX object CMakeFiles/example_interfaces__rosidl_typesupport_c.dir/rosidl_typesupport_c/example_interfaces/msg/char__type_support.cpp.o[0m
[14.493s] [ 17%] [32mBuilding CXX object CMakeFiles/example_interfaces__rosidl_typesupport_c.dir/rosidl_typesupport_c/example_interfaces/msg/int8__type_support.cpp.o[0m
[14.547s] [ 18%] [32mBuilding CXX object CMakeFiles/example_interfaces__rosidl_typesupport_c.dir/rosidl_typesupport_c/example_interfaces/msg/int8_multi_array__type_support.cpp.o[0m
[14.612s] [ 19%] [32mBuilding CXX object CMakeFiles/example_interfaces__rosidl_typesupport_c.dir/rosidl_typesupport_c/example_interfaces/msg/byte_multi_array__type_support.cpp.o[0m
[14.671s] [ 20%] [32mBuilding CXX object CMakeFiles/example_interfaces__rosidl_typesupport_cpp.dir/rosidl_typesupport_cpp/example_interfaces/msg/empty__type_support.cpp.o[0m
[14.678s] [ 20%] [32mBuilding CXX object CMakeFiles/example_interfaces__rosidl_typesupport_c.dir/rosidl_typesupport_c/example_interfaces/msg/byte__type_support.cpp.o[0m
[14.739s] [ 20%] [32mBuilding CXX object CMakeFiles/example_interfaces__rosidl_typesupport_c.dir/rosidl_typesupport_c/example_interfaces/msg/bool__type_support.cpp.o[0m
[14.795s] [ 20%] [32mBuilding CXX object CMakeFiles/example_interfaces__rosidl_typesupport_c.dir/rosidl_typesupport_c/example_interfaces/msg/multi_array_dimension__type_support.cpp.o[0m
[14.850s] [ 20%] [32mBuilding CXX object CMakeFiles/example_interfaces__rosidl_typesupport_c.dir/rosidl_typesupport_c/example_interfaces/msg/multi_array_layout__type_support.cpp.o[0m
[14.870s] [ 20%] [32mBuilding C object CMakeFiles/example_interfaces__rosidl_typesupport_introspection_c.dir/rosidl_typesupport_introspection_c/example_interfaces/action/detail/fibonacci__type_support.c.o[0m
[14.905s] [ 20%] [32mBuilding CXX object CMakeFiles/example_interfaces__rosidl_typesupport_c.dir/rosidl_typesupport_c/example_interfaces/msg/string__type_support.cpp.o[0m
[14.954s] [ 20%] [32mBuilding C object CMakeFiles/example_interfaces__rosidl_typesupport_introspection_c.dir/rosidl_typesupport_introspection_c/example_interfaces/msg/detail/bool__type_support.c.o[0m
[14.962s] [ 20%] [32mBuilding CXX object CMakeFiles/example_interfaces__rosidl_typesupport_introspection_cpp.dir/rosidl_typesupport_introspection_cpp/example_interfaces/action/detail/fibonacci__type_support.cpp.o[0m
[14.962s] [ 21%] [32mBuilding CXX object CMakeFiles/example_interfaces__rosidl_typesupport_c.dir/rosidl_typesupport_c/example_interfaces/msg/u_int16__type_support.cpp.o[0m
[15.017s] [ 21%] [32mBuilding CXX object CMakeFiles/example_interfaces__rosidl_typesupport_c.dir/rosidl_typesupport_c/example_interfaces/msg/u_int16_multi_array__type_support.cpp.o[0m
[15.023s] [ 22%] [32mBuilding C object CMakeFiles/example_interfaces__rosidl_typesupport_introspection_c.dir/rosidl_typesupport_introspection_c/example_interfaces/msg/detail/byte__type_support.c.o[0m
[15.058s] [ 22%] [32mBuilding CXX object CMakeFiles/example_interfaces__rosidl_typesupport_fastrtps_cpp.dir/rosidl_typesupport_fastrtps_cpp/example_interfaces/action/detail/dds_fastrtps/fibonacci__type_support.cpp.o[0m
[15.058s] [ 22%] [32mBuilding CXX object CMakeFiles/example_interfaces__rosidl_typesupport_fastrtps_c.dir/rosidl_typesupport_fastrtps_c/example_interfaces/action/detail/fibonacci__type_support_c.cpp.o[0m
[15.077s] [ 22%] [32mBuilding CXX object CMakeFiles/example_interfaces__rosidl_typesupport_c.dir/rosidl_typesupport_c/example_interfaces/msg/u_int32__type_support.cpp.o[0m
[15.085s] [ 22%] [32mBuilding C object CMakeFiles/example_interfaces__rosidl_typesupport_introspection_c.dir/rosidl_typesupport_introspection_c/example_interfaces/msg/detail/byte_multi_array__type_support.c.o[0m
[15.096s] [ 22%] [32mBuilding CXX object CMakeFiles/example_interfaces__rosidl_typesupport_cpp.dir/rosidl_typesupport_cpp/example_interfaces/msg/float64__type_support.cpp.o[0m
[15.135s] [ 23%] [32mBuilding CXX object CMakeFiles/example_interfaces__rosidl_typesupport_c.dir/rosidl_typesupport_c/example_interfaces/msg/u_int32_multi_array__type_support.cpp.o[0m
[15.150s] [ 23%] [32mBuilding C object CMakeFiles/example_interfaces__rosidl_typesupport_introspection_c.dir/rosidl_typesupport_introspection_c/example_interfaces/msg/detail/char__type_support.c.o[0m
[15.188s] [ 23%] [32mBuilding CXX object CMakeFiles/example_interfaces__rosidl_typesupport_c.dir/rosidl_typesupport_c/example_interfaces/msg/u_int64__type_support.cpp.o[0m
[15.212s] [ 23%] [32mBuilding C object CMakeFiles/example_interfaces__rosidl_typesupport_introspection_c.dir/rosidl_typesupport_introspection_c/example_interfaces/msg/detail/empty__type_support.c.o[0m
[15.246s] [ 23%] [32mBuilding CXX object CMakeFiles/example_interfaces__rosidl_typesupport_c.dir/rosidl_typesupport_c/example_interfaces/msg/u_int64_multi_array__type_support.cpp.o[0m
[15.268s] [ 23%] [32mBuilding C object CMakeFiles/example_interfaces__rosidl_typesupport_microxrcedds_c.dir/rosidl_typesupport_microxrcedds_c/example_interfaces/action/detail/microxrcedds/fibonacci__type_support_c.c.o[0m
[15.275s] [ 24%] [32mBuilding C object CMakeFiles/example_interfaces__rosidl_typesupport_introspection_c.dir/rosidl_typesupport_introspection_c/example_interfaces/msg/detail/float32__type_support.c.o[0m
[15.303s] [ 24%] [32mBuilding CXX object CMakeFiles/example_interfaces__rosidl_typesupport_c.dir/rosidl_typesupport_c/example_interfaces/msg/u_int8__type_support.cpp.o[0m
[15.358s] [ 24%] [32mBuilding C object CMakeFiles/example_interfaces__rosidl_typesupport_introspection_c.dir/rosidl_typesupport_introspection_c/example_interfaces/msg/detail/float32_multi_array__type_support.c.o[0m
[15.361s] [ 24%] [32mBuilding CXX object CMakeFiles/example_interfaces__rosidl_typesupport_microxrcedds_cpp.dir/rosidl_typesupport_microxrcedds_cpp/example_interfaces/action/detail/microxrcedds/fibonacci__type_support_cpp.cpp.o[0m
[15.363s] [ 25%] [32mBuilding CXX object CMakeFiles/example_interfaces__rosidl_typesupport_c.dir/rosidl_typesupport_c/example_interfaces/msg/u_int8_multi_array__type_support.cpp.o[0m
[15.402s] [ 25%] [32mBuilding C object CMakeFiles/example_interfaces__rosidl_typesupport_microxrcedds_c.dir/rosidl_typesupport_microxrcedds_c/example_interfaces/msg/detail/microxrcedds/bool__type_support_c.c.o[0m
[15.421s] [ 25%] [32mBuilding C object CMakeFiles/example_interfaces__rosidl_typesupport_introspection_c.dir/rosidl_typesupport_introspection_c/example_interfaces/msg/detail/float64__type_support.c.o[0m
[15.421s] [ 25%] [32mBuilding CXX object CMakeFiles/example_interfaces__rosidl_typesupport_c.dir/rosidl_typesupport_c/example_interfaces/msg/w_string__type_support.cpp.o[0m
[15.476s] [ 25%] [32mBuilding CXX object CMakeFiles/example_interfaces__rosidl_typesupport_c.dir/rosidl_typesupport_c/example_interfaces/srv/add_two_ints__type_support.cpp.o[0m
[15.487s] [ 26%] [32mBuilding C object CMakeFiles/example_interfaces__rosidl_typesupport_microxrcedds_c.dir/rosidl_typesupport_microxrcedds_c/example_interfaces/msg/detail/microxrcedds/byte__type_support_c.c.o[0m
[15.491s] [ 26%] [32mBuilding C object CMakeFiles/example_interfaces__rosidl_typesupport_introspection_c.dir/rosidl_typesupport_introspection_c/example_interfaces/msg/detail/float64_multi_array__type_support.c.o[0m
[15.534s] [ 26%] [32mBuilding CXX object CMakeFiles/example_interfaces__rosidl_typesupport_cpp.dir/rosidl_typesupport_cpp/example_interfaces/msg/float32_multi_array__type_support.cpp.o[0m
[15.534s] [ 26%] [32mBuilding CXX object CMakeFiles/example_interfaces__rosidl_typesupport_c.dir/rosidl_typesupport_c/example_interfaces/srv/set_bool__type_support.cpp.o[0m
[15.558s] [ 27%] [32mBuilding C object CMakeFiles/example_interfaces__rosidl_typesupport_introspection_c.dir/rosidl_typesupport_introspection_c/example_interfaces/msg/detail/int16__type_support.c.o[0m
[15.572s] [ 27%] [32mBuilding C object CMakeFiles/example_interfaces__rosidl_typesupport_microxrcedds_c.dir/rosidl_typesupport_microxrcedds_c/example_interfaces/msg/detail/microxrcedds/byte_multi_array__type_support_c.c.o[0m
[15.595s] [ 28%] [32mBuilding CXX object CMakeFiles/example_interfaces__rosidl_typesupport_c.dir/rosidl_typesupport_c/example_interfaces/srv/trigger__type_support.cpp.o[0m
[15.623s] [ 28%] [32mBuilding C object CMakeFiles/example_interfaces__rosidl_typesupport_introspection_c.dir/rosidl_typesupport_introspection_c/example_interfaces/msg/detail/int16_multi_array__type_support.c.o[0m
[15.652s] [ 28%] [32m[1mLinking CXX shared library libexample_interfaces__rosidl_typesupport_c.so[0m
[15.661s] [ 28%] [32mBuilding C object CMakeFiles/example_interfaces__rosidl_typesupport_microxrcedds_c.dir/rosidl_typesupport_microxrcedds_c/example_interfaces/msg/detail/microxrcedds/char__type_support_c.c.o[0m
[15.667s] [ 28%] [32mBuilding CXX object CMakeFiles/example_interfaces__rosidl_typesupport_fastrtps_c.dir/rosidl_typesupport_fastrtps_c/example_interfaces/msg/detail/bool__type_support_c.cpp.o[0m
[15.687s] [ 28%] [32mBuilding C object CMakeFiles/example_interfaces__rosidl_typesupport_introspection_c.dir/rosidl_typesupport_introspection_c/example_interfaces/msg/detail/int32__type_support.c.o[0m
[15.736s] [ 28%] Built target example_interfaces__rosidl_typesupport_c
[15.741s] [ 28%] [32mBuilding C object CMakeFiles/example_interfaces__rosidl_typesupport_microxrcedds_c.dir/rosidl_typesupport_microxrcedds_c/example_interfaces/msg/detail/microxrcedds/empty__type_support_c.c.o[0m
[15.752s] [ 29%] [32mBuilding C object CMakeFiles/example_interfaces__rosidl_typesupport_introspection_c.dir/rosidl_typesupport_introspection_c/example_interfaces/msg/detail/int32_multi_array__type_support.c.o[0m
[15.827s] [ 30%] [32mBuilding C object CMakeFiles/example_interfaces__rosidl_typesupport_microxrcedds_c.dir/rosidl_typesupport_microxrcedds_c/example_interfaces/msg/detail/microxrcedds/float32__type_support_c.c.o[0m
[15.832s] [ 30%] [32mBuilding C object CMakeFiles/example_interfaces__rosidl_typesupport_introspection_c.dir/rosidl_typesupport_introspection_c/example_interfaces/msg/detail/int64__type_support.c.o[0m
[15.897s] [ 30%] [32mBuilding C object CMakeFiles/example_interfaces__rosidl_typesupport_introspection_c.dir/rosidl_typesupport_introspection_c/example_interfaces/msg/detail/int64_multi_array__type_support.c.o[0m
[15.912s] [ 30%] [32mBuilding C object CMakeFiles/example_interfaces__rosidl_typesupport_microxrcedds_c.dir/rosidl_typesupport_microxrcedds_c/example_interfaces/msg/detail/microxrcedds/float32_multi_array__type_support_c.c.o[0m
[15.957s] [ 30%] [32mBuilding CXX object CMakeFiles/example_interfaces__rosidl_typesupport_introspection_cpp.dir/rosidl_typesupport_introspection_cpp/example_interfaces/msg/detail/byte__type_support.cpp.o[0m
[15.967s] [ 30%] [32mBuilding C object CMakeFiles/example_interfaces__rosidl_typesupport_introspection_c.dir/rosidl_typesupport_introspection_c/example_interfaces/msg/detail/int8__type_support.c.o[0m
[15.972s] [ 30%] [32mBuilding CXX object CMakeFiles/example_interfaces__rosidl_typesupport_cpp.dir/rosidl_typesupport_cpp/example_interfaces/msg/float32__type_support.cpp.o[0m
[15.988s] [ 31%] [32mBuilding CXX object CMakeFiles/example_interfaces__rosidl_typesupport_fastrtps_cpp.dir/rosidl_typesupport_fastrtps_cpp/example_interfaces/msg/detail/dds_fastrtps/byte__type_support.cpp.o[0m
[15.998s] [ 31%] [32mBuilding C object CMakeFiles/example_interfaces__rosidl_typesupport_microxrcedds_c.dir/rosidl_typesupport_microxrcedds_c/example_interfaces/msg/detail/microxrcedds/float64__type_support_c.c.o[0m
[16.023s] [ 31%] [32mBuilding C object CMakeFiles/example_interfaces__rosidl_typesupport_introspection_c.dir/rosidl_typesupport_introspection_c/example_interfaces/msg/detail/multi_array_dimension__type_support.c.o[0m
[16.078s] [ 32%] [32mBuilding C object CMakeFiles/example_interfaces__rosidl_typesupport_microxrcedds_c.dir/rosidl_typesupport_microxrcedds_c/example_interfaces/msg/detail/microxrcedds/float64_multi_array__type_support_c.c.o[0m
[16.095s] [ 33%] [32mBuilding C object CMakeFiles/example_interfaces__rosidl_typesupport_introspection_c.dir/rosidl_typesupport_introspection_c/example_interfaces/msg/detail/int8_multi_array__type_support.c.o[0m
[16.155s] [ 33%] [32mBuilding C object CMakeFiles/example_interfaces__rosidl_typesupport_microxrcedds_c.dir/rosidl_typesupport_microxrcedds_c/example_interfaces/msg/detail/microxrcedds/int16__type_support_c.c.o[0m
[16.173s] [ 33%] [32mBuilding C object CMakeFiles/example_interfaces__rosidl_typesupport_introspection_c.dir/rosidl_typesupport_introspection_c/example_interfaces/msg/detail/multi_array_layout__type_support.c.o[0m
[16.190s] [ 34%] [32mBuilding CXX object CMakeFiles/example_interfaces__rosidl_typesupport_fastrtps_c.dir/rosidl_typesupport_fastrtps_c/example_interfaces/msg/detail/byte_multi_array__type_support_c.cpp.o[0m
[16.232s] [ 35%] [32mBuilding C object CMakeFiles/example_interfaces__rosidl_typesupport_introspection_c.dir/rosidl_typesupport_introspection_c/example_interfaces/msg/detail/string__type_support.c.o[0m
[16.239s] [ 35%] [32mBuilding C object CMakeFiles/example_interfaces__rosidl_typesupport_microxrcedds_c.dir/rosidl_typesupport_microxrcedds_c/example_interfaces/msg/detail/microxrcedds/int16_multi_array__type_support_c.c.o[0m
[16.243s] [ 36%] [32mBuilding CXX object CMakeFiles/example_interfaces__rosidl_typesupport_microxrcedds_cpp.dir/rosidl_typesupport_microxrcedds_cpp/example_interfaces/msg/detail/microxrcedds/bool__type_support_cpp.cpp.o[0m
[16.293s] [ 36%] [32mBuilding C object CMakeFiles/example_interfaces__rosidl_typesupport_introspection_c.dir/rosidl_typesupport_introspection_c/example_interfaces/msg/detail/u_int16__type_support.c.o[0m
[16.322s] [ 36%] [32mBuilding C object CMakeFiles/example_interfaces__rosidl_typesupport_microxrcedds_c.dir/rosidl_typesupport_microxrcedds_c/example_interfaces/msg/detail/microxrcedds/int32__type_support_c.c.o[0m
[16.347s] [ 36%] [32mBuilding C object CMakeFiles/example_interfaces__rosidl_typesupport_introspection_c.dir/rosidl_typesupport_introspection_c/example_interfaces/msg/detail/u_int16_multi_array__type_support.c.o[0m
[16.361s] [ 37%] [32mBuilding CXX object CMakeFiles/example_interfaces__rosidl_typesupport_cpp.dir/rosidl_typesupport_cpp/example_interfaces/msg/float64_multi_array__type_support.cpp.o[0m
[16.401s] [ 38%] [32mBuilding C object CMakeFiles/example_interfaces__rosidl_typesupport_microxrcedds_c.dir/rosidl_typesupport_microxrcedds_c/example_interfaces/msg/detail/microxrcedds/int32_multi_array__type_support_c.c.o[0m
[16.414s] [ 38%] [32mBuilding C object CMakeFiles/example_interfaces__rosidl_typesupport_introspection_c.dir/rosidl_typesupport_introspection_c/example_interfaces/msg/detail/u_int32__type_support.c.o[0m
[16.481s] [ 39%] [32mBuilding C object CMakeFiles/example_interfaces__rosidl_typesupport_microxrcedds_c.dir/rosidl_typesupport_microxrcedds_c/example_interfaces/msg/detail/microxrcedds/int64__type_support_c.c.o[0m
[16.481s] [ 39%] [32mBuilding C object CMakeFiles/example_interfaces__rosidl_typesupport_introspection_c.dir/rosidl_typesupport_introspection_c/example_interfaces/msg/detail/u_int32_multi_array__type_support.c.o[0m
[16.506s] [ 40%] [32mBuilding CXX object CMakeFiles/example_interfaces__rosidl_typesupport_introspection_cpp.dir/rosidl_typesupport_introspection_cpp/example_interfaces/msg/detail/bool__type_support.cpp.o[0m
[16.558s] [ 40%] [32mBuilding CXX object CMakeFiles/example_interfaces__rosidl_typesupport_fastrtps_cpp.dir/rosidl_typesupport_fastrtps_cpp/example_interfaces/msg/detail/dds_fastrtps/bool__type_support.cpp.o[0m
[16.559s] [ 40%] [32mBuilding C object CMakeFiles/example_interfaces__rosidl_typesupport_introspection_c.dir/rosidl_typesupport_introspection_c/example_interfaces/msg/detail/u_int64__type_support.c.o[0m
[16.579s] [ 40%] [32mBuilding C object CMakeFiles/example_interfaces__rosidl_typesupport_microxrcedds_c.dir/rosidl_typesupport_microxrcedds_c/example_interfaces/msg/detail/microxrcedds/int8__type_support_c.c.o[0m
[16.636s] [ 40%] [32mBuilding C object CMakeFiles/example_interfaces__rosidl_typesupport_introspection_c.dir/rosidl_typesupport_introspection_c/example_interfaces/msg/detail/u_int64_multi_array__type_support.c.o[0m
[16.670s] [ 40%] [32mBuilding C object CMakeFiles/example_interfaces__rosidl_typesupport_microxrcedds_c.dir/rosidl_typesupport_microxrcedds_c/example_interfaces/msg/detail/microxrcedds/int64_multi_array__type_support_c.c.o[0m
[16.705s] [ 40%] [32mBuilding C object CMakeFiles/example_interfaces__rosidl_typesupport_introspection_c.dir/rosidl_typesupport_introspection_c/example_interfaces/msg/detail/u_int8__type_support.c.o[0m
[16.719s] [ 40%] [32mBuilding CXX object CMakeFiles/example_interfaces__rosidl_typesupport_microxrcedds_cpp.dir/rosidl_typesupport_microxrcedds_cpp/example_interfaces/msg/detail/microxrcedds/byte__type_support_cpp.cpp.o[0m
[16.727s] [ 40%] [32mBuilding CXX object CMakeFiles/example_interfaces__rosidl_typesupport_fastrtps_c.dir/rosidl_typesupport_fastrtps_c/example_interfaces/msg/detail/byte__type_support_c.cpp.o[0m
[16.745s] [ 41%] [32mBuilding C object CMakeFiles/example_interfaces__rosidl_typesupport_microxrcedds_c.dir/rosidl_typesupport_microxrcedds_c/example_interfaces/msg/detail/microxrcedds/int8_multi_array__type_support_c.c.o[0m
[16.768s] [ 41%] [32mBuilding C object CMakeFiles/example_interfaces__rosidl_typesupport_introspection_c.dir/rosidl_typesupport_introspection_c/example_interfaces/msg/detail/w_string__type_support.c.o[0m
[16.809s] [ 41%] [32mBuilding CXX object CMakeFiles/example_interfaces__rosidl_typesupport_cpp.dir/rosidl_typesupport_cpp/example_interfaces/msg/int16_multi_array__type_support.cpp.o[0m
[16.823s] [ 41%] [32mBuilding C object CMakeFiles/example_interfaces__rosidl_typesupport_introspection_c.dir/rosidl_typesupport_introspection_c/example_interfaces/srv/detail/add_two_ints__type_support.c.o[0m
[16.834s] [ 41%] [32mBuilding C object CMakeFiles/example_interfaces__rosidl_typesupport_microxrcedds_c.dir/rosidl_typesupport_microxrcedds_c/example_interfaces/msg/detail/microxrcedds/multi_array_dimension__type_support_c.c.o[0m
[16.889s] [ 42%] [32mBuilding C object CMakeFiles/example_interfaces__rosidl_typesupport_introspection_c.dir/rosidl_typesupport_introspection_c/example_interfaces/srv/detail/set_bool__type_support.c.o[0m
[16.917s] [ 42%] [32mBuilding C object CMakeFiles/example_interfaces__rosidl_typesupport_microxrcedds_c.dir/rosidl_typesupport_microxrcedds_c/example_interfaces/msg/detail/microxrcedds/multi_array_layout__type_support_c.c.o[0m
[16.949s] [ 43%] [32mBuilding C object CMakeFiles/example_interfaces__rosidl_typesupport_introspection_c.dir/rosidl_typesupport_introspection_c/example_interfaces/msg/detail/u_int8_multi_array__type_support.c.o[0m
[16.998s] [ 44%] [32mBuilding C object CMakeFiles/example_interfaces__rosidl_typesupport_microxrcedds_c.dir/rosidl_typesupport_microxrcedds_c/example_interfaces/msg/detail/microxrcedds/string__type_support_c.c.o[0m
[17.019s] [ 44%] [32mBuilding C object CMakeFiles/example_interfaces__rosidl_typesupport_introspection_c.dir/rosidl_typesupport_introspection_c/example_interfaces/srv/detail/trigger__type_support.c.o[0m
[17.075s] [ 44%] [32mBuilding C object CMakeFiles/example_interfaces__rosidl_typesupport_microxrcedds_c.dir/rosidl_typesupport_microxrcedds_c/example_interfaces/msg/detail/microxrcedds/u_int16__type_support_c.c.o[0m
[17.094s] [ 44%] [32m[1mLinking C shared library libexample_interfaces__rosidl_typesupport_introspection_c.so[0m
[17.154s] [ 44%] [32mBuilding CXX object CMakeFiles/example_interfaces__rosidl_typesupport_fastrtps_cpp.dir/rosidl_typesupport_fastrtps_cpp/example_interfaces/msg/detail/dds_fastrtps/byte_multi_array__type_support.cpp.o[0m
[17.163s] [ 44%] [32mBuilding C object CMakeFiles/example_interfaces__rosidl_typesupport_microxrcedds_c.dir/rosidl_typesupport_microxrcedds_c/example_interfaces/msg/detail/microxrcedds/u_int16_multi_array__type_support_c.c.o[0m
[17.181s] [ 44%] [32mBuilding CXX object CMakeFiles/example_interfaces__rosidl_typesupport_microxrcedds_cpp.dir/rosidl_typesupport_microxrcedds_cpp/example_interfaces/msg/detail/microxrcedds/byte_multi_array__type_support_cpp.cpp.o[0m
[17.181s] [ 44%] Built target example_interfaces__rosidl_typesupport_introspection_c
[17.197s] [ 44%] [32mBuilding CXX object CMakeFiles/example_interfaces__rosidl_typesupport_cpp.dir/rosidl_typesupport_cpp/example_interfaces/msg/int64__type_support.cpp.o[0m
[17.198s] [ 44%] [32mBuilding CXX object CMakeFiles/example_interfaces__rosidl_typesupport_introspection_cpp.dir/rosidl_typesupport_introspection_cpp/example_interfaces/msg/detail/byte_multi_array__type_support.cpp.o[0m
[17.221s] [ 44%] [32mBuilding CXX object CMakeFiles/example_interfaces__rosidl_typesupport_fastrtps_c.dir/rosidl_typesupport_fastrtps_c/example_interfaces/msg/detail/char__type_support_c.cpp.o[0m
[17.240s] [ 44%] [32mBuilding C object CMakeFiles/example_interfaces__rosidl_typesupport_microxrcedds_c.dir/rosidl_typesupport_microxrcedds_c/example_interfaces/msg/detail/microxrcedds/u_int32__type_support_c.c.o[0m
[17.307s] [ 45%] [32mBuilding C object CMakeFiles/example_interfaces__rosidl_typesupport_microxrcedds_c.dir/rosidl_typesupport_microxrcedds_c/example_interfaces/msg/detail/microxrcedds/u_int32_multi_array__type_support_c.c.o[0m
[17.374s] [ 45%] [32mBuilding C object CMakeFiles/example_interfaces__rosidl_typesupport_microxrcedds_c.dir/rosidl_typesupport_microxrcedds_c/example_interfaces/msg/detail/microxrcedds/u_int64__type_support_c.c.o[0m
[17.436s] [ 45%] [32mBuilding C object CMakeFiles/example_interfaces__rosidl_typesupport_microxrcedds_c.dir/rosidl_typesupport_microxrcedds_c/example_interfaces/msg/detail/microxrcedds/u_int64_multi_array__type_support_c.c.o[0m
[17.501s] [ 46%] [32mBuilding C object CMakeFiles/example_interfaces__rosidl_typesupport_microxrcedds_c.dir/rosidl_typesupport_microxrcedds_c/example_interfaces/msg/detail/microxrcedds/u_int8__type_support_c.c.o[0m
[17.531s] [ 47%] [32mBuilding CXX object CMakeFiles/example_interfaces__rosidl_typesupport_cpp.dir/rosidl_typesupport_cpp/example_interfaces/msg/int32_multi_array__type_support.cpp.o[0m
[17.562s] [ 47%] [32mBuilding C object CMakeFiles/example_interfaces__rosidl_typesupport_microxrcedds_c.dir/rosidl_typesupport_microxrcedds_c/example_interfaces/msg/detail/microxrcedds/u_int8_multi_array__type_support_c.c.o[0m
[17.635s] [ 47%] [32mBuilding C object CMakeFiles/example_interfaces__rosidl_typesupport_microxrcedds_c.dir/rosidl_typesupport_microxrcedds_c/example_interfaces/msg/detail/microxrcedds/w_string__type_support_c.c.o[0m
[17.696s] [ 47%] [32mBuilding C object CMakeFiles/example_interfaces__rosidl_typesupport_microxrcedds_c.dir/rosidl_typesupport_microxrcedds_c/example_interfaces/srv/detail/microxrcedds/add_two_ints__type_support_c.c.o[0m
[17.706s] [ 47%] [32mBuilding CXX object CMakeFiles/example_interfaces__rosidl_typesupport_microxrcedds_cpp.dir/rosidl_typesupport_microxrcedds_cpp/example_interfaces/msg/detail/microxrcedds/float32__type_support_cpp.cpp.o[0m
[17.715s] [ 47%] [32mBuilding CXX object CMakeFiles/example_interfaces__rosidl_typesupport_fastrtps_cpp.dir/rosidl_typesupport_fastrtps_cpp/example_interfaces/msg/detail/dds_fastrtps/char__type_support.cpp.o[0m
[17.734s] [ 47%] [32mBuilding CXX object CMakeFiles/example_interfaces__rosidl_typesupport_fastrtps_c.dir/rosidl_typesupport_fastrtps_c/example_interfaces/msg/detail/empty__type_support_c.cpp.o[0m
[17.767s] [ 47%] [32mBuilding CXX object CMakeFiles/example_interfaces__rosidl_typesupport_introspection_cpp.dir/rosidl_typesupport_introspection_cpp/example_interfaces/msg/detail/char__type_support.cpp.o[0m
[17.772s] [ 48%] [32mBuilding C object CMakeFiles/example_interfaces__rosidl_typesupport_microxrcedds_c.dir/rosidl_typesupport_microxrcedds_c/example_interfaces/srv/detail/microxrcedds/set_bool__type_support_c.c.o[0m
[17.839s] [ 48%] [32mBuilding CXX object CMakeFiles/example_interfaces__rosidl_typesupport_cpp.dir/rosidl_typesupport_cpp/example_interfaces/msg/int64_multi_array__type_support.cpp.o[0m
[17.840s] [ 48%] [32mBuilding C object CMakeFiles/example_interfaces__rosidl_typesupport_microxrcedds_c.dir/rosidl_typesupport_microxrcedds_c/example_interfaces/srv/detail/microxrcedds/trigger__type_support_c.c.o[0m
[17.904s] [ 48%] [32m[1mLinking C shared library libexample_interfaces__rosidl_typesupport_microxrcedds_c.so[0m
[17.978s] [ 48%] Built target example_interfaces__rosidl_typesupport_microxrcedds_c
[18.111s] [ 49%] [32mBuilding CXX object CMakeFiles/example_interfaces__rosidl_typesupport_fastrtps_c.dir/rosidl_typesupport_fastrtps_c/example_interfaces/msg/detail/float32__type_support_c.cpp.o[0m
[18.141s] [ 50%] [32mBuilding CXX object CMakeFiles/example_interfaces__rosidl_typesupport_microxrcedds_cpp.dir/rosidl_typesupport_microxrcedds_cpp/example_interfaces/msg/detail/microxrcedds/empty__type_support_cpp.cpp.o[0m
[18.157s] [ 51%] [32mBuilding CXX object CMakeFiles/example_interfaces__rosidl_typesupport_fastrtps_cpp.dir/rosidl_typesupport_fastrtps_cpp/example_interfaces/msg/detail/dds_fastrtps/empty__type_support.cpp.o[0m
[18.243s] [ 51%] [32mBuilding CXX object CMakeFiles/example_interfaces__rosidl_typesupport_cpp.dir/rosidl_typesupport_cpp/example_interfaces/msg/int32__type_support.cpp.o[0m
[18.257s] [ 51%] [32mBuilding CXX object CMakeFiles/example_interfaces__rosidl_typesupport_introspection_cpp.dir/rosidl_typesupport_introspection_cpp/example_interfaces/msg/detail/float32_multi_array__type_support.cpp.o[0m
[18.520s] [ 51%] [32mBuilding CXX object CMakeFiles/example_interfaces__rosidl_typesupport_fastrtps_c.dir/rosidl_typesupport_fastrtps_c/example_interfaces/msg/detail/float32_multi_array__type_support_c.cpp.o[0m
[18.569s] [ 51%] [32mBuilding CXX object CMakeFiles/example_interfaces__rosidl_typesupport_microxrcedds_cpp.dir/rosidl_typesupport_microxrcedds_cpp/example_interfaces/msg/detail/microxrcedds/char__type_support_cpp.cpp.o[0m
[18.578s] [ 51%] [32mBuilding CXX object CMakeFiles/example_interfaces__rosidl_typesupport_cpp.dir/rosidl_typesupport_cpp/example_interfaces/msg/int8_multi_array__type_support.cpp.o[0m
[18.632s] [ 51%] [32mBuilding CXX object CMakeFiles/example_interfaces__rosidl_typesupport_fastrtps_cpp.dir/rosidl_typesupport_fastrtps_cpp/example_interfaces/msg/detail/dds_fastrtps/float32__type_support.cpp.o[0m
[18.742s] [ 51%] [32mBuilding CXX object CMakeFiles/example_interfaces__rosidl_typesupport_introspection_cpp.dir/rosidl_typesupport_introspection_cpp/example_interfaces/msg/detail/float32__type_support.cpp.o[0m
[18.955s] [ 52%] [32mBuilding CXX object CMakeFiles/example_interfaces__rosidl_typesupport_cpp.dir/rosidl_typesupport_cpp/example_interfaces/msg/int8__type_support.cpp.o[0m
[18.997s] [ 52%] [32mBuilding CXX object CMakeFiles/example_interfaces__rosidl_typesupport_fastrtps_c.dir/rosidl_typesupport_fastrtps_c/example_interfaces/msg/detail/float64_multi_array__type_support_c.cpp.o[0m
[19.019s] [ 52%] [32mBuilding CXX object CMakeFiles/example_interfaces__rosidl_typesupport_microxrcedds_cpp.dir/rosidl_typesupport_microxrcedds_cpp/example_interfaces/msg/detail/microxrcedds/float32_multi_array__type_support_cpp.cpp.o[0m
[19.207s] [ 52%] [32mBuilding CXX object CMakeFiles/example_interfaces__rosidl_typesupport_fastrtps_cpp.dir/rosidl_typesupport_fastrtps_cpp/example_interfaces/msg/detail/dds_fastrtps/float32_multi_array__type_support.cpp.o[0m
[19.302s] [ 52%] [32mBuilding CXX object CMakeFiles/example_interfaces__rosidl_typesupport_introspection_cpp.dir/rosidl_typesupport_introspection_cpp/example_interfaces/msg/detail/float64__type_support.cpp.o[0m
[19.320s] [ 52%] [32mBuilding CXX object CMakeFiles/example_interfaces__rosidl_typesupport_cpp.dir/rosidl_typesupport_cpp/example_interfaces/msg/multi_array_dimension__type_support.cpp.o[0m
[19.437s] [ 52%] [32mBuilding CXX object CMakeFiles/example_interfaces__rosidl_typesupport_microxrcedds_cpp.dir/rosidl_typesupport_microxrcedds_cpp/example_interfaces/msg/detail/microxrcedds/float64_multi_array__type_support_cpp.cpp.o[0m
[19.486s] [ 53%] [32mBuilding CXX object CMakeFiles/example_interfaces__rosidl_typesupport_fastrtps_c.dir/rosidl_typesupport_fastrtps_c/example_interfaces/msg/detail/int16__type_support_c.cpp.o[0m
[19.611s] [ 53%] [32mBuilding CXX object CMakeFiles/example_interfaces__rosidl_typesupport_cpp.dir/rosidl_typesupport_cpp/example_interfaces/msg/multi_array_layout__type_support.cpp.o[0m
[19.683s] [ 53%] [32mBuilding CXX object CMakeFiles/example_interfaces__rosidl_typesupport_fastrtps_cpp.dir/rosidl_typesupport_fastrtps_cpp/example_interfaces/msg/detail/dds_fastrtps/float64__type_support.cpp.o[0m
[19.692s] [ 53%] [32mBuilding CXX object CMakeFiles/example_interfaces__rosidl_typesupport_introspection_cpp.dir/rosidl_typesupport_introspection_cpp/example_interfaces/msg/detail/int16__type_support.cpp.o[0m
[19.800s] [ 53%] [32mBuilding CXX object CMakeFiles/example_interfaces__rosidl_typesupport_fastrtps_c.dir/rosidl_typesupport_fastrtps_c/example_interfaces/msg/detail/float64__type_support_c.cpp.o[0m
[19.832s] [ 53%] [32mBuilding CXX object CMakeFiles/example_interfaces__rosidl_typesupport_microxrcedds_cpp.dir/rosidl_typesupport_microxrcedds_cpp/example_interfaces/msg/detail/microxrcedds/int16__type_support_cpp.cpp.o[0m
[19.890s] [ 54%] [32mBuilding CXX object CMakeFiles/example_interfaces__rosidl_typesupport_cpp.dir/rosidl_typesupport_cpp/example_interfaces/msg/string__type_support.cpp.o[0m
[20.104s] [ 55%] [32mBuilding CXX object CMakeFiles/example_interfaces__rosidl_typesupport_introspection_cpp.dir/rosidl_typesupport_introspection_cpp/example_interfaces/msg/detail/float64_multi_array__type_support.cpp.o[0m
[20.134s] [ 55%] [32mBuilding CXX object CMakeFiles/example_interfaces__rosidl_typesupport_fastrtps_cpp.dir/rosidl_typesupport_fastrtps_cpp/example_interfaces/msg/detail/dds_fastrtps/int16__type_support.cpp.o[0m
[20.161s] [ 55%] [32mBuilding CXX object CMakeFiles/example_interfaces__rosidl_typesupport_fastrtps_c.dir/rosidl_typesupport_fastrtps_c/example_interfaces/msg/detail/int16_multi_array__type_support_c.cpp.o[0m
[20.191s] [ 56%] [32mBuilding CXX object CMakeFiles/example_interfaces__rosidl_typesupport_microxrcedds_cpp.dir/rosidl_typesupport_microxrcedds_cpp/example_interfaces/msg/detail/microxrcedds/int32__type_support_cpp.cpp.o[0m
[20.206s] [ 56%] [32mBuilding CXX object CMakeFiles/example_interfaces__rosidl_typesupport_cpp.dir/rosidl_typesupport_cpp/example_interfaces/msg/int16__type_support.cpp.o[0m
[20.501s] [ 56%] [32mBuilding CXX object CMakeFiles/example_interfaces__rosidl_typesupport_cpp.dir/rosidl_typesupport_cpp/example_interfaces/msg/char__type_support.cpp.o[0m
[20.511s] [ 56%] [32mBuilding CXX object CMakeFiles/example_interfaces__rosidl_typesupport_microxrcedds_cpp.dir/rosidl_typesupport_microxrcedds_cpp/example_interfaces/msg/detail/microxrcedds/int16_multi_array__type_support_cpp.cpp.o[0m
[20.515s] [ 56%] [32mBuilding CXX object CMakeFiles/example_interfaces__rosidl_typesupport_fastrtps_c.dir/rosidl_typesupport_fastrtps_c/example_interfaces/msg/detail/int64__type_support_c.cpp.o[0m
[20.536s] [ 57%] [32mBuilding CXX object CMakeFiles/example_interfaces__rosidl_typesupport_fastrtps_cpp.dir/rosidl_typesupport_fastrtps_cpp/example_interfaces/msg/detail/dds_fastrtps/float64_multi_array__type_support.cpp.o[0m
[20.543s] [ 57%] [32mBuilding CXX object CMakeFiles/example_interfaces__rosidl_typesupport_introspection_cpp.dir/rosidl_typesupport_introspection_cpp/example_interfaces/msg/detail/int16_multi_array__type_support.cpp.o[0m
[20.759s] [ 57%] [32mBuilding CXX object CMakeFiles/example_interfaces__rosidl_typesupport_cpp.dir/rosidl_typesupport_cpp/example_interfaces/msg/u_int16_multi_array__type_support.cpp.o[0m
[20.831s] [ 58%] [32mBuilding CXX object CMakeFiles/example_interfaces__rosidl_typesupport_microxrcedds_cpp.dir/rosidl_typesupport_microxrcedds_cpp/example_interfaces/msg/detail/microxrcedds/float64__type_support_cpp.cpp.o[0m
[20.840s] [ 58%] [32mBuilding CXX object CMakeFiles/example_interfaces__rosidl_typesupport_fastrtps_c.dir/rosidl_typesupport_fastrtps_c/example_interfaces/msg/detail/int64_multi_array__type_support_c.cpp.o[0m
[20.949s] [ 59%] [32mBuilding CXX object CMakeFiles/example_interfaces__rosidl_typesupport_introspection_cpp.dir/rosidl_typesupport_introspection_cpp/example_interfaces/msg/detail/int32__type_support.cpp.o[0m
[20.960s] [ 59%] [32mBuilding CXX object CMakeFiles/example_interfaces__rosidl_typesupport_fastrtps_cpp.dir/rosidl_typesupport_fastrtps_cpp/example_interfaces/msg/detail/dds_fastrtps/int32_multi_array__type_support.cpp.o[0m
[21.023s] [ 59%] [32mBuilding CXX object CMakeFiles/example_interfaces__rosidl_typesupport_cpp.dir/rosidl_typesupport_cpp/example_interfaces/msg/u_int16__type_support.cpp.o[0m
[21.130s] [ 59%] [32mBuilding CXX object CMakeFiles/example_interfaces__rosidl_typesupport_microxrcedds_cpp.dir/rosidl_typesupport_microxrcedds_cpp/example_interfaces/msg/detail/microxrcedds/int64__type_support_cpp.cpp.o[0m
[21.164s] [ 60%] [32mBuilding CXX object CMakeFiles/example_interfaces__rosidl_typesupport_fastrtps_c.dir/rosidl_typesupport_fastrtps_c/example_interfaces/msg/detail/int32_multi_array__type_support_c.cpp.o[0m
[21.271s] [ 60%] [32mBuilding CXX object CMakeFiles/example_interfaces__rosidl_typesupport_cpp.dir/rosidl_typesupport_cpp/example_interfaces/msg/u_int32_multi_array__type_support.cpp.o[0m
[21.298s] [ 60%] [32mBuilding CXX object CMakeFiles/example_interfaces__rosidl_typesupport_introspection_cpp.dir/rosidl_typesupport_introspection_cpp/example_interfaces/msg/detail/int32_multi_array__type_support.cpp.o[0m
[21.387s] [ 61%] [32mBuilding CXX object CMakeFiles/example_interfaces__rosidl_typesupport_fastrtps_cpp.dir/rosidl_typesupport_fastrtps_cpp/example_interfaces/msg/detail/dds_fastrtps/int32__type_support.cpp.o[0m
[21.418s] [ 62%] [32mBuilding CXX object CMakeFiles/example_interfaces__rosidl_typesupport_microxrcedds_cpp.dir/rosidl_typesupport_microxrcedds_cpp/example_interfaces/msg/detail/microxrcedds/int8__type_support_cpp.cpp.o[0m
[21.499s] [ 62%] [32mBuilding CXX object CMakeFiles/example_interfaces__rosidl_typesupport_fastrtps_c.dir/rosidl_typesupport_fastrtps_c/example_interfaces/msg/detail/int32__type_support_c.cpp.o[0m
[21.550s] [ 63%] [32mBuilding CXX object CMakeFiles/example_interfaces__rosidl_typesupport_cpp.dir/rosidl_typesupport_cpp/example_interfaces/msg/u_int32__type_support.cpp.o[0m
[21.739s] [ 63%] [32mBuilding CXX object CMakeFiles/example_interfaces__rosidl_typesupport_microxrcedds_cpp.dir/rosidl_typesupport_microxrcedds_cpp/example_interfaces/msg/detail/microxrcedds/int8_multi_array__type_support_cpp.cpp.o[0m
[21.757s] [ 63%] [32mBuilding CXX object CMakeFiles/example_interfaces__rosidl_typesupport_introspection_cpp.dir/rosidl_typesupport_introspection_cpp/example_interfaces/msg/detail/int64_multi_array__type_support.cpp.o[0m
[21.831s] [ 63%] [32mBuilding CXX object CMakeFiles/example_interfaces__rosidl_typesupport_fastrtps_cpp.dir/rosidl_typesupport_fastrtps_cpp/example_interfaces/msg/detail/dds_fastrtps/int64__type_support.cpp.o[0m
[21.842s] [ 63%] [32mBuilding CXX object CMakeFiles/example_interfaces__rosidl_typesupport_cpp.dir/rosidl_typesupport_cpp/example_interfaces/msg/byte_multi_array__type_support.cpp.o[0m
[21.875s] [ 63%] [32mBuilding CXX object CMakeFiles/example_interfaces__rosidl_typesupport_fastrtps_c.dir/rosidl_typesupport_fastrtps_c/example_interfaces/msg/detail/int8__type_support_c.cpp.o[0m
[22.197s] [ 64%] [32mBuilding CXX object CMakeFiles/example_interfaces__rosidl_typesupport_microxrcedds_cpp.dir/rosidl_typesupport_microxrcedds_cpp/example_interfaces/msg/detail/microxrcedds/multi_array_layout__type_support_cpp.cpp.o[0m
[22.240s] [ 65%] [32mBuilding CXX object CMakeFiles/example_interfaces__rosidl_typesupport_cpp.dir/rosidl_typesupport_cpp/example_interfaces/msg/byte__type_support.cpp.o[0m
[22.240s] [ 65%] [32mBuilding CXX object CMakeFiles/example_interfaces__rosidl_typesupport_introspection_cpp.dir/rosidl_typesupport_introspection_cpp/example_interfaces/msg/detail/multi_array_dimension__type_support.cpp.o[0m
[22.262s] [ 66%] [32mBuilding CXX object CMakeFiles/example_interfaces__rosidl_typesupport_fastrtps_c.dir/rosidl_typesupport_fastrtps_c/example_interfaces/msg/detail/int8_multi_array__type_support_c.cpp.o[0m
[22.276s] [ 66%] [32mBuilding CXX object CMakeFiles/example_interfaces__rosidl_typesupport_fastrtps_cpp.dir/rosidl_typesupport_fastrtps_cpp/example_interfaces/msg/detail/dds_fastrtps/int16_multi_array__type_support.cpp.o[0m
[22.568s] [ 66%] [32mBuilding CXX object CMakeFiles/example_interfaces__rosidl_typesupport_microxrcedds_cpp.dir/rosidl_typesupport_microxrcedds_cpp/example_interfaces/msg/detail/microxrcedds/u_int16__type_support_cpp.cpp.o[0m
[22.624s] [ 66%] [32mBuilding CXX object CMakeFiles/example_interfaces__rosidl_typesupport_cpp.dir/rosidl_typesupport_cpp/example_interfaces/msg/bool__type_support.cpp.o[0m
[22.634s] [ 66%] [32mBuilding CXX object CMakeFiles/example_interfaces__rosidl_typesupport_fastrtps_c.dir/rosidl_typesupport_fastrtps_c/example_interfaces/msg/detail/multi_array_layout__type_support_c.cpp.o[0m
[22.741s] [ 66%] [32mBuilding CXX object CMakeFiles/example_interfaces__rosidl_typesupport_introspection_cpp.dir/rosidl_typesupport_introspection_cpp/example_interfaces/msg/detail/string__type_support.cpp.o[0m
[22.775s] [ 66%] [32mBuilding CXX object CMakeFiles/example_interfaces__rosidl_typesupport_fastrtps_cpp.dir/rosidl_typesupport_fastrtps_cpp/example_interfaces/msg/detail/dds_fastrtps/int64_multi_array__type_support.cpp.o[0m
[22.885s] [ 66%] [32mBuilding CXX object CMakeFiles/example_interfaces__rosidl_typesupport_microxrcedds_cpp.dir/rosidl_typesupport_microxrcedds_cpp/example_interfaces/msg/detail/microxrcedds/string__type_support_cpp.cpp.o[0m
[22.942s] [ 66%] [32mBuilding CXX object CMakeFiles/example_interfaces__rosidl_typesupport_cpp.dir/rosidl_typesupport_cpp/example_interfaces/msg/u_int64__type_support.cpp.o[0m
[23.001s] [ 66%] [32mBuilding CXX object CMakeFiles/example_interfaces__rosidl_typesupport_fastrtps_c.dir/rosidl_typesupport_fastrtps_c/example_interfaces/msg/detail/multi_array_dimension__type_support_c.cpp.o[0m
[23.212s] [ 67%] [32mBuilding CXX object CMakeFiles/example_interfaces__rosidl_typesupport_introspection_cpp.dir/rosidl_typesupport_introspection_cpp/example_interfaces/msg/detail/multi_array_layout__type_support.cpp.o[0m
[23.256s] [ 67%] [32mBuilding CXX object CMakeFiles/example_interfaces__rosidl_typesupport_microxrcedds_cpp.dir/rosidl_typesupport_microxrcedds_cpp/example_interfaces/msg/detail/microxrcedds/u_int16_multi_array__type_support_cpp.cpp.o[0m
[23.370s] [ 68%] [32mBuilding CXX object CMakeFiles/example_interfaces__rosidl_typesupport_cpp.dir/rosidl_typesupport_cpp/example_interfaces/msg/u_int8__type_support.cpp.o[0m
[23.395s] [ 68%] [32mBuilding CXX object CMakeFiles/example_interfaces__rosidl_typesupport_fastrtps_cpp.dir/rosidl_typesupport_fastrtps_cpp/example_interfaces/msg/detail/dds_fastrtps/multi_array_dimension__type_support.cpp.o[0m
[23.435s] [ 68%] [32mBuilding CXX object CMakeFiles/example_interfaces__rosidl_typesupport_fastrtps_c.dir/rosidl_typesupport_fastrtps_c/example_interfaces/msg/detail/string__type_support_c.cpp.o[0m
[23.691s] [ 69%] [32mBuilding CXX object CMakeFiles/example_interfaces__rosidl_typesupport_microxrcedds_cpp.dir/rosidl_typesupport_microxrcedds_cpp/example_interfaces/msg/detail/microxrcedds/u_int32__type_support_cpp.cpp.o[0m
[23.730s] [ 69%] [32mBuilding CXX object CMakeFiles/example_interfaces__rosidl_typesupport_cpp.dir/rosidl_typesupport_cpp/example_interfaces/msg/u_int64_multi_array__type_support.cpp.o[0m
[23.765s] [ 69%] [32mBuilding CXX object CMakeFiles/example_interfaces__rosidl_typesupport_introspection_cpp.dir/rosidl_typesupport_introspection_cpp/example_interfaces/msg/detail/int8_multi_array__type_support.cpp.o[0m
[23.866s] [ 70%] [32mBuilding CXX object CMakeFiles/example_interfaces__rosidl_typesupport_fastrtps_c.dir/rosidl_typesupport_fastrtps_c/example_interfaces/msg/detail/u_int16__type_support_c.cpp.o[0m
[23.912s] [ 70%] [32mBuilding CXX object CMakeFiles/example_interfaces__rosidl_typesupport_fastrtps_cpp.dir/rosidl_typesupport_fastrtps_cpp/example_interfaces/msg/detail/dds_fastrtps/int8_multi_array__type_support.cpp.o[0m
[24.054s] [ 70%] [32mBuilding CXX object CMakeFiles/example_interfaces__rosidl_typesupport_microxrcedds_cpp.dir/rosidl_typesupport_microxrcedds_cpp/example_interfaces/msg/detail/microxrcedds/u_int64__type_support_cpp.cpp.o[0m
[24.072s] [ 70%] [32mBuilding CXX object CMakeFiles/example_interfaces__rosidl_typesupport_cpp.dir/rosidl_typesupport_cpp/example_interfaces/msg/u_int8_multi_array__type_support.cpp.o[0m
[24.250s] [ 70%] [32mBuilding CXX object CMakeFiles/example_interfaces__rosidl_typesupport_fastrtps_c.dir/rosidl_typesupport_fastrtps_c/example_interfaces/msg/detail/u_int16_multi_array__type_support_c.cpp.o[0m
[24.369s] [ 70%] [32mBuilding CXX object CMakeFiles/example_interfaces__rosidl_typesupport_cpp.dir/rosidl_typesupport_cpp/example_interfaces/msg/w_string__type_support.cpp.o[0m
[24.377s] [ 72%] [32mBuilding CXX object CMakeFiles/example_interfaces__rosidl_typesupport_introspection_cpp.dir/rosidl_typesupport_introspection_cpp/example_interfaces/msg/detail/int8__type_support.cpp.o[0m
[24.377s] [ 72%] [32mBuilding CXX object CMakeFiles/example_interfaces__rosidl_typesupport_microxrcedds_cpp.dir/rosidl_typesupport_microxrcedds_cpp/example_interfaces/msg/detail/microxrcedds/u_int64_multi_array__type_support_cpp.cpp.o[0m
[24.426s] [ 72%] [32mBuilding CXX object CMakeFiles/example_interfaces__rosidl_typesupport_fastrtps_cpp.dir/rosidl_typesupport_fastrtps_cpp/example_interfaces/msg/detail/dds_fastrtps/multi_array_layout__type_support.cpp.o[0m
[24.624s] [ 73%] [32mBuilding CXX object CMakeFiles/example_interfaces__rosidl_typesupport_fastrtps_c.dir/rosidl_typesupport_fastrtps_c/example_interfaces/msg/detail/u_int32_multi_array__type_support_c.cpp.o[0m
[24.701s] [ 73%] [32mBuilding CXX object CMakeFiles/example_interfaces__rosidl_typesupport_cpp.dir/rosidl_typesupport_cpp/example_interfaces/srv/add_two_ints__type_support.cpp.o[0m
[24.735s] [ 73%] [32mBuilding CXX object CMakeFiles/example_interfaces__rosidl_typesupport_microxrcedds_cpp.dir/rosidl_typesupport_microxrcedds_cpp/example_interfaces/msg/detail/microxrcedds/u_int8__type_support_cpp.cpp.o[0m
[24.912s] [ 73%] [32mBuilding CXX object CMakeFiles/example_interfaces__rosidl_typesupport_introspection_cpp.dir/rosidl_typesupport_introspection_cpp/example_interfaces/msg/detail/u_int16__type_support.cpp.o[0m
[24.917s] [ 74%] [32mBuilding CXX object CMakeFiles/example_interfaces__rosidl_typesupport_fastrtps_cpp.dir/rosidl_typesupport_fastrtps_cpp/example_interfaces/msg/detail/dds_fastrtps/string__type_support.cpp.o[0m
[25.005s] [ 75%] [32mBuilding CXX object CMakeFiles/example_interfaces__rosidl_typesupport_cpp.dir/rosidl_typesupport_cpp/example_interfaces/srv/set_bool__type_support.cpp.o[0m
[25.005s] [ 75%] [32mBuilding CXX object CMakeFiles/example_interfaces__rosidl_typesupport_fastrtps_c.dir/rosidl_typesupport_fastrtps_c/example_interfaces/msg/detail/u_int32__type_support_c.cpp.o[0m
[25.066s] [ 75%] [32mBuilding CXX object CMakeFiles/example_interfaces__rosidl_typesupport_microxrcedds_cpp.dir/rosidl_typesupport_microxrcedds_cpp/example_interfaces/msg/detail/microxrcedds/u_int8_multi_array__type_support_cpp.cpp.o[0m
[25.377s] [ 76%] [32mBuilding CXX object CMakeFiles/example_interfaces__rosidl_typesupport_introspection_cpp.dir/rosidl_typesupport_introspection_cpp/example_interfaces/msg/detail/u_int32__type_support.cpp.o[0m
[25.428s] [ 76%] [32mBuilding CXX object CMakeFiles/example_interfaces__rosidl_typesupport_fastrtps_c.dir/rosidl_typesupport_fastrtps_c/example_interfaces/msg/detail/u_int64__type_support_c.cpp.o[0m
[25.449s] [ 76%] [32mBuilding CXX object CMakeFiles/example_interfaces__rosidl_typesupport_cpp.dir/rosidl_typesupport_cpp/example_interfaces/srv/trigger__type_support.cpp.o[0m
[25.518s] [ 76%] [32mBuilding CXX object CMakeFiles/example_interfaces__rosidl_typesupport_fastrtps_cpp.dir/rosidl_typesupport_fastrtps_cpp/example_interfaces/msg/detail/dds_fastrtps/u_int16__type_support.cpp.o[0m
[25.529s] [ 76%] [32mBuilding CXX object CMakeFiles/example_interfaces__rosidl_typesupport_microxrcedds_cpp.dir/rosidl_typesupport_microxrcedds_cpp/example_interfaces/msg/detail/microxrcedds/w_string__type_support_cpp.cpp.o[0m
[25.858s] [ 76%] [32m[1mLinking CXX shared library libexample_interfaces__rosidl_typesupport_cpp.so[0m
[25.865s] [ 76%] [32mBuilding CXX object CMakeFiles/example_interfaces__rosidl_typesupport_fastrtps_c.dir/rosidl_typesupport_fastrtps_c/example_interfaces/msg/detail/u_int8__type_support_c.cpp.o[0m
[25.919s] [ 76%] [32mBuilding CXX object CMakeFiles/example_interfaces__rosidl_typesupport_introspection_cpp.dir/rosidl_typesupport_introspection_cpp/example_interfaces/msg/detail/u_int16_multi_array__type_support.cpp.o[0m
[25.923s] [ 76%] Built target example_interfaces__rosidl_typesupport_cpp
[25.930s] [ 76%] [32mBuilding CXX object CMakeFiles/example_interfaces__rosidl_typesupport_microxrcedds_cpp.dir/rosidl_typesupport_microxrcedds_cpp/example_interfaces/msg/detail/microxrcedds/u_int32_multi_array__type_support_cpp.cpp.o[0m
[26.186s] [ 76%] [32mBuilding CXX object CMakeFiles/example_interfaces__rosidl_typesupport_fastrtps_cpp.dir/rosidl_typesupport_fastrtps_cpp/example_interfaces/msg/detail/dds_fastrtps/u_int32_multi_array__type_support.cpp.o[0m
[26.279s] [ 76%] [32mBuilding CXX object CMakeFiles/example_interfaces__rosidl_typesupport_fastrtps_c.dir/rosidl_typesupport_fastrtps_c/example_interfaces/msg/detail/u_int64_multi_array__type_support_c.cpp.o[0m
[26.383s] [ 77%] [32mBuilding CXX object CMakeFiles/example_interfaces__rosidl_typesupport_microxrcedds_cpp.dir/rosidl_typesupport_microxrcedds_cpp/example_interfaces/srv/detail/microxrcedds/add_two_ints__type_support_cpp.cpp.o[0m
[26.454s] [ 77%] [32mBuilding CXX object CMakeFiles/example_interfaces__rosidl_typesupport_introspection_cpp.dir/rosidl_typesupport_introspection_cpp/example_interfaces/msg/detail/u_int64_multi_array__type_support.cpp.o[0m
[26.665s] [ 78%] [32mBuilding CXX object CMakeFiles/example_interfaces__rosidl_typesupport_fastrtps_c.dir/rosidl_typesupport_fastrtps_c/example_interfaces/msg/detail/u_int8_multi_array__type_support_c.cpp.o[0m
[26.736s] [ 79%] [32mBuilding CXX object CMakeFiles/example_interfaces__rosidl_typesupport_microxrcedds_cpp.dir/rosidl_typesupport_microxrcedds_cpp/example_interfaces/srv/detail/microxrcedds/set_bool__type_support_cpp.cpp.o[0m
[26.736s] [ 79%] [32mBuilding CXX object CMakeFiles/example_interfaces__rosidl_typesupport_introspection_cpp.dir/rosidl_typesupport_introspection_cpp/example_interfaces/msg/detail/u_int8__type_support.cpp.o[0m
[26.736s] [ 79%] [32mBuilding CXX object CMakeFiles/example_interfaces__rosidl_typesupport_microxrcedds_cpp.dir/rosidl_typesupport_microxrcedds_cpp/example_interfaces/msg/detail/microxrcedds/multi_array_dimension__type_support_cpp.cpp.o[0m
[26.741s] [ 79%] [32mBuilding CXX object CMakeFiles/example_interfaces__rosidl_typesupport_fastrtps_cpp.dir/rosidl_typesupport_fastrtps_cpp/example_interfaces/msg/detail/dds_fastrtps/u_int64__type_support.cpp.o[0m
[26.742s] [ 80%] [32mBuilding CXX object CMakeFiles/example_interfaces__rosidl_typesupport_fastrtps_cpp.dir/rosidl_typesupport_fastrtps_cpp/example_interfaces/msg/detail/dds_fastrtps/u_int32__type_support.cpp.o[0m
[27.008s] [ 80%] [32mBuilding CXX object CMakeFiles/example_interfaces__rosidl_typesupport_introspection_cpp.dir/rosidl_typesupport_introspection_cpp/example_interfaces/msg/detail/u_int8_multi_array__type_support.cpp.o[0m
[27.160s] [ 80%] [32mBuilding CXX object CMakeFiles/example_interfaces__rosidl_typesupport_fastrtps_c.dir/rosidl_typesupport_fastrtps_c/example_interfaces/msg/detail/w_string__type_support_c.cpp.o[0m
[27.180s] [ 80%] [32mBuilding CXX object CMakeFiles/example_interfaces__rosidl_typesupport_microxrcedds_cpp.dir/rosidl_typesupport_microxrcedds_cpp/example_interfaces/msg/detail/microxrcedds/int64_multi_array__type_support_cpp.cpp.o[0m
[27.181s] [ 80%] [32mBuilding CXX object CMakeFiles/example_interfaces__rosidl_typesupport_fastrtps_c.dir/rosidl_typesupport_fastrtps_c/example_interfaces/srv/detail/add_two_ints__type_support_c.cpp.o[0m
[27.236s] [ 80%] [32mBuilding CXX object CMakeFiles/example_interfaces__rosidl_typesupport_microxrcedds_cpp.dir/rosidl_typesupport_microxrcedds_cpp/example_interfaces/msg/detail/microxrcedds/int32_multi_array__type_support_cpp.cpp.o[0m
[27.338s] [ 80%] [32mBuilding CXX object CMakeFiles/example_interfaces__rosidl_typesupport_fastrtps_cpp.dir/rosidl_typesupport_fastrtps_cpp/example_interfaces/msg/detail/dds_fastrtps/u_int64_multi_array__type_support.cpp.o[0m
[27.353s] [ 80%] [32mBuilding CXX object CMakeFiles/example_interfaces__rosidl_typesupport_introspection_cpp.dir/rosidl_typesupport_introspection_cpp/example_interfaces/msg/detail/u_int64__type_support.cpp.o[0m
[27.379s] [ 81%] [32mBuilding CXX object CMakeFiles/example_interfaces__rosidl_typesupport_fastrtps_cpp.dir/rosidl_typesupport_fastrtps_cpp/example_interfaces/msg/detail/dds_fastrtps/u_int8__type_support.cpp.o[0m
[27.719s] [ 81%] [32mBuilding CXX object CMakeFiles/example_interfaces__rosidl_typesupport_introspection_cpp.dir/rosidl_typesupport_introspection_cpp/example_interfaces/msg/detail/w_string__type_support.cpp.o[0m
[27.722s] [ 81%] [32mBuilding CXX object CMakeFiles/example_interfaces__rosidl_typesupport_fastrtps_cpp.dir/rosidl_typesupport_fastrtps_cpp/example_interfaces/msg/detail/dds_fastrtps/u_int8_multi_array__type_support.cpp.o[0m
[27.730s] [ 81%] [32mBuilding CXX object CMakeFiles/example_interfaces__rosidl_typesupport_introspection_cpp.dir/rosidl_typesupport_introspection_cpp/example_interfaces/msg/detail/u_int32_multi_array__type_support.cpp.o[0m
[27.767s] [ 82%] [32mBuilding CXX object CMakeFiles/example_interfaces__rosidl_typesupport_fastrtps_c.dir/rosidl_typesupport_fastrtps_c/example_interfaces/srv/detail/set_bool__type_support_c.cpp.o[0m
[27.821s] [ 82%] [32mBuilding CXX object CMakeFiles/example_interfaces__rosidl_typesupport_microxrcedds_cpp.dir/rosidl_typesupport_microxrcedds_cpp/example_interfaces/srv/detail/microxrcedds/trigger__type_support_cpp.cpp.o[0m
[27.889s] [ 82%] [32mBuilding CXX object CMakeFiles/example_interfaces__rosidl_typesupport_fastrtps_c.dir/rosidl_typesupport_fastrtps_c/example_interfaces/srv/detail/trigger__type_support_c.cpp.o[0m
[28.079s] [ 82%] [32mBuilding CXX object CMakeFiles/example_interfaces__rosidl_typesupport_introspection_cpp.dir/rosidl_typesupport_introspection_cpp/example_interfaces/srv/detail/set_bool__type_support.cpp.o[0m
[28.124s] [ 83%] [32mBuilding CXX object CMakeFiles/example_interfaces__rosidl_typesupport_fastrtps_cpp.dir/rosidl_typesupport_fastrtps_cpp/example_interfaces/srv/detail/dds_fastrtps/add_two_ints__type_support.cpp.o[0m
[28.312s] [ 83%] [32mBuilding CXX object CMakeFiles/example_interfaces__rosidl_typesupport_fastrtps_cpp.dir/rosidl_typesupport_fastrtps_cpp/example_interfaces/msg/detail/dds_fastrtps/w_string__type_support.cpp.o[0m
[28.527s] [ 84%] [32m[1mLinking CXX shared library libexample_interfaces__rosidl_typesupport_microxrcedds_cpp.so[0m
[28.538s] [ 84%] [32mBuilding CXX object CMakeFiles/example_interfaces__rosidl_typesupport_introspection_cpp.dir/rosidl_typesupport_introspection_cpp/example_interfaces/srv/detail/trigger__type_support.cpp.o[0m
[28.601s] [ 85%] [32mBuilding CXX object CMakeFiles/example_interfaces__rosidl_typesupport_introspection_cpp.dir/rosidl_typesupport_introspection_cpp/example_interfaces/srv/detail/add_two_ints__type_support.cpp.o[0m
[28.650s] [ 85%] [32mBuilding CXX object CMakeFiles/example_interfaces__rosidl_typesupport_fastrtps_cpp.dir/rosidl_typesupport_fastrtps_cpp/example_interfaces/srv/detail/dds_fastrtps/trigger__type_support.cpp.o[0m
[28.663s] [ 85%] [32m[1mLinking CXX shared library libexample_interfaces__rosidl_typesupport_fastrtps_c.so[0m
[28.665s] [ 85%] [32mBuilding CXX object CMakeFiles/example_interfaces__rosidl_typesupport_fastrtps_cpp.dir/rosidl_typesupport_fastrtps_cpp/example_interfaces/srv/detail/dds_fastrtps/set_bool__type_support.cpp.o[0m
[28.775s] [ 85%] [32mBuilding CXX object CMakeFiles/example_interfaces__rosidl_typesupport_introspection_cpp.dir/rosidl_typesupport_introspection_cpp/example_interfaces/msg/detail/int64__type_support.cpp.o[0m
[28.936s] [ 85%] Built target example_interfaces__rosidl_typesupport_fastrtps_c
[28.982s] [ 85%] Built target example_interfaces__rosidl_typesupport_microxrcedds_cpp
[29.064s] [ 85%] [32mBuilding CXX object CMakeFiles/example_interfaces__rosidl_typesupport_fastrtps_cpp.dir/rosidl_typesupport_fastrtps_cpp/example_interfaces/msg/detail/dds_fastrtps/u_int16_multi_array__type_support.cpp.o[0m
[29.091s] [ 86%] [32mBuilding CXX object CMakeFiles/example_interfaces__rosidl_typesupport_fastrtps_cpp.dir/rosidl_typesupport_fastrtps_cpp/example_interfaces/msg/detail/dds_fastrtps/int8__type_support.cpp.o[0m
[29.338s] [ 87%] [32mBuilding CXX object CMakeFiles/example_interfaces__rosidl_typesupport_introspection_cpp.dir/rosidl_typesupport_introspection_cpp/example_interfaces/msg/detail/empty__type_support.cpp.o[0m
[29.872s] [ 87%] [32m[1mLinking CXX shared library libexample_interfaces__rosidl_typesupport_fastrtps_cpp.so[0m
[30.009s] [ 87%] [32m[1mLinking CXX shared library libexample_interfaces__rosidl_typesupport_introspection_cpp.so[0m
[30.115s] [ 87%] Built target example_interfaces__rosidl_typesupport_fastrtps_cpp
[30.246s] [ 87%] Built target example_interfaces__rosidl_typesupport_introspection_cpp
[30.297s] [ 87%] Built target example_interfaces
[30.366s] [ 87%] [34m[1mGenerating Python code for ROS interfaces[0m
[36.364s] [ 87%] Built target example_interfaces__py
[36.390s] [ 87%] [32mBuilding C object CMakeFiles/example_interfaces__rosidl_generator_py.dir/rosidl_generator_py/example_interfaces/action/_fibonacci_s.c.o[0m
[36.530s] [ 87%] [32mBuilding C object CMakeFiles/example_interfaces__rosidl_generator_py.dir/rosidl_generator_py/example_interfaces/msg/_int64_multi_array_s.c.o[0m
[36.624s] [ 88%] [32mBuilding C object CMakeFiles/example_interfaces__rosidl_generator_py.dir/rosidl_generator_py/example_interfaces/msg/_int8_s.c.o[0m
[36.712s] [ 88%] [32mBuilding C object CMakeFiles/example_interfaces__rosidl_generator_py.dir/rosidl_generator_py/example_interfaces/msg/_int64_s.c.o[0m
[36.712s] [ 88%] [32mBuilding C object CMakeFiles/example_interfaces__rosidl_generator_py.dir/rosidl_generator_py/example_interfaces/msg/_int8_multi_array_s.c.o[0m
[36.712s] [ 89%] [32mBuilding C object CMakeFiles/example_interfaces__rosidl_generator_py.dir/rosidl_generator_py/example_interfaces/msg/_int32_multi_array_s.c.o[0m
[36.816s] [ 89%] [32mBuilding C object CMakeFiles/example_interfaces__rosidl_generator_py.dir/rosidl_generator_py/example_interfaces/msg/_multi_array_dimension_s.c.o[0m
[36.820s] [ 90%] [32mBuilding C object CMakeFiles/example_interfaces__rosidl_generator_py.dir/rosidl_generator_py/example_interfaces/msg/_multi_array_layout_s.c.o[0m
[36.820s] [ 90%] [32mBuilding C object CMakeFiles/example_interfaces__rosidl_generator_py.dir/rosidl_generator_py/example_interfaces/msg/_string_s.c.o[0m
[36.927s] [ 90%] [32mBuilding C object CMakeFiles/example_interfaces__rosidl_generator_py.dir/rosidl_generator_py/example_interfaces/msg/_u_int16_s.c.o[0m
[36.933s] [ 90%] [32mBuilding C object CMakeFiles/example_interfaces__rosidl_generator_py.dir/rosidl_generator_py/example_interfaces/msg/_u_int16_multi_array_s.c.o[0m
[36.937s] [ 90%] [32mBuilding C object CMakeFiles/example_interfaces__rosidl_generator_py.dir/rosidl_generator_py/example_interfaces/msg/_u_int32_s.c.o[0m
[37.034s] [ 91%] [32mBuilding C object CMakeFiles/example_interfaces__rosidl_generator_py.dir/rosidl_generator_py/example_interfaces/msg/_u_int32_multi_array_s.c.o[0m
[37.045s] [ 91%] [32mBuilding C object CMakeFiles/example_interfaces__rosidl_generator_py.dir/rosidl_generator_py/example_interfaces/msg/_int32_s.c.o[0m
[37.045s] [ 91%] [32mBuilding C object CMakeFiles/example_interfaces__rosidl_generator_py.dir/rosidl_generator_py/example_interfaces/msg/_u_int64_s.c.o[0m
[37.146s] [ 92%] [32mBuilding C object CMakeFiles/example_interfaces__rosidl_generator_py.dir/rosidl_generator_py/example_interfaces/msg/_u_int64_multi_array_s.c.o[0m
[37.147s] [ 92%] [32mBuilding C object CMakeFiles/example_interfaces__rosidl_generator_py.dir/rosidl_generator_py/example_interfaces/msg/_u_int8_multi_array_s.c.o[0m
[37.147s] [ 92%] [32mBuilding C object CMakeFiles/example_interfaces__rosidl_generator_py.dir/rosidl_generator_py/example_interfaces/msg/_u_int8_s.c.o[0m
[37.252s] [ 92%] [32mBuilding C object CMakeFiles/example_interfaces__rosidl_generator_py.dir/rosidl_generator_py/example_interfaces/srv/_add_two_ints_s.c.o[0m
[37.260s] [ 93%] [32mBuilding C object CMakeFiles/example_interfaces__rosidl_generator_py.dir/rosidl_generator_py/example_interfaces/srv/_set_bool_s.c.o[0m
[37.274s] [ 93%] [32mBuilding C object CMakeFiles/example_interfaces__rosidl_generator_py.dir/rosidl_generator_py/example_interfaces/srv/_trigger_s.c.o[0m
[37.393s] [ 93%] [32mBuilding C object CMakeFiles/example_interfaces__rosidl_generator_py.dir/rosidl_generator_py/example_interfaces/msg/_w_string_s.c.o[0m
[37.394s] [ 93%] [32mBuilding C object CMakeFiles/example_interfaces__rosidl_generator_py.dir/rosidl_generator_py/example_interfaces/msg/_int16_multi_array_s.c.o[0m
[37.415s] [ 93%] [32mBuilding C object CMakeFiles/example_interfaces__rosidl_generator_py.dir/rosidl_generator_py/example_interfaces/msg/_int16_s.c.o[0m
[37.550s] [ 94%] [32mBuilding C object CMakeFiles/example_interfaces__rosidl_generator_py.dir/rosidl_generator_py/example_interfaces/msg/_float64_multi_array_s.c.o[0m
[37.563s] [ 94%] [32mBuilding C object CMakeFiles/example_interfaces__rosidl_generator_py.dir/rosidl_generator_py/example_interfaces/msg/_float64_s.c.o[0m
[37.574s] [ 94%] [32mBuilding C object CMakeFiles/example_interfaces__rosidl_generator_py.dir/rosidl_generator_py/example_interfaces/msg/_float32_multi_array_s.c.o[0m
[37.695s] [ 95%] [32mBuilding C object CMakeFiles/example_interfaces__rosidl_generator_py.dir/rosidl_generator_py/example_interfaces/msg/_float32_s.c.o[0m
[37.707s] [ 95%] [32mBuilding C object CMakeFiles/example_interfaces__rosidl_generator_py.dir/rosidl_generator_py/example_interfaces/msg/_char_s.c.o[0m
[37.707s] [ 95%] [32mBuilding C object CMakeFiles/example_interfaces__rosidl_generator_py.dir/rosidl_generator_py/example_interfaces/msg/_empty_s.c.o[0m
[37.746s] [ 96%] [32mBuilding C object CMakeFiles/example_interfaces__rosidl_generator_py.dir/rosidl_generator_py/example_interfaces/msg/_byte_s.c.o[0m
[37.747s] [ 96%] [32mBuilding C object CMakeFiles/example_interfaces__rosidl_generator_py.dir/rosidl_generator_py/example_interfaces/msg/_byte_multi_array_s.c.o[0m
[37.871s] [ 96%] [32mBuilding C object CMakeFiles/example_interfaces__rosidl_generator_py.dir/rosidl_generator_py/example_interfaces/msg/_bool_s.c.o[0m
[38.049s] [ 96%] [32m[1mLinking C shared library rosidl_generator_py/example_interfaces/libexample_interfaces__rosidl_generator_py.so[0m
[38.144s] [ 96%] Built target example_interfaces__rosidl_generator_py
[38.182s] [ 96%] [32mBuilding C object CMakeFiles/example_interfaces__rosidl_typesupport_c__pyext.dir/rosidl_generator_py/example_interfaces/_example_interfaces_s.ep.rosidl_typesupport_c.c.o[0m
[38.182s] [ 96%] [32mBuilding C object CMakeFiles/example_interfaces__rosidl_typesupport_microxrcedds_c__pyext.dir/rosidl_generator_py/example_interfaces/_example_interfaces_s.ep.rosidl_typesupport_microxrcedds_c.c.o[0m
[38.182s] [ 96%] [32mBuilding C object CMakeFiles/example_interfaces__rosidl_typesupport_introspection_c__pyext.dir/rosidl_generator_py/example_interfaces/_example_interfaces_s.ep.rosidl_typesupport_introspection_c.c.o[0m
[38.193s] [ 96%] [32mBuilding C object CMakeFiles/example_interfaces__rosidl_typesupport_fastrtps_c__pyext.dir/rosidl_generator_py/example_interfaces/_example_interfaces_s.ep.rosidl_typesupport_fastrtps_c.c.o[0m
[38.469s] [ 97%] [32m[1mLinking C shared library rosidl_generator_py/example_interfaces/example_interfaces_s__rosidl_typesupport_microxrcedds_c.cpython-310-x86_64-linux-gnu.so[0m
[38.471s] [ 98%] [32m[1mLinking C shared library rosidl_generator_py/example_interfaces/example_interfaces_s__rosidl_typesupport_c.cpython-310-x86_64-linux-gnu.so[0m
[38.481s] [ 99%] [32m[1mLinking C shared library rosidl_generator_py/example_interfaces/example_interfaces_s__rosidl_typesupport_introspection_c.cpython-310-x86_64-linux-gnu.so[0m
[38.522s] [ 99%] Built target example_interfaces__rosidl_typesupport_microxrcedds_c__pyext
[38.522s] [ 99%] Built target example_interfaces__rosidl_typesupport_c__pyext
[38.530s] [ 99%] Built target example_interfaces__rosidl_typesupport_introspection_c__pyext
[38.534s] [100%] [32m[1mLinking C shared library rosidl_generator_py/example_interfaces/example_interfaces_s__rosidl_typesupport_fastrtps_c.cpython-310-x86_64-linux-gnu.so[0m
[38.588s] [100%] Built target example_interfaces__rosidl_typesupport_fastrtps_c__pyext
[38.609s] Invoked command in '/home/khanh/Documents/microros_ws/build/example_interfaces' returned '0': AMENT_PREFIX_PATH=/home/khanh/Documents/microros_ws/install/action_msgs:/home/khanh/Documents/microros_ws/install/unique_identifier_msgs:/home/khanh/Documents/microros_ws/install/builtin_interfaces:${AMENT_PREFIX_PATH} CMAKE_PREFIX_PATH=/home/khanh/Documents/microros_ws/install/action_msgs:/home/khanh/Documents/microros_ws/install/unique_identifier_msgs:/home/khanh/Documents/microros_ws/install/builtin_interfaces:/home/khanh/Documents/microros_ws/install/rosidl_typesupport_microxrcedds_cpp:/home/khanh/Documents/microros_ws/install/rosidl_typesupport_microxrcedds_c:/home/khanh/Documents/microros_ws/install/microcdr:/home/khanh/Documents/microros_ws/install/micro_ros_setup:/home/khanh/Documents/microros_ws/install/micro_ros_agent:/home/khanh/Documents/microros_ws/install/micro_ros_msgs:/opt/ros/humble LD_LIBRARY_PATH=/home/khanh/Documents/microros_ws/install/action_msgs/lib:/home/khanh/Documents/microros_ws/install/unique_identifier_msgs/lib:/home/khanh/Documents/microros_ws/install/builtin_interfaces/lib:${LD_LIBRARY_PATH} PYTHONPATH=/home/khanh/Documents/microros_ws/install/action_msgs/local/lib/python3.10/dist-packages:/home/khanh/Documents/microros_ws/install/unique_identifier_msgs/local/lib/python3.10/dist-packages:/home/khanh/Documents/microros_ws/install/builtin_interfaces/local/lib/python3.10/dist-packages:${PYTHONPATH} /usr/bin/cmake --build /home/khanh/Documents/microros_ws/build/example_interfaces -- -j16 -l16
[39.177s] Traceback (most recent call last):
  File "/usr/lib/python3/dist-packages/colcon_parallel_executor/executor/parallel.py", line 75, in execute
    loop.run_until_complete(future)
  File "/usr/lib/python3.10/asyncio/base_events.py", line 636, in run_until_complete
    self.run_forever()
  File "/usr/lib/python3.10/asyncio/base_events.py", line 603, in run_forever
    self._run_once()
  File "/usr/lib/python3.10/asyncio/base_events.py", line 1871, in _run_once
    event_list = self._selector.select(timeout)
  File "/usr/lib/python3.10/selectors.py", line 469, in select
    fd_event_list = self._selector.poll(timeout, max_ev)
KeyboardInterrupt

During handling of the above exception, another exception occurred:

Traceback (most recent call last):
  File "/usr/lib/python3/dist-packages/colcon_core/executor/__init__.py", line 91, in __call__
    rc = await self.task(*args, **kwargs)
  File "/usr/lib/python3/dist-packages/colcon_core/task/__init__.py", line 93, in __call__
    return await task_method(*args, **kwargs)
  File "/usr/lib/python3/dist-packages/colcon_ros/task/ament_cmake/build.py", line 59, in build
    rc = await extension.build(
  File "/usr/lib/python3/dist-packages/colcon_cmake/task/cmake/build.py", line 110, in build
    if await has_target(args.build_base, 'install'):
  File "/usr/lib/python3/dist-packages/colcon_cmake/task/cmake/__init__.py", line 57, in has_target
    return target in await get_makefile_targets(path)
  File "/usr/lib/python3/dist-packages/colcon_cmake/task/cmake/__init__.py", line 77, in get_makefile_targets
    output = await check_output([
  File "/usr/lib/python3/dist-packages/colcon_core/subprocess.py", line 129, in check_output
    assert not rc, f'Expected {args} to pass: {stderr_data}'
AssertionError: Expected ['/usr/bin/cmake', '--build', '/home/khanh/Documents/microros_ws/build/example_interfaces', '--target', 'help'] to pass: gmake: *** wait: No child processes.  Stop.
gmake: *** Waiting for unfinished jobs....
gmake: *** wait: No child processes.  Stop.

