[0.449s] Invoking command in '/SLAM/ros_ws/build/depth_image_proc': CMAKE_PREFIX_PATH=${CMAKE_PREFIX_PATH}:/SLAM/ros_ws/install/camera_calibration:/opt/ros/humble /usr/bin/cmake /SLAM/ros_ws/src/image_pipeline/depth_image_proc -DCMAKE_INSTALL_PREFIX=/SLAM/ros_ws/install/depth_image_proc
[0.516s] -- The C compiler identification is GNU 11.4.0
[0.574s] -- The CXX compiler identification is GNU 11.4.0
[0.584s] -- Detecting C compiler ABI info
[0.668s] -- Detecting C compiler ABI info - done
[0.674s] -- Check for working C compiler: /usr/bin/cc - skipped
[0.674s] -- Detecting C compile features
[0.675s] -- Detecting C compile features - done
[0.677s] -- Detecting CXX compiler ABI info
[0.767s] -- Detecting CXX compiler ABI info - done
[0.773s] -- Check for working CXX compiler: /usr/bin/c++ - skipped
[0.773s] -- Detecting CXX compile features
[0.774s] -- Detecting CXX compile features - done
[0.776s] -- Found ament_cmake_auto: 1.3.6 (/opt/ros/humble/share/ament_cmake_auto/cmake)
[0.963s] -- Found Python3: /usr/bin/python3.10 (found version "3.10.12") found components: Interpreter 
[1.217s] -- Found rosidl_generator_c: 3.1.5 (/opt/ros/humble/share/rosidl_generator_c/cmake)
[1.224s] -- Found rosidl_adapter: 3.1.5 (/opt/ros/humble/share/rosidl_adapter/cmake)
[1.234s] -- Found rosidl_generator_cpp: 3.1.5 (/opt/ros/humble/share/rosidl_generator_cpp/cmake)
[1.248s] -- Using all available rosidl_typesupport_c: rosidl_typesupport_fastrtps_c;rosidl_typesupport_introspection_c
[1.265s] -- Using all available rosidl_typesupport_cpp: rosidl_typesupport_fastrtps_cpp;rosidl_typesupport_introspection_cpp
[1.586s] -- Found rmw_implementation_cmake: 6.1.1 (/opt/ros/humble/share/rmw_implementation_cmake/cmake)
[1.590s] -- Found rmw_fastrtps_cpp: 6.2.5 (/opt/ros/humble/share/rmw_fastrtps_cpp/cmake)
[1.749s] -- Found OpenSSL: /usr/lib/x86_64-linux-gnu/libcrypto.so (found version "3.0.2")  
[1.793s] -- Found FastRTPS: /opt/ros/humble/include  
[1.869s] -- Using RMW implementation 'rmw_fastrtps_cpp' as default
[1.882s] -- Looking for pthread.h
[1.976s] -- Looking for pthread.h - found
[1.977s] -- Performing Test CMAKE_HAVE_LIBC_PTHREAD
[2.063s] -- Performing Test CMAKE_HAVE_LIBC_PTHREAD - Success
[2.065s] -- Found Threads: TRUE  
[3.341s] -- Found OpenCV: /usr (found version "4.5.4") 
[3.360s] -- Found ament_lint_auto: 0.12.9 (/opt/ros/humble/share/ament_lint_auto/cmake)
[3.408s] -- Added test 'copyright' to check source files copyright and LICENSE
[3.416s] -- Added test 'cppcheck' to perform static code analysis on C / C++ code
[3.417s] -- Configured cppcheck include dirs: /SLAM/ros_ws/src/image_pipeline/depth_image_proc/include
[3.417s] -- Configured cppcheck exclude dirs and/or files: 
[3.420s] -- Added test 'cpplint' to check C / C++ code against the Google style
[3.420s] -- Configured cpplint exclude dirs and/or files: 
[3.423s] -- Added test 'flake8' to check Python code syntax and style conventions
[3.425s] -- Added test 'lint_cmake' to check CMake code style
[3.429s] -- Added test 'pep257' to check Python code against some of the docstring style conventions in PEP 257
[3.434s] -- Added test 'uncrustify' to check C / C++ code style
[3.434s] -- Configured uncrustify additional arguments: 
[3.439s] -- Added test 'xmllint' to check XML markup files
[3.459s] -- Configuring done
[3.512s] -- Generating done
[3.517s] -- Build files have been written to: /SLAM/ros_ws/build/depth_image_proc
[3.572s] Invoked command in '/SLAM/ros_ws/build/depth_image_proc' returned '0': CMAKE_PREFIX_PATH=${CMAKE_PREFIX_PATH}:/SLAM/ros_ws/install/camera_calibration:/opt/ros/humble /usr/bin/cmake /SLAM/ros_ws/src/image_pipeline/depth_image_proc -DCMAKE_INSTALL_PREFIX=/SLAM/ros_ws/install/depth_image_proc
[3.575s] Invoking command in '/SLAM/ros_ws/build/depth_image_proc': CMAKE_PREFIX_PATH=${CMAKE_PREFIX_PATH}:/SLAM/ros_ws/install/camera_calibration:/opt/ros/humble /usr/bin/cmake --build /SLAM/ros_ws/build/depth_image_proc -- -j16 -l16
[3.916s] [  8%] [32mBuilding CXX object CMakeFiles/depth_image_proc.dir/src/conversions.cpp.o[0m
[3.932s] [ 16%] [32mBuilding CXX object CMakeFiles/depth_image_proc.dir/src/convert_metric.cpp.o[0m
[3.945s] [ 25%] [32mBuilding CXX object CMakeFiles/depth_image_proc.dir/src/disparity.cpp.o[0m
[3.966s] [ 33%] [32mBuilding CXX object CMakeFiles/depth_image_proc.dir/src/crop_foremost.cpp.o[0m
[3.996s] [ 41%] [32mBuilding CXX object CMakeFiles/depth_image_proc.dir/src/point_cloud_xyz.cpp.o[0m
[4.017s] [ 50%] [32mBuilding CXX object CMakeFiles/depth_image_proc.dir/src/point_cloud_xyzrgb.cpp.o[0m
[4.045s] [ 58%] [32mBuilding CXX object CMakeFiles/depth_image_proc.dir/src/point_cloud_xyzi.cpp.o[0m
[4.080s] [ 66%] [32mBuilding CXX object CMakeFiles/depth_image_proc.dir/src/point_cloud_xyz_radial.cpp.o[0m
[4.095s] [ 75%] [32mBuilding CXX object CMakeFiles/depth_image_proc.dir/src/point_cloud_xyzrgb_radial.cpp.o[0m
[4.109s] [ 83%] [32mBuilding CXX object CMakeFiles/depth_image_proc.dir/src/point_cloud_xyzi_radial.cpp.o[0m
[4.136s] [ 91%] [32mBuilding CXX object CMakeFiles/depth_image_proc.dir/src/register.cpp.o[0m
[33.354s] [100%] [32m[1mLinking CXX shared library libdepth_image_proc.so[0m
[39.511s] [100%] Built target depth_image_proc
[39.545s] Invoked command in '/SLAM/ros_ws/build/depth_image_proc' returned '0': CMAKE_PREFIX_PATH=${CMAKE_PREFIX_PATH}:/SLAM/ros_ws/install/camera_calibration:/opt/ros/humble /usr/bin/cmake --build /SLAM/ros_ws/build/depth_image_proc -- -j16 -l16
[40.201s] Invoking command in '/SLAM/ros_ws/build/depth_image_proc': CMAKE_PREFIX_PATH=${CMAKE_PREFIX_PATH}:/SLAM/ros_ws/install/camera_calibration:/opt/ros/humble /usr/bin/cmake --install /SLAM/ros_ws/build/depth_image_proc
[40.235s] -- Install configuration: ""
[40.235s] -- Installing: /SLAM/ros_ws/install/depth_image_proc/include
[40.236s] -- Installing: /SLAM/ros_ws/install/depth_image_proc/include/depth_image_proc
[40.244s] -- Installing: /SLAM/ros_ws/install/depth_image_proc/include/depth_image_proc/point_cloud_xyzi.hpp
[40.244s] -- Installing: /SLAM/ros_ws/install/depth_image_proc/include/depth_image_proc/depth_traits.hpp
[40.245s] -- Installing: /SLAM/ros_ws/install/depth_image_proc/include/depth_image_proc/point_cloud_xyz_radial.hpp
[40.245s] -- Installing: /SLAM/ros_ws/install/depth_image_proc/include/depth_image_proc/point_cloud_xyzrgb_radial.hpp
[40.245s] -- Installing: /SLAM/ros_ws/install/depth_image_proc/include/depth_image_proc/point_cloud_xyzrgb.hpp
[40.245s] -- Installing: /SLAM/ros_ws/install/depth_image_proc/include/depth_image_proc/conversions.hpp
[40.245s] -- Installing: /SLAM/ros_ws/install/depth_image_proc/include/depth_image_proc/point_cloud_xyz.hpp
[40.245s] -- Installing: /SLAM/ros_ws/install/depth_image_proc/include/depth_image_proc/point_cloud_xyzi_radial.hpp
[40.245s] -- Installing: /SLAM/ros_ws/install/depth_image_proc/include/depth_image_proc/visibility.h
[40.246s] -- Installing: /SLAM/ros_ws/install/depth_image_proc/share/depth_image_proc/environment/library_path.sh
[40.247s] -- Installing: /SLAM/ros_ws/install/depth_image_proc/share/depth_image_proc/environment/library_path.dsv
[40.247s] -- Installing: /SLAM/ros_ws/install/depth_image_proc/lib/libdepth_image_proc.so
[40.319s] -- Set runtime path of "/SLAM/ros_ws/install/depth_image_proc/lib/libdepth_image_proc.so" to ""
[40.319s] -- Installing: /SLAM/ros_ws/install/depth_image_proc/share/depth_image_proc/launch
[40.320s] -- Installing: /SLAM/ros_ws/install/depth_image_proc/share/depth_image_proc/launch/crop_foremost.launch.py
[40.320s] -- Installing: /SLAM/ros_ws/install/depth_image_proc/share/depth_image_proc/launch/rviz
[40.321s] -- Installing: /SLAM/ros_ws/install/depth_image_proc/share/depth_image_proc/launch/rviz/point_cloud_xyz_radial.rviz
[40.321s] -- Installing: /SLAM/ros_ws/install/depth_image_proc/share/depth_image_proc/launch/rviz/disparity.rviz
[40.322s] -- Installing: /SLAM/ros_ws/install/depth_image_proc/share/depth_image_proc/launch/rviz/register.rviz
[40.322s] -- Installing: /SLAM/ros_ws/install/depth_image_proc/share/depth_image_proc/launch/rviz/point_cloud_xyz.rviz
[40.323s] -- Installing: /SLAM/ros_ws/install/depth_image_proc/share/depth_image_proc/launch/rviz/crop_formost.rviz
[40.323s] -- Installing: /SLAM/ros_ws/install/depth_image_proc/share/depth_image_proc/launch/rviz/point_cloud_xyzrgb.rviz
[40.323s] -- Installing: /SLAM/ros_ws/install/depth_image_proc/share/depth_image_proc/launch/rviz/point_cloud_xyzi.rviz
[40.324s] -- Installing: /SLAM/ros_ws/install/depth_image_proc/share/depth_image_proc/launch/rviz/convert_metric.rviz
[40.324s] -- Installing: /SLAM/ros_ws/install/depth_image_proc/share/depth_image_proc/launch/point_cloud_xyzi.launch.py
[40.325s] -- Installing: /SLAM/ros_ws/install/depth_image_proc/share/depth_image_proc/launch/point_cloud_xyzrgb.launch.py
[40.325s] -- Installing: /SLAM/ros_ws/install/depth_image_proc/share/depth_image_proc/launch/point_cloud_xyz_radial.launch.py
[40.326s] -- Installing: /SLAM/ros_ws/install/depth_image_proc/share/depth_image_proc/launch/convert_metric.launch.py
[40.326s] -- Installing: /SLAM/ros_ws/install/depth_image_proc/share/depth_image_proc/launch/point_cloud_xyzi_radial.launch.py
[40.326s] -- Installing: /SLAM/ros_ws/install/depth_image_proc/share/depth_image_proc/launch/point_cloud_xyzrgb_radial.launch.py
[40.327s] -- Installing: /SLAM/ros_ws/install/depth_image_proc/share/depth_image_proc/launch/register.launch.py
[40.327s] -- Installing: /SLAM/ros_ws/install/depth_image_proc/share/depth_image_proc/launch/point_cloud_xyz.launch.py
[40.328s] -- Installing: /SLAM/ros_ws/install/depth_image_proc/share/depth_image_proc/launch/disparity.launch.py
[40.333s] -- Installing: /SLAM/ros_ws/install/depth_image_proc/share/ament_index/resource_index/package_run_dependencies/depth_image_proc
[40.334s] -- Installing: /SLAM/ros_ws/install/depth_image_proc/share/ament_index/resource_index/parent_prefix_path/depth_image_proc
[40.335s] -- Installing: /SLAM/ros_ws/install/depth_image_proc/share/depth_image_proc/environment/ament_prefix_path.sh
[40.335s] -- Installing: /SLAM/ros_ws/install/depth_image_proc/share/depth_image_proc/environment/ament_prefix_path.dsv
[40.336s] -- Installing: /SLAM/ros_ws/install/depth_image_proc/share/depth_image_proc/environment/path.sh
[40.337s] -- Installing: /SLAM/ros_ws/install/depth_image_proc/share/depth_image_proc/environment/path.dsv
[40.337s] -- Installing: /SLAM/ros_ws/install/depth_image_proc/share/depth_image_proc/local_setup.bash
[40.338s] -- Installing: /SLAM/ros_ws/install/depth_image_proc/share/depth_image_proc/local_setup.sh
[40.338s] -- Installing: /SLAM/ros_ws/install/depth_image_proc/share/depth_image_proc/local_setup.zsh
[40.339s] -- Installing: /SLAM/ros_ws/install/depth_image_proc/share/depth_image_proc/local_setup.dsv
[40.339s] -- Installing: /SLAM/ros_ws/install/depth_image_proc/share/depth_image_proc/package.dsv
[40.340s] -- Installing: /SLAM/ros_ws/install/depth_image_proc/share/ament_index/resource_index/packages/depth_image_proc
[40.340s] -- Installing: /SLAM/ros_ws/install/depth_image_proc/share/ament_index/resource_index/rclcpp_components/depth_image_proc
[40.356s] -- Installing: /SLAM/ros_ws/install/depth_image_proc/share/depth_image_proc/cmake/ament_cmake_export_dependencies-extras.cmake
[40.357s] -- Installing: /SLAM/ros_ws/install/depth_image_proc/share/depth_image_proc/cmake/ament_cmake_export_include_directories-extras.cmake
[40.357s] -- Installing: /SLAM/ros_ws/install/depth_image_proc/share/depth_image_proc/cmake/ament_cmake_export_libraries-extras.cmake
[40.358s] -- Installing: /SLAM/ros_ws/install/depth_image_proc/share/depth_image_proc/cmake/depth_image_procConfig.cmake
[40.358s] -- Installing: /SLAM/ros_ws/install/depth_image_proc/share/depth_image_proc/cmake/depth_image_procConfig-version.cmake
[40.359s] -- Installing: /SLAM/ros_ws/install/depth_image_proc/share/depth_image_proc/package.xml
[40.368s] Invoked command in '/SLAM/ros_ws/build/depth_image_proc' returned '0': CMAKE_PREFIX_PATH=${CMAKE_PREFIX_PATH}:/SLAM/ros_ws/install/camera_calibration:/opt/ros/humble /usr/bin/cmake --install /SLAM/ros_ws/build/depth_image_proc
