[0.581s] Invoking command in '/SLAM/ros_ws/build/rtabmap': CMAKE_PREFIX_PATH=${CMAKE_PREFIX_PATH}:/SLAM/ros_ws/install/camera_calibration:/opt/ros/humble /usr/bin/cmake /SLAM/ros_ws/src/rtabmap -DCMAKE_BUILD_TYPE=Release -DCMAKE_INSTALL_PREFIX=/SLAM/ros_ws/install/rtabmap
[1.363s] -- The C compiler identification is GNU 11.4.0
[1.364s] -- The CXX compiler identification is GNU 11.4.0
[1.364s] -- Detecting C compiler ABI info
[1.364s] -- Detecting C compiler ABI info - done
[1.364s] -- Check for working C compiler: /usr/bin/cc - skipped
[1.364s] -- Detecting C compile features
[1.365s] -- Detecting C compile features - done
[1.365s] -- Detecting CXX compiler ABI info
[1.365s] -- Detecting CXX compiler ABI info - done
[1.365s] -- Check for working CXX compiler: /usr/bin/c++ - skipped
[1.365s] -- Detecting CXX compile features
[1.365s] -- Detecting CXX compile features - done
[1.365s] -- MOBILE_BUILD=OFF
[1.365s] -- Checking for module 'eigen3'
[1.365s] --   Found eigen3, version 3.4.0
[1.365s] -- Found Eigen: /usr/include/eigen3 (Required is at least version "3.1") 
[1.365s] -- Eigen found (include: /usr/include/eigen3, version: 3.4.0)
[1.366s] -- Checking for module 'libusb-1.0'
[1.366s] --   Found libusb-1.0, version 1.0.25
[1.439s] -- Found libusb: /usr/lib/x86_64-linux-gnu/libusb-1.0.so  
[1.440s] -- OpenNI found (version: 1.5.4.0, include: /usr/include/ni, lib: /usr/lib/libOpenNI.so;libusb::libusb)
[3.407s] -- Eigen found (include: /usr/include/eigen3, version: 3.4.0)
[3.449s] -- Checking for module 'flann'
[3.479s] --   Found flann, version 1.9.1
[3.555s] -- Found FLANN: /usr/lib/x86_64-linux-gnu/libflann_cpp.so  
[3.555s] -- FLANN found (include: /usr/include, lib: /usr/lib/x86_64-linux-gnu/libflann_cpp.so)
[3.566s] -- Found Qhull version 8.0.2
[4.286s] -- OpenNI found (version: 1.5.4.0, include: /usr/include/ni, lib: /usr/lib/libOpenNI.so;libusb::libusb)
[4.667s] -- Found PCL_COMMON: /usr/lib/x86_64-linux-gnu/libpcl_common.so  
[4.668s] -- Found PCL_OCTREE: /usr/lib/x86_64-linux-gnu/libpcl_octree.so  
[4.670s] -- Found PCL_IO: /usr/lib/x86_64-linux-gnu/libpcl_io.so  
[4.671s] -- Found PCL_KDTREE: /usr/lib/x86_64-linux-gnu/libpcl_kdtree.so  
[4.673s] -- Found PCL_SEARCH: /usr/lib/x86_64-linux-gnu/libpcl_search.so  
[4.675s] -- Found PCL_SURFACE: /usr/lib/x86_64-linux-gnu/libpcl_surface.so  
[4.676s] -- Found PCL_FILTERS: /usr/lib/x86_64-linux-gnu/libpcl_filters.so  
[4.677s] -- Found PCL_2D: /usr/include/pcl-1.12  
[4.679s] -- Found PCL_FEATURES: /usr/lib/x86_64-linux-gnu/libpcl_features.so  
[4.681s] -- Found PCL_REGISTRATION: /usr/lib/x86_64-linux-gnu/libpcl_registration.so  
[4.682s] -- Found PCL_SAMPLE_CONSENSUS: /usr/lib/x86_64-linux-gnu/libpcl_sample_consensus.so  
[4.683s] -- Found PCL_GEOMETRY: /usr/include/pcl-1.12  
[4.685s] -- Found PCL_ML: /usr/lib/x86_64-linux-gnu/libpcl_ml.so  
[4.687s] -- Found PCL_SEGMENTATION: /usr/lib/x86_64-linux-gnu/libpcl_segmentation.so  
[4.689s] -- Found PCL_VISUALIZATION: /usr/lib/x86_64-linux-gnu/libpcl_visualization.so  
[4.690s] -- PCL definitions don't contain "-march=native", make sure all libraries using Eigen are also compiled without that flag to avoid some segmentation faults (with gdb referring to some Eigen functions).
[4.698s] -- Found Sqlite3: /usr/include /usr/lib/x86_64-linux-gnu/libsqlite3.so
[6.347s] -- Found OpenMP_C: -fopenmp (found version "4.5") 
[6.927s] -- Found OpenMP_CXX: -fopenmp (found version "4.5") 
[6.928s] -- Found OpenMP: TRUE (found version "4.5") found components: C CXX 
[6.928s] -- Found OpenMP: /usr/lib/gcc/x86_64-linux-gnu/11/libgomp.so;/usr/lib/x86_64-linux-gnu/libpthread.a
[6.928s] -- Add PCL_OMP to definitions
[6.928s] -- Found OpenCV: /usr/include/opencv4
[6.929s] -- Found PCL: /usr/include/pcl-1.12;/usr/include/eigen3;/usr/include;/usr/include/ni
[6.929s] -- Found ZLIB: /usr/include
[7.009s] -- Found Threads: TRUE  
[7.012s] -- Found GLEW: /usr/lib/x86_64-linux-gnu/libGLEW.so  
[7.025s] -- Found OpenGL: /usr/lib/x86_64-linux-gnu/libOpenGL.so  found components: OpenGL GLX 
[8.732s] -- Found Python3: /usr/bin/python3.10 (found suitable version "3.10.12", minimum required is "3.10") found components: Interpreter Development.Module Development.Embed 
[8.782s] -- Found MPI_C: /usr/lib/x86_64-linux-gnu/libmpi.so (found version "3.1") 
[8.783s] -- Found MPI: TRUE (found version "3.1") found components: C 
[10.038s] -- Found HDF5: /usr/lib/x86_64-linux-gnu/hdf5/serial/libhdf5.so;/usr/lib/x86_64-linux-gnu/libcrypto.so;/usr/lib/x86_64-linux-gnu/libcurl.so;/usr/lib/x86_64-linux-gnu/libpthread.a;/usr/lib/x86_64-linux-gnu/libsz.so;/usr/lib/x86_64-linux-gnu/libz.so;/usr/lib/x86_64-linux-gnu/libdl.a;/usr/lib/x86_64-linux-gnu/libm.so (found version "1.10.7") found components: C HL 
[10.068s] -- Found NetCDF: /usr/include (found version "4.8.1") 
[10.077s] -- Found OGG: /usr/lib/x86_64-linux-gnu/libogg.so  
[10.092s] -- Found THEORA: /usr/lib/x86_64-linux-gnu/libtheora.so  
[10.108s] -- Found JsonCpp: /usr/lib/x86_64-linux-gnu/libjsoncpp.so (found suitable version "1.9.5", minimum required is "0.7.0") 
[10.559s] -- Found LibXml2: /usr/lib/x86_64-linux-gnu/libxml2.so (found version "2.9.13") 
[10.612s] -- Found ZLIB: /usr/lib/x86_64-linux-gnu/libz.so (found version "1.2.11") 
[10.631s] -- Found GL2PS: /usr/lib/x86_64-linux-gnu/libgl2ps.so (found suitable version "1.4.2", minimum required is "1.4.2") 
[10.650s] -- Found PNG: /usr/lib/x86_64-linux-gnu/libpng.so (found version "1.6.37") 
[10.662s] -- Found SQLite3: /usr/include (found version "3.37.2") 
[10.681s] -- Found LibPROJ: /usr/lib/x86_64-linux-gnu/libproj.so (found version "8.2.1") 
[10.690s] -- Found Eigen3: /usr/include/eigen3 (found version "3.4.0") 
[10.813s] -- Found X11: /usr/include   
[10.958s] -- Found EXPAT: /usr/lib/x86_64-linux-gnu/libexpat.so (found version "2.4.7") 
[10.960s] -- Found double-conversion: /usr/lib/x86_64-linux-gnu/libdouble-conversion.so  
[10.963s] -- Found LZ4: /usr/lib/x86_64-linux-gnu/liblz4.so (found version "1.9.3") 
[10.965s] -- Found LZMA: /usr/lib/x86_64-linux-gnu/liblzma.so (found version "5.2.5") 
[11.002s] -- Found JPEG: /usr/lib/x86_64-linux-gnu/libjpeg.so (found version "80") 
[11.012s] -- Found TIFF: /usr/lib/x86_64-linux-gnu/libtiff.so (found version "4.3.0")  
[11.024s] -- Found Freetype: /usr/lib/x86_64-linux-gnu/libfreetype.so (found version "2.11.1") 
[11.040s] -- Found utf8cpp: /usr/include/utf8cpp  
[11.087s] -- VTK>=9 detected, will use VTK_QT_VERSION=5 for Qt version.
[11.101s] -- VTK_RENDERING_BACKEND=
[11.426s] -- Found OpenNI2: /SLAM/ros_ws/install/astra_camera/include/openni2
[11.440s] -- Found DC1394: /usr/include/dc1394
[11.592s] -- Found Eigen3: /usr/include/eigen3 (Required is at least version "2.91.0") 
[11.595s] -- Found OpenGL: /usr/lib/x86_64-linux-gnu/libOpenGL.so   
[11.598s] -- Found g2o (targets)
[11.613s] -- g2o include dir: /opt/ros/humble/include
[11.613s] -- Latest g2o factory version detected with shared ptr (factory file: /opt/ros/humble/include/g2o/core/factory.h).
[11.854s] -- GTSAM include directory:  /opt/ros/humble/lib/cmake/GTSAM/../../../include
[11.947s] -- FlyCapture2_INCLUDE_DIR=FlyCapture2_INCLUDE_DIR-NOTFOUND
[11.956s] -- FlyCapture2_LIBRARY=FlyCapture2_LIBRARY-NOTFOUND
[11.960s] -- Triclops_INCLUDE_DIR=Triclops_INCLUDE_DIR-NOTFOUND
[11.960s] -- Triclops_LIBRARY=Triclops_LIBRARY-NOTFOUND
[11.960s] -- FlyCaptureBridge_LIBRARY=FlyCaptureBridge_LIBRARY-NOTFOUND
[12.024s] -- Found Boost: /usr/lib/x86_64-linux-gnu/cmake/Boost-1.74.0/BoostConfig.cmake (found version "1.74.0") found components: thread filesystem system program_options date_time 
[12.059s] -- Found Boost: /usr/lib/x86_64-linux-gnu/cmake/Boost-1.74.0/BoostConfig.cmake (found version "1.74.0") found components: thread filesystem system program_options date_time chrono 
[12.067s] -- Found libpointmatcher: /opt/ros/humble/include;/usr/include/eigen3
[12.075s] -- Found Boost: /usr/lib/x86_64-linux-gnu/cmake/Boost-1.74.0/BoostConfig.cmake (found version "1.74.0") found components: thread filesystem system program_options date_time 
[12.128s] -- Found Boost: /usr/lib/x86_64-linux-gnu/cmake/Boost-1.74.0/BoostConfig.cmake (found version "1.74.0") found components: thread filesystem system program_options date_time chrono timer serialization 
[12.319s] -- Found RealSense2: 
[12.465s] -- Found octomap 1.9.8: /opt/ros/humble/include
[12.844s] -- Found grid_map_core 2.0.0: /opt/ros/humble/include;/usr/include/eigen3
[12.888s] -- Architecture: x86_64
[12.963s] -- Performing Test COMPILER_SUPPORTS_CXX17
[13.577s] -- Performing Test COMPILER_SUPPORTS_CXX17 - Success
[13.586s] -- Found Pthreads
[13.604s] -- Performing Test COMPILER_HAS_HIDDEN_VISIBILITY
[14.036s] -- Performing Test COMPILER_HAS_HIDDEN_VISIBILITY - Success
[14.037s] -- Performing Test COMPILER_HAS_HIDDEN_INLINE_VISIBILITY
[14.558s] -- Performing Test COMPILER_HAS_HIDDEN_INLINE_VISIBILITY - Success
[14.559s] -- Performing Test COMPILER_HAS_DEPRECATED_ATTR
[15.078s] -- Performing Test COMPILER_HAS_DEPRECATED_ATTR - Success
[15.639s] -- --------------------------------------------
[15.639s] -- Info :
[15.639s] --   RTAB-Map Version =     0.21.4
[15.639s] --   CMAKE_VERSION =        3.22.1
[15.640s] --   CMAKE_INSTALL_PREFIX = /SLAM/ros_ws/install/rtabmap
[15.640s] --   CMAKE_BUILD_TYPE =     Release
[15.640s] --   CMAKE_INSTALL_LIBDIR = lib
[15.640s] --   BUILD_APP =            ON
[15.640s] --   BUILD_TOOLS =          ON
[15.640s] --   BUILD_EXAMPLES =       ON
[15.640s] --   BUILD_SHARED_LIBS =    ON
[15.640s] --   CMAKE_CXX_FLAGS =  -fmessage-length=0 -fopenmp -std=c++17
[15.640s] --   FLANN_KDTREE_MEM_OPT = OFF
[15.640s] --   PCL_DEFINITIONS = -DDISABLE_OPENNI2;-DDISABLE_PCAP;-DDISABLE_PNG
[15.640s] --   PCL_VERSION = 1.12.1
[15.640s] -- 
[15.641s] -- Optional dependencies ('*' affects some default parameters) :
[15.641s] --  *With OpenCV 4.5.4 xfeatures2d = NO, nonfree = NO (License: Apache 2)
[15.641s] --   With Qt 5.15.3            = YES (License: Open Source or Commercial)
[15.641s] --   With VTK 9.1              = YES (License: BSD)
[15.641s] --   With external SQLite3     = YES (License: Public Domain)
[15.641s] --   With ORB OcTree           = YES (License: GPLv3)
[15.641s] --   With SupertPoint          = NO (WITH_TORCH=OFF)
[15.641s] --   With Python3              = NO (WITH_PYTHON=OFF)
[15.641s] --   With Madgwick             = YES (License: GPL)
[15.641s] --   With FastCV               = NO (FastCV not found)
[15.642s] --   With PDAL                 = NO (PDAL not found)
[15.642s] -- 
[15.642s] --  Solvers:
[15.642s] --   With TORO                 = YES (License: Creative Commons [Attribution-NonCommercial-ShareAlike])
[15.642s] --  *With g2o 1.0.0            = YES (License: BSD)
[15.642s] --  *With GTSAM 4.2.0          = YES (License: BSD)
[15.642s] --  *With Ceres                = NO (WITH_CERES=OFF)
[15.642s] --   With MRPT                 = NO (MRPT not found)
[15.642s] --   With VERTIGO              = YES (License: GPLv3)
[15.642s] --   With cvsba                = NO (WITH_CVSBA=OFF)
[15.642s] --  *With libpointmatcher 1.3.1 = YES (License: BSD)
[15.642s] --   With CCCoreLib            = NO (WITH_CCCORELIB=OFF)
[15.642s] --   With Open3D               = NO (WITH_OPEN3D=OFF)
[15.643s] --   With OpenGV               = NO (OpenGV not found)
[15.643s] -- 
[15.643s] --  Reconstruction Approaches:
[15.643s] --   With OctoMap 1.9.8        = YES (License: BSD)
[15.643s] --   With GridMap 2.0.0        = YES (License: BSD)
[15.643s] --   With CPUTSDF              = NO (WITH_CPUTSDF=OFF)
[15.643s] --   With OpenChisel           = NO (WITH_OPENCHISEL=OFF)
[15.643s] --   With AliceVision          = NO (WITH_ALICE_VISION=OFF)
[15.643s] -- 
[15.643s] --  Camera Drivers:
[15.643s] --   With Freenect             = NO (libfreenect not found)
[15.643s] --   With OpenNI2              = YES (License: Apache v2)
[15.644s] --   With Freenect2            = NO (libfreenect2 not found)
[15.644s] --   With Kinect for Windows 2 = NO (Kinect for Windows 2 SDK not found)
[15.644s] --   With Kinect for Azure     = NO (Kinect for Azure SDK not found)
[15.644s] --   With dc1394               = YES (License: LGPL)
[15.644s] --   With FlyCapture2/Triclops = NO (Point Grey SDK not found)
[15.644s] --   With ZED                  = NO (ZED sdk and/or cuda not found)
[15.644s] --   With ZEDOC                = NO (ZED Open Capture not found)
[15.644s] --   With RealSense            = NO (librealsense not found)
[15.644s] --   With RealSense2 2.54.1    = YES (License: Apache-2)
[15.644s] --   With MyntEyeS             = NO (mynteye s sdk not found)
[15.644s] --   With DepthAI              = NO (WITH_DEPTHAI=OFF)
[15.644s] -- 
[15.645s] --  Odometry Approaches:
[15.645s] --   With loam_velodyne        = NO (WITH_LOAM=OFF)
[15.645s] --   With floam                = NO (WITH_FLOAM=OFF)
[15.645s] --   With libfovis             = NO (WITH_FOVIS=OFF)
[15.645s] --   With libviso2             = NO (WITH_VISO2=OFF)
[15.645s] --   With dvo_core             = NO (WITH_DVO=OFF)
[15.645s] --   With okvis                = NO (WITH_OKVIS=OFF)
[15.645s] --   With msckf_vio            = NO (WITH_MSCKF_VIO=OFF)
[15.645s] --   With VINS-Fusion          = NO (WITH_VINS=OFF)
[15.645s] --   With OpenVINS             = NO (WITH_OPENVINS=OFF)
[15.645s] --   With ORB_SLAM             = NO (WITH_ORB_SLAM=OFF)
[15.645s] -- Show all options with: cmake -LA | grep WITH_
[15.645s] -- --------------------------------------------
[15.646s] -- Configuring done
[127.657s] -- Generating done
[127.740s] -- Build files have been written to: /SLAM/ros_ws/build/rtabmap
[127.984s] Invoked command in '/SLAM/ros_ws/build/rtabmap' returned '0': CMAKE_PREFIX_PATH=${CMAKE_PREFIX_PATH}:/SLAM/ros_ws/install/camera_calibration:/opt/ros/humble /usr/bin/cmake /SLAM/ros_ws/src/rtabmap -DCMAKE_BUILD_TYPE=Release -DCMAKE_INSTALL_PREFIX=/SLAM/ros_ws/install/rtabmap
[127.986s] Invoking command in '/SLAM/ros_ws/build/rtabmap': CMAKE_PREFIX_PATH=${CMAKE_PREFIX_PATH}:/SLAM/ros_ws/install/camera_calibration:/opt/ros/humble /usr/bin/cmake --build /SLAM/ros_ws/build/rtabmap
[128.484s] [  0%] [32mBuilding CXX object utilite/src/CMakeFiles/rtabmap_utilite.dir/UEventsManager.cpp.o[0m
[128.495s] [  1%] [32mBuilding CXX object utilite/src/CMakeFiles/rtabmap_utilite.dir/UEventsHandler.cpp.o[0m
[128.512s] [  2%] [32mBuilding CXX object utilite/src/CMakeFiles/rtabmap_utilite.dir/UFile.cpp.o[0m
[128.550s] [  2%] [32mBuilding CXX object utilite/src/CMakeFiles/rtabmap_utilite.dir/UEventsSender.cpp.o[0m
[128.655s] [  2%] [32mBuilding CXX object utilite/src/CMakeFiles/rtabmap_utilite.dir/UDirectory.cpp.o[0m
[128.699s] [  3%] [32mBuilding CXX object utilite/src/CMakeFiles/rtabmap_utilite.dir/UConversion.cpp.o[0m
[129.843s] [  3%] [32mBuilding CXX object utilite/src/CMakeFiles/rtabmap_utilite.dir/ULogger.cpp.o[0m
[130.322s] [  3%] [32mBuilding CXX object utilite/src/CMakeFiles/rtabmap_utilite.dir/UThread.cpp.o[0m
[131.132s] [  4%] [32mBuilding CXX object utilite/src/CMakeFiles/rtabmap_utilite.dir/UTimer.cpp.o[0m
[131.766s] [  4%] [32mBuilding CXX object utilite/src/CMakeFiles/rtabmap_utilite.dir/UProcessInfo.cpp.o[0m
[132.048s] [  5%] [32mBuilding CXX object utilite/src/CMakeFiles/rtabmap_utilite.dir/UVariant.cpp.o[0m
[133.976s] [  5%] [32m[1mLinking CXX shared library ../../bin/librtabmap_utilite.so[0m
[134.513s] [  5%] Built target rtabmap_utilite
[134.666s] [  5%] [32mBuilding CXX object utilite/resource_generator/CMakeFiles/res_tool.dir/main.cpp.o[0m
[136.700s] [  5%] [32m[1mLinking CXX executable ../../bin/rtabmap-res_tool[0m
[137.232s] [  5%] Built target res_tool
[137.334s] [  5%] [34m[1m[Creating resources][0m
[137.365s]  Using namespace=rtabmap
[137.365s]  Using target directory=/SLAM/ros_ws/build/rtabmap/corelib/src
[137.372s] Input file "/SLAM/ros_ws/src/rtabmap/corelib/src/resources/DatabaseSchema.sql" size = 5900 bytes
[137.373s] Output file "/SLAM/ros_ws/build/rtabmap/corelib/src/DatabaseSchema_sql.h" size = 12027 bytes
[137.373s] Input file "/SLAM/ros_ws/src/rtabmap/corelib/src/resources/backward_compatibility/DatabaseSchema_0_18_3.sql" size = 5749 bytes
[137.374s] Output file "/SLAM/ros_ws/build/rtabmap/corelib/src/DatabaseSchema_0_18_3_sql.h" size = 11753 bytes
[137.374s] Input file "/SLAM/ros_ws/src/rtabmap/corelib/src/resources/backward_compatibility/DatabaseSchema_0_18_0.sql" size = 5749 bytes
[137.374s] Output file "/SLAM/ros_ws/build/rtabmap/corelib/src/DatabaseSchema_0_18_0_sql.h" size = 11753 bytes
[137.375s] Input file "/SLAM/ros_ws/src/rtabmap/corelib/src/resources/backward_compatibility/DatabaseSchema_0_17_0.sql" size = 5432 bytes
[137.375s] Output file "/SLAM/ros_ws/build/rtabmap/corelib/src/DatabaseSchema_0_17_0_sql.h" size = 11119 bytes
[137.375s] Input file "/SLAM/ros_ws/src/rtabmap/corelib/src/resources/backward_compatibility/DatabaseSchema_0_16_2.sql" size = 5362 bytes
[137.375s] Output file "/SLAM/ros_ws/build/rtabmap/corelib/src/DatabaseSchema_0_16_2_sql.h" size = 10979 bytes
[137.380s] Input file "/SLAM/ros_ws/src/rtabmap/corelib/src/resources/backward_compatibility/DatabaseSchema_0_16_1.sql" size = 5286 bytes
[137.380s] Output file "/SLAM/ros_ws/build/rtabmap/corelib/src/DatabaseSchema_0_16_1_sql.h" size = 10827 bytes
[137.380s] Input file "/SLAM/ros_ws/src/rtabmap/corelib/src/resources/backward_compatibility/DatabaseSchema_0_16_0.sql" size = 5273 bytes
[137.381s] Output file "/SLAM/ros_ws/build/rtabmap/corelib/src/DatabaseSchema_0_16_0_sql.h" size = 10801 bytes
[137.691s] [  5%] [32mBuilding CXX object corelib/src/CMakeFiles/rtabmap_core.dir/Rtabmap.cpp.o[0m
[137.721s] [  6%] [32mBuilding CXX object corelib/src/CMakeFiles/rtabmap_core.dir/RtabmapThread.cpp.o[0m
[137.747s] [  6%] [32mBuilding CXX object corelib/src/CMakeFiles/rtabmap_core.dir/Statistics.cpp.o[0m
[137.781s] [  7%] [32mBuilding CXX object corelib/src/CMakeFiles/rtabmap_core.dir/Memory.cpp.o[0m
[137.824s] [  7%] [32mBuilding CXX object corelib/src/CMakeFiles/rtabmap_core.dir/DBDriver.cpp.o[0m
[137.850s] [  7%] [32mBuilding CXX object corelib/src/CMakeFiles/rtabmap_core.dir/DBDriverSqlite3.cpp.o[0m
