[0.360s] Invoking command in '/SLAM/ros_ws/build/tracetools_image_pipeline': CMAKE_PREFIX_PATH=/opt/ros/humble /usr/bin/cmake --build /SLAM/ros_ws/build/tracetools_image_pipeline
[0.947s] [ 60%] Built target tracetools_image_pipeline
[0.948s] [100%] Built target status
[0.962s] Invoked command in '/SLAM/ros_ws/build/tracetools_image_pipeline' returned '0': CMAKE_PREFIX_PATH=/opt/ros/humble /usr/bin/cmake --build /SLAM/ros_ws/build/tracetools_image_pipeline
[0.991s] Invoking command in '/SLAM/ros_ws/build/tracetools_image_pipeline': CMAKE_PREFIX_PATH=/opt/ros/humble /usr/bin/cmake --install /SLAM/ros_ws/build/tracetools_image_pipeline
[1.002s] -- Install configuration: "Release"
[1.003s] -- Execute custom install script
[1.003s] -- Up-to-date symlink: /SLAM/ros_ws/install/tracetools_image_pipeline/share/tracetools_image_pipeline/environment/library_path.sh
[1.004s] -- Up-to-date symlink: /SLAM/ros_ws/install/tracetools_image_pipeline/share/tracetools_image_pipeline/environment/library_path.dsv
[1.004s] -- Up-to-date symlink: /SLAM/ros_ws/install/tracetools_image_pipeline/lib/tracetools_image_pipeline/status
[1.005s] -- Up-to-date symlink: /SLAM/ros_ws/install/tracetools_image_pipeline/include/tracetools_image_pipeline/config.h
[1.005s] -- Up-to-date symlink: /SLAM/ros_ws/install/tracetools_image_pipeline/include/tracetools_image_pipeline/tracetools.h
[1.005s] -- Up-to-date symlink: /SLAM/ros_ws/install/tracetools_image_pipeline/include/tracetools_image_pipeline/utils.hpp
[1.006s] -- Up-to-date symlink: /SLAM/ros_ws/install/tracetools_image_pipeline/include/tracetools_image_pipeline/visibility_control.hpp
[1.007s] -- Up-to-date symlink: /SLAM/ros_ws/install/tracetools_image_pipeline/share/ament_index/resource_index/package_run_dependencies/tracetools_image_pipeline
[1.007s] -- Up-to-date symlink: /SLAM/ros_ws/install/tracetools_image_pipeline/share/ament_index/resource_index/parent_prefix_path/tracetools_image_pipeline
[1.008s] -- Up-to-date symlink: /SLAM/ros_ws/install/tracetools_image_pipeline/share/tracetools_image_pipeline/environment/ament_prefix_path.sh
[1.008s] -- Up-to-date symlink: /SLAM/ros_ws/install/tracetools_image_pipeline/share/tracetools_image_pipeline/environment/ament_prefix_path.dsv
[1.008s] -- Up-to-date symlink: /SLAM/ros_ws/install/tracetools_image_pipeline/share/tracetools_image_pipeline/environment/path.sh
[1.009s] -- Up-to-date symlink: /SLAM/ros_ws/install/tracetools_image_pipeline/share/tracetools_image_pipeline/environment/path.dsv
[1.009s] -- Up-to-date symlink: /SLAM/ros_ws/install/tracetools_image_pipeline/share/tracetools_image_pipeline/local_setup.bash
[1.009s] -- Up-to-date symlink: /SLAM/ros_ws/install/tracetools_image_pipeline/share/tracetools_image_pipeline/local_setup.sh
[1.009s] -- Up-to-date symlink: /SLAM/ros_ws/install/tracetools_image_pipeline/share/tracetools_image_pipeline/local_setup.zsh
[1.010s] -- Up-to-date symlink: /SLAM/ros_ws/install/tracetools_image_pipeline/share/tracetools_image_pipeline/local_setup.dsv
[1.010s] -- Symlinking: /SLAM/ros_ws/install/tracetools_image_pipeline/share/tracetools_image_pipeline/package.dsv
[1.022s] -- Up-to-date symlink: /SLAM/ros_ws/install/tracetools_image_pipeline/share/ament_index/resource_index/packages/tracetools_image_pipeline
[1.023s] -- Up-to-date symlink: /SLAM/ros_ws/install/tracetools_image_pipeline/share/tracetools_image_pipeline/cmake/ament_cmake_export_targets-extras.cmake
[1.024s] -- Up-to-date symlink: /SLAM/ros_ws/install/tracetools_image_pipeline/share/tracetools_image_pipeline/cmake/ament_cmake_export_include_directories-extras.cmake
[1.025s] -- Up-to-date symlink: /SLAM/ros_ws/install/tracetools_image_pipeline/share/tracetools_image_pipeline/cmake/ament_cmake_export_libraries-extras.cmake
[1.027s] -- Up-to-date symlink: /SLAM/ros_ws/install/tracetools_image_pipeline/share/tracetools_image_pipeline/cmake/tracetools_image_pipelineConfig.cmake
[1.027s] -- Up-to-date symlink: /SLAM/ros_ws/install/tracetools_image_pipeline/share/tracetools_image_pipeline/cmake/tracetools_image_pipelineConfig-version.cmake
[1.028s] -- Up-to-date symlink: /SLAM/ros_ws/install/tracetools_image_pipeline/share/tracetools_image_pipeline/package.xml
[1.029s] -- Up-to-date: /SLAM/ros_ws/install/tracetools_image_pipeline/lib/libtracetools_image_pipeline.so
[1.031s] -- Up-to-date: /SLAM/ros_ws/install/tracetools_image_pipeline/share/tracetools_image_pipeline/cmake/tracetools_image_pipeline_exportExport.cmake
[1.031s] -- Up-to-date: /SLAM/ros_ws/install/tracetools_image_pipeline/share/tracetools_image_pipeline/cmake/tracetools_image_pipeline_exportExport-release.cmake
[1.202s] Invoked command in '/SLAM/ros_ws/build/tracetools_image_pipeline' returned '0': CMAKE_PREFIX_PATH=/opt/ros/humble /usr/bin/cmake --install /SLAM/ros_ws/build/tracetools_image_pipeline
