[0.462s] Invoking command in '/SLAM/ros_ws/build/rtabmap': CMAKE_PREFIX_PATH=/opt/ros/humble /usr/bin/cmake /SLAM/ros_ws/src/rtabmap -DCMAKE_INSTALL_PREFIX=/SLAM/ros_ws/install/rtabmap
[1.012s] -- MOBILE_BUILD=OFF
[1.013s] -- Eigen found (include: /usr/include/eigen3, version: 3.4.0)
[1.014s] -- OpenNI found (version: 1.5.4.0, include: /usr/include/ni, lib: /usr/lib/libOpenNI.so;libusb::libusb)
[1.094s] -- Eigen found (include: /usr/include/eigen3, version: 3.4.0)
[1.144s] -- FLANN found (include: /usr/include, lib: /usr/lib/x86_64-linux-gnu/libflann_cpp.so)
[1.149s] -- Found Qhull version 8.0.2
[1.791s] -- OpenNI found (version: 1.5.4.0, include: /usr/include/ni, lib: /usr/lib/libOpenNI.so;libusb::libusb)
[2.033s] -- PCL definitions don't contain "-march=native", make sure all libraries using Eigen are also compiled without that flag to avoid some segmentation faults (with gdb referring to some Eigen functions).
[2.038s] -- Found Sqlite3: /usr/include /usr/lib/x86_64-linux-gnu/libsqlite3.so
[2.044s] -- Found OpenMP: /usr/lib/gcc/x86_64-linux-gnu/11/libgomp.so;/usr/lib/x86_64-linux-gnu/libpthread.a
[2.044s] -- Add PCL_OMP to definitions
[2.044s] -- Found OpenCV: /usr/include/opencv4
[2.045s] -- Found PCL: /usr/include/pcl-1.12;/usr/include/eigen3;/usr/include;/usr/include/ni
[2.045s] -- Found ZLIB: /usr/include
[2.069s] -- Found OpenGL: /usr/lib/x86_64-linux-gnu/libOpenGL.so  found components: OpenGL GLX 
[2.635s] -- Found Eigen3: /usr/include/eigen3 (found version "3.4.0") 
[2.814s] -- VTK>=9 detected, will use VTK_QT_VERSION=5 for Qt version.
[2.834s] -- VTK_RENDERING_BACKEND=
[2.996s] -- Found OpenNI2: /SLAM/ros_ws/install/astra_camera/include/openni2
[2.997s] -- Found DC1394: /usr/include/dc1394
[3.005s] -- Found OpenGL: /usr/lib/x86_64-linux-gnu/libOpenGL.so   
[3.013s] -- Found g2o (targets)
[3.013s] -- g2o include dir: /opt/ros/humble/include
[3.017s] -- Latest g2o factory version detected with shared ptr (factory file: /opt/ros/humble/include/g2o/core/factory.h).
[3.076s] -- GTSAM include directory:  /opt/ros/humble/lib/cmake/GTSAM/../../../include
[3.111s] -- FlyCapture2_INCLUDE_DIR=FlyCapture2_INCLUDE_DIR-NOTFOUND
[3.112s] -- FlyCapture2_LIBRARY=FlyCapture2_LIBRARY-NOTFOUND
[3.113s] -- Triclops_INCLUDE_DIR=Triclops_INCLUDE_DIR-NOTFOUND
[3.114s] -- Triclops_LIBRARY=Triclops_LIBRARY-NOTFOUND
[3.114s] -- FlyCaptureBridge_LIBRARY=FlyCaptureBridge_LIBRARY-NOTFOUND
[3.136s] -- Found Boost: /usr/lib/x86_64-linux-gnu/cmake/Boost-1.74.0/BoostConfig.cmake (found version "1.74.0") found components: thread filesystem system program_options date_time 
[3.147s] -- Found Boost: /usr/lib/x86_64-linux-gnu/cmake/Boost-1.74.0/BoostConfig.cmake (found version "1.74.0") found components: thread filesystem system program_options date_time chrono 
[3.155s] -- Found libpointmatcher: /opt/ros/humble/include;/usr/include/eigen3
[3.174s] -- Found Boost: /usr/lib/x86_64-linux-gnu/cmake/Boost-1.74.0/BoostConfig.cmake (found version "1.74.0") found components: thread filesystem system program_options date_time 
[3.185s] -- Found Boost: /usr/lib/x86_64-linux-gnu/cmake/Boost-1.74.0/BoostConfig.cmake (found version "1.74.0") found components: thread filesystem system program_options date_time chrono timer serialization 
[3.241s] -- Found RealSense2: 
[3.277s] -- Found octomap 1.9.8: /opt/ros/humble/include
[3.407s] -- Found grid_map_core 2.0.0: /opt/ros/humble/include;/usr/include/eigen3
[3.454s] -- Architecture: x86_64
[3.562s] -- Found Pthreads
[3.849s] -- --------------------------------------------
[3.849s] -- Info :
[3.850s] --   RTAB-Map Version =     0.21.4
[3.850s] --   CMAKE_VERSION =        3.22.1
[3.850s] --   CMAKE_INSTALL_PREFIX = /SLAM/ros_ws/install/rtabmap
[3.850s] --   CMAKE_BUILD_TYPE =     Release
[3.850s] --   CMAKE_INSTALL_LIBDIR = lib
[3.850s] --   BUILD_APP =            ON
[3.850s] --   BUILD_TOOLS =          ON
[3.851s] --   BUILD_EXAMPLES =       ON
[3.851s] --   BUILD_SHARED_LIBS =    ON
[3.851s] --   CMAKE_CXX_FLAGS =  -fmessage-length=0 -fopenmp -std=c++17
[3.851s] --   FLANN_KDTREE_MEM_OPT = OFF
[3.851s] --   PCL_DEFINITIONS = -DDISABLE_OPENNI2;-DDISABLE_PCAP;-DDISABLE_PNG
[3.851s] --   PCL_VERSION = 1.12.1
[3.851s] -- 
[3.851s] -- Optional dependencies ('*' affects some default parameters) :
[3.851s] --  *With OpenCV 4.5.4 xfeatures2d = NO, nonfree = NO (License: Apache 2)
[3.851s] --   With Qt 5.15.3            = YES (License: Open Source or Commercial)
[3.851s] --   With VTK 9.1              = YES (License: BSD)
[3.851s] --   With external SQLite3     = YES (License: Public Domain)
[3.852s] --   With ORB OcTree           = YES (License: GPLv3)
[3.852s] --   With SupertPoint          = NO (WITH_TORCH=OFF)
[3.852s] --   With Python3              = NO (WITH_PYTHON=OFF)
[3.852s] --   With Madgwick             = YES (License: GPL)
[3.852s] --   With FastCV               = NO (FastCV not found)
[3.852s] --   With PDAL                 = NO (PDAL not found)
[3.852s] -- 
[3.852s] --  Solvers:
[3.852s] --   With TORO                 = YES (License: Creative Commons [Attribution-NonCommercial-ShareAlike])
[3.852s] --  *With g2o 1.0.0            = YES (License: BSD)
[3.852s] --  *With GTSAM 4.2.0          = YES (License: BSD)
[3.852s] --  *With Ceres                = NO (WITH_CERES=OFF)
[3.853s] --   With MRPT                 = NO (MRPT not found)
[3.853s] --   With VERTIGO              = YES (License: GPLv3)
[3.853s] --   With cvsba                = NO (WITH_CVSBA=OFF)
[3.854s] --  *With libpointmatcher 1.3.1 = YES (License: BSD)
[3.854s] --   With CCCoreLib            = NO (WITH_CCCORELIB=OFF)
[3.854s] --   With Open3D               = NO (WITH_OPEN3D=OFF)
[3.854s] --   With OpenGV               = NO (OpenGV not found)
[3.854s] -- 
[3.854s] --  Reconstruction Approaches:
[3.854s] --   With OctoMap 1.9.8        = YES (License: BSD)
[3.855s] --   With GridMap 2.0.0        = YES (License: BSD)
[3.855s] --   With CPUTSDF              = NO (WITH_CPUTSDF=OFF)
[3.855s] --   With OpenChisel           = NO (WITH_OPENCHISEL=OFF)
[3.855s] --   With AliceVision          = NO (WITH_ALICE_VISION=OFF)
[3.855s] -- 
[3.855s] --  Camera Drivers:
[3.855s] --   With Freenect             = NO (libfreenect not found)
[3.855s] --   With OpenNI2              = YES (License: Apache v2)
[3.855s] --   With Freenect2            = NO (libfreenect2 not found)
[3.855s] --   With Kinect for Windows 2 = NO (Kinect for Windows 2 SDK not found)
[3.855s] --   With Kinect for Azure     = NO (Kinect for Azure SDK not found)
[3.856s] --   With dc1394               = YES (License: LGPL)
[3.856s] --   With FlyCapture2/Triclops = NO (Point Grey SDK not found)
[3.856s] --   With ZED                  = NO (ZED sdk and/or cuda not found)
[3.856s] --   With ZEDOC                = NO (ZED Open Capture not found)
[3.856s] --   With RealSense            = NO (librealsense not found)
[3.856s] --   With RealSense2 2.54.1    = YES (License: Apache-2)
[3.856s] --   With MyntEyeS             = NO (mynteye s sdk not found)
[3.856s] --   With DepthAI              = NO (WITH_DEPTHAI=OFF)
[3.856s] -- 
[3.856s] --  Odometry Approaches:
[3.856s] --   With loam_velodyne        = NO (WITH_LOAM=OFF)
[3.856s] --   With floam                = NO (WITH_FLOAM=OFF)
[3.857s] --   With libfovis             = NO (WITH_FOVIS=OFF)
[3.857s] --   With libviso2             = NO (WITH_VISO2=OFF)
[3.857s] --   With dvo_core             = NO (WITH_DVO=OFF)
[3.857s] --   With okvis                = NO (WITH_OKVIS=OFF)
[3.857s] --   With msckf_vio            = NO (WITH_MSCKF_VIO=OFF)
[3.857s] --   With VINS-Fusion          = NO (WITH_VINS=OFF)
[3.857s] --   With OpenVINS             = NO (WITH_OPENVINS=OFF)
[3.857s] --   With ORB_SLAM             = NO (WITH_ORB_SLAM=OFF)
[3.857s] -- Show all options with: cmake -LA | grep WITH_
[3.857s] -- --------------------------------------------
[3.857s] -- Configuring done
[6.278s] -- Generating done
[6.329s] -- Build files have been written to: /SLAM/ros_ws/build/rtabmap
[6.482s] Invoked command in '/SLAM/ros_ws/build/rtabmap' returned '0': CMAKE_PREFIX_PATH=/opt/ros/humble /usr/bin/cmake /SLAM/ros_ws/src/rtabmap -DCMAKE_INSTALL_PREFIX=/SLAM/ros_ws/install/rtabmap
[6.483s] Invoking command in '/SLAM/ros_ws/build/rtabmap': CMAKE_PREFIX_PATH=/opt/ros/humble /usr/bin/cmake --build /SLAM/ros_ws/build/rtabmap -- -j16 -l16
[6.794s] [35m[1mConsolidate compiler generated dependencies of target rtabmap_utilite[0m
[6.929s] [  5%] Built target rtabmap_utilite
[6.981s] [35m[1mConsolidate compiler generated dependencies of target res_tool[0m
[7.093s] [  5%] Built target res_tool
[7.280s] [  5%] [32mBuilding CXX object corelib/src/CMakeFiles/rtabmap_core.dir/Rtabmap.cpp.o[0m
[7.283s] [  6%] [32mBuilding CXX object corelib/src/CMakeFiles/rtabmap_core.dir/RtabmapThread.cpp.o[0m
[7.302s] [  6%] [32mBuilding CXX object corelib/src/CMakeFiles/rtabmap_core.dir/Statistics.cpp.o[0m
[7.316s] [  7%] [32mBuilding CXX object corelib/src/CMakeFiles/rtabmap_core.dir/Memory.cpp.o[0m
[7.318s] [  7%] [32mBuilding CXX object corelib/src/CMakeFiles/rtabmap_core.dir/DBDriver.cpp.o[0m
[7.434s] [  7%] [32mBuilding CXX object corelib/src/CMakeFiles/rtabmap_core.dir/DBDriverSqlite3.cpp.o[0m
[7.453s] [  8%] [32mBuilding CXX object corelib/src/CMakeFiles/rtabmap_core.dir/DBReader.cpp.o[0m
[7.474s] [  8%] [32mBuilding CXX object corelib/src/CMakeFiles/rtabmap_core.dir/Recovery.cpp.o[0m
[7.509s] [  9%] [32mBuilding CXX object corelib/src/CMakeFiles/rtabmap_core.dir/Camera.cpp.o[0m
[7.510s] [  9%] [32mBuilding CXX object corelib/src/CMakeFiles/rtabmap_core.dir/CameraThread.cpp.o[0m
[7.524s] [ 10%] [32mBuilding CXX object corelib/src/CMakeFiles/rtabmap_core.dir/CameraModel.cpp.o[0m
[7.543s] [ 10%] [32mBuilding CXX object corelib/src/CMakeFiles/rtabmap_core.dir/camera/CameraFreenect.cpp.o[0m
[7.587s] [ 10%] [32mBuilding CXX object corelib/src/CMakeFiles/rtabmap_core.dir/camera/CameraFreenect2.cpp.o[0m
[7.610s] [ 11%] [32mBuilding CXX object corelib/src/CMakeFiles/rtabmap_core.dir/camera/CameraImages.cpp.o[0m
[7.637s] [ 11%] [32mBuilding CXX object corelib/src/CMakeFiles/rtabmap_core.dir/camera/CameraK4W2.cpp.o[0m
[7.683s] [ 12%] [32mBuilding CXX object corelib/src/CMakeFiles/rtabmap_core.dir/camera/CameraK4A.cpp.o[0m
[17.025s] [ 12%] [32mBuilding CXX object corelib/src/CMakeFiles/rtabmap_core.dir/camera/CameraOpenni.cpp.o[0m
[24.214s] [ 12%] [32mBuilding CXX object corelib/src/CMakeFiles/rtabmap_core.dir/camera/CameraOpenNI2.cpp.o[0m
[67.512s] [01m[Kc++:[m[K [01;31m[Kfatal error: [m[KKilled signal terminated program cc1plus
[67.515s] compilation terminated.
[67.531s] gmake[2]: *** [corelib/src/CMakeFiles/rtabmap_core.dir/build.make:118: corelib/src/CMakeFiles/rtabmap_core.dir/RtabmapThread.cpp.o] Error 1
[67.534s] gmake[2]: *** Waiting for unfinished jobs....
[145.427s] gmake[1]: *** [CMakeFiles/Makefile2:857: corelib/src/CMakeFiles/rtabmap_core.dir/all] Error 2
[145.428s] gmake: *** [Makefile:156: all] Error 2
