[0.574s] Invoking command in '/SLAM/ros_ws/build/rtabmap_msgs': /usr/bin/cmake /SLAM/ros_ws/src/rtabmap_ros/rtabmap_msgs -DCMAKE_BUILD_TYPE=Release -DCATKIN_INSTALL_INTO_PREFIX_ROOT=0 -DCATKIN_SYMLINK_INSTALL=ON -DCMAKE_INSTALL_PREFIX=/SLAM/ros_ws/install/rtabmap_msgs
[1.183s] -- Found rosidl_default_generators: 1.2.0 (/opt/ros/humble/share/rosidl_default_generators/cmake)
[1.184s] -- Found ament_cmake_core: 1.3.6 (/opt/ros/humble/share/ament_cmake_core/cmake)
[1.184s] -- Using all available rosidl_typesupport_c: rosidl_typesupport_fastrtps_c;rosidl_typesupport_introspection_c
[1.185s] -- Found rosidl_adapter: 3.1.5 (/opt/ros/humble/share/rosidl_adapter/cmake)
[1.185s] -- Using all available rosidl_typesupport_cpp: rosidl_typesupport_fastrtps_cpp;rosidl_typesupport_introspection_cpp
[1.185s] -- Found geometry_msgs: 4.2.3 (/opt/ros/humble/share/geometry_msgs/cmake)
[1.185s] -- Found sensor_msgs: 4.2.3 (/opt/ros/humble/share/sensor_msgs/cmake)
[1.186s] -- Found std_srvs: 4.2.3 (/opt/ros/humble/share/std_srvs/cmake)
[1.750s] -- Found ament_cmake_ros: 0.10.0 (/opt/ros/humble/share/ament_cmake_ros/cmake)
[2.208s] -- Using all available rosidl_typesupport_c: rosidl_typesupport_fastrtps_c;rosidl_typesupport_introspection_c
[2.748s] -- Using all available rosidl_typesupport_cpp: rosidl_typesupport_fastrtps_cpp;rosidl_typesupport_introspection_cpp
[2.779s] -- Found python_cmake_module: 0.10.0 (/opt/ros/humble/share/python_cmake_module/cmake)
[2.817s] -- Using PYTHON_EXECUTABLE: /usr/bin/python3
[2.818s] -- Using PYTHON_INCLUDE_DIRS: /usr/include/python3.10
[2.818s] -- Using PYTHON_LIBRARIES: /usr/lib/x86_64-linux-gnu/libpython3.10.so
[2.895s] -- Configuring done
[3.009s] -- Generating done
[3.014s] -- Build files have been written to: /SLAM/ros_ws/build/rtabmap_msgs
[3.040s] Invoked command in '/SLAM/ros_ws/build/rtabmap_msgs' returned '0': /usr/bin/cmake /SLAM/ros_ws/src/rtabmap_ros/rtabmap_msgs -DCMAKE_BUILD_TYPE=Release -DCATKIN_INSTALL_INTO_PREFIX_ROOT=0 -DCATKIN_SYMLINK_INSTALL=ON -DCMAKE_INSTALL_PREFIX=/SLAM/ros_ws/install/rtabmap_msgs
[3.040s] Invoking command in '/SLAM/ros_ws/build/rtabmap_msgs': /usr/bin/cmake --build /SLAM/ros_ws/build/rtabmap_msgs
[3.143s] [35m[1mConsolidate compiler generated dependencies of target rtabmap_msgs__rosidl_generator_c[0m
[3.152s] [  0%] Built target rtabmap_msgs__cpp
[3.178s] [35m[1mConsolidate compiler generated dependencies of target rtabmap_msgs__rosidl_typesupport_cpp[0m
[3.183s] [35m[1mConsolidate compiler generated dependencies of target rtabmap_msgs__rosidl_typesupport_introspection_cpp[0m
[3.184s] [  0%] Built target ament_cmake_python_copy_rtabmap_msgs
[3.190s] [35m[1mConsolidate compiler generated dependencies of target rtabmap_msgs__rosidl_typesupport_fastrtps_cpp[0m
[3.193s] [ 12%] Built target rtabmap_msgs__rosidl_generator_c
[3.223s] [35m[1mConsolidate compiler generated dependencies of target rtabmap_msgs__rosidl_typesupport_introspection_c[0m
[3.229s] [35m[1mConsolidate compiler generated dependencies of target rtabmap_msgs__rosidl_typesupport_fastrtps_c[0m
[3.241s] [ 24%] Built target rtabmap_msgs__rosidl_typesupport_cpp
[3.262s] [35m[1mConsolidate compiler generated dependencies of target rtabmap_msgs__rosidl_typesupport_c[0m
[3.267s] [ 39%] Built target rtabmap_msgs__rosidl_typesupport_introspection_cpp
[3.267s] [ 53%] Built target rtabmap_msgs__rosidl_typesupport_fastrtps_cpp
[3.267s] [ 62%] Built target rtabmap_msgs__rosidl_typesupport_introspection_c
[3.293s] [ 75%] Built target rtabmap_msgs__rosidl_typesupport_c
[3.315s] [ 88%] Built target rtabmap_msgs__rosidl_typesupport_fastrtps_c
[3.343s] [ 88%] Built target rtabmap_msgs
[3.373s] [ 88%] Built target rtabmap_msgs__py
[3.394s] [35m[1mConsolidate compiler generated dependencies of target rtabmap_msgs__rosidl_generator_py[0m
[3.429s] running egg_info
[3.430s] writing rtabmap_msgs.egg-info/PKG-INFO
[3.430s] writing dependency_links to rtabmap_msgs.egg-info/dependency_links.txt
[3.430s] writing top-level names to rtabmap_msgs.egg-info/top_level.txt
[3.432s] reading manifest file 'rtabmap_msgs.egg-info/SOURCES.txt'
[3.433s] writing manifest file 'rtabmap_msgs.egg-info/SOURCES.txt'
[3.459s] [100%] Built target rtabmap_msgs__rosidl_generator_py
[3.469s] [100%] Built target ament_cmake_python_build_rtabmap_msgs_egg
[3.473s] [35m[1mConsolidate compiler generated dependencies of target rtabmap_msgs__rosidl_typesupport_introspection_c__pyext[0m
[3.473s] [35m[1mConsolidate compiler generated dependencies of target rtabmap_msgs__rosidl_typesupport_fastrtps_c__pyext[0m
[3.477s] [35m[1mConsolidate compiler generated dependencies of target rtabmap_msgs__rosidl_typesupport_c__pyext[0m
[3.493s] [100%] Built target rtabmap_msgs__rosidl_typesupport_fastrtps_c__pyext
[3.493s] [100%] Built target rtabmap_msgs__rosidl_typesupport_introspection_c__pyext
[3.498s] [100%] Built target rtabmap_msgs__rosidl_typesupport_c__pyext
