[0.000000] (-) TimerEvent: {}
[0.000614] (-) JobUnselected: {'identifier': 'astra_camera'}
[0.000650] (-) JobUnselected: {'identifier': 'astra_camera_msgs'}
[0.000686] (-) JobUnselected: {'identifier': 'camera_calibration'}
[0.000791] (-) JobUnselected: {'identifier': 'cpp_pubsub'}
[0.000853] (-) JobUnselected: {'identifier': 'cpp_srvcli'}
[0.000900] (-) JobUnselected: {'identifier': 'depth_image_proc'}
[0.000919] (-) JobUnselected: {'identifier': 'image_pipeline'}
[0.000955] (-) JobUnselected: {'identifier': 'image_proc'}
[0.000972] (-) JobUnselected: {'identifier': 'image_publisher'}
[0.001077] (-) JobUnselected: {'identifier': 'image_rotate'}
[0.001095] (-) JobUnselected: {'identifier': 'image_view'}
[0.001125] (-) JobUnselected: {'identifier': 'more_interfaces'}
[0.001186] (-) JobUnselected: {'identifier': 'my_robot_controller'}
[0.001204] (-) JobUnselected: {'identifier': 'rplidar_ros'}
[0.001230] (-) JobUnselected: {'identifier': 'rtabmap'}
[0.001255] (-) JobUnselected: {'identifier': 'rtabmap_conversions'}
[0.001340] (-) JobUnselected: {'identifier': 'rtabmap_demos'}
[0.001358] (-) JobUnselected: {'identifier': 'rtabmap_examples'}
[0.001376] (-) JobUnselected: {'identifier': 'rtabmap_msgs'}
[0.001401] (-) JobUnselected: {'identifier': 'rtabmap_odom'}
[0.001478] (-) JobUnselected: {'identifier': 'rtabmap_python'}
[0.001492] (-) JobUnselected: {'identifier': 'rtabmap_ros'}
[0.001506] (-) JobUnselected: {'identifier': 'rtabmap_rviz_plugins'}
[0.001520] (-) JobUnselected: {'identifier': 'rtabmap_slam'}
[0.001548] (-) JobUnselected: {'identifier': 'rtabmap_sync'}
[0.001618] (-) JobUnselected: {'identifier': 'rtabmap_util'}
[0.001633] (-) JobUnselected: {'identifier': 'rtabmap_viz'}
[0.001646] (-) JobUnselected: {'identifier': 'sllidar_ros2'}
[0.001661] (-) JobUnselected: {'identifier': 'stereo_image_proc'}
[0.001759] (-) JobUnselected: {'identifier': 'tracetools_image_pipeline'}
[0.001775] (-) JobUnselected: {'identifier': 'tutourial_intefaces'}
[0.001790] (rtabmap_launch) JobQueued: {'identifier': 'rtabmap_launch', 'dependencies': OrderedDict([('rtabmap', '/SLAM/ros_ws/install/rtabmap'), ('rtabmap_msgs', '/SLAM/ros_ws/install/rtabmap_msgs'), ('rtabmap_conversions', '/SLAM/ros_ws/install/rtabmap_conversions'), ('rtabmap_rviz_plugins', '/SLAM/ros_ws/install/rtabmap_rviz_plugins'), ('rtabmap_sync', '/SLAM/ros_ws/install/rtabmap_sync'), ('rtabmap_util', '/SLAM/ros_ws/install/rtabmap_util'), ('rtabmap_odom', '/SLAM/ros_ws/install/rtabmap_odom'), ('rtabmap_slam', '/SLAM/ros_ws/install/rtabmap_slam'), ('rtabmap_viz', '/SLAM/ros_ws/install/rtabmap_viz')])}
[0.001818] (rtabmap_launch) JobStarted: {'identifier': 'rtabmap_launch'}
[0.051507] (rtabmap_launch) JobProgress: {'identifier': 'rtabmap_launch', 'progress': 'cmake'}
[0.051875] (rtabmap_launch) Command: {'cmd': ['/usr/bin/cmake', '/SLAM/ros_ws/src/rtabmap_ros/rtabmap_launch', '-DAMENT_CMAKE_SYMLINK_INSTALL=1', '-DCMAKE_INSTALL_PREFIX=/SLAM/ros_ws/install/rtabmap_launch'], 'cwd': '/SLAM/ros_ws/build/rtabmap_launch', 'env': OrderedDict([('HOSTNAME', 'acer'), ('GIT_ASKPASS', '/home/ros/.vscode-server/bin/0ee08df0cf4527e40edc9aa28f4b5bd38bbff2b2/extensions/git/dist/askpass.sh'), ('ROS_PACKAGE_PATH', '/SLAM/ros_ws/install/rtabmap_msgs/share'), ('SHLVL', '2'), ('LD_LIBRARY_PATH', '/SLAM/ros_ws/install/rtabmap_slam/lib:/SLAM/ros_ws/install/rtabmap_odom/lib:/SLAM/ros_ws/install/rtabmap_util/lib:/SLAM/ros_ws/install/rtabmap_sync/lib:/SLAM/ros_ws/install/rtabmap_rviz_plugins/lib:/SLAM/ros_ws/install/rtabmap_conversions/lib:/SLAM/ros_ws/install/rtabmap_msgs/lib:/SLAM/ros_ws/install/rtabmap/lib:/usr/lib/x86_64-linux-gnu/gazebo-11/plugins:/opt/ros/humble/opt/rviz_ogre_vendor/lib:/opt/ros/humble/lib/x86_64-linux-gnu:/opt/ros/humble/lib'), ('BROWSER', '/home/ros/.vscode-server/bin/0ee08df0cf4527e40edc9aa28f4b5bd38bbff2b2/bin/helpers/browser.sh'), ('HOME', '/home/ros'), ('OLDPWD', '/SLAM'), ('TERM_PROGRAM_VERSION', '1.85.1'), ('VSCODE_IPC_HOOK_CLI', '/tmp/vscode-ipc-62c7ce5e-e35c-4c00-a79f-1608d9801f5a.sock'), ('ROS_PYTHON_VERSION', '3'), ('VSCODE_GIT_ASKPASS_MAIN', '/home/ros/.vscode-server/bin/0ee08df0cf4527e40edc9aa28f4b5bd38bbff2b2/extensions/git/dist/askpass-main.js'), ('VSCODE_GIT_ASKPASS_NODE', '/home/ros/.vscode-server/bin/0ee08df0cf4527e40edc9aa28f4b5bd38bbff2b2/node'), ('COLORTERM', 'truecolor'), ('REMOTE_CONTAINERS', 'true'), ('ROS_DISTRO', 'humble'), ('REMOTE_CONTAINERS_IPC', '/tmp/vscode-remote-containers-ipc-8f7e17ac-72ba-48ab-812b-c82cd67754a8.sock'), ('_', '/usr/bin/colcon'), ('ROS_VERSION', '2'), ('PKG_CONFIG_PATH', '/SLAM/ros_ws/install/rtabmap_msgs/lib/x86_64-linux-gnu/pkgconfig:/SLAM/ros_ws/install/rtabmap_msgs/lib/pkgconfig:/SLAM/ros_ws/install/rtabmap/lib/x86_64-linux-gnu/pkgconfig:/SLAM/ros_ws/install/rtabmap/lib/pkgconfig'), ('TERM', 'xterm-256color'), ('ROS_LOCALHOST_ONLY', '0'), ('PATH', '/SLAM/ros_ws/install/rtabmap/bin:/home/ros/.vscode-server/bin/0ee08df0cf4527e40edc9aa28f4b5bd38bbff2b2/bin/remote-cli:/opt/ros/humble/bin:/usr/local/sbin:/usr/local/bin:/usr/sbin:/usr/bin:/sbin:/bin'), ('REMOTE_CONTAINERS_SOCKETS', '["/tmp/vscode-ssh-auth-8f7e17ac-72ba-48ab-812b-c82cd67754a8.sock","/tmp/.X11-unix/X0","/home/ros/.gnupg/S.gpg-agent"]'), ('DISPLAY', ':1'), ('LANG', 'C.UTF-8'), ('VSCODE_GIT_IPC_HANDLE', '/tmp/vscode-git-300c5a9faf.sock'), ('TERM_PROGRAM', 'vscode'), ('SSH_AUTH_SOCK', '/tmp/vscode-ssh-auth-8f7e17ac-72ba-48ab-812b-c82cd67754a8.sock'), ('AMENT_PREFIX_PATH', '/SLAM/ros_ws/install/rtabmap_conversions:/opt/ros/humble'), ('REMOTE_CONTAINERS_DISPLAY_SOCK', '/tmp/.X11-unix/X0'), ('SHELL', '/bin/bash'), ('VSCODE_GIT_ASKPASS_EXTRA_ARGS', ''), ('PWD', '/SLAM/ros_ws/build/rtabmap_launch'), ('LC_ALL', 'C.UTF-8'), ('PYTHONPATH', '/SLAM/ros_ws/install/rtabmap_msgs/local/lib/python3.10/dist-packages:/opt/ros/humble/lib/python3.10/site-packages:/opt/ros/humble/local/lib/python3.10/dist-packages'), ('COLCON', '1'), ('CMAKE_PREFIX_PATH', '/SLAM/ros_ws/install/rtabmap_viz:/SLAM/ros_ws/install/rtabmap_slam:/SLAM/ros_ws/install/rtabmap_odom:/SLAM/ros_ws/install/rtabmap_util:/SLAM/ros_ws/install/rtabmap_sync:/SLAM/ros_ws/install/rtabmap_rviz_plugins:/SLAM/ros_ws/install/rtabmap_conversions:/opt/ros/humble:/SLAM/ros_ws/install/rtabmap_msgs:/SLAM/ros_ws/install/rtabmap')]), 'shell': False}
[0.099798] (-) TimerEvent: {}
[0.107189] (rtabmap_launch) StdoutLine: {'line': b'-- The C compiler identification is GNU 11.4.0\n'}
[0.156022] (rtabmap_launch) StdoutLine: {'line': b'-- The CXX compiler identification is GNU 11.4.0\n'}
[0.163149] (rtabmap_launch) StdoutLine: {'line': b'-- Detecting C compiler ABI info\n'}
[0.199893] (-) TimerEvent: {}
[0.229139] (rtabmap_launch) StdoutLine: {'line': b'-- Detecting C compiler ABI info - done\n'}
[0.234136] (rtabmap_launch) StdoutLine: {'line': b'-- Check for working C compiler: /usr/bin/cc - skipped\n'}
[0.234322] (rtabmap_launch) StdoutLine: {'line': b'-- Detecting C compile features\n'}
[0.234598] (rtabmap_launch) StdoutLine: {'line': b'-- Detecting C compile features - done\n'}
[0.236992] (rtabmap_launch) StdoutLine: {'line': b'-- Detecting CXX compiler ABI info\n'}
[0.299993] (-) TimerEvent: {}
[0.311393] (rtabmap_launch) StdoutLine: {'line': b'-- Detecting CXX compiler ABI info - done\n'}
[0.317028] (rtabmap_launch) StdoutLine: {'line': b'-- Check for working CXX compiler: /usr/bin/c++ - skipped\n'}
[0.317270] (rtabmap_launch) StdoutLine: {'line': b'-- Detecting CXX compile features\n'}
[0.317675] (rtabmap_launch) StdoutLine: {'line': b'-- Detecting CXX compile features - done\n'}
[0.322353] (rtabmap_launch) StdoutLine: {'line': b'-- Found ament_cmake: 1.3.6 (/opt/ros/humble/share/ament_cmake/cmake)\n'}
[0.400108] (-) TimerEvent: {}
[0.462794] (rtabmap_launch) StdoutLine: {'line': b'-- Found Python3: /usr/bin/python3.10 (found version "3.10.12") found components: Interpreter \n'}
[0.500169] (-) TimerEvent: {}
[0.512702] (rtabmap_launch) StdoutLine: {'line': b'-- Override CMake install command with custom implementation using symlinks instead of copying resources\n'}
[0.600680] (-) TimerEvent: {}
[0.614621] (rtabmap_launch) StdoutLine: {'line': b'-- Configuring done\n'}
[0.617600] (rtabmap_launch) StdoutLine: {'line': b'-- Generating done\n'}
[0.618344] (rtabmap_launch) StdoutLine: {'line': b'-- Build files have been written to: /SLAM/ros_ws/build/rtabmap_launch\n'}
[0.622164] (rtabmap_launch) CommandEnded: {'returncode': 0}
[0.622684] (rtabmap_launch) JobProgress: {'identifier': 'rtabmap_launch', 'progress': 'build'}
[0.623281] (rtabmap_launch) Command: {'cmd': ['/usr/bin/cmake', '--build', '/SLAM/ros_ws/build/rtabmap_launch', '--', '-j16', '-l16'], 'cwd': '/SLAM/ros_ws/build/rtabmap_launch', 'env': OrderedDict([('HOSTNAME', 'acer'), ('GIT_ASKPASS', '/home/ros/.vscode-server/bin/0ee08df0cf4527e40edc9aa28f4b5bd38bbff2b2/extensions/git/dist/askpass.sh'), ('ROS_PACKAGE_PATH', '/SLAM/ros_ws/install/rtabmap_msgs/share'), ('SHLVL', '2'), ('LD_LIBRARY_PATH', '/SLAM/ros_ws/install/rtabmap_slam/lib:/SLAM/ros_ws/install/rtabmap_odom/lib:/SLAM/ros_ws/install/rtabmap_util/lib:/SLAM/ros_ws/install/rtabmap_sync/lib:/SLAM/ros_ws/install/rtabmap_rviz_plugins/lib:/SLAM/ros_ws/install/rtabmap_conversions/lib:/SLAM/ros_ws/install/rtabmap_msgs/lib:/SLAM/ros_ws/install/rtabmap/lib:/usr/lib/x86_64-linux-gnu/gazebo-11/plugins:/opt/ros/humble/opt/rviz_ogre_vendor/lib:/opt/ros/humble/lib/x86_64-linux-gnu:/opt/ros/humble/lib'), ('BROWSER', '/home/ros/.vscode-server/bin/0ee08df0cf4527e40edc9aa28f4b5bd38bbff2b2/bin/helpers/browser.sh'), ('HOME', '/home/ros'), ('OLDPWD', '/SLAM'), ('TERM_PROGRAM_VERSION', '1.85.1'), ('VSCODE_IPC_HOOK_CLI', '/tmp/vscode-ipc-62c7ce5e-e35c-4c00-a79f-1608d9801f5a.sock'), ('ROS_PYTHON_VERSION', '3'), ('VSCODE_GIT_ASKPASS_MAIN', '/home/ros/.vscode-server/bin/0ee08df0cf4527e40edc9aa28f4b5bd38bbff2b2/extensions/git/dist/askpass-main.js'), ('VSCODE_GIT_ASKPASS_NODE', '/home/ros/.vscode-server/bin/0ee08df0cf4527e40edc9aa28f4b5bd38bbff2b2/node'), ('COLORTERM', 'truecolor'), ('REMOTE_CONTAINERS', 'true'), ('ROS_DISTRO', 'humble'), ('REMOTE_CONTAINERS_IPC', '/tmp/vscode-remote-containers-ipc-8f7e17ac-72ba-48ab-812b-c82cd67754a8.sock'), ('_', '/usr/bin/colcon'), ('ROS_VERSION', '2'), ('PKG_CONFIG_PATH', '/SLAM/ros_ws/install/rtabmap_msgs/lib/x86_64-linux-gnu/pkgconfig:/SLAM/ros_ws/install/rtabmap_msgs/lib/pkgconfig:/SLAM/ros_ws/install/rtabmap/lib/x86_64-linux-gnu/pkgconfig:/SLAM/ros_ws/install/rtabmap/lib/pkgconfig'), ('TERM', 'xterm-256color'), ('ROS_LOCALHOST_ONLY', '0'), ('PATH', '/SLAM/ros_ws/install/rtabmap/bin:/home/ros/.vscode-server/bin/0ee08df0cf4527e40edc9aa28f4b5bd38bbff2b2/bin/remote-cli:/opt/ros/humble/bin:/usr/local/sbin:/usr/local/bin:/usr/sbin:/usr/bin:/sbin:/bin'), ('REMOTE_CONTAINERS_SOCKETS', '["/tmp/vscode-ssh-auth-8f7e17ac-72ba-48ab-812b-c82cd67754a8.sock","/tmp/.X11-unix/X0","/home/ros/.gnupg/S.gpg-agent"]'), ('DISPLAY', ':1'), ('LANG', 'C.UTF-8'), ('VSCODE_GIT_IPC_HANDLE', '/tmp/vscode-git-300c5a9faf.sock'), ('TERM_PROGRAM', 'vscode'), ('SSH_AUTH_SOCK', '/tmp/vscode-ssh-auth-8f7e17ac-72ba-48ab-812b-c82cd67754a8.sock'), ('AMENT_PREFIX_PATH', '/SLAM/ros_ws/install/rtabmap_conversions:/opt/ros/humble'), ('REMOTE_CONTAINERS_DISPLAY_SOCK', '/tmp/.X11-unix/X0'), ('SHELL', '/bin/bash'), ('VSCODE_GIT_ASKPASS_EXTRA_ARGS', ''), ('PWD', '/SLAM/ros_ws/build/rtabmap_launch'), ('LC_ALL', 'C.UTF-8'), ('PYTHONPATH', '/SLAM/ros_ws/install/rtabmap_msgs/local/lib/python3.10/dist-packages:/opt/ros/humble/lib/python3.10/site-packages:/opt/ros/humble/local/lib/python3.10/dist-packages'), ('COLCON', '1'), ('CMAKE_PREFIX_PATH', '/SLAM/ros_ws/install/rtabmap_viz:/SLAM/ros_ws/install/rtabmap_slam:/SLAM/ros_ws/install/rtabmap_odom:/SLAM/ros_ws/install/rtabmap_util:/SLAM/ros_ws/install/rtabmap_sync:/SLAM/ros_ws/install/rtabmap_rviz_plugins:/SLAM/ros_ws/install/rtabmap_conversions:/opt/ros/humble:/SLAM/ros_ws/install/rtabmap_msgs:/SLAM/ros_ws/install/rtabmap')]), 'shell': False}
[0.663340] (rtabmap_launch) CommandEnded: {'returncode': 0}
[0.685360] (rtabmap_launch) JobProgress: {'identifier': 'rtabmap_launch', 'progress': 'install'}
[0.694263] (rtabmap_launch) Command: {'cmd': ['/usr/bin/cmake', '--install', '/SLAM/ros_ws/build/rtabmap_launch'], 'cwd': '/SLAM/ros_ws/build/rtabmap_launch', 'env': OrderedDict([('HOSTNAME', 'acer'), ('GIT_ASKPASS', '/home/ros/.vscode-server/bin/0ee08df0cf4527e40edc9aa28f4b5bd38bbff2b2/extensions/git/dist/askpass.sh'), ('ROS_PACKAGE_PATH', '/SLAM/ros_ws/install/rtabmap_msgs/share'), ('SHLVL', '2'), ('LD_LIBRARY_PATH', '/SLAM/ros_ws/install/rtabmap_slam/lib:/SLAM/ros_ws/install/rtabmap_odom/lib:/SLAM/ros_ws/install/rtabmap_util/lib:/SLAM/ros_ws/install/rtabmap_sync/lib:/SLAM/ros_ws/install/rtabmap_rviz_plugins/lib:/SLAM/ros_ws/install/rtabmap_conversions/lib:/SLAM/ros_ws/install/rtabmap_msgs/lib:/SLAM/ros_ws/install/rtabmap/lib:/usr/lib/x86_64-linux-gnu/gazebo-11/plugins:/opt/ros/humble/opt/rviz_ogre_vendor/lib:/opt/ros/humble/lib/x86_64-linux-gnu:/opt/ros/humble/lib'), ('BROWSER', '/home/ros/.vscode-server/bin/0ee08df0cf4527e40edc9aa28f4b5bd38bbff2b2/bin/helpers/browser.sh'), ('HOME', '/home/ros'), ('OLDPWD', '/SLAM'), ('TERM_PROGRAM_VERSION', '1.85.1'), ('VSCODE_IPC_HOOK_CLI', '/tmp/vscode-ipc-62c7ce5e-e35c-4c00-a79f-1608d9801f5a.sock'), ('ROS_PYTHON_VERSION', '3'), ('VSCODE_GIT_ASKPASS_MAIN', '/home/ros/.vscode-server/bin/0ee08df0cf4527e40edc9aa28f4b5bd38bbff2b2/extensions/git/dist/askpass-main.js'), ('VSCODE_GIT_ASKPASS_NODE', '/home/ros/.vscode-server/bin/0ee08df0cf4527e40edc9aa28f4b5bd38bbff2b2/node'), ('COLORTERM', 'truecolor'), ('REMOTE_CONTAINERS', 'true'), ('ROS_DISTRO', 'humble'), ('REMOTE_CONTAINERS_IPC', '/tmp/vscode-remote-containers-ipc-8f7e17ac-72ba-48ab-812b-c82cd67754a8.sock'), ('_', '/usr/bin/colcon'), ('ROS_VERSION', '2'), ('PKG_CONFIG_PATH', '/SLAM/ros_ws/install/rtabmap_msgs/lib/x86_64-linux-gnu/pkgconfig:/SLAM/ros_ws/install/rtabmap_msgs/lib/pkgconfig:/SLAM/ros_ws/install/rtabmap/lib/x86_64-linux-gnu/pkgconfig:/SLAM/ros_ws/install/rtabmap/lib/pkgconfig'), ('TERM', 'xterm-256color'), ('ROS_LOCALHOST_ONLY', '0'), ('PATH', '/SLAM/ros_ws/install/rtabmap/bin:/home/ros/.vscode-server/bin/0ee08df0cf4527e40edc9aa28f4b5bd38bbff2b2/bin/remote-cli:/opt/ros/humble/bin:/usr/local/sbin:/usr/local/bin:/usr/sbin:/usr/bin:/sbin:/bin'), ('REMOTE_CONTAINERS_SOCKETS', '["/tmp/vscode-ssh-auth-8f7e17ac-72ba-48ab-812b-c82cd67754a8.sock","/tmp/.X11-unix/X0","/home/ros/.gnupg/S.gpg-agent"]'), ('DISPLAY', ':1'), ('LANG', 'C.UTF-8'), ('VSCODE_GIT_IPC_HANDLE', '/tmp/vscode-git-300c5a9faf.sock'), ('TERM_PROGRAM', 'vscode'), ('SSH_AUTH_SOCK', '/tmp/vscode-ssh-auth-8f7e17ac-72ba-48ab-812b-c82cd67754a8.sock'), ('AMENT_PREFIX_PATH', '/SLAM/ros_ws/install/rtabmap_conversions:/opt/ros/humble'), ('REMOTE_CONTAINERS_DISPLAY_SOCK', '/tmp/.X11-unix/X0'), ('SHELL', '/bin/bash'), ('VSCODE_GIT_ASKPASS_EXTRA_ARGS', ''), ('PWD', '/SLAM/ros_ws/build/rtabmap_launch'), ('LC_ALL', 'C.UTF-8'), ('PYTHONPATH', '/SLAM/ros_ws/install/rtabmap_msgs/local/lib/python3.10/dist-packages:/opt/ros/humble/lib/python3.10/site-packages:/opt/ros/humble/local/lib/python3.10/dist-packages'), ('COLCON', '1'), ('CMAKE_PREFIX_PATH', '/SLAM/ros_ws/install/rtabmap_viz:/SLAM/ros_ws/install/rtabmap_slam:/SLAM/ros_ws/install/rtabmap_odom:/SLAM/ros_ws/install/rtabmap_util:/SLAM/ros_ws/install/rtabmap_sync:/SLAM/ros_ws/install/rtabmap_rviz_plugins:/SLAM/ros_ws/install/rtabmap_conversions:/opt/ros/humble:/SLAM/ros_ws/install/rtabmap_msgs:/SLAM/ros_ws/install/rtabmap')]), 'shell': False}
[0.700738] (-) TimerEvent: {}
[0.701470] (rtabmap_launch) StdoutLine: {'line': b'-- Install configuration: ""\n'}
[0.701851] (rtabmap_launch) StdoutLine: {'line': b'-- Execute custom install script\n'}
[0.702300] (rtabmap_launch) StdoutLine: {'line': b'-- Up-to-date symlink: /SLAM/ros_ws/install/rtabmap_launch/share/rtabmap_launch/launch/config/rgbd.rviz\n'}
[0.702408] (rtabmap_launch) StdoutLine: {'line': b'-- Up-to-date symlink: /SLAM/ros_ws/install/rtabmap_launch/share/rtabmap_launch/launch/rtabmap.launch.py\n'}
[0.702545] (rtabmap_launch) StdoutLine: {'line': b'-- Up-to-date symlink: /SLAM/ros_ws/install/rtabmap_launch/share/ament_index/resource_index/package_run_dependencies/rtabmap_launch\n'}
[0.702680] (rtabmap_launch) StdoutLine: {'line': b'-- Up-to-date symlink: /SLAM/ros_ws/install/rtabmap_launch/share/ament_index/resource_index/parent_prefix_path/rtabmap_launch\n'}
[0.702833] (rtabmap_launch) StdoutLine: {'line': b'-- Up-to-date symlink: /SLAM/ros_ws/install/rtabmap_launch/share/rtabmap_launch/environment/ament_prefix_path.sh\n'}
[0.702943] (rtabmap_launch) StdoutLine: {'line': b'-- Up-to-date symlink: /SLAM/ros_ws/install/rtabmap_launch/share/rtabmap_launch/environment/ament_prefix_path.dsv\n'}
[0.703076] (rtabmap_launch) StdoutLine: {'line': b'-- Up-to-date symlink: /SLAM/ros_ws/install/rtabmap_launch/share/rtabmap_launch/environment/path.sh\n'}
[0.703181] (rtabmap_launch) StdoutLine: {'line': b'-- Up-to-date symlink: /SLAM/ros_ws/install/rtabmap_launch/share/rtabmap_launch/environment/path.dsv\n'}
[0.703276] (rtabmap_launch) StdoutLine: {'line': b'-- Up-to-date symlink: /SLAM/ros_ws/install/rtabmap_launch/share/rtabmap_launch/local_setup.bash\n'}
[0.703381] (rtabmap_launch) StdoutLine: {'line': b'-- Up-to-date symlink: /SLAM/ros_ws/install/rtabmap_launch/share/rtabmap_launch/local_setup.sh\n'}
[0.703486] (rtabmap_launch) StdoutLine: {'line': b'-- Up-to-date symlink: /SLAM/ros_ws/install/rtabmap_launch/share/rtabmap_launch/local_setup.zsh\n'}
[0.703594] (rtabmap_launch) StdoutLine: {'line': b'-- Up-to-date symlink: /SLAM/ros_ws/install/rtabmap_launch/share/rtabmap_launch/local_setup.dsv\n'}
[0.703669] (rtabmap_launch) StdoutLine: {'line': b'-- Symlinking: /SLAM/ros_ws/install/rtabmap_launch/share/rtabmap_launch/package.dsv\n'}
[0.714433] (rtabmap_launch) StdoutLine: {'line': b'-- Up-to-date symlink: /SLAM/ros_ws/install/rtabmap_launch/share/ament_index/resource_index/packages/rtabmap_launch\n'}
[0.714681] (rtabmap_launch) StdoutLine: {'line': b'-- Up-to-date symlink: /SLAM/ros_ws/install/rtabmap_launch/share/rtabmap_launch/cmake/rtabmap_launchConfig.cmake\n'}
[0.714779] (rtabmap_launch) StdoutLine: {'line': b'-- Up-to-date symlink: /SLAM/ros_ws/install/rtabmap_launch/share/rtabmap_launch/cmake/rtabmap_launchConfig-version.cmake\n'}
[0.714850] (rtabmap_launch) StdoutLine: {'line': b'-- Up-to-date symlink: /SLAM/ros_ws/install/rtabmap_launch/share/rtabmap_launch/package.xml\n'}
[0.716753] (rtabmap_launch) CommandEnded: {'returncode': 0}
[0.800864] (-) TimerEvent: {}
[0.823316] (rtabmap_launch) JobEnded: {'identifier': 'rtabmap_launch', 'rc': 0}
[0.823908] (-) EventReactorShutdown: {}
