[0.044s] Invoking command in '/SLAM/ros_ws/build/rf2o_laser_odometry': CMAKE_PREFIX_PATH=/opt/ros/humble /usr/bin/cmake --build /SLAM/ros_ws/build/rf2o_laser_odometry -- -j16 -l16
[0.069s] -- Found ament_cmake: 1.3.6 (/opt/ros/humble/share/ament_cmake/cmake)
[0.181s] -- Override CMake install command with custom implementation using symlinks instead of copying resources
[0.188s] -- Found rclcpp: 16.0.7 (/opt/ros/humble/share/rclcpp/cmake)
[0.215s] -- Found rosidl_generator_c: 3.1.5 (/opt/ros/humble/share/rosidl_generator_c/cmake)
[0.217s] -- Found rosidl_adapter: 3.1.5 (/opt/ros/humble/share/rosidl_adapter/cmake)
[0.222s] -- Found rosidl_generator_cpp: 3.1.5 (/opt/ros/humble/share/rosidl_generator_cpp/cmake)
[0.232s] -- Using all available rosidl_typesupport_c: rosidl_typesupport_fastrtps_c;rosidl_typesupport_introspection_c
[0.244s] -- Using all available rosidl_typesupport_cpp: rosidl_typesupport_fastrtps_cpp;rosidl_typesupport_introspection_cpp
[0.290s] -- Found rmw_implementation_cmake: 6.1.1 (/opt/ros/humble/share/rmw_implementation_cmake/cmake)
[0.291s] -- Found rmw_fastrtps_cpp: 6.2.5 (/opt/ros/humble/share/rmw_fastrtps_cpp/cmake)
[0.440s] -- Using RMW implementation 'rmw_fastrtps_cpp' as default
[0.562s] -- Found geometry_msgs: 4.2.3 (/opt/ros/humble/share/geometry_msgs/cmake)
[0.595s] -- Found tf2_geometry_msgs: 0.25.5 (/opt/ros/humble/share/tf2_geometry_msgs/cmake)
[0.598s] -- Found eigen3_cmake_module: 0.1.1 (/opt/ros/humble/share/eigen3_cmake_module/cmake)
[0.599s] -- Ensuring Eigen3 include directory is part of orocos-kdl CMake target
[0.865s] -- Found sensor_msgs: 4.2.3 (/opt/ros/humble/share/sensor_msgs/cmake)
[0.928s] -- Found nav_msgs: 4.2.3 (/opt/ros/humble/share/nav_msgs/cmake)
[1.053s] -- Configuring done
[1.069s] -- Generating done
[1.071s] -- Build files have been written to: /SLAM/ros_ws/build/rf2o_laser_odometry
[1.097s] [35m[1mConsolidate compiler generated dependencies of target rf2o_laser_odometry[0m
[1.098s] [35m[1mConsolidate compiler generated dependencies of target rf2o_laser_odometry_node[0m
[1.125s] [ 20%] [32mBuilding CXX object CMakeFiles/rf2o_laser_odometry.dir/src/CLaserOdometry2D.cpp.o[0m
[1.128s] [ 60%] [32mBuilding CXX object CMakeFiles/rf2o_laser_odometry_node.dir/src/CLaserOdometry2D.cpp.o[0m
[1.128s] [ 60%] [32mBuilding CXX object CMakeFiles/rf2o_laser_odometry_node.dir/src/CLaserOdometry2DNode.cpp.o[0m
[21.249s] [ 80%] [32m[1mLinking CXX static library librf2o_laser_odometry.a[0m
[21.281s] [100%] [32m[1mLinking CXX executable rf2o_laser_odometry_node[0m
[21.560s] [100%] Built target rf2o_laser_odometry
[22.333s] [100%] Built target rf2o_laser_odometry_node
[22.345s] Invoked command in '/SLAM/ros_ws/build/rf2o_laser_odometry' returned '0': CMAKE_PREFIX_PATH=/opt/ros/humble /usr/bin/cmake --build /SLAM/ros_ws/build/rf2o_laser_odometry -- -j16 -l16
[22.387s] Invoking command in '/SLAM/ros_ws/build/rf2o_laser_odometry': CMAKE_PREFIX_PATH=/opt/ros/humble /usr/bin/cmake --install /SLAM/ros_ws/build/rf2o_laser_odometry
[22.395s] -- Install configuration: ""
[22.395s] -- Execute custom install script
[22.395s] -- Symlinking: /SLAM/ros_ws/install/rf2o_laser_odometry/lib/rf2o_laser_odometry/rf2o_laser_odometry_node
[22.405s] -- Symlinking: /SLAM/ros_ws/install/rf2o_laser_odometry/share/rf2o_laser_odometry/launch/rf2o_laser_odometry.launch.py
[22.414s] -- Symlinking: /SLAM/ros_ws/install/rf2o_laser_odometry/share/ament_index/resource_index/package_run_dependencies/rf2o_laser_odometry
[22.424s] -- Symlinking: /SLAM/ros_ws/install/rf2o_laser_odometry/share/ament_index/resource_index/parent_prefix_path/rf2o_laser_odometry
[22.434s] -- Symlinking: /SLAM/ros_ws/install/rf2o_laser_odometry/share/rf2o_laser_odometry/environment/ament_prefix_path.sh
[22.443s] -- Symlinking: /SLAM/ros_ws/install/rf2o_laser_odometry/share/rf2o_laser_odometry/environment/ament_prefix_path.dsv
[22.453s] -- Symlinking: /SLAM/ros_ws/install/rf2o_laser_odometry/share/rf2o_laser_odometry/environment/path.sh
[22.462s] -- Symlinking: /SLAM/ros_ws/install/rf2o_laser_odometry/share/rf2o_laser_odometry/environment/path.dsv
[22.471s] -- Symlinking: /SLAM/ros_ws/install/rf2o_laser_odometry/share/rf2o_laser_odometry/local_setup.bash
[22.481s] -- Symlinking: /SLAM/ros_ws/install/rf2o_laser_odometry/share/rf2o_laser_odometry/local_setup.sh
[22.491s] -- Symlinking: /SLAM/ros_ws/install/rf2o_laser_odometry/share/rf2o_laser_odometry/local_setup.zsh
[22.501s] -- Symlinking: /SLAM/ros_ws/install/rf2o_laser_odometry/share/rf2o_laser_odometry/local_setup.dsv
[22.510s] -- Symlinking: /SLAM/ros_ws/install/rf2o_laser_odometry/share/rf2o_laser_odometry/package.dsv
[22.519s] -- Symlinking: /SLAM/ros_ws/install/rf2o_laser_odometry/share/ament_index/resource_index/packages/rf2o_laser_odometry
[22.528s] -- Symlinking: /SLAM/ros_ws/install/rf2o_laser_odometry/share/rf2o_laser_odometry/cmake/rf2o_laser_odometryConfig.cmake
[22.537s] -- Symlinking: /SLAM/ros_ws/install/rf2o_laser_odometry/share/rf2o_laser_odometry/cmake/rf2o_laser_odometryConfig-version.cmake
[22.546s] -- Symlinking: /SLAM/ros_ws/install/rf2o_laser_odometry/share/rf2o_laser_odometry/package.xml
[22.557s] Invoked command in '/SLAM/ros_ws/build/rf2o_laser_odometry' returned '0': CMAKE_PREFIX_PATH=/opt/ros/humble /usr/bin/cmake --install /SLAM/ros_ws/build/rf2o_laser_odometry
