[1.348s] Invoking command in '/SLAM/ros_ws/build/rtabmap_python': PYTHONPATH=/SLAM/ros_ws/build/rtabmap_python/prefix_override:/SLAM/ros_ws/install/rtabmap_python/lib/python3.10/site-packages:${PYTHONPATH} /usr/bin/python3 setup.py develop --uninstall --editable --build-directory /SLAM/ros_ws/build/rtabmap_python/build
[1.703s] running develop
[1.703s] /usr/lib/python3/dist-packages/setuptools/command/easy_install.py:158: EasyInstallDeprecationWarning: easy_install command is deprecated. Use build and pip and other standards-based tools.
[1.703s]   warnings.warn(
[1.705s] /usr/lib/python3/dist-packages/setuptools/command/install.py:34: SetuptoolsDeprecationWarning: setup.py install is deprecated. Use build and pip and other standards-based tools.
[1.705s]   warnings.warn(
[1.907s] Removing /SLAM/ros_ws/install/rtabmap_python/lib/python3.10/site-packages/rtabmap-python.egg-link (link to .)
[1.962s] Invoked command in '/SLAM/ros_ws/build/rtabmap_python' returned '0': PYTHONPATH=/SLAM/ros_ws/build/rtabmap_python/prefix_override:/SLAM/ros_ws/install/rtabmap_python/lib/python3.10/site-packages:${PYTHONPATH} /usr/bin/python3 setup.py develop --uninstall --editable --build-directory /SLAM/ros_ws/build/rtabmap_python/build
[1.963s] Invoking command in '/SLAM/ros_ws/src/rtabmap_ros/rtabmap_python': PYTHONPATH=/SLAM/ros_ws/build/rtabmap_python/prefix_override:/SLAM/ros_ws/install/rtabmap_python/lib/python3.10/site-packages:${PYTHONPATH} /usr/bin/python3 setup.py egg_info --egg-base ../../../build/rtabmap_python build --build-base /SLAM/ros_ws/build/rtabmap_python/build install --record /SLAM/ros_ws/build/rtabmap_python/install.log --single-version-externally-managed
[2.274s] running egg_info
[2.275s] writing ../../../build/rtabmap_python/rtabmap_python.egg-info/PKG-INFO
[2.276s] writing dependency_links to ../../../build/rtabmap_python/rtabmap_python.egg-info/dependency_links.txt
[2.276s] writing entry points to ../../../build/rtabmap_python/rtabmap_python.egg-info/entry_points.txt
[2.276s] writing requirements to ../../../build/rtabmap_python/rtabmap_python.egg-info/requires.txt
[2.276s] writing top-level names to ../../../build/rtabmap_python/rtabmap_python.egg-info/top_level.txt
[2.281s] reading manifest file '../../../build/rtabmap_python/rtabmap_python.egg-info/SOURCES.txt'
[2.282s] writing manifest file '../../../build/rtabmap_python/rtabmap_python.egg-info/SOURCES.txt'
[2.282s] running build
[2.282s] running build_py
[2.282s] creating /SLAM/ros_ws/build/rtabmap_python/build
[2.282s] creating /SLAM/ros_ws/build/rtabmap_python/build/lib
[2.283s] creating /SLAM/ros_ws/build/rtabmap_python/build/lib/rtabmap_python
[2.283s] copying rtabmap_python/compression.py -> /SLAM/ros_ws/build/rtabmap_python/build/lib/rtabmap_python
[2.283s] copying rtabmap_python/__init__.py -> /SLAM/ros_ws/build/rtabmap_python/build/lib/rtabmap_python
[2.284s] running install
[2.284s] /usr/lib/python3/dist-packages/setuptools/command/install.py:34: SetuptoolsDeprecationWarning: setup.py install is deprecated. Use build and pip and other standards-based tools.
[2.284s]   warnings.warn(
[2.285s] running install_lib
[2.286s] creating /SLAM/ros_ws/install/rtabmap_python/lib/python3.10/site-packages/rtabmap_python
[2.287s] copying /SLAM/ros_ws/build/rtabmap_python/build/lib/rtabmap_python/compression.py -> /SLAM/ros_ws/install/rtabmap_python/lib/python3.10/site-packages/rtabmap_python
[2.287s] copying /SLAM/ros_ws/build/rtabmap_python/build/lib/rtabmap_python/__init__.py -> /SLAM/ros_ws/install/rtabmap_python/lib/python3.10/site-packages/rtabmap_python
[2.288s] byte-compiling /SLAM/ros_ws/install/rtabmap_python/lib/python3.10/site-packages/rtabmap_python/compression.py to compression.cpython-310.pyc
[2.289s] byte-compiling /SLAM/ros_ws/install/rtabmap_python/lib/python3.10/site-packages/rtabmap_python/__init__.py to __init__.cpython-310.pyc
[2.289s] running install_data
[2.290s] running install_egg_info
[2.295s] Copying ../../../build/rtabmap_python/rtabmap_python.egg-info to /SLAM/ros_ws/install/rtabmap_python/lib/python3.10/site-packages/rtabmap_python-0.1.0-py3.10.egg-info
[2.295s] running install_scripts
[2.325s] writing list of installed files to '/SLAM/ros_ws/build/rtabmap_python/install.log'
[2.387s] Invoked command in '/SLAM/ros_ws/src/rtabmap_ros/rtabmap_python' returned '0': PYTHONPATH=/SLAM/ros_ws/build/rtabmap_python/prefix_override:/SLAM/ros_ws/install/rtabmap_python/lib/python3.10/site-packages:${PYTHONPATH} /usr/bin/python3 setup.py egg_info --egg-base ../../../build/rtabmap_python build --build-base /SLAM/ros_ws/build/rtabmap_python/build install --record /SLAM/ros_ws/build/rtabmap_python/install.log --single-version-externally-managed
