[0.426s] Invoking command in '/SLAM/ros_ws/build/orbbec_description': CMAKE_PREFIX_PATH=${CMAKE_PREFIX_PATH}:/SLAM/ros_ws/install/camera_calibration:/opt/ros/humble /usr/bin/cmake --build /SLAM/ros_ws/build/orbbec_description -- -j16 -l16
[0.516s] Invoked command in '/SLAM/ros_ws/build/orbbec_description' returned '0': CMAKE_PREFIX_PATH=${CMAKE_PREFIX_PATH}:/SLAM/ros_ws/install/camera_calibration:/opt/ros/humble /usr/bin/cmake --build /SLAM/ros_ws/build/orbbec_description -- -j16 -l16
[0.606s] Invoking command in '/SLAM/ros_ws/build/orbbec_description': CMAKE_PREFIX_PATH=${CMAKE_PREFIX_PATH}:/SLAM/ros_ws/install/camera_calibration:/opt/ros/humble /usr/bin/cmake --install /SLAM/ros_ws/build/orbbec_description
[0.623s] -- Install configuration: "Release"
[0.623s] -- Up-to-date: /SLAM/ros_ws/install/orbbec_description/share/ament_index/resource_index/package_run_dependencies/orbbec_description
[0.623s] -- Up-to-date: /SLAM/ros_ws/install/orbbec_description/share/ament_index/resource_index/parent_prefix_path/orbbec_description
[0.624s] -- Up-to-date: /SLAM/ros_ws/install/orbbec_description/share/orbbec_description/environment/ament_prefix_path.sh
[0.624s] -- Up-to-date: /SLAM/ros_ws/install/orbbec_description/share/orbbec_description/environment/ament_prefix_path.dsv
[0.624s] -- Up-to-date: /SLAM/ros_ws/install/orbbec_description/share/orbbec_description/environment/path.sh
[0.624s] -- Up-to-date: /SLAM/ros_ws/install/orbbec_description/share/orbbec_description/environment/path.dsv
[0.624s] -- Up-to-date: /SLAM/ros_ws/install/orbbec_description/share/orbbec_description/local_setup.bash
[0.624s] -- Up-to-date: /SLAM/ros_ws/install/orbbec_description/share/orbbec_description/local_setup.sh
[0.624s] -- Up-to-date: /SLAM/ros_ws/install/orbbec_description/share/orbbec_description/local_setup.zsh
[0.624s] -- Up-to-date: /SLAM/ros_ws/install/orbbec_description/share/orbbec_description/local_setup.dsv
[0.625s] -- Up-to-date: /SLAM/ros_ws/install/orbbec_description/share/orbbec_description/package.dsv
[0.625s] -- Up-to-date: /SLAM/ros_ws/install/orbbec_description/share/ament_index/resource_index/packages/orbbec_description
[0.625s] -- Up-to-date: /SLAM/ros_ws/install/orbbec_description/share/orbbec_description/cmake/orbbec_descriptionConfig.cmake
[0.625s] -- Up-to-date: /SLAM/ros_ws/install/orbbec_description/share/orbbec_description/cmake/orbbec_descriptionConfig-version.cmake
[0.625s] -- Up-to-date: /SLAM/ros_ws/install/orbbec_description/share/orbbec_description/package.xml
[0.629s] Invoked command in '/SLAM/ros_ws/build/orbbec_description' returned '0': CMAKE_PREFIX_PATH=${CMAKE_PREFIX_PATH}:/SLAM/ros_ws/install/camera_calibration:/opt/ros/humble /usr/bin/cmake --install /SLAM/ros_ws/build/orbbec_description
