[  0%] Built target rtabmap_msgs__cpp
[ 12%] Built target rtabmap_msgs__rosidl_generator_c
[ 12%] Built target ament_cmake_python_copy_rtabmap_msgs
[ 24%] Built target rtabmap_msgs__rosidl_typesupport_cpp
[ 36%] Built target rtabmap_msgs__rosidl_typesupport_fastrtps_cpp
[ 49%] Built target rtabmap_msgs__rosidl_typesupport_introspection_cpp
[ 62%] Built target rtabmap_msgs__rosidl_typesupport_introspection_c
[ 75%] Built target rtabmap_msgs__rosidl_typesupport_fastrtps_c
[ 88%] Built target rtabmap_msgs__rosidl_typesupport_c
[ 88%] Built target rtabmap_msgs
[ 88%] Built target rtabmap_msgs__py
[100%] Built target rtabmap_msgs__rosidl_generator_py
[100%] Built target rtabmap_msgs__rosidl_typesupport_fastrtps_c__pyext
[100%] Built target rtabmap_msgs__rosidl_typesupport_introspection_c__pyext
[100%] Built target rtabmap_msgs__rosidl_typesupport_c__pyext
running egg_info
writing rtabmap_msgs.egg-info/PKG-INFO
writing dependency_links to rtabmap_msgs.egg-info/dependency_links.txt
writing top-level names to rtabmap_msgs.egg-info/top_level.txt
reading manifest file 'rtabmap_msgs.egg-info/SOURCES.txt'
writing manifest file 'rtabmap_msgs.egg-info/SOURCES.txt'
[100%] Built target ament_cmake_python_build_rtabmap_msgs_egg
