[0.601s] Invoking command in '/SLAM/ros_ws/build/depth_image_proc': CMAKE_PREFIX_PATH=${CMAKE_PREFIX_PATH}:/SLAM/ros_ws/install/camera_calibration:/opt/ros/humble /usr/bin/cmake /SLAM/ros_ws/src/image_pipeline/depth_image_proc -DCMAKE_INSTALL_PREFIX=/SLAM/ros_ws/install/depth_image_proc
[0.696s] -- The C compiler identification is GNU 11.4.0
[0.792s] -- The CXX compiler identification is GNU 11.4.0
[0.809s] -- Detecting C compiler ABI info
[0.946s] -- Detecting C compiler ABI info - done
[0.954s] -- Check for working C compiler: /usr/bin/cc - skipped
[0.954s] -- Detecting C compile features
[0.955s] -- Detecting C compile features - done
[0.959s] -- Detecting CXX compiler ABI info
[1.088s] -- Detecting CXX compiler ABI info - done
[1.099s] -- Check for working CXX compiler: /usr/bin/c++ - skipped
[1.099s] -- Detecting CXX compile features
[1.100s] -- Detecting CXX compile features - done
[1.109s] -- Found ament_cmake_auto: 1.3.6 (/opt/ros/humble/share/ament_cmake_auto/cmake)
[1.381s] -- Found Python3: /usr/bin/python3.10 (found version "3.10.12") found components: Interpreter 
[2.126s] -- Found rosidl_generator_c: 3.1.5 (/opt/ros/humble/share/rosidl_generator_c/cmake)
[2.142s] -- Found rosidl_adapter: 3.1.5 (/opt/ros/humble/share/rosidl_adapter/cmake)
[2.165s] -- Found rosidl_generator_cpp: 3.1.5 (/opt/ros/humble/share/rosidl_generator_cpp/cmake)
[2.197s] -- Using all available rosidl_typesupport_c: rosidl_typesupport_fastrtps_c;rosidl_typesupport_introspection_c
[2.231s] -- Using all available rosidl_typesupport_cpp: rosidl_typesupport_fastrtps_cpp;rosidl_typesupport_introspection_cpp
[2.625s] -- Found rmw_implementation_cmake: 6.1.1 (/opt/ros/humble/share/rmw_implementation_cmake/cmake)
[2.631s] -- Found rmw_fastrtps_cpp: 6.2.5 (/opt/ros/humble/share/rmw_fastrtps_cpp/cmake)
[2.812s] -- Found OpenSSL: /usr/lib/x86_64-linux-gnu/libcrypto.so (found version "3.0.2")  
[2.854s] -- Found FastRTPS: /opt/ros/humble/include  
[2.923s] -- Using RMW implementation 'rmw_fastrtps_cpp' as default
[2.942s] -- Looking for pthread.h
[3.032s] -- Looking for pthread.h - found
[3.032s] -- Performing Test CMAKE_HAVE_LIBC_PTHREAD
[3.125s] -- Performing Test CMAKE_HAVE_LIBC_PTHREAD - Success
[3.126s] -- Found Threads: TRUE  
[4.657s] -- Found OpenCV: /usr (found version "4.5.4") 
[4.693s] -- Found ament_lint_auto: 0.12.9 (/opt/ros/humble/share/ament_lint_auto/cmake)
[4.891s] -- Added test 'copyright' to check source files copyright and LICENSE
[4.902s] -- Added test 'cppcheck' to perform static code analysis on C / C++ code
[4.903s] -- Configured cppcheck include dirs: /SLAM/ros_ws/src/image_pipeline/depth_image_proc/include
[4.904s] -- Configured cppcheck exclude dirs and/or files: 
[4.910s] -- Added test 'cpplint' to check C / C++ code against the Google style
[4.912s] -- Configured cpplint exclude dirs and/or files: 
[4.915s] -- Added test 'flake8' to check Python code syntax and style conventions
[4.918s] -- Added test 'lint_cmake' to check CMake code style
[4.921s] -- Added test 'pep257' to check Python code against some of the docstring style conventions in PEP 257
[4.926s] -- Added test 'uncrustify' to check C / C++ code style
[4.927s] -- Configured uncrustify additional arguments: 
[4.948s] -- Added test 'xmllint' to check XML markup files
[4.961s] -- Configuring done
[5.049s] -- Generating done
[5.052s] -- Build files have been written to: /SLAM/ros_ws/build/depth_image_proc
[5.104s] Invoked command in '/SLAM/ros_ws/build/depth_image_proc' returned '0': CMAKE_PREFIX_PATH=${CMAKE_PREFIX_PATH}:/SLAM/ros_ws/install/camera_calibration:/opt/ros/humble /usr/bin/cmake /SLAM/ros_ws/src/image_pipeline/depth_image_proc -DCMAKE_INSTALL_PREFIX=/SLAM/ros_ws/install/depth_image_proc
[5.105s] Invoking command in '/SLAM/ros_ws/build/depth_image_proc': CMAKE_PREFIX_PATH=${CMAKE_PREFIX_PATH}:/SLAM/ros_ws/install/camera_calibration:/opt/ros/humble /usr/bin/cmake --build /SLAM/ros_ws/build/depth_image_proc -- -j16 -l16
[5.388s] [  8%] [32mBuilding CXX object CMakeFiles/depth_image_proc.dir/src/crop_foremost.cpp.o[0m
[5.399s] [ 16%] [32mBuilding CXX object CMakeFiles/depth_image_proc.dir/src/conversions.cpp.o[0m
[5.401s] [ 25%] [32mBuilding CXX object CMakeFiles/depth_image_proc.dir/src/convert_metric.cpp.o[0m
[5.420s] [ 33%] [32mBuilding CXX object CMakeFiles/depth_image_proc.dir/src/point_cloud_xyz.cpp.o[0m
[5.424s] [ 41%] [32mBuilding CXX object CMakeFiles/depth_image_proc.dir/src/disparity.cpp.o[0m
[5.556s] [ 50%] [32mBuilding CXX object CMakeFiles/depth_image_proc.dir/src/point_cloud_xyzrgb.cpp.o[0m
[5.567s] [ 58%] [32mBuilding CXX object CMakeFiles/depth_image_proc.dir/src/point_cloud_xyzi.cpp.o[0m
[5.597s] [ 66%] [32mBuilding CXX object CMakeFiles/depth_image_proc.dir/src/point_cloud_xyz_radial.cpp.o[0m
[5.626s] [ 75%] [32mBuilding CXX object CMakeFiles/depth_image_proc.dir/src/point_cloud_xyzi_radial.cpp.o[0m
[5.638s] [ 83%] [32mBuilding CXX object CMakeFiles/depth_image_proc.dir/src/point_cloud_xyzrgb_radial.cpp.o[0m
[5.687s] [ 91%] [32mBuilding CXX object CMakeFiles/depth_image_proc.dir/src/register.cpp.o[0m
[37.436s] [100%] [32m[1mLinking CXX shared library libdepth_image_proc.so[0m
[40.274s] [100%] Built target depth_image_proc
