[0.000000] (-) TimerEvent: {}
[0.000761] (-) JobUnselected: {'identifier': 'astra_camera'}
[0.000918] (-) JobUnselected: {'identifier': 'astra_camera_msgs'}
[0.000998] (-) JobUnselected: {'identifier': 'br2_basics'}
[0.001035] (-) JobUnselected: {'identifier': 'br2_bt_bumpgo'}
[0.001099] (-) JobUnselected: {'identifier': 'br2_bt_patrolling'}
[0.001118] (-) JobUnselected: {'identifier': 'br2_fsm_bumpgo_cpp'}
[0.001136] (-) JobUnselected: {'identifier': 'br2_fsm_bumpgo_py'}
[0.001168] (-) JobUnselected: {'identifier': 'br2_navigation'}
[0.001186] (-) JobUnselected: {'identifier': 'br2_tf2_detector'}
[0.001263] (-) JobUnselected: {'identifier': 'br2_tiago'}
[0.001314] (-) JobUnselected: {'identifier': 'br2_tracking'}
[0.001359] (-) JobUnselected: {'identifier': 'br2_tracking_msgs'}
[0.001374] (-) JobUnselected: {'identifier': 'br2_vff_avoidance'}
[0.001390] (-) JobUnselected: {'identifier': 'camera_calibration'}
[0.001417] (-) JobUnselected: {'identifier': 'depth_image_proc'}
[0.001432] (-) JobUnselected: {'identifier': 'groot'}
[0.001520] (-) JobUnselected: {'identifier': 'hey5_description'}
[0.001537] (-) JobUnselected: {'identifier': 'image_pipeline'}
[0.001553] (-) JobUnselected: {'identifier': 'image_proc'}
[0.001581] (-) JobUnselected: {'identifier': 'image_publisher'}
[0.001643] (-) JobUnselected: {'identifier': 'image_rotate'}
[0.001659] (-) JobUnselected: {'identifier': 'image_view'}
[0.001675] (-) JobUnselected: {'identifier': 'launch_pal'}
[0.001702] (-) JobUnselected: {'identifier': 'my_robot_controller'}
[0.001793] (-) JobUnselected: {'identifier': 'pal_gazebo_worlds'}
[0.001809] (-) JobUnselected: {'identifier': 'pal_gripper'}
[0.001825] (-) JobUnselected: {'identifier': 'pal_gripper_controller_configuration'}
[0.001841] (-) JobUnselected: {'identifier': 'pal_gripper_description'}
[0.001871] (-) JobUnselected: {'identifier': 'pmb2_2dnav'}
[0.001887] (-) JobUnselected: {'identifier': 'pmb2_bringup'}
[0.001963] (-) JobUnselected: {'identifier': 'pmb2_controller_configuration'}
[0.001979] (-) JobUnselected: {'identifier': 'pmb2_description'}
[0.001994] (-) JobUnselected: {'identifier': 'pmb2_laser_sensors'}
[0.002020] (-) JobUnselected: {'identifier': 'pmb2_maps'}
[0.002093] (-) JobUnselected: {'identifier': 'pmb2_navigation'}
[0.002109] (-) JobUnselected: {'identifier': 'pmb2_robot'}
[0.002123] (-) JobUnselected: {'identifier': 'rf2o_laser_odometry'}
[0.002139] (-) JobUnselected: {'identifier': 'rplidar_ros'}
[0.002161] (-) JobUnselected: {'identifier': 'rtabmap'}
[0.002176] (-) JobUnselected: {'identifier': 'rtabmap_conversions'}
[0.002270] (-) JobUnselected: {'identifier': 'rtabmap_demos'}
[0.002287] (-) JobUnselected: {'identifier': 'rtabmap_examples'}
[0.002303] (-) JobUnselected: {'identifier': 'rtabmap_launch'}
[0.002332] (-) JobUnselected: {'identifier': 'rtabmap_msgs'}
[0.002402] (-) JobUnselected: {'identifier': 'rtabmap_odom'}
[0.002419] (-) JobUnselected: {'identifier': 'rtabmap_python'}
[0.002435] (-) JobUnselected: {'identifier': 'rtabmap_ros'}
[0.002451] (-) JobUnselected: {'identifier': 'rtabmap_rviz_plugins'}
[0.002475] (-) JobUnselected: {'identifier': 'rtabmap_slam'}
[0.002533] (-) JobUnselected: {'identifier': 'rtabmap_sync'}
[0.002549] (-) JobUnselected: {'identifier': 'rtabmap_util'}
[0.002563] (-) JobUnselected: {'identifier': 'rtabmap_viz'}
[0.002579] (-) JobUnselected: {'identifier': 'slam_toolbox'}
[0.002602] (-) JobUnselected: {'identifier': 'sllidar_ros2'}
[0.002662] (-) JobUnselected: {'identifier': 'stereo_image_proc'}
[0.002678] (-) JobUnselected: {'identifier': 'tiago_2dnav'}
[0.002693] (-) JobUnselected: {'identifier': 'tiago_bringup'}
[0.002720] (-) JobUnselected: {'identifier': 'tiago_controller_configuration'}
[0.002792] (-) JobUnselected: {'identifier': 'tiago_description'}
[0.002808] (-) JobUnselected: {'identifier': 'tiago_laser_sensors'}
[0.002823] (-) JobUnselected: {'identifier': 'tiago_navigation'}
[0.002849] (-) JobUnselected: {'identifier': 'tiago_robot'}
[0.002906] (-) JobUnselected: {'identifier': 'tracetools_image_pipeline'}
[0.002954] (-) JobUnselected: {'identifier': 'tutourial_intefaces'}
[0.002984] (-) JobUnselected: {'identifier': 'urdf_test'}
[0.003045] (tiago_moveit_config) JobQueued: {'identifier': 'tiago_moveit_config', 'dependencies': OrderedDict([('launch_pal', '/SLAM/ros_ws/install/launch_pal'), ('pal_gripper_controller_configuration', '/SLAM/ros_ws/install/pal_gripper_controller_configuration'), ('pal_gripper_description', '/SLAM/ros_ws/install/pal_gripper_description'), ('pmb2_controller_configuration', '/SLAM/ros_ws/install/pmb2_controller_configuration'), ('tiago_controller_configuration', '/SLAM/ros_ws/install/tiago_controller_configuration'), ('pmb2_description', '/SLAM/ros_ws/install/pmb2_description'), ('tiago_description', '/SLAM/ros_ws/install/tiago_description')])}
[0.003078] (tiago_gazebo) JobQueued: {'identifier': 'tiago_gazebo', 'dependencies': OrderedDict([('launch_pal', '/SLAM/ros_ws/install/launch_pal'), ('pal_gazebo_worlds', '/SLAM/ros_ws/install/pal_gazebo_worlds'), ('pal_gripper_controller_configuration', '/SLAM/ros_ws/install/pal_gripper_controller_configuration'), ('pmb2_laser_sensors', '/SLAM/ros_ws/install/pmb2_laser_sensors'), ('pmb2_maps', '/SLAM/ros_ws/install/pmb2_maps'), ('pal_gripper_description', '/SLAM/ros_ws/install/pal_gripper_description'), ('pmb2_2dnav', '/SLAM/ros_ws/install/pmb2_2dnav'), ('pmb2_controller_configuration', '/SLAM/ros_ws/install/pmb2_controller_configuration'), ('tiago_controller_configuration', '/SLAM/ros_ws/install/tiago_controller_configuration'), ('pmb2_description', '/SLAM/ros_ws/install/pmb2_description'), ('tiago_2dnav', '/SLAM/ros_ws/install/tiago_2dnav'), ('tiago_description', '/SLAM/ros_ws/install/tiago_description'), ('tiago_bringup', '/SLAM/ros_ws/install/tiago_bringup'), ('tiago_moveit_config', '/SLAM/ros_ws/install/tiago_moveit_config')])}
[0.003125] (tiago_simulation) JobQueued: {'identifier': 'tiago_simulation', 'dependencies': OrderedDict([('launch_pal', '/SLAM/ros_ws/install/launch_pal'), ('pal_gazebo_worlds', '/SLAM/ros_ws/install/pal_gazebo_worlds'), ('pal_gripper_controller_configuration', '/SLAM/ros_ws/install/pal_gripper_controller_configuration'), ('pmb2_laser_sensors', '/SLAM/ros_ws/install/pmb2_laser_sensors'), ('pmb2_maps', '/SLAM/ros_ws/install/pmb2_maps'), ('pal_gripper_description', '/SLAM/ros_ws/install/pal_gripper_description'), ('pmb2_2dnav', '/SLAM/ros_ws/install/pmb2_2dnav'), ('pmb2_controller_configuration', '/SLAM/ros_ws/install/pmb2_controller_configuration'), ('tiago_controller_configuration', '/SLAM/ros_ws/install/tiago_controller_configuration'), ('pmb2_description', '/SLAM/ros_ws/install/pmb2_description'), ('tiago_2dnav', '/SLAM/ros_ws/install/tiago_2dnav'), ('tiago_description', '/SLAM/ros_ws/install/tiago_description'), ('tiago_bringup', '/SLAM/ros_ws/install/tiago_bringup'), ('tiago_moveit_config', '/SLAM/ros_ws/install/tiago_moveit_config'), ('tiago_gazebo', '/SLAM/ros_ws/install/tiago_gazebo')])}
[0.003198] (tiago_moveit_config) JobStarted: {'identifier': 'tiago_moveit_config'}
[0.070348] (tiago_moveit_config) JobProgress: {'identifier': 'tiago_moveit_config', 'progress': 'cmake'}
[0.070853] (tiago_moveit_config) JobProgress: {'identifier': 'tiago_moveit_config', 'progress': 'build'}
[0.071373] (tiago_moveit_config) Command: {'cmd': ['/usr/bin/cmake', '--build', '/SLAM/ros_ws/build/tiago_moveit_config', '--', '-j16', '-l16'], 'cwd': '/SLAM/ros_ws/build/tiago_moveit_config', 'env': OrderedDict([('HOSTNAME', 'acer'), ('GIT_ASKPASS', '/home/ros/.vscode-server/bin/0ee08df0cf4527e40edc9aa28f4b5bd38bbff2b2/extensions/git/dist/askpass.sh'), ('SHLVL', '2'), ('LD_LIBRARY_PATH', '/usr/lib/x86_64-linux-gnu/gazebo-11/plugins:/opt/ros/humble/opt/rviz_ogre_vendor/lib:/opt/ros/humble/lib/x86_64-linux-gnu:/opt/ros/humble/lib'), ('BROWSER', '/home/ros/.vscode-server/bin/0ee08df0cf4527e40edc9aa28f4b5bd38bbff2b2/bin/helpers/browser.sh'), ('HOME', '/home/ros'), ('TERM_PROGRAM_VERSION', '1.85.1'), ('VSCODE_IPC_HOOK_CLI', '/tmp/vscode-ipc-f75ace74-3a63-4e17-9c42-2d0b6a46ea6c.sock'), ('ROS_PYTHON_VERSION', '3'), ('VSCODE_GIT_ASKPASS_MAIN', '/home/ros/.vscode-server/bin/0ee08df0cf4527e40edc9aa28f4b5bd38bbff2b2/extensions/git/dist/askpass-main.js'), ('VSCODE_GIT_ASKPASS_NODE', '/home/ros/.vscode-server/bin/0ee08df0cf4527e40edc9aa28f4b5bd38bbff2b2/node'), ('COLORTERM', 'truecolor'), ('REMOTE_CONTAINERS', 'true'), ('ROS_DISTRO', 'humble'), ('REMOTE_CONTAINERS_IPC', '/tmp/vscode-remote-containers-ipc-50c619c6-2daf-4bfc-b140-aa6923d4a067.sock'), ('_', '/usr/bin/colcon'), ('ROS_VERSION', '2'), ('TERM', 'xterm-256color'), ('ROS_LOCALHOST_ONLY', '0'), ('PATH', '/home/ros/.vscode-server/bin/0ee08df0cf4527e40edc9aa28f4b5bd38bbff2b2/bin/remote-cli:/opt/ros/humble/bin:/usr/local/sbin:/usr/local/bin:/usr/sbin:/usr/bin:/sbin:/bin'), ('REMOTE_CONTAINERS_SOCKETS', '["/tmp/vscode-ssh-auth-50c619c6-2daf-4bfc-b140-aa6923d4a067.sock","/tmp/.X11-unix/X0","/home/ros/.gnupg/S.gpg-agent"]'), ('DISPLAY', ':1'), ('LANG', 'C.UTF-8'), ('VSCODE_GIT_IPC_HANDLE', '/tmp/vscode-git-f5e5d8950f.sock'), ('TERM_PROGRAM', 'vscode'), ('SSH_AUTH_SOCK', '/tmp/vscode-ssh-auth-50c619c6-2daf-4bfc-b140-aa6923d4a067.sock'), ('AMENT_PREFIX_PATH', '/SLAM/ros_ws/install/tiago_description:/SLAM/ros_ws/install/pmb2_description:/SLAM/ros_ws/install/tiago_controller_configuration:/SLAM/ros_ws/install/pmb2_controller_configuration:/SLAM/ros_ws/install/pal_gripper_description:/SLAM/ros_ws/install/pal_gripper_controller_configuration:/SLAM/ros_ws/install/launch_pal:/opt/ros/humble'), ('REMOTE_CONTAINERS_DISPLAY_SOCK', '/tmp/.X11-unix/X0'), ('SHELL', '/bin/bash'), ('VSCODE_GIT_ASKPASS_EXTRA_ARGS', ''), ('PWD', '/SLAM/ros_ws/build/tiago_moveit_config'), ('LC_ALL', 'C.UTF-8'), ('PYTHONPATH', '/SLAM/ros_ws/install/tiago_description/local/lib/python3.10/dist-packages:/SLAM/ros_ws/install/pmb2_description/local/lib/python3.10/dist-packages:/SLAM/ros_ws/build/launch_pal:/SLAM/ros_ws/install/launch_pal/lib/python3.10/site-packages:/opt/ros/humble/lib/python3.10/site-packages:/opt/ros/humble/local/lib/python3.10/dist-packages'), ('COLCON', '1'), ('CMAKE_PREFIX_PATH', '/SLAM/ros_ws/install/tiago_description:/SLAM/ros_ws/install/pmb2_description:/SLAM/ros_ws/install/tiago_controller_configuration:/SLAM/ros_ws/install/pmb2_controller_configuration:/SLAM/ros_ws/install/pal_gripper_description:/SLAM/ros_ws/install/pal_gripper_controller_configuration:/opt/ros/humble')]), 'shell': False}
[0.099742] (-) TimerEvent: {}
[0.116414] (tiago_moveit_config) CommandEnded: {'returncode': 0}
[0.141868] (tiago_moveit_config) JobProgress: {'identifier': 'tiago_moveit_config', 'progress': 'install'}
[0.151064] (tiago_moveit_config) Command: {'cmd': ['/usr/bin/cmake', '--install', '/SLAM/ros_ws/build/tiago_moveit_config'], 'cwd': '/SLAM/ros_ws/build/tiago_moveit_config', 'env': OrderedDict([('HOSTNAME', 'acer'), ('GIT_ASKPASS', '/home/ros/.vscode-server/bin/0ee08df0cf4527e40edc9aa28f4b5bd38bbff2b2/extensions/git/dist/askpass.sh'), ('SHLVL', '2'), ('LD_LIBRARY_PATH', '/usr/lib/x86_64-linux-gnu/gazebo-11/plugins:/opt/ros/humble/opt/rviz_ogre_vendor/lib:/opt/ros/humble/lib/x86_64-linux-gnu:/opt/ros/humble/lib'), ('BROWSER', '/home/ros/.vscode-server/bin/0ee08df0cf4527e40edc9aa28f4b5bd38bbff2b2/bin/helpers/browser.sh'), ('HOME', '/home/ros'), ('TERM_PROGRAM_VERSION', '1.85.1'), ('VSCODE_IPC_HOOK_CLI', '/tmp/vscode-ipc-f75ace74-3a63-4e17-9c42-2d0b6a46ea6c.sock'), ('ROS_PYTHON_VERSION', '3'), ('VSCODE_GIT_ASKPASS_MAIN', '/home/ros/.vscode-server/bin/0ee08df0cf4527e40edc9aa28f4b5bd38bbff2b2/extensions/git/dist/askpass-main.js'), ('VSCODE_GIT_ASKPASS_NODE', '/home/ros/.vscode-server/bin/0ee08df0cf4527e40edc9aa28f4b5bd38bbff2b2/node'), ('COLORTERM', 'truecolor'), ('REMOTE_CONTAINERS', 'true'), ('ROS_DISTRO', 'humble'), ('REMOTE_CONTAINERS_IPC', '/tmp/vscode-remote-containers-ipc-50c619c6-2daf-4bfc-b140-aa6923d4a067.sock'), ('_', '/usr/bin/colcon'), ('ROS_VERSION', '2'), ('TERM', 'xterm-256color'), ('ROS_LOCALHOST_ONLY', '0'), ('PATH', '/home/ros/.vscode-server/bin/0ee08df0cf4527e40edc9aa28f4b5bd38bbff2b2/bin/remote-cli:/opt/ros/humble/bin:/usr/local/sbin:/usr/local/bin:/usr/sbin:/usr/bin:/sbin:/bin'), ('REMOTE_CONTAINERS_SOCKETS', '["/tmp/vscode-ssh-auth-50c619c6-2daf-4bfc-b140-aa6923d4a067.sock","/tmp/.X11-unix/X0","/home/ros/.gnupg/S.gpg-agent"]'), ('DISPLAY', ':1'), ('LANG', 'C.UTF-8'), ('VSCODE_GIT_IPC_HANDLE', '/tmp/vscode-git-f5e5d8950f.sock'), ('TERM_PROGRAM', 'vscode'), ('SSH_AUTH_SOCK', '/tmp/vscode-ssh-auth-50c619c6-2daf-4bfc-b140-aa6923d4a067.sock'), ('AMENT_PREFIX_PATH', '/SLAM/ros_ws/install/tiago_description:/SLAM/ros_ws/install/pmb2_description:/SLAM/ros_ws/install/tiago_controller_configuration:/SLAM/ros_ws/install/pmb2_controller_configuration:/SLAM/ros_ws/install/pal_gripper_description:/SLAM/ros_ws/install/pal_gripper_controller_configuration:/SLAM/ros_ws/install/launch_pal:/opt/ros/humble'), ('REMOTE_CONTAINERS_DISPLAY_SOCK', '/tmp/.X11-unix/X0'), ('SHELL', '/bin/bash'), ('VSCODE_GIT_ASKPASS_EXTRA_ARGS', ''), ('PWD', '/SLAM/ros_ws/build/tiago_moveit_config'), ('LC_ALL', 'C.UTF-8'), ('PYTHONPATH', '/SLAM/ros_ws/install/tiago_description/local/lib/python3.10/dist-packages:/SLAM/ros_ws/install/pmb2_description/local/lib/python3.10/dist-packages:/SLAM/ros_ws/build/launch_pal:/SLAM/ros_ws/install/launch_pal/lib/python3.10/site-packages:/opt/ros/humble/lib/python3.10/site-packages:/opt/ros/humble/local/lib/python3.10/dist-packages'), ('COLCON', '1'), ('CMAKE_PREFIX_PATH', '/SLAM/ros_ws/install/tiago_description:/SLAM/ros_ws/install/pmb2_description:/SLAM/ros_ws/install/tiago_controller_configuration:/SLAM/ros_ws/install/pmb2_controller_configuration:/SLAM/ros_ws/install/pal_gripper_description:/SLAM/ros_ws/install/pal_gripper_controller_configuration:/opt/ros/humble')]), 'shell': False}
[0.160416] (tiago_moveit_config) StdoutLine: {'line': b'-- Install configuration: ""\n'}
[0.160782] (tiago_moveit_config) StdoutLine: {'line': b'-- Execute custom install script\n'}
[0.160988] (tiago_moveit_config) StdoutLine: {'line': b'-- Up-to-date symlink: /SLAM/ros_ws/install/tiago_moveit_config/share/ament_index/resource_index/package_run_dependencies/tiago_moveit_config\n'}
[0.161142] (tiago_moveit_config) StdoutLine: {'line': b'-- Up-to-date symlink: /SLAM/ros_ws/install/tiago_moveit_config/share/ament_index/resource_index/parent_prefix_path/tiago_moveit_config\n'}
[0.161310] (tiago_moveit_config) StdoutLine: {'line': b'-- Up-to-date symlink: /SLAM/ros_ws/install/tiago_moveit_config/share/tiago_moveit_config/environment/ament_prefix_path.sh\n'}
[0.161437] (tiago_moveit_config) StdoutLine: {'line': b'-- Up-to-date symlink: /SLAM/ros_ws/install/tiago_moveit_config/share/tiago_moveit_config/environment/ament_prefix_path.dsv\n'}
[0.161580] (tiago_moveit_config) StdoutLine: {'line': b'-- Up-to-date symlink: /SLAM/ros_ws/install/tiago_moveit_config/share/tiago_moveit_config/environment/path.sh\n'}
[0.161702] (tiago_moveit_config) StdoutLine: {'line': b'-- Up-to-date symlink: /SLAM/ros_ws/install/tiago_moveit_config/share/tiago_moveit_config/environment/path.dsv\n'}
[0.161830] (tiago_moveit_config) StdoutLine: {'line': b'-- Up-to-date symlink: /SLAM/ros_ws/install/tiago_moveit_config/share/tiago_moveit_config/local_setup.bash\n'}
[0.161953] (tiago_moveit_config) StdoutLine: {'line': b'-- Up-to-date symlink: /SLAM/ros_ws/install/tiago_moveit_config/share/tiago_moveit_config/local_setup.sh\n'}
[0.162073] (tiago_moveit_config) StdoutLine: {'line': b'-- Up-to-date symlink: /SLAM/ros_ws/install/tiago_moveit_config/share/tiago_moveit_config/local_setup.zsh\n'}
[0.162197] (tiago_moveit_config) StdoutLine: {'line': b'-- Up-to-date symlink: /SLAM/ros_ws/install/tiago_moveit_config/share/tiago_moveit_config/local_setup.dsv\n'}
[0.162286] (tiago_moveit_config) StdoutLine: {'line': b'-- Symlinking: /SLAM/ros_ws/install/tiago_moveit_config/share/tiago_moveit_config/package.dsv\n'}
[0.172462] (tiago_moveit_config) StdoutLine: {'line': b'-- Up-to-date symlink: /SLAM/ros_ws/install/tiago_moveit_config/share/ament_index/resource_index/packages/tiago_moveit_config\n'}
[0.172632] (tiago_moveit_config) StdoutLine: {'line': b'-- Up-to-date symlink: /SLAM/ros_ws/install/tiago_moveit_config/share/tiago_moveit_config/cmake/tiago_moveit_configConfig.cmake\n'}
[0.172718] (tiago_moveit_config) StdoutLine: {'line': b'-- Up-to-date symlink: /SLAM/ros_ws/install/tiago_moveit_config/share/tiago_moveit_config/cmake/tiago_moveit_configConfig-version.cmake\n'}
[0.172863] (tiago_moveit_config) StdoutLine: {'line': b'-- Up-to-date symlink: /SLAM/ros_ws/install/tiago_moveit_config/share/tiago_moveit_config/package.xml\n'}
[0.173251] (tiago_moveit_config) StdoutLine: {'line': b'-- Up-to-date symlink: /SLAM/ros_ws/install/tiago_moveit_config/share/tiago_moveit_config/launch/move_group.launch.py\n'}
[0.173395] (tiago_moveit_config) StdoutLine: {'line': b'-- Up-to-date symlink: /SLAM/ros_ws/install/tiago_moveit_config/share/tiago_moveit_config/launch/moveit_rviz.launch.py\n'}
[0.173932] (tiago_moveit_config) StdoutLine: {'line': b'-- Up-to-date symlink: /SLAM/ros_ws/install/tiago_moveit_config/share/tiago_moveit_config/config/controllers/controllers.yaml.em\n'}
[0.174033] (tiago_moveit_config) StdoutLine: {'line': b'-- Up-to-date symlink: /SLAM/ros_ws/install/tiago_moveit_config/share/tiago_moveit_config/config/controllers/controllers_no-arm.yaml\n'}
[0.174152] (tiago_moveit_config) StdoutLine: {'line': b'-- Up-to-date symlink: /SLAM/ros_ws/install/tiago_moveit_config/share/tiago_moveit_config/config/controllers/controllers_no-end-effector.yaml\n'}
[0.174247] (tiago_moveit_config) StdoutLine: {'line': b'-- Up-to-date symlink: /SLAM/ros_ws/install/tiago_moveit_config/share/tiago_moveit_config/config/controllers/controllers_no-end-effector_schunk-ft.yaml\n'}
[0.174347] (tiago_moveit_config) StdoutLine: {'line': b'-- Up-to-date symlink: /SLAM/ros_ws/install/tiago_moveit_config/share/tiago_moveit_config/config/controllers/controllers_pal-gripper.yaml\n'}
[0.174464] (tiago_moveit_config) StdoutLine: {'line': b'-- Up-to-date symlink: /SLAM/ros_ws/install/tiago_moveit_config/share/tiago_moveit_config/config/controllers/controllers_pal-gripper_schunk-ft.yaml\n'}
[0.174587] (tiago_moveit_config) StdoutLine: {'line': b'-- Up-to-date symlink: /SLAM/ros_ws/install/tiago_moveit_config/share/tiago_moveit_config/config/controllers/controllers_pal-hey5.yaml\n'}
[0.174677] (tiago_moveit_config) StdoutLine: {'line': b'-- Up-to-date symlink: /SLAM/ros_ws/install/tiago_moveit_config/share/tiago_moveit_config/config/controllers/controllers_pal-hey5_schunk-ft.yaml\n'}
[0.174758] (tiago_moveit_config) StdoutLine: {'line': b'-- Up-to-date symlink: /SLAM/ros_ws/install/tiago_moveit_config/share/tiago_moveit_config/config/fake_controllers/fake_controllers.yaml.em\n'}
[0.174855] (tiago_moveit_config) StdoutLine: {'line': b'-- Up-to-date symlink: /SLAM/ros_ws/install/tiago_moveit_config/share/tiago_moveit_config/config/fake_controllers/fake_controllers_no-arm.yaml\n'}
[0.174955] (tiago_moveit_config) StdoutLine: {'line': b'-- Up-to-date symlink: /SLAM/ros_ws/install/tiago_moveit_config/share/tiago_moveit_config/config/fake_controllers/fake_controllers_no-end-effector.yaml\n'}
[0.175057] (tiago_moveit_config) StdoutLine: {'line': b'-- Up-to-date symlink: /SLAM/ros_ws/install/tiago_moveit_config/share/tiago_moveit_config/config/fake_controllers/fake_controllers_no-end-effector_schunk-ft.yaml\n'}
[0.175157] (tiago_moveit_config) StdoutLine: {'line': b'-- Up-to-date symlink: /SLAM/ros_ws/install/tiago_moveit_config/share/tiago_moveit_config/config/fake_controllers/fake_controllers_pal-gripper.yaml\n'}
[0.175258] (tiago_moveit_config) StdoutLine: {'line': b'-- Up-to-date symlink: /SLAM/ros_ws/install/tiago_moveit_config/share/tiago_moveit_config/config/fake_controllers/fake_controllers_pal-gripper_schunk-ft.yaml\n'}
[0.175359] (tiago_moveit_config) StdoutLine: {'line': b'-- Up-to-date symlink: /SLAM/ros_ws/install/tiago_moveit_config/share/tiago_moveit_config/config/fake_controllers/fake_controllers_pal-hey5.yaml\n'}
[0.175468] (tiago_moveit_config) StdoutLine: {'line': b'-- Up-to-date symlink: /SLAM/ros_ws/install/tiago_moveit_config/share/tiago_moveit_config/config/fake_controllers/fake_controllers_pal-hey5_schunk-ft.yaml\n'}
[0.175557] (tiago_moveit_config) StdoutLine: {'line': b'-- Up-to-date symlink: /SLAM/ros_ws/install/tiago_moveit_config/share/tiago_moveit_config/config/joint_limits.yaml\n'}
[0.175651] (tiago_moveit_config) StdoutLine: {'line': b'-- Up-to-date symlink: /SLAM/ros_ws/install/tiago_moveit_config/share/tiago_moveit_config/config/kinematics_kdl.yaml\n'}
[0.175747] (tiago_moveit_config) StdoutLine: {'line': b'-- Up-to-date symlink: /SLAM/ros_ws/install/tiago_moveit_config/share/tiago_moveit_config/config/kinematics_trac_ik.yaml\n'}
[0.175844] (tiago_moveit_config) StdoutLine: {'line': b'-- Up-to-date symlink: /SLAM/ros_ws/install/tiago_moveit_config/share/tiago_moveit_config/config/ompl_planning.yaml\n'}
[0.175943] (tiago_moveit_config) StdoutLine: {'line': b'-- Up-to-date symlink: /SLAM/ros_ws/install/tiago_moveit_config/share/tiago_moveit_config/config/pilz_cartesian_limits.yaml\n'}
[0.176057] (tiago_moveit_config) StdoutLine: {'line': b'-- Up-to-date symlink: /SLAM/ros_ws/install/tiago_moveit_config/share/tiago_moveit_config/config/rviz/moveit.rviz\n'}
[0.176153] (tiago_moveit_config) StdoutLine: {'line': b'-- Up-to-date symlink: /SLAM/ros_ws/install/tiago_moveit_config/share/tiago_moveit_config/config/sensors_3d.yaml\n'}
[0.176252] (tiago_moveit_config) StdoutLine: {'line': b'-- Up-to-date symlink: /SLAM/ros_ws/install/tiago_moveit_config/share/tiago_moveit_config/config/srdf/tiago.srdf.em\n'}
[0.176374] (tiago_moveit_config) StdoutLine: {'line': b'-- Up-to-date symlink: /SLAM/ros_ws/install/tiago_moveit_config/share/tiago_moveit_config/config/srdf/tiago_no-arm.srdf\n'}
[0.176479] (tiago_moveit_config) StdoutLine: {'line': b'-- Up-to-date symlink: /SLAM/ros_ws/install/tiago_moveit_config/share/tiago_moveit_config/config/srdf/tiago_no-end-effector.srdf\n'}
[0.176586] (tiago_moveit_config) StdoutLine: {'line': b'-- Up-to-date symlink: /SLAM/ros_ws/install/tiago_moveit_config/share/tiago_moveit_config/config/srdf/tiago_no-end-effector_schunk-ft.srdf\n'}
[0.176694] (tiago_moveit_config) StdoutLine: {'line': b'-- Up-to-date symlink: /SLAM/ros_ws/install/tiago_moveit_config/share/tiago_moveit_config/config/srdf/tiago_pal-gripper.srdf\n'}
[0.176801] (tiago_moveit_config) StdoutLine: {'line': b'-- Up-to-date symlink: /SLAM/ros_ws/install/tiago_moveit_config/share/tiago_moveit_config/config/srdf/tiago_pal-gripper_schunk-ft.srdf\n'}
[0.176902] (tiago_moveit_config) StdoutLine: {'line': b'-- Up-to-date symlink: /SLAM/ros_ws/install/tiago_moveit_config/share/tiago_moveit_config/config/srdf/tiago_pal-hey5.srdf\n'}
[0.177004] (tiago_moveit_config) StdoutLine: {'line': b'-- Up-to-date symlink: /SLAM/ros_ws/install/tiago_moveit_config/share/tiago_moveit_config/config/srdf/tiago_pal-hey5_schunk-ft.srdf\n'}
[0.179010] (tiago_moveit_config) CommandEnded: {'returncode': 0}
[0.199820] (-) TimerEvent: {}
[0.300038] (-) TimerEvent: {}
[0.318490] (tiago_moveit_config) JobEnded: {'identifier': 'tiago_moveit_config', 'rc': 0}
[0.319202] (tiago_gazebo) JobStarted: {'identifier': 'tiago_gazebo'}
[0.378380] (tiago_gazebo) JobProgress: {'identifier': 'tiago_gazebo', 'progress': 'cmake'}
[0.378742] (tiago_gazebo) Command: {'cmd': ['/usr/bin/cmake', '/SLAM/ros_ws/src/ThirdParty/tiago_simulation/tiago_gazebo', '-DAMENT_CMAKE_SYMLINK_INSTALL=1', '-DCMAKE_INSTALL_PREFIX=/SLAM/ros_ws/install/tiago_gazebo'], 'cwd': '/SLAM/ros_ws/build/tiago_gazebo', 'env': OrderedDict([('HOSTNAME', 'acer'), ('GIT_ASKPASS', '/home/ros/.vscode-server/bin/0ee08df0cf4527e40edc9aa28f4b5bd38bbff2b2/extensions/git/dist/askpass.sh'), ('SHLVL', '2'), ('LD_LIBRARY_PATH', '/usr/lib/x86_64-linux-gnu/gazebo-11/plugins:/opt/ros/humble/opt/rviz_ogre_vendor/lib:/opt/ros/humble/lib/x86_64-linux-gnu:/opt/ros/humble/lib'), ('BROWSER', '/home/ros/.vscode-server/bin/0ee08df0cf4527e40edc9aa28f4b5bd38bbff2b2/bin/helpers/browser.sh'), ('HOME', '/home/ros'), ('TERM_PROGRAM_VERSION', '1.85.1'), ('VSCODE_IPC_HOOK_CLI', '/tmp/vscode-ipc-f75ace74-3a63-4e17-9c42-2d0b6a46ea6c.sock'), ('ROS_PYTHON_VERSION', '3'), ('VSCODE_GIT_ASKPASS_MAIN', '/home/ros/.vscode-server/bin/0ee08df0cf4527e40edc9aa28f4b5bd38bbff2b2/extensions/git/dist/askpass-main.js'), ('VSCODE_GIT_ASKPASS_NODE', '/home/ros/.vscode-server/bin/0ee08df0cf4527e40edc9aa28f4b5bd38bbff2b2/node'), ('COLORTERM', 'truecolor'), ('REMOTE_CONTAINERS', 'true'), ('ROS_DISTRO', 'humble'), ('REMOTE_CONTAINERS_IPC', '/tmp/vscode-remote-containers-ipc-50c619c6-2daf-4bfc-b140-aa6923d4a067.sock'), ('_', '/usr/bin/colcon'), ('ROS_VERSION', '2'), ('TERM', 'xterm-256color'), ('ROS_LOCALHOST_ONLY', '0'), ('PATH', '/home/ros/.vscode-server/bin/0ee08df0cf4527e40edc9aa28f4b5bd38bbff2b2/bin/remote-cli:/opt/ros/humble/bin:/usr/local/sbin:/usr/local/bin:/usr/sbin:/usr/bin:/sbin:/bin'), ('REMOTE_CONTAINERS_SOCKETS', '["/tmp/vscode-ssh-auth-50c619c6-2daf-4bfc-b140-aa6923d4a067.sock","/tmp/.X11-unix/X0","/home/ros/.gnupg/S.gpg-agent"]'), ('DISPLAY', ':1'), ('LANG', 'C.UTF-8'), ('VSCODE_GIT_IPC_HANDLE', '/tmp/vscode-git-f5e5d8950f.sock'), ('TERM_PROGRAM', 'vscode'), ('SSH_AUTH_SOCK', '/tmp/vscode-ssh-auth-50c619c6-2daf-4bfc-b140-aa6923d4a067.sock'), ('AMENT_PREFIX_PATH', '/SLAM/ros_ws/install/tiago_moveit_config:/SLAM/ros_ws/install/tiago_bringup:/SLAM/ros_ws/install/tiago_description:/SLAM/ros_ws/install/tiago_2dnav:/SLAM/ros_ws/install/pmb2_description:/SLAM/ros_ws/install/tiago_controller_configuration:/SLAM/ros_ws/install/pmb2_controller_configuration:/SLAM/ros_ws/install/pmb2_2dnav:/SLAM/ros_ws/install/pal_gripper_description:/SLAM/ros_ws/install/pmb2_maps:/SLAM/ros_ws/install/pmb2_laser_sensors:/SLAM/ros_ws/install/pal_gripper_controller_configuration:/SLAM/ros_ws/install/pal_gazebo_worlds:/SLAM/ros_ws/install/launch_pal:/opt/ros/humble'), ('REMOTE_CONTAINERS_DISPLAY_SOCK', '/tmp/.X11-unix/X0'), ('SHELL', '/bin/bash'), ('VSCODE_GIT_ASKPASS_EXTRA_ARGS', ''), ('PWD', '/SLAM/ros_ws/build/tiago_gazebo'), ('LC_ALL', 'C.UTF-8'), ('PYTHONPATH', '/SLAM/ros_ws/install/tiago_description/local/lib/python3.10/dist-packages:/SLAM/ros_ws/install/pmb2_description/local/lib/python3.10/dist-packages:/SLAM/ros_ws/build/launch_pal:/SLAM/ros_ws/install/launch_pal/lib/python3.10/site-packages:/opt/ros/humble/lib/python3.10/site-packages:/opt/ros/humble/local/lib/python3.10/dist-packages'), ('COLCON', '1'), ('CMAKE_PREFIX_PATH', '/SLAM/ros_ws/install/tiago_moveit_config:/SLAM/ros_ws/install/tiago_bringup:/SLAM/ros_ws/install/tiago_description:/SLAM/ros_ws/install/tiago_2dnav:/SLAM/ros_ws/install/pmb2_description:/SLAM/ros_ws/install/tiago_controller_configuration:/SLAM/ros_ws/install/pmb2_controller_configuration:/SLAM/ros_ws/install/pmb2_2dnav:/SLAM/ros_ws/install/pal_gripper_description:/SLAM/ros_ws/install/pmb2_maps:/SLAM/ros_ws/install/pmb2_laser_sensors:/SLAM/ros_ws/install/pal_gripper_controller_configuration:/SLAM/ros_ws/install/pal_gazebo_worlds:/opt/ros/humble')]), 'shell': False}
[0.400140] (-) TimerEvent: {}
[0.436895] (tiago_gazebo) StdoutLine: {'line': b'-- The C compiler identification is GNU 11.4.0\n'}
[0.494458] (tiago_gazebo) StdoutLine: {'line': b'-- The CXX compiler identification is GNU 11.4.0\n'}
[0.500245] (-) TimerEvent: {}
[0.502331] (tiago_gazebo) StdoutLine: {'line': b'-- Detecting C compiler ABI info\n'}
[0.579305] (tiago_gazebo) StdoutLine: {'line': b'-- Detecting C compiler ABI info - done\n'}
[0.584919] (tiago_gazebo) StdoutLine: {'line': b'-- Check for working C compiler: /usr/bin/cc - skipped\n'}
[0.585111] (tiago_gazebo) StdoutLine: {'line': b'-- Detecting C compile features\n'}
[0.585415] (tiago_gazebo) StdoutLine: {'line': b'-- Detecting C compile features - done\n'}
[0.587985] (tiago_gazebo) StdoutLine: {'line': b'-- Detecting CXX compiler ABI info\n'}
[0.600314] (-) TimerEvent: {}
[0.673074] (tiago_gazebo) StdoutLine: {'line': b'-- Detecting CXX compiler ABI info - done\n'}
[0.678974] (tiago_gazebo) StdoutLine: {'line': b'-- Check for working CXX compiler: /usr/bin/c++ - skipped\n'}
[0.679218] (tiago_gazebo) StdoutLine: {'line': b'-- Detecting CXX compile features\n'}
[0.679639] (tiago_gazebo) StdoutLine: {'line': b'-- Detecting CXX compile features - done\n'}
[0.685588] (tiago_gazebo) StdoutLine: {'line': b'-- Found ament_cmake_auto: 1.3.6 (/opt/ros/humble/share/ament_cmake_auto/cmake)\n'}
[0.700391] (-) TimerEvent: {}
[0.800658] (-) TimerEvent: {}
[0.857131] (tiago_gazebo) StdoutLine: {'line': b'-- Found Python3: /usr/bin/python3.10 (found version "3.10.12") found components: Interpreter \n'}
[0.900732] (-) TimerEvent: {}
[0.912537] (tiago_gazebo) StdoutLine: {'line': b'-- Override CMake install command with custom implementation using symlinks instead of copying resources\n'}
[1.000866] (-) TimerEvent: {}
[1.050271] (tiago_gazebo) StdoutLine: {'line': b'-- Found ament_cmake_gtest: 1.3.6 (/opt/ros/humble/share/ament_cmake_gtest/cmake)\n'}
[1.057265] (tiago_gazebo) StdoutLine: {'line': b'-- Found ament_lint_auto: 0.12.9 (/opt/ros/humble/share/ament_lint_auto/cmake)\n'}
[1.100946] (-) TimerEvent: {}
[1.118865] (tiago_gazebo) StdoutLine: {'line': b'-- Found python_cmake_module: 0.10.0 (/opt/ros/humble/share/python_cmake_module/cmake)\n'}
[1.137796] (tiago_gazebo) StdoutLine: {'line': b'-- Found PythonInterp: /usr/bin/python3 (found suitable version "3.10.12", minimum required is "3.6") \n'}
[1.151178] (tiago_gazebo) StdoutLine: {'line': b'-- Found PythonLibs: /usr/lib/x86_64-linux-gnu/libpython3.10.so (found suitable version "3.10.12", minimum required is "3.5") \n'}
[1.151458] (tiago_gazebo) StdoutLine: {'line': b'-- Using PYTHON_EXECUTABLE: /usr/bin/python3\n'}
[1.151526] (tiago_gazebo) StdoutLine: {'line': b'-- Using PYTHON_INCLUDE_DIRS: /usr/include/python3.10\n'}
[1.151587] (tiago_gazebo) StdoutLine: {'line': b'-- Using PYTHON_LIBRARIES: /usr/lib/x86_64-linux-gnu/libpython3.10.so\n'}
[1.171271] (tiago_gazebo) StdoutLine: {'line': b'-- Found PythonExtra: .so  \n'}
[1.201096] (-) TimerEvent: {}
[1.256129] (tiago_gazebo) StdoutLine: {'line': b'-- Found rosidl_generator_c: 3.1.5 (/opt/ros/humble/share/rosidl_generator_c/cmake)\n'}
[1.269224] (tiago_gazebo) StdoutLine: {'line': b'-- Found rosidl_adapter: 3.1.5 (/opt/ros/humble/share/rosidl_adapter/cmake)\n'}
[1.288616] (tiago_gazebo) StdoutLine: {'line': b'-- Found rosidl_generator_cpp: 3.1.5 (/opt/ros/humble/share/rosidl_generator_cpp/cmake)\n'}
[1.301161] (-) TimerEvent: {}
[1.315899] (tiago_gazebo) StdoutLine: {'line': b'-- Using all available rosidl_typesupport_c: rosidl_typesupport_fastrtps_c;rosidl_typesupport_introspection_c\n'}
[1.355491] (tiago_gazebo) StdoutLine: {'line': b'-- Using all available rosidl_typesupport_cpp: rosidl_typesupport_fastrtps_cpp;rosidl_typesupport_introspection_cpp\n'}
[1.401329] (-) TimerEvent: {}
[1.501740] (-) TimerEvent: {}
[1.602055] (-) TimerEvent: {}
[1.630307] (tiago_gazebo) StdoutLine: {'line': b'-- Found rmw_implementation_cmake: 6.1.1 (/opt/ros/humble/share/rmw_implementation_cmake/cmake)\n'}
[1.638942] (tiago_gazebo) StdoutLine: {'line': b'-- Found rmw_fastrtps_cpp: 6.2.5 (/opt/ros/humble/share/rmw_fastrtps_cpp/cmake)\n'}
[1.702140] (-) TimerEvent: {}
[1.795430] (tiago_gazebo) StdoutLine: {'line': b'-- Found OpenSSL: /usr/lib/x86_64-linux-gnu/libcrypto.so (found version "3.0.2")  \n'}
[1.802204] (-) TimerEvent: {}
[1.838253] (tiago_gazebo) StdoutLine: {'line': b'-- Found FastRTPS: /opt/ros/humble/include  \n'}
[1.902325] (-) TimerEvent: {}
[1.908519] (tiago_gazebo) StdoutLine: {'line': b"-- Using RMW implementation 'rmw_fastrtps_cpp' as default\n"}
[1.934603] (tiago_gazebo) StdoutLine: {'line': b'-- Looking for pthread.h\n'}
[2.002421] (-) TimerEvent: {}
[2.014515] (tiago_gazebo) StdoutLine: {'line': b'-- Looking for pthread.h - found\n'}
[2.014800] (tiago_gazebo) StdoutLine: {'line': b'-- Performing Test CMAKE_HAVE_LIBC_PTHREAD\n'}
[2.091386] (tiago_gazebo) StdoutLine: {'line': b'-- Performing Test CMAKE_HAVE_LIBC_PTHREAD - Success\n'}
[2.092599] (tiago_gazebo) StdoutLine: {'line': b'-- Found Threads: TRUE  \n'}
[2.102489] (-) TimerEvent: {}
[2.202749] (-) TimerEvent: {}
[2.303098] (-) TimerEvent: {}
[2.391974] (tiago_gazebo) StdoutLine: {'line': b"-- Added test 'copyright' to check source files copyright and LICENSE\n"}
[2.393476] (tiago_gazebo) StdoutLine: {'line': b"-- Added test 'cppcheck' to perform static code analysis on C / C++ code\n"}
[2.393617] (tiago_gazebo) StdoutLine: {'line': b'-- Configured cppcheck include dirs: \n'}
[2.393683] (tiago_gazebo) StdoutLine: {'line': b'-- Configured cppcheck exclude dirs and/or files: \n'}
[2.394930] (tiago_gazebo) StdoutLine: {'line': b"-- Added test 'cpplint' to check C / C++ code against the Google style\n"}
[2.395123] (tiago_gazebo) StdoutLine: {'line': b'-- Configured cpplint exclude dirs and/or files: \n'}
[2.395634] (tiago_gazebo) StdoutLine: {'line': b"-- Added test 'flake8' to check Python code syntax and style conventions\n"}
[2.396345] (tiago_gazebo) StdoutLine: {'line': b"-- Added test 'lint_cmake' to check CMake code style\n"}
[2.396934] (tiago_gazebo) StdoutLine: {'line': b"-- Added test 'pep257' to check Python code against some of the docstring style conventions in PEP 257\n"}
[2.398208] (tiago_gazebo) StdoutLine: {'line': b"-- Added test 'uncrustify' to check C / C++ code style\n"}
[2.398281] (tiago_gazebo) StdoutLine: {'line': b'-- Configured uncrustify additional arguments: \n'}
[2.398845] (tiago_gazebo) StdoutLine: {'line': b"-- Added test 'xmllint' to check XML markup files\n"}
[2.400560] (tiago_gazebo) StdoutLine: {'line': b'-- Configuring done\n'}
[2.403128] (-) TimerEvent: {}
[2.407828] (tiago_gazebo) StdoutLine: {'line': b'-- Generating done\n'}
[2.409366] (tiago_gazebo) StdoutLine: {'line': b'-- Build files have been written to: /SLAM/ros_ws/build/tiago_gazebo\n'}
[2.425220] (tiago_gazebo) CommandEnded: {'returncode': 0}
[2.426118] (tiago_gazebo) JobProgress: {'identifier': 'tiago_gazebo', 'progress': 'build'}
[2.426379] (tiago_gazebo) Command: {'cmd': ['/usr/bin/cmake', '--build', '/SLAM/ros_ws/build/tiago_gazebo', '--', '-j16', '-l16'], 'cwd': '/SLAM/ros_ws/build/tiago_gazebo', 'env': OrderedDict([('HOSTNAME', 'acer'), ('GIT_ASKPASS', '/home/ros/.vscode-server/bin/0ee08df0cf4527e40edc9aa28f4b5bd38bbff2b2/extensions/git/dist/askpass.sh'), ('SHLVL', '2'), ('LD_LIBRARY_PATH', '/usr/lib/x86_64-linux-gnu/gazebo-11/plugins:/opt/ros/humble/opt/rviz_ogre_vendor/lib:/opt/ros/humble/lib/x86_64-linux-gnu:/opt/ros/humble/lib'), ('BROWSER', '/home/ros/.vscode-server/bin/0ee08df0cf4527e40edc9aa28f4b5bd38bbff2b2/bin/helpers/browser.sh'), ('HOME', '/home/ros'), ('TERM_PROGRAM_VERSION', '1.85.1'), ('VSCODE_IPC_HOOK_CLI', '/tmp/vscode-ipc-f75ace74-3a63-4e17-9c42-2d0b6a46ea6c.sock'), ('ROS_PYTHON_VERSION', '3'), ('VSCODE_GIT_ASKPASS_MAIN', '/home/ros/.vscode-server/bin/0ee08df0cf4527e40edc9aa28f4b5bd38bbff2b2/extensions/git/dist/askpass-main.js'), ('VSCODE_GIT_ASKPASS_NODE', '/home/ros/.vscode-server/bin/0ee08df0cf4527e40edc9aa28f4b5bd38bbff2b2/node'), ('COLORTERM', 'truecolor'), ('REMOTE_CONTAINERS', 'true'), ('ROS_DISTRO', 'humble'), ('REMOTE_CONTAINERS_IPC', '/tmp/vscode-remote-containers-ipc-50c619c6-2daf-4bfc-b140-aa6923d4a067.sock'), ('_', '/usr/bin/colcon'), ('ROS_VERSION', '2'), ('TERM', 'xterm-256color'), ('ROS_LOCALHOST_ONLY', '0'), ('PATH', '/home/ros/.vscode-server/bin/0ee08df0cf4527e40edc9aa28f4b5bd38bbff2b2/bin/remote-cli:/opt/ros/humble/bin:/usr/local/sbin:/usr/local/bin:/usr/sbin:/usr/bin:/sbin:/bin'), ('REMOTE_CONTAINERS_SOCKETS', '["/tmp/vscode-ssh-auth-50c619c6-2daf-4bfc-b140-aa6923d4a067.sock","/tmp/.X11-unix/X0","/home/ros/.gnupg/S.gpg-agent"]'), ('DISPLAY', ':1'), ('LANG', 'C.UTF-8'), ('VSCODE_GIT_IPC_HANDLE', '/tmp/vscode-git-f5e5d8950f.sock'), ('TERM_PROGRAM', 'vscode'), ('SSH_AUTH_SOCK', '/tmp/vscode-ssh-auth-50c619c6-2daf-4bfc-b140-aa6923d4a067.sock'), ('AMENT_PREFIX_PATH', '/SLAM/ros_ws/install/tiago_moveit_config:/SLAM/ros_ws/install/tiago_bringup:/SLAM/ros_ws/install/tiago_description:/SLAM/ros_ws/install/tiago_2dnav:/SLAM/ros_ws/install/pmb2_description:/SLAM/ros_ws/install/tiago_controller_configuration:/SLAM/ros_ws/install/pmb2_controller_configuration:/SLAM/ros_ws/install/pmb2_2dnav:/SLAM/ros_ws/install/pal_gripper_description:/SLAM/ros_ws/install/pmb2_maps:/SLAM/ros_ws/install/pmb2_laser_sensors:/SLAM/ros_ws/install/pal_gripper_controller_configuration:/SLAM/ros_ws/install/pal_gazebo_worlds:/SLAM/ros_ws/install/launch_pal:/opt/ros/humble'), ('REMOTE_CONTAINERS_DISPLAY_SOCK', '/tmp/.X11-unix/X0'), ('SHELL', '/bin/bash'), ('VSCODE_GIT_ASKPASS_EXTRA_ARGS', ''), ('PWD', '/SLAM/ros_ws/build/tiago_gazebo'), ('LC_ALL', 'C.UTF-8'), ('PYTHONPATH', '/SLAM/ros_ws/install/tiago_description/local/lib/python3.10/dist-packages:/SLAM/ros_ws/install/pmb2_description/local/lib/python3.10/dist-packages:/SLAM/ros_ws/build/launch_pal:/SLAM/ros_ws/install/launch_pal/lib/python3.10/site-packages:/opt/ros/humble/lib/python3.10/site-packages:/opt/ros/humble/local/lib/python3.10/dist-packages'), ('COLCON', '1'), ('CMAKE_PREFIX_PATH', '/SLAM/ros_ws/install/tiago_moveit_config:/SLAM/ros_ws/install/tiago_bringup:/SLAM/ros_ws/install/tiago_description:/SLAM/ros_ws/install/tiago_2dnav:/SLAM/ros_ws/install/pmb2_description:/SLAM/ros_ws/install/tiago_controller_configuration:/SLAM/ros_ws/install/pmb2_controller_configuration:/SLAM/ros_ws/install/pmb2_2dnav:/SLAM/ros_ws/install/pal_gripper_description:/SLAM/ros_ws/install/pmb2_maps:/SLAM/ros_ws/install/pmb2_laser_sensors:/SLAM/ros_ws/install/pal_gripper_controller_configuration:/SLAM/ros_ws/install/pal_gazebo_worlds:/opt/ros/humble')]), 'shell': False}
[2.473892] (tiago_gazebo) CommandEnded: {'returncode': 0}
[2.497546] (tiago_gazebo) JobProgress: {'identifier': 'tiago_gazebo', 'progress': 'install'}
[2.497975] (tiago_gazebo) Command: {'cmd': ['/usr/bin/cmake', '--install', '/SLAM/ros_ws/build/tiago_gazebo'], 'cwd': '/SLAM/ros_ws/build/tiago_gazebo', 'env': OrderedDict([('HOSTNAME', 'acer'), ('GIT_ASKPASS', '/home/ros/.vscode-server/bin/0ee08df0cf4527e40edc9aa28f4b5bd38bbff2b2/extensions/git/dist/askpass.sh'), ('SHLVL', '2'), ('LD_LIBRARY_PATH', '/usr/lib/x86_64-linux-gnu/gazebo-11/plugins:/opt/ros/humble/opt/rviz_ogre_vendor/lib:/opt/ros/humble/lib/x86_64-linux-gnu:/opt/ros/humble/lib'), ('BROWSER', '/home/ros/.vscode-server/bin/0ee08df0cf4527e40edc9aa28f4b5bd38bbff2b2/bin/helpers/browser.sh'), ('HOME', '/home/ros'), ('TERM_PROGRAM_VERSION', '1.85.1'), ('VSCODE_IPC_HOOK_CLI', '/tmp/vscode-ipc-f75ace74-3a63-4e17-9c42-2d0b6a46ea6c.sock'), ('ROS_PYTHON_VERSION', '3'), ('VSCODE_GIT_ASKPASS_MAIN', '/home/ros/.vscode-server/bin/0ee08df0cf4527e40edc9aa28f4b5bd38bbff2b2/extensions/git/dist/askpass-main.js'), ('VSCODE_GIT_ASKPASS_NODE', '/home/ros/.vscode-server/bin/0ee08df0cf4527e40edc9aa28f4b5bd38bbff2b2/node'), ('COLORTERM', 'truecolor'), ('REMOTE_CONTAINERS', 'true'), ('ROS_DISTRO', 'humble'), ('REMOTE_CONTAINERS_IPC', '/tmp/vscode-remote-containers-ipc-50c619c6-2daf-4bfc-b140-aa6923d4a067.sock'), ('_', '/usr/bin/colcon'), ('ROS_VERSION', '2'), ('TERM', 'xterm-256color'), ('ROS_LOCALHOST_ONLY', '0'), ('PATH', '/home/ros/.vscode-server/bin/0ee08df0cf4527e40edc9aa28f4b5bd38bbff2b2/bin/remote-cli:/opt/ros/humble/bin:/usr/local/sbin:/usr/local/bin:/usr/sbin:/usr/bin:/sbin:/bin'), ('REMOTE_CONTAINERS_SOCKETS', '["/tmp/vscode-ssh-auth-50c619c6-2daf-4bfc-b140-aa6923d4a067.sock","/tmp/.X11-unix/X0","/home/ros/.gnupg/S.gpg-agent"]'), ('DISPLAY', ':1'), ('LANG', 'C.UTF-8'), ('VSCODE_GIT_IPC_HANDLE', '/tmp/vscode-git-f5e5d8950f.sock'), ('TERM_PROGRAM', 'vscode'), ('SSH_AUTH_SOCK', '/tmp/vscode-ssh-auth-50c619c6-2daf-4bfc-b140-aa6923d4a067.sock'), ('AMENT_PREFIX_PATH', '/SLAM/ros_ws/install/tiago_moveit_config:/SLAM/ros_ws/install/tiago_bringup:/SLAM/ros_ws/install/tiago_description:/SLAM/ros_ws/install/tiago_2dnav:/SLAM/ros_ws/install/pmb2_description:/SLAM/ros_ws/install/tiago_controller_configuration:/SLAM/ros_ws/install/pmb2_controller_configuration:/SLAM/ros_ws/install/pmb2_2dnav:/SLAM/ros_ws/install/pal_gripper_description:/SLAM/ros_ws/install/pmb2_maps:/SLAM/ros_ws/install/pmb2_laser_sensors:/SLAM/ros_ws/install/pal_gripper_controller_configuration:/SLAM/ros_ws/install/pal_gazebo_worlds:/SLAM/ros_ws/install/launch_pal:/opt/ros/humble'), ('REMOTE_CONTAINERS_DISPLAY_SOCK', '/tmp/.X11-unix/X0'), ('SHELL', '/bin/bash'), ('VSCODE_GIT_ASKPASS_EXTRA_ARGS', ''), ('PWD', '/SLAM/ros_ws/build/tiago_gazebo'), ('LC_ALL', 'C.UTF-8'), ('PYTHONPATH', '/SLAM/ros_ws/install/tiago_description/local/lib/python3.10/dist-packages:/SLAM/ros_ws/install/pmb2_description/local/lib/python3.10/dist-packages:/SLAM/ros_ws/build/launch_pal:/SLAM/ros_ws/install/launch_pal/lib/python3.10/site-packages:/opt/ros/humble/lib/python3.10/site-packages:/opt/ros/humble/local/lib/python3.10/dist-packages'), ('COLCON', '1'), ('CMAKE_PREFIX_PATH', '/SLAM/ros_ws/install/tiago_moveit_config:/SLAM/ros_ws/install/tiago_bringup:/SLAM/ros_ws/install/tiago_description:/SLAM/ros_ws/install/tiago_2dnav:/SLAM/ros_ws/install/pmb2_description:/SLAM/ros_ws/install/tiago_controller_configuration:/SLAM/ros_ws/install/pmb2_controller_configuration:/SLAM/ros_ws/install/pmb2_2dnav:/SLAM/ros_ws/install/pal_gripper_description:/SLAM/ros_ws/install/pmb2_maps:/SLAM/ros_ws/install/pmb2_laser_sensors:/SLAM/ros_ws/install/pal_gripper_controller_configuration:/SLAM/ros_ws/install/pal_gazebo_worlds:/opt/ros/humble')]), 'shell': False}
[2.503204] (-) TimerEvent: {}
[2.507026] (tiago_gazebo) StdoutLine: {'line': b'-- Install configuration: ""\n'}
[2.507412] (tiago_gazebo) StdoutLine: {'line': b'-- Execute custom install script\n'}
[2.507634] (tiago_gazebo) StdoutLine: {'line': b'-- Symlinking: /SLAM/ros_ws/install/tiago_gazebo/lib/tiago_gazebo/tuck_arm.py\n'}
[2.519119] (tiago_gazebo) StdoutLine: {'line': b'-- Symlinking: /SLAM/ros_ws/install/tiago_gazebo/share/tiago_gazebo/launch/tiago_gazebo.launch.py\n'}
[2.530024] (tiago_gazebo) StdoutLine: {'line': b'-- Symlinking: /SLAM/ros_ws/install/tiago_gazebo/share/tiago_gazebo/launch/tiago_spawn.launch.py\n'}
[2.540514] (tiago_gazebo) StdoutLine: {'line': b'-- Symlinking: /SLAM/ros_ws/install/tiago_gazebo/share/ament_index/resource_index/package_run_dependencies/tiago_gazebo\n'}
[2.550251] (tiago_gazebo) StdoutLine: {'line': b'-- Symlinking: /SLAM/ros_ws/install/tiago_gazebo/share/ament_index/resource_index/parent_prefix_path/tiago_gazebo\n'}
[2.559925] (tiago_gazebo) StdoutLine: {'line': b'-- Symlinking: /SLAM/ros_ws/install/tiago_gazebo/share/tiago_gazebo/environment/ament_prefix_path.sh\n'}
[2.569575] (tiago_gazebo) StdoutLine: {'line': b'-- Symlinking: /SLAM/ros_ws/install/tiago_gazebo/share/tiago_gazebo/environment/ament_prefix_path.dsv\n'}
[2.579528] (tiago_gazebo) StdoutLine: {'line': b'-- Symlinking: /SLAM/ros_ws/install/tiago_gazebo/share/tiago_gazebo/environment/path.sh\n'}
[2.588718] (tiago_gazebo) StdoutLine: {'line': b'-- Symlinking: /SLAM/ros_ws/install/tiago_gazebo/share/tiago_gazebo/environment/path.dsv\n'}
[2.597600] (tiago_gazebo) StdoutLine: {'line': b'-- Symlinking: /SLAM/ros_ws/install/tiago_gazebo/share/tiago_gazebo/local_setup.bash\n'}
[2.603283] (-) TimerEvent: {}
[2.606429] (tiago_gazebo) StdoutLine: {'line': b'-- Symlinking: /SLAM/ros_ws/install/tiago_gazebo/share/tiago_gazebo/local_setup.sh\n'}
[2.617995] (tiago_gazebo) StdoutLine: {'line': b'-- Symlinking: /SLAM/ros_ws/install/tiago_gazebo/share/tiago_gazebo/local_setup.zsh\n'}
[2.628444] (tiago_gazebo) StdoutLine: {'line': b'-- Symlinking: /SLAM/ros_ws/install/tiago_gazebo/share/tiago_gazebo/local_setup.dsv\n'}
[2.637792] (tiago_gazebo) StdoutLine: {'line': b'-- Symlinking: /SLAM/ros_ws/install/tiago_gazebo/share/tiago_gazebo/package.dsv\n'}
[2.647691] (tiago_gazebo) StdoutLine: {'line': b'-- Symlinking: /SLAM/ros_ws/install/tiago_gazebo/share/ament_index/resource_index/packages/tiago_gazebo\n'}
[2.657553] (tiago_gazebo) StdoutLine: {'line': b'-- Symlinking: /SLAM/ros_ws/install/tiago_gazebo/share/tiago_gazebo/cmake/tiago_gazeboConfig.cmake\n'}
[2.667814] (tiago_gazebo) StdoutLine: {'line': b'-- Symlinking: /SLAM/ros_ws/install/tiago_gazebo/share/tiago_gazebo/cmake/tiago_gazeboConfig-version.cmake\n'}
[2.677506] (tiago_gazebo) StdoutLine: {'line': b'-- Symlinking: /SLAM/ros_ws/install/tiago_gazebo/share/tiago_gazebo/package.xml\n'}
[2.689504] (tiago_gazebo) CommandEnded: {'returncode': 0}
[2.703388] (-) TimerEvent: {}
[2.803682] (-) TimerEvent: {}
[2.808626] (tiago_gazebo) JobEnded: {'identifier': 'tiago_gazebo', 'rc': 0}
[2.809379] (tiago_simulation) JobStarted: {'identifier': 'tiago_simulation'}
[2.864952] (tiago_simulation) JobProgress: {'identifier': 'tiago_simulation', 'progress': 'cmake'}
[2.865539] (tiago_simulation) Command: {'cmd': ['/usr/bin/cmake', '/SLAM/ros_ws/src/ThirdParty/tiago_simulation/tiago_simulation', '-DAMENT_CMAKE_SYMLINK_INSTALL=1', '-DCMAKE_INSTALL_PREFIX=/SLAM/ros_ws/install/tiago_simulation'], 'cwd': '/SLAM/ros_ws/build/tiago_simulation', 'env': OrderedDict([('HOSTNAME', 'acer'), ('GIT_ASKPASS', '/home/ros/.vscode-server/bin/0ee08df0cf4527e40edc9aa28f4b5bd38bbff2b2/extensions/git/dist/askpass.sh'), ('SHLVL', '2'), ('LD_LIBRARY_PATH', '/usr/lib/x86_64-linux-gnu/gazebo-11/plugins:/opt/ros/humble/opt/rviz_ogre_vendor/lib:/opt/ros/humble/lib/x86_64-linux-gnu:/opt/ros/humble/lib'), ('BROWSER', '/home/ros/.vscode-server/bin/0ee08df0cf4527e40edc9aa28f4b5bd38bbff2b2/bin/helpers/browser.sh'), ('HOME', '/home/ros'), ('TERM_PROGRAM_VERSION', '1.85.1'), ('VSCODE_IPC_HOOK_CLI', '/tmp/vscode-ipc-f75ace74-3a63-4e17-9c42-2d0b6a46ea6c.sock'), ('ROS_PYTHON_VERSION', '3'), ('VSCODE_GIT_ASKPASS_MAIN', '/home/ros/.vscode-server/bin/0ee08df0cf4527e40edc9aa28f4b5bd38bbff2b2/extensions/git/dist/askpass-main.js'), ('VSCODE_GIT_ASKPASS_NODE', '/home/ros/.vscode-server/bin/0ee08df0cf4527e40edc9aa28f4b5bd38bbff2b2/node'), ('COLORTERM', 'truecolor'), ('REMOTE_CONTAINERS', 'true'), ('ROS_DISTRO', 'humble'), ('REMOTE_CONTAINERS_IPC', '/tmp/vscode-remote-containers-ipc-50c619c6-2daf-4bfc-b140-aa6923d4a067.sock'), ('_', '/usr/bin/colcon'), ('ROS_VERSION', '2'), ('TERM', 'xterm-256color'), ('ROS_LOCALHOST_ONLY', '0'), ('PATH', '/home/ros/.vscode-server/bin/0ee08df0cf4527e40edc9aa28f4b5bd38bbff2b2/bin/remote-cli:/opt/ros/humble/bin:/usr/local/sbin:/usr/local/bin:/usr/sbin:/usr/bin:/sbin:/bin'), ('REMOTE_CONTAINERS_SOCKETS', '["/tmp/vscode-ssh-auth-50c619c6-2daf-4bfc-b140-aa6923d4a067.sock","/tmp/.X11-unix/X0","/home/ros/.gnupg/S.gpg-agent"]'), ('DISPLAY', ':1'), ('LANG', 'C.UTF-8'), ('VSCODE_GIT_IPC_HANDLE', '/tmp/vscode-git-f5e5d8950f.sock'), ('TERM_PROGRAM', 'vscode'), ('SSH_AUTH_SOCK', '/tmp/vscode-ssh-auth-50c619c6-2daf-4bfc-b140-aa6923d4a067.sock'), ('AMENT_PREFIX_PATH', '/SLAM/ros_ws/install/tiago_gazebo:/SLAM/ros_ws/install/tiago_moveit_config:/SLAM/ros_ws/install/tiago_bringup:/SLAM/ros_ws/install/tiago_description:/SLAM/ros_ws/install/tiago_2dnav:/SLAM/ros_ws/install/pmb2_description:/SLAM/ros_ws/install/tiago_controller_configuration:/SLAM/ros_ws/install/pmb2_controller_configuration:/SLAM/ros_ws/install/pmb2_2dnav:/SLAM/ros_ws/install/pal_gripper_description:/SLAM/ros_ws/install/pmb2_maps:/SLAM/ros_ws/install/pmb2_laser_sensors:/SLAM/ros_ws/install/pal_gripper_controller_configuration:/SLAM/ros_ws/install/pal_gazebo_worlds:/SLAM/ros_ws/install/launch_pal:/opt/ros/humble'), ('REMOTE_CONTAINERS_DISPLAY_SOCK', '/tmp/.X11-unix/X0'), ('SHELL', '/bin/bash'), ('VSCODE_GIT_ASKPASS_EXTRA_ARGS', ''), ('PWD', '/SLAM/ros_ws/build/tiago_simulation'), ('LC_ALL', 'C.UTF-8'), ('PYTHONPATH', '/SLAM/ros_ws/install/tiago_description/local/lib/python3.10/dist-packages:/SLAM/ros_ws/install/pmb2_description/local/lib/python3.10/dist-packages:/SLAM/ros_ws/build/launch_pal:/SLAM/ros_ws/install/launch_pal/lib/python3.10/site-packages:/opt/ros/humble/lib/python3.10/site-packages:/opt/ros/humble/local/lib/python3.10/dist-packages'), ('COLCON', '1'), ('CMAKE_PREFIX_PATH', '/SLAM/ros_ws/install/tiago_gazebo:/SLAM/ros_ws/install/tiago_moveit_config:/SLAM/ros_ws/install/tiago_bringup:/SLAM/ros_ws/install/tiago_description:/SLAM/ros_ws/install/tiago_2dnav:/SLAM/ros_ws/install/pmb2_description:/SLAM/ros_ws/install/tiago_controller_configuration:/SLAM/ros_ws/install/pmb2_controller_configuration:/SLAM/ros_ws/install/pmb2_2dnav:/SLAM/ros_ws/install/pal_gripper_description:/SLAM/ros_ws/install/pmb2_maps:/SLAM/ros_ws/install/pmb2_laser_sensors:/SLAM/ros_ws/install/pal_gripper_controller_configuration:/SLAM/ros_ws/install/pal_gazebo_worlds:/opt/ros/humble')]), 'shell': False}
[2.903865] (-) TimerEvent: {}
[2.921152] (tiago_simulation) StdoutLine: {'line': b'-- The C compiler identification is GNU 11.4.0\n'}
[2.972830] (tiago_simulation) StdoutLine: {'line': b'-- The CXX compiler identification is GNU 11.4.0\n'}
[2.979556] (tiago_simulation) StdoutLine: {'line': b'-- Detecting C compiler ABI info\n'}
[3.003950] (-) TimerEvent: {}
[3.046429] (tiago_simulation) StdoutLine: {'line': b'-- Detecting C compiler ABI info - done\n'}
[3.051740] (tiago_simulation) StdoutLine: {'line': b'-- Check for working C compiler: /usr/bin/cc - skipped\n'}
[3.051937] (tiago_simulation) StdoutLine: {'line': b'-- Detecting C compile features\n'}
[3.052244] (tiago_simulation) StdoutLine: {'line': b'-- Detecting C compile features - done\n'}
[3.054806] (tiago_simulation) StdoutLine: {'line': b'-- Detecting CXX compiler ABI info\n'}
[3.104056] (-) TimerEvent: {}
[3.130455] (tiago_simulation) StdoutLine: {'line': b'-- Detecting CXX compiler ABI info - done\n'}
[3.135995] (tiago_simulation) StdoutLine: {'line': b'-- Check for working CXX compiler: /usr/bin/c++ - skipped\n'}
[3.136217] (tiago_simulation) StdoutLine: {'line': b'-- Detecting CXX compile features\n'}
[3.136594] (tiago_simulation) StdoutLine: {'line': b'-- Detecting CXX compile features - done\n'}
[3.142531] (tiago_simulation) StdoutLine: {'line': b'-- Found ament_cmake: 1.3.6 (/opt/ros/humble/share/ament_cmake/cmake)\n'}
[3.204142] (-) TimerEvent: {}
[3.304391] (-) TimerEvent: {}
[3.309676] (tiago_simulation) StdoutLine: {'line': b'-- Found Python3: /usr/bin/python3.10 (found version "3.10.12") found components: Interpreter \n'}
[3.363840] (tiago_simulation) StdoutLine: {'line': b'-- Override CMake install command with custom implementation using symlinks instead of copying resources\n'}
[3.404495] (-) TimerEvent: {}
[3.504825] (-) TimerEvent: {}
[3.505897] (tiago_simulation) StdoutLine: {'line': b'-- Configuring done\n'}
[3.509292] (tiago_simulation) StdoutLine: {'line': b'-- Generating done\n'}
[3.510318] (tiago_simulation) StdoutLine: {'line': b'-- Build files have been written to: /SLAM/ros_ws/build/tiago_simulation\n'}
[3.515854] (tiago_simulation) CommandEnded: {'returncode': 0}
[3.516687] (tiago_simulation) JobProgress: {'identifier': 'tiago_simulation', 'progress': 'build'}
[3.516972] (tiago_simulation) Command: {'cmd': ['/usr/bin/cmake', '--build', '/SLAM/ros_ws/build/tiago_simulation', '--', '-j16', '-l16'], 'cwd': '/SLAM/ros_ws/build/tiago_simulation', 'env': OrderedDict([('HOSTNAME', 'acer'), ('GIT_ASKPASS', '/home/ros/.vscode-server/bin/0ee08df0cf4527e40edc9aa28f4b5bd38bbff2b2/extensions/git/dist/askpass.sh'), ('SHLVL', '2'), ('LD_LIBRARY_PATH', '/usr/lib/x86_64-linux-gnu/gazebo-11/plugins:/opt/ros/humble/opt/rviz_ogre_vendor/lib:/opt/ros/humble/lib/x86_64-linux-gnu:/opt/ros/humble/lib'), ('BROWSER', '/home/ros/.vscode-server/bin/0ee08df0cf4527e40edc9aa28f4b5bd38bbff2b2/bin/helpers/browser.sh'), ('HOME', '/home/ros'), ('TERM_PROGRAM_VERSION', '1.85.1'), ('VSCODE_IPC_HOOK_CLI', '/tmp/vscode-ipc-f75ace74-3a63-4e17-9c42-2d0b6a46ea6c.sock'), ('ROS_PYTHON_VERSION', '3'), ('VSCODE_GIT_ASKPASS_MAIN', '/home/ros/.vscode-server/bin/0ee08df0cf4527e40edc9aa28f4b5bd38bbff2b2/extensions/git/dist/askpass-main.js'), ('VSCODE_GIT_ASKPASS_NODE', '/home/ros/.vscode-server/bin/0ee08df0cf4527e40edc9aa28f4b5bd38bbff2b2/node'), ('COLORTERM', 'truecolor'), ('REMOTE_CONTAINERS', 'true'), ('ROS_DISTRO', 'humble'), ('REMOTE_CONTAINERS_IPC', '/tmp/vscode-remote-containers-ipc-50c619c6-2daf-4bfc-b140-aa6923d4a067.sock'), ('_', '/usr/bin/colcon'), ('ROS_VERSION', '2'), ('TERM', 'xterm-256color'), ('ROS_LOCALHOST_ONLY', '0'), ('PATH', '/home/ros/.vscode-server/bin/0ee08df0cf4527e40edc9aa28f4b5bd38bbff2b2/bin/remote-cli:/opt/ros/humble/bin:/usr/local/sbin:/usr/local/bin:/usr/sbin:/usr/bin:/sbin:/bin'), ('REMOTE_CONTAINERS_SOCKETS', '["/tmp/vscode-ssh-auth-50c619c6-2daf-4bfc-b140-aa6923d4a067.sock","/tmp/.X11-unix/X0","/home/ros/.gnupg/S.gpg-agent"]'), ('DISPLAY', ':1'), ('LANG', 'C.UTF-8'), ('VSCODE_GIT_IPC_HANDLE', '/tmp/vscode-git-f5e5d8950f.sock'), ('TERM_PROGRAM', 'vscode'), ('SSH_AUTH_SOCK', '/tmp/vscode-ssh-auth-50c619c6-2daf-4bfc-b140-aa6923d4a067.sock'), ('AMENT_PREFIX_PATH', '/SLAM/ros_ws/install/tiago_gazebo:/SLAM/ros_ws/install/tiago_moveit_config:/SLAM/ros_ws/install/tiago_bringup:/SLAM/ros_ws/install/tiago_description:/SLAM/ros_ws/install/tiago_2dnav:/SLAM/ros_ws/install/pmb2_description:/SLAM/ros_ws/install/tiago_controller_configuration:/SLAM/ros_ws/install/pmb2_controller_configuration:/SLAM/ros_ws/install/pmb2_2dnav:/SLAM/ros_ws/install/pal_gripper_description:/SLAM/ros_ws/install/pmb2_maps:/SLAM/ros_ws/install/pmb2_laser_sensors:/SLAM/ros_ws/install/pal_gripper_controller_configuration:/SLAM/ros_ws/install/pal_gazebo_worlds:/SLAM/ros_ws/install/launch_pal:/opt/ros/humble'), ('REMOTE_CONTAINERS_DISPLAY_SOCK', '/tmp/.X11-unix/X0'), ('SHELL', '/bin/bash'), ('VSCODE_GIT_ASKPASS_EXTRA_ARGS', ''), ('PWD', '/SLAM/ros_ws/build/tiago_simulation'), ('LC_ALL', 'C.UTF-8'), ('PYTHONPATH', '/SLAM/ros_ws/install/tiago_description/local/lib/python3.10/dist-packages:/SLAM/ros_ws/install/pmb2_description/local/lib/python3.10/dist-packages:/SLAM/ros_ws/build/launch_pal:/SLAM/ros_ws/install/launch_pal/lib/python3.10/site-packages:/opt/ros/humble/lib/python3.10/site-packages:/opt/ros/humble/local/lib/python3.10/dist-packages'), ('COLCON', '1'), ('CMAKE_PREFIX_PATH', '/SLAM/ros_ws/install/tiago_gazebo:/SLAM/ros_ws/install/tiago_moveit_config:/SLAM/ros_ws/install/tiago_bringup:/SLAM/ros_ws/install/tiago_description:/SLAM/ros_ws/install/tiago_2dnav:/SLAM/ros_ws/install/pmb2_description:/SLAM/ros_ws/install/tiago_controller_configuration:/SLAM/ros_ws/install/pmb2_controller_configuration:/SLAM/ros_ws/install/pmb2_2dnav:/SLAM/ros_ws/install/pal_gripper_description:/SLAM/ros_ws/install/pmb2_maps:/SLAM/ros_ws/install/pmb2_laser_sensors:/SLAM/ros_ws/install/pal_gripper_controller_configuration:/SLAM/ros_ws/install/pal_gazebo_worlds:/opt/ros/humble')]), 'shell': False}
[3.565966] (tiago_simulation) CommandEnded: {'returncode': 0}
[3.592657] (tiago_simulation) JobProgress: {'identifier': 'tiago_simulation', 'progress': 'install'}
[3.593326] (tiago_simulation) Command: {'cmd': ['/usr/bin/cmake', '--install', '/SLAM/ros_ws/build/tiago_simulation'], 'cwd': '/SLAM/ros_ws/build/tiago_simulation', 'env': OrderedDict([('HOSTNAME', 'acer'), ('GIT_ASKPASS', '/home/ros/.vscode-server/bin/0ee08df0cf4527e40edc9aa28f4b5bd38bbff2b2/extensions/git/dist/askpass.sh'), ('SHLVL', '2'), ('LD_LIBRARY_PATH', '/usr/lib/x86_64-linux-gnu/gazebo-11/plugins:/opt/ros/humble/opt/rviz_ogre_vendor/lib:/opt/ros/humble/lib/x86_64-linux-gnu:/opt/ros/humble/lib'), ('BROWSER', '/home/ros/.vscode-server/bin/0ee08df0cf4527e40edc9aa28f4b5bd38bbff2b2/bin/helpers/browser.sh'), ('HOME', '/home/ros'), ('TERM_PROGRAM_VERSION', '1.85.1'), ('VSCODE_IPC_HOOK_CLI', '/tmp/vscode-ipc-f75ace74-3a63-4e17-9c42-2d0b6a46ea6c.sock'), ('ROS_PYTHON_VERSION', '3'), ('VSCODE_GIT_ASKPASS_MAIN', '/home/ros/.vscode-server/bin/0ee08df0cf4527e40edc9aa28f4b5bd38bbff2b2/extensions/git/dist/askpass-main.js'), ('VSCODE_GIT_ASKPASS_NODE', '/home/ros/.vscode-server/bin/0ee08df0cf4527e40edc9aa28f4b5bd38bbff2b2/node'), ('COLORTERM', 'truecolor'), ('REMOTE_CONTAINERS', 'true'), ('ROS_DISTRO', 'humble'), ('REMOTE_CONTAINERS_IPC', '/tmp/vscode-remote-containers-ipc-50c619c6-2daf-4bfc-b140-aa6923d4a067.sock'), ('_', '/usr/bin/colcon'), ('ROS_VERSION', '2'), ('TERM', 'xterm-256color'), ('ROS_LOCALHOST_ONLY', '0'), ('PATH', '/home/ros/.vscode-server/bin/0ee08df0cf4527e40edc9aa28f4b5bd38bbff2b2/bin/remote-cli:/opt/ros/humble/bin:/usr/local/sbin:/usr/local/bin:/usr/sbin:/usr/bin:/sbin:/bin'), ('REMOTE_CONTAINERS_SOCKETS', '["/tmp/vscode-ssh-auth-50c619c6-2daf-4bfc-b140-aa6923d4a067.sock","/tmp/.X11-unix/X0","/home/ros/.gnupg/S.gpg-agent"]'), ('DISPLAY', ':1'), ('LANG', 'C.UTF-8'), ('VSCODE_GIT_IPC_HANDLE', '/tmp/vscode-git-f5e5d8950f.sock'), ('TERM_PROGRAM', 'vscode'), ('SSH_AUTH_SOCK', '/tmp/vscode-ssh-auth-50c619c6-2daf-4bfc-b140-aa6923d4a067.sock'), ('AMENT_PREFIX_PATH', '/SLAM/ros_ws/install/tiago_gazebo:/SLAM/ros_ws/install/tiago_moveit_config:/SLAM/ros_ws/install/tiago_bringup:/SLAM/ros_ws/install/tiago_description:/SLAM/ros_ws/install/tiago_2dnav:/SLAM/ros_ws/install/pmb2_description:/SLAM/ros_ws/install/tiago_controller_configuration:/SLAM/ros_ws/install/pmb2_controller_configuration:/SLAM/ros_ws/install/pmb2_2dnav:/SLAM/ros_ws/install/pal_gripper_description:/SLAM/ros_ws/install/pmb2_maps:/SLAM/ros_ws/install/pmb2_laser_sensors:/SLAM/ros_ws/install/pal_gripper_controller_configuration:/SLAM/ros_ws/install/pal_gazebo_worlds:/SLAM/ros_ws/install/launch_pal:/opt/ros/humble'), ('REMOTE_CONTAINERS_DISPLAY_SOCK', '/tmp/.X11-unix/X0'), ('SHELL', '/bin/bash'), ('VSCODE_GIT_ASKPASS_EXTRA_ARGS', ''), ('PWD', '/SLAM/ros_ws/build/tiago_simulation'), ('LC_ALL', 'C.UTF-8'), ('PYTHONPATH', '/SLAM/ros_ws/install/tiago_description/local/lib/python3.10/dist-packages:/SLAM/ros_ws/install/pmb2_description/local/lib/python3.10/dist-packages:/SLAM/ros_ws/build/launch_pal:/SLAM/ros_ws/install/launch_pal/lib/python3.10/site-packages:/opt/ros/humble/lib/python3.10/site-packages:/opt/ros/humble/local/lib/python3.10/dist-packages'), ('COLCON', '1'), ('CMAKE_PREFIX_PATH', '/SLAM/ros_ws/install/tiago_gazebo:/SLAM/ros_ws/install/tiago_moveit_config:/SLAM/ros_ws/install/tiago_bringup:/SLAM/ros_ws/install/tiago_description:/SLAM/ros_ws/install/tiago_2dnav:/SLAM/ros_ws/install/pmb2_description:/SLAM/ros_ws/install/tiago_controller_configuration:/SLAM/ros_ws/install/pmb2_controller_configuration:/SLAM/ros_ws/install/pmb2_2dnav:/SLAM/ros_ws/install/pal_gripper_description:/SLAM/ros_ws/install/pmb2_maps:/SLAM/ros_ws/install/pmb2_laser_sensors:/SLAM/ros_ws/install/pal_gripper_controller_configuration:/SLAM/ros_ws/install/pal_gazebo_worlds:/opt/ros/humble')]), 'shell': False}
[3.601540] (tiago_simulation) StdoutLine: {'line': b'-- Install configuration: ""\n'}
[3.601896] (tiago_simulation) StdoutLine: {'line': b'-- Execute custom install script\n'}
[3.602231] (tiago_simulation) StdoutLine: {'line': b'-- Symlinking: /SLAM/ros_ws/install/tiago_simulation/share/ament_index/resource_index/package_run_dependencies/tiago_simulation\n'}
[3.604872] (-) TimerEvent: {}
[3.613319] (tiago_simulation) StdoutLine: {'line': b'-- Symlinking: /SLAM/ros_ws/install/tiago_simulation/share/ament_index/resource_index/parent_prefix_path/tiago_simulation\n'}
[3.626205] (tiago_simulation) StdoutLine: {'line': b'-- Symlinking: /SLAM/ros_ws/install/tiago_simulation/share/tiago_simulation/environment/ament_prefix_path.sh\n'}
[3.636107] (tiago_simulation) StdoutLine: {'line': b'-- Symlinking: /SLAM/ros_ws/install/tiago_simulation/share/tiago_simulation/environment/ament_prefix_path.dsv\n'}
[3.646077] (tiago_simulation) StdoutLine: {'line': b'-- Symlinking: /SLAM/ros_ws/install/tiago_simulation/share/tiago_simulation/environment/path.sh\n'}
[3.655415] (tiago_simulation) StdoutLine: {'line': b'-- Symlinking: /SLAM/ros_ws/install/tiago_simulation/share/tiago_simulation/environment/path.dsv\n'}
[3.665316] (tiago_simulation) StdoutLine: {'line': b'-- Symlinking: /SLAM/ros_ws/install/tiago_simulation/share/tiago_simulation/local_setup.bash\n'}
[3.675281] (tiago_simulation) StdoutLine: {'line': b'-- Symlinking: /SLAM/ros_ws/install/tiago_simulation/share/tiago_simulation/local_setup.sh\n'}
[3.684529] (tiago_simulation) StdoutLine: {'line': b'-- Symlinking: /SLAM/ros_ws/install/tiago_simulation/share/tiago_simulation/local_setup.zsh\n'}
[3.693940] (tiago_simulation) StdoutLine: {'line': b'-- Symlinking: /SLAM/ros_ws/install/tiago_simulation/share/tiago_simulation/local_setup.dsv\n'}
[3.703095] (tiago_simulation) StdoutLine: {'line': b'-- Symlinking: /SLAM/ros_ws/install/tiago_simulation/share/tiago_simulation/package.dsv\n'}
[3.704945] (-) TimerEvent: {}
[3.712560] (tiago_simulation) StdoutLine: {'line': b'-- Symlinking: /SLAM/ros_ws/install/tiago_simulation/share/ament_index/resource_index/packages/tiago_simulation\n'}
[3.723549] (tiago_simulation) StdoutLine: {'line': b'-- Symlinking: /SLAM/ros_ws/install/tiago_simulation/share/tiago_simulation/cmake/tiago_simulationConfig.cmake\n'}
[3.733367] (tiago_simulation) StdoutLine: {'line': b'-- Symlinking: /SLAM/ros_ws/install/tiago_simulation/share/tiago_simulation/cmake/tiago_simulationConfig-version.cmake\n'}
[3.743146] (tiago_simulation) StdoutLine: {'line': b'-- Symlinking: /SLAM/ros_ws/install/tiago_simulation/share/tiago_simulation/package.xml\n'}
[3.755093] (tiago_simulation) CommandEnded: {'returncode': 0}
[3.805073] (-) TimerEvent: {}
[3.875372] (tiago_simulation) JobEnded: {'identifier': 'tiago_simulation', 'rc': 0}
[3.875891] (-) EventReactorShutdown: {}
