[0.426s] Invoking command in '/SLAM/ros_ws/build/rtabmap': CMAKE_PREFIX_PATH=/opt/ros/humble /usr/bin/cmake /SLAM/ros_ws/src/rtabmap -DCMAKE_BUILD_TYPE=Release -DCMAKE_INSTALL_PREFIX=/SLAM/ros_ws/install/rtabmap
[0.954s] -- MOBILE_BUILD=OFF
[0.954s] -- Eigen found (include: /usr/include/eigen3, version: 3.4.0)
[0.955s] -- OpenNI found (version: 1.5.4.0, include: /usr/include/ni, lib: /usr/lib/libOpenNI.so;libusb::libusb)
[1.095s] -- Eigen found (include: /usr/include/eigen3, version: 3.4.0)
[1.139s] -- FLANN found (include: /usr/include, lib: /usr/lib/x86_64-linux-gnu/libflann_cpp.so)
[1.142s] -- Found Qhull version 8.0.2
[1.771s] -- OpenNI found (version: 1.5.4.0, include: /usr/include/ni, lib: /usr/lib/libOpenNI.so;libusb::libusb)
[1.947s] -- PCL definitions don't contain "-march=native", make sure all libraries using Eigen are also compiled without that flag to avoid some segmentation faults (with gdb referring to some Eigen functions).
[1.949s] -- Found Sqlite3: /usr/include /usr/lib/x86_64-linux-gnu/libsqlite3.so
[1.952s] -- Found OpenMP: /usr/lib/gcc/x86_64-linux-gnu/11/libgomp.so;/usr/lib/x86_64-linux-gnu/libpthread.a
[1.953s] -- Add PCL_OMP to definitions
[1.953s] -- Found OpenCV: /usr/include/opencv4
[1.953s] -- Found PCL: /usr/include/pcl-1.12;/usr/include/eigen3;/usr/include;/usr/include/ni
[1.953s] -- Found ZLIB: /usr/include
[1.968s] -- Found OpenGL: /usr/lib/x86_64-linux-gnu/libOpenGL.so  found components: OpenGL GLX 
[2.590s] -- VTK>=9 detected, will use VTK_QT_VERSION=5 for Qt version.
[2.597s] -- VTK_RENDERING_BACKEND=
[2.706s] -- Found OpenNI2: /SLAM/ros_ws/install/astra_camera/include/openni2
[2.706s] -- Found DC1394: /usr/include/dc1394
[2.710s] -- Found OpenGL: /usr/lib/x86_64-linux-gnu/libOpenGL.so   
[2.713s] -- Found g2o (targets)
[2.713s] -- g2o include dir: /opt/ros/humble/include
[2.713s] -- Latest g2o factory version detected with shared ptr (factory file: /opt/ros/humble/include/g2o/core/factory.h).
[2.734s] -- GTSAM include directory:  /opt/ros/humble/lib/cmake/GTSAM/../../../include
[2.755s] -- FlyCapture2_INCLUDE_DIR=FlyCapture2_INCLUDE_DIR-NOTFOUND
[2.755s] -- FlyCapture2_LIBRARY=FlyCapture2_LIBRARY-NOTFOUND
[2.755s] -- Triclops_INCLUDE_DIR=Triclops_INCLUDE_DIR-NOTFOUND
[2.756s] -- Triclops_LIBRARY=Triclops_LIBRARY-NOTFOUND
[2.756s] -- FlyCaptureBridge_LIBRARY=FlyCaptureBridge_LIBRARY-NOTFOUND
[2.763s] -- Found Boost: /usr/lib/x86_64-linux-gnu/cmake/Boost-1.74.0/BoostConfig.cmake (found version "1.74.0") found components: thread filesystem system program_options date_time 
[2.769s] -- Found Boost: /usr/lib/x86_64-linux-gnu/cmake/Boost-1.74.0/BoostConfig.cmake (found version "1.74.0") found components: thread filesystem system program_options date_time chrono 
[2.770s] -- Found libpointmatcher: /opt/ros/humble/include;/usr/include/eigen3
[2.778s] -- Found Boost: /usr/lib/x86_64-linux-gnu/cmake/Boost-1.74.0/BoostConfig.cmake (found version "1.74.0") found components: thread filesystem system program_options date_time 
[2.787s] -- Found Boost: /usr/lib/x86_64-linux-gnu/cmake/Boost-1.74.0/BoostConfig.cmake (found version "1.74.0") found components: thread filesystem system program_options date_time chrono timer serialization 
[2.834s] -- Found RealSense2: 
[2.862s] -- Found octomap 1.9.8: /opt/ros/humble/include
[2.943s] -- Found grid_map_core 2.0.0: /opt/ros/humble/include;/usr/include/eigen3
[2.947s] -- Architecture: x86_64
[2.986s] -- Found Pthreads
[3.069s] -- --------------------------------------------
[3.069s] -- Info :
[3.069s] --   RTAB-Map Version =     0.21.4
[3.069s] --   CMAKE_VERSION =        3.22.1
[3.069s] --   CMAKE_INSTALL_PREFIX = /SLAM/ros_ws/install/rtabmap
[3.070s] --   CMAKE_BUILD_TYPE =     Release
[3.070s] --   CMAKE_INSTALL_LIBDIR = lib
[3.070s] --   BUILD_APP =            ON
[3.070s] --   BUILD_TOOLS =          ON
[3.070s] --   BUILD_EXAMPLES =       ON
[3.070s] --   BUILD_SHARED_LIBS =    ON
[3.071s] --   CMAKE_CXX_FLAGS =  -fmessage-length=0 -fopenmp -std=c++17
[3.071s] --   FLANN_KDTREE_MEM_OPT = OFF
[3.071s] --   PCL_DEFINITIONS = -DDISABLE_OPENNI2;-DDISABLE_PCAP;-DDISABLE_PNG
[3.071s] --   PCL_VERSION = 1.12.1
[3.071s] -- 
[3.071s] -- Optional dependencies ('*' affects some default parameters) :
[3.072s] --  *With OpenCV 4.5.4 xfeatures2d = NO, nonfree = NO (License: Apache 2)
[3.072s] --   With Qt 5.15.3            = YES (License: Open Source or Commercial)
[3.072s] --   With VTK 9.1              = YES (License: BSD)
[3.072s] --   With external SQLite3     = YES (License: Public Domain)
[3.072s] --   With ORB OcTree           = YES (License: GPLv3)
[3.073s] --   With SupertPoint          = NO (WITH_TORCH=OFF)
[3.073s] --   With Python3              = NO (WITH_PYTHON=OFF)
[3.073s] --   With Madgwick             = YES (License: GPL)
[3.073s] --   With FastCV               = NO (FastCV not found)
[3.073s] --   With PDAL                 = NO (PDAL not found)
[3.074s] -- 
[3.074s] --  Solvers:
[3.074s] --   With TORO                 = YES (License: Creative Commons [Attribution-NonCommercial-ShareAlike])
[3.074s] --  *With g2o 1.0.0            = YES (License: BSD)
[3.074s] --  *With GTSAM 4.2.0          = YES (License: BSD)
[3.075s] --  *With Ceres                = NO (WITH_CERES=OFF)
[3.075s] --   With MRPT                 = NO (MRPT not found)
[3.075s] --   With VERTIGO              = YES (License: GPLv3)
[3.076s] --   With cvsba                = NO (WITH_CVSBA=OFF)
[3.076s] --  *With libpointmatcher 1.3.1 = YES (License: BSD)
[3.076s] --   With CCCoreLib            = NO (WITH_CCCORELIB=OFF)
[3.076s] --   With Open3D               = NO (WITH_OPEN3D=OFF)
[3.076s] --   With OpenGV               = NO (OpenGV not found)
[3.076s] -- 
[3.077s] --  Reconstruction Approaches:
[3.077s] --   With OctoMap 1.9.8        = YES (License: BSD)
[3.077s] --   With GridMap 2.0.0        = YES (License: BSD)
[3.077s] --   With CPUTSDF              = NO (WITH_CPUTSDF=OFF)
[3.077s] --   With OpenChisel           = NO (WITH_OPENCHISEL=OFF)
[3.077s] --   With AliceVision          = NO (WITH_ALICE_VISION=OFF)
[3.077s] -- 
[3.078s] --  Camera Drivers:
[3.078s] --   With Freenect             = NO (libfreenect not found)
[3.078s] --   With OpenNI2              = YES (License: Apache v2)
[3.078s] --   With Freenect2            = NO (libfreenect2 not found)
[3.078s] --   With Kinect for Windows 2 = NO (Kinect for Windows 2 SDK not found)
[3.078s] --   With Kinect for Azure     = NO (Kinect for Azure SDK not found)
[3.079s] --   With dc1394               = YES (License: LGPL)
[3.079s] --   With FlyCapture2/Triclops = NO (Point Grey SDK not found)
[3.079s] --   With ZED                  = NO (ZED sdk and/or cuda not found)
[3.079s] --   With ZEDOC                = NO (ZED Open Capture not found)
[3.079s] --   With RealSense            = NO (librealsense not found)
[3.079s] --   With RealSense2 2.54.1    = YES (License: Apache-2)
[3.080s] --   With MyntEyeS             = NO (mynteye s sdk not found)
[3.080s] --   With DepthAI              = NO (WITH_DEPTHAI=OFF)
[3.080s] -- 
[3.080s] --  Odometry Approaches:
[3.081s] --   With loam_velodyne        = NO (WITH_LOAM=OFF)
[3.081s] --   With floam                = NO (WITH_FLOAM=OFF)
[3.081s] --   With libfovis             = NO (WITH_FOVIS=OFF)
[3.081s] --   With libviso2             = NO (WITH_VISO2=OFF)
[3.081s] --   With dvo_core             = NO (WITH_DVO=OFF)
[3.082s] --   With okvis                = NO (WITH_OKVIS=OFF)
[3.082s] --   With msckf_vio            = NO (WITH_MSCKF_VIO=OFF)
[3.082s] --   With VINS-Fusion          = NO (WITH_VINS=OFF)
[3.082s] --   With OpenVINS             = NO (WITH_OPENVINS=OFF)
[3.082s] --   With ORB_SLAM             = NO (WITH_ORB_SLAM=OFF)
[3.082s] -- Show all options with: cmake -LA | grep WITH_
[3.083s] -- --------------------------------------------
[3.083s] -- Configuring done
[3.684s] -- Generating done
[3.695s] -- Build files have been written to: /SLAM/ros_ws/build/rtabmap
[3.731s] Invoked command in '/SLAM/ros_ws/build/rtabmap' returned '0': CMAKE_PREFIX_PATH=/opt/ros/humble /usr/bin/cmake /SLAM/ros_ws/src/rtabmap -DCMAKE_BUILD_TYPE=Release -DCMAKE_INSTALL_PREFIX=/SLAM/ros_ws/install/rtabmap
[3.732s] Invoking command in '/SLAM/ros_ws/build/rtabmap': CMAKE_PREFIX_PATH=/opt/ros/humble /usr/bin/cmake --build /SLAM/ros_ws/build/rtabmap -- -j16 -l16
[3.778s] [35m[1mConsolidate compiler generated dependencies of target rtabmap_utilite[0m
[3.803s] [  5%] Built target rtabmap_utilite
[3.815s] [35m[1mConsolidate compiler generated dependencies of target res_tool[0m
[3.830s] [  5%] Built target res_tool
[3.980s] [35m[1mConsolidate compiler generated dependencies of target rtabmap_core[0m
[4.530s] [ 56%] Built target rtabmap_core
[4.546s] [35m[1mConsolidate compiler generated dependencies of target recovery[0m
[4.548s] [35m[1mConsolidate compiler generated dependencies of target consoleApp[0m
[4.548s] [35m[1mConsolidate compiler generated dependencies of target camera[0m
[4.548s] [35m[1mConsolidate compiler generated dependencies of target stereoEval[0m
[4.548s] [35m[1mConsolidate compiler generated dependencies of target extractObject[0m
[4.548s] [35m[1mConsolidate compiler generated dependencies of target rgbd_dataset[0m
[4.548s] [35m[1mConsolidate compiler generated dependencies of target imagesJoiner[0m
[4.548s] [35m[1mConsolidate compiler generated dependencies of target euroc_dataset[0m
[4.548s] [35m[1mConsolidate compiler generated dependencies of target info[0m
[4.548s] [35m[1mConsolidate compiler generated dependencies of target detectMoreLoopClosures[0m
[4.550s] [35m[1mConsolidate compiler generated dependencies of target export[0m
[4.550s] [35m[1mConsolidate compiler generated dependencies of target reprocess[0m
[4.557s] [35m[1mConsolidate compiler generated dependencies of target kitti_dataset[0m
[4.560s] [35m[1mConsolidate compiler generated dependencies of target cleanupLocalGrids[0m
[4.564s] [35m[1mConsolidate compiler generated dependencies of target globalBundleAdjustment[0m
[4.569s] [ 57%] Built target recovery
[4.572s] [ 57%] [34m[1mAutomatic MOC and UIC for target rtabmap_gui[0m
[4.584s] [ 58%] Built target imagesJoiner
[4.589s] [ 59%] Built target camera
[4.591s] [ 60%] Built target stereoEval
[4.591s] [ 61%] Built target consoleApp
[4.592s] [ 62%] Built target euroc_dataset
[4.594s] [ 62%] Built target extractObject
[4.595s] [ 63%] Built target rgbd_dataset
[4.595s] [ 64%] Built target detectMoreLoopClosures
[4.595s] [ 65%] Built target export
[4.597s] [ 66%] Built target info
[4.600s] [ 67%] Built target globalBundleAdjustment
[4.601s] [ 68%] Built target kitti_dataset
[4.601s] [ 69%] Built target cleanupLocalGrids
[4.601s] [ 70%] Built target reprocess
[4.667s] [ 70%] Built target rtabmap_gui_autogen
[4.720s] [35m[1mConsolidate compiler generated dependencies of target rtabmap_gui[0m
[4.928s] [ 87%] Built target rtabmap_gui
[4.942s] [35m[1mConsolidate compiler generated dependencies of target rtabmap_app[0m
[4.942s] [35m[1mConsolidate compiler generated dependencies of target report[0m
[4.942s] [35m[1mConsolidate compiler generated dependencies of target rgbd_camera[0m
[4.942s] [35m[1mConsolidate compiler generated dependencies of target epipolar_geometry[0m
[4.949s] [35m[1mConsolidate compiler generated dependencies of target bow_mapping[0m
[4.949s] [35m[1mConsolidate compiler generated dependencies of target databaseViewer[0m
[4.949s] [35m[1mConsolidate compiler generated dependencies of target odometryViewer[0m
[4.949s] [35m[1mConsolidate compiler generated dependencies of target calibration[0m
[4.949s] [35m[1mConsolidate compiler generated dependencies of target matcher[0m
[4.949s] [35m[1mConsolidate compiler generated dependencies of target dataRecorder[0m
[4.961s] [ 88%] [34m[1mAutomatic MOC and UIC for target rgbd_mapping[0m
[4.965s] [ 89%] [34m[1mAutomatic MOC and UIC for target wifi_mapping[0m
[4.970s] [ 89%] [34m[1mAutomatic MOC and UIC for target noEventsExample[0m
[4.992s] [ 90%] Built target bow_mapping
[4.992s] [ 90%] Built target report
[4.996s] [ 92%] Built target rtabmap_app
[4.996s] [ 92%] Built target epipolar_geometry
[4.997s] [ 93%] Built target rgbd_camera
[5.000s] [ 93%] Built target dataRecorder
[5.000s] [ 94%] Built target databaseViewer
[5.001s] [ 94%] Built target rgbd_mapping_autogen
[5.002s] [ 94%] Built target wifi_mapping_autogen
[5.003s] [ 95%] Built target odometryViewer
[5.007s] [ 95%] Built target noEventsExample_autogen
[5.008s] [ 96%] Built target calibration
[5.009s] [ 97%] Built target matcher
[5.018s] [35m[1mConsolidate compiler generated dependencies of target wifi_mapping[0m
[5.021s] [35m[1mConsolidate compiler generated dependencies of target rgbd_mapping[0m
[5.026s] [35m[1mConsolidate compiler generated dependencies of target noEventsExample[0m
[5.072s] [ 98%] Built target noEventsExample
[5.074s] [ 99%] Built target wifi_mapping
[5.083s] [100%] Built target rgbd_mapping
[5.098s] Invoked command in '/SLAM/ros_ws/build/rtabmap' returned '0': CMAKE_PREFIX_PATH=/opt/ros/humble /usr/bin/cmake --build /SLAM/ros_ws/build/rtabmap -- -j16 -l16
[5.152s] Invoking command in '/SLAM/ros_ws/build/rtabmap': CMAKE_PREFIX_PATH=/opt/ros/humble /usr/bin/cmake --install /SLAM/ros_ws/build/rtabmap
[5.159s] -- Install configuration: "Release"
[5.159s] -- Up-to-date: /SLAM/ros_ws/install/rtabmap/lib/rtabmap-0.21/RTABMapTargets.cmake
[5.159s] -- Up-to-date: /SLAM/ros_ws/install/rtabmap/lib/rtabmap-0.21/RTABMapConfig.cmake
[5.159s] -- Up-to-date: /SLAM/ros_ws/install/rtabmap/lib/rtabmap-0.21/RTABMapConfigVersion.cmake
[5.159s] -- Up-to-date: /SLAM/ros_ws/install/rtabmap/share/rtabmap/package.xml
[5.161s] -- Up-to-date: /SLAM/ros_ws/install/rtabmap/lib/librtabmap_utilite.so.0.21.4
[5.161s] -- Up-to-date: /SLAM/ros_ws/install/rtabmap/lib/librtabmap_utilite.so.0.21
[5.161s] -- Up-to-date: /SLAM/ros_ws/install/rtabmap/lib/librtabmap_utilite.so
[5.161s] -- Up-to-date: /SLAM/ros_ws/install/rtabmap/include/rtabmap-0.21/rtabmap
[5.161s] -- Up-to-date: /SLAM/ros_ws/install/rtabmap/include/rtabmap-0.21/rtabmap/utilite
[5.161s] -- Up-to-date: /SLAM/ros_ws/install/rtabmap/include/rtabmap-0.21/rtabmap/utilite/UDirectory.h
[5.162s] -- Up-to-date: /SLAM/ros_ws/install/rtabmap/include/rtabmap-0.21/rtabmap/utilite/UMath.h
[5.162s] -- Up-to-date: /SLAM/ros_ws/install/rtabmap/include/rtabmap-0.21/rtabmap/utilite/UEventsHandler.h
[5.162s] -- Up-to-date: /SLAM/ros_ws/install/rtabmap/include/rtabmap-0.21/rtabmap/utilite/UEvent.h
[5.162s] -- Up-to-date: /SLAM/ros_ws/install/rtabmap/include/rtabmap-0.21/rtabmap/utilite/UThread.h
[5.162s] -- Up-to-date: /SLAM/ros_ws/install/rtabmap/include/rtabmap-0.21/rtabmap/utilite/USemaphore.h
[5.162s] -- Up-to-date: /SLAM/ros_ws/install/rtabmap/include/rtabmap-0.21/rtabmap/utilite/UEventsSender.h
[5.162s] -- Up-to-date: /SLAM/ros_ws/install/rtabmap/include/rtabmap-0.21/rtabmap/utilite/UVariant.h
[5.162s] -- Up-to-date: /SLAM/ros_ws/install/rtabmap/include/rtabmap-0.21/rtabmap/utilite/UStl.h
[5.162s] -- Up-to-date: /SLAM/ros_ws/install/rtabmap/include/rtabmap-0.21/rtabmap/utilite/UMutex.h
[5.162s] -- Up-to-date: /SLAM/ros_ws/install/rtabmap/include/rtabmap-0.21/rtabmap/utilite/UException.h
[5.162s] -- Up-to-date: /SLAM/ros_ws/install/rtabmap/include/rtabmap-0.21/rtabmap/utilite/UThreadNode.h
[5.162s] -- Up-to-date: /SLAM/ros_ws/install/rtabmap/include/rtabmap-0.21/rtabmap/utilite/Win32
[5.162s] -- Up-to-date: /SLAM/ros_ws/install/rtabmap/include/rtabmap-0.21/rtabmap/utilite/Win32/UThreadC.h
[5.162s] -- Up-to-date: /SLAM/ros_ws/install/rtabmap/include/rtabmap-0.21/rtabmap/utilite/Win32/UWin32.h
[5.163s] -- Up-to-date: /SLAM/ros_ws/install/rtabmap/include/rtabmap-0.21/rtabmap/utilite/UFile.h
[5.163s] -- Up-to-date: /SLAM/ros_ws/install/rtabmap/include/rtabmap-0.21/rtabmap/utilite/Posix
[5.163s] -- Up-to-date: /SLAM/ros_ws/install/rtabmap/include/rtabmap-0.21/rtabmap/utilite/Posix/UThreadC.h
[5.163s] -- Up-to-date: /SLAM/ros_ws/install/rtabmap/include/rtabmap-0.21/rtabmap/utilite/UConversion.h
[5.163s] -- Up-to-date: /SLAM/ros_ws/install/rtabmap/include/rtabmap-0.21/rtabmap/utilite/UtiLite.h
[5.163s] -- Up-to-date: /SLAM/ros_ws/install/rtabmap/include/rtabmap-0.21/rtabmap/utilite/UProcessInfo.h
[5.163s] -- Up-to-date: /SLAM/ros_ws/install/rtabmap/include/rtabmap-0.21/rtabmap/utilite/UDestroyer.h
[5.163s] -- Up-to-date: /SLAM/ros_ws/install/rtabmap/include/rtabmap-0.21/rtabmap/utilite/ULogger.h
[5.163s] -- Up-to-date: /SLAM/ros_ws/install/rtabmap/include/rtabmap-0.21/rtabmap/utilite/UEventsManager.h
[5.163s] -- Up-to-date: /SLAM/ros_ws/install/rtabmap/include/rtabmap-0.21/rtabmap/utilite/UThreadC.h
[5.164s] -- Up-to-date: /SLAM/ros_ws/install/rtabmap/include/rtabmap-0.21/rtabmap/utilite/UObjDeletionThread.h
[5.164s] -- Up-to-date: /SLAM/ros_ws/install/rtabmap/include/rtabmap-0.21/rtabmap/utilite/UTimer.h
[5.164s] -- Up-to-date: /SLAM/ros_ws/install/rtabmap/include/rtabmap-0.21/rtabmap
[5.164s] -- Up-to-date: /SLAM/ros_ws/install/rtabmap/include/rtabmap-0.21/rtabmap/utilite
[5.164s] -- Up-to-date: /SLAM/ros_ws/install/rtabmap/include/rtabmap-0.21/rtabmap/utilite/utilite_export.h
[5.164s] -- Up-to-date: /SLAM/ros_ws/install/rtabmap/lib/rtabmap-0.21/RTABMap_utiliteTargets.cmake
[5.164s] -- Up-to-date: /SLAM/ros_ws/install/rtabmap/lib/rtabmap-0.21/RTABMap_utiliteTargets-release.cmake
[5.164s] -- Up-to-date: /SLAM/ros_ws/install/rtabmap/bin/rtabmap-res_tool-0.3.0
[5.164s] -- Up-to-date: /SLAM/ros_ws/install/rtabmap/bin/rtabmap-res_tool
[5.165s] -- Up-to-date: /SLAM/ros_ws/install/rtabmap/lib/librtabmap_core.so.0.21.4
[5.165s] -- Up-to-date: /SLAM/ros_ws/install/rtabmap/lib/librtabmap_core.so.0.21
[5.165s] -- Up-to-date: /SLAM/ros_ws/install/rtabmap/lib/librtabmap_core.so
[5.165s] -- Up-to-date: /SLAM/ros_ws/install/rtabmap/include/rtabmap-0.21/rtabmap
[5.165s] -- Up-to-date: /SLAM/ros_ws/install/rtabmap/include/rtabmap-0.21/rtabmap/core
[5.165s] -- Up-to-date: /SLAM/ros_ws/install/rtabmap/include/rtabmap-0.21/rtabmap/core/util3d.h
[5.166s] -- Up-to-date: /SLAM/ros_ws/install/rtabmap/include/rtabmap-0.21/rtabmap/core/Registration.h
[5.166s] -- Up-to-date: /SLAM/ros_ws/install/rtabmap/include/rtabmap-0.21/rtabmap/core/ProgressState.h
[5.166s] -- Up-to-date: /SLAM/ros_ws/install/rtabmap/include/rtabmap-0.21/rtabmap/core/Camera.h
[5.166s] -- Up-to-date: /SLAM/ros_ws/install/rtabmap/include/rtabmap-0.21/rtabmap/core/BayesFilter.h
[5.166s] -- Up-to-date: /SLAM/ros_ws/install/rtabmap/include/rtabmap-0.21/rtabmap/core/PythonInterface.h
[5.166s] -- Up-to-date: /SLAM/ros_ws/install/rtabmap/include/rtabmap-0.21/rtabmap/core/optimizer
[5.166s] -- Up-to-date: /SLAM/ros_ws/install/rtabmap/include/rtabmap-0.21/rtabmap/core/optimizer/OptimizerGTSAM.h
[5.167s] -- Up-to-date: /SLAM/ros_ws/install/rtabmap/include/rtabmap-0.21/rtabmap/core/optimizer/OptimizerCVSBA.h
[5.167s] -- Up-to-date: /SLAM/ros_ws/install/rtabmap/include/rtabmap-0.21/rtabmap/core/optimizer/OptimizerG2O.h
[5.167s] -- Up-to-date: /SLAM/ros_ws/install/rtabmap/include/rtabmap-0.21/rtabmap/core/optimizer/OptimizerCeres.h
[5.167s] -- Up-to-date: /SLAM/ros_ws/install/rtabmap/include/rtabmap-0.21/rtabmap/core/optimizer/OptimizerTORO.h
[5.167s] -- Up-to-date: /SLAM/ros_ws/install/rtabmap/include/rtabmap-0.21/rtabmap/core/UserDataEvent.h
[5.167s] -- Up-to-date: /SLAM/ros_ws/install/rtabmap/include/rtabmap-0.21/rtabmap/core/util2d.h
[5.167s] -- Up-to-date: /SLAM/ros_ws/install/rtabmap/include/rtabmap-0.21/rtabmap/core/global_map
[5.167s] -- Up-to-date: /SLAM/ros_ws/install/rtabmap/include/rtabmap-0.21/rtabmap/core/global_map/CloudMap.h
[5.168s] -- Up-to-date: /SLAM/ros_ws/install/rtabmap/include/rtabmap-0.21/rtabmap/core/global_map/GridMap.h
[5.168s] -- Up-to-date: /SLAM/ros_ws/install/rtabmap/include/rtabmap-0.21/rtabmap/core/global_map/OccupancyGrid.h
[5.168s] -- Up-to-date: /SLAM/ros_ws/install/rtabmap/include/rtabmap-0.21/rtabmap/core/global_map/OctoMap.h
[5.168s] -- Up-to-date: /SLAM/ros_ws/install/rtabmap/include/rtabmap-0.21/rtabmap/core/OdometryThread.h
[5.168s] -- Up-to-date: /SLAM/ros_ws/install/rtabmap/include/rtabmap-0.21/rtabmap/core/impl
[5.168s] -- Up-to-date: /SLAM/ros_ws/install/rtabmap/include/rtabmap-0.21/rtabmap/core/impl/LocalMapMaker.hpp
[5.168s] -- Up-to-date: /SLAM/ros_ws/install/rtabmap/include/rtabmap-0.21/rtabmap/core/impl/util3d_surface.hpp
[5.168s] -- Up-to-date: /SLAM/ros_ws/install/rtabmap/include/rtabmap-0.21/rtabmap/core/impl/util3d_mapping.hpp
[5.168s] -- Up-to-date: /SLAM/ros_ws/install/rtabmap/include/rtabmap-0.21/rtabmap/core/impl/util3d.hpp
[5.169s] -- Up-to-date: /SLAM/ros_ws/install/rtabmap/include/rtabmap-0.21/rtabmap/core/RegistrationIcp.h
[5.169s] -- Up-to-date: /SLAM/ros_ws/install/rtabmap/include/rtabmap-0.21/rtabmap/core/SensorData.h
[5.169s] -- Up-to-date: /SLAM/ros_ws/install/rtabmap/include/rtabmap-0.21/rtabmap/core/CameraEvent.h
[5.169s] -- Up-to-date: /SLAM/ros_ws/install/rtabmap/include/rtabmap-0.21/rtabmap/core/util3d_correspondences.h
[5.169s] -- Up-to-date: /SLAM/ros_ws/install/rtabmap/include/rtabmap-0.21/rtabmap/core/Signature.h
[5.169s] -- Up-to-date: /SLAM/ros_ws/install/rtabmap/include/rtabmap-0.21/rtabmap/core/FlannIndex.h
[5.169s] -- Up-to-date: /SLAM/ros_ws/install/rtabmap/include/rtabmap-0.21/rtabmap/core/util3d_features.h
[5.169s] -- Up-to-date: /SLAM/ros_ws/install/rtabmap/include/rtabmap-0.21/rtabmap/core/GPS.h
[5.169s] -- Up-to-date: /SLAM/ros_ws/install/rtabmap/include/rtabmap-0.21/rtabmap/core/OdometryEvent.h
[5.169s] -- Up-to-date: /SLAM/ros_ws/install/rtabmap/include/rtabmap-0.21/rtabmap/core/IMU.h
[5.169s] -- Up-to-date: /SLAM/ros_ws/install/rtabmap/include/rtabmap-0.21/rtabmap/core/util3d_surface.h
[5.169s] -- Up-to-date: /SLAM/ros_ws/install/rtabmap/include/rtabmap-0.21/rtabmap/core/ParamEvent.h
[5.170s] -- Up-to-date: /SLAM/ros_ws/install/rtabmap/include/rtabmap-0.21/rtabmap/core/Image.h
[5.170s] -- Up-to-date: /SLAM/ros_ws/install/rtabmap/include/rtabmap-0.21/rtabmap/core/util3d_transforms.h
[5.170s] -- Up-to-date: /SLAM/ros_ws/install/rtabmap/include/rtabmap-0.21/rtabmap/core/Compression.h
[5.170s] -- Up-to-date: /SLAM/ros_ws/install/rtabmap/include/rtabmap-0.21/rtabmap/core/util3d_motion_estimation.h
[5.170s] -- Up-to-date: /SLAM/ros_ws/install/rtabmap/include/rtabmap-0.21/rtabmap/core/Rtabmap.h
[5.170s] -- Up-to-date: /SLAM/ros_ws/install/rtabmap/include/rtabmap-0.21/rtabmap/core/GlobalDescriptor.h
[5.170s] -- Up-to-date: /SLAM/ros_ws/install/rtabmap/include/rtabmap-0.21/rtabmap/core/GlobalMap.h
[5.170s] -- Up-to-date: /SLAM/ros_ws/install/rtabmap/include/rtabmap-0.21/rtabmap/core/Parameters.h
[5.170s] -- Up-to-date: /SLAM/ros_ws/install/rtabmap/include/rtabmap-0.21/rtabmap/core/Transform.h
[5.170s] -- Up-to-date: /SLAM/ros_ws/install/rtabmap/include/rtabmap-0.21/rtabmap/core/DBReader.h
[5.170s] -- Up-to-date: /SLAM/ros_ws/install/rtabmap/include/rtabmap-0.21/rtabmap/core/LaserScan.h
[5.170s] -- Up-to-date: /SLAM/ros_ws/install/rtabmap/include/rtabmap-0.21/rtabmap/core/Statistics.h
[5.170s] -- Up-to-date: /SLAM/ros_ws/install/rtabmap/include/rtabmap-0.21/rtabmap/core/CameraRGBD.h
[5.170s] -- Up-to-date: /SLAM/ros_ws/install/rtabmap/include/rtabmap-0.21/rtabmap/core/DBDriver.h
[5.170s] -- Up-to-date: /SLAM/ros_ws/install/rtabmap/include/rtabmap-0.21/rtabmap/core/StereoCameraModel.h
[5.170s] -- Up-to-date: /SLAM/ros_ws/install/rtabmap/include/rtabmap-0.21/rtabmap/core/DBDriverSqlite3.h
[5.171s] -- Up-to-date: /SLAM/ros_ws/install/rtabmap/include/rtabmap-0.21/rtabmap/core/Optimizer.h
[5.171s] -- Up-to-date: /SLAM/ros_ws/install/rtabmap/include/rtabmap-0.21/rtabmap/core/CameraStereo.h
[5.171s] -- Up-to-date: /SLAM/ros_ws/install/rtabmap/include/rtabmap-0.21/rtabmap/core/util3d_filtering.h
[5.171s] -- Up-to-date: /SLAM/ros_ws/install/rtabmap/include/rtabmap-0.21/rtabmap/core/GeodeticCoords.h
[5.171s] -- Up-to-date: /SLAM/ros_ws/install/rtabmap/include/rtabmap-0.21/rtabmap/core/RtabmapEvent.h
[5.171s] -- Up-to-date: /SLAM/ros_ws/install/rtabmap/include/rtabmap-0.21/rtabmap/core/Landmark.h
[5.171s] -- Up-to-date: /SLAM/ros_ws/install/rtabmap/include/rtabmap-0.21/rtabmap/core/OdometryInfo.h
[5.171s] -- Up-to-date: /SLAM/ros_ws/install/rtabmap/include/rtabmap-0.21/rtabmap/core/IMUFilter.h
[5.171s] -- Up-to-date: /SLAM/ros_ws/install/rtabmap/include/rtabmap-0.21/rtabmap/core/Recovery.h
[5.171s] -- Up-to-date: /SLAM/ros_ws/install/rtabmap/include/rtabmap-0.21/rtabmap/core/MarkerDetector.h
[5.171s] -- Up-to-date: /SLAM/ros_ws/install/rtabmap/include/rtabmap-0.21/rtabmap/core/Graph.h
[5.171s] -- Up-to-date: /SLAM/ros_ws/install/rtabmap/include/rtabmap-0.21/rtabmap/core/Link.h
[5.171s] -- Up-to-date: /SLAM/ros_ws/install/rtabmap/include/rtabmap-0.21/rtabmap/core/Memory.h
[5.172s] -- Up-to-date: /SLAM/ros_ws/install/rtabmap/include/rtabmap-0.21/rtabmap/core/LocalGrid.h
[5.172s] -- Up-to-date: /SLAM/ros_ws/install/rtabmap/include/rtabmap-0.21/rtabmap/core/stereo
[5.172s] -- Up-to-date: /SLAM/ros_ws/install/rtabmap/include/rtabmap-0.21/rtabmap/core/stereo/stereoRectifyFisheye.h
[5.172s] -- Up-to-date: /SLAM/ros_ws/install/rtabmap/include/rtabmap-0.21/rtabmap/core/stereo/StereoBM.h
[5.172s] -- Up-to-date: /SLAM/ros_ws/install/rtabmap/include/rtabmap-0.21/rtabmap/core/stereo/StereoSGBM.h
[5.172s] -- Up-to-date: /SLAM/ros_ws/install/rtabmap/include/rtabmap-0.21/rtabmap/core/GainCompensator.h
[5.172s] -- Up-to-date: /SLAM/ros_ws/install/rtabmap/include/rtabmap-0.21/rtabmap/core/Odometry.h
[5.173s] -- Up-to-date: /SLAM/ros_ws/install/rtabmap/include/rtabmap-0.21/rtabmap/core/RegistrationInfo.h
[5.173s] -- Up-to-date: /SLAM/ros_ws/install/rtabmap/include/rtabmap-0.21/rtabmap/core/util3d_mapping.h
[5.173s] -- Up-to-date: /SLAM/ros_ws/install/rtabmap/include/rtabmap-0.21/rtabmap/core/StereoDense.h
[5.173s] -- Up-to-date: /SLAM/ros_ws/install/rtabmap/include/rtabmap-0.21/rtabmap/core/OccupancyGrid.h
[5.173s] -- Up-to-date: /SLAM/ros_ws/install/rtabmap/include/rtabmap-0.21/rtabmap/core/odometry
[5.173s] -- Up-to-date: /SLAM/ros_ws/install/rtabmap/include/rtabmap-0.21/rtabmap/core/odometry/OdometryFovis.h
[5.173s] -- Up-to-date: /SLAM/ros_ws/install/rtabmap/include/rtabmap-0.21/rtabmap/core/odometry/OdometryOpen3D.h
[5.173s] -- Up-to-date: /SLAM/ros_ws/install/rtabmap/include/rtabmap-0.21/rtabmap/core/odometry/OdometryMono.h
[5.173s] -- Up-to-date: /SLAM/ros_ws/install/rtabmap/include/rtabmap-0.21/rtabmap/core/odometry/OdometryLOAM.h
[5.173s] -- Up-to-date: /SLAM/ros_ws/install/rtabmap/include/rtabmap-0.21/rtabmap/core/odometry/OdometryOkvis.h
[5.173s] -- Up-to-date: /SLAM/ros_ws/install/rtabmap/include/rtabmap-0.21/rtabmap/core/odometry/OdometryF2M.h
[5.173s] -- Up-to-date: /SLAM/ros_ws/install/rtabmap/include/rtabmap-0.21/rtabmap/core/odometry/OdometryF2F.h
[5.174s] -- Up-to-date: /SLAM/ros_ws/install/rtabmap/include/rtabmap-0.21/rtabmap/core/odometry/OdometryVINS.h
[5.174s] -- Up-to-date: /SLAM/ros_ws/install/rtabmap/include/rtabmap-0.21/rtabmap/core/odometry/OdometryMSCKF.h
[5.174s] -- Up-to-date: /SLAM/ros_ws/install/rtabmap/include/rtabmap-0.21/rtabmap/core/odometry/OdometryORBSLAM3.h
[5.174s] -- Up-to-date: /SLAM/ros_ws/install/rtabmap/include/rtabmap-0.21/rtabmap/core/odometry/OdometryDVO.h
[5.174s] -- Up-to-date: /SLAM/ros_ws/install/rtabmap/include/rtabmap-0.21/rtabmap/core/odometry/OdometryViso2.h
[5.174s] -- Up-to-date: /SLAM/ros_ws/install/rtabmap/include/rtabmap-0.21/rtabmap/core/odometry/OdometryORBSLAM2.h
[5.174s] -- Up-to-date: /SLAM/ros_ws/install/rtabmap/include/rtabmap-0.21/rtabmap/core/odometry/OdometryOpenVINS.h
[5.174s] -- Up-to-date: /SLAM/ros_ws/install/rtabmap/include/rtabmap-0.21/rtabmap/core/odometry/OdometryFLOAM.h
[5.174s] -- Up-to-date: /SLAM/ros_ws/install/rtabmap/include/rtabmap-0.21/rtabmap/core/CameraRGB.h
[5.174s] -- Up-to-date: /SLAM/ros_ws/install/rtabmap/include/rtabmap-0.21/rtabmap/core/CameraThread.h
[5.174s] -- Up-to-date: /SLAM/ros_ws/install/rtabmap/include/rtabmap-0.21/rtabmap/core/VisualWord.h
[5.175s] -- Up-to-date: /SLAM/ros_ws/install/rtabmap/include/rtabmap-0.21/rtabmap/core/Stereo.h
[5.175s] -- Up-to-date: /SLAM/ros_ws/install/rtabmap/include/rtabmap-0.21/rtabmap/core/camera
[5.175s] -- Up-to-date: /SLAM/ros_ws/install/rtabmap/include/rtabmap-0.21/rtabmap/core/camera/CameraRealSense2.h
[5.175s] -- Up-to-date: /SLAM/ros_ws/install/rtabmap/include/rtabmap-0.21/rtabmap/core/camera/CameraStereoFlyCapture2.h
[5.175s] -- Up-to-date: /SLAM/ros_ws/install/rtabmap/include/rtabmap-0.21/rtabmap/core/camera/CameraFreenect2.h
[5.175s] -- Up-to-date: /SLAM/ros_ws/install/rtabmap/include/rtabmap-0.21/rtabmap/core/camera/CameraOpenNICV.h
[5.175s] -- Up-to-date: /SLAM/ros_ws/install/rtabmap/include/rtabmap-0.21/rtabmap/core/camera/CameraK4W2.h
[5.175s] -- Up-to-date: /SLAM/ros_ws/install/rtabmap/include/rtabmap-0.21/rtabmap/core/camera/CameraK4A.h
[5.175s] -- Up-to-date: /SLAM/ros_ws/install/rtabmap/include/rtabmap-0.21/rtabmap/core/camera/CameraOpenni.h
[5.175s] -- Up-to-date: /SLAM/ros_ws/install/rtabmap/include/rtabmap-0.21/rtabmap/core/camera/CameraStereoTara.h
[5.175s] -- Up-to-date: /SLAM/ros_ws/install/rtabmap/include/rtabmap-0.21/rtabmap/core/camera/CameraStereoZed.h
[5.175s] -- Up-to-date: /SLAM/ros_ws/install/rtabmap/include/rtabmap-0.21/rtabmap/core/camera/CameraDepthAI.h
[5.175s] -- Up-to-date: /SLAM/ros_ws/install/rtabmap/include/rtabmap-0.21/rtabmap/core/camera/CameraStereoDC1394.h
[5.176s] -- Up-to-date: /SLAM/ros_ws/install/rtabmap/include/rtabmap-0.21/rtabmap/core/camera/CameraStereoImages.h
[5.176s] -- Up-to-date: /SLAM/ros_ws/install/rtabmap/include/rtabmap-0.21/rtabmap/core/camera/CameraImages.h
[5.176s] -- Up-to-date: /SLAM/ros_ws/install/rtabmap/include/rtabmap-0.21/rtabmap/core/camera/CameraRealSense.h
[5.176s] -- Up-to-date: /SLAM/ros_ws/install/rtabmap/include/rtabmap-0.21/rtabmap/core/camera/CameraStereoZedOC.h
[5.176s] -- Up-to-date: /SLAM/ros_ws/install/rtabmap/include/rtabmap-0.21/rtabmap/core/camera/CameraRGBDImages.h
[5.176s] -- Up-to-date: /SLAM/ros_ws/install/rtabmap/include/rtabmap-0.21/rtabmap/core/camera/CameraFreenect.h
[5.176s] -- Up-to-date: /SLAM/ros_ws/install/rtabmap/include/rtabmap-0.21/rtabmap/core/camera/CameraVideo.h
[5.176s] -- Up-to-date: /SLAM/ros_ws/install/rtabmap/include/rtabmap-0.21/rtabmap/core/camera/CameraStereoVideo.h
[5.176s] -- Up-to-date: /SLAM/ros_ws/install/rtabmap/include/rtabmap-0.21/rtabmap/core/camera/CameraMyntEye.h
[5.176s] -- Up-to-date: /SLAM/ros_ws/install/rtabmap/include/rtabmap-0.21/rtabmap/core/camera/CameraOpenNI2.h
[5.176s] -- Up-to-date: /SLAM/ros_ws/install/rtabmap/include/rtabmap-0.21/rtabmap/core/ParticleFilter.h
[5.176s] -- Up-to-date: /SLAM/ros_ws/install/rtabmap/include/rtabmap-0.21/rtabmap/core/clams
[5.176s] -- Up-to-date: /SLAM/ros_ws/install/rtabmap/include/rtabmap-0.21/rtabmap/core/clams/frame_projector.h
[5.176s] -- Up-to-date: /SLAM/ros_ws/install/rtabmap/include/rtabmap-0.21/rtabmap/core/clams/discrete_depth_distortion_model.h
[5.176s] -- Up-to-date: /SLAM/ros_ws/install/rtabmap/include/rtabmap-0.21/rtabmap/core/clams/slam_calibrator.h
[5.177s] -- Up-to-date: /SLAM/ros_ws/install/rtabmap/include/rtabmap-0.21/rtabmap/core/Features2d.h
[5.177s] -- Up-to-date: /SLAM/ros_ws/install/rtabmap/include/rtabmap-0.21/rtabmap/core/IMUThread.h
[5.177s] -- Up-to-date: /SLAM/ros_ws/install/rtabmap/include/rtabmap-0.21/rtabmap/core/VWDictionary.h
[5.177s] -- Up-to-date: /SLAM/ros_ws/install/rtabmap/include/rtabmap-0.21/rtabmap/core/EpipolarGeometry.h
[5.177s] -- Up-to-date: /SLAM/ros_ws/install/rtabmap/include/rtabmap-0.21/rtabmap/core/RegistrationVis.h
[5.177s] -- Up-to-date: /SLAM/ros_ws/install/rtabmap/include/rtabmap-0.21/rtabmap/core/RtabmapThread.h
[5.177s] -- Up-to-date: /SLAM/ros_ws/install/rtabmap/include/rtabmap-0.21/rtabmap/core/OctoMap.h
[5.177s] -- Up-to-date: /SLAM/ros_ws/install/rtabmap/include/rtabmap-0.21/rtabmap/core/util3d_registration.h
[5.177s] -- Up-to-date: /SLAM/ros_ws/install/rtabmap/include/rtabmap-0.21/rtabmap/core/CameraModel.h
[5.177s] -- Up-to-date: /SLAM/ros_ws/install/rtabmap/include/rtabmap-0.21/rtabmap/core/LocalGridMaker.h
[5.177s] -- Up-to-date: /SLAM/ros_ws/install/rtabmap/include/rtabmap-0.21/rtabmap/core/CameraInfo.h
[5.177s] -- Up-to-date: /SLAM/ros_ws/install/rtabmap/include/rtabmap-0.21/rtabmap/core/PDALWriter.h
[5.177s] -- Up-to-date: /SLAM/ros_ws/install/rtabmap/include/rtabmap-0.21/rtabmap/core/EnvSensor.h
[5.177s] -- Up-to-date: /SLAM/ros_ws/install/rtabmap/include/rtabmap-0.21/rtabmap
[5.177s] -- Up-to-date: /SLAM/ros_ws/install/rtabmap/include/rtabmap-0.21/rtabmap/core
[5.178s] -- Up-to-date: /SLAM/ros_ws/install/rtabmap/include/rtabmap-0.21/rtabmap/core/Version.h
[5.178s] -- Up-to-date: /SLAM/ros_ws/install/rtabmap/include/rtabmap-0.21/rtabmap/core/rtabmap_core_export.h
[5.178s] -- Up-to-date: /SLAM/ros_ws/install/rtabmap/lib/rtabmap-0.21/RTABMap_coreTargets.cmake
[5.178s] -- Up-to-date: /SLAM/ros_ws/install/rtabmap/lib/rtabmap-0.21/RTABMap_coreTargets-release.cmake
[5.178s] -- Up-to-date: /SLAM/ros_ws/install/rtabmap/lib/librtabmap_gui.so.0.21.4
[5.178s] -- Up-to-date: /SLAM/ros_ws/install/rtabmap/lib/librtabmap_gui.so.0.21
[5.178s] -- Up-to-date: /SLAM/ros_ws/install/rtabmap/lib/librtabmap_gui.so
[5.178s] -- Up-to-date: /SLAM/ros_ws/install/rtabmap/include/rtabmap-0.21/rtabmap
[5.178s] -- Up-to-date: /SLAM/ros_ws/install/rtabmap/include/rtabmap-0.21/rtabmap/gui
[5.178s] -- Up-to-date: /SLAM/ros_ws/install/rtabmap/include/rtabmap-0.21/rtabmap/gui/EditDepthArea.h
[5.178s] -- Up-to-date: /SLAM/ros_ws/install/rtabmap/include/rtabmap-0.21/rtabmap/gui/ProgressDialog.h
[5.178s] -- Up-to-date: /SLAM/ros_ws/install/rtabmap/include/rtabmap-0.21/rtabmap/gui/LoopClosureViewer.h
[5.178s] -- Up-to-date: /SLAM/ros_ws/install/rtabmap/include/rtabmap-0.21/rtabmap/gui/ExportCloudsDialog.h
[5.178s] -- Up-to-date: /SLAM/ros_ws/install/rtabmap/include/rtabmap-0.21/rtabmap/gui/CloudViewerCellPicker.h
[5.178s] -- Up-to-date: /SLAM/ros_ws/install/rtabmap/include/rtabmap-0.21/rtabmap/gui/PreferencesDialog.h
[5.178s] -- Up-to-date: /SLAM/ros_ws/install/rtabmap/include/rtabmap-0.21/rtabmap/gui/MultiSessionLocSubView.h
[5.179s] -- Up-to-date: /SLAM/ros_ws/install/rtabmap/include/rtabmap-0.21/rtabmap/gui/TexturingState.h
[5.179s] -- Up-to-date: /SLAM/ros_ws/install/rtabmap/include/rtabmap-0.21/rtabmap/gui/CameraViewer.h
[5.179s] -- Up-to-date: /SLAM/ros_ws/install/rtabmap/include/rtabmap-0.21/rtabmap/gui/RecoveryState.h
[5.179s] -- Up-to-date: /SLAM/ros_ws/install/rtabmap/include/rtabmap-0.21/rtabmap/gui/ExportDialog.h
[5.179s] -- Up-to-date: /SLAM/ros_ws/install/rtabmap/include/rtabmap-0.21/rtabmap/gui/ParametersToolBox.h
[5.179s] -- Up-to-date: /SLAM/ros_ws/install/rtabmap/include/rtabmap-0.21/rtabmap/gui/MapVisibilityWidget.h
[5.179s] -- Up-to-date: /SLAM/ros_ws/install/rtabmap/include/rtabmap-0.21/rtabmap/gui/ImageView.h
[5.179s] -- Up-to-date: /SLAM/ros_ws/install/rtabmap/include/rtabmap-0.21/rtabmap/gui/ExportBundlerDialog.h
[5.179s] -- Up-to-date: /SLAM/ros_ws/install/rtabmap/include/rtabmap-0.21/rtabmap/gui/GraphViewer.h
[5.179s] -- Up-to-date: /SLAM/ros_ws/install/rtabmap/include/rtabmap-0.21/rtabmap/gui/MultiSessionLocWidget.h
[5.179s] -- Up-to-date: /SLAM/ros_ws/install/rtabmap/include/rtabmap-0.21/rtabmap/gui/AboutDialog.h
[5.179s] -- Up-to-date: /SLAM/ros_ws/install/rtabmap/include/rtabmap-0.21/rtabmap/gui/EditMapArea.h
[5.179s] -- Up-to-date: /SLAM/ros_ws/install/rtabmap/include/rtabmap-0.21/rtabmap/gui/CloudViewer.h
[5.179s] -- Up-to-date: /SLAM/ros_ws/install/rtabmap/include/rtabmap-0.21/rtabmap/gui/DatabaseViewer.h
[5.179s] -- Up-to-date: /SLAM/ros_ws/install/rtabmap/include/rtabmap-0.21/rtabmap/gui/KeypointItem.h
[5.180s] -- Up-to-date: /SLAM/ros_ws/install/rtabmap/include/rtabmap-0.21/rtabmap/gui/LinkRefiningDialog.h
[5.180s] -- Up-to-date: /SLAM/ros_ws/install/rtabmap/include/rtabmap-0.21/rtabmap/gui/PostProcessingDialog.h
[5.180s] -- Up-to-date: /SLAM/ros_ws/install/rtabmap/include/rtabmap-0.21/rtabmap/gui/OdometryViewer.h
[5.180s] -- Up-to-date: /SLAM/ros_ws/install/rtabmap/include/rtabmap-0.21/rtabmap/gui/DepthCalibrationDialog.h
[5.180s] -- Up-to-date: /SLAM/ros_ws/install/rtabmap/include/rtabmap-0.21/rtabmap/gui/CreateSimpleCalibrationDialog.h
[5.180s] -- Up-to-date: /SLAM/ros_ws/install/rtabmap/include/rtabmap-0.21/rtabmap/gui/StatsToolBox.h
[5.180s] -- Up-to-date: /SLAM/ros_ws/install/rtabmap/include/rtabmap-0.21/rtabmap/gui/CloudViewerInteractorStyle.h
[5.180s] -- Up-to-date: /SLAM/ros_ws/install/rtabmap/include/rtabmap-0.21/rtabmap/gui/DataRecorder.h
[5.180s] -- Up-to-date: /SLAM/ros_ws/install/rtabmap/include/rtabmap-0.21/rtabmap/gui/EditConstraintDialog.h
[5.180s] -- Up-to-date: /SLAM/ros_ws/install/rtabmap/include/rtabmap-0.21/rtabmap/gui/PdfPlot.h
[5.180s] -- Up-to-date: /SLAM/ros_ws/install/rtabmap/include/rtabmap-0.21/rtabmap/gui/CalibrationDialog.h
[5.180s] -- Up-to-date: /SLAM/ros_ws/install/rtabmap/include/rtabmap-0.21/rtabmap/gui/MainWindow.h
[5.180s] -- Up-to-date: /SLAM/ros_ws/install/rtabmap/include/rtabmap-0.21/rtabmap/gui/ConsoleWidget.h
[5.180s] -- Up-to-date: /SLAM/ros_ws/install/rtabmap/include/rtabmap-0.21/rtabmap/utilite
[5.181s] -- Up-to-date: /SLAM/ros_ws/install/rtabmap/include/rtabmap-0.21/rtabmap/utilite/UCv2Qt.h
[5.181s] -- Up-to-date: /SLAM/ros_ws/install/rtabmap/include/rtabmap-0.21/rtabmap/utilite/UImageView.h
[5.181s] -- Up-to-date: /SLAM/ros_ws/install/rtabmap/include/rtabmap-0.21/rtabmap/utilite/UPlot.h
[5.181s] -- Up-to-date: /SLAM/ros_ws/install/rtabmap/include/rtabmap-0.21/rtabmap
[5.181s] -- Up-to-date: /SLAM/ros_ws/install/rtabmap/include/rtabmap-0.21/rtabmap/gui
[5.181s] -- Up-to-date: /SLAM/ros_ws/install/rtabmap/include/rtabmap-0.21/rtabmap/gui/rtabmap_gui_export.h
[5.181s] -- Up-to-date: /SLAM/ros_ws/install/rtabmap/lib/rtabmap-0.21/RTABMap_guiTargets.cmake
[5.181s] -- Up-to-date: /SLAM/ros_ws/install/rtabmap/lib/rtabmap-0.21/RTABMap_guiTargets-release.cmake
[5.181s] -- Up-to-date: /SLAM/ros_ws/install/rtabmap/bin/rtabmap
[5.181s] -- Up-to-date: /SLAM/ros_ws/install/rtabmap/bin/rtabmap-console
[5.181s] -- Up-to-date: /SLAM/ros_ws/install/rtabmap/bin/rtabmap-extractObject
[5.181s] -- Up-to-date: /SLAM/ros_ws/install/rtabmap/bin/rtabmap-camera
[5.181s] -- Up-to-date: /SLAM/ros_ws/install/rtabmap/bin/rtabmap-kitti_dataset
[5.182s] -- Up-to-date: /SLAM/ros_ws/install/rtabmap/bin/rtabmap-rgbd_dataset
[5.182s] -- Up-to-date: /SLAM/ros_ws/install/rtabmap/bin/rtabmap-euroc_dataset
[5.182s] -- Up-to-date: /SLAM/ros_ws/install/rtabmap/bin/rtabmap-recovery
[5.182s] -- Up-to-date: /SLAM/ros_ws/install/rtabmap/bin/rtabmap-reprocess
[5.182s] -- Up-to-date: /SLAM/ros_ws/install/rtabmap/bin/rtabmap-detectMoreLoopClosures
[5.184s] -- Up-to-date: /SLAM/ros_ws/install/rtabmap/bin/rtabmap-export
[5.185s] -- Up-to-date: /SLAM/ros_ws/install/rtabmap/bin/rtabmap-report
[5.185s] -- Up-to-date: /SLAM/ros_ws/install/rtabmap/bin/rtabmap-info
[5.186s] -- Up-to-date: /SLAM/ros_ws/install/rtabmap/bin/rtabmap-cleanupLocalGrids
[5.187s] -- Up-to-date: /SLAM/ros_ws/install/rtabmap/bin/rtabmap-globalBundleAdjustment
[5.188s] -- Up-to-date: /SLAM/ros_ws/install/rtabmap/bin/rtabmap-rgbd_camera
[5.189s] -- Up-to-date: /SLAM/ros_ws/install/rtabmap/bin/rtabmap-databaseViewer
[5.190s] -- Up-to-date: /SLAM/ros_ws/install/rtabmap/bin/rtabmap-odometryViewer
[5.191s] -- Up-to-date: /SLAM/ros_ws/install/rtabmap/bin/rtabmap-dataRecorder
[5.192s] -- Up-to-date: /SLAM/ros_ws/install/rtabmap/bin/rtabmap-calibration
[5.195s] Invoked command in '/SLAM/ros_ws/build/rtabmap' returned '0': CMAKE_PREFIX_PATH=/opt/ros/humble /usr/bin/cmake --install /SLAM/ros_ws/build/rtabmap
