[0.407s] Invoking command in '/SLAM/ros_ws/build/libuvc': /usr/bin/cmake /SLAM/ros_ws/src/libuvc -DCMAKE_INSTALL_PREFIX=/SLAM/ros_ws/install/libuvc
[0.496s] -- The C compiler identification is GNU 11.4.0
[0.507s] -- Detecting C compiler ABI info
[0.655s] -- Detecting C compiler ABI info - done
[0.665s] -- Check for working C compiler: /usr/bin/cc - skipped
[0.666s] -- Detecting C compile features
[0.667s] -- Detecting C compile features - done
[0.668s] -- No build type selected, default to Release
[0.668s] -- No target type selected, default to both shared and static library
[0.676s] -- Found PkgConfig: /usr/bin/pkg-config (found version "0.29.2") 
[0.677s] -- Checking for module 'libusb-1.0'
[0.720s] --   Found libusb-1.0, version 1.0.25
[0.790s] -- libusb-1.0 found using pkgconfig
[0.825s] -- Found JPEG: /usr/lib/x86_64-linux-gnu/libjpeg.so (found version "80") 
[0.826s] -- Found JPEG library using standard module
[0.827s] -- Found JPEG: /usr/lib/x86_64-linux-gnu/libjpeg.so  
[0.827s] -- Building libuvc with JPEG support.
[0.828s] [33mCMake Warning (dev) at /usr/share/cmake-3.22/Modules/FindPackageHandleStandardArgs.cmake:438 (message):
[0.828s]   The package name passed to `find_package_handle_standard_args` (JPEG) does
[0.828s]   not match the name of the calling package (JpegPkg).  This can lead to
[0.828s]   problems in calling code that expects `find_package` result variables
[0.828s]   (e.g., `_FOUND`) to follow a certain pattern.
[0.828s] Call Stack (most recent call first):
[0.828s]   cmake/FindJpegPkg.cmake:58 (find_package_handle_standard_args)
[0.829s]   CMakeLists.txt:45 (find_package)
[0.829s] This warning is for project developers.  Use -Wno-dev to suppress it.
[0.829s] [0m
[0.829s] -- Looking for pthread.h
[0.964s] -- Looking for pthread.h - found
[0.964s] -- Performing Test CMAKE_HAVE_LIBC_PTHREAD
[1.102s] -- Performing Test CMAKE_HAVE_LIBC_PTHREAD - Success
[1.104s] -- Found Threads: TRUE  
[1.113s] -- Configuring done
[1.125s] -- Generating done
[1.127s] -- Build files have been written to: /SLAM/ros_ws/build/libuvc
[1.140s] Invoked command in '/SLAM/ros_ws/build/libuvc' returned '0': /usr/bin/cmake /SLAM/ros_ws/src/libuvc -DCMAKE_INSTALL_PREFIX=/SLAM/ros_ws/install/libuvc
[1.141s] Invoking command in '/SLAM/ros_ws/build/libuvc': /usr/bin/cmake --build /SLAM/ros_ws/build/libuvc -- -j16 -l16
[1.271s] [  4%] [32mBuilding C object CMakeFiles/uvc_static.dir/src/ctrl-gen.c.o[0m
[1.272s] [  9%] [32mBuilding C object CMakeFiles/uvc_static.dir/src/frame.c.o[0m
[1.272s] [ 13%] [32mBuilding C object CMakeFiles/uvc_static.dir/src/ctrl.c.o[0m
[1.272s] [ 18%] [32mBuilding C object CMakeFiles/uvc.dir/src/ctrl.c.o[0m
[1.272s] [ 22%] [32mBuilding C object CMakeFiles/uvc_static.dir/src/frame-mjpeg.c.o[0m
[1.272s] [ 27%] [32mBuilding C object CMakeFiles/uvc.dir/src/ctrl-gen.c.o[0m
[1.272s] [ 31%] [32mBuilding C object CMakeFiles/uvc_static.dir/src/stream.c.o[0m
[1.272s] [ 40%] [32mBuilding C object CMakeFiles/uvc_static.dir/src/device.c.o[0m
[1.272s] [ 36%] [32mBuilding C object CMakeFiles/uvc_static.dir/src/misc.c.o[0m
[1.273s] [ 45%] [32mBuilding C object CMakeFiles/uvc.dir/src/device.c.o[0m
[1.273s] [ 50%] [32mBuilding C object CMakeFiles/uvc.dir/src/init.c.o[0m
[1.273s] [ 54%] [32mBuilding C object CMakeFiles/uvc.dir/src/frame.c.o[0m
[1.273s] [ 59%] [32mBuilding C object CMakeFiles/uvc_static.dir/src/init.c.o[0m
[1.291s] [ 63%] [32mBuilding C object CMakeFiles/uvc_static.dir/src/diag.c.o[0m
[1.291s] [ 68%] [32mBuilding C object CMakeFiles/uvc.dir/src/stream.c.o[0m
[1.296s] [ 72%] [32mBuilding C object CMakeFiles/uvc.dir/src/diag.c.o[0m
[1.449s] [ 77%] [32mBuilding C object CMakeFiles/uvc.dir/src/misc.c.o[0m
[1.467s] [ 81%] [32mBuilding C object CMakeFiles/uvc.dir/src/frame-mjpeg.c.o[0m
[1.847s] [ 86%] [32m[1mLinking C shared library libuvc.so[0m
[1.941s] [ 86%] Built target uvc
[1.955s] [ 90%] [32m[1mLinking C static library libuvc.a[0m
[1.978s] [ 95%] [32mBuilding C object CMakeFiles/example.dir/src/example.c.o[0m
[2.017s] [ 95%] Built target uvc_static
[2.046s] [100%] [32m[1mLinking C executable example[0m
[2.103s] [100%] Built target example
[2.161s] Invoked command in '/SLAM/ros_ws/build/libuvc' returned '0': /usr/bin/cmake --build /SLAM/ros_ws/build/libuvc -- -j16 -l16
[2.265s] Invoking command in '/SLAM/ros_ws/build/libuvc': /usr/bin/cmake --install /SLAM/ros_ws/build/libuvc
[2.277s] -- Install configuration: "Release"
[2.278s] -- Installing: /SLAM/ros_ws/install/libuvc/lib/libuvc.so.0.0.7
[2.278s] -- Up-to-date: /SLAM/ros_ws/install/libuvc/lib/libuvc.so.0
[2.278s] -- Up-to-date: /SLAM/ros_ws/install/libuvc/lib/libuvc.so
[2.279s] -- Up-to-date: /SLAM/ros_ws/install/libuvc/include/libuvc/libuvc.h
[2.279s] -- Installing: /SLAM/ros_ws/install/libuvc/include/libuvc/libuvc_config.h
[2.279s] -- Installing: /SLAM/ros_ws/install/libuvc/lib/libuvc.a
[2.279s] -- Up-to-date: /SLAM/ros_ws/install/libuvc/include/libuvc/libuvc.h
[2.279s] -- Up-to-date: /SLAM/ros_ws/install/libuvc/include/libuvc/libuvc_config.h
[2.280s] -- Installing: /SLAM/ros_ws/install/libuvc/lib/cmake/libuvc/libuvcTargets.cmake
[2.280s] -- Installing: /SLAM/ros_ws/install/libuvc/lib/cmake/libuvc/libuvcTargets-release.cmake
[2.280s] -- Up-to-date: /SLAM/ros_ws/install/libuvc/lib/cmake/libuvc/FindLibUSB.cmake
[2.280s] -- Up-to-date: /SLAM/ros_ws/install/libuvc/lib/cmake/libuvc/FindJpegPkg.cmake
[2.281s] -- Installing: /SLAM/ros_ws/install/libuvc/lib/cmake/libuvc/libuvcConfigVersion.cmake
[2.281s] -- Installing: /SLAM/ros_ws/install/libuvc/lib/pkgconfig/libuvc.pc
[2.281s] -- Up-to-date: /SLAM/ros_ws/install/libuvc/lib/cmake/libuvc/libuvcConfig.cmake
[2.284s] Invoked command in '/SLAM/ros_ws/build/libuvc' returned '0': /usr/bin/cmake --install /SLAM/ros_ws/build/libuvc
