[0.054s] Invoking command in '/SLAM/ros_ws/build/pmb2_controller_configuration': AMENT_PREFIX_PATH=/SLAM/ros_ws/install/launch_pal:${AMENT_PREFIX_PATH} CMAKE_PREFIX_PATH=/opt/ros/humble PYTHONPATH=/SLAM/ros_ws/build/launch_pal:/SLAM/ros_ws/install/launch_pal/lib/python3.10/site-packages:${PYTHONPATH} /usr/bin/cmake /SLAM/ros_ws/src/ThirdParty/pmb2_robot/pmb2_controller_configuration -DAMENT_CMAKE_SYMLINK_INSTALL=1 -DCMAKE_INSTALL_PREFIX=/SLAM/ros_ws/install/pmb2_controller_configuration
[0.117s] -- The C compiler identification is GNU 11.4.0
[0.176s] -- The CXX compiler identification is GNU 11.4.0
[0.184s] -- Detecting C compiler ABI info
[0.268s] -- Detecting C compiler ABI info - done
[0.275s] -- Check for working C compiler: /usr/bin/cc - skipped
[0.275s] -- Detecting C compile features
[0.275s] -- Detecting C compile features - done
[0.279s] -- Detecting CXX compiler ABI info
[0.372s] -- Detecting CXX compiler ABI info - done
[0.378s] -- Check for working CXX compiler: /usr/bin/c++ - skipped
[0.378s] -- Detecting CXX compile features
[0.379s] -- Detecting CXX compile features - done
[0.384s] -- Found ament_cmake_auto: 1.3.6 (/opt/ros/humble/share/ament_cmake_auto/cmake)
[0.578s] -- Found Python3: /usr/bin/python3.10 (found version "3.10.12") found components: Interpreter 
[0.644s] -- Override CMake install command with custom implementation using symlinks instead of copying resources
[0.773s] -- Found ament_lint_auto: 0.12.9 (/opt/ros/humble/share/ament_lint_auto/cmake)
[0.814s] -- Added test 'copyright' to check source files copyright and LICENSE
[0.817s] -- Added test 'flake8' to check Python code syntax and style conventions
[0.817s] -- Added test 'lint_cmake' to check CMake code style
[0.818s] -- Added test 'pep257' to check Python code against some of the docstring style conventions in PEP 257
[0.819s] -- Added test 'xmllint' to check XML markup files
[0.820s] -- Configuring done
[0.824s] -- Generating done
[0.825s] -- Build files have been written to: /SLAM/ros_ws/build/pmb2_controller_configuration
[0.832s] Invoked command in '/SLAM/ros_ws/build/pmb2_controller_configuration' returned '0': AMENT_PREFIX_PATH=/SLAM/ros_ws/install/launch_pal:${AMENT_PREFIX_PATH} CMAKE_PREFIX_PATH=/opt/ros/humble PYTHONPATH=/SLAM/ros_ws/build/launch_pal:/SLAM/ros_ws/install/launch_pal/lib/python3.10/site-packages:${PYTHONPATH} /usr/bin/cmake /SLAM/ros_ws/src/ThirdParty/pmb2_robot/pmb2_controller_configuration -DAMENT_CMAKE_SYMLINK_INSTALL=1 -DCMAKE_INSTALL_PREFIX=/SLAM/ros_ws/install/pmb2_controller_configuration
[0.833s] Invoking command in '/SLAM/ros_ws/build/pmb2_controller_configuration': AMENT_PREFIX_PATH=/SLAM/ros_ws/install/launch_pal:${AMENT_PREFIX_PATH} CMAKE_PREFIX_PATH=/opt/ros/humble PYTHONPATH=/SLAM/ros_ws/build/launch_pal:/SLAM/ros_ws/install/launch_pal/lib/python3.10/site-packages:${PYTHONPATH} /usr/bin/cmake --build /SLAM/ros_ws/build/pmb2_controller_configuration -- -j16 -l16
[0.884s] Invoked command in '/SLAM/ros_ws/build/pmb2_controller_configuration' returned '0': AMENT_PREFIX_PATH=/SLAM/ros_ws/install/launch_pal:${AMENT_PREFIX_PATH} CMAKE_PREFIX_PATH=/opt/ros/humble PYTHONPATH=/SLAM/ros_ws/build/launch_pal:/SLAM/ros_ws/install/launch_pal/lib/python3.10/site-packages:${PYTHONPATH} /usr/bin/cmake --build /SLAM/ros_ws/build/pmb2_controller_configuration -- -j16 -l16
[0.927s] Invoking command in '/SLAM/ros_ws/build/pmb2_controller_configuration': AMENT_PREFIX_PATH=/SLAM/ros_ws/install/launch_pal:${AMENT_PREFIX_PATH} CMAKE_PREFIX_PATH=/opt/ros/humble PYTHONPATH=/SLAM/ros_ws/build/launch_pal:/SLAM/ros_ws/install/launch_pal/lib/python3.10/site-packages:${PYTHONPATH} /usr/bin/cmake --install /SLAM/ros_ws/build/pmb2_controller_configuration
[0.936s] -- Install configuration: ""
[0.936s] -- Execute custom install script
[0.937s] -- Symlinking: /SLAM/ros_ws/install/pmb2_controller_configuration/share/pmb2_controller_configuration/config/gazebo_controller_manager_cfg.yaml
[0.948s] -- Symlinking: /SLAM/ros_ws/install/pmb2_controller_configuration/share/pmb2_controller_configuration/config/joint_state_broadcaster.yaml
[0.958s] -- Symlinking: /SLAM/ros_ws/install/pmb2_controller_configuration/share/pmb2_controller_configuration/config/mobile_base_controller.yaml
[0.969s] -- Symlinking: /SLAM/ros_ws/install/pmb2_controller_configuration/share/pmb2_controller_configuration/launch/default_controllers.launch.py
[0.979s] -- Symlinking: /SLAM/ros_ws/install/pmb2_controller_configuration/share/pmb2_controller_configuration/launch/joint_state_broadcaster.launch.py
[0.990s] -- Symlinking: /SLAM/ros_ws/install/pmb2_controller_configuration/share/pmb2_controller_configuration/launch/mobile_base_controller.launch.py
[1.000s] -- Symlinking: /SLAM/ros_ws/install/pmb2_controller_configuration/share/ament_index/resource_index/package_run_dependencies/pmb2_controller_configuration
[1.011s] -- Symlinking: /SLAM/ros_ws/install/pmb2_controller_configuration/share/ament_index/resource_index/parent_prefix_path/pmb2_controller_configuration
[1.022s] -- Symlinking: /SLAM/ros_ws/install/pmb2_controller_configuration/share/pmb2_controller_configuration/environment/ament_prefix_path.sh
[1.032s] -- Symlinking: /SLAM/ros_ws/install/pmb2_controller_configuration/share/pmb2_controller_configuration/environment/ament_prefix_path.dsv
[1.042s] -- Symlinking: /SLAM/ros_ws/install/pmb2_controller_configuration/share/pmb2_controller_configuration/environment/path.sh
[1.052s] -- Symlinking: /SLAM/ros_ws/install/pmb2_controller_configuration/share/pmb2_controller_configuration/environment/path.dsv
[1.061s] -- Symlinking: /SLAM/ros_ws/install/pmb2_controller_configuration/share/pmb2_controller_configuration/local_setup.bash
[1.070s] -- Symlinking: /SLAM/ros_ws/install/pmb2_controller_configuration/share/pmb2_controller_configuration/local_setup.sh
[1.079s] -- Symlinking: /SLAM/ros_ws/install/pmb2_controller_configuration/share/pmb2_controller_configuration/local_setup.zsh
[1.088s] -- Symlinking: /SLAM/ros_ws/install/pmb2_controller_configuration/share/pmb2_controller_configuration/local_setup.dsv
[1.097s] -- Symlinking: /SLAM/ros_ws/install/pmb2_controller_configuration/share/pmb2_controller_configuration/package.dsv
[1.107s] -- Symlinking: /SLAM/ros_ws/install/pmb2_controller_configuration/share/ament_index/resource_index/packages/pmb2_controller_configuration
[1.118s] -- Symlinking: /SLAM/ros_ws/install/pmb2_controller_configuration/share/pmb2_controller_configuration/cmake/pmb2_controller_configurationConfig.cmake
[1.128s] -- Symlinking: /SLAM/ros_ws/install/pmb2_controller_configuration/share/pmb2_controller_configuration/cmake/pmb2_controller_configurationConfig-version.cmake
[1.138s] -- Symlinking: /SLAM/ros_ws/install/pmb2_controller_configuration/share/pmb2_controller_configuration/package.xml
[1.150s] Invoked command in '/SLAM/ros_ws/build/pmb2_controller_configuration' returned '0': AMENT_PREFIX_PATH=/SLAM/ros_ws/install/launch_pal:${AMENT_PREFIX_PATH} CMAKE_PREFIX_PATH=/opt/ros/humble PYTHONPATH=/SLAM/ros_ws/build/launch_pal:/SLAM/ros_ws/install/launch_pal/lib/python3.10/site-packages:${PYTHONPATH} /usr/bin/cmake --install /SLAM/ros_ws/build/pmb2_controller_configuration
