[0.463s] Invoking command in '/SLAM/ros_ws/build/depth_image_proc': CMAKE_PREFIX_PATH=/opt/ros/humble /usr/bin/cmake /SLAM/ros_ws/src/image_pipeline/depth_image_proc -DCMAKE_INSTALL_PREFIX=/SLAM/ros_ws/install/depth_image_proc
[0.763s] -- Found ament_cmake_auto: 1.3.6 (/opt/ros/humble/share/ament_cmake_auto/cmake)
[0.763s] -- Override CMake install command with custom implementation using symlinks instead of copying resources
[0.763s] -- Found rosidl_generator_c: 3.1.5 (/opt/ros/humble/share/rosidl_generator_c/cmake)
[0.763s] -- Found rosidl_adapter: 3.1.5 (/opt/ros/humble/share/rosidl_adapter/cmake)
[0.764s] -- Found rosidl_generator_cpp: 3.1.5 (/opt/ros/humble/share/rosidl_generator_cpp/cmake)
[0.764s] -- Using all available rosidl_typesupport_c: rosidl_typesupport_fastrtps_c;rosidl_typesupport_introspection_c
[0.766s] -- Using all available rosidl_typesupport_cpp: rosidl_typesupport_fastrtps_cpp;rosidl_typesupport_introspection_cpp
[1.122s] -- Found rmw_implementation_cmake: 6.1.1 (/opt/ros/humble/share/rmw_implementation_cmake/cmake)
[1.123s] -- Found rmw_fastrtps_cpp: 6.2.5 (/opt/ros/humble/share/rmw_fastrtps_cpp/cmake)
[1.311s] -- Using RMW implementation 'rmw_fastrtps_cpp' as default
[2.173s] -- Found ament_lint_auto: 0.12.9 (/opt/ros/humble/share/ament_lint_auto/cmake)
[2.185s] -- Added test 'copyright' to check source files copyright and LICENSE
[2.188s] -- Added test 'cppcheck' to perform static code analysis on C / C++ code
[2.188s] -- Configured cppcheck include dirs: /SLAM/ros_ws/src/image_pipeline/depth_image_proc/include
[2.188s] -- Configured cppcheck exclude dirs and/or files: 
[2.190s] -- Added test 'cpplint' to check C / C++ code against the Google style
[2.191s] -- Configured cpplint exclude dirs and/or files: 
[2.191s] -- Added test 'flake8' to check Python code syntax and style conventions
[2.192s] -- Added test 'lint_cmake' to check CMake code style
[2.192s] -- Added test 'pep257' to check Python code against some of the docstring style conventions in PEP 257
[2.195s] -- Added test 'uncrustify' to check C / C++ code style
[2.195s] -- Configured uncrustify additional arguments: 
[2.195s] -- Added test 'xmllint' to check XML markup files
[2.200s] -- Configuring done
[2.230s] -- Generating done
[2.234s] -- Build files have been written to: /SLAM/ros_ws/build/depth_image_proc
[2.252s] Invoked command in '/SLAM/ros_ws/build/depth_image_proc' returned '0': CMAKE_PREFIX_PATH=/opt/ros/humble /usr/bin/cmake /SLAM/ros_ws/src/image_pipeline/depth_image_proc -DCMAKE_INSTALL_PREFIX=/SLAM/ros_ws/install/depth_image_proc
[2.253s] Invoking command in '/SLAM/ros_ws/build/depth_image_proc': CMAKE_PREFIX_PATH=/opt/ros/humble /usr/bin/cmake --build /SLAM/ros_ws/build/depth_image_proc -- -j16 -l16
[2.341s] [35m[1mConsolidate compiler generated dependencies of target depth_image_proc[0m
[2.393s] [  8%] [32mBuilding CXX object CMakeFiles/depth_image_proc.dir/src/point_cloud_xyzrgb.cpp.o[0m
[2.393s] [ 16%] [32mBuilding CXX object CMakeFiles/depth_image_proc.dir/src/point_cloud_xyzi.cpp.o[0m
[2.394s] [ 25%] [32mBuilding CXX object CMakeFiles/depth_image_proc.dir/src/point_cloud_xyz_radial.cpp.o[0m
[2.395s] [ 33%] [32mBuilding CXX object CMakeFiles/depth_image_proc.dir/src/disparity.cpp.o[0m
[2.395s] [ 41%] [32mBuilding CXX object CMakeFiles/depth_image_proc.dir/src/point_cloud_xyzi_radial.cpp.o[0m
[2.396s] [ 50%] [32mBuilding CXX object CMakeFiles/depth_image_proc.dir/src/point_cloud_xyzrgb_radial.cpp.o[0m
[2.408s] [ 58%] [32mBuilding CXX object CMakeFiles/depth_image_proc.dir/src/register.cpp.o[0m
[114.861s] [01m[Kc++:[m[K [01;31m[Kfatal error: [m[KKilled signal terminated program cc1plus
[114.862s] compilation terminated.
[114.862s] gmake[2]: *** [CMakeFiles/depth_image_proc.dir/build.make:202: CMakeFiles/depth_image_proc.dir/src/point_cloud_xyzrgb_radial.cpp.o] Error 1
[114.872s] gmake[2]: *** Waiting for unfinished jobs....
[138.474s] gmake[1]: *** [CMakeFiles/Makefile2:137: CMakeFiles/depth_image_proc.dir/all] Error 2
[138.474s] gmake: *** [Makefile:146: all] Error 2
[138.478s] Invoked command in '/SLAM/ros_ws/build/depth_image_proc' returned '2': CMAKE_PREFIX_PATH=/opt/ros/humble /usr/bin/cmake --build /SLAM/ros_ws/build/depth_image_proc -- -j16 -l16
