[35m[1mConsolidate compiler generated dependencies of target br2_tracking_msgs__rosidl_generator_c[0m
[  3%] Built target br2_tracking_msgs__cpp
[ 12%] Built target br2_tracking_msgs__rosidl_generator_c
[ 12%] Built target ament_cmake_python_symlink_br2_tracking_msgs
[35m[1mConsolidate compiler generated dependencies of target br2_tracking_msgs__rosidl_typesupport_cpp[0m
[35m[1mConsolidate compiler generated dependencies of target br2_tracking_msgs__rosidl_typesupport_fastrtps_cpp[0m
[35m[1mConsolidate compiler generated dependencies of target br2_tracking_msgs__rosidl_typesupport_introspection_cpp[0m
[35m[1mConsolidate compiler generated dependencies of target br2_tracking_msgs__rosidl_typesupport_c[0m
[35m[1mConsolidate compiler generated dependencies of target br2_tracking_msgs__rosidl_typesupport_fastrtps_c[0m
[35m[1mConsolidate compiler generated dependencies of target br2_tracking_msgs__rosidl_typesupport_introspection_c[0m
[ 22%] Built target br2_tracking_msgs__rosidl_typesupport_cpp
[ 32%] Built target br2_tracking_msgs__rosidl_typesupport_introspection_cpp
[ 41%] Built target br2_tracking_msgs__rosidl_typesupport_fastrtps_cpp
[ 51%] Built target br2_tracking_msgs__rosidl_typesupport_c
[ 61%] Built target br2_tracking_msgs__rosidl_typesupport_fastrtps_c
[ 70%] Built target br2_tracking_msgs__rosidl_typesupport_introspection_c
[ 70%] Built target br2_tracking_msgs
[ 74%] Built target br2_tracking_msgs__py
[35m[1mConsolidate compiler generated dependencies of target br2_tracking_msgs__rosidl_generator_py[0m
[ 80%] Built target br2_tracking_msgs__rosidl_generator_py
[35m[1mConsolidate compiler generated dependencies of target br2_tracking_msgs__rosidl_typesupport_introspection_c__pyext[0m
[35m[1mConsolidate compiler generated dependencies of target br2_tracking_msgs__rosidl_typesupport_fastrtps_c__pyext[0m
[35m[1mConsolidate compiler generated dependencies of target br2_tracking_msgs__rosidl_typesupport_c__pyext[0m
[ 87%] Built target br2_tracking_msgs__rosidl_typesupport_introspection_c__pyext
[ 93%] Built target br2_tracking_msgs__rosidl_typesupport_fastrtps_c__pyext
[100%] Built target br2_tracking_msgs__rosidl_typesupport_c__pyext
running egg_info
writing br2_tracking_msgs.egg-info/PKG-INFO
writing dependency_links to br2_tracking_msgs.egg-info/dependency_links.txt
writing top-level names to br2_tracking_msgs.egg-info/top_level.txt
reading manifest file 'br2_tracking_msgs.egg-info/SOURCES.txt'
writing manifest file 'br2_tracking_msgs.egg-info/SOURCES.txt'
[100%] Built target ament_cmake_python_build_br2_tracking_msgs_egg
-- Install configuration: ""
-- Execute custom install script
-- Up-to-date symlink: /SLAM/ros_ws/install/br2_tracking_msgs/share/ament_index/resource_index/rosidl_interfaces/br2_tracking_msgs
-- Up-to-date symlink: /SLAM/ros_ws/install/br2_tracking_msgs/include/br2_tracking_msgs/br2_tracking_msgs/msg/detail/pan_tilt_command__functions.h
-- Up-to-date symlink: /SLAM/ros_ws/install/br2_tracking_msgs/include/br2_tracking_msgs/br2_tracking_msgs/msg/detail/pan_tilt_command__struct.h
-- Up-to-date symlink: /SLAM/ros_ws/install/br2_tracking_msgs/include/br2_tracking_msgs/br2_tracking_msgs/msg/detail/pan_tilt_command__type_support.h
-- Up-to-date symlink: /SLAM/ros_ws/install/br2_tracking_msgs/include/br2_tracking_msgs/br2_tracking_msgs/msg/pan_tilt_command.h
-- Up-to-date symlink: /SLAM/ros_ws/install/br2_tracking_msgs/include/br2_tracking_msgs/br2_tracking_msgs/msg/rosidl_generator_c__visibility_control.h
-- Up-to-date symlink: /SLAM/ros_ws/install/br2_tracking_msgs/share/br2_tracking_msgs/environment/library_path.sh
-- Up-to-date symlink: /SLAM/ros_ws/install/br2_tracking_msgs/share/br2_tracking_msgs/environment/library_path.dsv
-- Up-to-date symlink: /SLAM/ros_ws/install/br2_tracking_msgs/include/br2_tracking_msgs/br2_tracking_msgs/msg/detail/pan_tilt_command__rosidl_typesupport_fastrtps_c.h
-- Up-to-date symlink: /SLAM/ros_ws/install/br2_tracking_msgs/include/br2_tracking_msgs/br2_tracking_msgs/msg/rosidl_typesupport_fastrtps_c__visibility_control.h
-- Up-to-date symlink: /SLAM/ros_ws/install/br2_tracking_msgs/include/br2_tracking_msgs/br2_tracking_msgs/msg/detail/pan_tilt_command__builder.hpp
-- Up-to-date symlink: /SLAM/ros_ws/install/br2_tracking_msgs/include/br2_tracking_msgs/br2_tracking_msgs/msg/detail/pan_tilt_command__struct.hpp
-- Up-to-date symlink: /SLAM/ros_ws/install/br2_tracking_msgs/include/br2_tracking_msgs/br2_tracking_msgs/msg/detail/pan_tilt_command__traits.hpp
-- Up-to-date symlink: /SLAM/ros_ws/install/br2_tracking_msgs/include/br2_tracking_msgs/br2_tracking_msgs/msg/pan_tilt_command.hpp
-- Up-to-date symlink: /SLAM/ros_ws/install/br2_tracking_msgs/include/br2_tracking_msgs/br2_tracking_msgs/msg/detail/pan_tilt_command__rosidl_typesupport_fastrtps_cpp.hpp
-- Up-to-date symlink: /SLAM/ros_ws/install/br2_tracking_msgs/include/br2_tracking_msgs/br2_tracking_msgs/msg/rosidl_typesupport_fastrtps_cpp__visibility_control.h
-- Up-to-date symlink: /SLAM/ros_ws/install/br2_tracking_msgs/include/br2_tracking_msgs/br2_tracking_msgs/msg/detail/pan_tilt_command__rosidl_typesupport_introspection_c.h
-- Up-to-date symlink: /SLAM/ros_ws/install/br2_tracking_msgs/include/br2_tracking_msgs/br2_tracking_msgs/msg/rosidl_typesupport_introspection_c__visibility_control.h
-- Up-to-date symlink: /SLAM/ros_ws/install/br2_tracking_msgs/include/br2_tracking_msgs/br2_tracking_msgs/msg/detail/pan_tilt_command__rosidl_typesupport_introspection_cpp.hpp
-- Up-to-date symlink: /SLAM/ros_ws/install/br2_tracking_msgs/share/br2_tracking_msgs/environment/pythonpath.sh
-- Up-to-date symlink: /SLAM/ros_ws/install/br2_tracking_msgs/share/br2_tracking_msgs/environment/pythonpath.dsv
-- Up-to-date symlink: /SLAM/ros_ws/install/br2_tracking_msgs/local/lib/python3.10/dist-packages/br2_tracking_msgs-0.2.0-py3.10.egg-info/PKG-INFO
-- Up-to-date symlink: /SLAM/ros_ws/install/br2_tracking_msgs/local/lib/python3.10/dist-packages/br2_tracking_msgs-0.2.0-py3.10.egg-info/SOURCES.txt
-- Up-to-date symlink: /SLAM/ros_ws/install/br2_tracking_msgs/local/lib/python3.10/dist-packages/br2_tracking_msgs-0.2.0-py3.10.egg-info/dependency_links.txt
-- Up-to-date symlink: /SLAM/ros_ws/install/br2_tracking_msgs/local/lib/python3.10/dist-packages/br2_tracking_msgs-0.2.0-py3.10.egg-info/top_level.txt
-- Up-to-date symlink: /SLAM/ros_ws/install/br2_tracking_msgs/local/lib/python3.10/dist-packages/br2_tracking_msgs/__init__.py
-- Up-to-date symlink: /SLAM/ros_ws/install/br2_tracking_msgs/local/lib/python3.10/dist-packages/br2_tracking_msgs/_br2_tracking_msgs_s.ep.rosidl_typesupport_c.c
-- Up-to-date symlink: /SLAM/ros_ws/install/br2_tracking_msgs/local/lib/python3.10/dist-packages/br2_tracking_msgs/_br2_tracking_msgs_s.ep.rosidl_typesupport_fastrtps_c.c
-- Up-to-date symlink: /SLAM/ros_ws/install/br2_tracking_msgs/local/lib/python3.10/dist-packages/br2_tracking_msgs/_br2_tracking_msgs_s.ep.rosidl_typesupport_introspection_c.c
-- Up-to-date symlink: /SLAM/ros_ws/install/br2_tracking_msgs/local/lib/python3.10/dist-packages/br2_tracking_msgs/br2_tracking_msgs_s__rosidl_typesupport_c.cpython-310-x86_64-linux-gnu.so
-- Up-to-date symlink: /SLAM/ros_ws/install/br2_tracking_msgs/local/lib/python3.10/dist-packages/br2_tracking_msgs/br2_tracking_msgs_s__rosidl_typesupport_fastrtps_c.cpython-310-x86_64-linux-gnu.so
-- Up-to-date symlink: /SLAM/ros_ws/install/br2_tracking_msgs/local/lib/python3.10/dist-packages/br2_tracking_msgs/br2_tracking_msgs_s__rosidl_typesupport_introspection_c.cpython-310-x86_64-linux-gnu.so
-- Up-to-date symlink: /SLAM/ros_ws/install/br2_tracking_msgs/local/lib/python3.10/dist-packages/br2_tracking_msgs/libbr2_tracking_msgs__rosidl_generator_py.so
-- Up-to-date symlink: /SLAM/ros_ws/install/br2_tracking_msgs/local/lib/python3.10/dist-packages/br2_tracking_msgs/msg/__init__.py
-- Up-to-date symlink: /SLAM/ros_ws/install/br2_tracking_msgs/local/lib/python3.10/dist-packages/br2_tracking_msgs/msg/_pan_tilt_command.py
-- Up-to-date symlink: /SLAM/ros_ws/install/br2_tracking_msgs/local/lib/python3.10/dist-packages/br2_tracking_msgs/msg/_pan_tilt_command_s.c
-- Up-to-date symlink: /SLAM/ros_ws/install/br2_tracking_msgs/local/lib/python3.10/dist-packages/br2_tracking_msgs/br2_tracking_msgs_s__rosidl_typesupport_fastrtps_c.cpython-310-x86_64-linux-gnu.so
-- Up-to-date symlink: /SLAM/ros_ws/install/br2_tracking_msgs/local/lib/python3.10/dist-packages/br2_tracking_msgs/br2_tracking_msgs_s__rosidl_typesupport_introspection_c.cpython-310-x86_64-linux-gnu.so
-- Up-to-date symlink: /SLAM/ros_ws/install/br2_tracking_msgs/local/lib/python3.10/dist-packages/br2_tracking_msgs/br2_tracking_msgs_s__rosidl_typesupport_c.cpython-310-x86_64-linux-gnu.so
-- Up-to-date symlink: /SLAM/ros_ws/install/br2_tracking_msgs/share/br2_tracking_msgs/msg/PanTiltCommand.idl
-- Up-to-date symlink: /SLAM/ros_ws/install/br2_tracking_msgs/share/br2_tracking_msgs/msg/PanTiltCommand.msg
-- Up-to-date symlink: /SLAM/ros_ws/install/br2_tracking_msgs/share/ament_index/resource_index/package_run_dependencies/br2_tracking_msgs
-- Up-to-date symlink: /SLAM/ros_ws/install/br2_tracking_msgs/share/ament_index/resource_index/parent_prefix_path/br2_tracking_msgs
-- Up-to-date symlink: /SLAM/ros_ws/install/br2_tracking_msgs/share/br2_tracking_msgs/environment/ament_prefix_path.sh
-- Up-to-date symlink: /SLAM/ros_ws/install/br2_tracking_msgs/share/br2_tracking_msgs/environment/ament_prefix_path.dsv
-- Up-to-date symlink: /SLAM/ros_ws/install/br2_tracking_msgs/share/br2_tracking_msgs/environment/path.sh
-- Up-to-date symlink: /SLAM/ros_ws/install/br2_tracking_msgs/share/br2_tracking_msgs/environment/path.dsv
-- Up-to-date symlink: /SLAM/ros_ws/install/br2_tracking_msgs/share/br2_tracking_msgs/local_setup.bash
-- Up-to-date symlink: /SLAM/ros_ws/install/br2_tracking_msgs/share/br2_tracking_msgs/local_setup.sh
-- Up-to-date symlink: /SLAM/ros_ws/install/br2_tracking_msgs/share/br2_tracking_msgs/local_setup.zsh
-- Up-to-date symlink: /SLAM/ros_ws/install/br2_tracking_msgs/share/br2_tracking_msgs/local_setup.dsv
-- Symlinking: /SLAM/ros_ws/install/br2_tracking_msgs/share/br2_tracking_msgs/package.dsv
-- Up-to-date symlink: /SLAM/ros_ws/install/br2_tracking_msgs/share/ament_index/resource_index/packages/br2_tracking_msgs
-- Up-to-date symlink: /SLAM/ros_ws/install/br2_tracking_msgs/share/br2_tracking_msgs/cmake/rosidl_cmake-extras.cmake
-- Up-to-date symlink: /SLAM/ros_ws/install/br2_tracking_msgs/share/br2_tracking_msgs/cmake/ament_cmake_export_dependencies-extras.cmake
-- Up-to-date symlink: /SLAM/ros_ws/install/br2_tracking_msgs/share/br2_tracking_msgs/cmake/ament_cmake_export_include_directories-extras.cmake
-- Up-to-date symlink: /SLAM/ros_ws/install/br2_tracking_msgs/share/br2_tracking_msgs/cmake/ament_cmake_export_libraries-extras.cmake
-- Up-to-date symlink: /SLAM/ros_ws/install/br2_tracking_msgs/share/br2_tracking_msgs/cmake/ament_cmake_export_targets-extras.cmake
-- Up-to-date symlink: /SLAM/ros_ws/install/br2_tracking_msgs/share/br2_tracking_msgs/cmake/rosidl_cmake_export_typesupport_targets-extras.cmake
-- Up-to-date symlink: /SLAM/ros_ws/install/br2_tracking_msgs/share/br2_tracking_msgs/cmake/rosidl_cmake_export_typesupport_libraries-extras.cmake
-- Up-to-date symlink: /SLAM/ros_ws/install/br2_tracking_msgs/share/br2_tracking_msgs/cmake/br2_tracking_msgsConfig.cmake
-- Up-to-date symlink: /SLAM/ros_ws/install/br2_tracking_msgs/share/br2_tracking_msgs/cmake/br2_tracking_msgsConfig-version.cmake
-- Up-to-date symlink: /SLAM/ros_ws/install/br2_tracking_msgs/share/br2_tracking_msgs/package.xml
-- Up-to-date: /SLAM/ros_ws/install/br2_tracking_msgs/lib/libbr2_tracking_msgs__rosidl_generator_c.so
-- Up-to-date: /SLAM/ros_ws/install/br2_tracking_msgs/lib/libbr2_tracking_msgs__rosidl_typesupport_fastrtps_c.so
-- Up-to-date: /SLAM/ros_ws/install/br2_tracking_msgs/lib/libbr2_tracking_msgs__rosidl_typesupport_fastrtps_cpp.so
-- Up-to-date: /SLAM/ros_ws/install/br2_tracking_msgs/lib/libbr2_tracking_msgs__rosidl_typesupport_introspection_c.so
-- Up-to-date: /SLAM/ros_ws/install/br2_tracking_msgs/lib/libbr2_tracking_msgs__rosidl_typesupport_c.so
-- Up-to-date: /SLAM/ros_ws/install/br2_tracking_msgs/lib/libbr2_tracking_msgs__rosidl_typesupport_introspection_cpp.so
-- Up-to-date: /SLAM/ros_ws/install/br2_tracking_msgs/lib/libbr2_tracking_msgs__rosidl_typesupport_cpp.so
Listing '/SLAM/ros_ws/install/br2_tracking_msgs/local/lib/python3.10/dist-packages/br2_tracking_msgs'...
Listing '/SLAM/ros_ws/install/br2_tracking_msgs/local/lib/python3.10/dist-packages/br2_tracking_msgs/msg'...
-- Up-to-date: /SLAM/ros_ws/install/br2_tracking_msgs/lib/libbr2_tracking_msgs__rosidl_generator_py.so
-- Up-to-date: /SLAM/ros_ws/install/br2_tracking_msgs/share/br2_tracking_msgs/cmake/export_br2_tracking_msgs__rosidl_generator_cExport.cmake
-- Up-to-date: /SLAM/ros_ws/install/br2_tracking_msgs/share/br2_tracking_msgs/cmake/export_br2_tracking_msgs__rosidl_generator_cExport-noconfig.cmake
-- Up-to-date: /SLAM/ros_ws/install/br2_tracking_msgs/share/br2_tracking_msgs/cmake/export_br2_tracking_msgs__rosidl_typesupport_fastrtps_cExport.cmake
-- Up-to-date: /SLAM/ros_ws/install/br2_tracking_msgs/share/br2_tracking_msgs/cmake/export_br2_tracking_msgs__rosidl_typesupport_fastrtps_cExport-noconfig.cmake
-- Up-to-date: /SLAM/ros_ws/install/br2_tracking_msgs/share/br2_tracking_msgs/cmake/export_br2_tracking_msgs__rosidl_generator_cppExport.cmake
-- Up-to-date: /SLAM/ros_ws/install/br2_tracking_msgs/share/br2_tracking_msgs/cmake/export_br2_tracking_msgs__rosidl_typesupport_fastrtps_cppExport.cmake
-- Up-to-date: /SLAM/ros_ws/install/br2_tracking_msgs/share/br2_tracking_msgs/cmake/export_br2_tracking_msgs__rosidl_typesupport_fastrtps_cppExport-noconfig.cmake
-- Up-to-date: /SLAM/ros_ws/install/br2_tracking_msgs/share/br2_tracking_msgs/cmake/br2_tracking_msgs__rosidl_typesupport_introspection_cExport.cmake
-- Up-to-date: /SLAM/ros_ws/install/br2_tracking_msgs/share/br2_tracking_msgs/cmake/br2_tracking_msgs__rosidl_typesupport_introspection_cExport-noconfig.cmake
-- Up-to-date: /SLAM/ros_ws/install/br2_tracking_msgs/share/br2_tracking_msgs/cmake/br2_tracking_msgs__rosidl_typesupport_cExport.cmake
-- Up-to-date: /SLAM/ros_ws/install/br2_tracking_msgs/share/br2_tracking_msgs/cmake/br2_tracking_msgs__rosidl_typesupport_cExport-noconfig.cmake
-- Up-to-date: /SLAM/ros_ws/install/br2_tracking_msgs/share/br2_tracking_msgs/cmake/br2_tracking_msgs__rosidl_typesupport_introspection_cppExport.cmake
-- Up-to-date: /SLAM/ros_ws/install/br2_tracking_msgs/share/br2_tracking_msgs/cmake/br2_tracking_msgs__rosidl_typesupport_introspection_cppExport-noconfig.cmake
-- Up-to-date: /SLAM/ros_ws/install/br2_tracking_msgs/share/br2_tracking_msgs/cmake/br2_tracking_msgs__rosidl_typesupport_cppExport.cmake
-- Up-to-date: /SLAM/ros_ws/install/br2_tracking_msgs/share/br2_tracking_msgs/cmake/br2_tracking_msgs__rosidl_typesupport_cppExport-noconfig.cmake
-- Up-to-date: /SLAM/ros_ws/install/br2_tracking_msgs/share/br2_tracking_msgs/cmake/export_br2_tracking_msgs__rosidl_generator_pyExport.cmake
-- Up-to-date: /SLAM/ros_ws/install/br2_tracking_msgs/share/br2_tracking_msgs/cmake/export_br2_tracking_msgs__rosidl_generator_pyExport-noconfig.cmake
