[0.391s] Invoking command in '/SLAM/ros_ws/build/image_view': CMAKE_PREFIX_PATH=${CMAKE_PREFIX_PATH}:/SLAM/ros_ws/install/camera_calibration:/opt/ros/humble /usr/bin/cmake --build /SLAM/ros_ws/build/image_view -- -j16 -l16
[0.446s] [35m[1mConsolidate compiler generated dependencies of target image_view_nodes[0m
[0.505s] [ 36%] Built target image_view_nodes
[0.522s] [35m[1mConsolidate compiler generated dependencies of target disparity_view[0m
[0.524s] [35m[1mConsolidate compiler generated dependencies of target stereo_view[0m
[0.524s] [35m[1mConsolidate compiler generated dependencies of target video_recorder[0m
[0.525s] [35m[1mConsolidate compiler generated dependencies of target image_saver[0m
[0.525s] [35m[1mConsolidate compiler generated dependencies of target image_view[0m
[0.525s] [35m[1mConsolidate compiler generated dependencies of target extract_images[0m
[0.555s] [ 47%] Built target disparity_view
[0.558s] [ 57%] Built target video_recorder
[0.561s] [ 68%] Built target stereo_view
[0.562s] [ 89%] Built target image_saver
[0.562s] [ 89%] Built target extract_images
[0.564s] [100%] Built target image_view
[0.684s] Invoked command in '/SLAM/ros_ws/build/image_view' returned '0': CMAKE_PREFIX_PATH=${CMAKE_PREFIX_PATH}:/SLAM/ros_ws/install/camera_calibration:/opt/ros/humble /usr/bin/cmake --build /SLAM/ros_ws/build/image_view -- -j16 -l16
[0.923s] Invoking command in '/SLAM/ros_ws/build/image_view': CMAKE_PREFIX_PATH=${CMAKE_PREFIX_PATH}:/SLAM/ros_ws/install/camera_calibration:/opt/ros/humble /usr/bin/cmake --install /SLAM/ros_ws/build/image_view
[0.945s] -- Install configuration: ""
[0.945s] -- Up-to-date: /SLAM/ros_ws/install/image_view/include
[0.945s] -- Up-to-date: /SLAM/ros_ws/install/image_view/include/image_view
[0.945s] -- Up-to-date: /SLAM/ros_ws/install/image_view/include/image_view/stereo_view_node.hpp
[0.945s] -- Up-to-date: /SLAM/ros_ws/install/image_view/include/image_view/extract_images_node.hpp
[0.945s] -- Up-to-date: /SLAM/ros_ws/install/image_view/include/image_view/image_saver_node.hpp
[0.945s] -- Up-to-date: /SLAM/ros_ws/install/image_view/include/image_view/disparity_view_node.hpp
[0.945s] -- Up-to-date: /SLAM/ros_ws/install/image_view/include/image_view/image_view_node.hpp
[0.945s] -- Up-to-date: /SLAM/ros_ws/install/image_view/include/image_view/video_recorder_node.hpp
[0.945s] -- Up-to-date: /SLAM/ros_ws/install/image_view/share/image_view/environment/library_path.sh
[0.946s] -- Up-to-date: /SLAM/ros_ws/install/image_view/share/image_view/environment/library_path.dsv
[0.946s] -- Up-to-date: /SLAM/ros_ws/install/image_view/lib/libimage_view_nodes.so
[0.946s] -- Up-to-date: /SLAM/ros_ws/install/image_view/lib/image_view/disparity_view
[0.946s] -- Up-to-date: /SLAM/ros_ws/install/image_view/lib/image_view/image_view
[0.946s] -- Up-to-date: /SLAM/ros_ws/install/image_view/lib/image_view/stereo_view
[0.946s] -- Up-to-date: /SLAM/ros_ws/install/image_view/lib/image_view/extract_images
[0.946s] -- Up-to-date: /SLAM/ros_ws/install/image_view/lib/image_view/image_saver
[0.946s] -- Up-to-date: /SLAM/ros_ws/install/image_view/lib/image_view/video_recorder
[0.946s] -- Up-to-date: /SLAM/ros_ws/install/image_view/share/ament_index/resource_index/package_run_dependencies/image_view
[0.947s] -- Up-to-date: /SLAM/ros_ws/install/image_view/share/ament_index/resource_index/parent_prefix_path/image_view
[0.947s] -- Up-to-date: /SLAM/ros_ws/install/image_view/share/image_view/environment/ament_prefix_path.sh
[0.947s] -- Up-to-date: /SLAM/ros_ws/install/image_view/share/image_view/environment/ament_prefix_path.dsv
[0.947s] -- Up-to-date: /SLAM/ros_ws/install/image_view/share/image_view/environment/path.sh
[0.948s] -- Up-to-date: /SLAM/ros_ws/install/image_view/share/image_view/environment/path.dsv
[0.948s] -- Up-to-date: /SLAM/ros_ws/install/image_view/share/image_view/local_setup.bash
[0.948s] -- Up-to-date: /SLAM/ros_ws/install/image_view/share/image_view/local_setup.sh
[0.948s] -- Up-to-date: /SLAM/ros_ws/install/image_view/share/image_view/local_setup.zsh
[0.948s] -- Up-to-date: /SLAM/ros_ws/install/image_view/share/image_view/local_setup.dsv
[0.949s] -- Installing: /SLAM/ros_ws/install/image_view/share/image_view/package.dsv
[0.949s] -- Up-to-date: /SLAM/ros_ws/install/image_view/share/ament_index/resource_index/packages/image_view
[0.949s] -- Up-to-date: /SLAM/ros_ws/install/image_view/share/ament_index/resource_index/rclcpp_components/image_view
[0.950s] -- Up-to-date: /SLAM/ros_ws/install/image_view/share/image_view/cmake/ament_cmake_export_dependencies-extras.cmake
[0.950s] -- Up-to-date: /SLAM/ros_ws/install/image_view/share/image_view/cmake/ament_cmake_export_include_directories-extras.cmake
[0.950s] -- Up-to-date: /SLAM/ros_ws/install/image_view/share/image_view/cmake/ament_cmake_export_libraries-extras.cmake
[0.951s] -- Up-to-date: /SLAM/ros_ws/install/image_view/share/image_view/cmake/image_viewConfig.cmake
[0.951s] -- Up-to-date: /SLAM/ros_ws/install/image_view/share/image_view/cmake/image_viewConfig-version.cmake
[0.951s] -- Up-to-date: /SLAM/ros_ws/install/image_view/share/image_view/package.xml
[1.114s] Invoked command in '/SLAM/ros_ws/build/image_view' returned '0': CMAKE_PREFIX_PATH=${CMAKE_PREFIX_PATH}:/SLAM/ros_ws/install/camera_calibration:/opt/ros/humble /usr/bin/cmake --install /SLAM/ros_ws/build/image_view
