[0.361s] Invoking command in '/SLAM/ros_ws/build/orbbec_description': CMAKE_PREFIX_PATH=${CMAKE_PREFIX_PATH}:/SLAM/ros_ws/install/camera_calibration:/opt/ros/humble /usr/bin/cmake /SLAM/ros_ws/src/OrbbecSDK_ROS2/orbbec_description -DCMAKE_BUILD_TYPE=Release -DCMAKE_INSTALL_PREFIX=/SLAM/ros_ws/install/orbbec_description
[0.381s] -- Found ament_cmake: 1.3.6 (/opt/ros/humble/share/ament_cmake/cmake)
[0.618s] -- Found ament_lint_auto: 0.12.9 (/opt/ros/humble/share/ament_lint_auto/cmake)
[0.720s] -- Added test 'copyright' to check source files copyright and LICENSE
[0.723s] -- Added test 'lint_cmake' to check CMake code style
[0.725s] -- Added test 'xmllint' to check XML markup files
[0.727s] -- Configuring done
[0.734s] -- Generating done
[0.735s] -- Build files have been written to: /SLAM/ros_ws/build/orbbec_description
[0.739s] Invoked command in '/SLAM/ros_ws/build/orbbec_description' returned '0': CMAKE_PREFIX_PATH=${CMAKE_PREFIX_PATH}:/SLAM/ros_ws/install/camera_calibration:/opt/ros/humble /usr/bin/cmake /SLAM/ros_ws/src/OrbbecSDK_ROS2/orbbec_description -DCMAKE_BUILD_TYPE=Release -DCMAKE_INSTALL_PREFIX=/SLAM/ros_ws/install/orbbec_description
[0.741s] Invoking command in '/SLAM/ros_ws/build/orbbec_description': CMAKE_PREFIX_PATH=${CMAKE_PREFIX_PATH}:/SLAM/ros_ws/install/camera_calibration:/opt/ros/humble /usr/bin/cmake --build /SLAM/ros_ws/build/orbbec_description -- -j16 -l16
[0.810s] Invoked command in '/SLAM/ros_ws/build/orbbec_description' returned '0': CMAKE_PREFIX_PATH=${CMAKE_PREFIX_PATH}:/SLAM/ros_ws/install/camera_calibration:/opt/ros/humble /usr/bin/cmake --build /SLAM/ros_ws/build/orbbec_description -- -j16 -l16
[0.862s] Invoking command in '/SLAM/ros_ws/build/orbbec_description': CMAKE_PREFIX_PATH=${CMAKE_PREFIX_PATH}:/SLAM/ros_ws/install/camera_calibration:/opt/ros/humble /usr/bin/cmake --install /SLAM/ros_ws/build/orbbec_description
[0.875s] -- Install configuration: "Release"
[0.875s] -- Up-to-date: /SLAM/ros_ws/install/orbbec_description/share/ament_index/resource_index/package_run_dependencies/orbbec_description
[0.875s] -- Installing: /SLAM/ros_ws/install/orbbec_description/share/ament_index/resource_index/parent_prefix_path/orbbec_description
[0.876s] -- Up-to-date: /SLAM/ros_ws/install/orbbec_description/share/orbbec_description/environment/ament_prefix_path.sh
[0.876s] -- Installing: /SLAM/ros_ws/install/orbbec_description/share/orbbec_description/environment/ament_prefix_path.dsv
[0.876s] -- Up-to-date: /SLAM/ros_ws/install/orbbec_description/share/orbbec_description/environment/path.sh
[0.876s] -- Installing: /SLAM/ros_ws/install/orbbec_description/share/orbbec_description/environment/path.dsv
[0.877s] -- Up-to-date: /SLAM/ros_ws/install/orbbec_description/share/orbbec_description/local_setup.bash
[0.877s] -- Up-to-date: /SLAM/ros_ws/install/orbbec_description/share/orbbec_description/local_setup.sh
[0.877s] -- Up-to-date: /SLAM/ros_ws/install/orbbec_description/share/orbbec_description/local_setup.zsh
[0.877s] -- Installing: /SLAM/ros_ws/install/orbbec_description/share/orbbec_description/local_setup.dsv
[0.878s] -- Installing: /SLAM/ros_ws/install/orbbec_description/share/orbbec_description/package.dsv
[0.878s] -- Up-to-date: /SLAM/ros_ws/install/orbbec_description/share/ament_index/resource_index/packages/orbbec_description
[0.878s] -- Up-to-date: /SLAM/ros_ws/install/orbbec_description/share/orbbec_description/cmake/orbbec_descriptionConfig.cmake
[0.878s] -- Up-to-date: /SLAM/ros_ws/install/orbbec_description/share/orbbec_description/cmake/orbbec_descriptionConfig-version.cmake
[0.878s] -- Up-to-date: /SLAM/ros_ws/install/orbbec_description/share/orbbec_description/package.xml
[0.882s] Invoked command in '/SLAM/ros_ws/build/orbbec_description' returned '0': CMAKE_PREFIX_PATH=${CMAKE_PREFIX_PATH}:/SLAM/ros_ws/install/camera_calibration:/opt/ros/humble /usr/bin/cmake --install /SLAM/ros_ws/build/orbbec_description
