[0.049s] Invoking command in '/SLAM/ros_ws/build/tiago_controller_configuration': AMENT_PREFIX_PATH=/SLAM/ros_ws/install/pal_gripper_controller_configuration:/SLAM/ros_ws/install/launch_pal:${AMENT_PREFIX_PATH} CMAKE_PREFIX_PATH=/SLAM/ros_ws/install/pal_gripper_controller_configuration:/opt/ros/humble PYTHONPATH=/SLAM/ros_ws/build/launch_pal:/SLAM/ros_ws/install/launch_pal/lib/python3.10/site-packages:${PYTHONPATH} /usr/bin/cmake /SLAM/ros_ws/src/ThirdParty/tiago_robot/tiago_controller_configuration -DAMENT_CMAKE_SYMLINK_INSTALL=1 -DCMAKE_INSTALL_PREFIX=/SLAM/ros_ws/install/tiago_controller_configuration
[0.104s] -- The C compiler identification is GNU 11.4.0
[0.159s] -- The CXX compiler identification is GNU 11.4.0
[0.167s] -- Detecting C compiler ABI info
[0.241s] -- Detecting C compiler ABI info - done
[0.250s] -- Check for working C compiler: /usr/bin/cc - skipped
[0.250s] -- Detecting C compile features
[0.250s] -- Detecting C compile features - done
[0.253s] -- Detecting CXX compiler ABI info
[0.337s] -- Detecting CXX compiler ABI info - done
[0.343s] -- Check for working CXX compiler: /usr/bin/c++ - skipped
[0.343s] -- Detecting CXX compile features
[0.344s] -- Detecting CXX compile features - done
[0.349s] -- Found ament_cmake_auto: 1.3.6 (/opt/ros/humble/share/ament_cmake_auto/cmake)
[0.525s] -- Found Python3: /usr/bin/python3.10 (found version "3.10.12") found components: Interpreter 
[0.580s] -- Override CMake install command with custom implementation using symlinks instead of copying resources
[0.696s] -- Found ament_lint_auto: 0.12.9 (/opt/ros/humble/share/ament_lint_auto/cmake)
[0.737s] -- Added test 'copyright' to check source files copyright and LICENSE
[0.740s] -- Added test 'flake8' to check Python code syntax and style conventions
[0.740s] -- Added test 'lint_cmake' to check CMake code style
[0.741s] -- Added test 'pep257' to check Python code against some of the docstring style conventions in PEP 257
[0.742s] -- Added test 'xmllint' to check XML markup files
[0.744s] -- Configuring done
[0.748s] -- Generating done
[0.749s] -- Build files have been written to: /SLAM/ros_ws/build/tiago_controller_configuration
[0.753s] Invoked command in '/SLAM/ros_ws/build/tiago_controller_configuration' returned '0': AMENT_PREFIX_PATH=/SLAM/ros_ws/install/pal_gripper_controller_configuration:/SLAM/ros_ws/install/launch_pal:${AMENT_PREFIX_PATH} CMAKE_PREFIX_PATH=/SLAM/ros_ws/install/pal_gripper_controller_configuration:/opt/ros/humble PYTHONPATH=/SLAM/ros_ws/build/launch_pal:/SLAM/ros_ws/install/launch_pal/lib/python3.10/site-packages:${PYTHONPATH} /usr/bin/cmake /SLAM/ros_ws/src/ThirdParty/tiago_robot/tiago_controller_configuration -DAMENT_CMAKE_SYMLINK_INSTALL=1 -DCMAKE_INSTALL_PREFIX=/SLAM/ros_ws/install/tiago_controller_configuration
[0.755s] Invoking command in '/SLAM/ros_ws/build/tiago_controller_configuration': AMENT_PREFIX_PATH=/SLAM/ros_ws/install/pal_gripper_controller_configuration:/SLAM/ros_ws/install/launch_pal:${AMENT_PREFIX_PATH} CMAKE_PREFIX_PATH=/SLAM/ros_ws/install/pal_gripper_controller_configuration:/opt/ros/humble PYTHONPATH=/SLAM/ros_ws/build/launch_pal:/SLAM/ros_ws/install/launch_pal/lib/python3.10/site-packages:${PYTHONPATH} /usr/bin/cmake --build /SLAM/ros_ws/build/tiago_controller_configuration -- -j16 -l16
[0.798s] Invoked command in '/SLAM/ros_ws/build/tiago_controller_configuration' returned '0': AMENT_PREFIX_PATH=/SLAM/ros_ws/install/pal_gripper_controller_configuration:/SLAM/ros_ws/install/launch_pal:${AMENT_PREFIX_PATH} CMAKE_PREFIX_PATH=/SLAM/ros_ws/install/pal_gripper_controller_configuration:/opt/ros/humble PYTHONPATH=/SLAM/ros_ws/build/launch_pal:/SLAM/ros_ws/install/launch_pal/lib/python3.10/site-packages:${PYTHONPATH} /usr/bin/cmake --build /SLAM/ros_ws/build/tiago_controller_configuration -- -j16 -l16
[0.832s] Invoking command in '/SLAM/ros_ws/build/tiago_controller_configuration': AMENT_PREFIX_PATH=/SLAM/ros_ws/install/pal_gripper_controller_configuration:/SLAM/ros_ws/install/launch_pal:${AMENT_PREFIX_PATH} CMAKE_PREFIX_PATH=/SLAM/ros_ws/install/pal_gripper_controller_configuration:/opt/ros/humble PYTHONPATH=/SLAM/ros_ws/build/launch_pal:/SLAM/ros_ws/install/launch_pal/lib/python3.10/site-packages:${PYTHONPATH} /usr/bin/cmake --install /SLAM/ros_ws/build/tiago_controller_configuration
[0.839s] -- Install configuration: ""
[0.840s] -- Execute custom install script
[0.840s] -- Symlinking: /SLAM/ros_ws/install/tiago_controller_configuration/share/tiago_controller_configuration/config/arm_controller.yaml
[0.849s] -- Symlinking: /SLAM/ros_ws/install/tiago_controller_configuration/share/tiago_controller_configuration/config/ft_sensor_controller.yaml
[0.858s] -- Symlinking: /SLAM/ros_ws/install/tiago_controller_configuration/share/tiago_controller_configuration/config/gazebo_controller_manager_cfg.yaml
[0.867s] -- Symlinking: /SLAM/ros_ws/install/tiago_controller_configuration/share/tiago_controller_configuration/config/gravity_compensation_controller.yaml
[0.876s] -- Symlinking: /SLAM/ros_ws/install/tiago_controller_configuration/share/tiago_controller_configuration/config/head_controller.yaml
[0.884s] -- Symlinking: /SLAM/ros_ws/install/tiago_controller_configuration/share/tiago_controller_configuration/config/joint_state_broadcaster.yaml
[0.892s] -- Symlinking: /SLAM/ros_ws/install/tiago_controller_configuration/share/tiago_controller_configuration/config/mobile_base_controller.yaml
[0.901s] -- Symlinking: /SLAM/ros_ws/install/tiago_controller_configuration/share/tiago_controller_configuration/config/torso_controller.yaml
[0.911s] -- Symlinking: /SLAM/ros_ws/install/tiago_controller_configuration/share/tiago_controller_configuration/launch/arm_controller.launch.py
[0.920s] -- Symlinking: /SLAM/ros_ws/install/tiago_controller_configuration/share/tiago_controller_configuration/launch/default_controllers.launch.py
[0.929s] -- Symlinking: /SLAM/ros_ws/install/tiago_controller_configuration/share/tiago_controller_configuration/launch/ft_sensor_controller.launch.py
[0.938s] -- Symlinking: /SLAM/ros_ws/install/tiago_controller_configuration/share/tiago_controller_configuration/launch/gravity_compensation_controller.launch.py
[0.946s] -- Symlinking: /SLAM/ros_ws/install/tiago_controller_configuration/share/tiago_controller_configuration/launch/head_controller.launch.py
[0.957s] -- Symlinking: /SLAM/ros_ws/install/tiago_controller_configuration/share/tiago_controller_configuration/launch/joint_state_broadcaster.launch.py
[0.965s] -- Symlinking: /SLAM/ros_ws/install/tiago_controller_configuration/share/tiago_controller_configuration/launch/mobile_base_controller.launch.py
[0.974s] -- Symlinking: /SLAM/ros_ws/install/tiago_controller_configuration/share/tiago_controller_configuration/launch/torso_controller.launch.py
[0.982s] -- Symlinking: /SLAM/ros_ws/install/tiago_controller_configuration/share/ament_index/resource_index/package_run_dependencies/tiago_controller_configuration
[0.992s] -- Symlinking: /SLAM/ros_ws/install/tiago_controller_configuration/share/ament_index/resource_index/parent_prefix_path/tiago_controller_configuration
[1.002s] -- Symlinking: /SLAM/ros_ws/install/tiago_controller_configuration/share/tiago_controller_configuration/environment/ament_prefix_path.sh
[1.011s] -- Symlinking: /SLAM/ros_ws/install/tiago_controller_configuration/share/tiago_controller_configuration/environment/ament_prefix_path.dsv
[1.021s] -- Symlinking: /SLAM/ros_ws/install/tiago_controller_configuration/share/tiago_controller_configuration/environment/path.sh
[1.031s] -- Symlinking: /SLAM/ros_ws/install/tiago_controller_configuration/share/tiago_controller_configuration/environment/path.dsv
[1.042s] -- Symlinking: /SLAM/ros_ws/install/tiago_controller_configuration/share/tiago_controller_configuration/local_setup.bash
[1.051s] -- Symlinking: /SLAM/ros_ws/install/tiago_controller_configuration/share/tiago_controller_configuration/local_setup.sh
[1.060s] -- Symlinking: /SLAM/ros_ws/install/tiago_controller_configuration/share/tiago_controller_configuration/local_setup.zsh
[1.069s] -- Symlinking: /SLAM/ros_ws/install/tiago_controller_configuration/share/tiago_controller_configuration/local_setup.dsv
[1.079s] -- Symlinking: /SLAM/ros_ws/install/tiago_controller_configuration/share/tiago_controller_configuration/package.dsv
[1.088s] -- Symlinking: /SLAM/ros_ws/install/tiago_controller_configuration/share/ament_index/resource_index/packages/tiago_controller_configuration
[1.097s] -- Symlinking: /SLAM/ros_ws/install/tiago_controller_configuration/share/tiago_controller_configuration/cmake/tiago_controller_configurationConfig.cmake
[1.107s] -- Symlinking: /SLAM/ros_ws/install/tiago_controller_configuration/share/tiago_controller_configuration/cmake/tiago_controller_configurationConfig-version.cmake
[1.119s] -- Symlinking: /SLAM/ros_ws/install/tiago_controller_configuration/share/tiago_controller_configuration/package.xml
[1.131s] Invoked command in '/SLAM/ros_ws/build/tiago_controller_configuration' returned '0': AMENT_PREFIX_PATH=/SLAM/ros_ws/install/pal_gripper_controller_configuration:/SLAM/ros_ws/install/launch_pal:${AMENT_PREFIX_PATH} CMAKE_PREFIX_PATH=/SLAM/ros_ws/install/pal_gripper_controller_configuration:/opt/ros/humble PYTHONPATH=/SLAM/ros_ws/build/launch_pal:/SLAM/ros_ws/install/launch_pal/lib/python3.10/site-packages:${PYTHONPATH} /usr/bin/cmake --install /SLAM/ros_ws/build/tiago_controller_configuration
