[0.627s] Invoking command in '/home/khanh/Documents/SLAM/ros_ws/build/rtabmap_python': PYTHONPATH=/home/khanh/Documents/SLAM/ros_ws/build/rtabmap_python/prefix_override:/home/khanh/Documents/SLAM/ros_ws/install/rtabmap_python/lib/python3.10/site-packages:${PYTHONPATH} /usr/bin/python3 setup.py develop --editable --build-directory /home/khanh/Documents/SLAM/ros_ws/build/rtabmap_python/build --no-deps install_data
[0.835s] running develop
[0.836s] /usr/lib/python3/dist-packages/setuptools/command/easy_install.py:158: EasyInstallDeprecationWarning: easy_install command is deprecated. Use build and pip and other standards-based tools.
[0.836s]   warnings.warn(
[0.837s] /usr/lib/python3/dist-packages/setuptools/command/install.py:34: SetuptoolsDeprecationWarning: setup.py install is deprecated. Use build and pip and other standards-based tools.
[0.837s]   warnings.warn(
[0.961s] running egg_info
[0.961s] writing rtabmap_python.egg-info/PKG-INFO
[0.961s] writing dependency_links to rtabmap_python.egg-info/dependency_links.txt
[0.961s] writing entry points to rtabmap_python.egg-info/entry_points.txt
[0.961s] writing requirements to rtabmap_python.egg-info/requires.txt
[0.961s] writing top-level names to rtabmap_python.egg-info/top_level.txt
[0.963s] reading manifest file 'rtabmap_python.egg-info/SOURCES.txt'
[0.964s] writing manifest file 'rtabmap_python.egg-info/SOURCES.txt'
[0.965s] running build_ext
[0.965s] Creating /home/khanh/Documents/SLAM/ros_ws/install/rtabmap_python/lib/python3.10/site-packages/rtabmap-python.egg-link (link to .)
[0.965s] 
[0.966s] Installed /home/khanh/Documents/SLAM/ros_ws/build/rtabmap_python
[0.966s] running install_data
[1.087s] Invoked command in '/home/khanh/Documents/SLAM/ros_ws/build/rtabmap_python' returned '0': PYTHONPATH=/home/khanh/Documents/SLAM/ros_ws/build/rtabmap_python/prefix_override:/home/khanh/Documents/SLAM/ros_ws/install/rtabmap_python/lib/python3.10/site-packages:${PYTHONPATH} /usr/bin/python3 setup.py develop --editable --build-directory /home/khanh/Documents/SLAM/ros_ws/build/rtabmap_python/build --no-deps install_data
