[0.918s] Invoking command in '/SLAM/ros_ws/build/image_rotate': CMAKE_PREFIX_PATH=/SLAM/ros_ws/install/br2_vff_avoidance:/SLAM/ros_ws/install/br2_tracking:/SLAM/ros_ws/install/br2_tracking_msgs:/SLAM/ros_ws/install/br2_tf2_detector:/SLAM/ros_ws/install/br2_navigation:/SLAM/ros_ws/install/br2_fsm_bumpgo_cpp:/SLAM/ros_ws/install/br2_bt_patrolling:/SLAM/ros_ws/install/br2_bt_bumpgo:/SLAM/ros_ws/install/br2_tiago:/SLAM/ros_ws/install/br2_basics:/SLAM/ros_ws/install/tutourial_intefaces:/SLAM/ros_ws/install/image_pipeline:/SLAM/ros_ws/install/stereo_image_proc:/SLAM/ros_ws/install/image_proc:/SLAM/ros_ws/install/tracetools_image_pipeline:/SLAM/ros_ws/install/sllidar_ros2:/SLAM/ros_ws/install/rtabmap_ros:/SLAM/ros_ws/install/rtabmap_launch:/SLAM/ros_ws/install/rtabmap_examples:/SLAM/ros_ws/install/rtabmap_demos:/SLAM/ros_ws/install/rtabmap_viz:/SLAM/ros_ws/install/rtabmap_slam:/SLAM/ros_ws/install/rtabmap_odom:/SLAM/ros_ws/install/rtabmap_util:/SLAM/ros_ws/install/rtabmap_sync:/SLAM/ros_ws/install/rtabmap_rviz_plugins:/SLAM/ros_ws/install/rtabmap_conversions:/SLAM/ros_ws/install/br2_fsm_bumpgo_py:/SLAM/ros_ws/install/rtabmap_python:/SLAM/ros_ws/install/my_robot_controller:/SLAM/ros_ws/install/camera_calibration:/opt/ros/humble:/SLAM/ros_ws/install/rtabmap_msgs:/SLAM/ros_ws/install/rtabmap:/SLAM/ros_ws/install/rplidar_ros:/SLAM/ros_ws/install/rf2o_laser_odometry:/SLAM/ros_ws/install/more_interfaces:/SLAM/ros_ws/install/image_view:/SLAM/ros_ws/install/image_rotate:/SLAM/ros_ws/install/astra_camera:/SLAM/ros_ws/install/image_publisher:/SLAM/ros_ws/install/depth_image_proc:/SLAM/ros_ws/install/cpp_srvcli:/SLAM/ros_ws/install/cpp_pubsub:/SLAM/ros_ws/install/astra_camera_msgs /usr/bin/cmake --build /SLAM/ros_ws/build/image_rotate -- -j16 -l16
[1.108s] [35m[1mConsolidate compiler generated dependencies of target image_rotate[0m
[1.122s] [ 50%] Built target image_rotate
[1.169s] [35m[1mConsolidate compiler generated dependencies of target image_rotate_bin[0m
[1.237s] [100%] Built target image_rotate_bin
[1.822s] Invoked command in '/SLAM/ros_ws/build/image_rotate' returned '0': CMAKE_PREFIX_PATH=/SLAM/ros_ws/install/br2_vff_avoidance:/SLAM/ros_ws/install/br2_tracking:/SLAM/ros_ws/install/br2_tracking_msgs:/SLAM/ros_ws/install/br2_tf2_detector:/SLAM/ros_ws/install/br2_navigation:/SLAM/ros_ws/install/br2_fsm_bumpgo_cpp:/SLAM/ros_ws/install/br2_bt_patrolling:/SLAM/ros_ws/install/br2_bt_bumpgo:/SLAM/ros_ws/install/br2_tiago:/SLAM/ros_ws/install/br2_basics:/SLAM/ros_ws/install/tutourial_intefaces:/SLAM/ros_ws/install/image_pipeline:/SLAM/ros_ws/install/stereo_image_proc:/SLAM/ros_ws/install/image_proc:/SLAM/ros_ws/install/tracetools_image_pipeline:/SLAM/ros_ws/install/sllidar_ros2:/SLAM/ros_ws/install/rtabmap_ros:/SLAM/ros_ws/install/rtabmap_launch:/SLAM/ros_ws/install/rtabmap_examples:/SLAM/ros_ws/install/rtabmap_demos:/SLAM/ros_ws/install/rtabmap_viz:/SLAM/ros_ws/install/rtabmap_slam:/SLAM/ros_ws/install/rtabmap_odom:/SLAM/ros_ws/install/rtabmap_util:/SLAM/ros_ws/install/rtabmap_sync:/SLAM/ros_ws/install/rtabmap_rviz_plugins:/SLAM/ros_ws/install/rtabmap_conversions:/SLAM/ros_ws/install/br2_fsm_bumpgo_py:/SLAM/ros_ws/install/rtabmap_python:/SLAM/ros_ws/install/my_robot_controller:/SLAM/ros_ws/install/camera_calibration:/opt/ros/humble:/SLAM/ros_ws/install/rtabmap_msgs:/SLAM/ros_ws/install/rtabmap:/SLAM/ros_ws/install/rplidar_ros:/SLAM/ros_ws/install/rf2o_laser_odometry:/SLAM/ros_ws/install/more_interfaces:/SLAM/ros_ws/install/image_view:/SLAM/ros_ws/install/image_rotate:/SLAM/ros_ws/install/astra_camera:/SLAM/ros_ws/install/image_publisher:/SLAM/ros_ws/install/depth_image_proc:/SLAM/ros_ws/install/cpp_srvcli:/SLAM/ros_ws/install/cpp_pubsub:/SLAM/ros_ws/install/astra_camera_msgs /usr/bin/cmake --build /SLAM/ros_ws/build/image_rotate -- -j16 -l16
[3.641s] Invoking command in '/SLAM/ros_ws/build/image_rotate': CMAKE_PREFIX_PATH=/SLAM/ros_ws/install/br2_vff_avoidance:/SLAM/ros_ws/install/br2_tracking:/SLAM/ros_ws/install/br2_tracking_msgs:/SLAM/ros_ws/install/br2_tf2_detector:/SLAM/ros_ws/install/br2_navigation:/SLAM/ros_ws/install/br2_fsm_bumpgo_cpp:/SLAM/ros_ws/install/br2_bt_patrolling:/SLAM/ros_ws/install/br2_bt_bumpgo:/SLAM/ros_ws/install/br2_tiago:/SLAM/ros_ws/install/br2_basics:/SLAM/ros_ws/install/tutourial_intefaces:/SLAM/ros_ws/install/image_pipeline:/SLAM/ros_ws/install/stereo_image_proc:/SLAM/ros_ws/install/image_proc:/SLAM/ros_ws/install/tracetools_image_pipeline:/SLAM/ros_ws/install/sllidar_ros2:/SLAM/ros_ws/install/rtabmap_ros:/SLAM/ros_ws/install/rtabmap_launch:/SLAM/ros_ws/install/rtabmap_examples:/SLAM/ros_ws/install/rtabmap_demos:/SLAM/ros_ws/install/rtabmap_viz:/SLAM/ros_ws/install/rtabmap_slam:/SLAM/ros_ws/install/rtabmap_odom:/SLAM/ros_ws/install/rtabmap_util:/SLAM/ros_ws/install/rtabmap_sync:/SLAM/ros_ws/install/rtabmap_rviz_plugins:/SLAM/ros_ws/install/rtabmap_conversions:/SLAM/ros_ws/install/br2_fsm_bumpgo_py:/SLAM/ros_ws/install/rtabmap_python:/SLAM/ros_ws/install/my_robot_controller:/SLAM/ros_ws/install/camera_calibration:/opt/ros/humble:/SLAM/ros_ws/install/rtabmap_msgs:/SLAM/ros_ws/install/rtabmap:/SLAM/ros_ws/install/rplidar_ros:/SLAM/ros_ws/install/rf2o_laser_odometry:/SLAM/ros_ws/install/more_interfaces:/SLAM/ros_ws/install/image_view:/SLAM/ros_ws/install/image_rotate:/SLAM/ros_ws/install/astra_camera:/SLAM/ros_ws/install/image_publisher:/SLAM/ros_ws/install/depth_image_proc:/SLAM/ros_ws/install/cpp_srvcli:/SLAM/ros_ws/install/cpp_pubsub:/SLAM/ros_ws/install/astra_camera_msgs /usr/bin/cmake --install /SLAM/ros_ws/build/image_rotate
[3.689s] -- Install configuration: ""
[3.697s] -- Execute custom install script
[3.698s] -- Up-to-date symlink: /SLAM/ros_ws/install/image_rotate/include/image_rotate/image_rotate_node.hpp
[3.698s] -- Up-to-date symlink: /SLAM/ros_ws/install/image_rotate/include/image_rotate/visibility.h
[3.698s] -- Up-to-date symlink: /SLAM/ros_ws/install/image_rotate/share/image_rotate/environment/library_path.sh
[3.698s] -- Up-to-date symlink: /SLAM/ros_ws/install/image_rotate/share/image_rotate/environment/library_path.dsv
[3.699s] -- Up-to-date symlink: /SLAM/ros_ws/install/image_rotate/lib/libimage_rotate.so
[3.699s] -- Up-to-date symlink: /SLAM/ros_ws/install/image_rotate/lib/image_rotate/image_rotate
[3.700s] -- Up-to-date symlink: /SLAM/ros_ws/install/image_rotate/share/image_rotate/launch/image_rotate.launch.py
[3.700s] -- Up-to-date symlink: /SLAM/ros_ws/install/image_rotate/share/ament_index/resource_index/package_run_dependencies/image_rotate
[3.700s] -- Up-to-date symlink: /SLAM/ros_ws/install/image_rotate/share/ament_index/resource_index/parent_prefix_path/image_rotate
[3.700s] -- Up-to-date symlink: /SLAM/ros_ws/install/image_rotate/share/image_rotate/environment/ament_prefix_path.sh
[3.701s] -- Up-to-date symlink: /SLAM/ros_ws/install/image_rotate/share/image_rotate/environment/ament_prefix_path.dsv
[3.701s] -- Up-to-date symlink: /SLAM/ros_ws/install/image_rotate/share/image_rotate/environment/path.sh
[3.701s] -- Up-to-date symlink: /SLAM/ros_ws/install/image_rotate/share/image_rotate/environment/path.dsv
[3.701s] -- Up-to-date symlink: /SLAM/ros_ws/install/image_rotate/share/image_rotate/local_setup.bash
[3.702s] -- Up-to-date symlink: /SLAM/ros_ws/install/image_rotate/share/image_rotate/local_setup.sh
[3.702s] -- Up-to-date symlink: /SLAM/ros_ws/install/image_rotate/share/image_rotate/local_setup.zsh
[3.702s] -- Up-to-date symlink: /SLAM/ros_ws/install/image_rotate/share/image_rotate/local_setup.dsv
[3.702s] -- Symlinking: /SLAM/ros_ws/install/image_rotate/share/image_rotate/package.dsv
[3.793s] -- Up-to-date symlink: /SLAM/ros_ws/install/image_rotate/share/ament_index/resource_index/packages/image_rotate
[3.793s] -- Up-to-date symlink: /SLAM/ros_ws/install/image_rotate/share/ament_index/resource_index/rclcpp_components/image_rotate
[3.793s] -- Up-to-date symlink: /SLAM/ros_ws/install/image_rotate/share/image_rotate/cmake/ament_cmake_export_dependencies-extras.cmake
[3.794s] -- Up-to-date symlink: /SLAM/ros_ws/install/image_rotate/share/image_rotate/cmake/ament_cmake_export_include_directories-extras.cmake
[3.794s] -- Up-to-date symlink: /SLAM/ros_ws/install/image_rotate/share/image_rotate/cmake/ament_cmake_export_libraries-extras.cmake
[3.794s] -- Up-to-date symlink: /SLAM/ros_ws/install/image_rotate/share/image_rotate/cmake/image_rotateConfig.cmake
[3.794s] -- Up-to-date symlink: /SLAM/ros_ws/install/image_rotate/share/image_rotate/cmake/image_rotateConfig-version.cmake
[3.797s] -- Up-to-date symlink: /SLAM/ros_ws/install/image_rotate/share/image_rotate/package.xml
[5.173s] Invoked command in '/SLAM/ros_ws/build/image_rotate' returned '0': CMAKE_PREFIX_PATH=/SLAM/ros_ws/install/br2_vff_avoidance:/SLAM/ros_ws/install/br2_tracking:/SLAM/ros_ws/install/br2_tracking_msgs:/SLAM/ros_ws/install/br2_tf2_detector:/SLAM/ros_ws/install/br2_navigation:/SLAM/ros_ws/install/br2_fsm_bumpgo_cpp:/SLAM/ros_ws/install/br2_bt_patrolling:/SLAM/ros_ws/install/br2_bt_bumpgo:/SLAM/ros_ws/install/br2_tiago:/SLAM/ros_ws/install/br2_basics:/SLAM/ros_ws/install/tutourial_intefaces:/SLAM/ros_ws/install/image_pipeline:/SLAM/ros_ws/install/stereo_image_proc:/SLAM/ros_ws/install/image_proc:/SLAM/ros_ws/install/tracetools_image_pipeline:/SLAM/ros_ws/install/sllidar_ros2:/SLAM/ros_ws/install/rtabmap_ros:/SLAM/ros_ws/install/rtabmap_launch:/SLAM/ros_ws/install/rtabmap_examples:/SLAM/ros_ws/install/rtabmap_demos:/SLAM/ros_ws/install/rtabmap_viz:/SLAM/ros_ws/install/rtabmap_slam:/SLAM/ros_ws/install/rtabmap_odom:/SLAM/ros_ws/install/rtabmap_util:/SLAM/ros_ws/install/rtabmap_sync:/SLAM/ros_ws/install/rtabmap_rviz_plugins:/SLAM/ros_ws/install/rtabmap_conversions:/SLAM/ros_ws/install/br2_fsm_bumpgo_py:/SLAM/ros_ws/install/rtabmap_python:/SLAM/ros_ws/install/my_robot_controller:/SLAM/ros_ws/install/camera_calibration:/opt/ros/humble:/SLAM/ros_ws/install/rtabmap_msgs:/SLAM/ros_ws/install/rtabmap:/SLAM/ros_ws/install/rplidar_ros:/SLAM/ros_ws/install/rf2o_laser_odometry:/SLAM/ros_ws/install/more_interfaces:/SLAM/ros_ws/install/image_view:/SLAM/ros_ws/install/image_rotate:/SLAM/ros_ws/install/astra_camera:/SLAM/ros_ws/install/image_publisher:/SLAM/ros_ws/install/depth_image_proc:/SLAM/ros_ws/install/cpp_srvcli:/SLAM/ros_ws/install/cpp_pubsub:/SLAM/ros_ws/install/astra_camera_msgs /usr/bin/cmake --install /SLAM/ros_ws/build/image_rotate
