[0.434s] Invoking command in '/SLAM/ros_ws/build/tutourial_intefaces': CMAKE_PREFIX_PATH=/SLAM/ros_ws/install/rplidar_ros:/SLAM/ros_ws/install/examples_rclcpp_minimal_client:/SLAM/ros_ws/install/cpp_srvcli:/SLAM/ros_ws/install/image_pipeline:/SLAM/ros_ws/install/stereo_image_proc:/SLAM/ros_ws/install/image_proc:/SLAM/ros_ws/install/tracetools_image_pipeline:/SLAM/ros_ws/install/sllidar_ros2:/SLAM/ros_ws/install/rtabmap_ros:/SLAM/ros_ws/install/rtabmap_launch:/SLAM/ros_ws/install/rtabmap_examples:/SLAM/ros_ws/install/rtabmap_demos:/SLAM/ros_ws/install/rtabmap_viz:/SLAM/ros_ws/install/rtabmap_slam:/SLAM/ros_ws/install/rtabmap_odom:/SLAM/ros_ws/install/rtabmap_util:/SLAM/ros_ws/install/rtabmap_sync:/SLAM/ros_ws/install/rtabmap_rviz_plugins:/SLAM/ros_ws/install/rtabmap_conversions:/SLAM/ros_ws/install/examples_rclpy_minimal_client:/SLAM/ros_ws/install/examples_rclpy_minimal_action_server:/SLAM/ros_ws/install/examples_rclpy_minimal_action_client:/SLAM/ros_ws/install/examples_rclpy_executors:/SLAM/ros_ws/install/rtabmap_python:/SLAM/ros_ws/install/camera_calibration:/opt/ros/humble:/SLAM/ros_ws/install/rtabmap_msgs:/SLAM/ros_ws/install/rtabmap:/SLAM/ros_ws/install/image_view:/SLAM/ros_ws/install/image_rotate:/SLAM/ros_ws/install/astra_camera:/SLAM/ros_ws/install/image_publisher:/SLAM/ros_ws/install/depth_image_proc:/SLAM/ros_ws/install/astra_camera_msgs /usr/bin/cmake /SLAM/ros_ws/src/tutourial_intefaces -DAMENT_CMAKE_SYMLINK_INSTALL=1 -DCMAKE_INSTALL_PREFIX=/SLAM/ros_ws/install/tutourial_intefaces
[0.675s] -- The C compiler identification is GNU 11.4.0
[0.675s] -- The CXX compiler identification is GNU 11.4.0
[0.675s] -- Detecting C compiler ABI info
[0.675s] -- Detecting C compiler ABI info - done
[0.675s] -- Check for working C compiler: /usr/bin/cc - skipped
[0.675s] -- Detecting C compile features
[0.675s] -- Detecting C compile features - done
[0.675s] -- Detecting CXX compiler ABI info
[0.750s] -- Detecting CXX compiler ABI info - done
[0.759s] -- Check for working CXX compiler: /usr/bin/c++ - skipped
[0.759s] -- Detecting CXX compile features
[0.760s] -- Detecting CXX compile features - done
[0.769s] -- Found ament_cmake: 1.3.6 (/opt/ros/humble/share/ament_cmake/cmake)
[0.978s] -- Found Python3: /usr/bin/python3.10 (found version "3.10.12") found components: Interpreter 
[1.041s] -- Override CMake install command with custom implementation using symlinks instead of copying resources
[1.134s] -- Found geometry_msgs: 4.2.3 (/opt/ros/humble/share/geometry_msgs/cmake)
[1.217s] -- Found rosidl_generator_c: 3.1.5 (/opt/ros/humble/share/rosidl_generator_c/cmake)
[1.231s] -- Found rosidl_adapter: 3.1.5 (/opt/ros/humble/share/rosidl_adapter/cmake)
[1.249s] -- Found rosidl_generator_cpp: 3.1.5 (/opt/ros/humble/share/rosidl_generator_cpp/cmake)
[1.272s] -- Using all available rosidl_typesupport_c: rosidl_typesupport_fastrtps_c;rosidl_typesupport_introspection_c
[1.309s] -- Using all available rosidl_typesupport_cpp: rosidl_typesupport_fastrtps_cpp;rosidl_typesupport_introspection_cpp
[1.505s] -- Found rosidl_default_generators: 1.2.0 (/opt/ros/humble/share/rosidl_default_generators/cmake)
[1.864s] -- Found ament_cmake_ros: 0.10.0 (/opt/ros/humble/share/ament_cmake_ros/cmake)
[2.473s] -- Using all available rosidl_typesupport_c: rosidl_typesupport_fastrtps_c;rosidl_typesupport_introspection_c
[2.652s] -- Using all available rosidl_typesupport_cpp: rosidl_typesupport_fastrtps_cpp;rosidl_typesupport_introspection_cpp
[2.678s] -- Found PythonInterp: /usr/bin/python3 (found suitable version "3.10.12", minimum required is "3.6") 
[2.684s] -- Found python_cmake_module: 0.10.0 (/opt/ros/humble/share/python_cmake_module/cmake)
[2.714s] -- Found PythonLibs: /usr/lib/x86_64-linux-gnu/libpython3.10.so (found suitable version "3.10.12", minimum required is "3.5") 
[2.715s] -- Using PYTHON_EXECUTABLE: /usr/bin/python3
[2.715s] -- Using PYTHON_INCLUDE_DIRS: /usr/include/python3.10
[2.715s] -- Using PYTHON_LIBRARIES: /usr/lib/x86_64-linux-gnu/libpython3.10.so
[2.738s] -- Found PythonExtra: .so  
[2.817s] -- Found ament_lint_auto: 0.12.9 (/opt/ros/humble/share/ament_lint_auto/cmake)
[2.895s] -- Added test 'copyright' to check source files copyright and LICENSE
[2.896s] -- Added test 'lint_cmake' to check CMake code style
[2.898s] -- Added test 'xmllint' to check XML markup files
[2.904s] -- Configuring done
[2.934s] -- Generating done
[2.937s] -- Build files have been written to: /SLAM/ros_ws/build/tutourial_intefaces
[2.964s] Invoked command in '/SLAM/ros_ws/build/tutourial_intefaces' returned '0': CMAKE_PREFIX_PATH=/SLAM/ros_ws/install/rplidar_ros:/SLAM/ros_ws/install/examples_rclcpp_minimal_client:/SLAM/ros_ws/install/cpp_srvcli:/SLAM/ros_ws/install/image_pipeline:/SLAM/ros_ws/install/stereo_image_proc:/SLAM/ros_ws/install/image_proc:/SLAM/ros_ws/install/tracetools_image_pipeline:/SLAM/ros_ws/install/sllidar_ros2:/SLAM/ros_ws/install/rtabmap_ros:/SLAM/ros_ws/install/rtabmap_launch:/SLAM/ros_ws/install/rtabmap_examples:/SLAM/ros_ws/install/rtabmap_demos:/SLAM/ros_ws/install/rtabmap_viz:/SLAM/ros_ws/install/rtabmap_slam:/SLAM/ros_ws/install/rtabmap_odom:/SLAM/ros_ws/install/rtabmap_util:/SLAM/ros_ws/install/rtabmap_sync:/SLAM/ros_ws/install/rtabmap_rviz_plugins:/SLAM/ros_ws/install/rtabmap_conversions:/SLAM/ros_ws/install/examples_rclpy_minimal_client:/SLAM/ros_ws/install/examples_rclpy_minimal_action_server:/SLAM/ros_ws/install/examples_rclpy_minimal_action_client:/SLAM/ros_ws/install/examples_rclpy_executors:/SLAM/ros_ws/install/rtabmap_python:/SLAM/ros_ws/install/camera_calibration:/opt/ros/humble:/SLAM/ros_ws/install/rtabmap_msgs:/SLAM/ros_ws/install/rtabmap:/SLAM/ros_ws/install/image_view:/SLAM/ros_ws/install/image_rotate:/SLAM/ros_ws/install/astra_camera:/SLAM/ros_ws/install/image_publisher:/SLAM/ros_ws/install/depth_image_proc:/SLAM/ros_ws/install/astra_camera_msgs /usr/bin/cmake /SLAM/ros_ws/src/tutourial_intefaces -DAMENT_CMAKE_SYMLINK_INSTALL=1 -DCMAKE_INSTALL_PREFIX=/SLAM/ros_ws/install/tutourial_intefaces
[2.966s] Invoking command in '/SLAM/ros_ws/build/tutourial_intefaces': CMAKE_PREFIX_PATH=/SLAM/ros_ws/install/rplidar_ros:/SLAM/ros_ws/install/examples_rclcpp_minimal_client:/SLAM/ros_ws/install/cpp_srvcli:/SLAM/ros_ws/install/image_pipeline:/SLAM/ros_ws/install/stereo_image_proc:/SLAM/ros_ws/install/image_proc:/SLAM/ros_ws/install/tracetools_image_pipeline:/SLAM/ros_ws/install/sllidar_ros2:/SLAM/ros_ws/install/rtabmap_ros:/SLAM/ros_ws/install/rtabmap_launch:/SLAM/ros_ws/install/rtabmap_examples:/SLAM/ros_ws/install/rtabmap_demos:/SLAM/ros_ws/install/rtabmap_viz:/SLAM/ros_ws/install/rtabmap_slam:/SLAM/ros_ws/install/rtabmap_odom:/SLAM/ros_ws/install/rtabmap_util:/SLAM/ros_ws/install/rtabmap_sync:/SLAM/ros_ws/install/rtabmap_rviz_plugins:/SLAM/ros_ws/install/rtabmap_conversions:/SLAM/ros_ws/install/examples_rclpy_minimal_client:/SLAM/ros_ws/install/examples_rclpy_minimal_action_server:/SLAM/ros_ws/install/examples_rclpy_minimal_action_client:/SLAM/ros_ws/install/examples_rclpy_executors:/SLAM/ros_ws/install/rtabmap_python:/SLAM/ros_ws/install/camera_calibration:/opt/ros/humble:/SLAM/ros_ws/install/rtabmap_msgs:/SLAM/ros_ws/install/rtabmap:/SLAM/ros_ws/install/image_view:/SLAM/ros_ws/install/image_rotate:/SLAM/ros_ws/install/astra_camera:/SLAM/ros_ws/install/image_publisher:/SLAM/ros_ws/install/depth_image_proc:/SLAM/ros_ws/install/astra_camera_msgs /usr/bin/cmake --build /SLAM/ros_ws/build/tutourial_intefaces -- -j16 -l16
[3.028s] [  2%] [34m[1mGenerating C code for ROS interfaces[0m
[3.044s] [  4%] [34m[1mGenerating C++ code for ROS interfaces[0m
[3.058s] [  4%] Built target ament_cmake_python_symlink_tutourial_intefaces
[3.298s] running egg_info
[3.299s] creating tutourial_intefaces.egg-info
[3.299s] writing tutourial_intefaces.egg-info/PKG-INFO
[3.299s] writing dependency_links to tutourial_intefaces.egg-info/dependency_links.txt
[3.299s] writing top-level names to tutourial_intefaces.egg-info/top_level.txt
[3.300s] writing manifest file 'tutourial_intefaces.egg-info/SOURCES.txt'
[3.302s] reading manifest file 'tutourial_intefaces.egg-info/SOURCES.txt'
[3.302s] writing manifest file 'tutourial_intefaces.egg-info/SOURCES.txt'
[3.342s] [  4%] Built target ament_cmake_python_build_tutourial_intefaces_egg
[3.411s] [  4%] Built target tutourial_intefaces__cpp
[3.416s] [  6%] [32mBuilding C object CMakeFiles/tutourial_intefaces__rosidl_generator_c.dir/rosidl_generator_c/tutourial_intefaces/msg/detail/num__functions.c.o[0m
[3.417s] [  8%] [32mBuilding C object CMakeFiles/tutourial_intefaces__rosidl_generator_c.dir/rosidl_generator_c/tutourial_intefaces/srv/detail/add_three_ints__functions.c.o[0m
[3.418s] [ 10%] [32mBuilding C object CMakeFiles/tutourial_intefaces__rosidl_generator_c.dir/rosidl_generator_c/tutourial_intefaces/msg/detail/sphere__functions.c.o[0m
[3.429s] [ 12%] [34m[1mGenerating C++ type support for eProsima Fast-RTPS[0m
[3.430s] [ 14%] [34m[1mGenerating C++ type support dispatch for ROS interfaces[0m
[3.430s] [ 17%] [34m[1mGenerating C++ introspection for ROS interfaces[0m
[3.498s] [ 19%] [32m[1mLinking C shared library libtutourial_intefaces__rosidl_generator_c.so[0m
[3.552s] [ 19%] Built target tutourial_intefaces__rosidl_generator_c
[3.568s] [ 23%] [34m[1mGenerating C type support dispatch for ROS interfaces[0m
[3.569s] [ 23%] [34m[1mGenerating C type support for eProsima Fast-RTPS[0m
[3.574s] [ 25%] [34m[1mGenerating C introspection for ROS interfaces[0m
[3.766s] [ 31%] [32mBuilding CXX object CMakeFiles/tutourial_intefaces__rosidl_typesupport_cpp.dir/rosidl_typesupport_cpp/tutourial_intefaces/msg/num__type_support.cpp.o[0m
[3.766s] [ 31%] [32mBuilding CXX object CMakeFiles/tutourial_intefaces__rosidl_typesupport_cpp.dir/rosidl_typesupport_cpp/tutourial_intefaces/msg/sphere__type_support.cpp.o[0m
[3.766s] [ 31%] [32mBuilding CXX object CMakeFiles/tutourial_intefaces__rosidl_typesupport_cpp.dir/rosidl_typesupport_cpp/tutourial_intefaces/srv/add_three_ints__type_support.cpp.o[0m
[3.807s] [ 34%] [32mBuilding CXX object CMakeFiles/tutourial_intefaces__rosidl_typesupport_fastrtps_cpp.dir/rosidl_typesupport_fastrtps_cpp/tutourial_intefaces/srv/detail/dds_fastrtps/add_three_ints__type_support.cpp.o[0m
[3.807s] [ 36%] [32mBuilding CXX object CMakeFiles/tutourial_intefaces__rosidl_typesupport_fastrtps_cpp.dir/rosidl_typesupport_fastrtps_cpp/tutourial_intefaces/msg/detail/dds_fastrtps/sphere__type_support.cpp.o[0m
[3.818s] [ 38%] [32mBuilding CXX object CMakeFiles/tutourial_intefaces__rosidl_typesupport_fastrtps_cpp.dir/rosidl_typesupport_fastrtps_cpp/tutourial_intefaces/msg/detail/dds_fastrtps/num__type_support.cpp.o[0m
[3.918s] [ 40%] [32mBuilding CXX object CMakeFiles/tutourial_intefaces__rosidl_typesupport_introspection_cpp.dir/rosidl_typesupport_introspection_cpp/tutourial_intefaces/msg/detail/num__type_support.cpp.o[0m
[3.920s] [ 42%] [32mBuilding CXX object CMakeFiles/tutourial_intefaces__rosidl_typesupport_introspection_cpp.dir/rosidl_typesupport_introspection_cpp/tutourial_intefaces/srv/detail/add_three_ints__type_support.cpp.o[0m
[3.920s] [ 44%] [32mBuilding CXX object CMakeFiles/tutourial_intefaces__rosidl_typesupport_introspection_cpp.dir/rosidl_typesupport_introspection_cpp/tutourial_intefaces/msg/detail/sphere__type_support.cpp.o[0m
[4.027s] [ 46%] [32mBuilding CXX object CMakeFiles/tutourial_intefaces__rosidl_typesupport_fastrtps_c.dir/rosidl_typesupport_fastrtps_c/tutourial_intefaces/msg/detail/sphere__type_support_c.cpp.o[0m
[4.032s] [ 48%] [32mBuilding CXX object CMakeFiles/tutourial_intefaces__rosidl_typesupport_fastrtps_c.dir/rosidl_typesupport_fastrtps_c/tutourial_intefaces/srv/detail/add_three_ints__type_support_c.cpp.o[0m
[4.033s] [ 51%] [32mBuilding CXX object CMakeFiles/tutourial_intefaces__rosidl_typesupport_fastrtps_c.dir/rosidl_typesupport_fastrtps_c/tutourial_intefaces/msg/detail/num__type_support_c.cpp.o[0m
[4.071s] [ 53%] [32mBuilding CXX object CMakeFiles/tutourial_intefaces__rosidl_typesupport_c.dir/rosidl_typesupport_c/tutourial_intefaces/msg/num__type_support.cpp.o[0m
[4.088s] [ 55%] [32mBuilding CXX object CMakeFiles/tutourial_intefaces__rosidl_typesupport_c.dir/rosidl_typesupport_c/tutourial_intefaces/msg/sphere__type_support.cpp.o[0m
[4.148s] [ 57%] [32mBuilding CXX object CMakeFiles/tutourial_intefaces__rosidl_typesupport_c.dir/rosidl_typesupport_c/tutourial_intefaces/srv/add_three_ints__type_support.cpp.o[0m
[4.211s] [ 59%] [32mBuilding C object CMakeFiles/tutourial_intefaces__rosidl_typesupport_introspection_c.dir/rosidl_typesupport_introspection_c/tutourial_intefaces/msg/detail/sphere__type_support.c.o[0m
[4.228s] [ 61%] [32mBuilding C object CMakeFiles/tutourial_intefaces__rosidl_typesupport_introspection_c.dir/rosidl_typesupport_introspection_c/tutourial_intefaces/msg/detail/num__type_support.c.o[0m
[4.238s] [ 63%] [32m[1mLinking CXX shared library libtutourial_intefaces__rosidl_typesupport_c.so[0m
[4.243s] [ 65%] [32mBuilding C object CMakeFiles/tutourial_intefaces__rosidl_typesupport_introspection_c.dir/rosidl_typesupport_introspection_c/tutourial_intefaces/srv/detail/add_three_ints__type_support.c.o[0m
[4.279s] [ 68%] [32m[1mLinking CXX shared library libtutourial_intefaces__rosidl_typesupport_cpp.so[0m
[4.331s] [ 70%] [32m[1mLinking C shared library libtutourial_intefaces__rosidl_typesupport_introspection_c.so[0m
[4.359s] [ 70%] Built target tutourial_intefaces__rosidl_typesupport_c
[4.373s] [ 70%] Built target tutourial_intefaces__rosidl_typesupport_cpp
[4.421s] [ 70%] Built target tutourial_intefaces__rosidl_typesupport_introspection_c
[4.477s] [ 72%] [32m[1mLinking CXX shared library libtutourial_intefaces__rosidl_typesupport_fastrtps_cpp.so[0m
[4.560s] [ 74%] [32m[1mLinking CXX shared library libtutourial_intefaces__rosidl_typesupport_fastrtps_c.so[0m
[4.577s] [ 74%] Built target tutourial_intefaces__rosidl_typesupport_fastrtps_cpp
[4.586s] [ 76%] [32m[1mLinking CXX shared library libtutourial_intefaces__rosidl_typesupport_introspection_cpp.so[0m
[4.663s] [ 76%] Built target tutourial_intefaces__rosidl_typesupport_introspection_cpp
[4.668s] [ 76%] Built target tutourial_intefaces__rosidl_typesupport_fastrtps_c
[4.697s] [ 76%] Built target tutourial_intefaces
[4.726s] [ 78%] [34m[1mGenerating Python code for ROS interfaces[0m
[5.192s] [ 78%] Built target tutourial_intefaces__py
[5.223s] [ 85%] [32mBuilding C object CMakeFiles/tutourial_intefaces__rosidl_generator_py.dir/rosidl_generator_py/tutourial_intefaces/msg/_num_s.c.o[0m
[5.223s] [ 85%] [32mBuilding C object CMakeFiles/tutourial_intefaces__rosidl_generator_py.dir/rosidl_generator_py/tutourial_intefaces/srv/_add_three_ints_s.c.o[0m
[5.223s] [ 85%] [32mBuilding C object CMakeFiles/tutourial_intefaces__rosidl_generator_py.dir/rosidl_generator_py/tutourial_intefaces/msg/_sphere_s.c.o[0m
[5.331s] [ 87%] [32m[1mLinking C shared library rosidl_generator_py/tutourial_intefaces/libtutourial_intefaces__rosidl_generator_py.so[0m
[5.380s] [ 87%] Built target tutourial_intefaces__rosidl_generator_py
[5.409s] [ 91%] [32mBuilding C object CMakeFiles/tutourial_intefaces__rosidl_typesupport_fastrtps_c__pyext.dir/rosidl_generator_py/tutourial_intefaces/_tutourial_intefaces_s.ep.rosidl_typesupport_fastrtps_c.c.o[0m
[5.409s] [ 91%] [32mBuilding C object CMakeFiles/tutourial_intefaces__rosidl_typesupport_c__pyext.dir/rosidl_generator_py/tutourial_intefaces/_tutourial_intefaces_s.ep.rosidl_typesupport_c.c.o[0m
[5.412s] [ 93%] [32mBuilding C object CMakeFiles/tutourial_intefaces__rosidl_typesupport_introspection_c__pyext.dir/rosidl_generator_py/tutourial_intefaces/_tutourial_intefaces_s.ep.rosidl_typesupport_introspection_c.c.o[0m
[5.522s] [ 95%] [32m[1mLinking C shared library rosidl_generator_py/tutourial_intefaces/tutourial_intefaces_s__rosidl_typesupport_c.cpython-310-x86_64-linux-gnu.so[0m
[5.524s] [ 97%] [32m[1mLinking C shared library rosidl_generator_py/tutourial_intefaces/tutourial_intefaces_s__rosidl_typesupport_fastrtps_c.cpython-310-x86_64-linux-gnu.so[0m
[5.528s] [100%] [32m[1mLinking C shared library rosidl_generator_py/tutourial_intefaces/tutourial_intefaces_s__rosidl_typesupport_introspection_c.cpython-310-x86_64-linux-gnu.so[0m
[5.572s] [100%] Built target tutourial_intefaces__rosidl_typesupport_c__pyext
[5.573s] [100%] Built target tutourial_intefaces__rosidl_typesupport_fastrtps_c__pyext
[5.576s] [100%] Built target tutourial_intefaces__rosidl_typesupport_introspection_c__pyext
[5.591s] Invoked command in '/SLAM/ros_ws/build/tutourial_intefaces' returned '0': CMAKE_PREFIX_PATH=/SLAM/ros_ws/install/rplidar_ros:/SLAM/ros_ws/install/examples_rclcpp_minimal_client:/SLAM/ros_ws/install/cpp_srvcli:/SLAM/ros_ws/install/image_pipeline:/SLAM/ros_ws/install/stereo_image_proc:/SLAM/ros_ws/install/image_proc:/SLAM/ros_ws/install/tracetools_image_pipeline:/SLAM/ros_ws/install/sllidar_ros2:/SLAM/ros_ws/install/rtabmap_ros:/SLAM/ros_ws/install/rtabmap_launch:/SLAM/ros_ws/install/rtabmap_examples:/SLAM/ros_ws/install/rtabmap_demos:/SLAM/ros_ws/install/rtabmap_viz:/SLAM/ros_ws/install/rtabmap_slam:/SLAM/ros_ws/install/rtabmap_odom:/SLAM/ros_ws/install/rtabmap_util:/SLAM/ros_ws/install/rtabmap_sync:/SLAM/ros_ws/install/rtabmap_rviz_plugins:/SLAM/ros_ws/install/rtabmap_conversions:/SLAM/ros_ws/install/examples_rclpy_minimal_client:/SLAM/ros_ws/install/examples_rclpy_minimal_action_server:/SLAM/ros_ws/install/examples_rclpy_minimal_action_client:/SLAM/ros_ws/install/examples_rclpy_executors:/SLAM/ros_ws/install/rtabmap_python:/SLAM/ros_ws/install/camera_calibration:/opt/ros/humble:/SLAM/ros_ws/install/rtabmap_msgs:/SLAM/ros_ws/install/rtabmap:/SLAM/ros_ws/install/image_view:/SLAM/ros_ws/install/image_rotate:/SLAM/ros_ws/install/astra_camera:/SLAM/ros_ws/install/image_publisher:/SLAM/ros_ws/install/depth_image_proc:/SLAM/ros_ws/install/astra_camera_msgs /usr/bin/cmake --build /SLAM/ros_ws/build/tutourial_intefaces -- -j16 -l16
[5.832s] Invoking command in '/SLAM/ros_ws/build/tutourial_intefaces': CMAKE_PREFIX_PATH=/SLAM/ros_ws/install/rplidar_ros:/SLAM/ros_ws/install/examples_rclcpp_minimal_client:/SLAM/ros_ws/install/cpp_srvcli:/SLAM/ros_ws/install/image_pipeline:/SLAM/ros_ws/install/stereo_image_proc:/SLAM/ros_ws/install/image_proc:/SLAM/ros_ws/install/tracetools_image_pipeline:/SLAM/ros_ws/install/sllidar_ros2:/SLAM/ros_ws/install/rtabmap_ros:/SLAM/ros_ws/install/rtabmap_launch:/SLAM/ros_ws/install/rtabmap_examples:/SLAM/ros_ws/install/rtabmap_demos:/SLAM/ros_ws/install/rtabmap_viz:/SLAM/ros_ws/install/rtabmap_slam:/SLAM/ros_ws/install/rtabmap_odom:/SLAM/ros_ws/install/rtabmap_util:/SLAM/ros_ws/install/rtabmap_sync:/SLAM/ros_ws/install/rtabmap_rviz_plugins:/SLAM/ros_ws/install/rtabmap_conversions:/SLAM/ros_ws/install/examples_rclpy_minimal_client:/SLAM/ros_ws/install/examples_rclpy_minimal_action_server:/SLAM/ros_ws/install/examples_rclpy_minimal_action_client:/SLAM/ros_ws/install/examples_rclpy_executors:/SLAM/ros_ws/install/rtabmap_python:/SLAM/ros_ws/install/camera_calibration:/opt/ros/humble:/SLAM/ros_ws/install/rtabmap_msgs:/SLAM/ros_ws/install/rtabmap:/SLAM/ros_ws/install/image_view:/SLAM/ros_ws/install/image_rotate:/SLAM/ros_ws/install/astra_camera:/SLAM/ros_ws/install/image_publisher:/SLAM/ros_ws/install/depth_image_proc:/SLAM/ros_ws/install/astra_camera_msgs /usr/bin/cmake --install /SLAM/ros_ws/build/tutourial_intefaces
[5.841s] -- Install configuration: ""
[5.842s] -- Execute custom install script
[5.844s] -- Symlinking: /SLAM/ros_ws/install/tutourial_intefaces/share/ament_index/resource_index/rosidl_interfaces/tutourial_intefaces
[5.853s] -- Symlinking: /SLAM/ros_ws/install/tutourial_intefaces/include/tutourial_intefaces/tutourial_intefaces/msg/detail/num__functions.h
[5.864s] -- Symlinking: /SLAM/ros_ws/install/tutourial_intefaces/include/tutourial_intefaces/tutourial_intefaces/msg/detail/num__struct.h
[5.876s] -- Symlinking: /SLAM/ros_ws/install/tutourial_intefaces/include/tutourial_intefaces/tutourial_intefaces/msg/detail/num__type_support.h
[5.887s] -- Symlinking: /SLAM/ros_ws/install/tutourial_intefaces/include/tutourial_intefaces/tutourial_intefaces/msg/detail/sphere__functions.h
[5.899s] -- Symlinking: /SLAM/ros_ws/install/tutourial_intefaces/include/tutourial_intefaces/tutourial_intefaces/msg/detail/sphere__struct.h
[5.912s] -- Symlinking: /SLAM/ros_ws/install/tutourial_intefaces/include/tutourial_intefaces/tutourial_intefaces/msg/detail/sphere__type_support.h
[5.925s] -- Symlinking: /SLAM/ros_ws/install/tutourial_intefaces/include/tutourial_intefaces/tutourial_intefaces/msg/num.h
[5.937s] -- Symlinking: /SLAM/ros_ws/install/tutourial_intefaces/include/tutourial_intefaces/tutourial_intefaces/msg/rosidl_generator_c__visibility_control.h
[5.949s] -- Symlinking: /SLAM/ros_ws/install/tutourial_intefaces/include/tutourial_intefaces/tutourial_intefaces/msg/sphere.h
[5.960s] -- Symlinking: /SLAM/ros_ws/install/tutourial_intefaces/include/tutourial_intefaces/tutourial_intefaces/srv/add_three_ints.h
[5.975s] -- Symlinking: /SLAM/ros_ws/install/tutourial_intefaces/include/tutourial_intefaces/tutourial_intefaces/srv/detail/add_three_ints__functions.h
[5.990s] -- Symlinking: /SLAM/ros_ws/install/tutourial_intefaces/include/tutourial_intefaces/tutourial_intefaces/srv/detail/add_three_ints__struct.h
[6.008s] -- Symlinking: /SLAM/ros_ws/install/tutourial_intefaces/include/tutourial_intefaces/tutourial_intefaces/srv/detail/add_three_ints__type_support.h
[6.026s] -- Symlinking: /SLAM/ros_ws/install/tutourial_intefaces/share/tutourial_intefaces/environment/library_path.sh
[6.042s] -- Symlinking: /SLAM/ros_ws/install/tutourial_intefaces/share/tutourial_intefaces/environment/library_path.dsv
[6.056s] -- Symlinking: /SLAM/ros_ws/install/tutourial_intefaces/include/tutourial_intefaces/tutourial_intefaces/msg/detail/num__rosidl_typesupport_fastrtps_c.h
[6.067s] -- Symlinking: /SLAM/ros_ws/install/tutourial_intefaces/include/tutourial_intefaces/tutourial_intefaces/msg/detail/sphere__rosidl_typesupport_fastrtps_c.h
[6.079s] -- Symlinking: /SLAM/ros_ws/install/tutourial_intefaces/include/tutourial_intefaces/tutourial_intefaces/msg/rosidl_typesupport_fastrtps_c__visibility_control.h
[6.090s] -- Symlinking: /SLAM/ros_ws/install/tutourial_intefaces/include/tutourial_intefaces/tutourial_intefaces/srv/detail/add_three_ints__rosidl_typesupport_fastrtps_c.h
[6.103s] -- Symlinking: /SLAM/ros_ws/install/tutourial_intefaces/include/tutourial_intefaces/tutourial_intefaces/msg/detail/num__builder.hpp
[6.115s] -- Symlinking: /SLAM/ros_ws/install/tutourial_intefaces/include/tutourial_intefaces/tutourial_intefaces/msg/detail/num__struct.hpp
[6.126s] -- Symlinking: /SLAM/ros_ws/install/tutourial_intefaces/include/tutourial_intefaces/tutourial_intefaces/msg/detail/num__traits.hpp
[6.138s] -- Symlinking: /SLAM/ros_ws/install/tutourial_intefaces/include/tutourial_intefaces/tutourial_intefaces/msg/detail/sphere__builder.hpp
[6.149s] -- Symlinking: /SLAM/ros_ws/install/tutourial_intefaces/include/tutourial_intefaces/tutourial_intefaces/msg/detail/sphere__struct.hpp
[6.161s] -- Symlinking: /SLAM/ros_ws/install/tutourial_intefaces/include/tutourial_intefaces/tutourial_intefaces/msg/detail/sphere__traits.hpp
[6.173s] -- Symlinking: /SLAM/ros_ws/install/tutourial_intefaces/include/tutourial_intefaces/tutourial_intefaces/msg/num.hpp
[6.183s] -- Symlinking: /SLAM/ros_ws/install/tutourial_intefaces/include/tutourial_intefaces/tutourial_intefaces/msg/sphere.hpp
[6.195s] -- Symlinking: /SLAM/ros_ws/install/tutourial_intefaces/include/tutourial_intefaces/tutourial_intefaces/srv/add_three_ints.hpp
[6.207s] -- Symlinking: /SLAM/ros_ws/install/tutourial_intefaces/include/tutourial_intefaces/tutourial_intefaces/srv/detail/add_three_ints__builder.hpp
[6.218s] -- Symlinking: /SLAM/ros_ws/install/tutourial_intefaces/include/tutourial_intefaces/tutourial_intefaces/srv/detail/add_three_ints__struct.hpp
[6.230s] -- Symlinking: /SLAM/ros_ws/install/tutourial_intefaces/include/tutourial_intefaces/tutourial_intefaces/srv/detail/add_three_ints__traits.hpp
[6.243s] -- Symlinking: /SLAM/ros_ws/install/tutourial_intefaces/include/tutourial_intefaces/tutourial_intefaces/msg/detail/num__rosidl_typesupport_fastrtps_cpp.hpp
[6.255s] -- Symlinking: /SLAM/ros_ws/install/tutourial_intefaces/include/tutourial_intefaces/tutourial_intefaces/msg/detail/sphere__rosidl_typesupport_fastrtps_cpp.hpp
[6.266s] -- Symlinking: /SLAM/ros_ws/install/tutourial_intefaces/include/tutourial_intefaces/tutourial_intefaces/msg/rosidl_typesupport_fastrtps_cpp__visibility_control.h
[6.278s] -- Symlinking: /SLAM/ros_ws/install/tutourial_intefaces/include/tutourial_intefaces/tutourial_intefaces/srv/detail/add_three_ints__rosidl_typesupport_fastrtps_cpp.hpp
[6.289s] -- Symlinking: /SLAM/ros_ws/install/tutourial_intefaces/include/tutourial_intefaces/tutourial_intefaces/msg/detail/num__rosidl_typesupport_introspection_c.h
[6.300s] -- Symlinking: /SLAM/ros_ws/install/tutourial_intefaces/include/tutourial_intefaces/tutourial_intefaces/msg/detail/sphere__rosidl_typesupport_introspection_c.h
[6.313s] -- Symlinking: /SLAM/ros_ws/install/tutourial_intefaces/include/tutourial_intefaces/tutourial_intefaces/msg/rosidl_typesupport_introspection_c__visibility_control.h
[6.324s] -- Symlinking: /SLAM/ros_ws/install/tutourial_intefaces/include/tutourial_intefaces/tutourial_intefaces/srv/detail/add_three_ints__rosidl_typesupport_introspection_c.h
[6.335s] -- Symlinking: /SLAM/ros_ws/install/tutourial_intefaces/include/tutourial_intefaces/tutourial_intefaces/msg/detail/num__rosidl_typesupport_introspection_cpp.hpp
[6.347s] -- Symlinking: /SLAM/ros_ws/install/tutourial_intefaces/include/tutourial_intefaces/tutourial_intefaces/msg/detail/sphere__rosidl_typesupport_introspection_cpp.hpp
[6.358s] -- Symlinking: /SLAM/ros_ws/install/tutourial_intefaces/include/tutourial_intefaces/tutourial_intefaces/srv/detail/add_three_ints__rosidl_typesupport_introspection_cpp.hpp
[6.370s] -- Symlinking: /SLAM/ros_ws/install/tutourial_intefaces/share/tutourial_intefaces/environment/pythonpath.sh
[6.383s] -- Symlinking: /SLAM/ros_ws/install/tutourial_intefaces/share/tutourial_intefaces/environment/pythonpath.dsv
[6.396s] -- Symlinking: /SLAM/ros_ws/install/tutourial_intefaces/local/lib/python3.10/dist-packages/tutourial_intefaces-0.0.0-py3.10.egg-info/PKG-INFO
[6.408s] -- Symlinking: /SLAM/ros_ws/install/tutourial_intefaces/local/lib/python3.10/dist-packages/tutourial_intefaces-0.0.0-py3.10.egg-info/SOURCES.txt
[6.422s] -- Symlinking: /SLAM/ros_ws/install/tutourial_intefaces/local/lib/python3.10/dist-packages/tutourial_intefaces-0.0.0-py3.10.egg-info/dependency_links.txt
[6.435s] -- Symlinking: /SLAM/ros_ws/install/tutourial_intefaces/local/lib/python3.10/dist-packages/tutourial_intefaces-0.0.0-py3.10.egg-info/top_level.txt
[6.448s] -- Symlinking: /SLAM/ros_ws/install/tutourial_intefaces/local/lib/python3.10/dist-packages/tutourial_intefaces/__init__.py
[6.461s] -- Symlinking: /SLAM/ros_ws/install/tutourial_intefaces/local/lib/python3.10/dist-packages/tutourial_intefaces/_tutourial_intefaces_s.ep.rosidl_typesupport_c.c
[6.474s] -- Symlinking: /SLAM/ros_ws/install/tutourial_intefaces/local/lib/python3.10/dist-packages/tutourial_intefaces/_tutourial_intefaces_s.ep.rosidl_typesupport_fastrtps_c.c
[6.488s] -- Symlinking: /SLAM/ros_ws/install/tutourial_intefaces/local/lib/python3.10/dist-packages/tutourial_intefaces/_tutourial_intefaces_s.ep.rosidl_typesupport_introspection_c.c
[6.501s] -- Symlinking: /SLAM/ros_ws/install/tutourial_intefaces/local/lib/python3.10/dist-packages/tutourial_intefaces/libtutourial_intefaces__rosidl_generator_py.so
[6.515s] -- Symlinking: /SLAM/ros_ws/install/tutourial_intefaces/local/lib/python3.10/dist-packages/tutourial_intefaces/msg/__init__.py
[6.527s] -- Symlinking: /SLAM/ros_ws/install/tutourial_intefaces/local/lib/python3.10/dist-packages/tutourial_intefaces/msg/_num.py
[6.539s] -- Symlinking: /SLAM/ros_ws/install/tutourial_intefaces/local/lib/python3.10/dist-packages/tutourial_intefaces/msg/_num_s.c
[6.551s] -- Symlinking: /SLAM/ros_ws/install/tutourial_intefaces/local/lib/python3.10/dist-packages/tutourial_intefaces/msg/_sphere.py
[6.564s] -- Symlinking: /SLAM/ros_ws/install/tutourial_intefaces/local/lib/python3.10/dist-packages/tutourial_intefaces/msg/_sphere_s.c
[6.576s] -- Symlinking: /SLAM/ros_ws/install/tutourial_intefaces/local/lib/python3.10/dist-packages/tutourial_intefaces/srv/__init__.py
[6.588s] -- Symlinking: /SLAM/ros_ws/install/tutourial_intefaces/local/lib/python3.10/dist-packages/tutourial_intefaces/srv/_add_three_ints.py
[6.598s] -- Symlinking: /SLAM/ros_ws/install/tutourial_intefaces/local/lib/python3.10/dist-packages/tutourial_intefaces/srv/_add_three_ints_s.c
[6.611s] -- Symlinking: /SLAM/ros_ws/install/tutourial_intefaces/local/lib/python3.10/dist-packages/tutourial_intefaces/tutourial_intefaces_s__rosidl_typesupport_c.cpython-310-x86_64-linux-gnu.so
[6.623s] -- Symlinking: /SLAM/ros_ws/install/tutourial_intefaces/local/lib/python3.10/dist-packages/tutourial_intefaces/tutourial_intefaces_s__rosidl_typesupport_fastrtps_c.cpython-310-x86_64-linux-gnu.so
[6.634s] -- Symlinking: /SLAM/ros_ws/install/tutourial_intefaces/local/lib/python3.10/dist-packages/tutourial_intefaces/tutourial_intefaces_s__rosidl_typesupport_introspection_c.cpython-310-x86_64-linux-gnu.so
[6.646s] -- Up-to-date symlink: /SLAM/ros_ws/install/tutourial_intefaces/local/lib/python3.10/dist-packages/tutourial_intefaces/tutourial_intefaces_s__rosidl_typesupport_fastrtps_c.cpython-310-x86_64-linux-gnu.so
[6.646s] -- Up-to-date symlink: /SLAM/ros_ws/install/tutourial_intefaces/local/lib/python3.10/dist-packages/tutourial_intefaces/tutourial_intefaces_s__rosidl_typesupport_introspection_c.cpython-310-x86_64-linux-gnu.so
[6.646s] -- Up-to-date symlink: /SLAM/ros_ws/install/tutourial_intefaces/local/lib/python3.10/dist-packages/tutourial_intefaces/tutourial_intefaces_s__rosidl_typesupport_c.cpython-310-x86_64-linux-gnu.so
[6.646s] -- Symlinking: /SLAM/ros_ws/install/tutourial_intefaces/share/tutourial_intefaces/msg/Num.idl
[6.659s] -- Symlinking: /SLAM/ros_ws/install/tutourial_intefaces/share/tutourial_intefaces/msg/Sphere.idl
[6.670s] -- Symlinking: /SLAM/ros_ws/install/tutourial_intefaces/share/tutourial_intefaces/srv/AddThreeInts.idl
[6.682s] -- Symlinking: /SLAM/ros_ws/install/tutourial_intefaces/share/tutourial_intefaces/msg/Num.msg
[6.694s] -- Symlinking: /SLAM/ros_ws/install/tutourial_intefaces/share/tutourial_intefaces/msg/Sphere.msg
[6.708s] -- Symlinking: /SLAM/ros_ws/install/tutourial_intefaces/share/tutourial_intefaces/srv/AddThreeInts.srv
[6.719s] -- Symlinking: /SLAM/ros_ws/install/tutourial_intefaces/share/tutourial_intefaces/srv/AddThreeInts_Request.msg
[6.730s] -- Symlinking: /SLAM/ros_ws/install/tutourial_intefaces/share/tutourial_intefaces/srv/AddThreeInts_Response.msg
[6.742s] -- Symlinking: /SLAM/ros_ws/install/tutourial_intefaces/share/ament_index/resource_index/package_run_dependencies/tutourial_intefaces
[6.753s] -- Symlinking: /SLAM/ros_ws/install/tutourial_intefaces/share/ament_index/resource_index/parent_prefix_path/tutourial_intefaces
[6.765s] -- Symlinking: /SLAM/ros_ws/install/tutourial_intefaces/share/tutourial_intefaces/environment/ament_prefix_path.sh
[6.777s] -- Symlinking: /SLAM/ros_ws/install/tutourial_intefaces/share/tutourial_intefaces/environment/ament_prefix_path.dsv
[6.788s] -- Symlinking: /SLAM/ros_ws/install/tutourial_intefaces/share/tutourial_intefaces/environment/path.sh
[6.801s] -- Symlinking: /SLAM/ros_ws/install/tutourial_intefaces/share/tutourial_intefaces/environment/path.dsv
[6.814s] -- Symlinking: /SLAM/ros_ws/install/tutourial_intefaces/share/tutourial_intefaces/local_setup.bash
[6.827s] -- Symlinking: /SLAM/ros_ws/install/tutourial_intefaces/share/tutourial_intefaces/local_setup.sh
[6.838s] -- Symlinking: /SLAM/ros_ws/install/tutourial_intefaces/share/tutourial_intefaces/local_setup.zsh
[6.849s] -- Symlinking: /SLAM/ros_ws/install/tutourial_intefaces/share/tutourial_intefaces/local_setup.dsv
[6.861s] -- Symlinking: /SLAM/ros_ws/install/tutourial_intefaces/share/tutourial_intefaces/package.dsv
[6.873s] -- Symlinking: /SLAM/ros_ws/install/tutourial_intefaces/share/ament_index/resource_index/packages/tutourial_intefaces
[6.885s] -- Symlinking: /SLAM/ros_ws/install/tutourial_intefaces/share/tutourial_intefaces/cmake/rosidl_cmake-extras.cmake
[6.897s] -- Symlinking: /SLAM/ros_ws/install/tutourial_intefaces/share/tutourial_intefaces/cmake/ament_cmake_export_dependencies-extras.cmake
[6.909s] -- Symlinking: /SLAM/ros_ws/install/tutourial_intefaces/share/tutourial_intefaces/cmake/ament_cmake_export_include_directories-extras.cmake
[6.921s] -- Symlinking: /SLAM/ros_ws/install/tutourial_intefaces/share/tutourial_intefaces/cmake/ament_cmake_export_libraries-extras.cmake
[6.933s] -- Symlinking: /SLAM/ros_ws/install/tutourial_intefaces/share/tutourial_intefaces/cmake/ament_cmake_export_targets-extras.cmake
[6.943s] -- Symlinking: /SLAM/ros_ws/install/tutourial_intefaces/share/tutourial_intefaces/cmake/rosidl_cmake_export_typesupport_targets-extras.cmake
[6.955s] -- Symlinking: /SLAM/ros_ws/install/tutourial_intefaces/share/tutourial_intefaces/cmake/rosidl_cmake_export_typesupport_libraries-extras.cmake
[6.966s] -- Symlinking: /SLAM/ros_ws/install/tutourial_intefaces/share/tutourial_intefaces/cmake/tutourial_intefacesConfig.cmake
[6.978s] -- Symlinking: /SLAM/ros_ws/install/tutourial_intefaces/share/tutourial_intefaces/cmake/tutourial_intefacesConfig-version.cmake
[6.993s] -- Symlinking: /SLAM/ros_ws/install/tutourial_intefaces/share/tutourial_intefaces/package.xml
[7.006s] -- Installing: /SLAM/ros_ws/install/tutourial_intefaces/lib/libtutourial_intefaces__rosidl_generator_c.so
[7.006s] -- Set runtime path of "/SLAM/ros_ws/install/tutourial_intefaces/lib/libtutourial_intefaces__rosidl_generator_c.so" to ""
[7.007s] -- Installing: /SLAM/ros_ws/install/tutourial_intefaces/lib/libtutourial_intefaces__rosidl_typesupport_fastrtps_c.so
[7.007s] -- Set runtime path of "/SLAM/ros_ws/install/tutourial_intefaces/lib/libtutourial_intefaces__rosidl_typesupport_fastrtps_c.so" to ""
[7.007s] -- Installing: /SLAM/ros_ws/install/tutourial_intefaces/lib/libtutourial_intefaces__rosidl_typesupport_fastrtps_cpp.so
[7.007s] -- Set runtime path of "/SLAM/ros_ws/install/tutourial_intefaces/lib/libtutourial_intefaces__rosidl_typesupport_fastrtps_cpp.so" to ""
[7.007s] -- Installing: /SLAM/ros_ws/install/tutourial_intefaces/lib/libtutourial_intefaces__rosidl_typesupport_introspection_c.so
[7.008s] -- Set runtime path of "/SLAM/ros_ws/install/tutourial_intefaces/lib/libtutourial_intefaces__rosidl_typesupport_introspection_c.so" to ""
[7.008s] -- Installing: /SLAM/ros_ws/install/tutourial_intefaces/lib/libtutourial_intefaces__rosidl_typesupport_c.so
[7.008s] -- Set runtime path of "/SLAM/ros_ws/install/tutourial_intefaces/lib/libtutourial_intefaces__rosidl_typesupport_c.so" to ""
[7.008s] -- Installing: /SLAM/ros_ws/install/tutourial_intefaces/lib/libtutourial_intefaces__rosidl_typesupport_introspection_cpp.so
[7.008s] -- Set runtime path of "/SLAM/ros_ws/install/tutourial_intefaces/lib/libtutourial_intefaces__rosidl_typesupport_introspection_cpp.so" to ""
[7.008s] -- Installing: /SLAM/ros_ws/install/tutourial_intefaces/lib/libtutourial_intefaces__rosidl_typesupport_cpp.so
[7.009s] -- Set runtime path of "/SLAM/ros_ws/install/tutourial_intefaces/lib/libtutourial_intefaces__rosidl_typesupport_cpp.so" to ""
[7.050s] Listing '/SLAM/ros_ws/install/tutourial_intefaces/local/lib/python3.10/dist-packages/tutourial_intefaces'...
[7.050s] Compiling '/SLAM/ros_ws/install/tutourial_intefaces/local/lib/python3.10/dist-packages/tutourial_intefaces/__init__.py'...
[7.050s] Listing '/SLAM/ros_ws/install/tutourial_intefaces/local/lib/python3.10/dist-packages/tutourial_intefaces/msg'...
[7.050s] Compiling '/SLAM/ros_ws/install/tutourial_intefaces/local/lib/python3.10/dist-packages/tutourial_intefaces/msg/__init__.py'...
[7.050s] Compiling '/SLAM/ros_ws/install/tutourial_intefaces/local/lib/python3.10/dist-packages/tutourial_intefaces/msg/_num.py'...
[7.051s] Compiling '/SLAM/ros_ws/install/tutourial_intefaces/local/lib/python3.10/dist-packages/tutourial_intefaces/msg/_sphere.py'...
[7.051s] Listing '/SLAM/ros_ws/install/tutourial_intefaces/local/lib/python3.10/dist-packages/tutourial_intefaces/srv'...
[7.051s] Compiling '/SLAM/ros_ws/install/tutourial_intefaces/local/lib/python3.10/dist-packages/tutourial_intefaces/srv/__init__.py'...
[7.051s] Compiling '/SLAM/ros_ws/install/tutourial_intefaces/local/lib/python3.10/dist-packages/tutourial_intefaces/srv/_add_three_ints.py'...
[7.056s] -- Installing: /SLAM/ros_ws/install/tutourial_intefaces/lib/libtutourial_intefaces__rosidl_generator_py.so
[7.056s] -- Set runtime path of "/SLAM/ros_ws/install/tutourial_intefaces/lib/libtutourial_intefaces__rosidl_generator_py.so" to ""
[7.056s] -- Installing: /SLAM/ros_ws/install/tutourial_intefaces/share/tutourial_intefaces/cmake/export_tutourial_intefaces__rosidl_generator_cExport.cmake
[7.056s] -- Installing: /SLAM/ros_ws/install/tutourial_intefaces/share/tutourial_intefaces/cmake/export_tutourial_intefaces__rosidl_generator_cExport-noconfig.cmake
[7.056s] -- Installing: /SLAM/ros_ws/install/tutourial_intefaces/share/tutourial_intefaces/cmake/export_tutourial_intefaces__rosidl_typesupport_fastrtps_cExport.cmake
[7.057s] -- Installing: /SLAM/ros_ws/install/tutourial_intefaces/share/tutourial_intefaces/cmake/export_tutourial_intefaces__rosidl_typesupport_fastrtps_cExport-noconfig.cmake
[7.057s] -- Installing: /SLAM/ros_ws/install/tutourial_intefaces/share/tutourial_intefaces/cmake/export_tutourial_intefaces__rosidl_generator_cppExport.cmake
[7.057s] -- Installing: /SLAM/ros_ws/install/tutourial_intefaces/share/tutourial_intefaces/cmake/export_tutourial_intefaces__rosidl_typesupport_fastrtps_cppExport.cmake
[7.057s] -- Installing: /SLAM/ros_ws/install/tutourial_intefaces/share/tutourial_intefaces/cmake/export_tutourial_intefaces__rosidl_typesupport_fastrtps_cppExport-noconfig.cmake
[7.057s] -- Installing: /SLAM/ros_ws/install/tutourial_intefaces/share/tutourial_intefaces/cmake/tutourial_intefaces__rosidl_typesupport_introspection_cExport.cmake
[7.057s] -- Installing: /SLAM/ros_ws/install/tutourial_intefaces/share/tutourial_intefaces/cmake/tutourial_intefaces__rosidl_typesupport_introspection_cExport-noconfig.cmake
[7.057s] -- Installing: /SLAM/ros_ws/install/tutourial_intefaces/share/tutourial_intefaces/cmake/tutourial_intefaces__rosidl_typesupport_cExport.cmake
[7.058s] -- Installing: /SLAM/ros_ws/install/tutourial_intefaces/share/tutourial_intefaces/cmake/tutourial_intefaces__rosidl_typesupport_cExport-noconfig.cmake
[7.058s] -- Installing: /SLAM/ros_ws/install/tutourial_intefaces/share/tutourial_intefaces/cmake/tutourial_intefaces__rosidl_typesupport_introspection_cppExport.cmake
[7.058s] -- Installing: /SLAM/ros_ws/install/tutourial_intefaces/share/tutourial_intefaces/cmake/tutourial_intefaces__rosidl_typesupport_introspection_cppExport-noconfig.cmake
[7.058s] -- Installing: /SLAM/ros_ws/install/tutourial_intefaces/share/tutourial_intefaces/cmake/tutourial_intefaces__rosidl_typesupport_cppExport.cmake
[7.058s] -- Installing: /SLAM/ros_ws/install/tutourial_intefaces/share/tutourial_intefaces/cmake/tutourial_intefaces__rosidl_typesupport_cppExport-noconfig.cmake
[7.058s] -- Installing: /SLAM/ros_ws/install/tutourial_intefaces/share/tutourial_intefaces/cmake/export_tutourial_intefaces__rosidl_generator_pyExport.cmake
[7.058s] -- Installing: /SLAM/ros_ws/install/tutourial_intefaces/share/tutourial_intefaces/cmake/export_tutourial_intefaces__rosidl_generator_pyExport-noconfig.cmake
[7.062s] Invoked command in '/SLAM/ros_ws/build/tutourial_intefaces' returned '0': CMAKE_PREFIX_PATH=/SLAM/ros_ws/install/rplidar_ros:/SLAM/ros_ws/install/examples_rclcpp_minimal_client:/SLAM/ros_ws/install/cpp_srvcli:/SLAM/ros_ws/install/image_pipeline:/SLAM/ros_ws/install/stereo_image_proc:/SLAM/ros_ws/install/image_proc:/SLAM/ros_ws/install/tracetools_image_pipeline:/SLAM/ros_ws/install/sllidar_ros2:/SLAM/ros_ws/install/rtabmap_ros:/SLAM/ros_ws/install/rtabmap_launch:/SLAM/ros_ws/install/rtabmap_examples:/SLAM/ros_ws/install/rtabmap_demos:/SLAM/ros_ws/install/rtabmap_viz:/SLAM/ros_ws/install/rtabmap_slam:/SLAM/ros_ws/install/rtabmap_odom:/SLAM/ros_ws/install/rtabmap_util:/SLAM/ros_ws/install/rtabmap_sync:/SLAM/ros_ws/install/rtabmap_rviz_plugins:/SLAM/ros_ws/install/rtabmap_conversions:/SLAM/ros_ws/install/examples_rclpy_minimal_client:/SLAM/ros_ws/install/examples_rclpy_minimal_action_server:/SLAM/ros_ws/install/examples_rclpy_minimal_action_client:/SLAM/ros_ws/install/examples_rclpy_executors:/SLAM/ros_ws/install/rtabmap_python:/SLAM/ros_ws/install/camera_calibration:/opt/ros/humble:/SLAM/ros_ws/install/rtabmap_msgs:/SLAM/ros_ws/install/rtabmap:/SLAM/ros_ws/install/image_view:/SLAM/ros_ws/install/image_rotate:/SLAM/ros_ws/install/astra_camera:/SLAM/ros_ws/install/image_publisher:/SLAM/ros_ws/install/depth_image_proc:/SLAM/ros_ws/install/astra_camera_msgs /usr/bin/cmake --install /SLAM/ros_ws/build/tutourial_intefaces
