[0.455s] Invoking command in '/SLAM/ros_ws/build/libuvc': /usr/bin/cmake /SLAM/ros_ws/src/libuvc -DCMAKE_INSTALL_PREFIX=/SLAM/ros_ws/install/libuvc
[0.479s] -- libusb-1.0 found using pkgconfig
[0.515s] -- Found JPEG: /usr/lib/x86_64-linux-gnu/libjpeg.so (found version "80") 
[0.515s] -- Found JPEG library using standard module
[0.515s] [33mCMake Warning (dev) at /usr/share/cmake-3.22/Modules/FindPackageHandleStandardArgs.cmake:438 (message):
[0.515s]   The package name passed to `find_package_handle_standard_args` (JPEG) does
[0.516s]   not match the name of the calling package (JpegPkg).  This can lead to
[0.516s]   problems in calling code that expects `find_package` result variables
[0.516s]   (e.g., `_FOUND`) to follow a certain pattern.
[0.516s] Call Stack (most recent call first):
[0.516s]   cmake/FindJpegPkg.cmake:58 (find_package_handle_standard_args)
[0.516s]   CMakeLists.txt:45 (find_package)
[0.516s] This warning is for project developers.  Use -Wno-dev to suppress it.
[0.516s] [0m
[0.516s] -- Found JPEG: /usr/lib/x86_64-linux-gnu/libjpeg.so  
[0.516s] -- Building libuvc with JPEG support.
[0.528s] -- Configuring done
[0.543s] -- Generating done
[0.545s] -- Build files have been written to: /SLAM/ros_ws/build/libuvc
[0.550s] Invoked command in '/SLAM/ros_ws/build/libuvc' returned '0': /usr/bin/cmake /SLAM/ros_ws/src/libuvc -DCMAKE_INSTALL_PREFIX=/SLAM/ros_ws/install/libuvc
[0.553s] Invoking command in '/SLAM/ros_ws/build/libuvc': /usr/bin/cmake --build /SLAM/ros_ws/build/libuvc -- -j16 -l16
[0.616s] [35m[1mConsolidate compiler generated dependencies of target uvc[0m
[0.621s] [35m[1mConsolidate compiler generated dependencies of target uvc_static[0m
[0.643s] [ 45%] Built target uvc
[0.651s] [ 90%] Built target uvc_static
[0.660s] [35m[1mConsolidate compiler generated dependencies of target example[0m
[0.680s] [100%] Built target example
[0.705s] Invoked command in '/SLAM/ros_ws/build/libuvc' returned '0': /usr/bin/cmake --build /SLAM/ros_ws/build/libuvc -- -j16 -l16
[0.817s] Invoking command in '/SLAM/ros_ws/build/libuvc': /usr/bin/cmake --install /SLAM/ros_ws/build/libuvc
[0.830s] -- Install configuration: "Release"
[0.830s] -- Up-to-date: /SLAM/ros_ws/install/libuvc/lib/libuvc.so.0.0.7
[0.830s] -- Up-to-date: /SLAM/ros_ws/install/libuvc/lib/libuvc.so.0
[0.831s] -- Up-to-date: /SLAM/ros_ws/install/libuvc/lib/libuvc.so
[0.831s] -- Up-to-date: /SLAM/ros_ws/install/libuvc/include/libuvc/libuvc.h
[0.831s] -- Up-to-date: /SLAM/ros_ws/install/libuvc/include/libuvc/libuvc_config.h
[0.831s] -- Up-to-date: /SLAM/ros_ws/install/libuvc/lib/libuvc.a
[0.831s] -- Up-to-date: /SLAM/ros_ws/install/libuvc/include/libuvc/libuvc.h
[0.831s] -- Up-to-date: /SLAM/ros_ws/install/libuvc/include/libuvc/libuvc_config.h
[0.831s] -- Up-to-date: /SLAM/ros_ws/install/libuvc/lib/cmake/libuvc/libuvcTargets.cmake
[0.831s] -- Up-to-date: /SLAM/ros_ws/install/libuvc/lib/cmake/libuvc/libuvcTargets-release.cmake
[0.832s] -- Up-to-date: /SLAM/ros_ws/install/libuvc/lib/cmake/libuvc/FindLibUSB.cmake
[0.832s] -- Up-to-date: /SLAM/ros_ws/install/libuvc/lib/cmake/libuvc/FindJpegPkg.cmake
[0.832s] -- Up-to-date: /SLAM/ros_ws/install/libuvc/lib/cmake/libuvc/libuvcConfigVersion.cmake
[0.832s] -- Up-to-date: /SLAM/ros_ws/install/libuvc/lib/pkgconfig/libuvc.pc
[0.832s] -- Up-to-date: /SLAM/ros_ws/install/libuvc/lib/cmake/libuvc/libuvcConfig.cmake
[0.834s] Invoked command in '/SLAM/ros_ws/build/libuvc' returned '0': /usr/bin/cmake --install /SLAM/ros_ws/build/libuvc
