[35m[1mConsolidate compiler generated dependencies of target image_view_nodes[0m
[ 36%] Built target image_view_nodes
[35m[1mConsolidate compiler generated dependencies of target disparity_view[0m
[35m[1mConsolidate compiler generated dependencies of target stereo_view[0m
[35m[1mConsolidate compiler generated dependencies of target image_view[0m
[35m[1mConsolidate compiler generated dependencies of target extract_images[0m
[35m[1mConsolidate compiler generated dependencies of target video_recorder[0m
[35m[1mConsolidate compiler generated dependencies of target image_saver[0m
[ 47%] Built target disparity_view
[ 78%] Built target stereo_view
[ 78%] Built target extract_images
[ 78%] Built target video_recorder
[ 89%] Built target image_view
[100%] Built target image_saver
-- Install configuration: ""
-- Installing: /SLAM/ros_ws/install/image_view/include
-- Installing: /SLAM/ros_ws/install/image_view/include/image_view
-- Installing: /SLAM/ros_ws/install/image_view/include/image_view/stereo_view_node.hpp
-- Installing: /SLAM/ros_ws/install/image_view/include/image_view/extract_images_node.hpp
-- Installing: /SLAM/ros_ws/install/image_view/include/image_view/image_saver_node.hpp
-- Installing: /SLAM/ros_ws/install/image_view/include/image_view/disparity_view_node.hpp
-- Installing: /SLAM/ros_ws/install/image_view/include/image_view/image_view_node.hpp
-- Installing: /SLAM/ros_ws/install/image_view/include/image_view/video_recorder_node.hpp
-- Installing: /SLAM/ros_ws/install/image_view/share/image_view/environment/library_path.sh
-- Installing: /SLAM/ros_ws/install/image_view/share/image_view/environment/library_path.dsv
-- Installing: /SLAM/ros_ws/install/image_view/lib/libimage_view_nodes.so
-- Set runtime path of "/SLAM/ros_ws/install/image_view/lib/libimage_view_nodes.so" to ""
-- Installing: /SLAM/ros_ws/install/image_view/lib/image_view/disparity_view
-- Set runtime path of "/SLAM/ros_ws/install/image_view/lib/image_view/disparity_view" to ""
-- Installing: /SLAM/ros_ws/install/image_view/lib/image_view/image_view
-- Set runtime path of "/SLAM/ros_ws/install/image_view/lib/image_view/image_view" to ""
-- Installing: /SLAM/ros_ws/install/image_view/lib/image_view/stereo_view
-- Set runtime path of "/SLAM/ros_ws/install/image_view/lib/image_view/stereo_view" to ""
-- Installing: /SLAM/ros_ws/install/image_view/lib/image_view/extract_images
-- Set runtime path of "/SLAM/ros_ws/install/image_view/lib/image_view/extract_images" to ""
-- Installing: /SLAM/ros_ws/install/image_view/lib/image_view/image_saver
-- Set runtime path of "/SLAM/ros_ws/install/image_view/lib/image_view/image_saver" to ""
-- Installing: /SLAM/ros_ws/install/image_view/lib/image_view/video_recorder
-- Set runtime path of "/SLAM/ros_ws/install/image_view/lib/image_view/video_recorder" to ""
-- Installing: /SLAM/ros_ws/install/image_view/share/ament_index/resource_index/package_run_dependencies/image_view
-- Installing: /SLAM/ros_ws/install/image_view/share/ament_index/resource_index/parent_prefix_path/image_view
-- Installing: /SLAM/ros_ws/install/image_view/share/image_view/environment/ament_prefix_path.sh
-- Installing: /SLAM/ros_ws/install/image_view/share/image_view/environment/ament_prefix_path.dsv
-- Installing: /SLAM/ros_ws/install/image_view/share/image_view/environment/path.sh
-- Installing: /SLAM/ros_ws/install/image_view/share/image_view/environment/path.dsv
-- Installing: /SLAM/ros_ws/install/image_view/share/image_view/local_setup.bash
-- Installing: /SLAM/ros_ws/install/image_view/share/image_view/local_setup.sh
-- Installing: /SLAM/ros_ws/install/image_view/share/image_view/local_setup.zsh
-- Installing: /SLAM/ros_ws/install/image_view/share/image_view/local_setup.dsv
-- Installing: /SLAM/ros_ws/install/image_view/share/image_view/package.dsv
-- Installing: /SLAM/ros_ws/install/image_view/share/ament_index/resource_index/packages/image_view
-- Installing: /SLAM/ros_ws/install/image_view/share/ament_index/resource_index/rclcpp_components/image_view
-- Installing: /SLAM/ros_ws/install/image_view/share/image_view/cmake/ament_cmake_export_dependencies-extras.cmake
-- Installing: /SLAM/ros_ws/install/image_view/share/image_view/cmake/ament_cmake_export_include_directories-extras.cmake
-- Installing: /SLAM/ros_ws/install/image_view/share/image_view/cmake/ament_cmake_export_libraries-extras.cmake
-- Installing: /SLAM/ros_ws/install/image_view/share/image_view/cmake/image_viewConfig.cmake
-- Installing: /SLAM/ros_ws/install/image_view/share/image_view/cmake/image_viewConfig-version.cmake
-- Installing: /SLAM/ros_ws/install/image_view/share/image_view/package.xml
