[0.462s] Invoking command in '/SLAM/ros_ws/build/astra_camera_msgs': CMAKE_PREFIX_PATH=${CMAKE_PREFIX_PATH}:/SLAM/ros_ws/install/camera_calibration:/opt/ros/humble /usr/bin/cmake /SLAM/ros_ws/src/ros2_astra_camera/astra_camera_msgs -DCMAKE_BUILD_TYPE=Release -DCMAKE_INSTALL_PREFIX=/SLAM/ros_ws/install/astra_camera_msgs
[0.733s] -- Found ament_cmake: 1.3.6 (/opt/ros/humble/share/ament_cmake/cmake)
[0.733s] -- Found rosidl_default_generators: 1.2.0 (/opt/ros/humble/share/rosidl_default_generators/cmake)
[0.734s] -- Using all available rosidl_typesupport_c: rosidl_typesupport_fastrtps_c;rosidl_typesupport_introspection_c
[0.736s] -- Found rosidl_adapter: 3.1.5 (/opt/ros/humble/share/rosidl_adapter/cmake)
[0.738s] -- Using all available rosidl_typesupport_cpp: rosidl_typesupport_fastrtps_cpp;rosidl_typesupport_introspection_cpp
[0.738s] -- Found sensor_msgs: 4.2.3 (/opt/ros/humble/share/sensor_msgs/cmake)
[1.459s] -- Found ament_cmake_ros: 0.10.0 (/opt/ros/humble/share/ament_cmake_ros/cmake)
[2.026s] -- Using all available rosidl_typesupport_c: rosidl_typesupport_fastrtps_c;rosidl_typesupport_introspection_c
[2.592s] -- Using all available rosidl_typesupport_cpp: rosidl_typesupport_fastrtps_cpp;rosidl_typesupport_introspection_cpp
[2.620s] -- Found python_cmake_module: 0.10.0 (/opt/ros/humble/share/python_cmake_module/cmake)
[2.648s] -- Using PYTHON_EXECUTABLE: /usr/bin/python3
[2.648s] -- Using PYTHON_INCLUDE_DIRS: /usr/include/python3.10
[2.648s] -- Using PYTHON_LIBRARIES: /usr/lib/x86_64-linux-gnu/libpython3.10.so
[2.724s] -- Found ament_lint_auto: 0.12.9 (/opt/ros/humble/share/ament_lint_auto/cmake)
[2.739s] -- Added test 'copyright' to check source files copyright and LICENSE
[2.743s] -- Added test 'lint_cmake' to check CMake code style
[2.745s] -- Added test 'xmllint' to check XML markup files
[2.748s] -- Configuring done
[2.897s] -- Generating done
[2.906s] -- Build files have been written to: /SLAM/ros_ws/build/astra_camera_msgs
[2.961s] Invoked command in '/SLAM/ros_ws/build/astra_camera_msgs' returned '0': CMAKE_PREFIX_PATH=${CMAKE_PREFIX_PATH}:/SLAM/ros_ws/install/camera_calibration:/opt/ros/humble /usr/bin/cmake /SLAM/ros_ws/src/ros2_astra_camera/astra_camera_msgs -DCMAKE_BUILD_TYPE=Release -DCMAKE_INSTALL_PREFIX=/SLAM/ros_ws/install/astra_camera_msgs
[2.963s] Invoking command in '/SLAM/ros_ws/build/astra_camera_msgs': CMAKE_PREFIX_PATH=${CMAKE_PREFIX_PATH}:/SLAM/ros_ws/install/camera_calibration:/opt/ros/humble /usr/bin/cmake --build /SLAM/ros_ws/build/astra_camera_msgs -- -j16 -l16
[3.065s] [35m[1mConsolidate compiler generated dependencies of target astra_camera_msgs__rosidl_generator_c[0m
[3.076s] [  1%] Built target astra_camera_msgs__cpp
[3.117s] [35m[1mConsolidate compiler generated dependencies of target astra_camera_msgs__rosidl_typesupport_cpp[0m
[3.117s] [  1%] Built target ament_cmake_python_copy_astra_camera_msgs
[3.131s] [35m[1mConsolidate compiler generated dependencies of target astra_camera_msgs__rosidl_typesupport_fastrtps_cpp[0m
[3.132s] [ 12%] Built target astra_camera_msgs__rosidl_generator_c
[3.144s] [35m[1mConsolidate compiler generated dependencies of target astra_camera_msgs__rosidl_typesupport_introspection_cpp[0m
[3.195s] [35m[1mConsolidate compiler generated dependencies of target astra_camera_msgs__rosidl_typesupport_fastrtps_c[0m
[3.205s] [ 24%] Built target astra_camera_msgs__rosidl_typesupport_cpp
[3.215s] [35m[1mConsolidate compiler generated dependencies of target astra_camera_msgs__rosidl_typesupport_introspection_c[0m
[3.225s] [35m[1mConsolidate compiler generated dependencies of target astra_camera_msgs__rosidl_typesupport_c[0m
[3.241s] [ 35%] Built target astra_camera_msgs__rosidl_typesupport_fastrtps_cpp
[3.295s] [ 47%] Built target astra_camera_msgs__rosidl_typesupport_introspection_cpp
[3.312s] [ 58%] Built target astra_camera_msgs__rosidl_typesupport_fastrtps_c
[3.338s] [ 70%] Built target astra_camera_msgs__rosidl_typesupport_introspection_c
[3.340s] [ 82%] Built target astra_camera_msgs__rosidl_typesupport_c
[3.466s] [ 82%] Built target astra_camera_msgs
[3.654s] [ 83%] Built target astra_camera_msgs__py
[3.759s] [35m[1mConsolidate compiler generated dependencies of target astra_camera_msgs__rosidl_generator_py[0m
[3.901s] [ 93%] Built target astra_camera_msgs__rosidl_generator_py
[3.942s] [35m[1mConsolidate compiler generated dependencies of target astra_camera_msgs__rosidl_typesupport_fastrtps_c__pyext[0m
[3.992s] [35m[1mConsolidate compiler generated dependencies of target astra_camera_msgs__rosidl_typesupport_introspection_c__pyext[0m
[3.994s] running egg_info
[3.996s] writing astra_camera_msgs.egg-info/PKG-INFO
[3.996s] writing dependency_links to astra_camera_msgs.egg-info/dependency_links.txt
[3.996s] writing top-level names to astra_camera_msgs.egg-info/top_level.txt
[4.000s] reading manifest file 'astra_camera_msgs.egg-info/SOURCES.txt'
[4.004s] [35m[1mConsolidate compiler generated dependencies of target astra_camera_msgs__rosidl_typesupport_c__pyext[0m
[4.020s] writing manifest file 'astra_camera_msgs.egg-info/SOURCES.txt'
[4.052s] [ 95%] Built target astra_camera_msgs__rosidl_typesupport_fastrtps_c__pyext
[4.103s] [ 97%] Built target astra_camera_msgs__rosidl_typesupport_introspection_c__pyext
[4.106s] [100%] Built target astra_camera_msgs__rosidl_typesupport_c__pyext
[4.250s] [100%] Built target ament_cmake_python_build_astra_camera_msgs_egg
[4.288s] Invoked command in '/SLAM/ros_ws/build/astra_camera_msgs' returned '0': CMAKE_PREFIX_PATH=${CMAKE_PREFIX_PATH}:/SLAM/ros_ws/install/camera_calibration:/opt/ros/humble /usr/bin/cmake --build /SLAM/ros_ws/build/astra_camera_msgs -- -j16 -l16
[7.569s] Invoking command in '/SLAM/ros_ws/build/astra_camera_msgs': CMAKE_PREFIX_PATH=${CMAKE_PREFIX_PATH}:/SLAM/ros_ws/install/camera_calibration:/opt/ros/humble /usr/bin/cmake --install /SLAM/ros_ws/build/astra_camera_msgs
[7.610s] -- Install configuration: "Release"
[7.611s] -- Up-to-date: /SLAM/ros_ws/install/astra_camera_msgs/include/astra_camera_msgs/astra_camera_msgs
[7.612s] -- Up-to-date: /SLAM/ros_ws/install/astra_camera_msgs/include/astra_camera_msgs/astra_camera_msgs/msg
[7.613s] -- Up-to-date: /SLAM/ros_ws/install/astra_camera_msgs/include/astra_camera_msgs/astra_camera_msgs/msg/detail
[7.613s] -- Up-to-date: /SLAM/ros_ws/install/astra_camera_msgs/include/astra_camera_msgs/astra_camera_msgs/msg/detail/extrinsics__functions.c
[7.614s] -- Up-to-date: /SLAM/ros_ws/install/astra_camera_msgs/include/astra_camera_msgs/astra_camera_msgs/msg/detail/metadata__functions.c
[7.614s] -- Up-to-date: /SLAM/ros_ws/install/astra_camera_msgs/include/astra_camera_msgs/astra_camera_msgs/msg/detail/device_info__functions.c
[7.614s] -- Up-to-date: /SLAM/ros_ws/install/astra_camera_msgs/include/astra_camera_msgs/astra_camera_msgs/srv
[7.615s] -- Up-to-date: /SLAM/ros_ws/install/astra_camera_msgs/include/astra_camera_msgs/astra_camera_msgs/srv/detail
[7.615s] -- Up-to-date: /SLAM/ros_ws/install/astra_camera_msgs/include/astra_camera_msgs/astra_camera_msgs/srv/detail/get_int32__functions.c
[7.615s] -- Up-to-date: /SLAM/ros_ws/install/astra_camera_msgs/include/astra_camera_msgs/astra_camera_msgs/srv/detail/get_string__functions.c
[7.616s] -- Up-to-date: /SLAM/ros_ws/install/astra_camera_msgs/include/astra_camera_msgs/astra_camera_msgs/srv/detail/get_camera_info__functions.c
[7.616s] -- Up-to-date: /SLAM/ros_ws/install/astra_camera_msgs/include/astra_camera_msgs/astra_camera_msgs/srv/detail/get_device_info__functions.c
[7.617s] -- Up-to-date: /SLAM/ros_ws/install/astra_camera_msgs/include/astra_camera_msgs/astra_camera_msgs/srv/detail/get_camera_params__functions.c
[7.617s] -- Up-to-date: /SLAM/ros_ws/install/astra_camera_msgs/include/astra_camera_msgs/astra_camera_msgs/srv/detail/set_int32__functions.c
[7.619s] -- Up-to-date: /SLAM/ros_ws/install/astra_camera_msgs/lib/libastra_camera_msgs__rosidl_generator_c.so
[7.620s] -- Up-to-date: /SLAM/ros_ws/install/astra_camera_msgs/include/astra_camera_msgs/astra_camera_msgs
[7.620s] -- Up-to-date: /SLAM/ros_ws/install/astra_camera_msgs/include/astra_camera_msgs/astra_camera_msgs/msg
[7.621s] -- Up-to-date: /SLAM/ros_ws/install/astra_camera_msgs/include/astra_camera_msgs/astra_camera_msgs/msg/detail
[7.622s] -- Up-to-date: /SLAM/ros_ws/install/astra_camera_msgs/include/astra_camera_msgs/astra_camera_msgs/srv
[7.622s] -- Up-to-date: /SLAM/ros_ws/install/astra_camera_msgs/include/astra_camera_msgs/astra_camera_msgs/srv/detail
[7.623s] -- Up-to-date: /SLAM/ros_ws/install/astra_camera_msgs/lib/libastra_camera_msgs__rosidl_typesupport_fastrtps_c.so
[7.623s] -- Up-to-date: /SLAM/ros_ws/install/astra_camera_msgs/include/astra_camera_msgs/astra_camera_msgs
[7.624s] -- Up-to-date: /SLAM/ros_ws/install/astra_camera_msgs/include/astra_camera_msgs/astra_camera_msgs/msg
[7.624s] -- Up-to-date: /SLAM/ros_ws/install/astra_camera_msgs/include/astra_camera_msgs/astra_camera_msgs/msg/detail
[7.624s] -- Up-to-date: /SLAM/ros_ws/install/astra_camera_msgs/include/astra_camera_msgs/astra_camera_msgs/msg/detail/extrinsics__type_support.c
[7.624s] -- Up-to-date: /SLAM/ros_ws/install/astra_camera_msgs/include/astra_camera_msgs/astra_camera_msgs/msg/detail/metadata__type_support.c
[7.624s] -- Up-to-date: /SLAM/ros_ws/install/astra_camera_msgs/include/astra_camera_msgs/astra_camera_msgs/msg/detail/device_info__type_support.c
[7.624s] -- Up-to-date: /SLAM/ros_ws/install/astra_camera_msgs/include/astra_camera_msgs/astra_camera_msgs/srv
[7.624s] -- Up-to-date: /SLAM/ros_ws/install/astra_camera_msgs/include/astra_camera_msgs/astra_camera_msgs/srv/detail
[7.625s] -- Up-to-date: /SLAM/ros_ws/install/astra_camera_msgs/include/astra_camera_msgs/astra_camera_msgs/srv/detail/get_string__type_support.c
[7.625s] -- Up-to-date: /SLAM/ros_ws/install/astra_camera_msgs/include/astra_camera_msgs/astra_camera_msgs/srv/detail/get_camera_params__type_support.c
[7.625s] -- Up-to-date: /SLAM/ros_ws/install/astra_camera_msgs/include/astra_camera_msgs/astra_camera_msgs/srv/detail/get_device_info__type_support.c
[7.625s] -- Up-to-date: /SLAM/ros_ws/install/astra_camera_msgs/include/astra_camera_msgs/astra_camera_msgs/srv/detail/get_int32__type_support.c
[7.625s] -- Up-to-date: /SLAM/ros_ws/install/astra_camera_msgs/include/astra_camera_msgs/astra_camera_msgs/srv/detail/get_camera_info__type_support.c
[7.625s] -- Up-to-date: /SLAM/ros_ws/install/astra_camera_msgs/include/astra_camera_msgs/astra_camera_msgs/srv/detail/set_int32__type_support.c
[7.635s] -- Up-to-date: /SLAM/ros_ws/install/astra_camera_msgs/lib/libastra_camera_msgs__rosidl_typesupport_introspection_c.so
[7.636s] -- Up-to-date: /SLAM/ros_ws/install/astra_camera_msgs/lib/libastra_camera_msgs__rosidl_typesupport_c.so
[7.637s] -- Up-to-date: /SLAM/ros_ws/install/astra_camera_msgs/include/astra_camera_msgs/astra_camera_msgs
[7.637s] -- Up-to-date: /SLAM/ros_ws/install/astra_camera_msgs/include/astra_camera_msgs/astra_camera_msgs/msg
[7.637s] -- Up-to-date: /SLAM/ros_ws/install/astra_camera_msgs/include/astra_camera_msgs/astra_camera_msgs/msg/detail
[7.638s] -- Up-to-date: /SLAM/ros_ws/install/astra_camera_msgs/include/astra_camera_msgs/astra_camera_msgs/srv
[7.638s] -- Up-to-date: /SLAM/ros_ws/install/astra_camera_msgs/include/astra_camera_msgs/astra_camera_msgs/srv/detail
[7.638s] -- Up-to-date: /SLAM/ros_ws/install/astra_camera_msgs/include/astra_camera_msgs/astra_camera_msgs
[7.638s] -- Up-to-date: /SLAM/ros_ws/install/astra_camera_msgs/include/astra_camera_msgs/astra_camera_msgs/msg
[7.639s] -- Up-to-date: /SLAM/ros_ws/install/astra_camera_msgs/include/astra_camera_msgs/astra_camera_msgs/msg/detail
[7.639s] -- Up-to-date: /SLAM/ros_ws/install/astra_camera_msgs/include/astra_camera_msgs/astra_camera_msgs/msg/detail/dds_fastrtps
[7.639s] -- Up-to-date: /SLAM/ros_ws/install/astra_camera_msgs/include/astra_camera_msgs/astra_camera_msgs/srv
[7.639s] -- Up-to-date: /SLAM/ros_ws/install/astra_camera_msgs/include/astra_camera_msgs/astra_camera_msgs/srv/detail
[7.639s] -- Up-to-date: /SLAM/ros_ws/install/astra_camera_msgs/include/astra_camera_msgs/astra_camera_msgs/srv/detail/dds_fastrtps
[7.640s] -- Up-to-date: /SLAM/ros_ws/install/astra_camera_msgs/lib/libastra_camera_msgs__rosidl_typesupport_fastrtps_cpp.so
[7.640s] -- Up-to-date: /SLAM/ros_ws/install/astra_camera_msgs/include/astra_camera_msgs/astra_camera_msgs
[7.640s] -- Up-to-date: /SLAM/ros_ws/install/astra_camera_msgs/include/astra_camera_msgs/astra_camera_msgs/msg
[7.640s] -- Up-to-date: /SLAM/ros_ws/install/astra_camera_msgs/include/astra_camera_msgs/astra_camera_msgs/msg/detail
[7.640s] -- Up-to-date: /SLAM/ros_ws/install/astra_camera_msgs/include/astra_camera_msgs/astra_camera_msgs/msg/detail/extrinsics__type_support.cpp
[7.641s] -- Up-to-date: /SLAM/ros_ws/install/astra_camera_msgs/include/astra_camera_msgs/astra_camera_msgs/msg/detail/metadata__type_support.cpp
[7.641s] -- Up-to-date: /SLAM/ros_ws/install/astra_camera_msgs/include/astra_camera_msgs/astra_camera_msgs/msg/detail/device_info__type_support.cpp
[7.641s] -- Up-to-date: /SLAM/ros_ws/install/astra_camera_msgs/include/astra_camera_msgs/astra_camera_msgs/srv
[7.641s] -- Up-to-date: /SLAM/ros_ws/install/astra_camera_msgs/include/astra_camera_msgs/astra_camera_msgs/srv/detail
[7.641s] -- Up-to-date: /SLAM/ros_ws/install/astra_camera_msgs/include/astra_camera_msgs/astra_camera_msgs/srv/detail/set_int32__type_support.cpp
[7.641s] -- Up-to-date: /SLAM/ros_ws/install/astra_camera_msgs/include/astra_camera_msgs/astra_camera_msgs/srv/detail/get_string__type_support.cpp
[7.642s] -- Up-to-date: /SLAM/ros_ws/install/astra_camera_msgs/include/astra_camera_msgs/astra_camera_msgs/srv/detail/get_camera_params__type_support.cpp
[7.642s] -- Up-to-date: /SLAM/ros_ws/install/astra_camera_msgs/include/astra_camera_msgs/astra_camera_msgs/srv/detail/get_device_info__type_support.cpp
[7.642s] -- Up-to-date: /SLAM/ros_ws/install/astra_camera_msgs/include/astra_camera_msgs/astra_camera_msgs/srv/detail/get_camera_info__type_support.cpp
[7.642s] -- Up-to-date: /SLAM/ros_ws/install/astra_camera_msgs/include/astra_camera_msgs/astra_camera_msgs/srv/detail/get_int32__type_support.cpp
[7.646s] -- Up-to-date: /SLAM/ros_ws/install/astra_camera_msgs/lib/libastra_camera_msgs__rosidl_typesupport_introspection_cpp.so
[7.646s] -- Up-to-date: /SLAM/ros_ws/install/astra_camera_msgs/lib/libastra_camera_msgs__rosidl_typesupport_cpp.so
[7.646s] -- Up-to-date: /SLAM/ros_ws/install/astra_camera_msgs/local/lib/python3.10/dist-packages/astra_camera_msgs-1.0.1-py3.10.egg-info
[7.646s] -- Up-to-date: /SLAM/ros_ws/install/astra_camera_msgs/local/lib/python3.10/dist-packages/astra_camera_msgs
[7.647s] -- Up-to-date: /SLAM/ros_ws/install/astra_camera_msgs/local/lib/python3.10/dist-packages/astra_camera_msgs/msg
[7.647s] -- Up-to-date: /SLAM/ros_ws/install/astra_camera_msgs/local/lib/python3.10/dist-packages/astra_camera_msgs/srv
[7.793s] Listing '/SLAM/ros_ws/install/astra_camera_msgs/local/lib/python3.10/dist-packages/astra_camera_msgs'...
[7.795s] Compiling '/SLAM/ros_ws/install/astra_camera_msgs/local/lib/python3.10/dist-packages/astra_camera_msgs/__init__.py'...
[7.795s] Listing '/SLAM/ros_ws/install/astra_camera_msgs/local/lib/python3.10/dist-packages/astra_camera_msgs/msg'...
[7.796s] Listing '/SLAM/ros_ws/install/astra_camera_msgs/local/lib/python3.10/dist-packages/astra_camera_msgs/srv'...
[7.817s] -- Up-to-date: /SLAM/ros_ws/install/astra_camera_msgs/lib/libastra_camera_msgs__rosidl_generator_py.so
[7.819s] -- Installing: /SLAM/ros_ws/install/astra_camera_msgs/share/astra_camera_msgs/package.dsv
[7.819s] -- Up-to-date: /SLAM/ros_ws/install/astra_camera_msgs/share/astra_camera_msgs/cmake/export_astra_camera_msgs__rosidl_generator_cExport.cmake
[7.820s] -- Up-to-date: /SLAM/ros_ws/install/astra_camera_msgs/share/astra_camera_msgs/cmake/export_astra_camera_msgs__rosidl_generator_cExport-release.cmake
[7.820s] -- Up-to-date: /SLAM/ros_ws/install/astra_camera_msgs/share/astra_camera_msgs/cmake/export_astra_camera_msgs__rosidl_typesupport_fastrtps_cExport.cmake
[7.820s] -- Up-to-date: /SLAM/ros_ws/install/astra_camera_msgs/share/astra_camera_msgs/cmake/export_astra_camera_msgs__rosidl_typesupport_fastrtps_cExport-release.cmake
[7.820s] -- Up-to-date: /SLAM/ros_ws/install/astra_camera_msgs/share/astra_camera_msgs/cmake/astra_camera_msgs__rosidl_typesupport_introspection_cExport.cmake
[7.820s] -- Up-to-date: /SLAM/ros_ws/install/astra_camera_msgs/share/astra_camera_msgs/cmake/astra_camera_msgs__rosidl_typesupport_introspection_cExport-release.cmake
[7.821s] -- Up-to-date: /SLAM/ros_ws/install/astra_camera_msgs/share/astra_camera_msgs/cmake/astra_camera_msgs__rosidl_typesupport_cExport.cmake
[7.821s] -- Up-to-date: /SLAM/ros_ws/install/astra_camera_msgs/share/astra_camera_msgs/cmake/astra_camera_msgs__rosidl_typesupport_cExport-release.cmake
[7.821s] -- Up-to-date: /SLAM/ros_ws/install/astra_camera_msgs/share/astra_camera_msgs/cmake/export_astra_camera_msgs__rosidl_generator_cppExport.cmake
[7.821s] -- Up-to-date: /SLAM/ros_ws/install/astra_camera_msgs/share/astra_camera_msgs/cmake/export_astra_camera_msgs__rosidl_typesupport_fastrtps_cppExport.cmake
[7.821s] -- Up-to-date: /SLAM/ros_ws/install/astra_camera_msgs/share/astra_camera_msgs/cmake/export_astra_camera_msgs__rosidl_typesupport_fastrtps_cppExport-release.cmake
[7.822s] -- Up-to-date: /SLAM/ros_ws/install/astra_camera_msgs/share/astra_camera_msgs/cmake/astra_camera_msgs__rosidl_typesupport_introspection_cppExport.cmake
[7.822s] -- Up-to-date: /SLAM/ros_ws/install/astra_camera_msgs/share/astra_camera_msgs/cmake/astra_camera_msgs__rosidl_typesupport_introspection_cppExport-release.cmake
[7.822s] -- Up-to-date: /SLAM/ros_ws/install/astra_camera_msgs/share/astra_camera_msgs/cmake/astra_camera_msgs__rosidl_typesupport_cppExport.cmake
[7.822s] -- Up-to-date: /SLAM/ros_ws/install/astra_camera_msgs/share/astra_camera_msgs/cmake/astra_camera_msgs__rosidl_typesupport_cppExport-release.cmake
[7.822s] -- Up-to-date: /SLAM/ros_ws/install/astra_camera_msgs/share/astra_camera_msgs/cmake/export_astra_camera_msgs__rosidl_generator_pyExport.cmake
[7.822s] -- Up-to-date: /SLAM/ros_ws/install/astra_camera_msgs/share/astra_camera_msgs/cmake/export_astra_camera_msgs__rosidl_generator_pyExport-release.cmake
[7.831s] Invoked command in '/SLAM/ros_ws/build/astra_camera_msgs' returned '0': CMAKE_PREFIX_PATH=${CMAKE_PREFIX_PATH}:/SLAM/ros_ws/install/camera_calibration:/opt/ros/humble /usr/bin/cmake --install /SLAM/ros_ws/build/astra_camera_msgs
