-- Found ament_cmake: 1.3.6 (/opt/ros/humble/share/ament_cmake/cmake)
-- Override CMake install command with custom implementation using symlinks instead of copying resources
-- Found message_filters: 4.3.3 (/opt/ros/humble/share/message_filters/cmake)
-- Found rosidl_generator_c: 3.1.5 (/opt/ros/humble/share/rosidl_generator_c/cmake)
-- Found rosidl_adapter: 3.1.5 (/opt/ros/humble/share/rosidl_adapter/cmake)
-- Found rosidl_generator_cpp: 3.1.5 (/opt/ros/humble/share/rosidl_generator_cpp/cmake)
-- Using all available rosidl_typesupport_c: rosidl_typesupport_fastrtps_c;rosidl_typesupport_introspection_c
-- Using all available rosidl_typesupport_cpp: rosidl_typesupport_fastrtps_cpp;rosidl_typesupport_introspection_cpp
-- Found rmw_implementation_cmake: 6.1.1 (/opt/ros/humble/share/rmw_implementation_cmake/cmake)
-- Found rmw_fastrtps_cpp: 6.2.5 (/opt/ros/humble/share/rmw_fastrtps_cpp/cmake)
-- Using RMW implementation 'rmw_fastrtps_cpp' as default
-- Found nav_msgs: 4.2.3 (/opt/ros/humble/share/nav_msgs/cmake)
-- Found sensor_msgs: 4.2.3 (/opt/ros/humble/share/sensor_msgs/cmake)
-- Found tf2: 0.25.5 (/opt/ros/humble/share/tf2/cmake)
-- Found tf2_ros: 0.25.5 (/opt/ros/humble/share/tf2_ros/cmake)
-- Found visualization_msgs: 4.2.3 (/opt/ros/humble/share/visualization_msgs/cmake)
-- Found pluginlib: 5.1.0 (/opt/ros/humble/share/pluginlib/cmake)
-- Found tf2_geometry_msgs: 0.25.5 (/opt/ros/humble/share/tf2_geometry_msgs/cmake)
-- Found eigen3_cmake_module: 0.1.1 (/opt/ros/humble/share/eigen3_cmake_module/cmake)
-- Ensuring Eigen3 include directory is part of orocos-kdl CMake target
-- Found tf2_sensor_msgs: 0.25.5 (/opt/ros/humble/share/tf2_sensor_msgs/cmake)
-- Found std_srvs: 4.2.3 (/opt/ros/humble/share/std_srvs/cmake)
-- Found rosidl_default_generators: 1.2.0 (/opt/ros/humble/share/rosidl_default_generators/cmake)
-- Found lifecycle_msgs: 1.2.1 (/opt/ros/humble/share/lifecycle_msgs/cmake)
-- Found bondcpp: 3.0.2 (/opt/ros/humble/share/bondcpp/cmake)
-- Found rviz_common: 11.2.9 (/opt/ros/humble/share/rviz_common/cmake)
-- Setting OGRE_DIR to: '/opt/ros/humble/share/rviz_ogre_vendor/cmake/../../../opt/rviz_ogre_vendor/lib/OGRE/cmake'
-- Found OGRE
--   static     : OFF
--   components : HLMS;MeshLodGenerator;Overlay;Paging;Property;RTShaderSystem;Terrain;Volume
--   plugins    : Plugin_BSPSceneManager;Plugin_OctreeSceneManager;Plugin_PCZSceneManager;Plugin_ParticleFX;RenderSystem_GL;RenderSystem_GL3Plus;Codec_STBI
--   media      : /opt/ros/humble/opt/rviz_ogre_vendor/share/OGRE/Media
-- OGRE_LIBRARIES: OgreHLMS;OgreMeshLodGenerator;OgreOverlay;OgrePaging;OgreProperty;OgreRTShaderSystem;OgreTerrain;OgreVolume;OgreMain
-- OGRE_LIBRARY_DIRS: /opt/ros/humble/opt/rviz_ogre_vendor/lib
-- OGRE_PLUGINS: Plugin_BSPSceneManager;Plugin_OctreeSceneManager;Plugin_PCZSceneManager;Plugin_ParticleFX;RenderSystem_GL;RenderSystem_GL3Plus;Codec_STBI
-- OGRE_PLUGIN_DIR: /opt/ros/humble/opt/rviz_ogre_vendor/lib/OGRE
-- rviz_ogre_vendor::OgreOverlay for IMPORTED_LOCATION_RELEASE: /opt/ros/humble/opt/rviz_ogre_vendor/lib/libOgreOverlay.so
-- rviz_ogre_vendor::OgreOverlay for IMPORTED_LOCATION_DEBUG: /opt/ros/humble/opt/rviz_ogre_vendor/lib/libOgreOverlay.so
-- rviz_ogre_vendor::OgreMain for IMPORTED_LOCATION_RELEASE: /opt/ros/humble/opt/rviz_ogre_vendor/lib/libOgreMain.so
-- rviz_ogre_vendor::OgreMain for IMPORTED_LOCATION_DEBUG: /opt/ros/humble/opt/rviz_ogre_vendor/lib/libOgreMain.so
-- rviz_ogre_vendor::RenderSystem_GL for IMPORTED_LOCATION_RELEASE: _render_system_gl_static_library_abs-NOTFOUND
-- rviz_ogre_vendor::RenderSystem_GL for IMPORTED_LOCATION_DEBUG: _render_system_gl_static_library_abs-NOTFOUND
-- library: /usr/lib/x86_64-linux-gnu/libcurl.so
-- Found rviz_default_plugins: 11.2.9 (/opt/ros/humble/share/rviz_default_plugins/cmake)
-- Found required Ceres dependency: Eigen version 3.4.0 in /usr/include/eigen3
-- Found required Ceres dependency: glog
-- Found required Ceres dependency: gflags
-- Found Ceres version: 2.0.0 installed in: /usr with components: [EigenSparse, SparseLinearAlgebraLibrary, LAPACK, SuiteSparse, CXSparse, SchurSpecializations, Multithreading]
-- Found ament_cmake_ros: 0.10.0 (/opt/ros/humble/share/ament_cmake_ros/cmake)
-- Using all available rosidl_typesupport_c: rosidl_typesupport_fastrtps_c;rosidl_typesupport_introspection_c
-- Using all available rosidl_typesupport_cpp: rosidl_typesupport_fastrtps_cpp;rosidl_typesupport_introspection_cpp
-- Found python_cmake_module: 0.10.0 (/opt/ros/humble/share/python_cmake_module/cmake)
-- Using PYTHON_EXECUTABLE: /usr/bin/python3
-- Using PYTHON_INCLUDE_DIRS: /usr/include/python3.10
-- Using PYTHON_LIBRARIES: /usr/lib/x86_64-linux-gnu/libpython3.10.so
-- Configuring done
-- Generating done
-- Build files have been written to: /SLAM/ros_ws/build/slam_toolbox
[35m[1mConsolidate compiler generated dependencies of target slam_toolbox__rosidl_generator_c[0m
[35m[1mConsolidate compiler generated dependencies of target kartoSlamToolbox[0m
[  1%] Built target slam_toolbox__cpp
[ 10%] Built target slam_toolbox__rosidl_generator_c
[ 10%] Built target ament_cmake_python_symlink_slam_toolbox
[35m[1mConsolidate compiler generated dependencies of target slam_toolbox__rosidl_typesupport_cpp[0m
[35m[1mConsolidate compiler generated dependencies of target slam_toolbox__rosidl_typesupport_introspection_cpp[0m
[35m[1mConsolidate compiler generated dependencies of target slam_toolbox__rosidl_typesupport_fastrtps_cpp[0m
[35m[1mConsolidate compiler generated dependencies of target slam_toolbox__rosidl_typesupport_c[0m
[35m[1mConsolidate compiler generated dependencies of target slam_toolbox__rosidl_typesupport_introspection_c[0m
[35m[1mConsolidate compiler generated dependencies of target slam_toolbox__rosidl_typesupport_fastrtps_c[0m
[ 12%] Built target kartoSlamToolbox
[ 20%] Built target slam_toolbox__rosidl_typesupport_c
[ 28%] Built target slam_toolbox__rosidl_typesupport_introspection_c
[ 44%] Built target slam_toolbox__rosidl_typesupport_cpp
[ 44%] Built target slam_toolbox__rosidl_typesupport_introspection_cpp
[ 53%] Built target slam_toolbox__rosidl_typesupport_fastrtps_cpp
[ 62%] Built target slam_toolbox__rosidl_typesupport_fastrtps_c
[35m[1mConsolidate compiler generated dependencies of target ceres_solver_plugin[0m
[35m[1mConsolidate compiler generated dependencies of target SlamToolboxPlugin[0m
[35m[1mConsolidate compiler generated dependencies of target toolbox_common[0m
[ 62%] Built target slam_toolbox
[ 64%] Built target SlamToolboxPlugin
[ 66%] Built target ceres_solver_plugin
[ 66%] Built target slam_toolbox__py
[35m[1mConsolidate compiler generated dependencies of target slam_toolbox__rosidl_generator_py[0m
[ 71%] Built target toolbox_common
[ 79%] Built target slam_toolbox__rosidl_generator_py
[35m[1mConsolidate compiler generated dependencies of target localization_slam_toolbox[0m
[35m[1mConsolidate compiler generated dependencies of target lifelong_slam_toolbox[0m
[35m[1mConsolidate compiler generated dependencies of target merge_maps_kinematic[0m
[35m[1mConsolidate compiler generated dependencies of target sync_slam_toolbox[0m
[35m[1mConsolidate compiler generated dependencies of target async_slam_toolbox[0m
[35m[1mConsolidate compiler generated dependencies of target slam_toolbox__rosidl_typesupport_introspection_c__pyext[0m
[35m[1mConsolidate compiler generated dependencies of target slam_toolbox__rosidl_typesupport_fastrtps_c__pyext[0m
[35m[1mConsolidate compiler generated dependencies of target slam_toolbox__rosidl_typesupport_c__pyext[0m
[ 81%] Built target slam_toolbox__rosidl_typesupport_introspection_c__pyext
[ 82%] Built target slam_toolbox__rosidl_typesupport_fastrtps_c__pyext
[ 84%] Built target slam_toolbox__rosidl_typesupport_c__pyext
[ 86%] Built target merge_maps_kinematic
[ 88%] Built target sync_slam_toolbox
[ 89%] Built target lifelong_slam_toolbox
[ 91%] Built target async_slam_toolbox
[ 92%] Built target localization_slam_toolbox
running egg_info
writing slam_toolbox.egg-info/PKG-INFO
writing dependency_links to slam_toolbox.egg-info/dependency_links.txt
writing top-level names to slam_toolbox.egg-info/top_level.txt
[35m[1mConsolidate compiler generated dependencies of target sync_slam_toolbox_node[0m
[35m[1mConsolidate compiler generated dependencies of target lifelong_slam_toolbox_node[0m
reading manifest file 'slam_toolbox.egg-info/SOURCES.txt'
writing manifest file 'slam_toolbox.egg-info/SOURCES.txt'
[35m[1mConsolidate compiler generated dependencies of target async_slam_toolbox_node[0m
[35m[1mConsolidate compiler generated dependencies of target map_and_localization_slam_toolbox[0m
[35m[1mConsolidate compiler generated dependencies of target localization_slam_toolbox_node[0m
[ 92%] Built target ament_cmake_python_build_slam_toolbox_egg
[ 93%] Built target sync_slam_toolbox_node
[ 95%] Built target lifelong_slam_toolbox_node
[ 97%] Built target localization_slam_toolbox_node
[ 98%] Built target map_and_localization_slam_toolbox
[ 99%] Built target async_slam_toolbox_node
[35m[1mConsolidate compiler generated dependencies of target map_and_localization_slam_toolbox_node[0m
[100%] Built target map_and_localization_slam_toolbox_node
-- Install configuration: "Release"
-- Execute custom install script
-- Up-to-date symlink: /SLAM/ros_ws/install/slam_toolbox/include//karto_sdk/Karto.h
-- Up-to-date symlink: /SLAM/ros_ws/install/slam_toolbox/include//karto_sdk/Macros.h
-- Up-to-date symlink: /SLAM/ros_ws/install/slam_toolbox/include//karto_sdk/Mapper.h
-- Up-to-date symlink: /SLAM/ros_ws/install/slam_toolbox/include//karto_sdk/Math.h
-- Up-to-date symlink: /SLAM/ros_ws/install/slam_toolbox/include//karto_sdk/Types.h
-- Up-to-date symlink: /SLAM/ros_ws/install/slam_toolbox/include//karto_sdk/nanoflann.hpp
-- Up-to-date symlink: /SLAM/ros_ws/install/slam_toolbox/include//karto_sdk/nanoflann_adaptors.h
-- Up-to-date symlink: /SLAM/ros_ws/install/slam_toolbox/share/ament_index/resource_index/rosidl_interfaces/slam_toolbox
-- Up-to-date symlink: /SLAM/ros_ws/install/slam_toolbox/include/slam_toolbox/slam_toolbox/msg/rosidl_generator_c__visibility_control.h
-- Up-to-date symlink: /SLAM/ros_ws/install/slam_toolbox/include/slam_toolbox/slam_toolbox/srv/add_submap.h
-- Up-to-date symlink: /SLAM/ros_ws/install/slam_toolbox/include/slam_toolbox/slam_toolbox/srv/clear.h
-- Up-to-date symlink: /SLAM/ros_ws/install/slam_toolbox/include/slam_toolbox/slam_toolbox/srv/clear_queue.h
-- Up-to-date symlink: /SLAM/ros_ws/install/slam_toolbox/include/slam_toolbox/slam_toolbox/srv/deserialize_pose_graph.h
-- Up-to-date symlink: /SLAM/ros_ws/install/slam_toolbox/include/slam_toolbox/slam_toolbox/srv/detail/add_submap__functions.h
-- Up-to-date symlink: /SLAM/ros_ws/install/slam_toolbox/include/slam_toolbox/slam_toolbox/srv/detail/add_submap__struct.h
-- Up-to-date symlink: /SLAM/ros_ws/install/slam_toolbox/include/slam_toolbox/slam_toolbox/srv/detail/add_submap__type_support.h
-- Up-to-date symlink: /SLAM/ros_ws/install/slam_toolbox/include/slam_toolbox/slam_toolbox/srv/detail/clear__functions.h
-- Up-to-date symlink: /SLAM/ros_ws/install/slam_toolbox/include/slam_toolbox/slam_toolbox/srv/detail/clear__struct.h
-- Up-to-date symlink: /SLAM/ros_ws/install/slam_toolbox/include/slam_toolbox/slam_toolbox/srv/detail/clear__type_support.h
-- Up-to-date symlink: /SLAM/ros_ws/install/slam_toolbox/include/slam_toolbox/slam_toolbox/srv/detail/clear_queue__functions.h
-- Up-to-date symlink: /SLAM/ros_ws/install/slam_toolbox/include/slam_toolbox/slam_toolbox/srv/detail/clear_queue__struct.h
-- Up-to-date symlink: /SLAM/ros_ws/install/slam_toolbox/include/slam_toolbox/slam_toolbox/srv/detail/clear_queue__type_support.h
-- Up-to-date symlink: /SLAM/ros_ws/install/slam_toolbox/include/slam_toolbox/slam_toolbox/srv/detail/deserialize_pose_graph__functions.h
-- Up-to-date symlink: /SLAM/ros_ws/install/slam_toolbox/include/slam_toolbox/slam_toolbox/srv/detail/deserialize_pose_graph__struct.h
-- Up-to-date symlink: /SLAM/ros_ws/install/slam_toolbox/include/slam_toolbox/slam_toolbox/srv/detail/deserialize_pose_graph__type_support.h
-- Up-to-date symlink: /SLAM/ros_ws/install/slam_toolbox/include/slam_toolbox/slam_toolbox/srv/detail/loop_closure__functions.h
-- Up-to-date symlink: /SLAM/ros_ws/install/slam_toolbox/include/slam_toolbox/slam_toolbox/srv/detail/loop_closure__struct.h
-- Up-to-date symlink: /SLAM/ros_ws/install/slam_toolbox/include/slam_toolbox/slam_toolbox/srv/detail/loop_closure__type_support.h
-- Up-to-date symlink: /SLAM/ros_ws/install/slam_toolbox/include/slam_toolbox/slam_toolbox/srv/detail/merge_maps__functions.h
-- Up-to-date symlink: /SLAM/ros_ws/install/slam_toolbox/include/slam_toolbox/slam_toolbox/srv/detail/merge_maps__struct.h
-- Up-to-date symlink: /SLAM/ros_ws/install/slam_toolbox/include/slam_toolbox/slam_toolbox/srv/detail/merge_maps__type_support.h
-- Up-to-date symlink: /SLAM/ros_ws/install/slam_toolbox/include/slam_toolbox/slam_toolbox/srv/detail/pause__functions.h
-- Up-to-date symlink: /SLAM/ros_ws/install/slam_toolbox/include/slam_toolbox/slam_toolbox/srv/detail/pause__struct.h
-- Up-to-date symlink: /SLAM/ros_ws/install/slam_toolbox/include/slam_toolbox/slam_toolbox/srv/detail/pause__type_support.h
-- Up-to-date symlink: /SLAM/ros_ws/install/slam_toolbox/include/slam_toolbox/slam_toolbox/srv/detail/save_map__functions.h
-- Up-to-date symlink: /SLAM/ros_ws/install/slam_toolbox/include/slam_toolbox/slam_toolbox/srv/detail/save_map__struct.h
-- Up-to-date symlink: /SLAM/ros_ws/install/slam_toolbox/include/slam_toolbox/slam_toolbox/srv/detail/save_map__type_support.h
-- Up-to-date symlink: /SLAM/ros_ws/install/slam_toolbox/include/slam_toolbox/slam_toolbox/srv/detail/serialize_pose_graph__functions.h
-- Up-to-date symlink: /SLAM/ros_ws/install/slam_toolbox/include/slam_toolbox/slam_toolbox/srv/detail/serialize_pose_graph__struct.h
-- Up-to-date symlink: /SLAM/ros_ws/install/slam_toolbox/include/slam_toolbox/slam_toolbox/srv/detail/serialize_pose_graph__type_support.h
-- Up-to-date symlink: /SLAM/ros_ws/install/slam_toolbox/include/slam_toolbox/slam_toolbox/srv/detail/toggle_interactive__functions.h
-- Up-to-date symlink: /SLAM/ros_ws/install/slam_toolbox/include/slam_toolbox/slam_toolbox/srv/detail/toggle_interactive__struct.h
-- Up-to-date symlink: /SLAM/ros_ws/install/slam_toolbox/include/slam_toolbox/slam_toolbox/srv/detail/toggle_interactive__type_support.h
-- Up-to-date symlink: /SLAM/ros_ws/install/slam_toolbox/include/slam_toolbox/slam_toolbox/srv/loop_closure.h
-- Up-to-date symlink: /SLAM/ros_ws/install/slam_toolbox/include/slam_toolbox/slam_toolbox/srv/merge_maps.h
-- Up-to-date symlink: /SLAM/ros_ws/install/slam_toolbox/include/slam_toolbox/slam_toolbox/srv/pause.h
-- Up-to-date symlink: /SLAM/ros_ws/install/slam_toolbox/include/slam_toolbox/slam_toolbox/srv/save_map.h
-- Up-to-date symlink: /SLAM/ros_ws/install/slam_toolbox/include/slam_toolbox/slam_toolbox/srv/serialize_pose_graph.h
-- Up-to-date symlink: /SLAM/ros_ws/install/slam_toolbox/include/slam_toolbox/slam_toolbox/srv/toggle_interactive.h
-- Up-to-date symlink: /SLAM/ros_ws/install/slam_toolbox/share/slam_toolbox/environment/library_path.sh
-- Up-to-date symlink: /SLAM/ros_ws/install/slam_toolbox/share/slam_toolbox/environment/library_path.dsv
-- Up-to-date symlink: /SLAM/ros_ws/install/slam_toolbox/include/slam_toolbox/slam_toolbox/msg/rosidl_typesupport_fastrtps_c__visibility_control.h
-- Up-to-date symlink: /SLAM/ros_ws/install/slam_toolbox/include/slam_toolbox/slam_toolbox/srv/detail/add_submap__rosidl_typesupport_fastrtps_c.h
-- Up-to-date symlink: /SLAM/ros_ws/install/slam_toolbox/include/slam_toolbox/slam_toolbox/srv/detail/clear__rosidl_typesupport_fastrtps_c.h
-- Up-to-date symlink: /SLAM/ros_ws/install/slam_toolbox/include/slam_toolbox/slam_toolbox/srv/detail/clear_queue__rosidl_typesupport_fastrtps_c.h
-- Up-to-date symlink: /SLAM/ros_ws/install/slam_toolbox/include/slam_toolbox/slam_toolbox/srv/detail/deserialize_pose_graph__rosidl_typesupport_fastrtps_c.h
-- Up-to-date symlink: /SLAM/ros_ws/install/slam_toolbox/include/slam_toolbox/slam_toolbox/srv/detail/loop_closure__rosidl_typesupport_fastrtps_c.h
-- Up-to-date symlink: /SLAM/ros_ws/install/slam_toolbox/include/slam_toolbox/slam_toolbox/srv/detail/merge_maps__rosidl_typesupport_fastrtps_c.h
-- Up-to-date symlink: /SLAM/ros_ws/install/slam_toolbox/include/slam_toolbox/slam_toolbox/srv/detail/pause__rosidl_typesupport_fastrtps_c.h
-- Up-to-date symlink: /SLAM/ros_ws/install/slam_toolbox/include/slam_toolbox/slam_toolbox/srv/detail/save_map__rosidl_typesupport_fastrtps_c.h
-- Up-to-date symlink: /SLAM/ros_ws/install/slam_toolbox/include/slam_toolbox/slam_toolbox/srv/detail/serialize_pose_graph__rosidl_typesupport_fastrtps_c.h
-- Up-to-date symlink: /SLAM/ros_ws/install/slam_toolbox/include/slam_toolbox/slam_toolbox/srv/detail/toggle_interactive__rosidl_typesupport_fastrtps_c.h
-- Up-to-date symlink: /SLAM/ros_ws/install/slam_toolbox/include/slam_toolbox/slam_toolbox/srv/add_submap.hpp
-- Up-to-date symlink: /SLAM/ros_ws/install/slam_toolbox/include/slam_toolbox/slam_toolbox/srv/clear.hpp
-- Up-to-date symlink: /SLAM/ros_ws/install/slam_toolbox/include/slam_toolbox/slam_toolbox/srv/clear_queue.hpp
-- Up-to-date symlink: /SLAM/ros_ws/install/slam_toolbox/include/slam_toolbox/slam_toolbox/srv/deserialize_pose_graph.hpp
-- Up-to-date symlink: /SLAM/ros_ws/install/slam_toolbox/include/slam_toolbox/slam_toolbox/srv/detail/add_submap__builder.hpp
-- Up-to-date symlink: /SLAM/ros_ws/install/slam_toolbox/include/slam_toolbox/slam_toolbox/srv/detail/add_submap__struct.hpp
-- Up-to-date symlink: /SLAM/ros_ws/install/slam_toolbox/include/slam_toolbox/slam_toolbox/srv/detail/add_submap__traits.hpp
-- Up-to-date symlink: /SLAM/ros_ws/install/slam_toolbox/include/slam_toolbox/slam_toolbox/srv/detail/clear__builder.hpp
-- Up-to-date symlink: /SLAM/ros_ws/install/slam_toolbox/include/slam_toolbox/slam_toolbox/srv/detail/clear__struct.hpp
-- Up-to-date symlink: /SLAM/ros_ws/install/slam_toolbox/include/slam_toolbox/slam_toolbox/srv/detail/clear__traits.hpp
-- Up-to-date symlink: /SLAM/ros_ws/install/slam_toolbox/include/slam_toolbox/slam_toolbox/srv/detail/clear_queue__builder.hpp
-- Up-to-date symlink: /SLAM/ros_ws/install/slam_toolbox/include/slam_toolbox/slam_toolbox/srv/detail/clear_queue__struct.hpp
-- Up-to-date symlink: /SLAM/ros_ws/install/slam_toolbox/include/slam_toolbox/slam_toolbox/srv/detail/clear_queue__traits.hpp
-- Up-to-date symlink: /SLAM/ros_ws/install/slam_toolbox/include/slam_toolbox/slam_toolbox/srv/detail/deserialize_pose_graph__builder.hpp
-- Up-to-date symlink: /SLAM/ros_ws/install/slam_toolbox/include/slam_toolbox/slam_toolbox/srv/detail/deserialize_pose_graph__struct.hpp
-- Up-to-date symlink: /SLAM/ros_ws/install/slam_toolbox/include/slam_toolbox/slam_toolbox/srv/detail/deserialize_pose_graph__traits.hpp
-- Up-to-date symlink: /SLAM/ros_ws/install/slam_toolbox/include/slam_toolbox/slam_toolbox/srv/detail/loop_closure__builder.hpp
-- Up-to-date symlink: /SLAM/ros_ws/install/slam_toolbox/include/slam_toolbox/slam_toolbox/srv/detail/loop_closure__struct.hpp
-- Up-to-date symlink: /SLAM/ros_ws/install/slam_toolbox/include/slam_toolbox/slam_toolbox/srv/detail/loop_closure__traits.hpp
-- Up-to-date symlink: /SLAM/ros_ws/install/slam_toolbox/include/slam_toolbox/slam_toolbox/srv/detail/merge_maps__builder.hpp
-- Up-to-date symlink: /SLAM/ros_ws/install/slam_toolbox/include/slam_toolbox/slam_toolbox/srv/detail/merge_maps__struct.hpp
-- Up-to-date symlink: /SLAM/ros_ws/install/slam_toolbox/include/slam_toolbox/slam_toolbox/srv/detail/merge_maps__traits.hpp
-- Up-to-date symlink: /SLAM/ros_ws/install/slam_toolbox/include/slam_toolbox/slam_toolbox/srv/detail/pause__builder.hpp
-- Up-to-date symlink: /SLAM/ros_ws/install/slam_toolbox/include/slam_toolbox/slam_toolbox/srv/detail/pause__struct.hpp
-- Up-to-date symlink: /SLAM/ros_ws/install/slam_toolbox/include/slam_toolbox/slam_toolbox/srv/detail/pause__traits.hpp
-- Up-to-date symlink: /SLAM/ros_ws/install/slam_toolbox/include/slam_toolbox/slam_toolbox/srv/detail/save_map__builder.hpp
-- Up-to-date symlink: /SLAM/ros_ws/install/slam_toolbox/include/slam_toolbox/slam_toolbox/srv/detail/save_map__struct.hpp
-- Up-to-date symlink: /SLAM/ros_ws/install/slam_toolbox/include/slam_toolbox/slam_toolbox/srv/detail/save_map__traits.hpp
-- Up-to-date symlink: /SLAM/ros_ws/install/slam_toolbox/include/slam_toolbox/slam_toolbox/srv/detail/serialize_pose_graph__builder.hpp
-- Up-to-date symlink: /SLAM/ros_ws/install/slam_toolbox/include/slam_toolbox/slam_toolbox/srv/detail/serialize_pose_graph__struct.hpp
-- Up-to-date symlink: /SLAM/ros_ws/install/slam_toolbox/include/slam_toolbox/slam_toolbox/srv/detail/serialize_pose_graph__traits.hpp
-- Up-to-date symlink: /SLAM/ros_ws/install/slam_toolbox/include/slam_toolbox/slam_toolbox/srv/detail/toggle_interactive__builder.hpp
-- Up-to-date symlink: /SLAM/ros_ws/install/slam_toolbox/include/slam_toolbox/slam_toolbox/srv/detail/toggle_interactive__struct.hpp
-- Up-to-date symlink: /SLAM/ros_ws/install/slam_toolbox/include/slam_toolbox/slam_toolbox/srv/detail/toggle_interactive__traits.hpp
-- Up-to-date symlink: /SLAM/ros_ws/install/slam_toolbox/include/slam_toolbox/slam_toolbox/srv/loop_closure.hpp
-- Up-to-date symlink: /SLAM/ros_ws/install/slam_toolbox/include/slam_toolbox/slam_toolbox/srv/merge_maps.hpp
-- Up-to-date symlink: /SLAM/ros_ws/install/slam_toolbox/include/slam_toolbox/slam_toolbox/srv/pause.hpp
-- Up-to-date symlink: /SLAM/ros_ws/install/slam_toolbox/include/slam_toolbox/slam_toolbox/srv/save_map.hpp
-- Up-to-date symlink: /SLAM/ros_ws/install/slam_toolbox/include/slam_toolbox/slam_toolbox/srv/serialize_pose_graph.hpp
-- Up-to-date symlink: /SLAM/ros_ws/install/slam_toolbox/include/slam_toolbox/slam_toolbox/srv/toggle_interactive.hpp
-- Up-to-date symlink: /SLAM/ros_ws/install/slam_toolbox/include/slam_toolbox/slam_toolbox/msg/rosidl_typesupport_fastrtps_cpp__visibility_control.h
-- Up-to-date symlink: /SLAM/ros_ws/install/slam_toolbox/include/slam_toolbox/slam_toolbox/srv/detail/add_submap__rosidl_typesupport_fastrtps_cpp.hpp
-- Up-to-date symlink: /SLAM/ros_ws/install/slam_toolbox/include/slam_toolbox/slam_toolbox/srv/detail/clear__rosidl_typesupport_fastrtps_cpp.hpp
-- Up-to-date symlink: /SLAM/ros_ws/install/slam_toolbox/include/slam_toolbox/slam_toolbox/srv/detail/clear_queue__rosidl_typesupport_fastrtps_cpp.hpp
-- Up-to-date symlink: /SLAM/ros_ws/install/slam_toolbox/include/slam_toolbox/slam_toolbox/srv/detail/deserialize_pose_graph__rosidl_typesupport_fastrtps_cpp.hpp
-- Up-to-date symlink: /SLAM/ros_ws/install/slam_toolbox/include/slam_toolbox/slam_toolbox/srv/detail/loop_closure__rosidl_typesupport_fastrtps_cpp.hpp
-- Up-to-date symlink: /SLAM/ros_ws/install/slam_toolbox/include/slam_toolbox/slam_toolbox/srv/detail/merge_maps__rosidl_typesupport_fastrtps_cpp.hpp
-- Up-to-date symlink: /SLAM/ros_ws/install/slam_toolbox/include/slam_toolbox/slam_toolbox/srv/detail/pause__rosidl_typesupport_fastrtps_cpp.hpp
-- Up-to-date symlink: /SLAM/ros_ws/install/slam_toolbox/include/slam_toolbox/slam_toolbox/srv/detail/save_map__rosidl_typesupport_fastrtps_cpp.hpp
-- Up-to-date symlink: /SLAM/ros_ws/install/slam_toolbox/include/slam_toolbox/slam_toolbox/srv/detail/serialize_pose_graph__rosidl_typesupport_fastrtps_cpp.hpp
-- Up-to-date symlink: /SLAM/ros_ws/install/slam_toolbox/include/slam_toolbox/slam_toolbox/srv/detail/toggle_interactive__rosidl_typesupport_fastrtps_cpp.hpp
-- Up-to-date symlink: /SLAM/ros_ws/install/slam_toolbox/include/slam_toolbox/slam_toolbox/msg/rosidl_typesupport_introspection_c__visibility_control.h
-- Up-to-date symlink: /SLAM/ros_ws/install/slam_toolbox/include/slam_toolbox/slam_toolbox/srv/detail/add_submap__rosidl_typesupport_introspection_c.h
-- Up-to-date symlink: /SLAM/ros_ws/install/slam_toolbox/include/slam_toolbox/slam_toolbox/srv/detail/clear__rosidl_typesupport_introspection_c.h
-- Up-to-date symlink: /SLAM/ros_ws/install/slam_toolbox/include/slam_toolbox/slam_toolbox/srv/detail/clear_queue__rosidl_typesupport_introspection_c.h
-- Up-to-date symlink: /SLAM/ros_ws/install/slam_toolbox/include/slam_toolbox/slam_toolbox/srv/detail/deserialize_pose_graph__rosidl_typesupport_introspection_c.h
-- Up-to-date symlink: /SLAM/ros_ws/install/slam_toolbox/include/slam_toolbox/slam_toolbox/srv/detail/loop_closure__rosidl_typesupport_introspection_c.h
-- Up-to-date symlink: /SLAM/ros_ws/install/slam_toolbox/include/slam_toolbox/slam_toolbox/srv/detail/merge_maps__rosidl_typesupport_introspection_c.h
-- Up-to-date symlink: /SLAM/ros_ws/install/slam_toolbox/include/slam_toolbox/slam_toolbox/srv/detail/pause__rosidl_typesupport_introspection_c.h
-- Up-to-date symlink: /SLAM/ros_ws/install/slam_toolbox/include/slam_toolbox/slam_toolbox/srv/detail/save_map__rosidl_typesupport_introspection_c.h
-- Up-to-date symlink: /SLAM/ros_ws/install/slam_toolbox/include/slam_toolbox/slam_toolbox/srv/detail/serialize_pose_graph__rosidl_typesupport_introspection_c.h
-- Up-to-date symlink: /SLAM/ros_ws/install/slam_toolbox/include/slam_toolbox/slam_toolbox/srv/detail/toggle_interactive__rosidl_typesupport_introspection_c.h
-- Up-to-date symlink: /SLAM/ros_ws/install/slam_toolbox/include/slam_toolbox/slam_toolbox/srv/detail/add_submap__rosidl_typesupport_introspection_cpp.hpp
-- Up-to-date symlink: /SLAM/ros_ws/install/slam_toolbox/include/slam_toolbox/slam_toolbox/srv/detail/clear__rosidl_typesupport_introspection_cpp.hpp
-- Up-to-date symlink: /SLAM/ros_ws/install/slam_toolbox/include/slam_toolbox/slam_toolbox/srv/detail/clear_queue__rosidl_typesupport_introspection_cpp.hpp
-- Up-to-date symlink: /SLAM/ros_ws/install/slam_toolbox/include/slam_toolbox/slam_toolbox/srv/detail/deserialize_pose_graph__rosidl_typesupport_introspection_cpp.hpp
-- Up-to-date symlink: /SLAM/ros_ws/install/slam_toolbox/include/slam_toolbox/slam_toolbox/srv/detail/loop_closure__rosidl_typesupport_introspection_cpp.hpp
-- Up-to-date symlink: /SLAM/ros_ws/install/slam_toolbox/include/slam_toolbox/slam_toolbox/srv/detail/merge_maps__rosidl_typesupport_introspection_cpp.hpp
-- Up-to-date symlink: /SLAM/ros_ws/install/slam_toolbox/include/slam_toolbox/slam_toolbox/srv/detail/pause__rosidl_typesupport_introspection_cpp.hpp
-- Up-to-date symlink: /SLAM/ros_ws/install/slam_toolbox/include/slam_toolbox/slam_toolbox/srv/detail/save_map__rosidl_typesupport_introspection_cpp.hpp
-- Up-to-date symlink: /SLAM/ros_ws/install/slam_toolbox/include/slam_toolbox/slam_toolbox/srv/detail/serialize_pose_graph__rosidl_typesupport_introspection_cpp.hpp
-- Up-to-date symlink: /SLAM/ros_ws/install/slam_toolbox/include/slam_toolbox/slam_toolbox/srv/detail/toggle_interactive__rosidl_typesupport_introspection_cpp.hpp
-- Up-to-date symlink: /SLAM/ros_ws/install/slam_toolbox/share/slam_toolbox/environment/pythonpath.sh
-- Up-to-date symlink: /SLAM/ros_ws/install/slam_toolbox/share/slam_toolbox/environment/pythonpath.dsv
-- Up-to-date symlink: /SLAM/ros_ws/install/slam_toolbox/local/lib/python3.10/dist-packages/slam_toolbox-2.7.0-py3.10.egg-info/PKG-INFO
-- Up-to-date symlink: /SLAM/ros_ws/install/slam_toolbox/local/lib/python3.10/dist-packages/slam_toolbox-2.7.0-py3.10.egg-info/SOURCES.txt
-- Up-to-date symlink: /SLAM/ros_ws/install/slam_toolbox/local/lib/python3.10/dist-packages/slam_toolbox-2.7.0-py3.10.egg-info/dependency_links.txt
-- Up-to-date symlink: /SLAM/ros_ws/install/slam_toolbox/local/lib/python3.10/dist-packages/slam_toolbox-2.7.0-py3.10.egg-info/top_level.txt
-- Up-to-date symlink: /SLAM/ros_ws/install/slam_toolbox/local/lib/python3.10/dist-packages/slam_toolbox/__init__.py
-- Up-to-date symlink: /SLAM/ros_ws/install/slam_toolbox/local/lib/python3.10/dist-packages/slam_toolbox/_slam_toolbox_s.ep.rosidl_typesupport_c.c
-- Up-to-date symlink: /SLAM/ros_ws/install/slam_toolbox/local/lib/python3.10/dist-packages/slam_toolbox/_slam_toolbox_s.ep.rosidl_typesupport_fastrtps_c.c
-- Up-to-date symlink: /SLAM/ros_ws/install/slam_toolbox/local/lib/python3.10/dist-packages/slam_toolbox/_slam_toolbox_s.ep.rosidl_typesupport_introspection_c.c
-- Up-to-date symlink: /SLAM/ros_ws/install/slam_toolbox/local/lib/python3.10/dist-packages/slam_toolbox/libslam_toolbox__rosidl_generator_py.so
-- Up-to-date symlink: /SLAM/ros_ws/install/slam_toolbox/local/lib/python3.10/dist-packages/slam_toolbox/slam_toolbox_s__rosidl_typesupport_c.cpython-310-x86_64-linux-gnu.so
-- Up-to-date symlink: /SLAM/ros_ws/install/slam_toolbox/local/lib/python3.10/dist-packages/slam_toolbox/slam_toolbox_s__rosidl_typesupport_fastrtps_c.cpython-310-x86_64-linux-gnu.so
-- Up-to-date symlink: /SLAM/ros_ws/install/slam_toolbox/local/lib/python3.10/dist-packages/slam_toolbox/slam_toolbox_s__rosidl_typesupport_introspection_c.cpython-310-x86_64-linux-gnu.so
-- Up-to-date symlink: /SLAM/ros_ws/install/slam_toolbox/local/lib/python3.10/dist-packages/slam_toolbox/srv/__init__.py
-- Up-to-date symlink: /SLAM/ros_ws/install/slam_toolbox/local/lib/python3.10/dist-packages/slam_toolbox/srv/_add_submap.py
-- Up-to-date symlink: /SLAM/ros_ws/install/slam_toolbox/local/lib/python3.10/dist-packages/slam_toolbox/srv/_add_submap_s.c
-- Up-to-date symlink: /SLAM/ros_ws/install/slam_toolbox/local/lib/python3.10/dist-packages/slam_toolbox/srv/_clear.py
-- Up-to-date symlink: /SLAM/ros_ws/install/slam_toolbox/local/lib/python3.10/dist-packages/slam_toolbox/srv/_clear_queue.py
-- Up-to-date symlink: /SLAM/ros_ws/install/slam_toolbox/local/lib/python3.10/dist-packages/slam_toolbox/srv/_clear_queue_s.c
-- Up-to-date symlink: /SLAM/ros_ws/install/slam_toolbox/local/lib/python3.10/dist-packages/slam_toolbox/srv/_clear_s.c
-- Up-to-date symlink: /SLAM/ros_ws/install/slam_toolbox/local/lib/python3.10/dist-packages/slam_toolbox/srv/_deserialize_pose_graph.py
-- Up-to-date symlink: /SLAM/ros_ws/install/slam_toolbox/local/lib/python3.10/dist-packages/slam_toolbox/srv/_deserialize_pose_graph_s.c
-- Up-to-date symlink: /SLAM/ros_ws/install/slam_toolbox/local/lib/python3.10/dist-packages/slam_toolbox/srv/_loop_closure.py
-- Up-to-date symlink: /SLAM/ros_ws/install/slam_toolbox/local/lib/python3.10/dist-packages/slam_toolbox/srv/_loop_closure_s.c
-- Up-to-date symlink: /SLAM/ros_ws/install/slam_toolbox/local/lib/python3.10/dist-packages/slam_toolbox/srv/_merge_maps.py
-- Up-to-date symlink: /SLAM/ros_ws/install/slam_toolbox/local/lib/python3.10/dist-packages/slam_toolbox/srv/_merge_maps_s.c
-- Up-to-date symlink: /SLAM/ros_ws/install/slam_toolbox/local/lib/python3.10/dist-packages/slam_toolbox/srv/_pause.py
-- Up-to-date symlink: /SLAM/ros_ws/install/slam_toolbox/local/lib/python3.10/dist-packages/slam_toolbox/srv/_pause_s.c
-- Up-to-date symlink: /SLAM/ros_ws/install/slam_toolbox/local/lib/python3.10/dist-packages/slam_toolbox/srv/_save_map.py
-- Up-to-date symlink: /SLAM/ros_ws/install/slam_toolbox/local/lib/python3.10/dist-packages/slam_toolbox/srv/_save_map_s.c
-- Up-to-date symlink: /SLAM/ros_ws/install/slam_toolbox/local/lib/python3.10/dist-packages/slam_toolbox/srv/_serialize_pose_graph.py
-- Up-to-date symlink: /SLAM/ros_ws/install/slam_toolbox/local/lib/python3.10/dist-packages/slam_toolbox/srv/_serialize_pose_graph_s.c
-- Up-to-date symlink: /SLAM/ros_ws/install/slam_toolbox/local/lib/python3.10/dist-packages/slam_toolbox/srv/_toggle_interactive.py
-- Up-to-date symlink: /SLAM/ros_ws/install/slam_toolbox/local/lib/python3.10/dist-packages/slam_toolbox/srv/_toggle_interactive_s.c
-- Up-to-date symlink: /SLAM/ros_ws/install/slam_toolbox/local/lib/python3.10/dist-packages/slam_toolbox/slam_toolbox_s__rosidl_typesupport_fastrtps_c.cpython-310-x86_64-linux-gnu.so
-- Up-to-date symlink: /SLAM/ros_ws/install/slam_toolbox/local/lib/python3.10/dist-packages/slam_toolbox/slam_toolbox_s__rosidl_typesupport_introspection_c.cpython-310-x86_64-linux-gnu.so
-- Up-to-date symlink: /SLAM/ros_ws/install/slam_toolbox/local/lib/python3.10/dist-packages/slam_toolbox/slam_toolbox_s__rosidl_typesupport_c.cpython-310-x86_64-linux-gnu.so
-- Up-to-date symlink: /SLAM/ros_ws/install/slam_toolbox/share/slam_toolbox/srv/Pause.idl
-- Up-to-date symlink: /SLAM/ros_ws/install/slam_toolbox/share/slam_toolbox/srv/ClearQueue.idl
-- Up-to-date symlink: /SLAM/ros_ws/install/slam_toolbox/share/slam_toolbox/srv/ToggleInteractive.idl
-- Up-to-date symlink: /SLAM/ros_ws/install/slam_toolbox/share/slam_toolbox/srv/Clear.idl
-- Up-to-date symlink: /SLAM/ros_ws/install/slam_toolbox/share/slam_toolbox/srv/SaveMap.idl
-- Up-to-date symlink: /SLAM/ros_ws/install/slam_toolbox/share/slam_toolbox/srv/LoopClosure.idl
-- Up-to-date symlink: /SLAM/ros_ws/install/slam_toolbox/share/slam_toolbox/srv/MergeMaps.idl
-- Up-to-date symlink: /SLAM/ros_ws/install/slam_toolbox/share/slam_toolbox/srv/AddSubmap.idl
-- Up-to-date symlink: /SLAM/ros_ws/install/slam_toolbox/share/slam_toolbox/srv/DeserializePoseGraph.idl
-- Up-to-date symlink: /SLAM/ros_ws/install/slam_toolbox/share/slam_toolbox/srv/SerializePoseGraph.idl
-- Up-to-date symlink: /SLAM/ros_ws/install/slam_toolbox/share/slam_toolbox/srvs/Pause.srv
-- Up-to-date symlink: /SLAM/ros_ws/install/slam_toolbox/share/slam_toolbox/srvs/Pause_Request.msg
-- Up-to-date symlink: /SLAM/ros_ws/install/slam_toolbox/share/slam_toolbox/srvs/Pause_Response.msg
-- Up-to-date symlink: /SLAM/ros_ws/install/slam_toolbox/share/slam_toolbox/srvs/ClearQueue.srv
-- Up-to-date symlink: /SLAM/ros_ws/install/slam_toolbox/share/slam_toolbox/srvs/ClearQueue_Request.msg
-- Up-to-date symlink: /SLAM/ros_ws/install/slam_toolbox/share/slam_toolbox/srvs/ClearQueue_Response.msg
-- Up-to-date symlink: /SLAM/ros_ws/install/slam_toolbox/share/slam_toolbox/srvs/ToggleInteractive.srv
-- Up-to-date symlink: /SLAM/ros_ws/install/slam_toolbox/share/slam_toolbox/srvs/ToggleInteractive_Request.msg
-- Up-to-date symlink: /SLAM/ros_ws/install/slam_toolbox/share/slam_toolbox/srvs/ToggleInteractive_Response.msg
-- Up-to-date symlink: /SLAM/ros_ws/install/slam_toolbox/share/slam_toolbox/srvs/Clear.srv
-- Up-to-date symlink: /SLAM/ros_ws/install/slam_toolbox/share/slam_toolbox/srvs/Clear_Request.msg
-- Up-to-date symlink: /SLAM/ros_ws/install/slam_toolbox/share/slam_toolbox/srvs/Clear_Response.msg
-- Up-to-date symlink: /SLAM/ros_ws/install/slam_toolbox/share/slam_toolbox/srvs/SaveMap.srv
-- Up-to-date symlink: /SLAM/ros_ws/install/slam_toolbox/share/slam_toolbox/srvs/SaveMap_Request.msg
-- Up-to-date symlink: /SLAM/ros_ws/install/slam_toolbox/share/slam_toolbox/srvs/SaveMap_Response.msg
-- Up-to-date symlink: /SLAM/ros_ws/install/slam_toolbox/share/slam_toolbox/srvs/LoopClosure.srv
-- Up-to-date symlink: /SLAM/ros_ws/install/slam_toolbox/share/slam_toolbox/srvs/LoopClosure_Request.msg
-- Up-to-date symlink: /SLAM/ros_ws/install/slam_toolbox/share/slam_toolbox/srvs/LoopClosure_Response.msg
-- Up-to-date symlink: /SLAM/ros_ws/install/slam_toolbox/share/slam_toolbox/srvs/MergeMaps.srv
-- Up-to-date symlink: /SLAM/ros_ws/install/slam_toolbox/share/slam_toolbox/srvs/MergeMaps_Request.msg
-- Up-to-date symlink: /SLAM/ros_ws/install/slam_toolbox/share/slam_toolbox/srvs/MergeMaps_Response.msg
-- Up-to-date symlink: /SLAM/ros_ws/install/slam_toolbox/share/slam_toolbox/srvs/AddSubmap.srv
-- Up-to-date symlink: /SLAM/ros_ws/install/slam_toolbox/share/slam_toolbox/srvs/AddSubmap_Request.msg
-- Up-to-date symlink: /SLAM/ros_ws/install/slam_toolbox/share/slam_toolbox/srvs/AddSubmap_Response.msg
-- Up-to-date symlink: /SLAM/ros_ws/install/slam_toolbox/share/slam_toolbox/srvs/DeserializePoseGraph.srv
-- Up-to-date symlink: /SLAM/ros_ws/install/slam_toolbox/share/slam_toolbox/srvs/DeserializePoseGraph_Request.msg
-- Up-to-date symlink: /SLAM/ros_ws/install/slam_toolbox/share/slam_toolbox/srvs/DeserializePoseGraph_Response.msg
-- Up-to-date symlink: /SLAM/ros_ws/install/slam_toolbox/share/slam_toolbox/srvs/SerializePoseGraph.srv
-- Up-to-date symlink: /SLAM/ros_ws/install/slam_toolbox/share/slam_toolbox/srvs/SerializePoseGraph_Request.msg
-- Up-to-date symlink: /SLAM/ros_ws/install/slam_toolbox/share/slam_toolbox/srvs/SerializePoseGraph_Response.msg
-- Up-to-date symlink: /SLAM/ros_ws/install/slam_toolbox/share/slam_toolbox//rviz_plugins.xml
-- Up-to-date symlink: /SLAM/ros_ws/install/slam_toolbox/share/slam_toolbox//solver_plugins.xml
-- Up-to-date symlink: /SLAM/ros_ws/install/slam_toolbox/lib/slam_toolbox/async_slam_toolbox_node
-- Up-to-date symlink: /SLAM/ros_ws/install/slam_toolbox/lib/slam_toolbox/sync_slam_toolbox_node
-- Up-to-date symlink: /SLAM/ros_ws/install/slam_toolbox/lib/slam_toolbox/localization_slam_toolbox_node
-- Up-to-date symlink: /SLAM/ros_ws/install/slam_toolbox/lib/slam_toolbox/map_and_localization_slam_toolbox_node
-- Up-to-date symlink: /SLAM/ros_ws/install/slam_toolbox/lib/slam_toolbox/lifelong_slam_toolbox_node
-- Up-to-date symlink: /SLAM/ros_ws/install/slam_toolbox/lib/slam_toolbox/merge_maps_kinematic
-- Up-to-date symlink: /SLAM/ros_ws/install/slam_toolbox/lib/libtoolbox_common.so
-- Up-to-date symlink: /SLAM/ros_ws/install/slam_toolbox/lib/libSlamToolboxPlugin.so
-- Up-to-date symlink: /SLAM/ros_ws/install/slam_toolbox/lib/libceres_solver_plugin.so
-- Up-to-date symlink: /SLAM/ros_ws/install/slam_toolbox/lib/libasync_slam_toolbox.so
-- Up-to-date symlink: /SLAM/ros_ws/install/slam_toolbox/lib/libsync_slam_toolbox.so
-- Up-to-date symlink: /SLAM/ros_ws/install/slam_toolbox/lib/liblocalization_slam_toolbox.so
-- Up-to-date symlink: /SLAM/ros_ws/install/slam_toolbox/lib/liblifelong_slam_toolbox.so
-- Up-to-date symlink: /SLAM/ros_ws/install/slam_toolbox/lib/libmap_and_localization_slam_toolbox.so
-- Up-to-date symlink: /SLAM/ros_ws/install/slam_toolbox/lib/libkartoSlamToolbox.so
-- Up-to-date symlink: /SLAM/ros_ws/install/slam_toolbox/include/slam_toolbox/experimental/slam_toolbox_lifelong.hpp
-- Up-to-date symlink: /SLAM/ros_ws/install/slam_toolbox/include/slam_toolbox/experimental/slam_toolbox_map_and_localization.hpp
-- Up-to-date symlink: /SLAM/ros_ws/install/slam_toolbox/include/slam_toolbox/get_pose_helper.hpp
-- Up-to-date symlink: /SLAM/ros_ws/install/slam_toolbox/include/slam_toolbox/laser_utils.hpp
-- Up-to-date symlink: /SLAM/ros_ws/install/slam_toolbox/include/slam_toolbox/loop_closure_assistant.hpp
-- Up-to-date symlink: /SLAM/ros_ws/install/slam_toolbox/include/slam_toolbox/map_saver.hpp
-- Up-to-date symlink: /SLAM/ros_ws/install/slam_toolbox/include/slam_toolbox/merge_maps_kinematic.hpp
-- Up-to-date symlink: /SLAM/ros_ws/install/slam_toolbox/include/slam_toolbox/serialization.hpp
-- Up-to-date symlink: /SLAM/ros_ws/install/slam_toolbox/include/slam_toolbox/slam_mapper.hpp
-- Up-to-date symlink: /SLAM/ros_ws/install/slam_toolbox/include/slam_toolbox/slam_toolbox_async.hpp
-- Up-to-date symlink: /SLAM/ros_ws/install/slam_toolbox/include/slam_toolbox/slam_toolbox_common.hpp
-- Up-to-date symlink: /SLAM/ros_ws/install/slam_toolbox/include/slam_toolbox/slam_toolbox_localization.hpp
-- Up-to-date symlink: /SLAM/ros_ws/install/slam_toolbox/include/slam_toolbox/slam_toolbox_sync.hpp
-- Up-to-date symlink: /SLAM/ros_ws/install/slam_toolbox/include/slam_toolbox/snap_utils.hpp
-- Up-to-date symlink: /SLAM/ros_ws/install/slam_toolbox/include/slam_toolbox/toolbox_msgs.hpp
-- Up-to-date symlink: /SLAM/ros_ws/install/slam_toolbox/include/slam_toolbox/toolbox_types.hpp
-- Up-to-date symlink: /SLAM/ros_ws/install/slam_toolbox/include/slam_toolbox/visualization_utils.hpp
-- Up-to-date symlink: /SLAM/ros_ws/install/slam_toolbox/share/slam_toolbox/launch/localization_launch.py
-- Up-to-date symlink: /SLAM/ros_ws/install/slam_toolbox/share/slam_toolbox/launch/merge_maps_kinematic_launch.py
-- Up-to-date symlink: /SLAM/ros_ws/install/slam_toolbox/share/slam_toolbox/launch/offline_launch.py
-- Up-to-date symlink: /SLAM/ros_ws/install/slam_toolbox/share/slam_toolbox/launch/online_async_launch.py
-- Up-to-date symlink: /SLAM/ros_ws/install/slam_toolbox/share/slam_toolbox/launch/online_sync_launch.py
-- Up-to-date symlink: /SLAM/ros_ws/install/slam_toolbox/share/slam_toolbox/config/mapper_params_lifelong.yaml
-- Up-to-date symlink: /SLAM/ros_ws/install/slam_toolbox/share/slam_toolbox/config/mapper_params_localization.yaml
-- Up-to-date symlink: /SLAM/ros_ws/install/slam_toolbox/share/slam_toolbox/config/mapper_params_offline.yaml
-- Up-to-date symlink: /SLAM/ros_ws/install/slam_toolbox/share/slam_toolbox/config/mapper_params_online_async.yaml
-- Up-to-date symlink: /SLAM/ros_ws/install/slam_toolbox/share/slam_toolbox/config/mapper_params_online_sync.yaml
-- Up-to-date symlink: /SLAM/ros_ws/install/slam_toolbox/share/slam_toolbox/config/slam_toolbox_default.rviz
-- Up-to-date symlink: /SLAM/ros_ws/install/slam_toolbox/share/solver_plugins.xml
-- Up-to-date symlink: /SLAM/ros_ws/install/slam_toolbox/share/rviz_plugins.xml
-- Up-to-date symlink: /SLAM/ros_ws/install/slam_toolbox/share/ament_index/resource_index/package_run_dependencies/slam_toolbox
-- Up-to-date symlink: /SLAM/ros_ws/install/slam_toolbox/share/ament_index/resource_index/parent_prefix_path/slam_toolbox
-- Up-to-date symlink: /SLAM/ros_ws/install/slam_toolbox/share/slam_toolbox/environment/ament_prefix_path.sh
-- Up-to-date symlink: /SLAM/ros_ws/install/slam_toolbox/share/slam_toolbox/environment/ament_prefix_path.dsv
-- Up-to-date symlink: /SLAM/ros_ws/install/slam_toolbox/share/slam_toolbox/environment/path.sh
-- Up-to-date symlink: /SLAM/ros_ws/install/slam_toolbox/share/slam_toolbox/environment/path.dsv
-- Up-to-date symlink: /SLAM/ros_ws/install/slam_toolbox/share/slam_toolbox/local_setup.bash
-- Up-to-date symlink: /SLAM/ros_ws/install/slam_toolbox/share/slam_toolbox/local_setup.sh
-- Up-to-date symlink: /SLAM/ros_ws/install/slam_toolbox/share/slam_toolbox/local_setup.zsh
-- Up-to-date symlink: /SLAM/ros_ws/install/slam_toolbox/share/slam_toolbox/local_setup.dsv
-- Symlinking: /SLAM/ros_ws/install/slam_toolbox/share/slam_toolbox/package.dsv
-- Up-to-date symlink: /SLAM/ros_ws/install/slam_toolbox/share/ament_index/resource_index/packages/slam_toolbox
-- Up-to-date symlink: /SLAM/ros_ws/install/slam_toolbox/share/ament_index/resource_index/rviz_common__pluginlib__plugin/slam_toolbox
-- Up-to-date symlink: /SLAM/ros_ws/install/slam_toolbox/share/ament_index/resource_index/slam_toolbox__pluginlib__plugin/slam_toolbox
-- Up-to-date symlink: /SLAM/ros_ws/install/slam_toolbox/share/ament_index/resource_index/rclcpp_components/slam_toolbox
-- Up-to-date symlink: /SLAM/ros_ws/install/slam_toolbox/share/slam_toolbox/cmake/rosidl_cmake-extras.cmake
-- Up-to-date symlink: /SLAM/ros_ws/install/slam_toolbox/share/slam_toolbox/cmake/ament_cmake_export_dependencies-extras.cmake
-- Up-to-date symlink: /SLAM/ros_ws/install/slam_toolbox/share/slam_toolbox/cmake/ament_cmake_export_include_directories-extras.cmake
-- Up-to-date symlink: /SLAM/ros_ws/install/slam_toolbox/share/slam_toolbox/cmake/ament_cmake_export_libraries-extras.cmake
-- Up-to-date symlink: /SLAM/ros_ws/install/slam_toolbox/share/slam_toolbox/cmake/ament_cmake_export_targets-extras.cmake
-- Up-to-date symlink: /SLAM/ros_ws/install/slam_toolbox/share/slam_toolbox/cmake/rosidl_cmake_export_typesupport_targets-extras.cmake
-- Up-to-date symlink: /SLAM/ros_ws/install/slam_toolbox/share/slam_toolbox/cmake/rosidl_cmake_export_typesupport_libraries-extras.cmake
-- Up-to-date symlink: /SLAM/ros_ws/install/slam_toolbox/share/slam_toolbox/cmake/slam_toolboxConfig.cmake
-- Up-to-date symlink: /SLAM/ros_ws/install/slam_toolbox/share/slam_toolbox/cmake/slam_toolboxConfig-version.cmake
-- Up-to-date symlink: /SLAM/ros_ws/install/slam_toolbox/share/slam_toolbox/package.xml
-- Up-to-date: /SLAM/ros_ws/install/slam_toolbox/lib/libslam_toolbox__rosidl_generator_c.so
-- Up-to-date: /SLAM/ros_ws/install/slam_toolbox/lib/libslam_toolbox__rosidl_typesupport_fastrtps_c.so
-- Up-to-date: /SLAM/ros_ws/install/slam_toolbox/lib/libslam_toolbox__rosidl_typesupport_fastrtps_cpp.so
-- Up-to-date: /SLAM/ros_ws/install/slam_toolbox/lib/libslam_toolbox__rosidl_typesupport_introspection_c.so
-- Up-to-date: /SLAM/ros_ws/install/slam_toolbox/lib/libslam_toolbox__rosidl_typesupport_c.so
-- Up-to-date: /SLAM/ros_ws/install/slam_toolbox/lib/libslam_toolbox__rosidl_typesupport_introspection_cpp.so
-- Up-to-date: /SLAM/ros_ws/install/slam_toolbox/lib/libslam_toolbox__rosidl_typesupport_cpp.so
Listing '/SLAM/ros_ws/install/slam_toolbox/local/lib/python3.10/dist-packages/slam_toolbox'...
Compiling '/SLAM/ros_ws/install/slam_toolbox/local/lib/python3.10/dist-packages/slam_toolbox/__init__.py'...
Listing '/SLAM/ros_ws/install/slam_toolbox/local/lib/python3.10/dist-packages/slam_toolbox/srv'...
-- Up-to-date: /SLAM/ros_ws/install/slam_toolbox/lib/libslam_toolbox__rosidl_generator_py.so
-- Up-to-date: /SLAM/ros_ws/install/slam_toolbox/share/slam_toolbox/cmake/export_slam_toolbox__rosidl_generator_cExport.cmake
-- Up-to-date: /SLAM/ros_ws/install/slam_toolbox/share/slam_toolbox/cmake/export_slam_toolbox__rosidl_generator_cExport-release.cmake
-- Up-to-date: /SLAM/ros_ws/install/slam_toolbox/share/slam_toolbox/cmake/export_slam_toolbox__rosidl_typesupport_fastrtps_cExport.cmake
-- Up-to-date: /SLAM/ros_ws/install/slam_toolbox/share/slam_toolbox/cmake/export_slam_toolbox__rosidl_typesupport_fastrtps_cExport-release.cmake
-- Up-to-date: /SLAM/ros_ws/install/slam_toolbox/share/slam_toolbox/cmake/export_slam_toolbox__rosidl_generator_cppExport.cmake
-- Up-to-date: /SLAM/ros_ws/install/slam_toolbox/share/slam_toolbox/cmake/export_slam_toolbox__rosidl_typesupport_fastrtps_cppExport.cmake
-- Up-to-date: /SLAM/ros_ws/install/slam_toolbox/share/slam_toolbox/cmake/export_slam_toolbox__rosidl_typesupport_fastrtps_cppExport-release.cmake
-- Up-to-date: /SLAM/ros_ws/install/slam_toolbox/share/slam_toolbox/cmake/slam_toolbox__rosidl_typesupport_introspection_cExport.cmake
-- Up-to-date: /SLAM/ros_ws/install/slam_toolbox/share/slam_toolbox/cmake/slam_toolbox__rosidl_typesupport_introspection_cExport-release.cmake
-- Up-to-date: /SLAM/ros_ws/install/slam_toolbox/share/slam_toolbox/cmake/slam_toolbox__rosidl_typesupport_cExport.cmake
-- Up-to-date: /SLAM/ros_ws/install/slam_toolbox/share/slam_toolbox/cmake/slam_toolbox__rosidl_typesupport_cExport-release.cmake
-- Up-to-date: /SLAM/ros_ws/install/slam_toolbox/share/slam_toolbox/cmake/slam_toolbox__rosidl_typesupport_introspection_cppExport.cmake
-- Up-to-date: /SLAM/ros_ws/install/slam_toolbox/share/slam_toolbox/cmake/slam_toolbox__rosidl_typesupport_introspection_cppExport-release.cmake
-- Up-to-date: /SLAM/ros_ws/install/slam_toolbox/share/slam_toolbox/cmake/slam_toolbox__rosidl_typesupport_cppExport.cmake
-- Up-to-date: /SLAM/ros_ws/install/slam_toolbox/share/slam_toolbox/cmake/slam_toolbox__rosidl_typesupport_cppExport-release.cmake
-- Up-to-date: /SLAM/ros_ws/install/slam_toolbox/share/slam_toolbox/cmake/export_slam_toolbox__rosidl_generator_pyExport.cmake
-- Up-to-date: /SLAM/ros_ws/install/slam_toolbox/share/slam_toolbox/cmake/export_slam_toolbox__rosidl_generator_pyExport-release.cmake
-- Up-to-date: /SLAM/ros_ws/install/slam_toolbox/share/slam_toolbox/cmake/SlamToolboxPluginExport.cmake
-- Up-to-date: /SLAM/ros_ws/install/slam_toolbox/share/slam_toolbox/cmake/SlamToolboxPluginExport-release.cmake
