[0.638s] Invoking command in '/SLAM/ros_ws/build/image_rotate': CMAKE_PREFIX_PATH=${CMAKE_PREFIX_PATH}:/SLAM/ros_ws/install/camera_calibration:/opt/ros/humble /usr/bin/cmake --build /SLAM/ros_ws/build/image_rotate -- -j16 -l16
[0.677s] -- Found ament_cmake_auto: 1.3.6 (/opt/ros/humble/share/ament_cmake_auto/cmake)
[1.074s] -- Found rosidl_generator_c: 3.1.5 (/opt/ros/humble/share/rosidl_generator_c/cmake)
[1.077s] -- Found rosidl_adapter: 3.1.5 (/opt/ros/humble/share/rosidl_adapter/cmake)
[1.086s] -- Found rosidl_generator_cpp: 3.1.5 (/opt/ros/humble/share/rosidl_generator_cpp/cmake)
[1.104s] -- Using all available rosidl_typesupport_c: rosidl_typesupport_fastrtps_c;rosidl_typesupport_introspection_c
[1.126s] -- Using all available rosidl_typesupport_cpp: rosidl_typesupport_fastrtps_cpp;rosidl_typesupport_introspection_cpp
[1.560s] -- Found rmw_implementation_cmake: 6.1.1 (/opt/ros/humble/share/rmw_implementation_cmake/cmake)
[1.563s] -- Found rmw_fastrtps_cpp: 6.2.5 (/opt/ros/humble/share/rmw_fastrtps_cpp/cmake)
[1.800s] -- Using RMW implementation 'rmw_fastrtps_cpp' as default
[2.084s] -- Found eigen3_cmake_module: 0.1.1 (/opt/ros/humble/share/eigen3_cmake_module/cmake)
[2.085s] -- Ensuring Eigen3 include directory is part of orocos-kdl CMake target
[2.486s] -- Found ament_lint_auto: 0.12.9 (/opt/ros/humble/share/ament_lint_auto/cmake)
[2.536s] -- Added test 'copyright' to check source files copyright and LICENSE
[2.539s] -- Added test 'cppcheck' to perform static code analysis on C / C++ code
[2.541s] -- Configured cppcheck include dirs: /SLAM/ros_ws/src/image_pipeline/image_rotate/include
[2.541s] -- Configured cppcheck exclude dirs and/or files: 
[2.544s] -- Added test 'cpplint' to check C / C++ code against the Google style
[2.544s] -- Configured cpplint exclude dirs and/or files: 
[2.545s] -- Added test 'flake8' to check Python code syntax and style conventions
[2.546s] -- Added test 'lint_cmake' to check CMake code style
[2.548s] -- Added test 'pep257' to check Python code against some of the docstring style conventions in PEP 257
[2.550s] -- Added test 'uncrustify' to check C / C++ code style
[2.551s] -- Configured uncrustify additional arguments: 
[2.555s] -- Added test 'xmllint' to check XML markup files
[2.567s] -- Configuring done
[2.691s] -- Generating done
[2.730s] -- Build files have been written to: /SLAM/ros_ws/build/image_rotate
[2.866s] [35m[1mConsolidate compiler generated dependencies of target image_rotate[0m
[2.995s] [ 25%] [32mBuilding CXX object CMakeFiles/image_rotate.dir/src/image_rotate_node.cpp.o[0m
[18.763s] [ 50%] [32m[1mLinking CXX shared library libimage_rotate.so[0m
[19.178s] [ 50%] Built target image_rotate
[19.216s] [35m[1mConsolidate compiler generated dependencies of target image_rotate_bin[0m
[19.272s] [ 75%] [32mBuilding CXX object CMakeFiles/image_rotate_bin.dir/src/image_rotate.cpp.o[0m
[24.083s] [100%] [32m[1mLinking CXX executable image_rotate[0m
[24.833s] [100%] Built target image_rotate_bin
[24.863s] Invoked command in '/SLAM/ros_ws/build/image_rotate' returned '0': CMAKE_PREFIX_PATH=${CMAKE_PREFIX_PATH}:/SLAM/ros_ws/install/camera_calibration:/opt/ros/humble /usr/bin/cmake --build /SLAM/ros_ws/build/image_rotate -- -j16 -l16
[24.936s] Invoking command in '/SLAM/ros_ws/build/image_rotate': CMAKE_PREFIX_PATH=${CMAKE_PREFIX_PATH}:/SLAM/ros_ws/install/camera_calibration:/opt/ros/humble /usr/bin/cmake --install /SLAM/ros_ws/build/image_rotate
[24.950s] -- Install configuration: "Release"
[24.951s] -- Up-to-date: /SLAM/ros_ws/install/image_rotate/include
[24.951s] -- Up-to-date: /SLAM/ros_ws/install/image_rotate/include/image_rotate
[24.951s] -- Installing: /SLAM/ros_ws/install/image_rotate/include/image_rotate/image_rotate_node.hpp
[24.951s] -- Installing: /SLAM/ros_ws/install/image_rotate/include/image_rotate/visibility.h
[24.951s] -- Up-to-date: /SLAM/ros_ws/install/image_rotate/share/image_rotate/environment/library_path.sh
[24.951s] -- Installing: /SLAM/ros_ws/install/image_rotate/share/image_rotate/environment/library_path.dsv
[24.952s] -- Installing: /SLAM/ros_ws/install/image_rotate/lib/libimage_rotate.so
[24.954s] -- Set runtime path of "/SLAM/ros_ws/install/image_rotate/lib/libimage_rotate.so" to ""
[24.955s] -- Installing: /SLAM/ros_ws/install/image_rotate/lib/image_rotate/image_rotate
[24.955s] -- Set runtime path of "/SLAM/ros_ws/install/image_rotate/lib/image_rotate/image_rotate" to ""
[24.955s] -- Up-to-date: /SLAM/ros_ws/install/image_rotate/share/image_rotate/launch
[24.955s] -- Installing: /SLAM/ros_ws/install/image_rotate/share/image_rotate/launch/image_rotate.launch.py
[24.956s] -- Up-to-date: /SLAM/ros_ws/install/image_rotate/share/ament_index/resource_index/package_run_dependencies/image_rotate
[24.956s] -- Up-to-date: /SLAM/ros_ws/install/image_rotate/share/ament_index/resource_index/parent_prefix_path/image_rotate
[24.956s] -- Up-to-date: /SLAM/ros_ws/install/image_rotate/share/image_rotate/environment/ament_prefix_path.sh
[24.956s] -- Installing: /SLAM/ros_ws/install/image_rotate/share/image_rotate/environment/ament_prefix_path.dsv
[24.956s] -- Up-to-date: /SLAM/ros_ws/install/image_rotate/share/image_rotate/environment/path.sh
[24.956s] -- Installing: /SLAM/ros_ws/install/image_rotate/share/image_rotate/environment/path.dsv
[24.957s] -- Up-to-date: /SLAM/ros_ws/install/image_rotate/share/image_rotate/local_setup.bash
[24.957s] -- Up-to-date: /SLAM/ros_ws/install/image_rotate/share/image_rotate/local_setup.sh
[24.957s] -- Up-to-date: /SLAM/ros_ws/install/image_rotate/share/image_rotate/local_setup.zsh
[24.957s] -- Installing: /SLAM/ros_ws/install/image_rotate/share/image_rotate/local_setup.dsv
[24.957s] -- Installing: /SLAM/ros_ws/install/image_rotate/share/image_rotate/package.dsv
[24.958s] -- Up-to-date: /SLAM/ros_ws/install/image_rotate/share/ament_index/resource_index/packages/image_rotate
[24.958s] -- Up-to-date: /SLAM/ros_ws/install/image_rotate/share/ament_index/resource_index/rclcpp_components/image_rotate
[24.958s] -- Up-to-date: /SLAM/ros_ws/install/image_rotate/share/image_rotate/cmake/ament_cmake_export_dependencies-extras.cmake
[24.959s] -- Up-to-date: /SLAM/ros_ws/install/image_rotate/share/image_rotate/cmake/ament_cmake_export_include_directories-extras.cmake
[24.959s] -- Up-to-date: /SLAM/ros_ws/install/image_rotate/share/image_rotate/cmake/ament_cmake_export_libraries-extras.cmake
[24.959s] -- Up-to-date: /SLAM/ros_ws/install/image_rotate/share/image_rotate/cmake/image_rotateConfig.cmake
[24.959s] -- Up-to-date: /SLAM/ros_ws/install/image_rotate/share/image_rotate/cmake/image_rotateConfig-version.cmake
[24.959s] -- Installing: /SLAM/ros_ws/install/image_rotate/share/image_rotate/package.xml
[24.963s] Invoked command in '/SLAM/ros_ws/build/image_rotate' returned '0': CMAKE_PREFIX_PATH=${CMAKE_PREFIX_PATH}:/SLAM/ros_ws/install/camera_calibration:/opt/ros/humble /usr/bin/cmake --install /SLAM/ros_ws/build/image_rotate
