[0.411s] Invoking command in '/SLAM/ros_ws/build/image_proc': /usr/bin/cmake /SLAM/ros_ws/src/image_pipeline/image_proc -DCATKIN_INSTALL_INTO_PREFIX_ROOT=0 -DCMAKE_INSTALL_PREFIX=/SLAM/ros_ws/install/image_proc
[0.540s] -- The C compiler identification is GNU 11.4.0
[0.642s] -- The CXX compiler identification is GNU 11.4.0
[0.654s] -- Detecting C compiler ABI info
[0.757s] -- Detecting C compiler ABI info - done
[0.769s] -- Check for working C compiler: /usr/bin/cc - skipped
[0.769s] -- Detecting C compile features
[0.770s] -- Detecting C compile features - done
[0.776s] -- Detecting CXX compiler ABI info
[0.891s] -- Detecting CXX compiler ABI info - done
[0.902s] -- Check for working CXX compiler: /usr/bin/c++ - skipped
[0.903s] -- Detecting CXX compile features
[0.903s] -- Detecting CXX compile features - done
[0.942s] -- Configuring incomplete, errors occurred!
[0.943s] See also "/SLAM/ros_ws/build/image_proc/CMakeFiles/CMakeOutput.log".
[0.943s] [31mCMake Error at CMakeLists.txt:4 (find_package):
[0.943s]   By not providing "Findcatkin.cmake" in CMAKE_MODULE_PATH this project has
[0.943s]   asked CMake to find a package configuration file provided by "catkin", but
[0.944s]   CMake did not find one.
[0.944s] 
[0.944s]   Could not find a package configuration file provided by "catkin" with any
[0.944s]   of the following names:
[0.945s] 
[0.945s]     catkinConfig.cmake
[0.945s]     catkin-config.cmake
[0.946s] 
[0.946s]   Add the installation prefix of "catkin" to CMAKE_PREFIX_PATH or set
[0.946s]   "catkin_DIR" to a directory containing one of the above files.  If "catkin"
[0.946s]   provides a separate development package or SDK, be sure it has been
[0.947s]   installed.
[0.947s] 
[0.947s] [0m
[0.974s] Invoked command in '/SLAM/ros_ws/build/image_proc' returned '1': /usr/bin/cmake /SLAM/ros_ws/src/image_pipeline/image_proc -DCATKIN_INSTALL_INTO_PREFIX_ROOT=0 -DCMAKE_INSTALL_PREFIX=/SLAM/ros_ws/install/image_proc
