[0.054s] Invoking command in '/SLAM/ros_ws/build/pmb2_description': AMENT_PREFIX_PATH=/SLAM/ros_ws/install/pmb2_controller_configuration:/SLAM/ros_ws/install/urdf_test:/SLAM/ros_ws/install/launch_pal:${AMENT_PREFIX_PATH} CMAKE_PREFIX_PATH=/SLAM/ros_ws/install/pmb2_controller_configuration:/SLAM/ros_ws/install/urdf_test:/opt/ros/humble PYTHONPATH=/SLAM/ros_ws/install/urdf_test/local/lib/python3.10/dist-packages:/SLAM/ros_ws/build/launch_pal:/SLAM/ros_ws/install/launch_pal/lib/python3.10/site-packages:${PYTHONPATH} /usr/bin/cmake /SLAM/ros_ws/src/ThirdParty/pmb2_robot/pmb2_description -DAMENT_CMAKE_SYMLINK_INSTALL=1 -DCMAKE_INSTALL_PREFIX=/SLAM/ros_ws/install/pmb2_description
[0.120s] -- The C compiler identification is GNU 11.4.0
[0.174s] -- The CXX compiler identification is GNU 11.4.0
[0.182s] -- Detecting C compiler ABI info
[0.255s] -- Detecting C compiler ABI info - done
[0.264s] -- Check for working C compiler: /usr/bin/cc - skipped
[0.265s] -- Detecting C compile features
[0.265s] -- Detecting C compile features - done
[0.269s] -- Detecting CXX compiler ABI info
[0.377s] -- Detecting CXX compiler ABI info - done
[0.383s] -- Check for working CXX compiler: /usr/bin/c++ - skipped
[0.384s] -- Detecting CXX compile features
[0.384s] -- Detecting CXX compile features - done
[0.389s] -- Found ament_cmake_auto: 1.3.6 (/opt/ros/humble/share/ament_cmake_auto/cmake)
[0.588s] -- Found Python3: /usr/bin/python3.10 (found version "3.10.12") found components: Interpreter 
[0.656s] -- Override CMake install command with custom implementation using symlinks instead of copying resources
[0.792s] -- Found ament_lint_auto: 0.12.9 (/opt/ros/humble/share/ament_lint_auto/cmake)
[0.845s] -- Found python_cmake_module: 0.10.0 (/opt/ros/humble/share/python_cmake_module/cmake)
[0.869s] -- Found PythonInterp: /usr/bin/python3 (found suitable version "3.10.12", minimum required is "3.6") 
[0.884s] -- Found PythonLibs: /usr/lib/x86_64-linux-gnu/libpython3.10.so (found suitable version "3.10.12", minimum required is "3.5") 
[0.884s] -- Using PYTHON_EXECUTABLE: /usr/bin/python3
[0.884s] -- Using PYTHON_INCLUDE_DIRS: /usr/include/python3.10
[0.884s] -- Using PYTHON_LIBRARIES: /usr/lib/x86_64-linux-gnu/libpython3.10.so
[0.906s] -- Found PythonExtra: .so  
[0.945s] -- Added test 'copyright' to check source files copyright and LICENSE
[0.959s] -- Added test 'flake8' to check Python code syntax and style conventions
[0.961s] -- Added test 'lint_cmake' to check CMake code style
[0.962s] -- Added test 'pep257' to check Python code against some of the docstring style conventions in PEP 257
[0.969s] -- Added test 'xmllint' to check XML markup files
[0.971s] -- Configuring done
[0.976s] -- Generating done
[0.977s] -- Build files have been written to: /SLAM/ros_ws/build/pmb2_description
[0.984s] Invoked command in '/SLAM/ros_ws/build/pmb2_description' returned '0': AMENT_PREFIX_PATH=/SLAM/ros_ws/install/pmb2_controller_configuration:/SLAM/ros_ws/install/urdf_test:/SLAM/ros_ws/install/launch_pal:${AMENT_PREFIX_PATH} CMAKE_PREFIX_PATH=/SLAM/ros_ws/install/pmb2_controller_configuration:/SLAM/ros_ws/install/urdf_test:/opt/ros/humble PYTHONPATH=/SLAM/ros_ws/install/urdf_test/local/lib/python3.10/dist-packages:/SLAM/ros_ws/build/launch_pal:/SLAM/ros_ws/install/launch_pal/lib/python3.10/site-packages:${PYTHONPATH} /usr/bin/cmake /SLAM/ros_ws/src/ThirdParty/pmb2_robot/pmb2_description -DAMENT_CMAKE_SYMLINK_INSTALL=1 -DCMAKE_INSTALL_PREFIX=/SLAM/ros_ws/install/pmb2_description
[0.986s] Invoking command in '/SLAM/ros_ws/build/pmb2_description': AMENT_PREFIX_PATH=/SLAM/ros_ws/install/pmb2_controller_configuration:/SLAM/ros_ws/install/urdf_test:/SLAM/ros_ws/install/launch_pal:${AMENT_PREFIX_PATH} CMAKE_PREFIX_PATH=/SLAM/ros_ws/install/pmb2_controller_configuration:/SLAM/ros_ws/install/urdf_test:/opt/ros/humble PYTHONPATH=/SLAM/ros_ws/install/urdf_test/local/lib/python3.10/dist-packages:/SLAM/ros_ws/build/launch_pal:/SLAM/ros_ws/install/launch_pal/lib/python3.10/site-packages:${PYTHONPATH} /usr/bin/cmake --build /SLAM/ros_ws/build/pmb2_description -- -j16 -l16
[1.056s] Built target ament_cmake_python_symlink_pmb2_description
[1.269s] running egg_info
[1.270s] creating pmb2_description.egg-info
[1.270s] writing pmb2_description.egg-info/PKG-INFO
[1.270s] writing dependency_links to pmb2_description.egg-info/dependency_links.txt
[1.270s] writing top-level names to pmb2_description.egg-info/top_level.txt
[1.270s] writing manifest file 'pmb2_description.egg-info/SOURCES.txt'
[1.272s] reading manifest file 'pmb2_description.egg-info/SOURCES.txt'
[1.272s] writing manifest file 'pmb2_description.egg-info/SOURCES.txt'
[1.299s] Built target ament_cmake_python_build_pmb2_description_egg
[1.312s] Invoked command in '/SLAM/ros_ws/build/pmb2_description' returned '0': AMENT_PREFIX_PATH=/SLAM/ros_ws/install/pmb2_controller_configuration:/SLAM/ros_ws/install/urdf_test:/SLAM/ros_ws/install/launch_pal:${AMENT_PREFIX_PATH} CMAKE_PREFIX_PATH=/SLAM/ros_ws/install/pmb2_controller_configuration:/SLAM/ros_ws/install/urdf_test:/opt/ros/humble PYTHONPATH=/SLAM/ros_ws/install/urdf_test/local/lib/python3.10/dist-packages:/SLAM/ros_ws/build/launch_pal:/SLAM/ros_ws/install/launch_pal/lib/python3.10/site-packages:${PYTHONPATH} /usr/bin/cmake --build /SLAM/ros_ws/build/pmb2_description -- -j16 -l16
[1.340s] Invoking command in '/SLAM/ros_ws/build/pmb2_description': AMENT_PREFIX_PATH=/SLAM/ros_ws/install/pmb2_controller_configuration:/SLAM/ros_ws/install/urdf_test:/SLAM/ros_ws/install/launch_pal:${AMENT_PREFIX_PATH} CMAKE_PREFIX_PATH=/SLAM/ros_ws/install/pmb2_controller_configuration:/SLAM/ros_ws/install/urdf_test:/opt/ros/humble PYTHONPATH=/SLAM/ros_ws/install/urdf_test/local/lib/python3.10/dist-packages:/SLAM/ros_ws/build/launch_pal:/SLAM/ros_ws/install/launch_pal/lib/python3.10/site-packages:${PYTHONPATH} /usr/bin/cmake --install /SLAM/ros_ws/build/pmb2_description
[1.347s] -- Install configuration: ""
[1.348s] -- Execute custom install script
[1.348s] -- Symlinking: /SLAM/ros_ws/install/pmb2_description/share/pmb2_description/environment/pythonpath.sh
[1.357s] -- Symlinking: /SLAM/ros_ws/install/pmb2_description/share/pmb2_description/environment/pythonpath.dsv
[1.367s] -- Symlinking: /SLAM/ros_ws/install/pmb2_description/local/lib/python3.10/dist-packages/pmb2_description-5.0.15-py3.10.egg-info/PKG-INFO
[1.376s] -- Symlinking: /SLAM/ros_ws/install/pmb2_description/local/lib/python3.10/dist-packages/pmb2_description-5.0.15-py3.10.egg-info/SOURCES.txt
[1.386s] -- Symlinking: /SLAM/ros_ws/install/pmb2_description/local/lib/python3.10/dist-packages/pmb2_description-5.0.15-py3.10.egg-info/dependency_links.txt
[1.394s] -- Symlinking: /SLAM/ros_ws/install/pmb2_description/local/lib/python3.10/dist-packages/pmb2_description-5.0.15-py3.10.egg-info/top_level.txt
[1.404s] -- Symlinking: /SLAM/ros_ws/install/pmb2_description/local/lib/python3.10/dist-packages/pmb2_description/__init__.py
[1.416s] -- Symlinking: /SLAM/ros_ws/install/pmb2_description/share/pmb2_description/config/joint_limits.yaml
[1.426s] -- Symlinking: /SLAM/ros_ws/install/pmb2_description/share/pmb2_description/gazebo/gazebo.urdf.xacro
[1.436s] -- Symlinking: /SLAM/ros_ws/install/pmb2_description/share/pmb2_description/launch/robot_state_publisher.launch.py
[1.446s] -- Symlinking: /SLAM/ros_ws/install/pmb2_description/share/pmb2_description/launch/show.launch.py
[1.456s] -- Symlinking: /SLAM/ros_ws/install/pmb2_description/share/pmb2_description/Media/materials/scripts/markers.material
[1.467s] -- Symlinking: /SLAM/ros_ws/install/pmb2_description/share/pmb2_description/Media/materials/textures/aruco-26_8cm.png
[1.477s] -- Symlinking: /SLAM/ros_ws/install/pmb2_description/share/pmb2_description/Media/materials/textures/aruco-582_8cm.png
[1.486s] -- Symlinking: /SLAM/ros_ws/install/pmb2_description/share/pmb2_description/Media/materials/textures/pal_logo_1_7cm.jpg
[1.496s] -- Symlinking: /SLAM/ros_ws/install/pmb2_description/share/pmb2_description/Media/materials/textures/pal_logo_2_7cm.jpg
[1.505s] -- Symlinking: /SLAM/ros_ws/install/pmb2_description/share/pmb2_description/Media/materials/textures/pal_logo_3_7cm.jpg
[1.518s] -- Symlinking: /SLAM/ros_ws/install/pmb2_description/share/pmb2_description/meshes/base/base.stl
[1.528s] -- Symlinking: /SLAM/ros_ws/install/pmb2_description/share/pmb2_description/meshes/base/base_collision.dae
[1.537s] -- Symlinking: /SLAM/ros_ws/install/pmb2_description/share/pmb2_description/meshes/base/base_ring.stl
[1.547s] -- Symlinking: /SLAM/ros_ws/install/pmb2_description/share/pmb2_description/meshes/base/high_resolution/base.stl
[1.557s] -- Symlinking: /SLAM/ros_ws/install/pmb2_description/share/pmb2_description/meshes/base/high_resolution/base_collision.stl
[1.566s] -- Symlinking: /SLAM/ros_ws/install/pmb2_description/share/pmb2_description/meshes/cameras_add_on/cameras_add_on.stl
[1.575s] -- Symlinking: /SLAM/ros_ws/install/pmb2_description/share/pmb2_description/meshes/cameras_add_on/cameras_add_on_collision.stl
[1.585s] -- Symlinking: /SLAM/ros_ws/install/pmb2_description/share/pmb2_description/meshes/dock/dock.stl
[1.595s] -- Symlinking: /SLAM/ros_ws/install/pmb2_description/share/pmb2_description/meshes/dock/dock_collision.stl
[1.605s] -- Symlinking: /SLAM/ros_ws/install/pmb2_description/share/pmb2_description/meshes/objects/antenna.stl
[1.616s] -- Symlinking: /SLAM/ros_ws/install/pmb2_description/share/pmb2_description/meshes/objects/cover.stl
[1.626s] -- Symlinking: /SLAM/ros_ws/install/pmb2_description/share/pmb2_description/meshes/objects/high_resolution/cover.stl
[1.636s] -- Symlinking: /SLAM/ros_ws/install/pmb2_description/share/pmb2_description/meshes/sensors/bumper.stl
[1.645s] -- Symlinking: /SLAM/ros_ws/install/pmb2_description/share/pmb2_description/meshes/sensors/bumper_collision.stl
[1.654s] -- Symlinking: /SLAM/ros_ws/install/pmb2_description/share/pmb2_description/meshes/sensors/elp_camera.stl
[1.664s] -- Symlinking: /SLAM/ros_ws/install/pmb2_description/share/pmb2_description/meshes/sensors/high_resolution/bumper.stl
[1.674s] -- Symlinking: /SLAM/ros_ws/install/pmb2_description/share/pmb2_description/meshes/sensors/high_resolution/hokuyo_urg_04lx_ug01.stl
[1.683s] -- Symlinking: /SLAM/ros_ws/install/pmb2_description/share/pmb2_description/meshes/sensors/high_resolution/sick_tim551.stl
[1.693s] -- Symlinking: /SLAM/ros_ws/install/pmb2_description/share/pmb2_description/meshes/sensors/high_resolution/srf05.stl
[1.702s] -- Symlinking: /SLAM/ros_ws/install/pmb2_description/share/pmb2_description/meshes/sensors/high_resolution/xtion_pro_live.stl
[1.713s] -- Symlinking: /SLAM/ros_ws/install/pmb2_description/share/pmb2_description/meshes/sensors/hokuyo_urg_04lx_ug01.stl
[1.724s] -- Symlinking: /SLAM/ros_ws/install/pmb2_description/share/pmb2_description/meshes/sensors/sick_tim551.stl
[1.733s] -- Symlinking: /SLAM/ros_ws/install/pmb2_description/share/pmb2_description/meshes/sensors/srf05.stl
[1.743s] -- Symlinking: /SLAM/ros_ws/install/pmb2_description/share/pmb2_description/meshes/sensors/structure_sensor.stl
[1.755s] -- Symlinking: /SLAM/ros_ws/install/pmb2_description/share/pmb2_description/meshes/sensors/xtion_pro_live.dae
[1.765s] -- Symlinking: /SLAM/ros_ws/install/pmb2_description/share/pmb2_description/meshes/wheels/caster_1.stl
[1.774s] -- Symlinking: /SLAM/ros_ws/install/pmb2_description/share/pmb2_description/meshes/wheels/caster_2.stl
[1.784s] -- Symlinking: /SLAM/ros_ws/install/pmb2_description/share/pmb2_description/meshes/wheels/high_resolution/caster_1.stl
[1.794s] -- Symlinking: /SLAM/ros_ws/install/pmb2_description/share/pmb2_description/meshes/wheels/high_resolution/caster_2.stl
[1.804s] -- Symlinking: /SLAM/ros_ws/install/pmb2_description/share/pmb2_description/meshes/wheels/high_resolution/wheel.stl
[1.814s] -- Symlinking: /SLAM/ros_ws/install/pmb2_description/share/pmb2_description/meshes/wheels/wheel.stl
[1.826s] -- Symlinking: /SLAM/ros_ws/install/pmb2_description/share/pmb2_description/robots/pmb2.urdf.xacro
[1.837s] -- Symlinking: /SLAM/ros_ws/install/pmb2_description/share/pmb2_description/ros2_control/ros2_control.urdf.xacro
[1.848s] -- Symlinking: /SLAM/ros_ws/install/pmb2_description/share/pmb2_description/urdf/base/base.urdf.xacro
[1.858s] -- Symlinking: /SLAM/ros_ws/install/pmb2_description/share/pmb2_description/urdf/base/base_sensors.urdf.xacro
[1.867s] -- Symlinking: /SLAM/ros_ws/install/pmb2_description/share/pmb2_description/urdf/base/footprint.yaml
[1.877s] -- Symlinking: /SLAM/ros_ws/install/pmb2_description/share/pmb2_description/urdf/cameras_add_on/cameras_add_on.urdf.xacro
[1.887s] -- Symlinking: /SLAM/ros_ws/install/pmb2_description/share/pmb2_description/urdf/deg_to_rad.xacro
[1.896s] -- Symlinking: /SLAM/ros_ws/install/pmb2_description/share/pmb2_description/urdf/dock/dock.urdf.xacro
[1.906s] -- Symlinking: /SLAM/ros_ws/install/pmb2_description/share/pmb2_description/urdf/materials.urdf.xacro
[1.918s] -- Symlinking: /SLAM/ros_ws/install/pmb2_description/share/pmb2_description/urdf/objects/antenna.urdf.xacro
[1.929s] -- Symlinking: /SLAM/ros_ws/install/pmb2_description/share/pmb2_description/urdf/objects/cover.urdf.xacro
[1.942s] -- Symlinking: /SLAM/ros_ws/install/pmb2_description/share/pmb2_description/urdf/sensors/bumper.gazebo.xacro
[1.951s] -- Symlinking: /SLAM/ros_ws/install/pmb2_description/share/pmb2_description/urdf/sensors/bumper.urdf.xacro
[1.962s] -- Symlinking: /SLAM/ros_ws/install/pmb2_description/share/pmb2_description/urdf/sensors/courier.urdf.xacro
[1.973s] -- Symlinking: /SLAM/ros_ws/install/pmb2_description/share/pmb2_description/urdf/sensors/elp_rgb.gazebo.xacro
[1.985s] -- Symlinking: /SLAM/ros_ws/install/pmb2_description/share/pmb2_description/urdf/sensors/elp_rgb.urdf.xacro
[1.998s] -- Symlinking: /SLAM/ros_ws/install/pmb2_description/share/pmb2_description/urdf/sensors/hokuyo_urg_04lx_ug01_laser.gazebo.xacro
[2.010s] -- Symlinking: /SLAM/ros_ws/install/pmb2_description/share/pmb2_description/urdf/sensors/hokuyo_urg_04lx_ug01_laser.urdf.xacro
[2.022s] -- Symlinking: /SLAM/ros_ws/install/pmb2_description/share/pmb2_description/urdf/sensors/imu.urdf.xacro
[2.034s] -- Symlinking: /SLAM/ros_ws/install/pmb2_description/share/pmb2_description/urdf/sensors/microphone.urdf.xacro
[2.045s] -- Symlinking: /SLAM/ros_ws/install/pmb2_description/share/pmb2_description/urdf/sensors/range.gazebo.xacro
[2.058s] -- Symlinking: /SLAM/ros_ws/install/pmb2_description/share/pmb2_description/urdf/sensors/range.urdf.xacro
[2.069s] -- Symlinking: /SLAM/ros_ws/install/pmb2_description/share/pmb2_description/urdf/sensors/sensors.ros2_control.xacro
[2.081s] -- Symlinking: /SLAM/ros_ws/install/pmb2_description/share/pmb2_description/urdf/sensors/sick_tim551_laser.gazebo.xacro
[2.094s] -- Symlinking: /SLAM/ros_ws/install/pmb2_description/share/pmb2_description/urdf/sensors/sick_tim551_laser.urdf.xacro
[2.104s] -- Symlinking: /SLAM/ros_ws/install/pmb2_description/share/pmb2_description/urdf/sensors/sick_tim561_laser.gazebo.xacro
[2.115s] -- Symlinking: /SLAM/ros_ws/install/pmb2_description/share/pmb2_description/urdf/sensors/sick_tim561_laser.urdf.xacro
[2.126s] -- Symlinking: /SLAM/ros_ws/install/pmb2_description/share/pmb2_description/urdf/sensors/sick_tim571_laser.gazebo.xacro
[2.135s] -- Symlinking: /SLAM/ros_ws/install/pmb2_description/share/pmb2_description/urdf/sensors/sick_tim571_laser.urdf.xacro
[2.145s] -- Symlinking: /SLAM/ros_ws/install/pmb2_description/share/pmb2_description/urdf/sensors/structure_sensor.gazebo.xacro
[2.154s] -- Symlinking: /SLAM/ros_ws/install/pmb2_description/share/pmb2_description/urdf/sensors/structure_sensor.urdf.xacro
[2.164s] -- Symlinking: /SLAM/ros_ws/install/pmb2_description/share/pmb2_description/urdf/wheels/caster.gazebo.xacro
[2.174s] -- Symlinking: /SLAM/ros_ws/install/pmb2_description/share/pmb2_description/urdf/wheels/caster.urdf.xacro
[2.183s] -- Symlinking: /SLAM/ros_ws/install/pmb2_description/share/pmb2_description/urdf/wheels/wheel.gazebo.xacro
[2.193s] -- Symlinking: /SLAM/ros_ws/install/pmb2_description/share/pmb2_description/urdf/wheels/wheel.ros2_control.xacro
[2.202s] -- Symlinking: /SLAM/ros_ws/install/pmb2_description/share/pmb2_description/urdf/wheels/wheel.urdf.xacro
[2.214s] -- Symlinking: /SLAM/ros_ws/install/pmb2_description/share/ament_index/resource_index/package_run_dependencies/pmb2_description
[2.226s] -- Symlinking: /SLAM/ros_ws/install/pmb2_description/share/ament_index/resource_index/parent_prefix_path/pmb2_description
[2.236s] -- Symlinking: /SLAM/ros_ws/install/pmb2_description/share/pmb2_description/environment/ament_prefix_path.sh
[2.245s] -- Symlinking: /SLAM/ros_ws/install/pmb2_description/share/pmb2_description/environment/ament_prefix_path.dsv
[2.255s] -- Symlinking: /SLAM/ros_ws/install/pmb2_description/share/pmb2_description/environment/path.sh
[2.265s] -- Symlinking: /SLAM/ros_ws/install/pmb2_description/share/pmb2_description/environment/path.dsv
[2.274s] -- Symlinking: /SLAM/ros_ws/install/pmb2_description/share/pmb2_description/local_setup.bash
[2.283s] -- Symlinking: /SLAM/ros_ws/install/pmb2_description/share/pmb2_description/local_setup.sh
[2.293s] -- Symlinking: /SLAM/ros_ws/install/pmb2_description/share/pmb2_description/local_setup.zsh
[2.302s] -- Symlinking: /SLAM/ros_ws/install/pmb2_description/share/pmb2_description/local_setup.dsv
[2.313s] -- Symlinking: /SLAM/ros_ws/install/pmb2_description/share/pmb2_description/package.dsv
[2.324s] -- Symlinking: /SLAM/ros_ws/install/pmb2_description/share/ament_index/resource_index/packages/pmb2_description
[2.335s] -- Symlinking: /SLAM/ros_ws/install/pmb2_description/share/pmb2_description/cmake/pmb2_descriptionConfig.cmake
[2.346s] -- Symlinking: /SLAM/ros_ws/install/pmb2_description/share/pmb2_description/cmake/pmb2_descriptionConfig-version.cmake
[2.357s] -- Symlinking: /SLAM/ros_ws/install/pmb2_description/share/pmb2_description/package.xml
[2.394s] Listing '/SLAM/ros_ws/install/pmb2_description/local/lib/python3.10/dist-packages/pmb2_description'...
[2.394s] Compiling '/SLAM/ros_ws/install/pmb2_description/local/lib/python3.10/dist-packages/pmb2_description/__init__.py'...
[2.400s] Invoked command in '/SLAM/ros_ws/build/pmb2_description' returned '0': AMENT_PREFIX_PATH=/SLAM/ros_ws/install/pmb2_controller_configuration:/SLAM/ros_ws/install/urdf_test:/SLAM/ros_ws/install/launch_pal:${AMENT_PREFIX_PATH} CMAKE_PREFIX_PATH=/SLAM/ros_ws/install/pmb2_controller_configuration:/SLAM/ros_ws/install/urdf_test:/opt/ros/humble PYTHONPATH=/SLAM/ros_ws/install/urdf_test/local/lib/python3.10/dist-packages:/SLAM/ros_ws/build/launch_pal:/SLAM/ros_ws/install/launch_pal/lib/python3.10/site-packages:${PYTHONPATH} /usr/bin/cmake --install /SLAM/ros_ws/build/pmb2_description
