[0.000000] (-) TimerEvent: {}
[0.000732] (-) JobUnselected: {'identifier': 'astra_camera'}
[0.000875] (-) JobUnselected: {'identifier': 'astra_camera_msgs'}
[0.000929] (sllidar_ros2) JobQueued: {'identifier': 'sllidar_ros2', 'dependencies': OrderedDict()}
[0.001031] (sllidar_ros2) JobStarted: {'identifier': 'sllidar_ros2'}
[0.064477] (sllidar_ros2) JobProgress: {'identifier': 'sllidar_ros2', 'progress': 'cmake'}
[0.065057] (sllidar_ros2) JobProgress: {'identifier': 'sllidar_ros2', 'progress': 'build'}
[0.065582] (sllidar_ros2) Command: {'cmd': ['/usr/bin/cmake', '--build', '/SLAM/ros_ws/build/sllidar_ros2', '--', '-j16', '-l16'], 'cwd': '/SLAM/ros_ws/build/sllidar_ros2', 'env': OrderedDict([('HOSTNAME', 'acer'), ('GIT_ASKPASS', '/home/ros/.vscode-server/bin/0ee08df0cf4527e40edc9aa28f4b5bd38bbff2b2/extensions/git/dist/askpass.sh'), ('SHLVL', '2'), ('LD_LIBRARY_PATH', '/SLAM/ros_ws/install/orbbec_camera/lib:/SLAM/ros_ws/install/orbbec_camera_msgs/lib:/SLAM/ros_ws/install/libuvc/lib:/SLAM/ros_ws/install/glog/lib:/SLAM/ros_ws/install/astra_camera/lib:/SLAM/ros_ws/install/astra_camera_msgs/lib:/opt/ros/humble/opt/rviz_ogre_vendor/lib:/opt/ros/humble/lib/x86_64-linux-gnu:/opt/ros/humble/lib'), ('BROWSER', '/home/ros/.vscode-server/bin/0ee08df0cf4527e40edc9aa28f4b5bd38bbff2b2/bin/helpers/browser.sh'), ('HOME', '/home/ros'), ('OLDPWD', '/SLAM'), ('TERM_PROGRAM_VERSION', '1.85.1'), ('VSCODE_IPC_HOOK_CLI', '/tmp/vscode-ipc-b7726fe3-f37c-447c-a611-e1ae35a23584.sock'), ('ROS_PYTHON_VERSION', '3'), ('VSCODE_GIT_ASKPASS_MAIN', '/home/ros/.vscode-server/bin/0ee08df0cf4527e40edc9aa28f4b5bd38bbff2b2/extensions/git/dist/askpass-main.js'), ('VSCODE_GIT_ASKPASS_NODE', '/home/ros/.vscode-server/bin/0ee08df0cf4527e40edc9aa28f4b5bd38bbff2b2/node'), ('COLORTERM', 'truecolor'), ('REMOTE_CONTAINERS', 'true'), ('COLCON_PREFIX_PATH', '/SLAM/ros_ws/install'), ('ROS_DISTRO', 'humble'), ('REMOTE_CONTAINERS_IPC', '/tmp/vscode-remote-containers-ipc-9412e913-db53-416a-8d3d-f7f55bf78b13.sock'), ('_', '/usr/bin/colcon'), ('ROS_VERSION', '2'), ('PKG_CONFIG_PATH', '/SLAM/ros_ws/install/magic_enum/lib/x86_64-linux-gnu/pkgconfig:/SLAM/ros_ws/install/magic_enum/lib/pkgconfig:/SLAM/ros_ws/install/libuvc/lib/pkgconfig'), ('TERM', 'xterm-256color'), ('ROS_LOCALHOST_ONLY', '0'), ('PATH', '/home/ros/.vscode-server/bin/0ee08df0cf4527e40edc9aa28f4b5bd38bbff2b2/bin/remote-cli:/opt/ros/humble/bin:/usr/local/sbin:/usr/local/bin:/usr/sbin:/usr/bin:/sbin:/bin'), ('REMOTE_CONTAINERS_SOCKETS', '["/tmp/vscode-ssh-auth-9412e913-db53-416a-8d3d-f7f55bf78b13.sock","/tmp/.X11-unix/X12","/home/ros/.gnupg/S.gpg-agent"]'), ('DISPLAY', ':1'), ('LANG', 'C.UTF-8'), ('VSCODE_GIT_IPC_HANDLE', '/tmp/vscode-git-b0d69a0cdc.sock'), ('TERM_PROGRAM', 'vscode'), ('SSH_AUTH_SOCK', '/tmp/vscode-ssh-auth-9412e913-db53-416a-8d3d-f7f55bf78b13.sock'), ('AMENT_PREFIX_PATH', '/SLAM/ros_ws/install/sllidar_ros2:/SLAM/ros_ws/install/orbbec_description:/SLAM/ros_ws/install/orbbec_camera:/SLAM/ros_ws/install/orbbec_camera_msgs:/SLAM/ros_ws/install/astra_camera_msgs:/opt/ros/humble'), ('REMOTE_CONTAINERS_DISPLAY_SOCK', '/tmp/.X11-unix/X12'), ('SHELL', '/bin/bash'), ('CMAKE_MODULE_PATH', '/SLAM/ros_ws/install/libuvc/lib/cmake/libuvc:/SLAM/ros_ws/install/glog/share/glog/cmake'), ('VSCODE_GIT_ASKPASS_EXTRA_ARGS', ''), ('PWD', '/SLAM/ros_ws/build/sllidar_ros2'), ('LC_ALL', 'C.UTF-8'), ('PYTHONPATH', '/SLAM/ros_ws/install/orbbec_camera_msgs/local/lib/python3.10/dist-packages:/SLAM/ros_ws/install/astra_camera_msgs/local/lib/python3.10/dist-packages:/opt/ros/humble/lib/python3.10/site-packages:/opt/ros/humble/local/lib/python3.10/dist-packages'), ('COLCON', '1'), ('CMAKE_PREFIX_PATH', '/SLAM/ros_ws/install/sllidar_ros2:/SLAM/ros_ws/install/orbbec_description:/SLAM/ros_ws/install/orbbec_camera:/SLAM/ros_ws/install/orbbec_camera_msgs:/SLAM/ros_ws/install/magic_enum:/SLAM/ros_ws/install/libuvc:/SLAM/ros_ws/install/glog:/SLAM/ros_ws/install/astra_camera:/SLAM/ros_ws/install/astra_camera_msgs:/opt/ros/humble')]), 'shell': False}
[0.099735] (-) TimerEvent: {}
[0.116747] (sllidar_ros2) StdoutLine: {'line': b'\x1b[35m\x1b[1mConsolidate compiler generated dependencies of target sllidar_node\x1b[0m\n'}
[0.131570] (sllidar_ros2) StdoutLine: {'line': b'[ 10%] Built target sllidar_client\n'}
[0.157378] (sllidar_ros2) StdoutLine: {'line': b'[ 15%] \x1b[32mBuilding CXX object CMakeFiles/sllidar_node.dir/src/sllidar_node.cpp.o\x1b[0m\n'}
[0.200111] (-) TimerEvent: {}
[0.300393] (-) TimerEvent: {}
[0.400662] (-) TimerEvent: {}
[0.500960] (-) TimerEvent: {}
[0.601232] (-) TimerEvent: {}
[0.701513] (-) TimerEvent: {}
[0.801805] (-) TimerEvent: {}
[0.902105] (-) TimerEvent: {}
[1.002421] (-) TimerEvent: {}
[1.102779] (-) TimerEvent: {}
[1.203124] (-) TimerEvent: {}
[1.303469] (-) TimerEvent: {}
[1.403793] (-) TimerEvent: {}
[1.504131] (-) TimerEvent: {}
[1.604499] (-) TimerEvent: {}
[1.704902] (-) TimerEvent: {}
[1.805287] (-) TimerEvent: {}
[1.905758] (-) TimerEvent: {}
[2.005552] (sllidar_ros2) StderrLine: {'line': b'In file included from \x1b[01m\x1b[K/SLAM/ros_ws/src/sllidar_ros2/./sdk/include/sl_lidar_cmd.h:41\x1b[m\x1b[K,\n'}
[2.005890] (-) TimerEvent: {}
[2.005991] (sllidar_ros2) StderrLine: {'line': b'                 from \x1b[01m\x1b[K/SLAM/ros_ws/src/sllidar_ros2/./sdk/include/sl_lidar_driver.h:54\x1b[m\x1b[K,\n'}
[2.006104] (sllidar_ros2) StderrLine: {'line': b'                 from \x1b[01m\x1b[K/SLAM/ros_ws/src/sllidar_ros2/./sdk/include/sl_lidar.h:36\x1b[m\x1b[K,\n'}
[2.006245] (sllidar_ros2) StderrLine: {'line': b'                 from \x1b[01m\x1b[K/SLAM/ros_ws/src/sllidar_ros2/src/sllidar_node.cpp:38\x1b[m\x1b[K:\n'}
[2.006352] (sllidar_ros2) StderrLine: {'line': b'\x1b[01m\x1b[K/SLAM/ros_ws/src/sllidar_ros2/./sdk/include/sl_lidar_protocol.h:66:16:\x1b[m\x1b[K \x1b[01;35m\x1b[Kwarning: \x1b[m\x1b[KISO C++ forbids zero-size array \xe2\x80\x98\x1b[01m\x1b[Kdata\x1b[m\x1b[K\xe2\x80\x99 [\x1b[01;35m\x1b[K\x1b]8;;https://gcc.gnu.org/onlinedocs/gcc/Warning-Options.html#index-Wpedantic\x07-Wpedantic\x1b]8;;\x07\x1b[m\x1b[K]\n'}
[2.006484] (sllidar_ros2) StderrLine: {'line': b'   66 |     sl_u8 data[\x1b[01;35m\x1b[K0\x1b[m\x1b[K];\n'}
[2.006550] (sllidar_ros2) StderrLine: {'line': b'      |                \x1b[01;35m\x1b[K^\x1b[m\x1b[K\n'}
[2.006627] (sllidar_ros2) StderrLine: {'line': b'In file included from \x1b[01m\x1b[K/SLAM/ros_ws/src/sllidar_ros2/./sdk/include/sl_lidar_driver.h:54\x1b[m\x1b[K,\n'}
[2.006746] (sllidar_ros2) StderrLine: {'line': b'                 from \x1b[01m\x1b[K/SLAM/ros_ws/src/sllidar_ros2/./sdk/include/sl_lidar.h:36\x1b[m\x1b[K,\n'}
[2.006828] (sllidar_ros2) StderrLine: {'line': b'                 from \x1b[01m\x1b[K/SLAM/ros_ws/src/sllidar_ros2/src/sllidar_node.cpp:38\x1b[m\x1b[K:\n'}
[2.006890] (sllidar_ros2) StderrLine: {'line': b'\x1b[01m\x1b[K/SLAM/ros_ws/src/sllidar_ros2/./sdk/include/sl_lidar_cmd.h:324:20:\x1b[m\x1b[K \x1b[01;35m\x1b[Kwarning: \x1b[m\x1b[KISO C++ forbids zero-size array \xe2\x80\x98\x1b[01m\x1b[Kpayload\x1b[m\x1b[K\xe2\x80\x99 [\x1b[01;35m\x1b[K\x1b]8;;https://gcc.gnu.org/onlinedocs/gcc/Warning-Options.html#index-Wpedantic\x07-Wpedantic\x1b]8;;\x07\x1b[m\x1b[K]\n'}
[2.006954] (sllidar_ros2) StderrLine: {'line': b'  324 |     sl_u8  payload[\x1b[01;35m\x1b[K0\x1b[m\x1b[K];\n'}
[2.007012] (sllidar_ros2) StderrLine: {'line': b'      |                    \x1b[01;35m\x1b[K^\x1b[m\x1b[K\n'}
[2.106008] (-) TimerEvent: {}
[2.206301] (-) TimerEvent: {}
[2.306585] (-) TimerEvent: {}
[2.406863] (-) TimerEvent: {}
[2.507152] (-) TimerEvent: {}
[2.607922] (-) TimerEvent: {}
[2.708221] (-) TimerEvent: {}
[2.808495] (-) TimerEvent: {}
[2.908777] (-) TimerEvent: {}
[3.009327] (-) TimerEvent: {}
[3.109621] (-) TimerEvent: {}
[3.209895] (-) TimerEvent: {}
[3.310190] (-) TimerEvent: {}
[3.410487] (-) TimerEvent: {}
[3.510780] (-) TimerEvent: {}
[3.611116] (-) TimerEvent: {}
[3.711410] (-) TimerEvent: {}
[3.811684] (-) TimerEvent: {}
[3.912000] (-) TimerEvent: {}
[3.986633] (sllidar_ros2) StdoutLine: {'line': b'[ 20%] \x1b[32m\x1b[1mLinking CXX executable sllidar_node\x1b[0m\n'}
[4.012140] (-) TimerEvent: {}
[4.112614] (-) TimerEvent: {}
[4.212912] (-) TimerEvent: {}
[4.220180] (sllidar_ros2) StdoutLine: {'line': b'[100%] Built target sllidar_node\n'}
[4.234409] (sllidar_ros2) CommandEnded: {'returncode': 0}
[4.312984] (-) TimerEvent: {}
[4.318990] (sllidar_ros2) JobProgress: {'identifier': 'sllidar_ros2', 'progress': 'install'}
[4.329341] (sllidar_ros2) Command: {'cmd': ['/usr/bin/cmake', '--install', '/SLAM/ros_ws/build/sllidar_ros2'], 'cwd': '/SLAM/ros_ws/build/sllidar_ros2', 'env': OrderedDict([('HOSTNAME', 'acer'), ('GIT_ASKPASS', '/home/ros/.vscode-server/bin/0ee08df0cf4527e40edc9aa28f4b5bd38bbff2b2/extensions/git/dist/askpass.sh'), ('SHLVL', '2'), ('LD_LIBRARY_PATH', '/SLAM/ros_ws/install/orbbec_camera/lib:/SLAM/ros_ws/install/orbbec_camera_msgs/lib:/SLAM/ros_ws/install/libuvc/lib:/SLAM/ros_ws/install/glog/lib:/SLAM/ros_ws/install/astra_camera/lib:/SLAM/ros_ws/install/astra_camera_msgs/lib:/opt/ros/humble/opt/rviz_ogre_vendor/lib:/opt/ros/humble/lib/x86_64-linux-gnu:/opt/ros/humble/lib'), ('BROWSER', '/home/ros/.vscode-server/bin/0ee08df0cf4527e40edc9aa28f4b5bd38bbff2b2/bin/helpers/browser.sh'), ('HOME', '/home/ros'), ('OLDPWD', '/SLAM'), ('TERM_PROGRAM_VERSION', '1.85.1'), ('VSCODE_IPC_HOOK_CLI', '/tmp/vscode-ipc-b7726fe3-f37c-447c-a611-e1ae35a23584.sock'), ('ROS_PYTHON_VERSION', '3'), ('VSCODE_GIT_ASKPASS_MAIN', '/home/ros/.vscode-server/bin/0ee08df0cf4527e40edc9aa28f4b5bd38bbff2b2/extensions/git/dist/askpass-main.js'), ('VSCODE_GIT_ASKPASS_NODE', '/home/ros/.vscode-server/bin/0ee08df0cf4527e40edc9aa28f4b5bd38bbff2b2/node'), ('COLORTERM', 'truecolor'), ('REMOTE_CONTAINERS', 'true'), ('COLCON_PREFIX_PATH', '/SLAM/ros_ws/install'), ('ROS_DISTRO', 'humble'), ('REMOTE_CONTAINERS_IPC', '/tmp/vscode-remote-containers-ipc-9412e913-db53-416a-8d3d-f7f55bf78b13.sock'), ('_', '/usr/bin/colcon'), ('ROS_VERSION', '2'), ('PKG_CONFIG_PATH', '/SLAM/ros_ws/install/magic_enum/lib/x86_64-linux-gnu/pkgconfig:/SLAM/ros_ws/install/magic_enum/lib/pkgconfig:/SLAM/ros_ws/install/libuvc/lib/pkgconfig'), ('TERM', 'xterm-256color'), ('ROS_LOCALHOST_ONLY', '0'), ('PATH', '/home/ros/.vscode-server/bin/0ee08df0cf4527e40edc9aa28f4b5bd38bbff2b2/bin/remote-cli:/opt/ros/humble/bin:/usr/local/sbin:/usr/local/bin:/usr/sbin:/usr/bin:/sbin:/bin'), ('REMOTE_CONTAINERS_SOCKETS', '["/tmp/vscode-ssh-auth-9412e913-db53-416a-8d3d-f7f55bf78b13.sock","/tmp/.X11-unix/X12","/home/ros/.gnupg/S.gpg-agent"]'), ('DISPLAY', ':1'), ('LANG', 'C.UTF-8'), ('VSCODE_GIT_IPC_HANDLE', '/tmp/vscode-git-b0d69a0cdc.sock'), ('TERM_PROGRAM', 'vscode'), ('SSH_AUTH_SOCK', '/tmp/vscode-ssh-auth-9412e913-db53-416a-8d3d-f7f55bf78b13.sock'), ('AMENT_PREFIX_PATH', '/SLAM/ros_ws/install/sllidar_ros2:/SLAM/ros_ws/install/orbbec_description:/SLAM/ros_ws/install/orbbec_camera:/SLAM/ros_ws/install/orbbec_camera_msgs:/SLAM/ros_ws/install/astra_camera_msgs:/opt/ros/humble'), ('REMOTE_CONTAINERS_DISPLAY_SOCK', '/tmp/.X11-unix/X12'), ('SHELL', '/bin/bash'), ('CMAKE_MODULE_PATH', '/SLAM/ros_ws/install/libuvc/lib/cmake/libuvc:/SLAM/ros_ws/install/glog/share/glog/cmake'), ('VSCODE_GIT_ASKPASS_EXTRA_ARGS', ''), ('PWD', '/SLAM/ros_ws/build/sllidar_ros2'), ('LC_ALL', 'C.UTF-8'), ('PYTHONPATH', '/SLAM/ros_ws/install/orbbec_camera_msgs/local/lib/python3.10/dist-packages:/SLAM/ros_ws/install/astra_camera_msgs/local/lib/python3.10/dist-packages:/opt/ros/humble/lib/python3.10/site-packages:/opt/ros/humble/local/lib/python3.10/dist-packages'), ('COLCON', '1'), ('CMAKE_PREFIX_PATH', '/SLAM/ros_ws/install/sllidar_ros2:/SLAM/ros_ws/install/orbbec_description:/SLAM/ros_ws/install/orbbec_camera:/SLAM/ros_ws/install/orbbec_camera_msgs:/SLAM/ros_ws/install/magic_enum:/SLAM/ros_ws/install/libuvc:/SLAM/ros_ws/install/glog:/SLAM/ros_ws/install/astra_camera:/SLAM/ros_ws/install/astra_camera_msgs:/opt/ros/humble')]), 'shell': False}
[4.338063] (sllidar_ros2) StdoutLine: {'line': b'-- Install configuration: ""\n'}
[4.338388] (sllidar_ros2) StdoutLine: {'line': b'-- Execute custom install script\n'}
[4.338904] (sllidar_ros2) StdoutLine: {'line': b'-- Up-to-date symlink: /SLAM/ros_ws/install/sllidar_ros2/share/sllidar_ros2/launch/sllidar_a1_launch.py\n'}
[4.339006] (sllidar_ros2) StdoutLine: {'line': b'-- Up-to-date symlink: /SLAM/ros_ws/install/sllidar_ros2/share/sllidar_ros2/launch/sllidar_a2m12_launch .py\n'}
[4.339117] (sllidar_ros2) StdoutLine: {'line': b'-- Up-to-date symlink: /SLAM/ros_ws/install/sllidar_ros2/share/sllidar_ros2/launch/sllidar_a2m7_launch.py\n'}
[4.339203] (sllidar_ros2) StdoutLine: {'line': b'-- Up-to-date symlink: /SLAM/ros_ws/install/sllidar_ros2/share/sllidar_ros2/launch/sllidar_a2m8_launch.py\n'}
[4.339295] (sllidar_ros2) StdoutLine: {'line': b'-- Up-to-date symlink: /SLAM/ros_ws/install/sllidar_ros2/share/sllidar_ros2/launch/sllidar_a3_launch.py\n'}
[4.339386] (sllidar_ros2) StdoutLine: {'line': b'-- Up-to-date symlink: /SLAM/ros_ws/install/sllidar_ros2/share/sllidar_ros2/launch/sllidar_c1_launch.py\n'}
[4.339464] (sllidar_ros2) StdoutLine: {'line': b'-- Up-to-date symlink: /SLAM/ros_ws/install/sllidar_ros2/share/sllidar_ros2/launch/sllidar_s1_launch.py\n'}
[4.339544] (sllidar_ros2) StdoutLine: {'line': b'-- Up-to-date symlink: /SLAM/ros_ws/install/sllidar_ros2/share/sllidar_ros2/launch/sllidar_s1_tcp_launch.py\n'}
[4.339640] (sllidar_ros2) StdoutLine: {'line': b'-- Up-to-date symlink: /SLAM/ros_ws/install/sllidar_ros2/share/sllidar_ros2/launch/sllidar_s2_launch.py\n'}
[4.339730] (sllidar_ros2) StdoutLine: {'line': b'-- Up-to-date symlink: /SLAM/ros_ws/install/sllidar_ros2/share/sllidar_ros2/launch/sllidar_s2e_launch.py\n'}
[4.339814] (sllidar_ros2) StdoutLine: {'line': b'-- Up-to-date symlink: /SLAM/ros_ws/install/sllidar_ros2/share/sllidar_ros2/launch/sllidar_s3_launch.py\n'}
[4.339894] (sllidar_ros2) StdoutLine: {'line': b'-- Up-to-date symlink: /SLAM/ros_ws/install/sllidar_ros2/share/sllidar_ros2/launch/sllidar_t1_launch.py\n'}
[4.339982] (sllidar_ros2) StdoutLine: {'line': b'-- Up-to-date symlink: /SLAM/ros_ws/install/sllidar_ros2/share/sllidar_ros2/launch/view_sllidar_a1_launch.py\n'}
[4.340072] (sllidar_ros2) StdoutLine: {'line': b'-- Up-to-date symlink: /SLAM/ros_ws/install/sllidar_ros2/share/sllidar_ros2/launch/view_sllidar_a2m12_launch.py\n'}
[4.340162] (sllidar_ros2) StdoutLine: {'line': b'-- Up-to-date symlink: /SLAM/ros_ws/install/sllidar_ros2/share/sllidar_ros2/launch/view_sllidar_a2m7_launch.py\n'}
[4.340250] (sllidar_ros2) StdoutLine: {'line': b'-- Up-to-date symlink: /SLAM/ros_ws/install/sllidar_ros2/share/sllidar_ros2/launch/view_sllidar_a2m8_launch.py\n'}
[4.340339] (sllidar_ros2) StdoutLine: {'line': b'-- Up-to-date symlink: /SLAM/ros_ws/install/sllidar_ros2/share/sllidar_ros2/launch/view_sllidar_a3_launch.py\n'}
[4.340428] (sllidar_ros2) StdoutLine: {'line': b'-- Up-to-date symlink: /SLAM/ros_ws/install/sllidar_ros2/share/sllidar_ros2/launch/view_sllidar_c1_launch.py\n'}
[4.340516] (sllidar_ros2) StdoutLine: {'line': b'-- Up-to-date symlink: /SLAM/ros_ws/install/sllidar_ros2/share/sllidar_ros2/launch/view_sllidar_s1_launch.py\n'}
[4.340604] (sllidar_ros2) StdoutLine: {'line': b'-- Up-to-date symlink: /SLAM/ros_ws/install/sllidar_ros2/share/sllidar_ros2/launch/view_sllidar_s1_tcp_launch.py\n'}
[4.340693] (sllidar_ros2) StdoutLine: {'line': b'-- Up-to-date symlink: /SLAM/ros_ws/install/sllidar_ros2/share/sllidar_ros2/launch/view_sllidar_s2_launch.py\n'}
[4.340780] (sllidar_ros2) StdoutLine: {'line': b'-- Up-to-date symlink: /SLAM/ros_ws/install/sllidar_ros2/share/sllidar_ros2/launch/view_sllidar_s2e_launch.py\n'}
[4.340891] (sllidar_ros2) StdoutLine: {'line': b'-- Up-to-date symlink: /SLAM/ros_ws/install/sllidar_ros2/share/sllidar_ros2/launch/view_sllidar_s3_launch.py\n'}
[4.340972] (sllidar_ros2) StdoutLine: {'line': b'-- Up-to-date symlink: /SLAM/ros_ws/install/sllidar_ros2/share/sllidar_ros2/launch/view_sllidar_t1_launch.py\n'}
[4.341159] (sllidar_ros2) StdoutLine: {'line': b'-- Up-to-date symlink: /SLAM/ros_ws/install/sllidar_ros2/share/sllidar_ros2/rviz/sllidar_ros2.rviz\n'}
[4.341358] (sllidar_ros2) StdoutLine: {'line': b'-- Up-to-date symlink: /SLAM/ros_ws/install/sllidar_ros2/lib/sllidar_ros2/sllidar_node\n'}
[4.341476] (sllidar_ros2) StdoutLine: {'line': b'-- Up-to-date symlink: /SLAM/ros_ws/install/sllidar_ros2/lib/sllidar_ros2/sllidar_client\n'}
[4.341630] (sllidar_ros2) StdoutLine: {'line': b'-- Up-to-date symlink: /SLAM/ros_ws/install/sllidar_ros2/share/ament_index/resource_index/package_run_dependencies/sllidar_ros2\n'}
[4.341771] (sllidar_ros2) StdoutLine: {'line': b'-- Up-to-date symlink: /SLAM/ros_ws/install/sllidar_ros2/share/ament_index/resource_index/parent_prefix_path/sllidar_ros2\n'}
[4.341941] (sllidar_ros2) StdoutLine: {'line': b'-- Up-to-date symlink: /SLAM/ros_ws/install/sllidar_ros2/share/sllidar_ros2/environment/ament_prefix_path.sh\n'}
[4.342049] (sllidar_ros2) StdoutLine: {'line': b'-- Up-to-date symlink: /SLAM/ros_ws/install/sllidar_ros2/share/sllidar_ros2/environment/ament_prefix_path.dsv\n'}
[4.342187] (sllidar_ros2) StdoutLine: {'line': b'-- Up-to-date symlink: /SLAM/ros_ws/install/sllidar_ros2/share/sllidar_ros2/environment/path.sh\n'}
[4.342306] (sllidar_ros2) StdoutLine: {'line': b'-- Up-to-date symlink: /SLAM/ros_ws/install/sllidar_ros2/share/sllidar_ros2/environment/path.dsv\n'}
[4.342423] (sllidar_ros2) StdoutLine: {'line': b'-- Up-to-date symlink: /SLAM/ros_ws/install/sllidar_ros2/share/sllidar_ros2/local_setup.bash\n'}
[4.342540] (sllidar_ros2) StdoutLine: {'line': b'-- Up-to-date symlink: /SLAM/ros_ws/install/sllidar_ros2/share/sllidar_ros2/local_setup.sh\n'}
[4.342657] (sllidar_ros2) StdoutLine: {'line': b'-- Up-to-date symlink: /SLAM/ros_ws/install/sllidar_ros2/share/sllidar_ros2/local_setup.zsh\n'}
[4.342773] (sllidar_ros2) StdoutLine: {'line': b'-- Up-to-date symlink: /SLAM/ros_ws/install/sllidar_ros2/share/sllidar_ros2/local_setup.dsv\n'}
[4.342858] (sllidar_ros2) StdoutLine: {'line': b'-- Symlinking: /SLAM/ros_ws/install/sllidar_ros2/share/sllidar_ros2/package.dsv\n'}
[4.352918] (sllidar_ros2) StdoutLine: {'line': b'-- Up-to-date symlink: /SLAM/ros_ws/install/sllidar_ros2/share/ament_index/resource_index/packages/sllidar_ros2\n'}
[4.353070] (sllidar_ros2) StdoutLine: {'line': b'-- Up-to-date symlink: /SLAM/ros_ws/install/sllidar_ros2/share/sllidar_ros2/cmake/ament_cmake_export_dependencies-extras.cmake\n'}
[4.353216] (sllidar_ros2) StdoutLine: {'line': b'-- Up-to-date symlink: /SLAM/ros_ws/install/sllidar_ros2/share/sllidar_ros2/cmake/ament_cmake_export_include_directories-extras.cmake\n'}
[4.353373] (sllidar_ros2) StdoutLine: {'line': b'-- Up-to-date symlink: /SLAM/ros_ws/install/sllidar_ros2/share/sllidar_ros2/cmake/sllidar_ros2Config.cmake\n'}
[4.353495] (sllidar_ros2) StdoutLine: {'line': b'-- Up-to-date symlink: /SLAM/ros_ws/install/sllidar_ros2/share/sllidar_ros2/cmake/sllidar_ros2Config-version.cmake\n'}
[4.353636] (sllidar_ros2) StdoutLine: {'line': b'-- Up-to-date symlink: /SLAM/ros_ws/install/sllidar_ros2/share/sllidar_ros2/package.xml\n'}
[4.355543] (sllidar_ros2) CommandEnded: {'returncode': 0}
[4.413087] (-) TimerEvent: {}
[4.513451] (-) TimerEvent: {}
[4.529185] (sllidar_ros2) JobEnded: {'identifier': 'sllidar_ros2', 'rc': 0}
[4.529881] (-) EventReactorShutdown: {}
