[0.510s] Invoking command in '/SLAM/ros_ws/build/image_view': CMAKE_PREFIX_PATH=${CMAKE_PREFIX_PATH}:/SLAM/ros_ws/install/camera_calibration:/opt/ros/humble /usr/bin/cmake /SLAM/ros_ws/src/image_pipeline/image_view -DCMAKE_BUILD_TYPE=Release -DCMAKE_INSTALL_PREFIX=/SLAM/ros_ws/install/image_view
[0.537s] -- Found ament_cmake_auto: 1.3.6 (/opt/ros/humble/share/ament_cmake_auto/cmake)
[0.926s] -- Found rosidl_generator_c: 3.1.5 (/opt/ros/humble/share/rosidl_generator_c/cmake)
[0.931s] -- Found rosidl_adapter: 3.1.5 (/opt/ros/humble/share/rosidl_adapter/cmake)
[0.941s] -- Found rosidl_generator_cpp: 3.1.5 (/opt/ros/humble/share/rosidl_generator_cpp/cmake)
[0.959s] -- Using all available rosidl_typesupport_c: rosidl_typesupport_fastrtps_c;rosidl_typesupport_introspection_c
[0.984s] -- Using all available rosidl_typesupport_cpp: rosidl_typesupport_fastrtps_cpp;rosidl_typesupport_introspection_cpp
[1.073s] -- Found rmw_implementation_cmake: 6.1.1 (/opt/ros/humble/share/rmw_implementation_cmake/cmake)
[1.075s] -- Found rmw_fastrtps_cpp: 6.2.5 (/opt/ros/humble/share/rmw_fastrtps_cpp/cmake)
[1.315s] -- Using RMW implementation 'rmw_fastrtps_cpp' as default
[2.273s] -- Found ament_lint_auto: 0.12.9 (/opt/ros/humble/share/ament_lint_auto/cmake)
[2.285s] -- Added test 'copyright' to check source files copyright and LICENSE
[2.287s] -- Added test 'cppcheck' to perform static code analysis on C / C++ code
[2.288s] -- Configured cppcheck include dirs: /SLAM/ros_ws/src/image_pipeline/image_view/include
[2.288s] -- Configured cppcheck exclude dirs and/or files: 
[2.289s] -- Added test 'cpplint' to check C / C++ code against the Google style
[2.290s] -- Configured cpplint exclude dirs and/or files: 
[2.290s] -- Added test 'lint_cmake' to check CMake code style
[2.293s] -- Added test 'uncrustify' to check C / C++ code style
[2.293s] -- Configured uncrustify additional arguments: 
[2.293s] -- Added test 'xmllint' to check XML markup files
[2.296s] -- Configuring done
[2.409s] -- Generating done
[2.412s] -- Build files have been written to: /SLAM/ros_ws/build/image_view
[2.430s] Invoked command in '/SLAM/ros_ws/build/image_view' returned '0': CMAKE_PREFIX_PATH=${CMAKE_PREFIX_PATH}:/SLAM/ros_ws/install/camera_calibration:/opt/ros/humble /usr/bin/cmake /SLAM/ros_ws/src/image_pipeline/image_view -DCMAKE_BUILD_TYPE=Release -DCMAKE_INSTALL_PREFIX=/SLAM/ros_ws/install/image_view
[2.432s] Invoking command in '/SLAM/ros_ws/build/image_view': CMAKE_PREFIX_PATH=${CMAKE_PREFIX_PATH}:/SLAM/ros_ws/install/camera_calibration:/opt/ros/humble /usr/bin/cmake --build /SLAM/ros_ws/build/image_view -- -j16 -l16
[2.512s] [35m[1mConsolidate compiler generated dependencies of target image_view_nodes[0m
[2.583s] [  5%] [32mBuilding CXX object CMakeFiles/image_view_nodes.dir/src/disparity_view_node.cpp.o[0m
[2.588s] [ 10%] [32mBuilding CXX object CMakeFiles/image_view_nodes.dir/src/extract_images_node.cpp.o[0m
[2.588s] [ 15%] [32mBuilding CXX object CMakeFiles/image_view_nodes.dir/src/image_view_node.cpp.o[0m
[2.590s] [ 21%] [32mBuilding CXX object CMakeFiles/image_view_nodes.dir/src/image_saver_node.cpp.o[0m
[2.593s] [ 26%] [32mBuilding CXX object CMakeFiles/image_view_nodes.dir/src/stereo_view_node.cpp.o[0m
[2.610s] [ 31%] [32mBuilding CXX object CMakeFiles/image_view_nodes.dir/src/video_recorder_node.cpp.o[0m
