[0.000000] (-) TimerEvent: {}
[0.000262] (-) JobUnselected: {'identifier': 'astra_camera'}
[0.000408] (-) JobUnselected: {'identifier': 'astra_camera_msgs'}
[0.000432] (-) JobUnselected: {'identifier': 'br2_basics'}
[0.000452] (-) JobUnselected: {'identifier': 'br2_bt_bumpgo'}
[0.000469] (-) JobUnselected: {'identifier': 'br2_bt_patrolling'}
[0.000487] (-) JobUnselected: {'identifier': 'br2_fsm_bumpgo_cpp'}
[0.000504] (-) JobUnselected: {'identifier': 'br2_fsm_bumpgo_py'}
[0.000520] (-) JobUnselected: {'identifier': 'br2_navigation'}
[0.000538] (-) JobUnselected: {'identifier': 'br2_tf2_detector'}
[0.000554] (-) JobUnselected: {'identifier': 'br2_tiago'}
[0.000571] (-) JobUnselected: {'identifier': 'br2_tracking_msgs'}
[0.000588] (-) JobUnselected: {'identifier': 'br2_vff_avoidance'}
[0.000604] (-) JobUnselected: {'identifier': 'camera_calibration'}
[0.000621] (-) JobUnselected: {'identifier': 'depth_image_proc'}
[0.000637] (-) JobUnselected: {'identifier': 'image_pipeline'}
[0.000654] (-) JobUnselected: {'identifier': 'image_proc'}
[0.000671] (-) JobUnselected: {'identifier': 'image_publisher'}
[0.000688] (-) JobUnselected: {'identifier': 'image_rotate'}
[0.000705] (-) JobUnselected: {'identifier': 'image_view'}
[0.000723] (-) JobUnselected: {'identifier': 'my_robot_controller'}
[0.000740] (-) JobUnselected: {'identifier': 'rf2o_laser_odometry'}
[0.000757] (-) JobUnselected: {'identifier': 'rplidar_ros'}
[0.000773] (-) JobUnselected: {'identifier': 'rtabmap'}
[0.000790] (-) JobUnselected: {'identifier': 'rtabmap_conversions'}
[0.000807] (-) JobUnselected: {'identifier': 'rtabmap_demos'}
[0.000824] (-) JobUnselected: {'identifier': 'rtabmap_examples'}
[0.000840] (-) JobUnselected: {'identifier': 'rtabmap_launch'}
[0.000857] (-) JobUnselected: {'identifier': 'rtabmap_msgs'}
[0.000874] (-) JobUnselected: {'identifier': 'rtabmap_odom'}
[0.000891] (-) JobUnselected: {'identifier': 'rtabmap_python'}
[0.000908] (-) JobUnselected: {'identifier': 'rtabmap_ros'}
[0.000924] (-) JobUnselected: {'identifier': 'rtabmap_rviz_plugins'}
[0.000941] (-) JobUnselected: {'identifier': 'rtabmap_slam'}
[0.000957] (-) JobUnselected: {'identifier': 'rtabmap_sync'}
[0.000973] (-) JobUnselected: {'identifier': 'rtabmap_util'}
[0.000990] (-) JobUnselected: {'identifier': 'rtabmap_viz'}
[0.001006] (-) JobUnselected: {'identifier': 'slam_toolbox'}
[0.001023] (-) JobUnselected: {'identifier': 'sllidar_ros2'}
[0.001039] (-) JobUnselected: {'identifier': 'stereo_image_proc'}
[0.001056] (-) JobUnselected: {'identifier': 'tracetools_image_pipeline'}
[0.001073] (-) JobUnselected: {'identifier': 'tutourial_intefaces'}
[0.001090] (br2_tracking) JobQueued: {'identifier': 'br2_tracking', 'dependencies': OrderedDict([('br2_tracking_msgs', '/SLAM/ros_ws/install/br2_tracking_msgs')])}
[0.001112] (br2_tracking) JobStarted: {'identifier': 'br2_tracking'}
[0.061376] (br2_tracking) JobProgress: {'identifier': 'br2_tracking', 'progress': 'cmake'}
[0.061838] (br2_tracking) Command: {'cmd': ['/usr/bin/cmake', '/SLAM/ros_ws/src/book_ros2/br2_tracking', '-DAMENT_CMAKE_SYMLINK_INSTALL=1', '-DCMAKE_INSTALL_PREFIX=/SLAM/ros_ws/install/br2_tracking'], 'cwd': '/SLAM/ros_ws/build/br2_tracking', 'env': OrderedDict([('HOSTNAME', 'acer'), ('ROS_PACKAGE_PATH', '/SLAM/ros_ws/install/rtabmap_msgs/share'), ('GIT_ASKPASS', '/home/ros/.vscode-server/bin/0ee08df0cf4527e40edc9aa28f4b5bd38bbff2b2/extensions/git/dist/askpass.sh'), ('SHLVL', '2'), ('LD_LIBRARY_PATH', '/SLAM/ros_ws/install/br2_tracking_msgs/lib:/SLAM/ros_ws/install/tutourial_intefaces/lib:/SLAM/ros_ws/install/stereo_image_proc/lib:/SLAM/ros_ws/install/image_proc/lib:/SLAM/ros_ws/install/tracetools_image_pipeline/lib:/SLAM/ros_ws/install/rtabmap_slam/lib:/SLAM/ros_ws/install/rtabmap_odom/lib:/SLAM/ros_ws/install/rtabmap_util/lib:/SLAM/ros_ws/install/rtabmap_sync/lib:/SLAM/ros_ws/install/rtabmap_rviz_plugins/lib:/SLAM/ros_ws/install/rtabmap_conversions/lib:/SLAM/ros_ws/install/rtabmap_msgs/lib:/SLAM/ros_ws/install/rtabmap/lib:/SLAM/ros_ws/install/more_interfaces/lib:/SLAM/ros_ws/install/image_view/lib:/SLAM/ros_ws/install/image_rotate/lib:/SLAM/ros_ws/install/astra_camera/lib:/SLAM/ros_ws/install/image_publisher/lib:/SLAM/ros_ws/install/depth_image_proc/lib:/SLAM/ros_ws/install/astra_camera_msgs/lib:/usr/lib/x86_64-linux-gnu/gazebo-11/plugins:/opt/ros/humble/opt/rviz_ogre_vendor/lib:/opt/ros/humble/lib/x86_64-linux-gnu:/opt/ros/humble/lib'), ('BROWSER', '/home/ros/.vscode-server/bin/0ee08df0cf4527e40edc9aa28f4b5bd38bbff2b2/bin/helpers/browser.sh'), ('HOME', '/home/ros'), ('OLDPWD', '/SLAM/ros_ws/src'), ('TERM_PROGRAM_VERSION', '1.85.1'), ('VSCODE_IPC_HOOK_CLI', '/tmp/vscode-ipc-ff6ae304-d931-48d2-ae03-bfa9fbcf25aa.sock'), ('ROS_PYTHON_VERSION', '3'), ('VSCODE_GIT_ASKPASS_MAIN', '/home/ros/.vscode-server/bin/0ee08df0cf4527e40edc9aa28f4b5bd38bbff2b2/extensions/git/dist/askpass-main.js'), ('VSCODE_GIT_ASKPASS_NODE', '/home/ros/.vscode-server/bin/0ee08df0cf4527e40edc9aa28f4b5bd38bbff2b2/node'), ('COLORTERM', 'truecolor'), ('REMOTE_CONTAINERS', 'true'), ('COLCON_PREFIX_PATH', '/SLAM/ros_ws/install'), ('ROS_DISTRO', 'humble'), ('REMOTE_CONTAINERS_IPC', '/tmp/vscode-remote-containers-ipc-1ce1bf50-ab36-4602-83a7-c2001a291be1.sock'), ('_', '/usr/bin/colcon'), ('ROS_VERSION', '2'), ('PKG_CONFIG_PATH', '/SLAM/ros_ws/install/rtabmap_msgs/lib/x86_64-linux-gnu/pkgconfig:/SLAM/ros_ws/install/rtabmap_msgs/lib/pkgconfig:/SLAM/ros_ws/install/rtabmap/lib/x86_64-linux-gnu/pkgconfig:/SLAM/ros_ws/install/rtabmap/lib/pkgconfig'), ('TERM', 'xterm-256color'), ('ROS_LOCALHOST_ONLY', '0'), ('PATH', '/SLAM/ros_ws/install/image_proc/bin:/SLAM/ros_ws/install/rtabmap/bin:/home/ros/.vscode-server/bin/0ee08df0cf4527e40edc9aa28f4b5bd38bbff2b2/bin/remote-cli:/opt/ros/humble/bin:/usr/local/sbin:/usr/local/bin:/usr/sbin:/usr/bin:/sbin:/bin'), ('REMOTE_CONTAINERS_SOCKETS', '["/tmp/vscode-ssh-auth-1ce1bf50-ab36-4602-83a7-c2001a291be1.sock","/tmp/.X11-unix/X7","/home/ros/.gnupg/S.gpg-agent"]'), ('DISPLAY', ':1'), ('LANG', 'C.UTF-8'), ('VSCODE_GIT_IPC_HANDLE', '/tmp/vscode-git-f5e5d8950f.sock'), ('TERM_PROGRAM', 'vscode'), ('SSH_AUTH_SOCK', '/tmp/vscode-ssh-auth-1ce1bf50-ab36-4602-83a7-c2001a291be1.sock'), ('AMENT_PREFIX_PATH', '/SLAM/ros_ws/install/br2_tracking_msgs:/SLAM/ros_ws/install/br2_tiago:/SLAM/ros_ws/install/br2_basics:/SLAM/ros_ws/install/tutourial_intefaces:/SLAM/ros_ws/install/image_pipeline:/SLAM/ros_ws/install/stereo_image_proc:/SLAM/ros_ws/install/image_proc:/SLAM/ros_ws/install/tracetools_image_pipeline:/SLAM/ros_ws/install/sllidar_ros2:/SLAM/ros_ws/install/rtabmap_ros:/SLAM/ros_ws/install/rtabmap_launch:/SLAM/ros_ws/install/rtabmap_examples:/SLAM/ros_ws/install/rtabmap_demos:/SLAM/ros_ws/install/rtabmap_viz:/SLAM/ros_ws/install/rtabmap_slam:/SLAM/ros_ws/install/rtabmap_odom:/SLAM/ros_ws/install/rtabmap_util:/SLAM/ros_ws/install/rtabmap_sync:/SLAM/ros_ws/install/rtabmap_rviz_plugins:/SLAM/ros_ws/install/rtabmap_python:/SLAM/ros_ws/install/rtabmap_conversions:/SLAM/ros_ws/install/rplidar_ros:/SLAM/ros_ws/install/rf2o_laser_odometry:/SLAM/ros_ws/install/my_robot_controller:/SLAM/ros_ws/install/more_interfaces:/SLAM/ros_ws/install/image_view:/SLAM/ros_ws/install/image_rotate:/SLAM/ros_ws/install/astra_camera:/SLAM/ros_ws/install/image_publisher:/SLAM/ros_ws/install/depth_image_proc:/SLAM/ros_ws/install/cpp_srvcli:/SLAM/ros_ws/install/cpp_pubsub:/SLAM/ros_ws/install/camera_calibration:/SLAM/ros_ws/install/astra_camera_msgs:/opt/ros/humble'), ('REMOTE_CONTAINERS_DISPLAY_SOCK', '/tmp/.X11-unix/X7'), ('SHELL', '/bin/bash'), ('VSCODE_GIT_ASKPASS_EXTRA_ARGS', ''), ('PWD', '/SLAM/ros_ws/build/br2_tracking'), ('LC_ALL', 'C.UTF-8'), ('PYTHONPATH', '/SLAM/ros_ws/install/br2_tracking_msgs/local/lib/python3.10/dist-packages:/SLAM/ros_ws/install/tutourial_intefaces/local/lib/python3.10/dist-packages:/SLAM/ros_ws/build/rtabmap_python:/SLAM/ros_ws/install/rtabmap_python/lib/python3.10/site-packages:/SLAM/ros_ws/install/rtabmap_msgs/local/lib/python3.10/dist-packages:/SLAM/ros_ws/build/my_robot_controller:/SLAM/ros_ws/install/my_robot_controller/lib/python3.10/site-packages:/SLAM/ros_ws/install/more_interfaces/local/lib/python3.10/dist-packages:/SLAM/ros_ws/build/camera_calibration/src:/SLAM/ros_ws/install/camera_calibration/lib/python3.10/site-packages:/SLAM/ros_ws/install/astra_camera_msgs/local/lib/python3.10/dist-packages:/opt/ros/humble/lib/python3.10/site-packages:/opt/ros/humble/local/lib/python3.10/dist-packages'), ('COLCON', '1'), ('CMAKE_PREFIX_PATH', '/SLAM/ros_ws/install/br2_tracking_msgs:/SLAM/ros_ws/install/br2_tiago:/SLAM/ros_ws/install/br2_basics:/SLAM/ros_ws/install/tutourial_intefaces:/SLAM/ros_ws/install/image_pipeline:/SLAM/ros_ws/install/stereo_image_proc:/SLAM/ros_ws/install/image_proc:/SLAM/ros_ws/install/tracetools_image_pipeline:/SLAM/ros_ws/install/sllidar_ros2:/SLAM/ros_ws/install/rtabmap_ros:/SLAM/ros_ws/install/rtabmap_launch:/SLAM/ros_ws/install/rtabmap_examples:/SLAM/ros_ws/install/rtabmap_demos:/SLAM/ros_ws/install/rtabmap_viz:/SLAM/ros_ws/install/rtabmap_slam:/SLAM/ros_ws/install/rtabmap_odom:/SLAM/ros_ws/install/rtabmap_util:/SLAM/ros_ws/install/rtabmap_sync:/SLAM/ros_ws/install/rtabmap_rviz_plugins:/SLAM/ros_ws/install/rtabmap_conversions:/SLAM/ros_ws/install/rtabmap_python:/SLAM/ros_ws/install/my_robot_controller:/SLAM/ros_ws/install/camera_calibration:/opt/ros/humble:/SLAM/ros_ws/install/rtabmap_msgs:/SLAM/ros_ws/install/rtabmap:/SLAM/ros_ws/install/rplidar_ros:/SLAM/ros_ws/install/rf2o_laser_odometry:/SLAM/ros_ws/install/more_interfaces:/SLAM/ros_ws/install/image_view:/SLAM/ros_ws/install/image_rotate:/SLAM/ros_ws/install/astra_camera:/SLAM/ros_ws/install/image_publisher:/SLAM/ros_ws/install/depth_image_proc:/SLAM/ros_ws/install/cpp_srvcli:/SLAM/ros_ws/install/cpp_pubsub:/SLAM/ros_ws/install/astra_camera_msgs')]), 'shell': False}
[0.099197] (-) TimerEvent: {}
[0.139304] (br2_tracking) StdoutLine: {'line': b'-- The C compiler identification is GNU 11.4.0\n'}
[0.193180] (br2_tracking) StdoutLine: {'line': b'-- The CXX compiler identification is GNU 11.4.0\n'}
[0.199279] (-) TimerEvent: {}
[0.200408] (br2_tracking) StdoutLine: {'line': b'-- Detecting C compiler ABI info\n'}
[0.279857] (br2_tracking) StdoutLine: {'line': b'-- Detecting C compiler ABI info - done\n'}
[0.285066] (br2_tracking) StdoutLine: {'line': b'-- Check for working C compiler: /usr/bin/cc - skipped\n'}
[0.285277] (br2_tracking) StdoutLine: {'line': b'-- Detecting C compile features\n'}
[0.285581] (br2_tracking) StdoutLine: {'line': b'-- Detecting C compile features - done\n'}
[0.288195] (br2_tracking) StdoutLine: {'line': b'-- Detecting CXX compiler ABI info\n'}
[0.299384] (-) TimerEvent: {}
[0.377943] (br2_tracking) StdoutLine: {'line': b'-- Detecting CXX compiler ABI info - done\n'}
[0.383571] (br2_tracking) StdoutLine: {'line': b'-- Check for working CXX compiler: /usr/bin/c++ - skipped\n'}
[0.383821] (br2_tracking) StdoutLine: {'line': b'-- Detecting CXX compile features\n'}
[0.384098] (br2_tracking) StdoutLine: {'line': b'-- Detecting CXX compile features - done\n'}
[0.390879] (br2_tracking) StdoutLine: {'line': b'-- Found ament_cmake: 1.3.6 (/opt/ros/humble/share/ament_cmake/cmake)\n'}
[0.399560] (-) TimerEvent: {}
[0.499863] (-) TimerEvent: {}
[0.572912] (br2_tracking) StdoutLine: {'line': b'-- Found Python3: /usr/bin/python3.10 (found version "3.10.12") found components: Interpreter \n'}
[0.599959] (-) TimerEvent: {}
[0.630441] (br2_tracking) StdoutLine: {'line': b'-- Override CMake install command with custom implementation using symlinks instead of copying resources\n'}
[0.700066] (-) TimerEvent: {}
[0.714659] (br2_tracking) StdoutLine: {'line': b'-- Found rclcpp: 16.0.7 (/opt/ros/humble/share/rclcpp/cmake)\n'}
[0.800174] (-) TimerEvent: {}
[0.800364] (br2_tracking) StdoutLine: {'line': b'-- Found rosidl_generator_c: 3.1.5 (/opt/ros/humble/share/rosidl_generator_c/cmake)\n'}
[0.813297] (br2_tracking) StdoutLine: {'line': b'-- Found rosidl_adapter: 3.1.5 (/opt/ros/humble/share/rosidl_adapter/cmake)\n'}
[0.829684] (br2_tracking) StdoutLine: {'line': b'-- Found rosidl_generator_cpp: 3.1.5 (/opt/ros/humble/share/rosidl_generator_cpp/cmake)\n'}
[0.851069] (br2_tracking) StdoutLine: {'line': b'-- Using all available rosidl_typesupport_c: rosidl_typesupport_fastrtps_c;rosidl_typesupport_introspection_c\n'}
[0.881571] (br2_tracking) StdoutLine: {'line': b'-- Using all available rosidl_typesupport_cpp: rosidl_typesupport_fastrtps_cpp;rosidl_typesupport_introspection_cpp\n'}
[0.900256] (-) TimerEvent: {}
[0.982046] (br2_tracking) StdoutLine: {'line': b'-- Found rmw_implementation_cmake: 6.1.1 (/opt/ros/humble/share/rmw_implementation_cmake/cmake)\n'}
[0.989229] (br2_tracking) StdoutLine: {'line': b'-- Found rmw_fastrtps_cpp: 6.2.5 (/opt/ros/humble/share/rmw_fastrtps_cpp/cmake)\n'}
[1.000354] (-) TimerEvent: {}
[1.100592] (-) TimerEvent: {}
[1.143589] (br2_tracking) StdoutLine: {'line': b'-- Found OpenSSL: /usr/lib/x86_64-linux-gnu/libcrypto.so (found version "3.0.2")  \n'}
[1.184591] (br2_tracking) StdoutLine: {'line': b'-- Found FastRTPS: /opt/ros/humble/include  \n'}
[1.200690] (-) TimerEvent: {}
[1.258435] (br2_tracking) StdoutLine: {'line': b"-- Using RMW implementation 'rmw_fastrtps_cpp' as default\n"}
[1.282412] (br2_tracking) StdoutLine: {'line': b'-- Looking for pthread.h\n'}
[1.300798] (-) TimerEvent: {}
[1.366579] (br2_tracking) StdoutLine: {'line': b'-- Looking for pthread.h - found\n'}
[1.366853] (br2_tracking) StdoutLine: {'line': b'-- Performing Test CMAKE_HAVE_LIBC_PTHREAD\n'}
[1.400920] (-) TimerEvent: {}
[1.451906] (br2_tracking) StdoutLine: {'line': b'-- Performing Test CMAKE_HAVE_LIBC_PTHREAD - Success\n'}
[1.452794] (br2_tracking) StdoutLine: {'line': b'-- Found Threads: TRUE  \n'}
[1.501019] (-) TimerEvent: {}
[1.601287] (-) TimerEvent: {}
[1.602550] (br2_tracking) StdoutLine: {'line': b'-- Found rclcpp_lifecycle: 16.0.7 (/opt/ros/humble/share/rclcpp_lifecycle/cmake)\n'}
[1.644640] (br2_tracking) StdoutLine: {'line': b'-- Found br2_tracking_msgs: 0.2.0 (/SLAM/ros_ws/install/br2_tracking_msgs/share/br2_tracking_msgs/cmake)\n'}
[1.677496] (br2_tracking) StdoutLine: {'line': b'-- Found sensor_msgs: 4.2.3 (/opt/ros/humble/share/sensor_msgs/cmake)\n'}
[1.701378] (-) TimerEvent: {}
[1.801634] (-) TimerEvent: {}
[1.807703] (br2_tracking) StderrLine: {'line': b'\x1b[31mCMake Error at CMakeLists.txt:13 (find_package):\n'}
[1.807918] (br2_tracking) StderrLine: {'line': b'  By not providing "Findvision_msgs.cmake" in CMAKE_MODULE_PATH this project\n'}
[1.808000] (br2_tracking) StderrLine: {'line': b'  has asked CMake to find a package configuration file provided by\n'}
[1.808071] (br2_tracking) StderrLine: {'line': b'  "vision_msgs", but CMake did not find one.\n'}
[1.808139] (br2_tracking) StderrLine: {'line': b'\n'}
[1.808205] (br2_tracking) StderrLine: {'line': b'  Could not find a package configuration file provided by "vision_msgs" with\n'}
[1.808270] (br2_tracking) StderrLine: {'line': b'  any of the following names:\n'}
[1.808336] (br2_tracking) StderrLine: {'line': b'\n'}
[1.808402] (br2_tracking) StderrLine: {'line': b'    vision_msgsConfig.cmake\n'}
[1.808482] (br2_tracking) StderrLine: {'line': b'    vision_msgs-config.cmake\n'}
[1.808546] (br2_tracking) StderrLine: {'line': b'\n'}
[1.808631] (br2_tracking) StderrLine: {'line': b'  Add the installation prefix of "vision_msgs" to CMAKE_PREFIX_PATH or set\n'}
[1.808729] (br2_tracking) StderrLine: {'line': b'  "vision_msgs_DIR" to a directory containing one of the above files.  If\n'}
[1.808799] (br2_tracking) StderrLine: {'line': b'  "vision_msgs" provides a separate development package or SDK, be sure it\n'}
[1.808868] (br2_tracking) StderrLine: {'line': b'  has been installed.\n'}
[1.808930] (br2_tracking) StderrLine: {'line': b'\n'}
[1.809005] (br2_tracking) StderrLine: {'line': b'\x1b[0m\n'}
[1.809086] (br2_tracking) StdoutLine: {'line': b'-- Configuring incomplete, errors occurred!\n'}
[1.809147] (br2_tracking) StdoutLine: {'line': b'See also "/SLAM/ros_ws/build/br2_tracking/CMakeFiles/CMakeOutput.log".\n'}
[1.815949] (br2_tracking) CommandEnded: {'returncode': 1}
[1.861792] (br2_tracking) JobEnded: {'identifier': 'br2_tracking', 'rc': 1}
[1.862551] (-) EventReactorShutdown: {}
