[0.588s] Invoking command in '/SLAM/ros_ws/build/depth_image_proc': CMAKE_PREFIX_PATH=${CMAKE_PREFIX_PATH}:/SLAM/ros_ws/install/camera_calibration:/opt/ros/humble /usr/bin/cmake /SLAM/ros_ws/src/image_pipeline/depth_image_proc -DCMAKE_BUILD_TYPE=Release -DAMENT_CMAKE_SYMLINK_INSTALL=1 -DCMAKE_INSTALL_PREFIX=/SLAM/ros_ws/install/depth_image_proc
[0.978s] -- Found ament_cmake_auto: 1.3.6 (/opt/ros/humble/share/ament_cmake_auto/cmake)
[0.978s] -- Override CMake install command with custom implementation using symlinks instead of copying resources
[0.978s] -- Found rosidl_generator_c: 3.1.5 (/opt/ros/humble/share/rosidl_generator_c/cmake)
[0.978s] -- Found rosidl_adapter: 3.1.5 (/opt/ros/humble/share/rosidl_adapter/cmake)
[0.978s] -- Found rosidl_generator_cpp: 3.1.5 (/opt/ros/humble/share/rosidl_generator_cpp/cmake)
[0.979s] -- Using all available rosidl_typesupport_c: rosidl_typesupport_fastrtps_c;rosidl_typesupport_introspection_c
[0.987s] -- Using all available rosidl_typesupport_cpp: rosidl_typesupport_fastrtps_cpp;rosidl_typesupport_introspection_cpp
[1.419s] -- Found rmw_implementation_cmake: 6.1.1 (/opt/ros/humble/share/rmw_implementation_cmake/cmake)
[1.422s] -- Found rmw_fastrtps_cpp: 6.2.5 (/opt/ros/humble/share/rmw_fastrtps_cpp/cmake)
[1.660s] -- Using RMW implementation 'rmw_fastrtps_cpp' as default
[2.483s] -- Found ament_lint_auto: 0.12.9 (/opt/ros/humble/share/ament_lint_auto/cmake)
[2.511s] -- Added test 'copyright' to check source files copyright and LICENSE
[2.511s] -- Added test 'cppcheck' to perform static code analysis on C / C++ code
[2.511s] -- Configured cppcheck include dirs: /SLAM/ros_ws/src/image_pipeline/depth_image_proc/include
[2.511s] -- Configured cppcheck exclude dirs and/or files: 
[2.512s] -- Added test 'cpplint' to check C / C++ code against the Google style
[2.512s] -- Configured cpplint exclude dirs and/or files: 
[2.513s] -- Added test 'flake8' to check Python code syntax and style conventions
[2.514s] -- Added test 'lint_cmake' to check CMake code style
[2.515s] -- Added test 'pep257' to check Python code against some of the docstring style conventions in PEP 257
[2.518s] -- Added test 'uncrustify' to check C / C++ code style
[2.519s] -- Configured uncrustify additional arguments: 
[2.520s] -- Added test 'xmllint' to check XML markup files
[2.534s] -- Configuring done
[2.572s] -- Generating done
[2.576s] -- Build files have been written to: /SLAM/ros_ws/build/depth_image_proc
[2.600s] Invoked command in '/SLAM/ros_ws/build/depth_image_proc' returned '0': CMAKE_PREFIX_PATH=${CMAKE_PREFIX_PATH}:/SLAM/ros_ws/install/camera_calibration:/opt/ros/humble /usr/bin/cmake /SLAM/ros_ws/src/image_pipeline/depth_image_proc -DCMAKE_BUILD_TYPE=Release -DAMENT_CMAKE_SYMLINK_INSTALL=1 -DCMAKE_INSTALL_PREFIX=/SLAM/ros_ws/install/depth_image_proc
[2.601s] Invoking command in '/SLAM/ros_ws/build/depth_image_proc': CMAKE_PREFIX_PATH=${CMAKE_PREFIX_PATH}:/SLAM/ros_ws/install/camera_calibration:/opt/ros/humble /usr/bin/cmake --build /SLAM/ros_ws/build/depth_image_proc
[2.767s] [35m[1mConsolidate compiler generated dependencies of target depth_image_proc[0m
[2.949s] [  8%] [32mBuilding CXX object CMakeFiles/depth_image_proc.dir/src/conversions.cpp.o[0m
[2.967s] [ 16%] [32mBuilding CXX object CMakeFiles/depth_image_proc.dir/src/convert_metric.cpp.o[0m
[2.974s] [ 25%] [32mBuilding CXX object CMakeFiles/depth_image_proc.dir/src/crop_foremost.cpp.o[0m
[3.021s] [ 33%] [32mBuilding CXX object CMakeFiles/depth_image_proc.dir/src/disparity.cpp.o[0m
[3.047s] [ 41%] [32mBuilding CXX object CMakeFiles/depth_image_proc.dir/src/point_cloud_xyz.cpp.o[0m
[3.062s] [ 50%] [32mBuilding CXX object CMakeFiles/depth_image_proc.dir/src/point_cloud_xyzrgb.cpp.o[0m
[6.685s] [ 58%] [32mBuilding CXX object CMakeFiles/depth_image_proc.dir/src/point_cloud_xyzi.cpp.o[0m
[14.582s] [ 66%] [32mBuilding CXX object CMakeFiles/depth_image_proc.dir/src/point_cloud_xyz_radial.cpp.o[0m
[17.412s] [ 75%] [32mBuilding CXX object CMakeFiles/depth_image_proc.dir/src/point_cloud_xyzi_radial.cpp.o[0m
[22.765s] [ 83%] [32mBuilding CXX object CMakeFiles/depth_image_proc.dir/src/point_cloud_xyzrgb_radial.cpp.o[0m
[31.180s] [ 91%] [32mBuilding CXX object CMakeFiles/depth_image_proc.dir/src/register.cpp.o[0m
[57.610s] [100%] [32m[1mLinking CXX shared library libdepth_image_proc.so[0m
[58.016s] [100%] Built target depth_image_proc
