[0.704s] Invoking command in '/SLAM/ros_ws/build/image_publisher': CMAKE_PREFIX_PATH=/SLAM/ros_ws/install/rplidar_ros:/SLAM/ros_ws/install/examples_rclcpp_minimal_client:/SLAM/ros_ws/install/cpp_srvcli:/SLAM/ros_ws/install/image_pipeline:/SLAM/ros_ws/install/stereo_image_proc:/SLAM/ros_ws/install/image_proc:/SLAM/ros_ws/install/tracetools_image_pipeline:/SLAM/ros_ws/install/sllidar_ros2:/SLAM/ros_ws/install/rtabmap_ros:/SLAM/ros_ws/install/rtabmap_launch:/SLAM/ros_ws/install/rtabmap_examples:/SLAM/ros_ws/install/rtabmap_demos:/SLAM/ros_ws/install/rtabmap_viz:/SLAM/ros_ws/install/rtabmap_slam:/SLAM/ros_ws/install/rtabmap_odom:/SLAM/ros_ws/install/rtabmap_util:/SLAM/ros_ws/install/rtabmap_sync:/SLAM/ros_ws/install/rtabmap_rviz_plugins:/SLAM/ros_ws/install/rtabmap_conversions:/SLAM/ros_ws/install/examples_rclpy_minimal_client:/SLAM/ros_ws/install/examples_rclpy_minimal_action_server:/SLAM/ros_ws/install/examples_rclpy_minimal_action_client:/SLAM/ros_ws/install/examples_rclpy_executors:/SLAM/ros_ws/install/rtabmap_python:/SLAM/ros_ws/install/camera_calibration:/opt/ros/humble:/SLAM/ros_ws/install/rtabmap_msgs:/SLAM/ros_ws/install/rtabmap:/SLAM/ros_ws/install/image_view:/SLAM/ros_ws/install/image_rotate:/SLAM/ros_ws/install/astra_camera:/SLAM/ros_ws/install/image_publisher:/SLAM/ros_ws/install/depth_image_proc:/SLAM/ros_ws/install/astra_camera_msgs /usr/bin/cmake --build /SLAM/ros_ws/build/image_publisher -- -j16 -l16
[1.729s] [ 50%] Built target image_publisher
[1.729s] [100%] Built target image_publisher_node
[1.738s] Invoked command in '/SLAM/ros_ws/build/image_publisher' returned '0': CMAKE_PREFIX_PATH=/SLAM/ros_ws/install/rplidar_ros:/SLAM/ros_ws/install/examples_rclcpp_minimal_client:/SLAM/ros_ws/install/cpp_srvcli:/SLAM/ros_ws/install/image_pipeline:/SLAM/ros_ws/install/stereo_image_proc:/SLAM/ros_ws/install/image_proc:/SLAM/ros_ws/install/tracetools_image_pipeline:/SLAM/ros_ws/install/sllidar_ros2:/SLAM/ros_ws/install/rtabmap_ros:/SLAM/ros_ws/install/rtabmap_launch:/SLAM/ros_ws/install/rtabmap_examples:/SLAM/ros_ws/install/rtabmap_demos:/SLAM/ros_ws/install/rtabmap_viz:/SLAM/ros_ws/install/rtabmap_slam:/SLAM/ros_ws/install/rtabmap_odom:/SLAM/ros_ws/install/rtabmap_util:/SLAM/ros_ws/install/rtabmap_sync:/SLAM/ros_ws/install/rtabmap_rviz_plugins:/SLAM/ros_ws/install/rtabmap_conversions:/SLAM/ros_ws/install/examples_rclpy_minimal_client:/SLAM/ros_ws/install/examples_rclpy_minimal_action_server:/SLAM/ros_ws/install/examples_rclpy_minimal_action_client:/SLAM/ros_ws/install/examples_rclpy_executors:/SLAM/ros_ws/install/rtabmap_python:/SLAM/ros_ws/install/camera_calibration:/opt/ros/humble:/SLAM/ros_ws/install/rtabmap_msgs:/SLAM/ros_ws/install/rtabmap:/SLAM/ros_ws/install/image_view:/SLAM/ros_ws/install/image_rotate:/SLAM/ros_ws/install/astra_camera:/SLAM/ros_ws/install/image_publisher:/SLAM/ros_ws/install/depth_image_proc:/SLAM/ros_ws/install/astra_camera_msgs /usr/bin/cmake --build /SLAM/ros_ws/build/image_publisher -- -j16 -l16
[1.829s] Invoking command in '/SLAM/ros_ws/build/image_publisher': CMAKE_PREFIX_PATH=/SLAM/ros_ws/install/rplidar_ros:/SLAM/ros_ws/install/examples_rclcpp_minimal_client:/SLAM/ros_ws/install/cpp_srvcli:/SLAM/ros_ws/install/image_pipeline:/SLAM/ros_ws/install/stereo_image_proc:/SLAM/ros_ws/install/image_proc:/SLAM/ros_ws/install/tracetools_image_pipeline:/SLAM/ros_ws/install/sllidar_ros2:/SLAM/ros_ws/install/rtabmap_ros:/SLAM/ros_ws/install/rtabmap_launch:/SLAM/ros_ws/install/rtabmap_examples:/SLAM/ros_ws/install/rtabmap_demos:/SLAM/ros_ws/install/rtabmap_viz:/SLAM/ros_ws/install/rtabmap_slam:/SLAM/ros_ws/install/rtabmap_odom:/SLAM/ros_ws/install/rtabmap_util:/SLAM/ros_ws/install/rtabmap_sync:/SLAM/ros_ws/install/rtabmap_rviz_plugins:/SLAM/ros_ws/install/rtabmap_conversions:/SLAM/ros_ws/install/examples_rclpy_minimal_client:/SLAM/ros_ws/install/examples_rclpy_minimal_action_server:/SLAM/ros_ws/install/examples_rclpy_minimal_action_client:/SLAM/ros_ws/install/examples_rclpy_executors:/SLAM/ros_ws/install/rtabmap_python:/SLAM/ros_ws/install/camera_calibration:/opt/ros/humble:/SLAM/ros_ws/install/rtabmap_msgs:/SLAM/ros_ws/install/rtabmap:/SLAM/ros_ws/install/image_view:/SLAM/ros_ws/install/image_rotate:/SLAM/ros_ws/install/astra_camera:/SLAM/ros_ws/install/image_publisher:/SLAM/ros_ws/install/depth_image_proc:/SLAM/ros_ws/install/astra_camera_msgs /usr/bin/cmake --install /SLAM/ros_ws/build/image_publisher
[1.845s] -- Install configuration: "Release"
[1.846s] -- Execute custom install script
[1.846s] -- Up-to-date symlink: /SLAM/ros_ws/install/image_publisher/include/image_publisher/image_publisher.hpp
[1.847s] -- Up-to-date symlink: /SLAM/ros_ws/install/image_publisher/include/image_publisher/visibility.h
[1.847s] -- Up-to-date symlink: /SLAM/ros_ws/install/image_publisher/share/image_publisher/environment/library_path.sh
[1.847s] -- Up-to-date symlink: /SLAM/ros_ws/install/image_publisher/share/image_publisher/environment/library_path.dsv
[1.847s] -- Up-to-date symlink: /SLAM/ros_ws/install/image_publisher/lib/libimage_publisher.so
[1.847s] -- Up-to-date symlink: /SLAM/ros_ws/install/image_publisher/lib/image_publisher/image_publisher_node
[1.851s] -- Up-to-date symlink: /SLAM/ros_ws/install/image_publisher/share/image_publisher/launch/image_publisher_file.launch.py
[1.851s] -- Up-to-date symlink: /SLAM/ros_ws/install/image_publisher/share/image_publisher/launch/image_publisher_mono.launch.py
[1.851s] -- Up-to-date symlink: /SLAM/ros_ws/install/image_publisher/share/image_publisher/launch/image_publisher_stereo.launch.py
[1.851s] -- Up-to-date symlink: /SLAM/ros_ws/install/image_publisher/share/image_publisher/launch/splash.png
[1.851s] -- Up-to-date symlink: /SLAM/ros_ws/install/image_publisher/share/ament_index/resource_index/package_run_dependencies/image_publisher
[1.851s] -- Up-to-date symlink: /SLAM/ros_ws/install/image_publisher/share/ament_index/resource_index/parent_prefix_path/image_publisher
[1.853s] -- Up-to-date symlink: /SLAM/ros_ws/install/image_publisher/share/image_publisher/environment/ament_prefix_path.sh
[1.858s] -- Up-to-date symlink: /SLAM/ros_ws/install/image_publisher/share/image_publisher/environment/ament_prefix_path.dsv
[1.858s] -- Up-to-date symlink: /SLAM/ros_ws/install/image_publisher/share/image_publisher/environment/path.sh
[1.858s] -- Up-to-date symlink: /SLAM/ros_ws/install/image_publisher/share/image_publisher/environment/path.dsv
[1.858s] -- Up-to-date symlink: /SLAM/ros_ws/install/image_publisher/share/image_publisher/local_setup.bash
[1.858s] -- Up-to-date symlink: /SLAM/ros_ws/install/image_publisher/share/image_publisher/local_setup.sh
[1.858s] -- Up-to-date symlink: /SLAM/ros_ws/install/image_publisher/share/image_publisher/local_setup.zsh
[1.859s] -- Up-to-date symlink: /SLAM/ros_ws/install/image_publisher/share/image_publisher/local_setup.dsv
[1.859s] -- Symlinking: /SLAM/ros_ws/install/image_publisher/share/image_publisher/package.dsv
[1.881s] -- Up-to-date symlink: /SLAM/ros_ws/install/image_publisher/share/ament_index/resource_index/packages/image_publisher
[1.881s] -- Up-to-date symlink: /SLAM/ros_ws/install/image_publisher/share/ament_index/resource_index/rclcpp_components/image_publisher
[1.881s] -- Up-to-date symlink: /SLAM/ros_ws/install/image_publisher/share/image_publisher/cmake/ament_cmake_export_dependencies-extras.cmake
[1.882s] -- Up-to-date symlink: /SLAM/ros_ws/install/image_publisher/share/image_publisher/cmake/ament_cmake_export_include_directories-extras.cmake
[1.882s] -- Up-to-date symlink: /SLAM/ros_ws/install/image_publisher/share/image_publisher/cmake/ament_cmake_export_libraries-extras.cmake
[1.882s] -- Up-to-date symlink: /SLAM/ros_ws/install/image_publisher/share/image_publisher/cmake/image_publisherConfig.cmake
[1.882s] -- Up-to-date symlink: /SLAM/ros_ws/install/image_publisher/share/image_publisher/cmake/image_publisherConfig-version.cmake
[1.882s] -- Up-to-date symlink: /SLAM/ros_ws/install/image_publisher/share/image_publisher/package.xml
[1.884s] Invoked command in '/SLAM/ros_ws/build/image_publisher' returned '0': CMAKE_PREFIX_PATH=/SLAM/ros_ws/install/rplidar_ros:/SLAM/ros_ws/install/examples_rclcpp_minimal_client:/SLAM/ros_ws/install/cpp_srvcli:/SLAM/ros_ws/install/image_pipeline:/SLAM/ros_ws/install/stereo_image_proc:/SLAM/ros_ws/install/image_proc:/SLAM/ros_ws/install/tracetools_image_pipeline:/SLAM/ros_ws/install/sllidar_ros2:/SLAM/ros_ws/install/rtabmap_ros:/SLAM/ros_ws/install/rtabmap_launch:/SLAM/ros_ws/install/rtabmap_examples:/SLAM/ros_ws/install/rtabmap_demos:/SLAM/ros_ws/install/rtabmap_viz:/SLAM/ros_ws/install/rtabmap_slam:/SLAM/ros_ws/install/rtabmap_odom:/SLAM/ros_ws/install/rtabmap_util:/SLAM/ros_ws/install/rtabmap_sync:/SLAM/ros_ws/install/rtabmap_rviz_plugins:/SLAM/ros_ws/install/rtabmap_conversions:/SLAM/ros_ws/install/examples_rclpy_minimal_client:/SLAM/ros_ws/install/examples_rclpy_minimal_action_server:/SLAM/ros_ws/install/examples_rclpy_minimal_action_client:/SLAM/ros_ws/install/examples_rclpy_executors:/SLAM/ros_ws/install/rtabmap_python:/SLAM/ros_ws/install/camera_calibration:/opt/ros/humble:/SLAM/ros_ws/install/rtabmap_msgs:/SLAM/ros_ws/install/rtabmap:/SLAM/ros_ws/install/image_view:/SLAM/ros_ws/install/image_rotate:/SLAM/ros_ws/install/astra_camera:/SLAM/ros_ws/install/image_publisher:/SLAM/ros_ws/install/depth_image_proc:/SLAM/ros_ws/install/astra_camera_msgs /usr/bin/cmake --install /SLAM/ros_ws/build/image_publisher
