[0.875s] Invoking command in '/SLAM/ros_ws/build/rtabmap': CMAKE_PREFIX_PATH=/SLAM/ros_ws/install/tutourial_intefaces:/SLAM/ros_ws/install/more_interfaces:/SLAM/ros_ws/install/cpp_pubsub:/SLAM/ros_ws/install/rplidar_ros:/SLAM/ros_ws/install/examples_rclcpp_minimal_client:/SLAM/ros_ws/install/cpp_srvcli:/SLAM/ros_ws/install/image_pipeline:/SLAM/ros_ws/install/stereo_image_proc:/SLAM/ros_ws/install/image_proc:/SLAM/ros_ws/install/tracetools_image_pipeline:/SLAM/ros_ws/install/sllidar_ros2:/SLAM/ros_ws/install/rtabmap_ros:/SLAM/ros_ws/install/rtabmap_launch:/SLAM/ros_ws/install/rtabmap_examples:/SLAM/ros_ws/install/rtabmap_demos:/SLAM/ros_ws/install/rtabmap_viz:/SLAM/ros_ws/install/rtabmap_slam:/SLAM/ros_ws/install/rtabmap_odom:/SLAM/ros_ws/install/rtabmap_util:/SLAM/ros_ws/install/rtabmap_sync:/SLAM/ros_ws/install/rtabmap_rviz_plugins:/SLAM/ros_ws/install/rtabmap_conversions:/SLAM/ros_ws/install/my_robot_controller:/SLAM/ros_ws/install/examples_rclpy_minimal_client:/SLAM/ros_ws/install/examples_rclpy_minimal_action_server:/SLAM/ros_ws/install/examples_rclpy_minimal_action_client:/SLAM/ros_ws/install/examples_rclpy_executors:/SLAM/ros_ws/install/rtabmap_python:/SLAM/ros_ws/install/camera_calibration:/opt/ros/humble:/SLAM/ros_ws/install/rtabmap_msgs:/SLAM/ros_ws/install/rtabmap:/SLAM/ros_ws/install/image_view:/SLAM/ros_ws/install/image_rotate:/SLAM/ros_ws/install/astra_camera:/SLAM/ros_ws/install/image_publisher:/SLAM/ros_ws/install/depth_image_proc:/SLAM/ros_ws/install/astra_camera_msgs /usr/bin/cmake /SLAM/ros_ws/src/rtabmap -DCMAKE_INSTALL_PREFIX=/SLAM/ros_ws/install/rtabmap
[2.067s] -- The C compiler identification is GNU 11.4.0
[2.067s] -- The CXX compiler identification is GNU 11.4.0
[2.068s] -- Detecting C compiler ABI info
[2.068s] -- Detecting C compiler ABI info - done
[2.068s] -- Check for working C compiler: /usr/bin/cc - skipped
[2.068s] -- Detecting C compile features
[2.069s] -- Detecting C compile features - done
[2.069s] -- Detecting CXX compiler ABI info
[2.069s] -- Detecting CXX compiler ABI info - done
[2.069s] -- Check for working CXX compiler: /usr/bin/c++ - skipped
[2.069s] -- Detecting CXX compile features
[2.069s] -- Detecting CXX compile features - done
[2.069s] -- MOBILE_BUILD=OFF
[2.069s] -- Checking for module 'eigen3'
[2.070s] --   Found eigen3, version 3.4.0
[2.071s] -- Found Eigen: /usr/include/eigen3 (Required is at least version "3.1") 
[2.071s] -- Eigen found (include: /usr/include/eigen3, version: 3.4.0)
[2.071s] -- Checking for module 'libusb-1.0'
[2.071s] --   Found libusb-1.0, version 1.0.25
[2.071s] -- Found libusb: /usr/lib/x86_64-linux-gnu/libusb-1.0.so  
[2.071s] -- OpenNI found (version: 1.5.4.0, include: /usr/include/ni, lib: /usr/lib/libOpenNI.so;libusb::libusb)
[4.154s] -- Eigen found (include: /usr/include/eigen3, version: 3.4.0)
[4.203s] -- Checking for module 'flann'
[4.239s] --   Found flann, version 1.9.1
[4.334s] -- Found FLANN: /usr/lib/x86_64-linux-gnu/libflann_cpp.so  
[4.335s] -- FLANN found (include: /usr/include, lib: /usr/lib/x86_64-linux-gnu/libflann_cpp.so)
[4.351s] -- Found Qhull version 8.0.2
[5.083s] -- OpenNI found (version: 1.5.4.0, include: /usr/include/ni, lib: /usr/lib/libOpenNI.so;libusb::libusb)
[5.414s] -- Found PCL_COMMON: /usr/lib/x86_64-linux-gnu/libpcl_common.so  
[5.416s] -- Found PCL_OCTREE: /usr/lib/x86_64-linux-gnu/libpcl_octree.so  
[5.417s] -- Found PCL_IO: /usr/lib/x86_64-linux-gnu/libpcl_io.so  
[5.419s] -- Found PCL_KDTREE: /usr/lib/x86_64-linux-gnu/libpcl_kdtree.so  
[5.420s] -- Found PCL_SEARCH: /usr/lib/x86_64-linux-gnu/libpcl_search.so  
[5.431s] -- Found PCL_SURFACE: /usr/lib/x86_64-linux-gnu/libpcl_surface.so  
[5.433s] -- Found PCL_FILTERS: /usr/lib/x86_64-linux-gnu/libpcl_filters.so  
[5.433s] -- Found PCL_2D: /usr/include/pcl-1.12  
[5.436s] -- Found PCL_FEATURES: /usr/lib/x86_64-linux-gnu/libpcl_features.so  
[5.439s] -- Found PCL_REGISTRATION: /usr/lib/x86_64-linux-gnu/libpcl_registration.so  
[5.442s] -- Found PCL_SAMPLE_CONSENSUS: /usr/lib/x86_64-linux-gnu/libpcl_sample_consensus.so  
[5.443s] -- Found PCL_GEOMETRY: /usr/include/pcl-1.12  
[5.446s] -- Found PCL_ML: /usr/lib/x86_64-linux-gnu/libpcl_ml.so  
[5.449s] -- Found PCL_SEGMENTATION: /usr/lib/x86_64-linux-gnu/libpcl_segmentation.so  
[5.452s] -- Found PCL_VISUALIZATION: /usr/lib/x86_64-linux-gnu/libpcl_visualization.so  
[5.453s] -- PCL definitions don't contain "-march=native", make sure all libraries using Eigen are also compiled without that flag to avoid some segmentation faults (with gdb referring to some Eigen functions).
[5.463s] -- Found Sqlite3: /usr/include /usr/lib/x86_64-linux-gnu/libsqlite3.so
[7.370s] -- Found OpenMP_C: -fopenmp (found version "4.5") 
[8.401s] -- Found OpenMP_CXX: -fopenmp (found version "4.5") 
[8.409s] -- Found OpenMP: TRUE (found version "4.5") found components: C CXX 
[8.409s] -- Found OpenMP: /usr/lib/gcc/x86_64-linux-gnu/11/libgomp.so;/usr/lib/x86_64-linux-gnu/libpthread.a
[8.410s] -- Add PCL_OMP to definitions
[8.410s] -- Found OpenCV: /usr/include/opencv4
[8.410s] -- Found PCL: /usr/include/pcl-1.12;/usr/include/eigen3;/usr/include;/usr/include/ni
[8.411s] -- Found ZLIB: /usr/include
[8.460s] -- Found Threads: TRUE  
[8.466s] -- Found GLEW: /usr/lib/x86_64-linux-gnu/libGLEW.so  
[8.470s] -- Found OpenGL: /usr/lib/x86_64-linux-gnu/libOpenGL.so  found components: OpenGL GLX 
[10.704s] -- Found Python3: /usr/bin/python3.10 (found suitable version "3.10.12", minimum required is "3.10") found components: Interpreter Development.Module Development.Embed 
[10.760s] -- Found MPI_C: /usr/lib/x86_64-linux-gnu/libmpi.so (found version "3.1") 
[10.760s] -- Found MPI: TRUE (found version "3.1") found components: C 
[13.285s] -- Found HDF5: /usr/lib/x86_64-linux-gnu/hdf5/serial/libhdf5.so;/usr/lib/x86_64-linux-gnu/libcrypto.so;/usr/lib/x86_64-linux-gnu/libcurl.so;/usr/lib/x86_64-linux-gnu/libpthread.a;/usr/lib/x86_64-linux-gnu/libsz.so;/usr/lib/x86_64-linux-gnu/libz.so;/usr/lib/x86_64-linux-gnu/libdl.a;/usr/lib/x86_64-linux-gnu/libm.so (found version "1.10.7") found components: C HL 
[13.313s] -- Found NetCDF: /usr/include (found version "4.8.1") 
[13.326s] -- Found OGG: /usr/lib/x86_64-linux-gnu/libogg.so  
[13.344s] -- Found THEORA: /usr/lib/x86_64-linux-gnu/libtheora.so  
[13.354s] -- Found JsonCpp: /usr/lib/x86_64-linux-gnu/libjsoncpp.so (found suitable version "1.9.5", minimum required is "0.7.0") 
[14.024s] -- Found LibXml2: /usr/lib/x86_64-linux-gnu/libxml2.so (found version "2.9.13") 
[14.130s] -- Found ZLIB: /usr/lib/x86_64-linux-gnu/libz.so (found version "1.2.11") 
[14.168s] -- Found GL2PS: /usr/lib/x86_64-linux-gnu/libgl2ps.so (found suitable version "1.4.2", minimum required is "1.4.2") 
[14.194s] -- Found PNG: /usr/lib/x86_64-linux-gnu/libpng.so (found version "1.6.37") 
[14.215s] -- Found SQLite3: /usr/include (found version "3.37.2") 
[14.278s] -- Found LibPROJ: /usr/lib/x86_64-linux-gnu/libproj.so (found version "8.2.1") 
[14.282s] -- Found Eigen3: /usr/include/eigen3 (found version "3.4.0") 
[14.493s] -- Found X11: /usr/include   
[14.693s] -- Found EXPAT: /usr/lib/x86_64-linux-gnu/libexpat.so (found version "2.4.7") 
[14.695s] -- Found double-conversion: /usr/lib/x86_64-linux-gnu/libdouble-conversion.so  
[14.699s] -- Found LZ4: /usr/lib/x86_64-linux-gnu/liblz4.so (found version "1.9.3") 
[14.701s] -- Found LZMA: /usr/lib/x86_64-linux-gnu/liblzma.so (found version "5.2.5") 
[14.745s] -- Found JPEG: /usr/lib/x86_64-linux-gnu/libjpeg.so (found version "80") 
[14.747s] -- Found TIFF: /usr/lib/x86_64-linux-gnu/libtiff.so (found version "4.3.0")  
[14.794s] -- Found Freetype: /usr/lib/x86_64-linux-gnu/libfreetype.so (found version "2.11.1") 
[14.819s] -- Found utf8cpp: /usr/include/utf8cpp  
[14.877s] -- VTK>=9 detected, will use VTK_QT_VERSION=5 for Qt version.
[14.922s] -- VTK_RENDERING_BACKEND=
[15.524s] -- Found OpenNI2: /SLAM/ros_ws/install/astra_camera/include/openni2
[15.539s] -- Found DC1394: /usr/include/dc1394
[15.723s] -- Found Eigen3: /usr/include/eigen3 (Required is at least version "2.91.0") 
[15.733s] -- Found OpenGL: /usr/lib/x86_64-linux-gnu/libOpenGL.so   
[15.748s] -- Found g2o (targets)
[15.748s] -- g2o include dir: /opt/ros/humble/include
[15.756s] -- Latest g2o factory version detected with shared ptr (factory file: /opt/ros/humble/include/g2o/core/factory.h).
[16.190s] -- GTSAM include directory:  /opt/ros/humble/lib/cmake/GTSAM/../../../include
[16.299s] -- FlyCapture2_INCLUDE_DIR=FlyCapture2_INCLUDE_DIR-NOTFOUND
[16.299s] -- FlyCapture2_LIBRARY=FlyCapture2_LIBRARY-NOTFOUND
[16.302s] -- Triclops_INCLUDE_DIR=Triclops_INCLUDE_DIR-NOTFOUND
[16.302s] -- Triclops_LIBRARY=Triclops_LIBRARY-NOTFOUND
[16.303s] -- FlyCaptureBridge_LIBRARY=FlyCaptureBridge_LIBRARY-NOTFOUND
[16.385s] -- Found Boost: /usr/lib/x86_64-linux-gnu/cmake/Boost-1.74.0/BoostConfig.cmake (found version "1.74.0") found components: thread filesystem system program_options date_time 
[16.426s] -- Found Boost: /usr/lib/x86_64-linux-gnu/cmake/Boost-1.74.0/BoostConfig.cmake (found version "1.74.0") found components: thread filesystem system program_options date_time chrono 
[16.432s] -- Found libpointmatcher: /opt/ros/humble/include;/usr/include/eigen3
[16.441s] -- Found Boost: /usr/lib/x86_64-linux-gnu/cmake/Boost-1.74.0/BoostConfig.cmake (found version "1.74.0") found components: thread filesystem system program_options date_time 
[16.502s] -- Found Boost: /usr/lib/x86_64-linux-gnu/cmake/Boost-1.74.0/BoostConfig.cmake (found version "1.74.0") found components: thread filesystem system program_options date_time chrono timer serialization 
[17.014s] -- Found RealSense2: 
[17.296s] -- Found octomap 1.9.8: /opt/ros/humble/include
[18.127s] -- Found grid_map_core 2.0.0: /opt/ros/humble/include;/usr/include/eigen3
[18.214s] -- Architecture: x86_64
[18.307s] -- Performing Test COMPILER_SUPPORTS_CXX17
[19.041s] -- Performing Test COMPILER_SUPPORTS_CXX17 - Success
[19.058s] -- Found Pthreads
[19.077s] -- Performing Test COMPILER_HAS_HIDDEN_VISIBILITY
[19.645s] -- Performing Test COMPILER_HAS_HIDDEN_VISIBILITY - Success
[19.646s] -- Performing Test COMPILER_HAS_HIDDEN_INLINE_VISIBILITY
[20.392s] -- Performing Test COMPILER_HAS_HIDDEN_INLINE_VISIBILITY - Success
[20.398s] -- Performing Test COMPILER_HAS_DEPRECATED_ATTR
[21.177s] -- Performing Test COMPILER_HAS_DEPRECATED_ATTR - Success
[21.629s] -- --------------------------------------------
[21.638s] -- Info :
[21.638s] --   RTAB-Map Version =     0.21.4
[21.638s] --   CMAKE_VERSION =        3.22.1
[21.639s] --   CMAKE_INSTALL_PREFIX = /SLAM/ros_ws/install/rtabmap
[21.639s] --   CMAKE_BUILD_TYPE =     Release
[21.639s] --   CMAKE_INSTALL_LIBDIR = lib
[21.639s] --   BUILD_APP =            ON
[21.639s] --   BUILD_TOOLS =          ON
[21.639s] --   BUILD_EXAMPLES =       ON
[21.640s] --   BUILD_SHARED_LIBS =    ON
[21.640s] --   CMAKE_CXX_FLAGS =  -fmessage-length=0 -fopenmp -std=c++17
[21.640s] --   FLANN_KDTREE_MEM_OPT = OFF
[21.640s] --   PCL_DEFINITIONS = -DDISABLE_OPENNI2;-DDISABLE_PCAP;-DDISABLE_PNG
[21.640s] --   PCL_VERSION = 1.12.1
[21.640s] -- 
[21.640s] -- Optional dependencies ('*' affects some default parameters) :
[21.640s] --  *With OpenCV 4.5.4 xfeatures2d = NO, nonfree = NO (License: Apache 2)
[21.641s] --   With Qt 5.15.3            = YES (License: Open Source or Commercial)
[21.641s] --   With VTK 9.1              = YES (License: BSD)
[21.641s] --   With external SQLite3     = YES (License: Public Domain)
[21.641s] --   With ORB OcTree           = YES (License: GPLv3)
[21.641s] --   With SupertPoint          = NO (WITH_TORCH=OFF)
[21.641s] --   With Python3              = NO (WITH_PYTHON=OFF)
[21.641s] --   With Madgwick             = YES (License: GPL)
[21.641s] --   With FastCV               = NO (FastCV not found)
[21.641s] --   With PDAL                 = NO (PDAL not found)
[21.642s] -- 
[21.642s] --  Solvers:
[21.642s] --   With TORO                 = YES (License: Creative Commons [Attribution-NonCommercial-ShareAlike])
[21.642s] --  *With g2o 1.0.0            = YES (License: BSD)
[21.642s] --  *With GTSAM 4.2.0          = YES (License: BSD)
[21.642s] --  *With Ceres                = NO (WITH_CERES=OFF)
[21.642s] --   With MRPT                 = NO (MRPT not found)
[21.642s] --   With VERTIGO              = YES (License: GPLv3)
[21.642s] --   With cvsba                = NO (WITH_CVSBA=OFF)
[21.643s] --  *With libpointmatcher 1.3.1 = YES (License: BSD)
[21.643s] --   With CCCoreLib            = NO (WITH_CCCORELIB=OFF)
[21.643s] --   With Open3D               = NO (WITH_OPEN3D=OFF)
[21.643s] --   With OpenGV               = NO (OpenGV not found)
[21.643s] -- 
[21.643s] --  Reconstruction Approaches:
[21.643s] --   With OctoMap 1.9.8        = YES (License: BSD)
[21.643s] --   With GridMap 2.0.0        = YES (License: BSD)
[21.643s] --   With CPUTSDF              = NO (WITH_CPUTSDF=OFF)
[21.643s] --   With OpenChisel           = NO (WITH_OPENCHISEL=OFF)
[21.643s] --   With AliceVision          = NO (WITH_ALICE_VISION=OFF)
[21.644s] -- 
[21.644s] --  Camera Drivers:
[21.644s] --   With Freenect             = NO (libfreenect not found)
[21.644s] --   With OpenNI2              = YES (License: Apache v2)
[21.644s] --   With Freenect2            = NO (libfreenect2 not found)
[21.644s] --   With Kinect for Windows 2 = NO (Kinect for Windows 2 SDK not found)
[21.644s] --   With Kinect for Azure     = NO (Kinect for Azure SDK not found)
[21.644s] --   With dc1394               = YES (License: LGPL)
[21.644s] --   With FlyCapture2/Triclops = NO (Point Grey SDK not found)
[21.644s] --   With ZED                  = NO (ZED sdk and/or cuda not found)
[21.644s] --   With ZEDOC                = NO (ZED Open Capture not found)
[21.645s] --   With RealSense            = NO (librealsense not found)
[21.645s] --   With RealSense2 2.54.1    = YES (License: Apache-2)
[21.645s] --   With MyntEyeS             = NO (mynteye s sdk not found)
[21.645s] --   With DepthAI              = NO (WITH_DEPTHAI=OFF)
[21.645s] -- 
[21.645s] --  Odometry Approaches:
[21.645s] --   With loam_velodyne        = NO (WITH_LOAM=OFF)
[21.645s] --   With floam                = NO (WITH_FLOAM=OFF)
[21.645s] --   With libfovis             = NO (WITH_FOVIS=OFF)
[21.645s] --   With libviso2             = NO (WITH_VISO2=OFF)
[21.646s] --   With dvo_core             = NO (WITH_DVO=OFF)
[21.646s] --   With okvis                = NO (WITH_OKVIS=OFF)
[21.646s] --   With msckf_vio            = NO (WITH_MSCKF_VIO=OFF)
[21.646s] --   With VINS-Fusion          = NO (WITH_VINS=OFF)
[21.646s] --   With OpenVINS             = NO (WITH_OPENVINS=OFF)
[21.646s] --   With ORB_SLAM             = NO (WITH_ORB_SLAM=OFF)
[21.646s] -- Show all options with: cmake -LA | grep WITH_
[21.646s] -- --------------------------------------------
[21.647s] -- Configuring done
[24.221s] -- Generating done
[24.283s] -- Build files have been written to: /SLAM/ros_ws/build/rtabmap
[24.523s] Invoked command in '/SLAM/ros_ws/build/rtabmap' returned '0': CMAKE_PREFIX_PATH=/SLAM/ros_ws/install/tutourial_intefaces:/SLAM/ros_ws/install/more_interfaces:/SLAM/ros_ws/install/cpp_pubsub:/SLAM/ros_ws/install/rplidar_ros:/SLAM/ros_ws/install/examples_rclcpp_minimal_client:/SLAM/ros_ws/install/cpp_srvcli:/SLAM/ros_ws/install/image_pipeline:/SLAM/ros_ws/install/stereo_image_proc:/SLAM/ros_ws/install/image_proc:/SLAM/ros_ws/install/tracetools_image_pipeline:/SLAM/ros_ws/install/sllidar_ros2:/SLAM/ros_ws/install/rtabmap_ros:/SLAM/ros_ws/install/rtabmap_launch:/SLAM/ros_ws/install/rtabmap_examples:/SLAM/ros_ws/install/rtabmap_demos:/SLAM/ros_ws/install/rtabmap_viz:/SLAM/ros_ws/install/rtabmap_slam:/SLAM/ros_ws/install/rtabmap_odom:/SLAM/ros_ws/install/rtabmap_util:/SLAM/ros_ws/install/rtabmap_sync:/SLAM/ros_ws/install/rtabmap_rviz_plugins:/SLAM/ros_ws/install/rtabmap_conversions:/SLAM/ros_ws/install/my_robot_controller:/SLAM/ros_ws/install/examples_rclpy_minimal_client:/SLAM/ros_ws/install/examples_rclpy_minimal_action_server:/SLAM/ros_ws/install/examples_rclpy_minimal_action_client:/SLAM/ros_ws/install/examples_rclpy_executors:/SLAM/ros_ws/install/rtabmap_python:/SLAM/ros_ws/install/camera_calibration:/opt/ros/humble:/SLAM/ros_ws/install/rtabmap_msgs:/SLAM/ros_ws/install/rtabmap:/SLAM/ros_ws/install/image_view:/SLAM/ros_ws/install/image_rotate:/SLAM/ros_ws/install/astra_camera:/SLAM/ros_ws/install/image_publisher:/SLAM/ros_ws/install/depth_image_proc:/SLAM/ros_ws/install/astra_camera_msgs /usr/bin/cmake /SLAM/ros_ws/src/rtabmap -DCMAKE_INSTALL_PREFIX=/SLAM/ros_ws/install/rtabmap
[24.524s] Invoking command in '/SLAM/ros_ws/build/rtabmap': CMAKE_PREFIX_PATH=/SLAM/ros_ws/install/tutourial_intefaces:/SLAM/ros_ws/install/more_interfaces:/SLAM/ros_ws/install/cpp_pubsub:/SLAM/ros_ws/install/rplidar_ros:/SLAM/ros_ws/install/examples_rclcpp_minimal_client:/SLAM/ros_ws/install/cpp_srvcli:/SLAM/ros_ws/install/image_pipeline:/SLAM/ros_ws/install/stereo_image_proc:/SLAM/ros_ws/install/image_proc:/SLAM/ros_ws/install/tracetools_image_pipeline:/SLAM/ros_ws/install/sllidar_ros2:/SLAM/ros_ws/install/rtabmap_ros:/SLAM/ros_ws/install/rtabmap_launch:/SLAM/ros_ws/install/rtabmap_examples:/SLAM/ros_ws/install/rtabmap_demos:/SLAM/ros_ws/install/rtabmap_viz:/SLAM/ros_ws/install/rtabmap_slam:/SLAM/ros_ws/install/rtabmap_odom:/SLAM/ros_ws/install/rtabmap_util:/SLAM/ros_ws/install/rtabmap_sync:/SLAM/ros_ws/install/rtabmap_rviz_plugins:/SLAM/ros_ws/install/rtabmap_conversions:/SLAM/ros_ws/install/my_robot_controller:/SLAM/ros_ws/install/examples_rclpy_minimal_client:/SLAM/ros_ws/install/examples_rclpy_minimal_action_server:/SLAM/ros_ws/install/examples_rclpy_minimal_action_client:/SLAM/ros_ws/install/examples_rclpy_executors:/SLAM/ros_ws/install/rtabmap_python:/SLAM/ros_ws/install/camera_calibration:/opt/ros/humble:/SLAM/ros_ws/install/rtabmap_msgs:/SLAM/ros_ws/install/rtabmap:/SLAM/ros_ws/install/image_view:/SLAM/ros_ws/install/image_rotate:/SLAM/ros_ws/install/astra_camera:/SLAM/ros_ws/install/image_publisher:/SLAM/ros_ws/install/depth_image_proc:/SLAM/ros_ws/install/astra_camera_msgs /usr/bin/cmake --build /SLAM/ros_ws/build/rtabmap -- -j16 -l16
[37.399s] [  0%] [32mBuilding CXX object utilite/src/CMakeFiles/rtabmap_utilite.dir/UEventsManager.cpp.o[0m
[37.399s] [  1%] [32mBuilding CXX object utilite/src/CMakeFiles/rtabmap_utilite.dir/UVariant.cpp.o[0m
[37.400s] [  1%] [32mBuilding CXX object utilite/src/CMakeFiles/rtabmap_utilite.dir/UProcessInfo.cpp.o[0m
[37.400s] [  2%] [32mBuilding CXX object utilite/src/CMakeFiles/rtabmap_utilite.dir/UTimer.cpp.o[0m
[37.400s] [  2%] [32mBuilding CXX object utilite/src/CMakeFiles/rtabmap_utilite.dir/UThread.cpp.o[0m
[37.400s] [  2%] [32mBuilding CXX object utilite/src/CMakeFiles/rtabmap_utilite.dir/ULogger.cpp.o[0m
[37.400s] [  3%] [32mBuilding CXX object utilite/src/CMakeFiles/rtabmap_utilite.dir/UConversion.cpp.o[0m
[37.400s] [  3%] [32mBuilding CXX object utilite/src/CMakeFiles/rtabmap_utilite.dir/UDirectory.cpp.o[0m
[38.506s] [  4%] [32mBuilding CXX object utilite/src/CMakeFiles/rtabmap_utilite.dir/UFile.cpp.o[0m
[39.488s] [  4%] [32mBuilding CXX object utilite/src/CMakeFiles/rtabmap_utilite.dir/UEventsSender.cpp.o[0m
[40.011s] [  5%] [32mBuilding CXX object utilite/src/CMakeFiles/rtabmap_utilite.dir/UEventsHandler.cpp.o[0m
[40.871s] [  5%] [32m[1mLinking CXX shared library ../../bin/librtabmap_utilite.so[0m
[40.871s] [  5%] Built target rtabmap_utilite
[40.872s] [  5%] [32mBuilding CXX object utilite/resource_generator/CMakeFiles/res_tool.dir/main.cpp.o[0m
[42.180s] [  5%] [32m[1mLinking CXX executable ../../bin/rtabmap-res_tool[0m
[42.371s] [  5%] Built target res_tool
[42.396s] [  5%] [34m[1m[Creating resources][0m
[42.406s]  Using namespace=rtabmap
[42.406s]  Using target directory=/SLAM/ros_ws/build/rtabmap/corelib/src
[42.406s] Input file "/SLAM/ros_ws/src/rtabmap/corelib/src/resources/DatabaseSchema.sql" size = 5900 bytes
[42.406s] Output file "/SLAM/ros_ws/build/rtabmap/corelib/src/DatabaseSchema_sql.h" size = 12027 bytes
[42.407s] Input file "/SLAM/ros_ws/src/rtabmap/corelib/src/resources/backward_compatibility/DatabaseSchema_0_18_3.sql" size = 5749 bytes
[42.407s] Output file "/SLAM/ros_ws/build/rtabmap/corelib/src/DatabaseSchema_0_18_3_sql.h" size = 11753 bytes
[42.407s] Input file "/SLAM/ros_ws/src/rtabmap/corelib/src/resources/backward_compatibility/DatabaseSchema_0_18_0.sql" size = 5749 bytes
[42.407s] Output file "/SLAM/ros_ws/build/rtabmap/corelib/src/DatabaseSchema_0_18_0_sql.h" size = 11753 bytes
[42.408s] Input file "/SLAM/ros_ws/src/rtabmap/corelib/src/resources/backward_compatibility/DatabaseSchema_0_17_0.sql" size = 5432 bytes
[42.408s] Output file "/SLAM/ros_ws/build/rtabmap/corelib/src/DatabaseSchema_0_17_0_sql.h" size = 11119 bytes
[42.408s] Input file "/SLAM/ros_ws/src/rtabmap/corelib/src/resources/backward_compatibility/DatabaseSchema_0_16_2.sql" size = 5362 bytes
[42.408s] Output file "/SLAM/ros_ws/build/rtabmap/corelib/src/DatabaseSchema_0_16_2_sql.h" size = 10979 bytes
[42.408s] Input file "/SLAM/ros_ws/src/rtabmap/corelib/src/resources/backward_compatibility/DatabaseSchema_0_16_1.sql" size = 5286 bytes
[42.409s] Output file "/SLAM/ros_ws/build/rtabmap/corelib/src/DatabaseSchema_0_16_1_sql.h" size = 10827 bytes
[42.409s] Input file "/SLAM/ros_ws/src/rtabmap/corelib/src/resources/backward_compatibility/DatabaseSchema_0_16_0.sql" size = 5273 bytes
[42.409s] Output file "/SLAM/ros_ws/build/rtabmap/corelib/src/DatabaseSchema_0_16_0_sql.h" size = 10801 bytes
[42.542s] [  5%] [32mBuilding CXX object corelib/src/CMakeFiles/rtabmap_core.dir/Rtabmap.cpp.o[0m
[63.618s] [  6%] [32mBuilding CXX object corelib/src/CMakeFiles/rtabmap_core.dir/camera/CameraK4A.cpp.o[0m
[68.258s] [  6%] [32mBuilding CXX object corelib/src/CMakeFiles/rtabmap_core.dir/camera/CameraOpenni.cpp.o[0m
[73.279s] [  6%] [32mBuilding CXX object corelib/src/CMakeFiles/rtabmap_core.dir/camera/CameraOpenNI2.cpp.o[0m
[73.282s] [  7%] [32mBuilding CXX object corelib/src/CMakeFiles/rtabmap_core.dir/camera/CameraK4W2.cpp.o[0m
[73.282s] [  7%] [32mBuilding CXX object corelib/src/CMakeFiles/rtabmap_core.dir/camera/CameraImages.cpp.o[0m
[74.280s] [  7%] [32mBuilding CXX object corelib/src/CMakeFiles/rtabmap_core.dir/camera/CameraFreenect2.cpp.o[0m
[74.284s] [  7%] [32mBuilding CXX object corelib/src/CMakeFiles/rtabmap_core.dir/camera/CameraFreenect.cpp.o[0m
[75.311s] [  8%] [32mBuilding CXX object corelib/src/CMakeFiles/rtabmap_core.dir/CameraModel.cpp.o[0m
[75.313s] [  9%] [32mBuilding CXX object corelib/src/CMakeFiles/rtabmap_core.dir/camera/CameraOpenNICV.cpp.o[0m
[76.378s] [  9%] [32mBuilding CXX object corelib/src/CMakeFiles/rtabmap_core.dir/CameraThread.cpp.o[0m
[76.385s] [ 10%] [32mBuilding CXX object corelib/src/CMakeFiles/rtabmap_core.dir/Camera.cpp.o[0m
[77.467s] [ 10%] [32mBuilding CXX object corelib/src/CMakeFiles/rtabmap_core.dir/Recovery.cpp.o[0m
[77.489s] [ 11%] [32mBuilding CXX object corelib/src/CMakeFiles/rtabmap_core.dir/DBReader.cpp.o[0m
[87.713s] [ 13%] [32mBuilding CXX object corelib/src/CMakeFiles/rtabmap_core.dir/camera/CameraStereoVideo.cpp.o[0m
[87.713s] [ 13%] [32mBuilding CXX object corelib/src/CMakeFiles/rtabmap_core.dir/camera/CameraStereoZed.cpp.o[0m
[87.713s] [ 13%] [32mBuilding CXX object corelib/src/CMakeFiles/rtabmap_core.dir/camera/CameraStereoZedOC.cpp.o[0m
[88.756s] [ 13%] [32mBuilding CXX object corelib/src/CMakeFiles/rtabmap_core.dir/camera/CameraStereoTara.cpp.o[0m
[88.784s] [ 13%] [32mBuilding CXX object corelib/src/CMakeFiles/rtabmap_core.dir/camera/CameraStereoImages.cpp.o[0m
[89.849s] [ 13%] [32mBuilding CXX object corelib/src/CMakeFiles/rtabmap_core.dir/camera/CameraStereoFlyCapture2.cpp.o[0m
[89.876s] [ 14%] [32mBuilding CXX object corelib/src/CMakeFiles/rtabmap_core.dir/camera/CameraStereoDC1394.cpp.o[0m
[89.886s] [ 14%] [32mBuilding CXX object corelib/src/CMakeFiles/rtabmap_core.dir/camera/CameraRGBDImages.cpp.o[0m
[89.887s] [ 15%] [32mBuilding CXX object corelib/src/CMakeFiles/rtabmap_core.dir/camera/CameraRealSense2.cpp.o[0m
[90.972s] [ 15%] [32mBuilding CXX object corelib/src/CMakeFiles/rtabmap_core.dir/camera/CameraRealSense.cpp.o[0m
[90.973s] [ 15%] [32mBuilding CXX object corelib/src/CMakeFiles/rtabmap_core.dir/DBDriverSqlite3.cpp.o[0m
[91.265s] [ 15%] [32mBuilding CXX object corelib/src/CMakeFiles/rtabmap_core.dir/DBDriver.cpp.o[0m
[92.305s] [ 16%] [32mBuilding CXX object corelib/src/CMakeFiles/rtabmap_core.dir/Memory.cpp.o[0m
[92.309s] [ 16%] [32mBuilding CXX object corelib/src/CMakeFiles/rtabmap_core.dir/camera/CameraVideo.cpp.o[0m
[93.085s] [ 16%] [32mBuilding CXX object corelib/src/CMakeFiles/rtabmap_core.dir/Statistics.cpp.o[0m
[93.108s] [ 17%] [32mBuilding CXX object corelib/src/CMakeFiles/rtabmap_core.dir/RtabmapThread.cpp.o[0m
[93.309s] [ 18%] [32mBuilding CXX object corelib/src/CMakeFiles/rtabmap_core.dir/camera/CameraMyntEye.cpp.o[0m
[94.398s] [ 18%] [32mBuilding CXX object corelib/src/CMakeFiles/rtabmap_core.dir/camera/CameraDepthAI.cpp.o[0m
[94.515s] [ 19%] [32mBuilding CXX object corelib/src/CMakeFiles/rtabmap_core.dir/EpipolarGeometry.cpp.o[0m
[94.803s] [ 19%] [32mBuilding CXX object corelib/src/CMakeFiles/rtabmap_core.dir/VisualWord.cpp.o[0m
[95.948s] [ 20%] [32mBuilding CXX object corelib/src/CMakeFiles/rtabmap_core.dir/VWDictionary.cpp.o[0m
[95.984s] [ 20%] [32mBuilding CXX object corelib/src/CMakeFiles/rtabmap_core.dir/BayesFilter.cpp.o[0m
[96.101s] [ 20%] [32mBuilding CXX object corelib/src/CMakeFiles/rtabmap_core.dir/Parameters.cpp.o[0m
[96.276s] [ 21%] [32mBuilding CXX object corelib/src/CMakeFiles/rtabmap_core.dir/Signature.cpp.o[0m
[97.244s] [ 21%] [32mBuilding CXX object corelib/src/CMakeFiles/rtabmap_core.dir/Features2d.cpp.o[0m
[97.339s] [ 22%] [32mBuilding CXX object corelib/src/CMakeFiles/rtabmap_core.dir/Transform.cpp.o[0m
[108.336s] [ 22%] [32mBuilding CXX object corelib/src/CMakeFiles/rtabmap_core.dir/util3d_transforms.cpp.o[0m
[108.402s] [ 23%] [32mBuilding CXX object corelib/src/CMakeFiles/rtabmap_core.dir/util3d_mapping.cpp.o[0m
[108.444s] [ 23%] [32mBuilding CXX object corelib/src/CMakeFiles/rtabmap_core.dir/util3d_registration.cpp.o[0m
[108.444s] [ 24%] [32mBuilding CXX object corelib/src/CMakeFiles/rtabmap_core.dir/util3d_surface.cpp.o[0m
[108.552s] [ 24%] [32mBuilding CXX object corelib/src/CMakeFiles/rtabmap_core.dir/util3d_features.cpp.o[0m
[109.841s] [ 25%] [32mBuilding CXX object corelib/src/CMakeFiles/rtabmap_core.dir/util3d_correspondences.cpp.o[0m
[110.823s] [ 25%] [32mBuilding CXX object corelib/src/CMakeFiles/rtabmap_core.dir/util3d_motion_estimation.cpp.o[0m
[111.653s] [ 26%] [32mBuilding CXX object corelib/src/CMakeFiles/rtabmap_core.dir/SensorData.cpp.o[0m
[113.708s] [ 26%] [32mBuilding CXX object corelib/src/CMakeFiles/rtabmap_core.dir/Graph.cpp.o[0m
[115.745s] [ 26%] [32mBuilding CXX object corelib/src/CMakeFiles/rtabmap_core.dir/util3d_filtering.cpp.o[0m
[117.026s] [ 27%] [32mBuilding CXX object corelib/src/CMakeFiles/rtabmap_core.dir/util3d.cpp.o[0m
[117.578s] [ 27%] [32mBuilding CXX object corelib/src/CMakeFiles/rtabmap_core.dir/Compression.cpp.o[0m
[128.292s] [ 28%] [32mBuilding CXX object corelib/src/CMakeFiles/rtabmap_core.dir/Registration.cpp.o[0m
[128.292s] [ 28%] [32mBuilding CXX object corelib/src/CMakeFiles/rtabmap_core.dir/optimizer/OptimizerCeres.cpp.o[0m
[128.293s] [ 29%] [32mBuilding CXX object corelib/src/CMakeFiles/rtabmap_core.dir/optimizer/OptimizerGTSAM.cpp.o[0m
[128.294s] [ 29%] [32mBuilding CXX object corelib/src/CMakeFiles/rtabmap_core.dir/optimizer/OptimizerCVSBA.cpp.o[0m
[128.904s] [ 30%] [32mBuilding CXX object corelib/src/CMakeFiles/rtabmap_core.dir/optimizer/OptimizerG2O.cpp.o[0m
[128.904s] [ 30%] [32mBuilding CXX object corelib/src/CMakeFiles/rtabmap_core.dir/Optimizer.cpp.o[0m
[128.905s] [ 30%] [32mBuilding CXX object corelib/src/CMakeFiles/rtabmap_core.dir/optimizer/OptimizerTORO.cpp.o[0m
[129.934s] [ 31%] [32mBuilding CXX object corelib/src/CMakeFiles/rtabmap_core.dir/LaserScan.cpp.o[0m
[129.935s] [ 31%] [32mBuilding CXX object corelib/src/CMakeFiles/rtabmap_core.dir/RegistrationIcp.cpp.o[0m
[129.942s] [ 32%] [32mBuilding CXX object corelib/src/CMakeFiles/rtabmap_core.dir/Link.cpp.o[0m
[130.982s] [ 32%] [32mBuilding CXX object corelib/src/CMakeFiles/rtabmap_core.dir/GeodeticCoords.cpp.o[0m
[130.999s] [ 32%] [32mBuilding CXX object corelib/src/CMakeFiles/rtabmap_core.dir/util2d.cpp.o[0m
[132.721s] [ 32%] [32mBuilding CXX object corelib/src/CMakeFiles/rtabmap_core.dir/RegistrationVis.cpp.o[0m
[132.985s] [ 32%] [32mBuilding CXX object corelib/src/CMakeFiles/rtabmap_core.dir/Odometry.cpp.o[0m
[134.410s] [ 33%] [32mBuilding CXX object corelib/src/CMakeFiles/rtabmap_core.dir/OdometryThread.cpp.o[0m
