[0.984s] Invoking command in '/SLAM/ros_ws/build/cpp_srvcli': CMAKE_PREFIX_PATH=/SLAM/ros_ws/install/tutourial_intefaces:/SLAM/ros_ws/install/more_interfaces:/SLAM/ros_ws/install/cpp_pubsub:/SLAM/ros_ws/install/rplidar_ros:/SLAM/ros_ws/install/examples_rclcpp_minimal_client:/SLAM/ros_ws/install/cpp_srvcli:/SLAM/ros_ws/install/image_pipeline:/SLAM/ros_ws/install/stereo_image_proc:/SLAM/ros_ws/install/image_proc:/SLAM/ros_ws/install/tracetools_image_pipeline:/SLAM/ros_ws/install/sllidar_ros2:/SLAM/ros_ws/install/rtabmap_ros:/SLAM/ros_ws/install/rtabmap_launch:/SLAM/ros_ws/install/rtabmap_examples:/SLAM/ros_ws/install/rtabmap_demos:/SLAM/ros_ws/install/rtabmap_viz:/SLAM/ros_ws/install/rtabmap_slam:/SLAM/ros_ws/install/rtabmap_odom:/SLAM/ros_ws/install/rtabmap_util:/SLAM/ros_ws/install/rtabmap_sync:/SLAM/ros_ws/install/rtabmap_rviz_plugins:/SLAM/ros_ws/install/rtabmap_conversions:/SLAM/ros_ws/install/my_robot_controller:/SLAM/ros_ws/install/examples_rclpy_minimal_client:/SLAM/ros_ws/install/examples_rclpy_minimal_action_server:/SLAM/ros_ws/install/examples_rclpy_minimal_action_client:/SLAM/ros_ws/install/examples_rclpy_executors:/SLAM/ros_ws/install/rtabmap_python:/SLAM/ros_ws/install/camera_calibration:/opt/ros/humble:/SLAM/ros_ws/install/rtabmap_msgs:/SLAM/ros_ws/install/rtabmap:/SLAM/ros_ws/install/image_view:/SLAM/ros_ws/install/image_rotate:/SLAM/ros_ws/install/astra_camera:/SLAM/ros_ws/install/image_publisher:/SLAM/ros_ws/install/depth_image_proc:/SLAM/ros_ws/install/astra_camera_msgs /usr/bin/cmake /SLAM/ros_ws/src/cpp_srvcli -DAMENT_CMAKE_SYMLINK_INSTALL=1 -DCMAKE_INSTALL_PREFIX=/SLAM/ros_ws/install/cpp_srvcli
[1.490s] -- The C compiler identification is GNU 11.4.0
[1.490s] -- The CXX compiler identification is GNU 11.4.0
[1.490s] -- Detecting C compiler ABI info
[1.490s] -- Detecting C compiler ABI info - done
[1.490s] -- Check for working C compiler: /usr/bin/cc - skipped
[1.491s] -- Detecting C compile features
[1.491s] -- Detecting C compile features - done
[1.491s] -- Detecting CXX compiler ABI info
[1.509s] -- Detecting CXX compiler ABI info - done
[1.512s] -- Check for working CXX compiler: /usr/bin/c++ - skipped
[1.513s] -- Detecting CXX compile features
[1.513s] -- Detecting CXX compile features - done
[1.528s] -- Found ament_cmake: 1.3.6 (/opt/ros/humble/share/ament_cmake/cmake)
[1.899s] -- Found Python3: /usr/bin/python3.10 (found version "3.10.12") found components: Interpreter 
[2.044s] -- Override CMake install command with custom implementation using symlinks instead of copying resources
[2.251s] -- Found rclcpp: 16.0.7 (/opt/ros/humble/share/rclcpp/cmake)
[2.425s] -- Found rosidl_generator_c: 3.1.5 (/opt/ros/humble/share/rosidl_generator_c/cmake)
[2.447s] -- Found rosidl_adapter: 3.1.5 (/opt/ros/humble/share/rosidl_adapter/cmake)
[2.476s] -- Found rosidl_generator_cpp: 3.1.5 (/opt/ros/humble/share/rosidl_generator_cpp/cmake)
[2.512s] -- Using all available rosidl_typesupport_c: rosidl_typesupport_fastrtps_c;rosidl_typesupport_introspection_c
[2.579s] -- Using all available rosidl_typesupport_cpp: rosidl_typesupport_fastrtps_cpp;rosidl_typesupport_introspection_cpp
[2.789s] -- Found rmw_implementation_cmake: 6.1.1 (/opt/ros/humble/share/rmw_implementation_cmake/cmake)
[2.802s] -- Found rmw_fastrtps_cpp: 6.2.5 (/opt/ros/humble/share/rmw_fastrtps_cpp/cmake)
[3.029s] -- Found OpenSSL: /usr/lib/x86_64-linux-gnu/libcrypto.so (found version "3.0.2")  
[3.095s] -- Found FastRTPS: /opt/ros/humble/include  
[3.221s] -- Using RMW implementation 'rmw_fastrtps_cpp' as default
[3.261s] -- Looking for pthread.h
[3.398s] -- Looking for pthread.h - found
[3.399s] -- Performing Test CMAKE_HAVE_LIBC_PTHREAD
[3.517s] -- Performing Test CMAKE_HAVE_LIBC_PTHREAD - Success
[3.518s] -- Found Threads: TRUE  
[3.790s] -- Found example_interfaces: 0.9.3 (/opt/ros/humble/share/example_interfaces/cmake)
[4.027s] -- Found ament_lint_auto: 0.12.9 (/opt/ros/humble/share/ament_lint_auto/cmake)
[4.278s] -- Added test 'copyright' to check source files copyright and LICENSE
[4.278s] -- Added test 'cppcheck' to perform static code analysis on C / C++ code
[4.279s] -- Configured cppcheck include dirs: 
[4.279s] -- Configured cppcheck exclude dirs and/or files: 
[4.280s] -- Added test 'cpplint' to check C / C++ code against the Google style
[4.280s] -- Configured cpplint exclude dirs and/or files: 
[4.282s] -- Added test 'lint_cmake' to check CMake code style
[4.285s] -- Added test 'uncrustify' to check C / C++ code style
[4.285s] -- Configured uncrustify additional arguments: 
[4.286s] -- Added test 'xmllint' to check XML markup files
[4.299s] -- Configuring done
[4.325s] -- Generating done
[4.331s] -- Build files have been written to: /SLAM/ros_ws/build/cpp_srvcli
[4.656s] Invoked command in '/SLAM/ros_ws/build/cpp_srvcli' returned '0': CMAKE_PREFIX_PATH=/SLAM/ros_ws/install/tutourial_intefaces:/SLAM/ros_ws/install/more_interfaces:/SLAM/ros_ws/install/cpp_pubsub:/SLAM/ros_ws/install/rplidar_ros:/SLAM/ros_ws/install/examples_rclcpp_minimal_client:/SLAM/ros_ws/install/cpp_srvcli:/SLAM/ros_ws/install/image_pipeline:/SLAM/ros_ws/install/stereo_image_proc:/SLAM/ros_ws/install/image_proc:/SLAM/ros_ws/install/tracetools_image_pipeline:/SLAM/ros_ws/install/sllidar_ros2:/SLAM/ros_ws/install/rtabmap_ros:/SLAM/ros_ws/install/rtabmap_launch:/SLAM/ros_ws/install/rtabmap_examples:/SLAM/ros_ws/install/rtabmap_demos:/SLAM/ros_ws/install/rtabmap_viz:/SLAM/ros_ws/install/rtabmap_slam:/SLAM/ros_ws/install/rtabmap_odom:/SLAM/ros_ws/install/rtabmap_util:/SLAM/ros_ws/install/rtabmap_sync:/SLAM/ros_ws/install/rtabmap_rviz_plugins:/SLAM/ros_ws/install/rtabmap_conversions:/SLAM/ros_ws/install/my_robot_controller:/SLAM/ros_ws/install/examples_rclpy_minimal_client:/SLAM/ros_ws/install/examples_rclpy_minimal_action_server:/SLAM/ros_ws/install/examples_rclpy_minimal_action_client:/SLAM/ros_ws/install/examples_rclpy_executors:/SLAM/ros_ws/install/rtabmap_python:/SLAM/ros_ws/install/camera_calibration:/opt/ros/humble:/SLAM/ros_ws/install/rtabmap_msgs:/SLAM/ros_ws/install/rtabmap:/SLAM/ros_ws/install/image_view:/SLAM/ros_ws/install/image_rotate:/SLAM/ros_ws/install/astra_camera:/SLAM/ros_ws/install/image_publisher:/SLAM/ros_ws/install/depth_image_proc:/SLAM/ros_ws/install/astra_camera_msgs /usr/bin/cmake /SLAM/ros_ws/src/cpp_srvcli -DAMENT_CMAKE_SYMLINK_INSTALL=1 -DCMAKE_INSTALL_PREFIX=/SLAM/ros_ws/install/cpp_srvcli
[4.656s] Invoking command in '/SLAM/ros_ws/build/cpp_srvcli': CMAKE_PREFIX_PATH=/SLAM/ros_ws/install/tutourial_intefaces:/SLAM/ros_ws/install/more_interfaces:/SLAM/ros_ws/install/cpp_pubsub:/SLAM/ros_ws/install/rplidar_ros:/SLAM/ros_ws/install/examples_rclcpp_minimal_client:/SLAM/ros_ws/install/cpp_srvcli:/SLAM/ros_ws/install/image_pipeline:/SLAM/ros_ws/install/stereo_image_proc:/SLAM/ros_ws/install/image_proc:/SLAM/ros_ws/install/tracetools_image_pipeline:/SLAM/ros_ws/install/sllidar_ros2:/SLAM/ros_ws/install/rtabmap_ros:/SLAM/ros_ws/install/rtabmap_launch:/SLAM/ros_ws/install/rtabmap_examples:/SLAM/ros_ws/install/rtabmap_demos:/SLAM/ros_ws/install/rtabmap_viz:/SLAM/ros_ws/install/rtabmap_slam:/SLAM/ros_ws/install/rtabmap_odom:/SLAM/ros_ws/install/rtabmap_util:/SLAM/ros_ws/install/rtabmap_sync:/SLAM/ros_ws/install/rtabmap_rviz_plugins:/SLAM/ros_ws/install/rtabmap_conversions:/SLAM/ros_ws/install/my_robot_controller:/SLAM/ros_ws/install/examples_rclpy_minimal_client:/SLAM/ros_ws/install/examples_rclpy_minimal_action_server:/SLAM/ros_ws/install/examples_rclpy_minimal_action_client:/SLAM/ros_ws/install/examples_rclpy_executors:/SLAM/ros_ws/install/rtabmap_python:/SLAM/ros_ws/install/camera_calibration:/opt/ros/humble:/SLAM/ros_ws/install/rtabmap_msgs:/SLAM/ros_ws/install/rtabmap:/SLAM/ros_ws/install/image_view:/SLAM/ros_ws/install/image_rotate:/SLAM/ros_ws/install/astra_camera:/SLAM/ros_ws/install/image_publisher:/SLAM/ros_ws/install/depth_image_proc:/SLAM/ros_ws/install/astra_camera_msgs /usr/bin/cmake --build /SLAM/ros_ws/build/cpp_srvcli -- -j16 -l16
[4.820s] [ 25%] [32mBuilding CXX object CMakeFiles/client.dir/src/add_two_ints_client.cpp.o[0m
[4.875s] [ 50%] [32mBuilding CXX object CMakeFiles/server.dir/src/add_two_ints_server.cpp.o[0m
[23.157s] [ 75%] [32m[1mLinking CXX executable client[0m
[24.066s] [ 75%] Built target client
[26.531s] [100%] [32m[1mLinking CXX executable server[0m
[27.370s] [100%] Built target server
[27.490s] Invoked command in '/SLAM/ros_ws/build/cpp_srvcli' returned '0': CMAKE_PREFIX_PATH=/SLAM/ros_ws/install/tutourial_intefaces:/SLAM/ros_ws/install/more_interfaces:/SLAM/ros_ws/install/cpp_pubsub:/SLAM/ros_ws/install/rplidar_ros:/SLAM/ros_ws/install/examples_rclcpp_minimal_client:/SLAM/ros_ws/install/cpp_srvcli:/SLAM/ros_ws/install/image_pipeline:/SLAM/ros_ws/install/stereo_image_proc:/SLAM/ros_ws/install/image_proc:/SLAM/ros_ws/install/tracetools_image_pipeline:/SLAM/ros_ws/install/sllidar_ros2:/SLAM/ros_ws/install/rtabmap_ros:/SLAM/ros_ws/install/rtabmap_launch:/SLAM/ros_ws/install/rtabmap_examples:/SLAM/ros_ws/install/rtabmap_demos:/SLAM/ros_ws/install/rtabmap_viz:/SLAM/ros_ws/install/rtabmap_slam:/SLAM/ros_ws/install/rtabmap_odom:/SLAM/ros_ws/install/rtabmap_util:/SLAM/ros_ws/install/rtabmap_sync:/SLAM/ros_ws/install/rtabmap_rviz_plugins:/SLAM/ros_ws/install/rtabmap_conversions:/SLAM/ros_ws/install/my_robot_controller:/SLAM/ros_ws/install/examples_rclpy_minimal_client:/SLAM/ros_ws/install/examples_rclpy_minimal_action_server:/SLAM/ros_ws/install/examples_rclpy_minimal_action_client:/SLAM/ros_ws/install/examples_rclpy_executors:/SLAM/ros_ws/install/rtabmap_python:/SLAM/ros_ws/install/camera_calibration:/opt/ros/humble:/SLAM/ros_ws/install/rtabmap_msgs:/SLAM/ros_ws/install/rtabmap:/SLAM/ros_ws/install/image_view:/SLAM/ros_ws/install/image_rotate:/SLAM/ros_ws/install/astra_camera:/SLAM/ros_ws/install/image_publisher:/SLAM/ros_ws/install/depth_image_proc:/SLAM/ros_ws/install/astra_camera_msgs /usr/bin/cmake --build /SLAM/ros_ws/build/cpp_srvcli -- -j16 -l16
[28.046s] Invoking command in '/SLAM/ros_ws/build/cpp_srvcli': CMAKE_PREFIX_PATH=/SLAM/ros_ws/install/tutourial_intefaces:/SLAM/ros_ws/install/more_interfaces:/SLAM/ros_ws/install/cpp_pubsub:/SLAM/ros_ws/install/rplidar_ros:/SLAM/ros_ws/install/examples_rclcpp_minimal_client:/SLAM/ros_ws/install/cpp_srvcli:/SLAM/ros_ws/install/image_pipeline:/SLAM/ros_ws/install/stereo_image_proc:/SLAM/ros_ws/install/image_proc:/SLAM/ros_ws/install/tracetools_image_pipeline:/SLAM/ros_ws/install/sllidar_ros2:/SLAM/ros_ws/install/rtabmap_ros:/SLAM/ros_ws/install/rtabmap_launch:/SLAM/ros_ws/install/rtabmap_examples:/SLAM/ros_ws/install/rtabmap_demos:/SLAM/ros_ws/install/rtabmap_viz:/SLAM/ros_ws/install/rtabmap_slam:/SLAM/ros_ws/install/rtabmap_odom:/SLAM/ros_ws/install/rtabmap_util:/SLAM/ros_ws/install/rtabmap_sync:/SLAM/ros_ws/install/rtabmap_rviz_plugins:/SLAM/ros_ws/install/rtabmap_conversions:/SLAM/ros_ws/install/my_robot_controller:/SLAM/ros_ws/install/examples_rclpy_minimal_client:/SLAM/ros_ws/install/examples_rclpy_minimal_action_server:/SLAM/ros_ws/install/examples_rclpy_minimal_action_client:/SLAM/ros_ws/install/examples_rclpy_executors:/SLAM/ros_ws/install/rtabmap_python:/SLAM/ros_ws/install/camera_calibration:/opt/ros/humble:/SLAM/ros_ws/install/rtabmap_msgs:/SLAM/ros_ws/install/rtabmap:/SLAM/ros_ws/install/image_view:/SLAM/ros_ws/install/image_rotate:/SLAM/ros_ws/install/astra_camera:/SLAM/ros_ws/install/image_publisher:/SLAM/ros_ws/install/depth_image_proc:/SLAM/ros_ws/install/astra_camera_msgs /usr/bin/cmake --install /SLAM/ros_ws/build/cpp_srvcli
[38.133s] -- Install configuration: ""
[38.149s] -- Execute custom install script
[38.149s] -- Up-to-date symlink: /SLAM/ros_ws/install/cpp_srvcli/lib/cpp_srvcli/server
[38.149s] -- Up-to-date symlink: /SLAM/ros_ws/install/cpp_srvcli/lib/cpp_srvcli/client
[38.149s] -- Up-to-date symlink: /SLAM/ros_ws/install/cpp_srvcli/share/ament_index/resource_index/package_run_dependencies/cpp_srvcli
[38.150s] -- Up-to-date symlink: /SLAM/ros_ws/install/cpp_srvcli/share/ament_index/resource_index/parent_prefix_path/cpp_srvcli
[38.150s] -- Up-to-date symlink: /SLAM/ros_ws/install/cpp_srvcli/share/cpp_srvcli/environment/ament_prefix_path.sh
[38.150s] -- Up-to-date symlink: /SLAM/ros_ws/install/cpp_srvcli/share/cpp_srvcli/environment/ament_prefix_path.dsv
[38.150s] -- Up-to-date symlink: /SLAM/ros_ws/install/cpp_srvcli/share/cpp_srvcli/environment/path.sh
[38.150s] -- Up-to-date symlink: /SLAM/ros_ws/install/cpp_srvcli/share/cpp_srvcli/environment/path.dsv
[38.150s] -- Up-to-date symlink: /SLAM/ros_ws/install/cpp_srvcli/share/cpp_srvcli/local_setup.bash
[38.150s] -- Up-to-date symlink: /SLAM/ros_ws/install/cpp_srvcli/share/cpp_srvcli/local_setup.sh
[38.150s] -- Up-to-date symlink: /SLAM/ros_ws/install/cpp_srvcli/share/cpp_srvcli/local_setup.zsh
[38.150s] -- Up-to-date symlink: /SLAM/ros_ws/install/cpp_srvcli/share/cpp_srvcli/local_setup.dsv
[38.150s] -- Symlinking: /SLAM/ros_ws/install/cpp_srvcli/share/cpp_srvcli/package.dsv
[38.151s] -- Up-to-date symlink: /SLAM/ros_ws/install/cpp_srvcli/share/ament_index/resource_index/packages/cpp_srvcli
[38.151s] -- Up-to-date symlink: /SLAM/ros_ws/install/cpp_srvcli/share/cpp_srvcli/cmake/cpp_srvcliConfig.cmake
[38.151s] -- Up-to-date symlink: /SLAM/ros_ws/install/cpp_srvcli/share/cpp_srvcli/cmake/cpp_srvcliConfig-version.cmake
[38.151s] -- Up-to-date symlink: /SLAM/ros_ws/install/cpp_srvcli/share/cpp_srvcli/package.xml
[38.157s] Invoked command in '/SLAM/ros_ws/build/cpp_srvcli' returned '0': CMAKE_PREFIX_PATH=/SLAM/ros_ws/install/tutourial_intefaces:/SLAM/ros_ws/install/more_interfaces:/SLAM/ros_ws/install/cpp_pubsub:/SLAM/ros_ws/install/rplidar_ros:/SLAM/ros_ws/install/examples_rclcpp_minimal_client:/SLAM/ros_ws/install/cpp_srvcli:/SLAM/ros_ws/install/image_pipeline:/SLAM/ros_ws/install/stereo_image_proc:/SLAM/ros_ws/install/image_proc:/SLAM/ros_ws/install/tracetools_image_pipeline:/SLAM/ros_ws/install/sllidar_ros2:/SLAM/ros_ws/install/rtabmap_ros:/SLAM/ros_ws/install/rtabmap_launch:/SLAM/ros_ws/install/rtabmap_examples:/SLAM/ros_ws/install/rtabmap_demos:/SLAM/ros_ws/install/rtabmap_viz:/SLAM/ros_ws/install/rtabmap_slam:/SLAM/ros_ws/install/rtabmap_odom:/SLAM/ros_ws/install/rtabmap_util:/SLAM/ros_ws/install/rtabmap_sync:/SLAM/ros_ws/install/rtabmap_rviz_plugins:/SLAM/ros_ws/install/rtabmap_conversions:/SLAM/ros_ws/install/my_robot_controller:/SLAM/ros_ws/install/examples_rclpy_minimal_client:/SLAM/ros_ws/install/examples_rclpy_minimal_action_server:/SLAM/ros_ws/install/examples_rclpy_minimal_action_client:/SLAM/ros_ws/install/examples_rclpy_executors:/SLAM/ros_ws/install/rtabmap_python:/SLAM/ros_ws/install/camera_calibration:/opt/ros/humble:/SLAM/ros_ws/install/rtabmap_msgs:/SLAM/ros_ws/install/rtabmap:/SLAM/ros_ws/install/image_view:/SLAM/ros_ws/install/image_rotate:/SLAM/ros_ws/install/astra_camera:/SLAM/ros_ws/install/image_publisher:/SLAM/ros_ws/install/depth_image_proc:/SLAM/ros_ws/install/astra_camera_msgs /usr/bin/cmake --install /SLAM/ros_ws/build/cpp_srvcli
