[0.055s] Invoking command in '/SLAM/ros_ws/build/sllidar_ros2': CMAKE_PREFIX_PATH=${CMAKE_PREFIX_PATH}:/opt/ros/humble /usr/bin/cmake --build /SLAM/ros_ws/build/sllidar_ros2 -- -j16 -l16
[0.105s] [35m[1mConsolidate compiler generated dependencies of target sllidar_node[0m
[0.120s] [ 10%] Built target sllidar_client
[0.146s] [ 15%] [32mBuilding CXX object CMakeFiles/sllidar_node.dir/src/sllidar_node.cpp.o[0m
[2.029s] In file included from [01m[K/SLAM/ros_ws/src/sllidar_ros2/./sdk/include/sl_lidar_cmd.h:41[m[K,
[2.029s]                  from [01m[K/SLAM/ros_ws/src/sllidar_ros2/./sdk/include/sl_lidar_driver.h:54[m[K,
[2.029s]                  from [01m[K/SLAM/ros_ws/src/sllidar_ros2/./sdk/include/sl_lidar.h:36[m[K,
[2.029s]                  from [01m[K/SLAM/ros_ws/src/sllidar_ros2/src/sllidar_node.cpp:38[m[K:
[2.029s] [01m[K/SLAM/ros_ws/src/sllidar_ros2/./sdk/include/sl_lidar_protocol.h:66:16:[m[K [01;35m[Kwarning: [m[KISO C++ forbids zero-size array ‘[01m[Kdata[m[K’ [[01;35m[K]8;;https://gcc.gnu.org/onlinedocs/gcc/Warning-Options.html#index-Wpedantic-Wpedantic]8;;[m[K]
[2.029s]    66 |     sl_u8 data[[01;35m[K0[m[K];
[2.029s]       |                [01;35m[K^[m[K
[2.029s] In file included from [01m[K/SLAM/ros_ws/src/sllidar_ros2/./sdk/include/sl_lidar_driver.h:54[m[K,
[2.030s]                  from [01m[K/SLAM/ros_ws/src/sllidar_ros2/./sdk/include/sl_lidar.h:36[m[K,
[2.030s]                  from [01m[K/SLAM/ros_ws/src/sllidar_ros2/src/sllidar_node.cpp:38[m[K:
[2.030s] [01m[K/SLAM/ros_ws/src/sllidar_ros2/./sdk/include/sl_lidar_cmd.h:324:20:[m[K [01;35m[Kwarning: [m[KISO C++ forbids zero-size array ‘[01m[Kpayload[m[K’ [[01;35m[K]8;;https://gcc.gnu.org/onlinedocs/gcc/Warning-Options.html#index-Wpedantic-Wpedantic]8;;[m[K]
[2.030s]   324 |     sl_u8  payload[[01;35m[K0[m[K];
[2.030s]       |                    [01;35m[K^[m[K
[4.044s] [ 20%] [32m[1mLinking CXX executable sllidar_node[0m
[4.274s] [100%] Built target sllidar_node
[4.288s] Invoked command in '/SLAM/ros_ws/build/sllidar_ros2' returned '0': CMAKE_PREFIX_PATH=${CMAKE_PREFIX_PATH}:/opt/ros/humble /usr/bin/cmake --build /SLAM/ros_ws/build/sllidar_ros2 -- -j16 -l16
[4.381s] Invoking command in '/SLAM/ros_ws/build/sllidar_ros2': CMAKE_PREFIX_PATH=${CMAKE_PREFIX_PATH}:/opt/ros/humble /usr/bin/cmake --install /SLAM/ros_ws/build/sllidar_ros2
[4.389s] -- Install configuration: ""
[4.389s] -- Execute custom install script
[4.390s] -- Up-to-date symlink: /SLAM/ros_ws/install/sllidar_ros2/share/sllidar_ros2/launch/sllidar_a1_launch.py
[4.390s] -- Up-to-date symlink: /SLAM/ros_ws/install/sllidar_ros2/share/sllidar_ros2/launch/sllidar_a2m12_launch .py
[4.390s] -- Up-to-date symlink: /SLAM/ros_ws/install/sllidar_ros2/share/sllidar_ros2/launch/sllidar_a2m7_launch.py
[4.390s] -- Up-to-date symlink: /SLAM/ros_ws/install/sllidar_ros2/share/sllidar_ros2/launch/sllidar_a2m8_launch.py
[4.390s] -- Up-to-date symlink: /SLAM/ros_ws/install/sllidar_ros2/share/sllidar_ros2/launch/sllidar_a3_launch.py
[4.390s] -- Up-to-date symlink: /SLAM/ros_ws/install/sllidar_ros2/share/sllidar_ros2/launch/sllidar_c1_launch.py
[4.391s] -- Up-to-date symlink: /SLAM/ros_ws/install/sllidar_ros2/share/sllidar_ros2/launch/sllidar_s1_launch.py
[4.391s] -- Up-to-date symlink: /SLAM/ros_ws/install/sllidar_ros2/share/sllidar_ros2/launch/sllidar_s1_tcp_launch.py
[4.391s] -- Up-to-date symlink: /SLAM/ros_ws/install/sllidar_ros2/share/sllidar_ros2/launch/sllidar_s2_launch.py
[4.391s] -- Up-to-date symlink: /SLAM/ros_ws/install/sllidar_ros2/share/sllidar_ros2/launch/sllidar_s2e_launch.py
[4.391s] -- Up-to-date symlink: /SLAM/ros_ws/install/sllidar_ros2/share/sllidar_ros2/launch/sllidar_s3_launch.py
[4.391s] -- Up-to-date symlink: /SLAM/ros_ws/install/sllidar_ros2/share/sllidar_ros2/launch/sllidar_t1_launch.py
[4.391s] -- Up-to-date symlink: /SLAM/ros_ws/install/sllidar_ros2/share/sllidar_ros2/launch/view_sllidar_a1_launch.py
[4.391s] -- Up-to-date symlink: /SLAM/ros_ws/install/sllidar_ros2/share/sllidar_ros2/launch/view_sllidar_a2m12_launch.py
[4.391s] -- Up-to-date symlink: /SLAM/ros_ws/install/sllidar_ros2/share/sllidar_ros2/launch/view_sllidar_a2m7_launch.py
[4.391s] -- Up-to-date symlink: /SLAM/ros_ws/install/sllidar_ros2/share/sllidar_ros2/launch/view_sllidar_a2m8_launch.py
[4.391s] -- Up-to-date symlink: /SLAM/ros_ws/install/sllidar_ros2/share/sllidar_ros2/launch/view_sllidar_a3_launch.py
[4.392s] -- Up-to-date symlink: /SLAM/ros_ws/install/sllidar_ros2/share/sllidar_ros2/launch/view_sllidar_c1_launch.py
[4.392s] -- Up-to-date symlink: /SLAM/ros_ws/install/sllidar_ros2/share/sllidar_ros2/launch/view_sllidar_s1_launch.py
[4.392s] -- Up-to-date symlink: /SLAM/ros_ws/install/sllidar_ros2/share/sllidar_ros2/launch/view_sllidar_s1_tcp_launch.py
[4.392s] -- Up-to-date symlink: /SLAM/ros_ws/install/sllidar_ros2/share/sllidar_ros2/launch/view_sllidar_s2_launch.py
[4.392s] -- Up-to-date symlink: /SLAM/ros_ws/install/sllidar_ros2/share/sllidar_ros2/launch/view_sllidar_s2e_launch.py
[4.392s] -- Up-to-date symlink: /SLAM/ros_ws/install/sllidar_ros2/share/sllidar_ros2/launch/view_sllidar_s3_launch.py
[4.392s] -- Up-to-date symlink: /SLAM/ros_ws/install/sllidar_ros2/share/sllidar_ros2/launch/view_sllidar_t1_launch.py
[4.392s] -- Up-to-date symlink: /SLAM/ros_ws/install/sllidar_ros2/share/sllidar_ros2/rviz/sllidar_ros2.rviz
[4.392s] -- Up-to-date symlink: /SLAM/ros_ws/install/sllidar_ros2/lib/sllidar_ros2/sllidar_node
[4.393s] -- Up-to-date symlink: /SLAM/ros_ws/install/sllidar_ros2/lib/sllidar_ros2/sllidar_client
[4.393s] -- Up-to-date symlink: /SLAM/ros_ws/install/sllidar_ros2/share/ament_index/resource_index/package_run_dependencies/sllidar_ros2
[4.393s] -- Up-to-date symlink: /SLAM/ros_ws/install/sllidar_ros2/share/ament_index/resource_index/parent_prefix_path/sllidar_ros2
[4.393s] -- Up-to-date symlink: /SLAM/ros_ws/install/sllidar_ros2/share/sllidar_ros2/environment/ament_prefix_path.sh
[4.393s] -- Up-to-date symlink: /SLAM/ros_ws/install/sllidar_ros2/share/sllidar_ros2/environment/ament_prefix_path.dsv
[4.393s] -- Up-to-date symlink: /SLAM/ros_ws/install/sllidar_ros2/share/sllidar_ros2/environment/path.sh
[4.393s] -- Up-to-date symlink: /SLAM/ros_ws/install/sllidar_ros2/share/sllidar_ros2/environment/path.dsv
[4.394s] -- Up-to-date symlink: /SLAM/ros_ws/install/sllidar_ros2/share/sllidar_ros2/local_setup.bash
[4.394s] -- Up-to-date symlink: /SLAM/ros_ws/install/sllidar_ros2/share/sllidar_ros2/local_setup.sh
[4.394s] -- Up-to-date symlink: /SLAM/ros_ws/install/sllidar_ros2/share/sllidar_ros2/local_setup.zsh
[4.394s] -- Up-to-date symlink: /SLAM/ros_ws/install/sllidar_ros2/share/sllidar_ros2/local_setup.dsv
[4.394s] -- Symlinking: /SLAM/ros_ws/install/sllidar_ros2/share/sllidar_ros2/package.dsv
[4.403s] -- Up-to-date symlink: /SLAM/ros_ws/install/sllidar_ros2/share/ament_index/resource_index/packages/sllidar_ros2
[4.404s] -- Up-to-date symlink: /SLAM/ros_ws/install/sllidar_ros2/share/sllidar_ros2/cmake/ament_cmake_export_dependencies-extras.cmake
[4.404s] -- Up-to-date symlink: /SLAM/ros_ws/install/sllidar_ros2/share/sllidar_ros2/cmake/ament_cmake_export_include_directories-extras.cmake
[4.404s] -- Up-to-date symlink: /SLAM/ros_ws/install/sllidar_ros2/share/sllidar_ros2/cmake/sllidar_ros2Config.cmake
[4.404s] -- Up-to-date symlink: /SLAM/ros_ws/install/sllidar_ros2/share/sllidar_ros2/cmake/sllidar_ros2Config-version.cmake
[4.404s] -- Up-to-date symlink: /SLAM/ros_ws/install/sllidar_ros2/share/sllidar_ros2/package.xml
[4.406s] Invoked command in '/SLAM/ros_ws/build/sllidar_ros2' returned '0': CMAKE_PREFIX_PATH=${CMAKE_PREFIX_PATH}:/opt/ros/humble /usr/bin/cmake --install /SLAM/ros_ws/build/sllidar_ros2
