[0.000000] (-) TimerEvent: {}
[0.000257] (-) JobUnselected: {'identifier': 'astra_camera'}
[0.000297] (-) JobUnselected: {'identifier': 'astra_camera_msgs'}
[0.000346] (-) JobUnselected: {'identifier': 'camera_calibration'}
[0.000401] (-) JobUnselected: {'identifier': 'depth_image_proc'}
[0.000432] (-) JobUnselected: {'identifier': 'image_pipeline'}
[0.000475] (-) JobUnselected: {'identifier': 'image_proc'}
[0.000490] (-) JobUnselected: {'identifier': 'image_publisher'}
[0.000518] (-) JobUnselected: {'identifier': 'image_rotate'}
[0.000583] (-) JobUnselected: {'identifier': 'image_view'}
[0.000628] (-) JobUnselected: {'identifier': 'rtabmap'}
[0.000689] (-) JobUnselected: {'identifier': 'rtabmap_conversions'}
[0.000705] (-) JobUnselected: {'identifier': 'rtabmap_examples'}
[0.000745] (-) JobUnselected: {'identifier': 'rtabmap_launch'}
[0.000829] (-) JobUnselected: {'identifier': 'rtabmap_msgs'}
[0.000846] (-) JobUnselected: {'identifier': 'rtabmap_odom'}
[0.000864] (-) JobUnselected: {'identifier': 'rtabmap_python'}
[0.000895] (-) JobUnselected: {'identifier': 'rtabmap_ros'}
[0.000953] (-) JobUnselected: {'identifier': 'rtabmap_rviz_plugins'}
[0.000968] (-) JobUnselected: {'identifier': 'rtabmap_slam'}
[0.000984] (-) JobUnselected: {'identifier': 'rtabmap_sync'}
[0.001005] (-) JobUnselected: {'identifier': 'rtabmap_util'}
[0.001127] (-) JobUnselected: {'identifier': 'rtabmap_viz'}
[0.001144] (-) JobUnselected: {'identifier': 'sllidar_ros2'}
[0.001166] (-) JobUnselected: {'identifier': 'stereo_image_proc'}
[0.001240] (-) JobUnselected: {'identifier': 'tracetools_image_pipeline'}
[0.001261] (rtabmap_demos) JobQueued: {'identifier': 'rtabmap_demos', 'dependencies': OrderedDict([('rtabmap', '/SLAM/ros_ws/install/rtabmap'), ('rtabmap_msgs', '/SLAM/ros_ws/install/rtabmap_msgs'), ('rtabmap_conversions', '/SLAM/ros_ws/install/rtabmap_conversions'), ('rtabmap_rviz_plugins', '/SLAM/ros_ws/install/rtabmap_rviz_plugins'), ('rtabmap_sync', '/SLAM/ros_ws/install/rtabmap_sync'), ('rtabmap_util', '/SLAM/ros_ws/install/rtabmap_util'), ('rtabmap_odom', '/SLAM/ros_ws/install/rtabmap_odom'), ('rtabmap_slam', '/SLAM/ros_ws/install/rtabmap_slam'), ('rtabmap_viz', '/SLAM/ros_ws/install/rtabmap_viz')])}
[0.001300] (rtabmap_demos) JobStarted: {'identifier': 'rtabmap_demos'}
[0.077127] (rtabmap_demos) JobProgress: {'identifier': 'rtabmap_demos', 'progress': 'cmake'}
[0.077674] (rtabmap_demos) JobProgress: {'identifier': 'rtabmap_demos', 'progress': 'build'}
[0.078190] (rtabmap_demos) Command: {'cmd': ['/usr/bin/cmake', '--build', '/SLAM/ros_ws/build/rtabmap_demos'], 'cwd': '/SLAM/ros_ws/build/rtabmap_demos', 'env': OrderedDict([('HOSTNAME', 'acer'), ('ROS_PACKAGE_PATH', '/SLAM/ros_ws/install/rtabmap_msgs/share'), ('GIT_ASKPASS', '/home/ros/.vscode-server/bin/0ee08df0cf4527e40edc9aa28f4b5bd38bbff2b2/extensions/git/dist/askpass.sh'), ('SHLVL', '2'), ('LD_LIBRARY_PATH', '/SLAM/ros_ws/install/rtabmap_slam/lib:/SLAM/ros_ws/install/rtabmap_odom/lib:/SLAM/ros_ws/install/rtabmap_util/lib:/SLAM/ros_ws/install/rtabmap_sync/lib:/SLAM/ros_ws/install/rtabmap_rviz_plugins/lib:/SLAM/ros_ws/install/rtabmap_conversions/lib:/SLAM/ros_ws/install/rtabmap_msgs/lib:/SLAM/ros_ws/install/rtabmap/lib:/SLAM/ros_ws/install/stereo_image_proc/lib:/SLAM/ros_ws/install/image_proc/lib:/SLAM/ros_ws/install/tracetools_image_pipeline/lib:/SLAM/ros_ws/install/image_view/lib:/SLAM/ros_ws/install/image_rotate/lib:/SLAM/ros_ws/install/astra_camera/lib:/SLAM/ros_ws/install/image_publisher/lib:/SLAM/ros_ws/install/depth_image_proc/lib:/SLAM/ros_ws/install/astra_camera_msgs/lib:/usr/lib/x86_64-linux-gnu/gazebo-11/plugins:/opt/ros/humble/opt/rviz_ogre_vendor/lib:/opt/ros/humble/lib/x86_64-linux-gnu:/opt/ros/humble/lib'), ('BROWSER', '/home/ros/.vscode-server/bin/0ee08df0cf4527e40edc9aa28f4b5bd38bbff2b2/bin/helpers/browser.sh'), ('HOME', '/home/ros'), ('OLDPWD', '/SLAM'), ('TERM_PROGRAM_VERSION', '1.85.1'), ('VSCODE_IPC_HOOK_CLI', '/tmp/vscode-ipc-b767ac96-efed-4f0f-95be-a2aa688262b3.sock'), ('ROS_PYTHON_VERSION', '3'), ('VSCODE_GIT_ASKPASS_MAIN', '/home/ros/.vscode-server/bin/0ee08df0cf4527e40edc9aa28f4b5bd38bbff2b2/extensions/git/dist/askpass-main.js'), ('VSCODE_GIT_ASKPASS_NODE', '/home/ros/.vscode-server/bin/0ee08df0cf4527e40edc9aa28f4b5bd38bbff2b2/node'), ('MAKEFLAGS', '-j6'), ('COLORTERM', 'truecolor'), ('REMOTE_CONTAINERS', 'true'), ('COLCON_PREFIX_PATH', '/SLAM/ros_ws/install'), ('ROS_DISTRO', 'humble'), ('REMOTE_CONTAINERS_IPC', '/tmp/vscode-remote-containers-ipc-9ab2f5d1-353e-48b2-a529-a74e9f1ed1d2.sock'), ('_', '/usr/bin/colcon'), ('ROS_VERSION', '2'), ('PKG_CONFIG_PATH', '/SLAM/ros_ws/install/rtabmap_msgs/lib/x86_64-linux-gnu/pkgconfig:/SLAM/ros_ws/install/rtabmap_msgs/lib/pkgconfig:/SLAM/ros_ws/install/rtabmap/lib/x86_64-linux-gnu/pkgconfig:/SLAM/ros_ws/install/rtabmap/lib/pkgconfig'), ('TERM', 'xterm-256color'), ('ROS_LOCALHOST_ONLY', '0'), ('PATH', '/SLAM/ros_ws/install/rtabmap/bin:/SLAM/ros_ws/install/image_proc/bin:/home/ros/.vscode-server/bin/0ee08df0cf4527e40edc9aa28f4b5bd38bbff2b2/bin/remote-cli:/opt/ros/humble/bin:/usr/local/sbin:/usr/local/bin:/usr/sbin:/usr/bin:/sbin:/bin'), ('REMOTE_CONTAINERS_SOCKETS', '["/tmp/vscode-ssh-auth-9ab2f5d1-353e-48b2-a529-a74e9f1ed1d2.sock","/tmp/.X11-unix/X0","/home/ros/.gnupg/S.gpg-agent"]'), ('DISPLAY', ':1'), ('LANG', 'C.UTF-8'), ('VSCODE_GIT_IPC_HANDLE', '/tmp/vscode-git-300c5a9faf.sock'), ('TERM_PROGRAM', 'vscode'), ('SSH_AUTH_SOCK', '/tmp/vscode-ssh-auth-9ab2f5d1-353e-48b2-a529-a74e9f1ed1d2.sock'), ('AMENT_PREFIX_PATH', '/SLAM/ros_ws/install/rtabmap_demos:/SLAM/ros_ws/install/image_pipeline:/SLAM/ros_ws/install/stereo_image_proc:/SLAM/ros_ws/install/image_proc:/SLAM/ros_ws/install/tracetools_image_pipeline:/SLAM/ros_ws/install/sllidar_ros2:/SLAM/ros_ws/install/rtabmap_ros:/SLAM/ros_ws/install/rtabmap_launch:/SLAM/ros_ws/install/rtabmap_examples:/SLAM/ros_ws/install/rtabmap_viz:/SLAM/ros_ws/install/rtabmap_slam:/SLAM/ros_ws/install/rtabmap_odom:/SLAM/ros_ws/install/rtabmap_util:/SLAM/ros_ws/install/rtabmap_sync:/SLAM/ros_ws/install/rtabmap_rviz_plugins:/SLAM/ros_ws/install/rtabmap_python:/SLAM/ros_ws/install/rtabmap_conversions:/SLAM/ros_ws/install/image_view:/SLAM/ros_ws/install/image_rotate:/SLAM/ros_ws/install/astra_camera:/SLAM/ros_ws/install/image_publisher:/SLAM/ros_ws/install/depth_image_proc:/SLAM/ros_ws/install/camera_calibration:/SLAM/ros_ws/install/astra_camera_msgs:/opt/ros/humble'), ('REMOTE_CONTAINERS_DISPLAY_SOCK', '/tmp/.X11-unix/X0'), ('SHELL', '/bin/bash'), ('VSCODE_GIT_ASKPASS_EXTRA_ARGS', ''), ('PWD', '/SLAM/ros_ws/build/rtabmap_demos'), ('TURTLEBOT3_MODEL', 'waffle'), ('LC_ALL', 'C.UTF-8'), ('PYTHONPATH', '/SLAM/ros_ws/install/rtabmap_msgs/local/lib/python3.10/dist-packages:/SLAM/ros_ws/build/rtabmap_python:/SLAM/ros_ws/install/rtabmap_python/lib/python3.10/site-packages:/SLAM/ros_ws/build/camera_calibration/src:/SLAM/ros_ws/install/camera_calibration/lib/python3.10/site-packages:/SLAM/ros_ws/install/astra_camera_msgs/local/lib/python3.10/dist-packages:/opt/ros/humble/lib/python3.10/site-packages:/opt/ros/humble/local/lib/python3.10/dist-packages'), ('COLCON', '1'), ('CMAKE_PREFIX_PATH', '/SLAM/ros_ws/install/rtabmap_viz:/SLAM/ros_ws/install/rtabmap_slam:/SLAM/ros_ws/install/rtabmap_odom:/SLAM/ros_ws/install/rtabmap_util:/SLAM/ros_ws/install/rtabmap_sync:/SLAM/ros_ws/install/rtabmap_rviz_plugins:/SLAM/ros_ws/install/rtabmap_conversions:/SLAM/ros_ws/install/rtabmap_python:/SLAM/ros_ws/install/camera_calibration:/opt/ros/humble:/SLAM/ros_ws/install/rtabmap_msgs:/SLAM/ros_ws/install/rtabmap:/SLAM/ros_ws/install/rtabmap_demos:/SLAM/ros_ws/install/image_pipeline:/SLAM/ros_ws/install/stereo_image_proc:/SLAM/ros_ws/install/image_proc:/SLAM/ros_ws/install/tracetools_image_pipeline:/SLAM/ros_ws/install/sllidar_ros2:/SLAM/ros_ws/install/rtabmap_ros:/SLAM/ros_ws/install/rtabmap_launch:/SLAM/ros_ws/install/rtabmap_examples:/SLAM/ros_ws/install/image_view:/SLAM/ros_ws/install/image_rotate:/SLAM/ros_ws/install/astra_camera:/SLAM/ros_ws/install/image_publisher:/SLAM/ros_ws/install/depth_image_proc:/SLAM/ros_ws/install/astra_camera_msgs')]), 'shell': False}
[0.099932] (-) TimerEvent: {}
[0.127724] (rtabmap_demos) CommandEnded: {'returncode': 0}
[0.161141] (rtabmap_demos) JobProgress: {'identifier': 'rtabmap_demos', 'progress': 'install'}
[0.172219] (rtabmap_demos) Command: {'cmd': ['/usr/bin/cmake', '--install', '/SLAM/ros_ws/build/rtabmap_demos'], 'cwd': '/SLAM/ros_ws/build/rtabmap_demos', 'env': OrderedDict([('HOSTNAME', 'acer'), ('ROS_PACKAGE_PATH', '/SLAM/ros_ws/install/rtabmap_msgs/share'), ('GIT_ASKPASS', '/home/ros/.vscode-server/bin/0ee08df0cf4527e40edc9aa28f4b5bd38bbff2b2/extensions/git/dist/askpass.sh'), ('SHLVL', '2'), ('LD_LIBRARY_PATH', '/SLAM/ros_ws/install/rtabmap_slam/lib:/SLAM/ros_ws/install/rtabmap_odom/lib:/SLAM/ros_ws/install/rtabmap_util/lib:/SLAM/ros_ws/install/rtabmap_sync/lib:/SLAM/ros_ws/install/rtabmap_rviz_plugins/lib:/SLAM/ros_ws/install/rtabmap_conversions/lib:/SLAM/ros_ws/install/rtabmap_msgs/lib:/SLAM/ros_ws/install/rtabmap/lib:/SLAM/ros_ws/install/stereo_image_proc/lib:/SLAM/ros_ws/install/image_proc/lib:/SLAM/ros_ws/install/tracetools_image_pipeline/lib:/SLAM/ros_ws/install/image_view/lib:/SLAM/ros_ws/install/image_rotate/lib:/SLAM/ros_ws/install/astra_camera/lib:/SLAM/ros_ws/install/image_publisher/lib:/SLAM/ros_ws/install/depth_image_proc/lib:/SLAM/ros_ws/install/astra_camera_msgs/lib:/usr/lib/x86_64-linux-gnu/gazebo-11/plugins:/opt/ros/humble/opt/rviz_ogre_vendor/lib:/opt/ros/humble/lib/x86_64-linux-gnu:/opt/ros/humble/lib'), ('BROWSER', '/home/ros/.vscode-server/bin/0ee08df0cf4527e40edc9aa28f4b5bd38bbff2b2/bin/helpers/browser.sh'), ('HOME', '/home/ros'), ('OLDPWD', '/SLAM'), ('TERM_PROGRAM_VERSION', '1.85.1'), ('VSCODE_IPC_HOOK_CLI', '/tmp/vscode-ipc-b767ac96-efed-4f0f-95be-a2aa688262b3.sock'), ('ROS_PYTHON_VERSION', '3'), ('VSCODE_GIT_ASKPASS_MAIN', '/home/ros/.vscode-server/bin/0ee08df0cf4527e40edc9aa28f4b5bd38bbff2b2/extensions/git/dist/askpass-main.js'), ('VSCODE_GIT_ASKPASS_NODE', '/home/ros/.vscode-server/bin/0ee08df0cf4527e40edc9aa28f4b5bd38bbff2b2/node'), ('MAKEFLAGS', '-j6'), ('COLORTERM', 'truecolor'), ('REMOTE_CONTAINERS', 'true'), ('COLCON_PREFIX_PATH', '/SLAM/ros_ws/install'), ('ROS_DISTRO', 'humble'), ('REMOTE_CONTAINERS_IPC', '/tmp/vscode-remote-containers-ipc-9ab2f5d1-353e-48b2-a529-a74e9f1ed1d2.sock'), ('_', '/usr/bin/colcon'), ('ROS_VERSION', '2'), ('PKG_CONFIG_PATH', '/SLAM/ros_ws/install/rtabmap_msgs/lib/x86_64-linux-gnu/pkgconfig:/SLAM/ros_ws/install/rtabmap_msgs/lib/pkgconfig:/SLAM/ros_ws/install/rtabmap/lib/x86_64-linux-gnu/pkgconfig:/SLAM/ros_ws/install/rtabmap/lib/pkgconfig'), ('TERM', 'xterm-256color'), ('ROS_LOCALHOST_ONLY', '0'), ('PATH', '/SLAM/ros_ws/install/rtabmap/bin:/SLAM/ros_ws/install/image_proc/bin:/home/ros/.vscode-server/bin/0ee08df0cf4527e40edc9aa28f4b5bd38bbff2b2/bin/remote-cli:/opt/ros/humble/bin:/usr/local/sbin:/usr/local/bin:/usr/sbin:/usr/bin:/sbin:/bin'), ('REMOTE_CONTAINERS_SOCKETS', '["/tmp/vscode-ssh-auth-9ab2f5d1-353e-48b2-a529-a74e9f1ed1d2.sock","/tmp/.X11-unix/X0","/home/ros/.gnupg/S.gpg-agent"]'), ('DISPLAY', ':1'), ('LANG', 'C.UTF-8'), ('VSCODE_GIT_IPC_HANDLE', '/tmp/vscode-git-300c5a9faf.sock'), ('TERM_PROGRAM', 'vscode'), ('SSH_AUTH_SOCK', '/tmp/vscode-ssh-auth-9ab2f5d1-353e-48b2-a529-a74e9f1ed1d2.sock'), ('AMENT_PREFIX_PATH', '/SLAM/ros_ws/install/rtabmap_demos:/SLAM/ros_ws/install/image_pipeline:/SLAM/ros_ws/install/stereo_image_proc:/SLAM/ros_ws/install/image_proc:/SLAM/ros_ws/install/tracetools_image_pipeline:/SLAM/ros_ws/install/sllidar_ros2:/SLAM/ros_ws/install/rtabmap_ros:/SLAM/ros_ws/install/rtabmap_launch:/SLAM/ros_ws/install/rtabmap_examples:/SLAM/ros_ws/install/rtabmap_viz:/SLAM/ros_ws/install/rtabmap_slam:/SLAM/ros_ws/install/rtabmap_odom:/SLAM/ros_ws/install/rtabmap_util:/SLAM/ros_ws/install/rtabmap_sync:/SLAM/ros_ws/install/rtabmap_rviz_plugins:/SLAM/ros_ws/install/rtabmap_python:/SLAM/ros_ws/install/rtabmap_conversions:/SLAM/ros_ws/install/image_view:/SLAM/ros_ws/install/image_rotate:/SLAM/ros_ws/install/astra_camera:/SLAM/ros_ws/install/image_publisher:/SLAM/ros_ws/install/depth_image_proc:/SLAM/ros_ws/install/camera_calibration:/SLAM/ros_ws/install/astra_camera_msgs:/opt/ros/humble'), ('REMOTE_CONTAINERS_DISPLAY_SOCK', '/tmp/.X11-unix/X0'), ('SHELL', '/bin/bash'), ('VSCODE_GIT_ASKPASS_EXTRA_ARGS', ''), ('PWD', '/SLAM/ros_ws/build/rtabmap_demos'), ('TURTLEBOT3_MODEL', 'waffle'), ('LC_ALL', 'C.UTF-8'), ('PYTHONPATH', '/SLAM/ros_ws/install/rtabmap_msgs/local/lib/python3.10/dist-packages:/SLAM/ros_ws/build/rtabmap_python:/SLAM/ros_ws/install/rtabmap_python/lib/python3.10/site-packages:/SLAM/ros_ws/build/camera_calibration/src:/SLAM/ros_ws/install/camera_calibration/lib/python3.10/site-packages:/SLAM/ros_ws/install/astra_camera_msgs/local/lib/python3.10/dist-packages:/opt/ros/humble/lib/python3.10/site-packages:/opt/ros/humble/local/lib/python3.10/dist-packages'), ('COLCON', '1'), ('CMAKE_PREFIX_PATH', '/SLAM/ros_ws/install/rtabmap_viz:/SLAM/ros_ws/install/rtabmap_slam:/SLAM/ros_ws/install/rtabmap_odom:/SLAM/ros_ws/install/rtabmap_util:/SLAM/ros_ws/install/rtabmap_sync:/SLAM/ros_ws/install/rtabmap_rviz_plugins:/SLAM/ros_ws/install/rtabmap_conversions:/SLAM/ros_ws/install/rtabmap_python:/SLAM/ros_ws/install/camera_calibration:/opt/ros/humble:/SLAM/ros_ws/install/rtabmap_msgs:/SLAM/ros_ws/install/rtabmap:/SLAM/ros_ws/install/rtabmap_demos:/SLAM/ros_ws/install/image_pipeline:/SLAM/ros_ws/install/stereo_image_proc:/SLAM/ros_ws/install/image_proc:/SLAM/ros_ws/install/tracetools_image_pipeline:/SLAM/ros_ws/install/sllidar_ros2:/SLAM/ros_ws/install/rtabmap_ros:/SLAM/ros_ws/install/rtabmap_launch:/SLAM/ros_ws/install/rtabmap_examples:/SLAM/ros_ws/install/image_view:/SLAM/ros_ws/install/image_rotate:/SLAM/ros_ws/install/astra_camera:/SLAM/ros_ws/install/image_publisher:/SLAM/ros_ws/install/depth_image_proc:/SLAM/ros_ws/install/astra_camera_msgs')]), 'shell': False}
[0.182036] (rtabmap_demos) StdoutLine: {'line': b'-- Install configuration: "Release"\n'}
[0.182392] (rtabmap_demos) StdoutLine: {'line': b'-- Execute custom install script\n'}
[0.182733] (rtabmap_demos) StdoutLine: {'line': b'-- Up-to-date symlink: /SLAM/ros_ws/install/rtabmap_demos/share/rtabmap_demos/launch/turtlebot3_rgbd.launch.py\n'}
[0.182871] (rtabmap_demos) StdoutLine: {'line': b'-- Up-to-date symlink: /SLAM/ros_ws/install/rtabmap_demos/share/rtabmap_demos/launch/turtlebot3_rgbd_sync.launch.py\n'}
[0.182973] (rtabmap_demos) StdoutLine: {'line': b'-- Up-to-date symlink: /SLAM/ros_ws/install/rtabmap_demos/share/rtabmap_demos/launch/turtlebot3_scan.launch.py\n'}
[0.183116] (rtabmap_demos) StdoutLine: {'line': b'-- Up-to-date symlink: /SLAM/ros_ws/install/rtabmap_demos/share/ament_index/resource_index/package_run_dependencies/rtabmap_demos\n'}
[0.183240] (rtabmap_demos) StdoutLine: {'line': b'-- Up-to-date symlink: /SLAM/ros_ws/install/rtabmap_demos/share/ament_index/resource_index/parent_prefix_path/rtabmap_demos\n'}
[0.183402] (rtabmap_demos) StdoutLine: {'line': b'-- Up-to-date symlink: /SLAM/ros_ws/install/rtabmap_demos/share/rtabmap_demos/environment/ament_prefix_path.sh\n'}
[0.183518] (rtabmap_demos) StdoutLine: {'line': b'-- Up-to-date symlink: /SLAM/ros_ws/install/rtabmap_demos/share/rtabmap_demos/environment/ament_prefix_path.dsv\n'}
[0.183681] (rtabmap_demos) StdoutLine: {'line': b'-- Up-to-date symlink: /SLAM/ros_ws/install/rtabmap_demos/share/rtabmap_demos/environment/path.sh\n'}
[0.183786] (rtabmap_demos) StdoutLine: {'line': b'-- Up-to-date symlink: /SLAM/ros_ws/install/rtabmap_demos/share/rtabmap_demos/environment/path.dsv\n'}
[0.183925] (rtabmap_demos) StdoutLine: {'line': b'-- Up-to-date symlink: /SLAM/ros_ws/install/rtabmap_demos/share/rtabmap_demos/local_setup.bash\n'}
[0.184034] (rtabmap_demos) StdoutLine: {'line': b'-- Up-to-date symlink: /SLAM/ros_ws/install/rtabmap_demos/share/rtabmap_demos/local_setup.sh\n'}
[0.184140] (rtabmap_demos) StdoutLine: {'line': b'-- Up-to-date symlink: /SLAM/ros_ws/install/rtabmap_demos/share/rtabmap_demos/local_setup.zsh\n'}
[0.184253] (rtabmap_demos) StdoutLine: {'line': b'-- Up-to-date symlink: /SLAM/ros_ws/install/rtabmap_demos/share/rtabmap_demos/local_setup.dsv\n'}
[0.184333] (rtabmap_demos) StdoutLine: {'line': b'-- Symlinking: /SLAM/ros_ws/install/rtabmap_demos/share/rtabmap_demos/package.dsv\n'}
[0.196161] (rtabmap_demos) StdoutLine: {'line': b'-- Up-to-date symlink: /SLAM/ros_ws/install/rtabmap_demos/share/ament_index/resource_index/packages/rtabmap_demos\n'}
[0.196390] (rtabmap_demos) StdoutLine: {'line': b'-- Up-to-date symlink: /SLAM/ros_ws/install/rtabmap_demos/share/rtabmap_demos/cmake/rtabmap_demosConfig.cmake\n'}
[0.196499] (rtabmap_demos) StdoutLine: {'line': b'-- Up-to-date symlink: /SLAM/ros_ws/install/rtabmap_demos/share/rtabmap_demos/cmake/rtabmap_demosConfig-version.cmake\n'}
[0.196591] (rtabmap_demos) StdoutLine: {'line': b'-- Up-to-date symlink: /SLAM/ros_ws/install/rtabmap_demos/share/rtabmap_demos/package.xml\n'}
[0.198631] (rtabmap_demos) CommandEnded: {'returncode': 0}
[0.200048] (-) TimerEvent: {}
[0.300342] (-) TimerEvent: {}
[0.322389] (rtabmap_demos) JobEnded: {'identifier': 'rtabmap_demos', 'rc': 0}
[0.322953] (-) EventReactorShutdown: {}
