[2.026s] Invoking command in '/SLAM/ros_ws/build/rtabmap_python': PYTHONPATH=/SLAM/ros_ws/build/rtabmap_python/prefix_override:/SLAM/ros_ws/install/rtabmap_python/lib/python3.10/site-packages:${PYTHONPATH} /usr/bin/python3 setup.py develop --editable --build-directory /SLAM/ros_ws/build/rtabmap_python/build --no-deps install_data
[2.259s] running develop
[2.259s] /usr/lib/python3/dist-packages/setuptools/command/easy_install.py:158: EasyInstallDeprecationWarning: easy_install command is deprecated. Use build and pip and other standards-based tools.
[2.259s]   warnings.warn(
[2.260s] /usr/lib/python3/dist-packages/setuptools/command/install.py:34: SetuptoolsDeprecationWarning: setup.py install is deprecated. Use build and pip and other standards-based tools.
[2.260s]   warnings.warn(
[2.402s] running egg_info
[2.402s] writing rtabmap_python.egg-info/PKG-INFO
[2.403s] writing dependency_links to rtabmap_python.egg-info/dependency_links.txt
[2.404s] writing entry points to rtabmap_python.egg-info/entry_points.txt
[2.404s] writing requirements to rtabmap_python.egg-info/requires.txt
[2.404s] writing top-level names to rtabmap_python.egg-info/top_level.txt
[2.406s] reading manifest file 'rtabmap_python.egg-info/SOURCES.txt'
[2.406s] writing manifest file 'rtabmap_python.egg-info/SOURCES.txt'
[2.407s] running build_ext
[2.407s] Creating /SLAM/ros_ws/install/rtabmap_python/lib/python3.10/site-packages/rtabmap-python.egg-link (link to .)
[2.408s] 
[2.409s] Installed /SLAM/ros_ws/build/rtabmap_python
[2.409s] running install_data
[2.698s] Invoked command in '/SLAM/ros_ws/build/rtabmap_python' returned '0': PYTHONPATH=/SLAM/ros_ws/build/rtabmap_python/prefix_override:/SLAM/ros_ws/install/rtabmap_python/lib/python3.10/site-packages:${PYTHONPATH} /usr/bin/python3 setup.py develop --editable --build-directory /SLAM/ros_ws/build/rtabmap_python/build --no-deps install_data
