[0.050s] Invoking command in '/SLAM/ros_ws/build/br2_fsm_bumpgo_cpp': CMAKE_PREFIX_PATH=/opt/ros/humble /usr/bin/cmake --build /SLAM/ros_ws/build/br2_fsm_bumpgo_cpp -- -j16 -l16
[0.106s] [35m[1mConsolidate compiler generated dependencies of target bumpgo[0m
[0.135s] [100%] Built target bumpgo
[0.148s] Invoked command in '/SLAM/ros_ws/build/br2_fsm_bumpgo_cpp' returned '0': CMAKE_PREFIX_PATH=/opt/ros/humble /usr/bin/cmake --build /SLAM/ros_ws/build/br2_fsm_bumpgo_cpp -- -j16 -l16
[0.189s] Invoking command in '/SLAM/ros_ws/build/br2_fsm_bumpgo_cpp': CMAKE_PREFIX_PATH=/opt/ros/humble /usr/bin/cmake --install /SLAM/ros_ws/build/br2_fsm_bumpgo_cpp
[0.196s] -- Install configuration: ""
[0.197s] -- Execute custom install script
[0.197s] -- Up-to-date symlink: /SLAM/ros_ws/install/br2_fsm_bumpgo_cpp/lib/br2_fsm_bumpgo_cpp/bumpgo
[0.198s] -- Up-to-date symlink: /SLAM/ros_ws/install/br2_fsm_bumpgo_cpp/share/br2_fsm_bumpgo_cpp/launch/bump_and_go.launch.py
[0.198s] -- Up-to-date symlink: /SLAM/ros_ws/install/br2_fsm_bumpgo_cpp/share/ament_index/resource_index/package_run_dependencies/br2_fsm_bumpgo_cpp
[0.198s] -- Up-to-date symlink: /SLAM/ros_ws/install/br2_fsm_bumpgo_cpp/share/ament_index/resource_index/parent_prefix_path/br2_fsm_bumpgo_cpp
[0.198s] -- Up-to-date symlink: /SLAM/ros_ws/install/br2_fsm_bumpgo_cpp/share/br2_fsm_bumpgo_cpp/environment/ament_prefix_path.sh
[0.199s] -- Up-to-date symlink: /SLAM/ros_ws/install/br2_fsm_bumpgo_cpp/share/br2_fsm_bumpgo_cpp/environment/ament_prefix_path.dsv
[0.199s] -- Up-to-date symlink: /SLAM/ros_ws/install/br2_fsm_bumpgo_cpp/share/br2_fsm_bumpgo_cpp/environment/path.sh
[0.199s] -- Up-to-date symlink: /SLAM/ros_ws/install/br2_fsm_bumpgo_cpp/share/br2_fsm_bumpgo_cpp/environment/path.dsv
[0.199s] -- Up-to-date symlink: /SLAM/ros_ws/install/br2_fsm_bumpgo_cpp/share/br2_fsm_bumpgo_cpp/local_setup.bash
[0.200s] -- Up-to-date symlink: /SLAM/ros_ws/install/br2_fsm_bumpgo_cpp/share/br2_fsm_bumpgo_cpp/local_setup.sh
[0.200s] -- Up-to-date symlink: /SLAM/ros_ws/install/br2_fsm_bumpgo_cpp/share/br2_fsm_bumpgo_cpp/local_setup.zsh
[0.200s] -- Up-to-date symlink: /SLAM/ros_ws/install/br2_fsm_bumpgo_cpp/share/br2_fsm_bumpgo_cpp/local_setup.dsv
[0.200s] -- Symlinking: /SLAM/ros_ws/install/br2_fsm_bumpgo_cpp/share/br2_fsm_bumpgo_cpp/package.dsv
[0.212s] -- Up-to-date symlink: /SLAM/ros_ws/install/br2_fsm_bumpgo_cpp/share/ament_index/resource_index/packages/br2_fsm_bumpgo_cpp
[0.212s] -- Up-to-date symlink: /SLAM/ros_ws/install/br2_fsm_bumpgo_cpp/share/br2_fsm_bumpgo_cpp/cmake/br2_fsm_bumpgo_cppConfig.cmake
[0.212s] -- Up-to-date symlink: /SLAM/ros_ws/install/br2_fsm_bumpgo_cpp/share/br2_fsm_bumpgo_cpp/cmake/br2_fsm_bumpgo_cppConfig-version.cmake
[0.212s] -- Up-to-date symlink: /SLAM/ros_ws/install/br2_fsm_bumpgo_cpp/share/br2_fsm_bumpgo_cpp/package.xml
[0.215s] Invoked command in '/SLAM/ros_ws/build/br2_fsm_bumpgo_cpp' returned '0': CMAKE_PREFIX_PATH=/opt/ros/humble /usr/bin/cmake --install /SLAM/ros_ws/build/br2_fsm_bumpgo_cpp
