[0.547s] Invoking command in '/SLAM/ros_ws/build/rtabmap_msgs': /usr/bin/cmake /SLAM/ros_ws/src/rtabmap_ros/rtabmap_msgs -DCMAKE_BUILD_TYPE=Release -DCATKIN_INSTALL_INTO_PREFIX_ROOT=0 -DCATKIN_SYMLINK_INSTALL=ON -DCMAKE_INSTALL_PREFIX=/SLAM/ros_ws/install/rtabmap_msgs
[1.241s] -- The C compiler identification is GNU 11.4.0
[1.241s] -- The CXX compiler identification is GNU 11.4.0
[1.241s] -- Detecting C compiler ABI info
[1.241s] -- Detecting C compiler ABI info - done
[1.241s] -- Check for working C compiler: /usr/bin/cc - skipped
[1.241s] -- Detecting C compile features
[1.241s] -- Detecting C compile features - done
[1.242s] -- Detecting CXX compiler ABI info
[1.242s] -- Detecting CXX compiler ABI info - done
[1.242s] -- Check for working CXX compiler: /usr/bin/c++ - skipped
[1.242s] -- Detecting CXX compile features
[1.242s] -- Detecting CXX compile features - done
[1.242s] -- Found rosidl_default_generators: 1.2.0 (/opt/ros/humble/share/rosidl_default_generators/cmake)
[1.242s] -- Found ament_cmake_core: 1.3.6 (/opt/ros/humble/share/ament_cmake_core/cmake)
[1.242s] -- Found Python3: /usr/bin/python3.10 (found version "3.10.12") found components: Interpreter 
[1.287s] -- Using all available rosidl_typesupport_c: rosidl_typesupport_fastrtps_c;rosidl_typesupport_introspection_c
[1.322s] -- Found rosidl_adapter: 3.1.5 (/opt/ros/humble/share/rosidl_adapter/cmake)
[1.556s] -- Using all available rosidl_typesupport_cpp: rosidl_typesupport_fastrtps_cpp;rosidl_typesupport_introspection_cpp
[1.647s] -- Found geometry_msgs: 4.2.3 (/opt/ros/humble/share/geometry_msgs/cmake)
[1.840s] -- Found sensor_msgs: 4.2.3 (/opt/ros/humble/share/sensor_msgs/cmake)
[1.980s] -- Found std_srvs: 4.2.3 (/opt/ros/humble/share/std_srvs/cmake)
[2.865s] -- Found ament_cmake_ros: 0.10.0 (/opt/ros/humble/share/ament_cmake_ros/cmake)
[3.736s] -- Using all available rosidl_typesupport_c: rosidl_typesupport_fastrtps_c;rosidl_typesupport_introspection_c
[5.181s] -- Using all available rosidl_typesupport_cpp: rosidl_typesupport_fastrtps_cpp;rosidl_typesupport_introspection_cpp
[5.269s] -- Found PythonInterp: /usr/bin/python3 (found suitable version "3.10.12", minimum required is "3.6") 
[5.278s] -- Found python_cmake_module: 0.10.0 (/opt/ros/humble/share/python_cmake_module/cmake)
[5.407s] -- Found PythonLibs: /usr/lib/x86_64-linux-gnu/libpython3.10.so (found suitable version "3.10.12", minimum required is "3.5") 
[5.408s] -- Using PYTHON_EXECUTABLE: /usr/bin/python3
[5.410s] -- Using PYTHON_INCLUDE_DIRS: /usr/include/python3.10
[5.410s] -- Using PYTHON_LIBRARIES: /usr/lib/x86_64-linux-gnu/libpython3.10.so
[5.518s] -- Found PythonExtra: .so  
[5.878s] -- Configuring done
[6.190s] -- Generating done
[6.209s] -- Build files have been written to: /SLAM/ros_ws/build/rtabmap_msgs
[6.210s] [33mCMake Warning:
[6.210s]   Manually-specified variables were not used by the project:
[6.210s] 
[6.210s]     CATKIN_INSTALL_INTO_PREFIX_ROOT
[6.210s]     CATKIN_SYMLINK_INSTALL
[6.211s] 
[6.211s] [0m
[6.274s] Invoked command in '/SLAM/ros_ws/build/rtabmap_msgs' returned '0': /usr/bin/cmake /SLAM/ros_ws/src/rtabmap_ros/rtabmap_msgs -DCMAKE_BUILD_TYPE=Release -DCATKIN_INSTALL_INTO_PREFIX_ROOT=0 -DCATKIN_SYMLINK_INSTALL=ON -DCMAKE_INSTALL_PREFIX=/SLAM/ros_ws/install/rtabmap_msgs
[6.275s] Invoking command in '/SLAM/ros_ws/build/rtabmap_msgs': /usr/bin/cmake --build /SLAM/ros_ws/build/rtabmap_msgs
[6.607s] [  0%] [34m[1mGenerating C code for ROS interfaces[0m
[6.732s] [  0%] [34m[1mGenerating C++ code for ROS interfaces[0m
[6.794s] [  0%] Built target ament_cmake_python_copy_rtabmap_msgs
[8.328s] running egg_info
[8.328s] creating rtabmap_msgs.egg-info
[8.334s] writing rtabmap_msgs.egg-info/PKG-INFO
[8.337s] writing dependency_links to rtabmap_msgs.egg-info/dependency_links.txt
[8.339s] writing top-level names to rtabmap_msgs.egg-info/top_level.txt
[8.339s] writing manifest file 'rtabmap_msgs.egg-info/SOURCES.txt'
[8.349s] reading manifest file 'rtabmap_msgs.egg-info/SOURCES.txt'
[8.350s] writing manifest file 'rtabmap_msgs.egg-info/SOURCES.txt'
[8.672s] [  0%] Built target ament_cmake_python_build_rtabmap_msgs_egg
[19.222s] [  1%] [32mBuilding C object CMakeFiles/rtabmap_msgs__rosidl_generator_c.dir/rosidl_generator_c/rtabmap_msgs/msg/detail/info__functions.c.o[0m
[19.236s] [  1%] [32mBuilding C object CMakeFiles/rtabmap_msgs__rosidl_generator_c.dir/rosidl_generator_c/rtabmap_msgs/msg/detail/key_point__functions.c.o[0m
[19.268s] [  1%] [32mBuilding C object CMakeFiles/rtabmap_msgs__rosidl_generator_c.dir/rosidl_generator_c/rtabmap_msgs/msg/detail/global_descriptor__functions.c.o[0m
[19.330s] [  2%] [32mBuilding C object CMakeFiles/rtabmap_msgs__rosidl_generator_c.dir/rosidl_generator_c/rtabmap_msgs/msg/detail/scan_descriptor__functions.c.o[0m
[19.719s] [  3%] [32mBuilding C object CMakeFiles/rtabmap_msgs__rosidl_generator_c.dir/rosidl_generator_c/rtabmap_msgs/msg/detail/sensor_data__functions.c.o[0m
[19.721s] [  3%] [32mBuilding C object CMakeFiles/rtabmap_msgs__rosidl_generator_c.dir/rosidl_generator_c/rtabmap_msgs/msg/detail/map_data__functions.c.o[0m
[19.728s] [  3%] [32mBuilding C object CMakeFiles/rtabmap_msgs__rosidl_generator_c.dir/rosidl_generator_c/rtabmap_msgs/msg/detail/node__functions.c.o[0m
[19.763s] [  3%] [32mBuilding C object CMakeFiles/rtabmap_msgs__rosidl_generator_c.dir/rosidl_generator_c/rtabmap_msgs/msg/detail/map_graph__functions.c.o[0m
[19.794s] [  3%] [32mBuilding C object CMakeFiles/rtabmap_msgs__rosidl_generator_c.dir/rosidl_generator_c/rtabmap_msgs/msg/detail/link__functions.c.o[0m
[20.020s] [  4%] [32mBuilding C object CMakeFiles/rtabmap_msgs__rosidl_generator_c.dir/rosidl_generator_c/rtabmap_msgs/msg/detail/landmark_detections__functions.c.o[0m
[20.041s] [  4%] [32mBuilding C object CMakeFiles/rtabmap_msgs__rosidl_generator_c.dir/rosidl_generator_c/rtabmap_msgs/msg/detail/landmark_detection__functions.c.o[0m
[20.046s] [  4%] [32mBuilding C object CMakeFiles/rtabmap_msgs__rosidl_generator_c.dir/rosidl_generator_c/rtabmap_msgs/msg/detail/odom_info__functions.c.o[0m
[20.072s] [  4%] [32mBuilding C object CMakeFiles/rtabmap_msgs__rosidl_generator_c.dir/rosidl_generator_c/rtabmap_msgs/msg/detail/point2f__functions.c.o[0m
[20.123s] [  5%] [32mBuilding C object CMakeFiles/rtabmap_msgs__rosidl_generator_c.dir/rosidl_generator_c/rtabmap_msgs/msg/detail/point3f__functions.c.o[0m
[20.292s] [  5%] [32mBuilding C object CMakeFiles/rtabmap_msgs__rosidl_generator_c.dir/rosidl_generator_c/rtabmap_msgs/msg/detail/goal__functions.c.o[0m
[20.441s] [  5%] [32mBuilding C object CMakeFiles/rtabmap_msgs__rosidl_generator_c.dir/rosidl_generator_c/rtabmap_msgs/msg/detail/rgbd_images__functions.c.o[0m
[20.444s] [  5%] [32mBuilding C object CMakeFiles/rtabmap_msgs__rosidl_generator_c.dir/rosidl_generator_c/rtabmap_msgs/msg/detail/rgbd_image__functions.c.o[0m
[20.474s] [  6%] [32mBuilding C object CMakeFiles/rtabmap_msgs__rosidl_generator_c.dir/rosidl_generator_c/rtabmap_msgs/msg/detail/user_data__functions.c.o[0m
[20.488s] [  6%] [32mBuilding C object CMakeFiles/rtabmap_msgs__rosidl_generator_c.dir/rosidl_generator_c/rtabmap_msgs/msg/detail/gps__functions.c.o[0m
[20.588s] [  6%] [32mBuilding C object CMakeFiles/rtabmap_msgs__rosidl_generator_c.dir/rosidl_generator_c/rtabmap_msgs/msg/detail/path__functions.c.o[0m
[20.677s] [  7%] [32mBuilding C object CMakeFiles/rtabmap_msgs__rosidl_generator_c.dir/rosidl_generator_c/rtabmap_msgs/msg/detail/env_sensor__functions.c.o[0m
[20.774s] [  7%] [32mBuilding C object CMakeFiles/rtabmap_msgs__rosidl_generator_c.dir/rosidl_generator_c/rtabmap_msgs/msg/detail/camera_model__functions.c.o[0m
[20.832s] [  7%] [32mBuilding C object CMakeFiles/rtabmap_msgs__rosidl_generator_c.dir/rosidl_generator_c/rtabmap_msgs/msg/detail/camera_models__functions.c.o[0m
[20.853s] [  8%] [32mBuilding C object CMakeFiles/rtabmap_msgs__rosidl_generator_c.dir/rosidl_generator_c/rtabmap_msgs/srv/detail/get_map__functions.c.o[0m
[20.911s] [  8%] [32mBuilding C object CMakeFiles/rtabmap_msgs__rosidl_generator_c.dir/rosidl_generator_c/rtabmap_msgs/srv/detail/get_map2__functions.c.o[0m
[21.024s] [  8%] [32mBuilding C object CMakeFiles/rtabmap_msgs__rosidl_generator_c.dir/rosidl_generator_c/rtabmap_msgs/srv/detail/list_labels__functions.c.o[0m
[21.043s] [  9%] [32mBuilding C object CMakeFiles/rtabmap_msgs__rosidl_generator_c.dir/rosidl_generator_c/rtabmap_msgs/srv/detail/reset_pose__functions.c.o[0m
[21.057s] [  9%] [32mBuilding C object CMakeFiles/rtabmap_msgs__rosidl_generator_c.dir/rosidl_generator_c/rtabmap_msgs/srv/detail/publish_map__functions.c.o[0m
[21.257s] [  9%] [32mBuilding C object CMakeFiles/rtabmap_msgs__rosidl_generator_c.dir/rosidl_generator_c/rtabmap_msgs/srv/detail/set_goal__functions.c.o[0m
[21.298s] [  9%] [32mBuilding C object CMakeFiles/rtabmap_msgs__rosidl_generator_c.dir/rosidl_generator_c/rtabmap_msgs/srv/detail/set_label__functions.c.o[0m
[21.414s] [ 10%] [32mBuilding C object CMakeFiles/rtabmap_msgs__rosidl_generator_c.dir/rosidl_generator_c/rtabmap_msgs/srv/detail/remove_label__functions.c.o[0m
[21.440s] [ 10%] [32mBuilding C object CMakeFiles/rtabmap_msgs__rosidl_generator_c.dir/rosidl_generator_c/rtabmap_msgs/srv/detail/get_plan__functions.c.o[0m
[21.516s] [ 10%] [32mBuilding C object CMakeFiles/rtabmap_msgs__rosidl_generator_c.dir/rosidl_generator_c/rtabmap_msgs/srv/detail/add_link__functions.c.o[0m
[21.815s] [ 11%] [32mBuilding C object CMakeFiles/rtabmap_msgs__rosidl_generator_c.dir/rosidl_generator_c/rtabmap_msgs/srv/detail/get_node_data__functions.c.o[0m
[21.841s] [ 11%] [32mBuilding C object CMakeFiles/rtabmap_msgs__rosidl_generator_c.dir/rosidl_generator_c/rtabmap_msgs/srv/detail/get_nodes_in_radius__functions.c.o[0m
[21.886s] [ 11%] [32mBuilding C object CMakeFiles/rtabmap_msgs__rosidl_generator_c.dir/rosidl_generator_c/rtabmap_msgs/srv/detail/load_database__functions.c.o[0m
[21.955s] [ 11%] [32mBuilding C object CMakeFiles/rtabmap_msgs__rosidl_generator_c.dir/rosidl_generator_c/rtabmap_msgs/srv/detail/detect_more_loop_closures__functions.c.o[0m
[21.958s] [ 12%] [32mBuilding C object CMakeFiles/rtabmap_msgs__rosidl_generator_c.dir/rosidl_generator_c/rtabmap_msgs/srv/detail/global_bundle_adjustment__functions.c.o[0m
[22.238s] [ 12%] [32mBuilding C object CMakeFiles/rtabmap_msgs__rosidl_generator_c.dir/rosidl_generator_c/rtabmap_msgs/srv/detail/cleanup_local_grids__functions.c.o[0m
[22.520s] [ 12%] Built target rtabmap_msgs__cpp
[22.533s] [ 12%] [32m[1mLinking C shared library librtabmap_msgs__rosidl_generator_c.so[0m
[22.560s] [ 12%] [34m[1mGenerating C++ type support dispatch for ROS interfaces[0m
[22.596s] [ 13%] [34m[1mGenerating C++ introspection for ROS interfaces[0m
[22.622s] [ 13%] [34m[1mGenerating C++ type support for eProsima Fast-RTPS[0m
[22.800s] [ 13%] Built target rtabmap_msgs__rosidl_generator_c
[22.881s] [ 14%] [34m[1mGenerating C type support for eProsima Fast-RTPS[0m
[22.884s] [ 15%] [34m[1mGenerating C introspection for ROS interfaces[0m
[22.914s] [ 16%] [34m[1mGenerating C type support dispatch for ROS interfaces[0m
[30.930s] [ 16%] [32mBuilding CXX object CMakeFiles/rtabmap_msgs__rosidl_typesupport_c.dir/rosidl_typesupport_c/rtabmap_msgs/msg/info__type_support.cpp.o[0m
[30.997s] [ 17%] [32mBuilding CXX object CMakeFiles/rtabmap_msgs__rosidl_typesupport_cpp.dir/rosidl_typesupport_cpp/rtabmap_msgs/msg/info__type_support.cpp.o[0m
[31.083s] [ 17%] [32mBuilding CXX object CMakeFiles/rtabmap_msgs__rosidl_typesupport_c.dir/rosidl_typesupport_c/rtabmap_msgs/msg/key_point__type_support.cpp.o[0m
[31.182s] [ 17%] [32mBuilding CXX object CMakeFiles/rtabmap_msgs__rosidl_typesupport_c.dir/rosidl_typesupport_c/rtabmap_msgs/msg/global_descriptor__type_support.cpp.o[0m
[31.303s] [ 18%] [32mBuilding CXX object CMakeFiles/rtabmap_msgs__rosidl_typesupport_c.dir/rosidl_typesupport_c/rtabmap_msgs/msg/scan_descriptor__type_support.cpp.o[0m
[31.458s] [ 18%] [32mBuilding CXX object CMakeFiles/rtabmap_msgs__rosidl_typesupport_c.dir/rosidl_typesupport_c/rtabmap_msgs/msg/map_data__type_support.cpp.o[0m
[31.564s] [ 18%] [32mBuilding CXX object CMakeFiles/rtabmap_msgs__rosidl_typesupport_c.dir/rosidl_typesupport_c/rtabmap_msgs/msg/map_graph__type_support.cpp.o[0m
[31.573s] [ 18%] [32mBuilding CXX object CMakeFiles/rtabmap_msgs__rosidl_typesupport_cpp.dir/rosidl_typesupport_cpp/rtabmap_msgs/msg/key_point__type_support.cpp.o[0m
[31.678s] [ 19%] [32mBuilding CXX object CMakeFiles/rtabmap_msgs__rosidl_typesupport_c.dir/rosidl_typesupport_c/rtabmap_msgs/msg/node__type_support.cpp.o[0m
[31.798s] [ 19%] [32mBuilding CXX object CMakeFiles/rtabmap_msgs__rosidl_typesupport_c.dir/rosidl_typesupport_c/rtabmap_msgs/msg/sensor_data__type_support.cpp.o[0m
[31.915s] [ 19%] [32mBuilding CXX object CMakeFiles/rtabmap_msgs__rosidl_typesupport_c.dir/rosidl_typesupport_c/rtabmap_msgs/msg/link__type_support.cpp.o[0m
[32.006s] [ 20%] [32mBuilding CXX object CMakeFiles/rtabmap_msgs__rosidl_typesupport_c.dir/rosidl_typesupport_c/rtabmap_msgs/msg/landmark_detection__type_support.cpp.o[0m
[32.074s] [ 20%] [32mBuilding CXX object CMakeFiles/rtabmap_msgs__rosidl_typesupport_cpp.dir/rosidl_typesupport_cpp/rtabmap_msgs/msg/global_descriptor__type_support.cpp.o[0m
[32.075s] [ 20%] [32mBuilding CXX object CMakeFiles/rtabmap_msgs__rosidl_typesupport_c.dir/rosidl_typesupport_c/rtabmap_msgs/msg/landmark_detections__type_support.cpp.o[0m
[32.163s] [ 20%] [32mBuilding CXX object CMakeFiles/rtabmap_msgs__rosidl_typesupport_c.dir/rosidl_typesupport_c/rtabmap_msgs/msg/odom_info__type_support.cpp.o[0m
[32.194s] [ 20%] [32mBuilding C object CMakeFiles/rtabmap_msgs__rosidl_typesupport_introspection_c.dir/rosidl_typesupport_introspection_c/rtabmap_msgs/msg/detail/info__type_support.c.o[0m
[32.256s] [ 20%] [32mBuilding CXX object CMakeFiles/rtabmap_msgs__rosidl_typesupport_c.dir/rosidl_typesupport_c/rtabmap_msgs/msg/point2f__type_support.cpp.o[0m
[32.334s] [ 21%] [32mBuilding CXX object CMakeFiles/rtabmap_msgs__rosidl_typesupport_c.dir/rosidl_typesupport_c/rtabmap_msgs/msg/point3f__type_support.cpp.o[0m
[32.364s] [ 22%] [32mBuilding CXX object CMakeFiles/rtabmap_msgs__rosidl_typesupport_fastrtps_cpp.dir/rosidl_typesupport_fastrtps_cpp/rtabmap_msgs/msg/detail/dds_fastrtps/info__type_support.cpp.o[0m
[32.403s] [ 22%] [32mBuilding CXX object CMakeFiles/rtabmap_msgs__rosidl_typesupport_c.dir/rosidl_typesupport_c/rtabmap_msgs/msg/goal__type_support.cpp.o[0m
[32.485s] [ 22%] [32mBuilding CXX object CMakeFiles/rtabmap_msgs__rosidl_typesupport_c.dir/rosidl_typesupport_c/rtabmap_msgs/msg/rgbd_image__type_support.cpp.o[0m
[32.500s] [ 22%] [32mBuilding C object CMakeFiles/rtabmap_msgs__rosidl_typesupport_introspection_c.dir/rosidl_typesupport_introspection_c/rtabmap_msgs/msg/detail/key_point__type_support.c.o[0m
[32.581s] [ 23%] [32mBuilding CXX object CMakeFiles/rtabmap_msgs__rosidl_typesupport_c.dir/rosidl_typesupport_c/rtabmap_msgs/msg/rgbd_images__type_support.cpp.o[0m
[32.603s] [ 24%] [32mBuilding C object CMakeFiles/rtabmap_msgs__rosidl_typesupport_introspection_c.dir/rosidl_typesupport_introspection_c/rtabmap_msgs/msg/detail/global_descriptor__type_support.c.o[0m
[32.608s] [ 25%] [32mBuilding CXX object CMakeFiles/rtabmap_msgs__rosidl_typesupport_cpp.dir/rosidl_typesupport_cpp/rtabmap_msgs/msg/scan_descriptor__type_support.cpp.o[0m
[32.647s] [ 25%] [32mBuilding CXX object CMakeFiles/rtabmap_msgs__rosidl_typesupport_c.dir/rosidl_typesupport_c/rtabmap_msgs/msg/user_data__type_support.cpp.o[0m
[32.668s] [ 25%] [32mBuilding CXX object CMakeFiles/rtabmap_msgs__rosidl_typesupport_fastrtps_c.dir/rosidl_typesupport_fastrtps_c/rtabmap_msgs/msg/detail/info__type_support_c.cpp.o[0m
[32.731s] [ 25%] [32mBuilding CXX object CMakeFiles/rtabmap_msgs__rosidl_typesupport_c.dir/rosidl_typesupport_c/rtabmap_msgs/msg/gps__type_support.cpp.o[0m
[32.750s] [ 25%] [32mBuilding C object CMakeFiles/rtabmap_msgs__rosidl_typesupport_introspection_c.dir/rosidl_typesupport_introspection_c/rtabmap_msgs/msg/detail/scan_descriptor__type_support.c.o[0m
[32.797s] [ 25%] [32mBuilding CXX object CMakeFiles/rtabmap_msgs__rosidl_typesupport_introspection_cpp.dir/rosidl_typesupport_introspection_cpp/rtabmap_msgs/msg/detail/info__type_support.cpp.o[0m
[32.846s] [ 26%] [32mBuilding CXX object CMakeFiles/rtabmap_msgs__rosidl_typesupport_c.dir/rosidl_typesupport_c/rtabmap_msgs/msg/path__type_support.cpp.o[0m
[32.903s] [ 26%] [32mBuilding C object CMakeFiles/rtabmap_msgs__rosidl_typesupport_introspection_c.dir/rosidl_typesupport_introspection_c/rtabmap_msgs/msg/detail/map_data__type_support.c.o[0m
[32.921s] [ 26%] [32mBuilding CXX object CMakeFiles/rtabmap_msgs__rosidl_typesupport_c.dir/rosidl_typesupport_c/rtabmap_msgs/msg/env_sensor__type_support.cpp.o[0m
[33.075s] [ 26%] [32mBuilding CXX object CMakeFiles/rtabmap_msgs__rosidl_typesupport_c.dir/rosidl_typesupport_c/rtabmap_msgs/msg/camera_model__type_support.cpp.o[0m
[33.097s] [ 27%] [32mBuilding C object CMakeFiles/rtabmap_msgs__rosidl_typesupport_introspection_c.dir/rosidl_typesupport_introspection_c/rtabmap_msgs/msg/detail/map_graph__type_support.c.o[0m
[33.162s] [ 27%] [32mBuilding CXX object CMakeFiles/rtabmap_msgs__rosidl_typesupport_cpp.dir/rosidl_typesupport_cpp/rtabmap_msgs/msg/map_data__type_support.cpp.o[0m
[33.171s] [ 27%] [32mBuilding CXX object CMakeFiles/rtabmap_msgs__rosidl_typesupport_c.dir/rosidl_typesupport_c/rtabmap_msgs/msg/camera_models__type_support.cpp.o[0m
[33.238s] [ 28%] [32mBuilding CXX object CMakeFiles/rtabmap_msgs__rosidl_typesupport_c.dir/rosidl_typesupport_c/rtabmap_msgs/srv/get_map__type_support.cpp.o[0m
[33.269s] [ 28%] [32mBuilding C object CMakeFiles/rtabmap_msgs__rosidl_typesupport_introspection_c.dir/rosidl_typesupport_introspection_c/rtabmap_msgs/msg/detail/node__type_support.c.o[0m
[33.324s] [ 28%] [32mBuilding CXX object CMakeFiles/rtabmap_msgs__rosidl_typesupport_c.dir/rosidl_typesupport_c/rtabmap_msgs/srv/get_map2__type_support.cpp.o[0m
[33.404s] [ 28%] [32mBuilding CXX object CMakeFiles/rtabmap_msgs__rosidl_typesupport_c.dir/rosidl_typesupport_c/rtabmap_msgs/srv/list_labels__type_support.cpp.o[0m
[33.477s] [ 28%] [32mBuilding C object CMakeFiles/rtabmap_msgs__rosidl_typesupport_introspection_c.dir/rosidl_typesupport_introspection_c/rtabmap_msgs/msg/detail/sensor_data__type_support.c.o[0m
[33.479s] [ 29%] [32mBuilding CXX object CMakeFiles/rtabmap_msgs__rosidl_typesupport_c.dir/rosidl_typesupport_c/rtabmap_msgs/srv/publish_map__type_support.cpp.o[0m
[33.486s] [ 29%] [32mBuilding CXX object CMakeFiles/rtabmap_msgs__rosidl_typesupport_fastrtps_c.dir/rosidl_typesupport_fastrtps_c/rtabmap_msgs/msg/detail/key_point__type_support_c.cpp.o[0m
[33.579s] [ 29%] [32mBuilding CXX object CMakeFiles/rtabmap_msgs__rosidl_typesupport_c.dir/rosidl_typesupport_c/rtabmap_msgs/srv/reset_pose__type_support.cpp.o[0m
[33.675s] [ 29%] [32mBuilding CXX object CMakeFiles/rtabmap_msgs__rosidl_typesupport_c.dir/rosidl_typesupport_c/rtabmap_msgs/srv/set_goal__type_support.cpp.o[0m
[33.731s] [ 29%] [32mBuilding CXX object CMakeFiles/rtabmap_msgs__rosidl_typesupport_cpp.dir/rosidl_typesupport_cpp/rtabmap_msgs/msg/map_graph__type_support.cpp.o[0m
[33.749s] [ 30%] [32mBuilding CXX object CMakeFiles/rtabmap_msgs__rosidl_typesupport_c.dir/rosidl_typesupport_c/rtabmap_msgs/srv/set_label__type_support.cpp.o[0m
[33.810s] [ 30%] [32mBuilding C object CMakeFiles/rtabmap_msgs__rosidl_typesupport_introspection_c.dir/rosidl_typesupport_introspection_c/rtabmap_msgs/msg/detail/link__type_support.c.o[0m
[33.818s] [ 30%] [32mBuilding CXX object CMakeFiles/rtabmap_msgs__rosidl_typesupport_c.dir/rosidl_typesupport_c/rtabmap_msgs/srv/remove_label__type_support.cpp.o[0m
[33.823s] [ 30%] [32mBuilding CXX object CMakeFiles/rtabmap_msgs__rosidl_typesupport_fastrtps_cpp.dir/rosidl_typesupport_fastrtps_cpp/rtabmap_msgs/msg/detail/dds_fastrtps/key_point__type_support.cpp.o[0m
[33.881s] [ 30%] [32mBuilding CXX object CMakeFiles/rtabmap_msgs__rosidl_typesupport_c.dir/rosidl_typesupport_c/rtabmap_msgs/srv/get_plan__type_support.cpp.o[0m
[33.903s] [ 31%] [32mBuilding C object CMakeFiles/rtabmap_msgs__rosidl_typesupport_introspection_c.dir/rosidl_typesupport_introspection_c/rtabmap_msgs/msg/detail/landmark_detection__type_support.c.o[0m
[33.964s] [ 31%] [32mBuilding CXX object CMakeFiles/rtabmap_msgs__rosidl_typesupport_c.dir/rosidl_typesupport_c/rtabmap_msgs/srv/add_link__type_support.cpp.o[0m
[33.991s] [ 31%] [32mBuilding C object CMakeFiles/rtabmap_msgs__rosidl_typesupport_introspection_c.dir/rosidl_typesupport_introspection_c/rtabmap_msgs/msg/detail/landmark_detections__type_support.c.o[0m
[34.036s] [ 32%] [32mBuilding CXX object CMakeFiles/rtabmap_msgs__rosidl_typesupport_c.dir/rosidl_typesupport_c/rtabmap_msgs/srv/get_node_data__type_support.cpp.o[0m
[34.094s] [ 32%] [32mBuilding C object CMakeFiles/rtabmap_msgs__rosidl_typesupport_introspection_c.dir/rosidl_typesupport_introspection_c/rtabmap_msgs/msg/detail/odom_info__type_support.c.o[0m
[34.111s] [ 32%] [32mBuilding CXX object CMakeFiles/rtabmap_msgs__rosidl_typesupport_introspection_cpp.dir/rosidl_typesupport_introspection_cpp/rtabmap_msgs/msg/detail/key_point__type_support.cpp.o[0m
[34.121s] [ 32%] [32mBuilding CXX object CMakeFiles/rtabmap_msgs__rosidl_typesupport_c.dir/rosidl_typesupport_c/rtabmap_msgs/srv/get_nodes_in_radius__type_support.cpp.o[0m
[34.124s] [ 33%] [32mBuilding CXX object CMakeFiles/rtabmap_msgs__rosidl_typesupport_fastrtps_c.dir/rosidl_typesupport_fastrtps_c/rtabmap_msgs/msg/detail/global_descriptor__type_support_c.cpp.o[0m
[34.195s] [ 33%] [32mBuilding CXX object CMakeFiles/rtabmap_msgs__rosidl_typesupport_c.dir/rosidl_typesupport_c/rtabmap_msgs/srv/load_database__type_support.cpp.o[0m
[34.215s] [ 34%] [32mBuilding CXX object CMakeFiles/rtabmap_msgs__rosidl_typesupport_cpp.dir/rosidl_typesupport_cpp/rtabmap_msgs/msg/node__type_support.cpp.o[0m
[34.264s] [ 35%] [32mBuilding CXX object CMakeFiles/rtabmap_msgs__rosidl_typesupport_c.dir/rosidl_typesupport_c/rtabmap_msgs/srv/detect_more_loop_closures__type_support.cpp.o[0m
[34.333s] [ 35%] [32mBuilding CXX object CMakeFiles/rtabmap_msgs__rosidl_typesupport_c.dir/rosidl_typesupport_c/rtabmap_msgs/srv/global_bundle_adjustment__type_support.cpp.o[0m
[34.338s] [ 36%] [32mBuilding C object CMakeFiles/rtabmap_msgs__rosidl_typesupport_introspection_c.dir/rosidl_typesupport_introspection_c/rtabmap_msgs/msg/detail/point2f__type_support.c.o[0m
[34.410s] [ 36%] [32mBuilding CXX object CMakeFiles/rtabmap_msgs__rosidl_typesupport_c.dir/rosidl_typesupport_c/rtabmap_msgs/srv/cleanup_local_grids__type_support.cpp.o[0m
[34.422s] [ 36%] [32mBuilding C object CMakeFiles/rtabmap_msgs__rosidl_typesupport_introspection_c.dir/rosidl_typesupport_introspection_c/rtabmap_msgs/msg/detail/point3f__type_support.c.o[0m
[34.494s] [ 37%] [32m[1mLinking CXX shared library librtabmap_msgs__rosidl_typesupport_c.so[0m
[34.499s] [ 37%] [32mBuilding C object CMakeFiles/rtabmap_msgs__rosidl_typesupport_introspection_c.dir/rosidl_typesupport_introspection_c/rtabmap_msgs/msg/detail/goal__type_support.c.o[0m
[34.543s] [ 37%] [32mBuilding CXX object CMakeFiles/rtabmap_msgs__rosidl_typesupport_fastrtps_cpp.dir/rosidl_typesupport_fastrtps_cpp/rtabmap_msgs/msg/detail/dds_fastrtps/global_descriptor__type_support.cpp.o[0m
[34.587s] [ 38%] [32mBuilding C object CMakeFiles/rtabmap_msgs__rosidl_typesupport_introspection_c.dir/rosidl_typesupport_introspection_c/rtabmap_msgs/msg/detail/rgbd_image__type_support.c.o[0m
[34.612s] [ 38%] Built target rtabmap_msgs__rosidl_typesupport_c
[34.632s] [ 38%] [32mBuilding CXX object CMakeFiles/rtabmap_msgs__rosidl_typesupport_fastrtps_c.dir/rosidl_typesupport_fastrtps_c/rtabmap_msgs/msg/detail/scan_descriptor__type_support_c.cpp.o[0m
[34.706s] [ 38%] [32mBuilding C object CMakeFiles/rtabmap_msgs__rosidl_typesupport_introspection_c.dir/rosidl_typesupport_introspection_c/rtabmap_msgs/msg/detail/rgbd_images__type_support.c.o[0m
[34.764s] [ 38%] [32mBuilding CXX object CMakeFiles/rtabmap_msgs__rosidl_typesupport_cpp.dir/rosidl_typesupport_cpp/rtabmap_msgs/msg/sensor_data__type_support.cpp.o[0m
[34.775s] [ 38%] [32mBuilding C object CMakeFiles/rtabmap_msgs__rosidl_typesupport_introspection_c.dir/rosidl_typesupport_introspection_c/rtabmap_msgs/msg/detail/user_data__type_support.c.o[0m
[34.802s] [ 38%] [32mBuilding CXX object CMakeFiles/rtabmap_msgs__rosidl_typesupport_introspection_cpp.dir/rosidl_typesupport_introspection_cpp/rtabmap_msgs/msg/detail/global_descriptor__type_support.cpp.o[0m
[34.806s] [ 38%] [32mBuilding CXX object CMakeFiles/rtabmap_msgs__rosidl_typesupport_fastrtps_c.dir/rosidl_typesupport_fastrtps_c/rtabmap_msgs/msg/detail/map_data__type_support_c.cpp.o[0m
[34.866s] [ 38%] [32mBuilding C object CMakeFiles/rtabmap_msgs__rosidl_typesupport_introspection_c.dir/rosidl_typesupport_introspection_c/rtabmap_msgs/msg/detail/gps__type_support.c.o[0m
[34.946s] [ 39%] [32mBuilding C object CMakeFiles/rtabmap_msgs__rosidl_typesupport_introspection_c.dir/rosidl_typesupport_introspection_c/rtabmap_msgs/msg/detail/path__type_support.c.o[0m
[35.057s] [ 39%] [32mBuilding C object CMakeFiles/rtabmap_msgs__rosidl_typesupport_introspection_c.dir/rosidl_typesupport_introspection_c/rtabmap_msgs/msg/detail/env_sensor__type_support.c.o[0m
[35.140s] [ 39%] [32mBuilding C object CMakeFiles/rtabmap_msgs__rosidl_typesupport_introspection_c.dir/rosidl_typesupport_introspection_c/rtabmap_msgs/msg/detail/camera_model__type_support.c.o[0m
[35.262s] [ 40%] [32mBuilding C object CMakeFiles/rtabmap_msgs__rosidl_typesupport_introspection_c.dir/rosidl_typesupport_introspection_c/rtabmap_msgs/msg/detail/camera_models__type_support.c.o[0m
[35.293s] [ 40%] [32mBuilding C object CMakeFiles/rtabmap_msgs__rosidl_typesupport_introspection_c.dir/rosidl_typesupport_introspection_c/rtabmap_msgs/srv/detail/get_map__type_support.c.o[0m
[35.312s] [ 40%] [32mBuilding CXX object CMakeFiles/rtabmap_msgs__rosidl_typesupport_cpp.dir/rosidl_typesupport_cpp/rtabmap_msgs/msg/link__type_support.cpp.o[0m
[35.354s] [ 41%] [32mBuilding CXX object CMakeFiles/rtabmap_msgs__rosidl_typesupport_fastrtps_cpp.dir/rosidl_typesupport_fastrtps_cpp/rtabmap_msgs/msg/detail/dds_fastrtps/scan_descriptor__type_support.cpp.o[0m
[35.394s] [ 41%] [32mBuilding C object CMakeFiles/rtabmap_msgs__rosidl_typesupport_introspection_c.dir/rosidl_typesupport_introspection_c/rtabmap_msgs/srv/detail/get_map2__type_support.c.o[0m
[35.414s] [ 41%] [32mBuilding C object CMakeFiles/rtabmap_msgs__rosidl_typesupport_introspection_c.dir/rosidl_typesupport_introspection_c/rtabmap_msgs/srv/detail/list_labels__type_support.c.o[0m
[35.503s] [ 42%] [32mBuilding C object CMakeFiles/rtabmap_msgs__rosidl_typesupport_introspection_c.dir/rosidl_typesupport_introspection_c/rtabmap_msgs/srv/detail/publish_map__type_support.c.o[0m
[35.508s] [ 42%] [32mBuilding CXX object CMakeFiles/rtabmap_msgs__rosidl_typesupport_fastrtps_c.dir/rosidl_typesupport_fastrtps_c/rtabmap_msgs/msg/detail/map_graph__type_support_c.cpp.o[0m
[35.535s] [ 42%] [32mBuilding C object CMakeFiles/rtabmap_msgs__rosidl_typesupport_introspection_c.dir/rosidl_typesupport_introspection_c/rtabmap_msgs/srv/detail/reset_pose__type_support.c.o[0m
[35.606s] [ 42%] [32mBuilding C object CMakeFiles/rtabmap_msgs__rosidl_typesupport_introspection_c.dir/rosidl_typesupport_introspection_c/rtabmap_msgs/srv/detail/set_goal__type_support.c.o[0m
[35.629s] [ 43%] [32mBuilding CXX object CMakeFiles/rtabmap_msgs__rosidl_typesupport_introspection_cpp.dir/rosidl_typesupport_introspection_cpp/rtabmap_msgs/msg/detail/scan_descriptor__type_support.cpp.o[0m
[35.640s] [ 44%] [32mBuilding C object CMakeFiles/rtabmap_msgs__rosidl_typesupport_introspection_c.dir/rosidl_typesupport_introspection_c/rtabmap_msgs/srv/detail/set_label__type_support.c.o[0m
[35.778s] [ 44%] [32mBuilding C object CMakeFiles/rtabmap_msgs__rosidl_typesupport_introspection_c.dir/rosidl_typesupport_introspection_c/rtabmap_msgs/srv/detail/remove_label__type_support.c.o[0m
[35.783s] [ 44%] [32mBuilding C object CMakeFiles/rtabmap_msgs__rosidl_typesupport_introspection_c.dir/rosidl_typesupport_introspection_c/rtabmap_msgs/srv/detail/get_plan__type_support.c.o[0m
[35.828s] [ 44%] [32mBuilding CXX object CMakeFiles/rtabmap_msgs__rosidl_typesupport_cpp.dir/rosidl_typesupport_cpp/rtabmap_msgs/msg/landmark_detection__type_support.cpp.o[0m
[35.905s] [ 45%] [32mBuilding C object CMakeFiles/rtabmap_msgs__rosidl_typesupport_introspection_c.dir/rosidl_typesupport_introspection_c/rtabmap_msgs/srv/detail/add_link__type_support.c.o[0m
[35.914s] [ 45%] [32mBuilding C object CMakeFiles/rtabmap_msgs__rosidl_typesupport_introspection_c.dir/rosidl_typesupport_introspection_c/rtabmap_msgs/srv/detail/get_node_data__type_support.c.o[0m
[35.999s] [ 45%] [32mBuilding C object CMakeFiles/rtabmap_msgs__rosidl_typesupport_introspection_c.dir/rosidl_typesupport_introspection_c/rtabmap_msgs/srv/detail/get_nodes_in_radius__type_support.c.o[0m
[36.028s] [ 45%] [32mBuilding C object CMakeFiles/rtabmap_msgs__rosidl_typesupport_introspection_c.dir/rosidl_typesupport_introspection_c/rtabmap_msgs/srv/detail/load_database__type_support.c.o[0m
[36.109s] [ 46%] [32mBuilding CXX object CMakeFiles/rtabmap_msgs__rosidl_typesupport_fastrtps_cpp.dir/rosidl_typesupport_fastrtps_cpp/rtabmap_msgs/msg/detail/dds_fastrtps/map_data__type_support.cpp.o[0m
[36.110s] [ 46%] [32mBuilding C object CMakeFiles/rtabmap_msgs__rosidl_typesupport_introspection_c.dir/rosidl_typesupport_introspection_c/rtabmap_msgs/srv/detail/detect_more_loop_closures__type_support.c.o[0m
[36.122s] [ 46%] [32mBuilding C object CMakeFiles/rtabmap_msgs__rosidl_typesupport_introspection_c.dir/rosidl_typesupport_introspection_c/rtabmap_msgs/srv/detail/global_bundle_adjustment__type_support.c.o[0m
[36.179s] [ 47%] [32mBuilding CXX object CMakeFiles/rtabmap_msgs__rosidl_typesupport_fastrtps_c.dir/rosidl_typesupport_fastrtps_c/rtabmap_msgs/msg/detail/node__type_support_c.cpp.o[0m
[36.199s] [ 47%] [32mBuilding C object CMakeFiles/rtabmap_msgs__rosidl_typesupport_introspection_c.dir/rosidl_typesupport_introspection_c/rtabmap_msgs/srv/detail/cleanup_local_grids__type_support.c.o[0m
[36.219s] [ 47%] [32mBuilding CXX object CMakeFiles/rtabmap_msgs__rosidl_typesupport_fastrtps_c.dir/rosidl_typesupport_fastrtps_c/rtabmap_msgs/msg/detail/sensor_data__type_support_c.cpp.o[0m
[36.286s] [ 48%] [32m[1mLinking C shared library librtabmap_msgs__rosidl_typesupport_introspection_c.so[0m
[36.297s] [ 49%] [32mBuilding CXX object CMakeFiles/rtabmap_msgs__rosidl_typesupport_cpp.dir/rosidl_typesupport_cpp/rtabmap_msgs/msg/landmark_detections__type_support.cpp.o[0m
[36.363s] [ 49%] [32mBuilding CXX object CMakeFiles/rtabmap_msgs__rosidl_typesupport_introspection_cpp.dir/rosidl_typesupport_introspection_cpp/rtabmap_msgs/msg/detail/map_data__type_support.cpp.o[0m
[36.402s] [ 49%] Built target rtabmap_msgs__rosidl_typesupport_introspection_c
[36.423s] [ 49%] [32mBuilding CXX object CMakeFiles/rtabmap_msgs__rosidl_typesupport_introspection_cpp.dir/rosidl_typesupport_introspection_cpp/rtabmap_msgs/msg/detail/map_graph__type_support.cpp.o[0m
[36.763s] [ 49%] [32mBuilding CXX object CMakeFiles/rtabmap_msgs__rosidl_typesupport_cpp.dir/rosidl_typesupport_cpp/rtabmap_msgs/msg/odom_info__type_support.cpp.o[0m
[36.892s] [ 49%] [32mBuilding CXX object CMakeFiles/rtabmap_msgs__rosidl_typesupport_fastrtps_c.dir/rosidl_typesupport_fastrtps_c/rtabmap_msgs/msg/detail/link__type_support_c.cpp.o[0m
[37.058s] [ 50%] [32mBuilding CXX object CMakeFiles/rtabmap_msgs__rosidl_typesupport_fastrtps_c.dir/rosidl_typesupport_fastrtps_c/rtabmap_msgs/msg/detail/landmark_detection__type_support_c.cpp.o[0m
[37.216s] [ 51%] [32mBuilding CXX object CMakeFiles/rtabmap_msgs__rosidl_typesupport_introspection_cpp.dir/rosidl_typesupport_introspection_cpp/rtabmap_msgs/msg/detail/node__type_support.cpp.o[0m
[37.241s] [ 51%] [32mBuilding CXX object CMakeFiles/rtabmap_msgs__rosidl_typesupport_cpp.dir/rosidl_typesupport_cpp/rtabmap_msgs/msg/point2f__type_support.cpp.o[0m
[37.447s] [ 51%] [32mBuilding CXX object CMakeFiles/rtabmap_msgs__rosidl_typesupport_fastrtps_cpp.dir/rosidl_typesupport_fastrtps_cpp/rtabmap_msgs/msg/detail/dds_fastrtps/map_graph__type_support.cpp.o[0m
[37.501s] [ 52%] [32mBuilding CXX object CMakeFiles/rtabmap_msgs__rosidl_typesupport_fastrtps_cpp.dir/rosidl_typesupport_fastrtps_cpp/rtabmap_msgs/msg/detail/dds_fastrtps/node__type_support.cpp.o[0m
[37.726s] [ 52%] [32mBuilding CXX object CMakeFiles/rtabmap_msgs__rosidl_typesupport_fastrtps_c.dir/rosidl_typesupport_fastrtps_c/rtabmap_msgs/msg/detail/landmark_detections__type_support_c.cpp.o[0m
[37.779s] [ 53%] [32mBuilding CXX object CMakeFiles/rtabmap_msgs__rosidl_typesupport_cpp.dir/rosidl_typesupport_cpp/rtabmap_msgs/msg/point3f__type_support.cpp.o[0m
[38.256s] [ 53%] [32mBuilding CXX object CMakeFiles/rtabmap_msgs__rosidl_typesupport_cpp.dir/rosidl_typesupport_cpp/rtabmap_msgs/msg/goal__type_support.cpp.o[0m
[38.363s] [ 53%] [32mBuilding CXX object CMakeFiles/rtabmap_msgs__rosidl_typesupport_fastrtps_c.dir/rosidl_typesupport_fastrtps_c/rtabmap_msgs/msg/detail/odom_info__type_support_c.cpp.o[0m
[38.366s] [ 54%] [32mBuilding CXX object CMakeFiles/rtabmap_msgs__rosidl_typesupport_fastrtps_c.dir/rosidl_typesupport_fastrtps_c/rtabmap_msgs/msg/detail/point2f__type_support_c.cpp.o[0m
[38.450s] [ 54%] [32mBuilding CXX object CMakeFiles/rtabmap_msgs__rosidl_typesupport_introspection_cpp.dir/rosidl_typesupport_introspection_cpp/rtabmap_msgs/msg/detail/sensor_data__type_support.cpp.o[0m
[38.561s] [ 54%] [32mBuilding CXX object CMakeFiles/rtabmap_msgs__rosidl_typesupport_introspection_cpp.dir/rosidl_typesupport_introspection_cpp/rtabmap_msgs/msg/detail/link__type_support.cpp.o[0m
[38.652s] [ 54%] [32mBuilding CXX object CMakeFiles/rtabmap_msgs__rosidl_typesupport_fastrtps_cpp.dir/rosidl_typesupport_fastrtps_cpp/rtabmap_msgs/msg/detail/dds_fastrtps/sensor_data__type_support.cpp.o[0m
[38.773s] [ 54%] [32mBuilding CXX object CMakeFiles/rtabmap_msgs__rosidl_typesupport_cpp.dir/rosidl_typesupport_cpp/rtabmap_msgs/msg/rgbd_image__type_support.cpp.o[0m
[38.970s] [ 54%] [32mBuilding CXX object CMakeFiles/rtabmap_msgs__rosidl_typesupport_fastrtps_cpp.dir/rosidl_typesupport_fastrtps_cpp/rtabmap_msgs/msg/detail/dds_fastrtps/link__type_support.cpp.o[0m
[39.227s] [ 54%] [32mBuilding CXX object CMakeFiles/rtabmap_msgs__rosidl_typesupport_fastrtps_c.dir/rosidl_typesupport_fastrtps_c/rtabmap_msgs/msg/detail/point3f__type_support_c.cpp.o[0m
[39.303s] [ 55%] [32mBuilding CXX object CMakeFiles/rtabmap_msgs__rosidl_typesupport_introspection_cpp.dir/rosidl_typesupport_introspection_cpp/rtabmap_msgs/msg/detail/landmark_detection__type_support.cpp.o[0m
[39.337s] [ 55%] [32mBuilding CXX object CMakeFiles/rtabmap_msgs__rosidl_typesupport_cpp.dir/rosidl_typesupport_cpp/rtabmap_msgs/msg/rgbd_images__type_support.cpp.o[0m
[39.858s] [ 55%] [32mBuilding CXX object CMakeFiles/rtabmap_msgs__rosidl_typesupport_fastrtps_cpp.dir/rosidl_typesupport_fastrtps_cpp/rtabmap_msgs/msg/detail/dds_fastrtps/landmark_detection__type_support.cpp.o[0m
[39.912s] [ 55%] [32mBuilding CXX object CMakeFiles/rtabmap_msgs__rosidl_typesupport_fastrtps_c.dir/rosidl_typesupport_fastrtps_c/rtabmap_msgs/msg/detail/goal__type_support_c.cpp.o[0m
[39.955s] [ 56%] [32mBuilding CXX object CMakeFiles/rtabmap_msgs__rosidl_typesupport_cpp.dir/rosidl_typesupport_cpp/rtabmap_msgs/msg/user_data__type_support.cpp.o[0m
[40.085s] [ 56%] [32mBuilding CXX object CMakeFiles/rtabmap_msgs__rosidl_typesupport_cpp.dir/rosidl_typesupport_cpp/rtabmap_msgs/msg/gps__type_support.cpp.o[0m
[40.514s] [ 56%] [32mBuilding CXX object CMakeFiles/rtabmap_msgs__rosidl_typesupport_cpp.dir/rosidl_typesupport_cpp/rtabmap_msgs/msg/path__type_support.cpp.o[0m
[40.528s] [ 57%] [32mBuilding CXX object CMakeFiles/rtabmap_msgs__rosidl_typesupport_fastrtps_cpp.dir/rosidl_typesupport_fastrtps_cpp/rtabmap_msgs/msg/detail/dds_fastrtps/landmark_detections__type_support.cpp.o[0m
[40.609s] [ 57%] [32mBuilding CXX object CMakeFiles/rtabmap_msgs__rosidl_typesupport_introspection_cpp.dir/rosidl_typesupport_introspection_cpp/rtabmap_msgs/msg/detail/landmark_detections__type_support.cpp.o[0m
[40.609s] [ 58%] [32mBuilding CXX object CMakeFiles/rtabmap_msgs__rosidl_typesupport_cpp.dir/rosidl_typesupport_cpp/rtabmap_msgs/msg/env_sensor__type_support.cpp.o[0m
[40.609s] [ 58%] [32mBuilding CXX object CMakeFiles/rtabmap_msgs__rosidl_typesupport_fastrtps_c.dir/rosidl_typesupport_fastrtps_c/rtabmap_msgs/msg/detail/rgbd_image__type_support_c.cpp.o[0m
[40.743s] [ 58%] [32mBuilding CXX object CMakeFiles/rtabmap_msgs__rosidl_typesupport_fastrtps_cpp.dir/rosidl_typesupport_fastrtps_cpp/rtabmap_msgs/msg/detail/dds_fastrtps/odom_info__type_support.cpp.o[0m
[40.987s] [ 58%] [32mBuilding CXX object CMakeFiles/rtabmap_msgs__rosidl_typesupport_cpp.dir/rosidl_typesupport_cpp/rtabmap_msgs/msg/camera_model__type_support.cpp.o[0m
[41.108s] [ 58%] [32mBuilding CXX object CMakeFiles/rtabmap_msgs__rosidl_typesupport_cpp.dir/rosidl_typesupport_cpp/rtabmap_msgs/msg/camera_models__type_support.cpp.o[0m
[41.305s] [ 59%] [32mBuilding CXX object CMakeFiles/rtabmap_msgs__rosidl_typesupport_fastrtps_c.dir/rosidl_typesupport_fastrtps_c/rtabmap_msgs/msg/detail/rgbd_images__type_support_c.cpp.o[0m
[41.380s] [ 59%] [32mBuilding CXX object CMakeFiles/rtabmap_msgs__rosidl_typesupport_introspection_cpp.dir/rosidl_typesupport_introspection_cpp/rtabmap_msgs/msg/detail/odom_info__type_support.cpp.o[0m
[41.429s] [ 59%] [32mBuilding CXX object CMakeFiles/rtabmap_msgs__rosidl_typesupport_fastrtps_cpp.dir/rosidl_typesupport_fastrtps_cpp/rtabmap_msgs/msg/detail/dds_fastrtps/point2f__type_support.cpp.o[0m
[41.433s] [ 60%] [32mBuilding CXX object CMakeFiles/rtabmap_msgs__rosidl_typesupport_cpp.dir/rosidl_typesupport_cpp/rtabmap_msgs/srv/get_map__type_support.cpp.o[0m
[41.633s] [ 60%] [32mBuilding CXX object CMakeFiles/rtabmap_msgs__rosidl_typesupport_cpp.dir/rosidl_typesupport_cpp/rtabmap_msgs/srv/get_map2__type_support.cpp.o[0m
[41.972s] [ 60%] [32mBuilding CXX object CMakeFiles/rtabmap_msgs__rosidl_typesupport_fastrtps_c.dir/rosidl_typesupport_fastrtps_c/rtabmap_msgs/msg/detail/user_data__type_support_c.cpp.o[0m
[41.982s] [ 60%] [32mBuilding CXX object CMakeFiles/rtabmap_msgs__rosidl_typesupport_cpp.dir/rosidl_typesupport_cpp/rtabmap_msgs/srv/list_labels__type_support.cpp.o[0m
[42.043s] [ 61%] [32mBuilding CXX object CMakeFiles/rtabmap_msgs__rosidl_typesupport_fastrtps_cpp.dir/rosidl_typesupport_fastrtps_cpp/rtabmap_msgs/msg/detail/dds_fastrtps/point3f__type_support.cpp.o[0m
[42.145s] [ 61%] [32mBuilding CXX object CMakeFiles/rtabmap_msgs__rosidl_typesupport_fastrtps_cpp.dir/rosidl_typesupport_fastrtps_cpp/rtabmap_msgs/msg/detail/dds_fastrtps/goal__type_support.cpp.o[0m
[42.208s] [ 61%] [32mBuilding CXX object CMakeFiles/rtabmap_msgs__rosidl_typesupport_cpp.dir/rosidl_typesupport_cpp/rtabmap_msgs/srv/publish_map__type_support.cpp.o[0m
[42.491s] [ 62%] [32mBuilding CXX object CMakeFiles/rtabmap_msgs__rosidl_typesupport_cpp.dir/rosidl_typesupport_cpp/rtabmap_msgs/srv/reset_pose__type_support.cpp.o[0m
[42.618s] [ 62%] [32mBuilding CXX object CMakeFiles/rtabmap_msgs__rosidl_typesupport_fastrtps_c.dir/rosidl_typesupport_fastrtps_c/rtabmap_msgs/msg/detail/gps__type_support_c.cpp.o[0m
[42.669s] [ 63%] [32mBuilding CXX object CMakeFiles/rtabmap_msgs__rosidl_typesupport_fastrtps_c.dir/rosidl_typesupport_fastrtps_c/rtabmap_msgs/msg/detail/path__type_support_c.cpp.o[0m
[42.773s] [ 63%] [32mBuilding CXX object CMakeFiles/rtabmap_msgs__rosidl_typesupport_fastrtps_cpp.dir/rosidl_typesupport_fastrtps_cpp/rtabmap_msgs/msg/detail/dds_fastrtps/rgbd_image__type_support.cpp.o[0m
[42.874s] [ 64%] [32mBuilding CXX object CMakeFiles/rtabmap_msgs__rosidl_typesupport_fastrtps_cpp.dir/rosidl_typesupport_fastrtps_cpp/rtabmap_msgs/msg/detail/dds_fastrtps/rgbd_images__type_support.cpp.o[0m
[42.926s] [ 64%] [32mBuilding CXX object CMakeFiles/rtabmap_msgs__rosidl_typesupport_cpp.dir/rosidl_typesupport_cpp/rtabmap_msgs/srv/set_goal__type_support.cpp.o[0m
[43.025s] [ 64%] [32mBuilding CXX object CMakeFiles/rtabmap_msgs__rosidl_typesupport_introspection_cpp.dir/rosidl_typesupport_introspection_cpp/rtabmap_msgs/msg/detail/point2f__type_support.cpp.o[0m
[43.195s] [ 64%] [32mBuilding CXX object CMakeFiles/rtabmap_msgs__rosidl_typesupport_cpp.dir/rosidl_typesupport_cpp/rtabmap_msgs/srv/set_label__type_support.cpp.o[0m
[43.240s] [ 64%] [32mBuilding CXX object CMakeFiles/rtabmap_msgs__rosidl_typesupport_fastrtps_c.dir/rosidl_typesupport_fastrtps_c/rtabmap_msgs/msg/detail/env_sensor__type_support_c.cpp.o[0m
[43.326s] [ 65%] [32mBuilding CXX object CMakeFiles/rtabmap_msgs__rosidl_typesupport_cpp.dir/rosidl_typesupport_cpp/rtabmap_msgs/srv/remove_label__type_support.cpp.o[0m
[43.549s] [ 66%] [32mBuilding CXX object CMakeFiles/rtabmap_msgs__rosidl_typesupport_introspection_cpp.dir/rosidl_typesupport_introspection_cpp/rtabmap_msgs/msg/detail/point3f__type_support.cpp.o[0m
[43.579s] [ 66%] [32mBuilding CXX object CMakeFiles/rtabmap_msgs__rosidl_typesupport_introspection_cpp.dir/rosidl_typesupport_introspection_cpp/rtabmap_msgs/msg/detail/goal__type_support.cpp.o[0m
[43.647s] [ 66%] [32mBuilding CXX object CMakeFiles/rtabmap_msgs__rosidl_typesupport_cpp.dir/rosidl_typesupport_cpp/rtabmap_msgs/srv/get_plan__type_support.cpp.o[0m
[43.786s] [ 66%] [32mBuilding CXX object CMakeFiles/rtabmap_msgs__rosidl_typesupport_fastrtps_c.dir/rosidl_typesupport_fastrtps_c/rtabmap_msgs/msg/detail/camera_model__type_support_c.cpp.o[0m
[43.838s] [ 66%] [32mBuilding CXX object CMakeFiles/rtabmap_msgs__rosidl_typesupport_cpp.dir/rosidl_typesupport_cpp/rtabmap_msgs/srv/add_link__type_support.cpp.o[0m
[44.127s] [ 66%] [32mBuilding CXX object CMakeFiles/rtabmap_msgs__rosidl_typesupport_fastrtps_cpp.dir/rosidl_typesupport_fastrtps_cpp/rtabmap_msgs/msg/detail/dds_fastrtps/user_data__type_support.cpp.o[0m
[44.201s] [ 67%] [32mBuilding CXX object CMakeFiles/rtabmap_msgs__rosidl_typesupport_cpp.dir/rosidl_typesupport_cpp/rtabmap_msgs/srv/get_node_data__type_support.cpp.o[0m
[44.217s] [ 68%] [32mBuilding CXX object CMakeFiles/rtabmap_msgs__rosidl_typesupport_introspection_cpp.dir/rosidl_typesupport_introspection_cpp/rtabmap_msgs/msg/detail/rgbd_images__type_support.cpp.o[0m
[44.230s] [ 68%] [32mBuilding CXX object CMakeFiles/rtabmap_msgs__rosidl_typesupport_introspection_cpp.dir/rosidl_typesupport_introspection_cpp/rtabmap_msgs/msg/detail/rgbd_image__type_support.cpp.o[0m
[44.523s] [ 68%] [32mBuilding CXX object CMakeFiles/rtabmap_msgs__rosidl_typesupport_introspection_cpp.dir/rosidl_typesupport_introspection_cpp/rtabmap_msgs/msg/detail/user_data__type_support.cpp.o[0m
[44.542s] [ 69%] [32mBuilding CXX object CMakeFiles/rtabmap_msgs__rosidl_typesupport_fastrtps_c.dir/rosidl_typesupport_fastrtps_c/rtabmap_msgs/msg/detail/camera_models__type_support_c.cpp.o[0m
[44.896s] [ 69%] [32mBuilding CXX object CMakeFiles/rtabmap_msgs__rosidl_typesupport_cpp.dir/rosidl_typesupport_cpp/rtabmap_msgs/srv/get_nodes_in_radius__type_support.cpp.o[0m
[45.317s] [ 69%] [32mBuilding CXX object CMakeFiles/rtabmap_msgs__rosidl_typesupport_fastrtps_c.dir/rosidl_typesupport_fastrtps_c/rtabmap_msgs/srv/detail/get_map__type_support_c.cpp.o[0m
[45.330s] [ 69%] [32mBuilding CXX object CMakeFiles/rtabmap_msgs__rosidl_typesupport_cpp.dir/rosidl_typesupport_cpp/rtabmap_msgs/srv/load_database__type_support.cpp.o[0m
[45.342s] [ 69%] [32mBuilding CXX object CMakeFiles/rtabmap_msgs__rosidl_typesupport_fastrtps_cpp.dir/rosidl_typesupport_fastrtps_cpp/rtabmap_msgs/msg/detail/dds_fastrtps/gps__type_support.cpp.o[0m
[45.644s] [ 69%] [32mBuilding CXX object CMakeFiles/rtabmap_msgs__rosidl_typesupport_fastrtps_cpp.dir/rosidl_typesupport_fastrtps_cpp/rtabmap_msgs/msg/detail/dds_fastrtps/path__type_support.cpp.o[0m
[45.801s] [ 70%] [32mBuilding CXX object CMakeFiles/rtabmap_msgs__rosidl_typesupport_fastrtps_cpp.dir/rosidl_typesupport_fastrtps_cpp/rtabmap_msgs/msg/detail/dds_fastrtps/env_sensor__type_support.cpp.o[0m
[45.818s] [ 70%] [32mBuilding CXX object CMakeFiles/rtabmap_msgs__rosidl_typesupport_introspection_cpp.dir/rosidl_typesupport_introspection_cpp/rtabmap_msgs/msg/detail/gps__type_support.cpp.o[0m
[45.865s] [ 70%] [32mBuilding CXX object CMakeFiles/rtabmap_msgs__rosidl_typesupport_cpp.dir/rosidl_typesupport_cpp/rtabmap_msgs/srv/detect_more_loop_closures__type_support.cpp.o[0m
[46.138s] [ 70%] [32mBuilding CXX object CMakeFiles/rtabmap_msgs__rosidl_typesupport_fastrtps_c.dir/rosidl_typesupport_fastrtps_c/rtabmap_msgs/srv/detail/get_map2__type_support_c.cpp.o[0m
[46.146s] [ 70%] [32mBuilding CXX object CMakeFiles/rtabmap_msgs__rosidl_typesupport_fastrtps_cpp.dir/rosidl_typesupport_fastrtps_cpp/rtabmap_msgs/msg/detail/dds_fastrtps/camera_model__type_support.cpp.o[0m
[46.415s] [ 71%] [32mBuilding CXX object CMakeFiles/rtabmap_msgs__rosidl_typesupport_cpp.dir/rosidl_typesupport_cpp/rtabmap_msgs/srv/global_bundle_adjustment__type_support.cpp.o[0m
[46.715s] [ 72%] [32mBuilding CXX object CMakeFiles/rtabmap_msgs__rosidl_typesupport_introspection_cpp.dir/rosidl_typesupport_introspection_cpp/rtabmap_msgs/msg/detail/path__type_support.cpp.o[0m
[46.748s] [ 72%] [32mBuilding CXX object CMakeFiles/rtabmap_msgs__rosidl_typesupport_fastrtps_cpp.dir/rosidl_typesupport_fastrtps_cpp/rtabmap_msgs/msg/detail/dds_fastrtps/camera_models__type_support.cpp.o[0m
[46.757s] [ 72%] [32mBuilding CXX object CMakeFiles/rtabmap_msgs__rosidl_typesupport_introspection_cpp.dir/rosidl_typesupport_introspection_cpp/rtabmap_msgs/msg/detail/env_sensor__type_support.cpp.o[0m
[46.856s] [ 72%] [32mBuilding CXX object CMakeFiles/rtabmap_msgs__rosidl_typesupport_fastrtps_c.dir/rosidl_typesupport_fastrtps_c/rtabmap_msgs/srv/detail/list_labels__type_support_c.cpp.o[0m
[46.916s] [ 72%] [32mBuilding CXX object CMakeFiles/rtabmap_msgs__rosidl_typesupport_cpp.dir/rosidl_typesupport_cpp/rtabmap_msgs/srv/cleanup_local_grids__type_support.cpp.o[0m
[47.097s] [ 73%] [32mBuilding CXX object CMakeFiles/rtabmap_msgs__rosidl_typesupport_fastrtps_cpp.dir/rosidl_typesupport_fastrtps_cpp/rtabmap_msgs/srv/detail/dds_fastrtps/get_map__type_support.cpp.o[0m
[47.480s] [ 73%] [32m[1mLinking CXX shared library librtabmap_msgs__rosidl_typesupport_cpp.so[0m
[47.548s] [ 73%] [32mBuilding CXX object CMakeFiles/rtabmap_msgs__rosidl_typesupport_introspection_cpp.dir/rosidl_typesupport_introspection_cpp/rtabmap_msgs/msg/detail/camera_model__type_support.cpp.o[0m
[47.646s] [ 74%] [32mBuilding CXX object CMakeFiles/rtabmap_msgs__rosidl_typesupport_fastrtps_c.dir/rosidl_typesupport_fastrtps_c/rtabmap_msgs/srv/detail/publish_map__type_support_c.cpp.o[0m
[47.661s] [ 74%] [32mBuilding CXX object CMakeFiles/rtabmap_msgs__rosidl_typesupport_introspection_cpp.dir/rosidl_typesupport_introspection_cpp/rtabmap_msgs/msg/detail/camera_models__type_support.cpp.o[0m
[47.695s] [ 74%] Built target rtabmap_msgs__rosidl_typesupport_cpp
[47.761s] [ 75%] [32mBuilding CXX object CMakeFiles/rtabmap_msgs__rosidl_typesupport_introspection_cpp.dir/rosidl_typesupport_introspection_cpp/rtabmap_msgs/srv/detail/get_map__type_support.cpp.o[0m
[47.778s] [ 75%] [32mBuilding CXX object CMakeFiles/rtabmap_msgs__rosidl_typesupport_introspection_cpp.dir/rosidl_typesupport_introspection_cpp/rtabmap_msgs/srv/detail/get_map2__type_support.cpp.o[0m
[48.187s] [ 75%] [32mBuilding CXX object CMakeFiles/rtabmap_msgs__rosidl_typesupport_fastrtps_cpp.dir/rosidl_typesupport_fastrtps_cpp/rtabmap_msgs/srv/detail/dds_fastrtps/get_map2__type_support.cpp.o[0m
[48.335s] [ 75%] [32mBuilding CXX object CMakeFiles/rtabmap_msgs__rosidl_typesupport_fastrtps_c.dir/rosidl_typesupport_fastrtps_c/rtabmap_msgs/srv/detail/set_goal__type_support_c.cpp.o[0m
[48.351s] [ 75%] [32mBuilding CXX object CMakeFiles/rtabmap_msgs__rosidl_typesupport_fastrtps_c.dir/rosidl_typesupport_fastrtps_c/rtabmap_msgs/srv/detail/reset_pose__type_support_c.cpp.o[0m
[48.777s] [ 75%] [32mBuilding CXX object CMakeFiles/rtabmap_msgs__rosidl_typesupport_fastrtps_cpp.dir/rosidl_typesupport_fastrtps_cpp/rtabmap_msgs/srv/detail/dds_fastrtps/list_labels__type_support.cpp.o[0m
[48.871s] [ 75%] [32mBuilding CXX object CMakeFiles/rtabmap_msgs__rosidl_typesupport_introspection_cpp.dir/rosidl_typesupport_introspection_cpp/rtabmap_msgs/srv/detail/list_labels__type_support.cpp.o[0m
[49.179s] [ 76%] [32mBuilding CXX object CMakeFiles/rtabmap_msgs__rosidl_typesupport_introspection_cpp.dir/rosidl_typesupport_introspection_cpp/rtabmap_msgs/srv/detail/publish_map__type_support.cpp.o[0m
[49.220s] [ 77%] [32mBuilding CXX object CMakeFiles/rtabmap_msgs__rosidl_typesupport_fastrtps_c.dir/rosidl_typesupport_fastrtps_c/rtabmap_msgs/srv/detail/set_label__type_support_c.cpp.o[0m
[49.257s] [ 77%] [32mBuilding CXX object CMakeFiles/rtabmap_msgs__rosidl_typesupport_fastrtps_c.dir/rosidl_typesupport_fastrtps_c/rtabmap_msgs/srv/detail/remove_label__type_support_c.cpp.o[0m
[49.267s] [ 78%] [32mBuilding CXX object CMakeFiles/rtabmap_msgs__rosidl_typesupport_fastrtps_cpp.dir/rosidl_typesupport_fastrtps_cpp/rtabmap_msgs/srv/detail/dds_fastrtps/publish_map__type_support.cpp.o[0m
[49.803s] [ 78%] [32mBuilding CXX object CMakeFiles/rtabmap_msgs__rosidl_typesupport_fastrtps_cpp.dir/rosidl_typesupport_fastrtps_cpp/rtabmap_msgs/srv/detail/dds_fastrtps/reset_pose__type_support.cpp.o[0m
[49.848s] [ 78%] [32mBuilding CXX object CMakeFiles/rtabmap_msgs__rosidl_typesupport_introspection_cpp.dir/rosidl_typesupport_introspection_cpp/rtabmap_msgs/srv/detail/reset_pose__type_support.cpp.o[0m
[49.903s] [ 78%] [32mBuilding CXX object CMakeFiles/rtabmap_msgs__rosidl_typesupport_introspection_cpp.dir/rosidl_typesupport_introspection_cpp/rtabmap_msgs/srv/detail/set_goal__type_support.cpp.o[0m
[49.999s] [ 79%] [32mBuilding CXX object CMakeFiles/rtabmap_msgs__rosidl_typesupport_fastrtps_c.dir/rosidl_typesupport_fastrtps_c/rtabmap_msgs/srv/detail/add_link__type_support_c.cpp.o[0m
[49.999s] [ 79%] [32mBuilding CXX object CMakeFiles/rtabmap_msgs__rosidl_typesupport_fastrtps_c.dir/rosidl_typesupport_fastrtps_c/rtabmap_msgs/srv/detail/get_plan__type_support_c.cpp.o[0m
[50.087s] [ 79%] [32mBuilding CXX object CMakeFiles/rtabmap_msgs__rosidl_typesupport_fastrtps_cpp.dir/rosidl_typesupport_fastrtps_cpp/rtabmap_msgs/srv/detail/dds_fastrtps/set_goal__type_support.cpp.o[0m
[50.597s] [ 79%] [32mBuilding CXX object CMakeFiles/rtabmap_msgs__rosidl_typesupport_fastrtps_cpp.dir/rosidl_typesupport_fastrtps_cpp/rtabmap_msgs/srv/detail/dds_fastrtps/set_label__type_support.cpp.o[0m
[50.644s] [ 80%] [32mBuilding CXX object CMakeFiles/rtabmap_msgs__rosidl_typesupport_introspection_cpp.dir/rosidl_typesupport_introspection_cpp/rtabmap_msgs/srv/detail/set_label__type_support.cpp.o[0m
[50.679s] [ 80%] [32mBuilding CXX object CMakeFiles/rtabmap_msgs__rosidl_typesupport_fastrtps_c.dir/rosidl_typesupport_fastrtps_c/rtabmap_msgs/srv/detail/get_node_data__type_support_c.cpp.o[0m
[50.732s] [ 80%] [32mBuilding CXX object CMakeFiles/rtabmap_msgs__rosidl_typesupport_fastrtps_c.dir/rosidl_typesupport_fastrtps_c/rtabmap_msgs/srv/detail/get_nodes_in_radius__type_support_c.cpp.o[0m
[50.791s] [ 80%] [32mBuilding CXX object CMakeFiles/rtabmap_msgs__rosidl_typesupport_introspection_cpp.dir/rosidl_typesupport_introspection_cpp/rtabmap_msgs/srv/detail/remove_label__type_support.cpp.o[0m
[51.125s] [ 81%] [32mBuilding CXX object CMakeFiles/rtabmap_msgs__rosidl_typesupport_fastrtps_cpp.dir/rosidl_typesupport_fastrtps_cpp/rtabmap_msgs/srv/detail/dds_fastrtps/remove_label__type_support.cpp.o[0m
[51.338s] [ 81%] [32mBuilding CXX object CMakeFiles/rtabmap_msgs__rosidl_typesupport_introspection_cpp.dir/rosidl_typesupport_introspection_cpp/rtabmap_msgs/srv/detail/get_plan__type_support.cpp.o[0m
[51.369s] [ 81%] [32mBuilding CXX object CMakeFiles/rtabmap_msgs__rosidl_typesupport_fastrtps_c.dir/rosidl_typesupport_fastrtps_c/rtabmap_msgs/srv/detail/load_database__type_support_c.cpp.o[0m
[51.469s] [ 82%] [32mBuilding CXX object CMakeFiles/rtabmap_msgs__rosidl_typesupport_fastrtps_c.dir/rosidl_typesupport_fastrtps_c/rtabmap_msgs/srv/detail/detect_more_loop_closures__type_support_c.cpp.o[0m
[51.470s] [ 82%] [32mBuilding CXX object CMakeFiles/rtabmap_msgs__rosidl_typesupport_fastrtps_cpp.dir/rosidl_typesupport_fastrtps_cpp/rtabmap_msgs/srv/detail/dds_fastrtps/get_plan__type_support.cpp.o[0m
[51.561s] [ 82%] [32mBuilding CXX object CMakeFiles/rtabmap_msgs__rosidl_typesupport_introspection_cpp.dir/rosidl_typesupport_introspection_cpp/rtabmap_msgs/srv/detail/add_link__type_support.cpp.o[0m
[51.923s] [ 82%] [32mBuilding CXX object CMakeFiles/rtabmap_msgs__rosidl_typesupport_fastrtps_cpp.dir/rosidl_typesupport_fastrtps_cpp/rtabmap_msgs/srv/detail/dds_fastrtps/add_link__type_support.cpp.o[0m
[52.022s] [ 83%] [32mBuilding CXX object CMakeFiles/rtabmap_msgs__rosidl_typesupport_fastrtps_cpp.dir/rosidl_typesupport_fastrtps_cpp/rtabmap_msgs/srv/detail/dds_fastrtps/get_node_data__type_support.cpp.o[0m
[52.059s] [ 84%] [32mBuilding CXX object CMakeFiles/rtabmap_msgs__rosidl_typesupport_introspection_cpp.dir/rosidl_typesupport_introspection_cpp/rtabmap_msgs/srv/detail/get_node_data__type_support.cpp.o[0m
[52.083s] [ 84%] [32mBuilding CXX object CMakeFiles/rtabmap_msgs__rosidl_typesupport_fastrtps_c.dir/rosidl_typesupport_fastrtps_c/rtabmap_msgs/srv/detail/global_bundle_adjustment__type_support_c.cpp.o[0m
[52.241s] [ 84%] [32mBuilding CXX object CMakeFiles/rtabmap_msgs__rosidl_typesupport_introspection_cpp.dir/rosidl_typesupport_introspection_cpp/rtabmap_msgs/srv/detail/get_nodes_in_radius__type_support.cpp.o[0m
[52.245s] [ 84%] [32mBuilding CXX object CMakeFiles/rtabmap_msgs__rosidl_typesupport_introspection_cpp.dir/rosidl_typesupport_introspection_cpp/rtabmap_msgs/srv/detail/load_database__type_support.cpp.o[0m
[52.625s] [ 84%] [32mBuilding CXX object CMakeFiles/rtabmap_msgs__rosidl_typesupport_fastrtps_c.dir/rosidl_typesupport_fastrtps_c/rtabmap_msgs/srv/detail/cleanup_local_grids__type_support_c.cpp.o[0m
[52.630s] [ 84%] [32mBuilding CXX object CMakeFiles/rtabmap_msgs__rosidl_typesupport_fastrtps_cpp.dir/rosidl_typesupport_fastrtps_cpp/rtabmap_msgs/srv/detail/dds_fastrtps/get_nodes_in_radius__type_support.cpp.o[0m
[52.737s] [ 84%] [32mBuilding CXX object CMakeFiles/rtabmap_msgs__rosidl_typesupport_fastrtps_cpp.dir/rosidl_typesupport_fastrtps_cpp/rtabmap_msgs/srv/detail/dds_fastrtps/load_database__type_support.cpp.o[0m
[52.920s] [ 85%] [32mBuilding CXX object CMakeFiles/rtabmap_msgs__rosidl_typesupport_introspection_cpp.dir/rosidl_typesupport_introspection_cpp/rtabmap_msgs/srv/detail/detect_more_loop_closures__type_support.cpp.o[0m
[53.083s] [ 86%] [32m[1mLinking CXX shared library librtabmap_msgs__rosidl_typesupport_fastrtps_c.so[0m
[53.150s] [ 87%] [32mBuilding CXX object CMakeFiles/rtabmap_msgs__rosidl_typesupport_fastrtps_cpp.dir/rosidl_typesupport_fastrtps_cpp/rtabmap_msgs/srv/detail/dds_fastrtps/detect_more_loop_closures__type_support.cpp.o[0m
[53.251s] [ 87%] Built target rtabmap_msgs__rosidl_typesupport_fastrtps_c
[53.266s] [ 87%] [32mBuilding CXX object CMakeFiles/rtabmap_msgs__rosidl_typesupport_introspection_cpp.dir/rosidl_typesupport_introspection_cpp/rtabmap_msgs/srv/detail/global_bundle_adjustment__type_support.cpp.o[0m
[53.319s] [ 87%] [32mBuilding CXX object CMakeFiles/rtabmap_msgs__rosidl_typesupport_fastrtps_cpp.dir/rosidl_typesupport_fastrtps_cpp/rtabmap_msgs/srv/detail/dds_fastrtps/global_bundle_adjustment__type_support.cpp.o[0m
[53.553s] [ 87%] [32mBuilding CXX object CMakeFiles/rtabmap_msgs__rosidl_typesupport_introspection_cpp.dir/rosidl_typesupport_introspection_cpp/rtabmap_msgs/srv/detail/cleanup_local_grids__type_support.cpp.o[0m
[53.596s] [ 87%] [32mBuilding CXX object CMakeFiles/rtabmap_msgs__rosidl_typesupport_fastrtps_cpp.dir/rosidl_typesupport_fastrtps_cpp/rtabmap_msgs/srv/detail/dds_fastrtps/cleanup_local_grids__type_support.cpp.o[0m
[54.058s] [ 88%] [32m[1mLinking CXX shared library librtabmap_msgs__rosidl_typesupport_introspection_cpp.so[0m
[54.173s] [ 88%] [32m[1mLinking CXX shared library librtabmap_msgs__rosidl_typesupport_fastrtps_cpp.so[0m
[54.174s] [ 88%] Built target rtabmap_msgs__rosidl_typesupport_introspection_cpp
[54.288s] [ 88%] Built target rtabmap_msgs__rosidl_typesupport_fastrtps_cpp
[54.319s] [ 88%] Built target rtabmap_msgs
[54.351s] [ 88%] [34m[1mGenerating Python code for ROS interfaces[0m
[60.870s] [ 88%] Built target rtabmap_msgs__py
[60.900s] [ 90%] [32mBuilding C object CMakeFiles/rtabmap_msgs__rosidl_generator_py.dir/rosidl_generator_py/rtabmap_msgs/msg/_map_data_s.c.o[0m
[60.900s] [ 90%] [32mBuilding C object CMakeFiles/rtabmap_msgs__rosidl_generator_py.dir/rosidl_generator_py/rtabmap_msgs/msg/_map_graph_s.c.o[0m
[60.900s] [ 90%] [32mBuilding C object CMakeFiles/rtabmap_msgs__rosidl_generator_py.dir/rosidl_generator_py/rtabmap_msgs/msg/_global_descriptor_s.c.o[0m
[60.901s] [ 90%] [32mBuilding C object CMakeFiles/rtabmap_msgs__rosidl_generator_py.dir/rosidl_generator_py/rtabmap_msgs/msg/_key_point_s.c.o[0m
[60.901s] [ 90%] [32mBuilding C object CMakeFiles/rtabmap_msgs__rosidl_generator_py.dir/rosidl_generator_py/rtabmap_msgs/msg/_scan_descriptor_s.c.o[0m
[60.901s] [ 90%] [32mBuilding C object CMakeFiles/rtabmap_msgs__rosidl_generator_py.dir/rosidl_generator_py/rtabmap_msgs/msg/_info_s.c.o[0m
[61.055s] [ 90%] [32mBuilding C object CMakeFiles/rtabmap_msgs__rosidl_generator_py.dir/rosidl_generator_py/rtabmap_msgs/msg/_node_s.c.o[0m
[61.065s] [ 91%] [32mBuilding C object CMakeFiles/rtabmap_msgs__rosidl_generator_py.dir/rosidl_generator_py/rtabmap_msgs/msg/_sensor_data_s.c.o[0m
[61.066s] [ 91%] [32mBuilding C object CMakeFiles/rtabmap_msgs__rosidl_generator_py.dir/rosidl_generator_py/rtabmap_msgs/msg/_link_s.c.o[0m
[61.107s] [ 91%] [32mBuilding C object CMakeFiles/rtabmap_msgs__rosidl_generator_py.dir/rosidl_generator_py/rtabmap_msgs/msg/_landmark_detection_s.c.o[0m
[61.125s] [ 92%] [32mBuilding C object CMakeFiles/rtabmap_msgs__rosidl_generator_py.dir/rosidl_generator_py/rtabmap_msgs/msg/_landmark_detections_s.c.o[0m
[61.213s] [ 92%] [32mBuilding C object CMakeFiles/rtabmap_msgs__rosidl_generator_py.dir/rosidl_generator_py/rtabmap_msgs/msg/_odom_info_s.c.o[0m
[61.258s] [ 92%] [32mBuilding C object CMakeFiles/rtabmap_msgs__rosidl_generator_py.dir/rosidl_generator_py/rtabmap_msgs/msg/_point2f_s.c.o[0m
[61.321s] [ 93%] [32mBuilding C object CMakeFiles/rtabmap_msgs__rosidl_generator_py.dir/rosidl_generator_py/rtabmap_msgs/msg/_point3f_s.c.o[0m
[61.344s] [ 93%] [32mBuilding C object CMakeFiles/rtabmap_msgs__rosidl_generator_py.dir/rosidl_generator_py/rtabmap_msgs/msg/_goal_s.c.o[0m
[61.398s] [ 93%] [32mBuilding C object CMakeFiles/rtabmap_msgs__rosidl_generator_py.dir/rosidl_generator_py/rtabmap_msgs/msg/_rgbd_image_s.c.o[0m
[61.467s] [ 93%] [32mBuilding C object CMakeFiles/rtabmap_msgs__rosidl_generator_py.dir/rosidl_generator_py/rtabmap_msgs/msg/_rgbd_images_s.c.o[0m
[61.501s] [ 94%] [32mBuilding C object CMakeFiles/rtabmap_msgs__rosidl_generator_py.dir/rosidl_generator_py/rtabmap_msgs/msg/_user_data_s.c.o[0m
[61.524s] [ 94%] [32mBuilding C object CMakeFiles/rtabmap_msgs__rosidl_generator_py.dir/rosidl_generator_py/rtabmap_msgs/msg/_gps_s.c.o[0m
[61.575s] [ 94%] [32mBuilding C object CMakeFiles/rtabmap_msgs__rosidl_generator_py.dir/rosidl_generator_py/rtabmap_msgs/msg/_path_s.c.o[0m
[61.620s] [ 95%] [32mBuilding C object CMakeFiles/rtabmap_msgs__rosidl_generator_py.dir/rosidl_generator_py/rtabmap_msgs/msg/_env_sensor_s.c.o[0m
[61.634s] [ 95%] [32mBuilding C object CMakeFiles/rtabmap_msgs__rosidl_generator_py.dir/rosidl_generator_py/rtabmap_msgs/msg/_camera_model_s.c.o[0m
[61.680s] [ 95%] [32mBuilding C object CMakeFiles/rtabmap_msgs__rosidl_generator_py.dir/rosidl_generator_py/rtabmap_msgs/msg/_camera_models_s.c.o[0m
[61.736s] [ 96%] [32mBuilding C object CMakeFiles/rtabmap_msgs__rosidl_generator_py.dir/rosidl_generator_py/rtabmap_msgs/srv/_get_map_s.c.o[0m
[61.745s] [ 96%] [32mBuilding C object CMakeFiles/rtabmap_msgs__rosidl_generator_py.dir/rosidl_generator_py/rtabmap_msgs/srv/_get_map2_s.c.o[0m
[61.764s] [ 96%] [32mBuilding C object CMakeFiles/rtabmap_msgs__rosidl_generator_py.dir/rosidl_generator_py/rtabmap_msgs/srv/_list_labels_s.c.o[0m
[61.768s] [ 96%] [32mBuilding C object CMakeFiles/rtabmap_msgs__rosidl_generator_py.dir/rosidl_generator_py/rtabmap_msgs/srv/_publish_map_s.c.o[0m
[61.789s] [ 97%] [32mBuilding C object CMakeFiles/rtabmap_msgs__rosidl_generator_py.dir/rosidl_generator_py/rtabmap_msgs/srv/_reset_pose_s.c.o[0m
[61.854s] [ 97%] [32mBuilding C object CMakeFiles/rtabmap_msgs__rosidl_generator_py.dir/rosidl_generator_py/rtabmap_msgs/srv/_set_goal_s.c.o[0m
[61.906s] [ 97%] [32mBuilding C object CMakeFiles/rtabmap_msgs__rosidl_generator_py.dir/rosidl_generator_py/rtabmap_msgs/srv/_set_label_s.c.o[0m
[61.936s] [ 98%] [32mBuilding C object CMakeFiles/rtabmap_msgs__rosidl_generator_py.dir/rosidl_generator_py/rtabmap_msgs/srv/_remove_label_s.c.o[0m
[61.937s] [ 98%] [32mBuilding C object CMakeFiles/rtabmap_msgs__rosidl_generator_py.dir/rosidl_generator_py/rtabmap_msgs/srv/_get_plan_s.c.o[0m
[61.971s] [ 98%] [32mBuilding C object CMakeFiles/rtabmap_msgs__rosidl_generator_py.dir/rosidl_generator_py/rtabmap_msgs/srv/_add_link_s.c.o[0m
[62.029s] [ 98%] [32mBuilding C object CMakeFiles/rtabmap_msgs__rosidl_generator_py.dir/rosidl_generator_py/rtabmap_msgs/srv/_get_node_data_s.c.o[0m
[62.063s] [ 99%] [32mBuilding C object CMakeFiles/rtabmap_msgs__rosidl_generator_py.dir/rosidl_generator_py/rtabmap_msgs/srv/_get_nodes_in_radius_s.c.o[0m
[62.065s] [ 99%] [32mBuilding C object CMakeFiles/rtabmap_msgs__rosidl_generator_py.dir/rosidl_generator_py/rtabmap_msgs/srv/_load_database_s.c.o[0m
[62.092s] [ 99%] [32mBuilding C object CMakeFiles/rtabmap_msgs__rosidl_generator_py.dir/rosidl_generator_py/rtabmap_msgs/srv/_detect_more_loop_closures_s.c.o[0m
[62.094s] [100%] [32mBuilding C object CMakeFiles/rtabmap_msgs__rosidl_generator_py.dir/rosidl_generator_py/rtabmap_msgs/srv/_global_bundle_adjustment_s.c.o[0m
[62.119s] [100%] [32mBuilding C object CMakeFiles/rtabmap_msgs__rosidl_generator_py.dir/rosidl_generator_py/rtabmap_msgs/srv/_cleanup_local_grids_s.c.o[0m
[62.259s] [100%] [32m[1mLinking C shared library rosidl_generator_py/rtabmap_msgs/librtabmap_msgs__rosidl_generator_py.so[0m
[62.317s] [100%] Built target rtabmap_msgs__rosidl_generator_py
[62.342s] [100%] [32mBuilding C object CMakeFiles/rtabmap_msgs__rosidl_typesupport_c__pyext.dir/rosidl_generator_py/rtabmap_msgs/_rtabmap_msgs_s.ep.rosidl_typesupport_c.c.o[0m
[62.342s] [100%] [32mBuilding C object CMakeFiles/rtabmap_msgs__rosidl_typesupport_fastrtps_c__pyext.dir/rosidl_generator_py/rtabmap_msgs/_rtabmap_msgs_s.ep.rosidl_typesupport_fastrtps_c.c.o[0m
[62.342s] [100%] [32mBuilding C object CMakeFiles/rtabmap_msgs__rosidl_typesupport_introspection_c__pyext.dir/rosidl_generator_py/rtabmap_msgs/_rtabmap_msgs_s.ep.rosidl_typesupport_introspection_c.c.o[0m
[62.960s] [100%] [32m[1mLinking C shared library rosidl_generator_py/rtabmap_msgs/rtabmap_msgs_s__rosidl_typesupport_c.cpython-310-x86_64-linux-gnu.so[0m
[62.969s] [100%] [32m[1mLinking C shared library rosidl_generator_py/rtabmap_msgs/rtabmap_msgs_s__rosidl_typesupport_introspection_c.cpython-310-x86_64-linux-gnu.so[0m
[62.969s] [100%] [32m[1mLinking C shared library rosidl_generator_py/rtabmap_msgs/rtabmap_msgs_s__rosidl_typesupport_fastrtps_c.cpython-310-x86_64-linux-gnu.so[0m
[63.013s] [100%] Built target rtabmap_msgs__rosidl_typesupport_c__pyext
[63.020s] [100%] Built target rtabmap_msgs__rosidl_typesupport_fastrtps_c__pyext
[63.020s] [100%] Built target rtabmap_msgs__rosidl_typesupport_introspection_c__pyext
