[0.522s] Invoking command in '/SLAM/ros_ws/build/tracetools_image_pipeline': CMAKE_PREFIX_PATH=${CMAKE_PREFIX_PATH}:/SLAM/ros_ws/install/camera_calibration:/opt/ros/humble /usr/bin/cmake /SLAM/ros_ws/src/image_pipeline/tracetools_image_pipeline -DCMAKE_INSTALL_PREFIX=/SLAM/ros_ws/install/tracetools_image_pipeline
[1.149s] -- Found ament_cmake_ros: 0.10.0 (/opt/ros/humble/share/ament_cmake_ros/cmake)
[1.149s] -- Override CMake install command with custom implementation using symlinks instead of copying resources
[1.149s] -- Checking for module 'lttng-ust'
[1.149s] --   No package 'lttng-ust' found
[1.150s] -- Found ament_lint_auto: 0.12.9 (/opt/ros/humble/share/ament_lint_auto/cmake)
[1.150s] -- Added test 'copyright' to check source files copyright and LICENSE
[1.150s] -- Added test 'cppcheck' to perform static code analysis on C / C++ code
[1.150s] -- Configured cppcheck include dirs: 
[1.150s] -- Configured cppcheck exclude dirs and/or files: 
[1.150s] -- Added test 'cpplint' to check C / C++ code against the Google style
[1.151s] -- Configured cpplint exclude dirs and/or files: 
[1.151s] -- Added test 'lint_cmake' to check CMake code style
[1.151s] -- Added test 'uncrustify' to check C / C++ code style
[1.152s] -- Configured uncrustify additional arguments: 
[1.153s] -- Added test 'xmllint' to check XML markup files
[1.154s] -- Configuring done
[1.155s] -- Generating done
[1.155s] -- Build files have been written to: /SLAM/ros_ws/build/tracetools_image_pipeline
[1.167s] Invoked command in '/SLAM/ros_ws/build/tracetools_image_pipeline' returned '0': CMAKE_PREFIX_PATH=${CMAKE_PREFIX_PATH}:/SLAM/ros_ws/install/camera_calibration:/opt/ros/humble /usr/bin/cmake /SLAM/ros_ws/src/image_pipeline/tracetools_image_pipeline -DCMAKE_INSTALL_PREFIX=/SLAM/ros_ws/install/tracetools_image_pipeline
[1.168s] Invoking command in '/SLAM/ros_ws/build/tracetools_image_pipeline': CMAKE_PREFIX_PATH=${CMAKE_PREFIX_PATH}:/SLAM/ros_ws/install/camera_calibration:/opt/ros/humble /usr/bin/cmake --build /SLAM/ros_ws/build/tracetools_image_pipeline
[1.244s] [35m[1mConsolidate compiler generated dependencies of target tracetools_image_pipeline[0m
[1.276s] [ 60%] Built target tracetools_image_pipeline
[1.296s] [35m[1mConsolidate compiler generated dependencies of target status[0m
[1.312s] [100%] Built target status
[1.334s] Invoked command in '/SLAM/ros_ws/build/tracetools_image_pipeline' returned '0': CMAKE_PREFIX_PATH=${CMAKE_PREFIX_PATH}:/SLAM/ros_ws/install/camera_calibration:/opt/ros/humble /usr/bin/cmake --build /SLAM/ros_ws/build/tracetools_image_pipeline
[1.409s] Invoking command in '/SLAM/ros_ws/build/tracetools_image_pipeline': CMAKE_PREFIX_PATH=${CMAKE_PREFIX_PATH}:/SLAM/ros_ws/install/camera_calibration:/opt/ros/humble /usr/bin/cmake --install /SLAM/ros_ws/build/tracetools_image_pipeline
[1.423s] -- Install configuration: "Release"
[1.424s] -- Execute custom install script
[1.424s] -- Up-to-date symlink: /SLAM/ros_ws/install/tracetools_image_pipeline/share/tracetools_image_pipeline/environment/library_path.sh
[1.424s] -- Up-to-date symlink: /SLAM/ros_ws/install/tracetools_image_pipeline/share/tracetools_image_pipeline/environment/library_path.dsv
[1.425s] -- Up-to-date symlink: /SLAM/ros_ws/install/tracetools_image_pipeline/lib/tracetools_image_pipeline/status
[1.425s] -- Up-to-date symlink: /SLAM/ros_ws/install/tracetools_image_pipeline/include/tracetools_image_pipeline/config.h
[1.426s] -- Up-to-date symlink: /SLAM/ros_ws/install/tracetools_image_pipeline/include/tracetools_image_pipeline/tracetools.h
[1.426s] -- Up-to-date symlink: /SLAM/ros_ws/install/tracetools_image_pipeline/include/tracetools_image_pipeline/utils.hpp
[1.426s] -- Up-to-date symlink: /SLAM/ros_ws/install/tracetools_image_pipeline/include/tracetools_image_pipeline/visibility_control.hpp
[1.426s] -- Up-to-date symlink: /SLAM/ros_ws/install/tracetools_image_pipeline/share/ament_index/resource_index/package_run_dependencies/tracetools_image_pipeline
[1.427s] -- Up-to-date symlink: /SLAM/ros_ws/install/tracetools_image_pipeline/share/ament_index/resource_index/parent_prefix_path/tracetools_image_pipeline
[1.427s] -- Up-to-date symlink: /SLAM/ros_ws/install/tracetools_image_pipeline/share/tracetools_image_pipeline/environment/ament_prefix_path.sh
[1.427s] -- Up-to-date symlink: /SLAM/ros_ws/install/tracetools_image_pipeline/share/tracetools_image_pipeline/environment/ament_prefix_path.dsv
[1.428s] -- Up-to-date symlink: /SLAM/ros_ws/install/tracetools_image_pipeline/share/tracetools_image_pipeline/environment/path.sh
[1.428s] -- Up-to-date symlink: /SLAM/ros_ws/install/tracetools_image_pipeline/share/tracetools_image_pipeline/environment/path.dsv
[1.429s] -- Up-to-date symlink: /SLAM/ros_ws/install/tracetools_image_pipeline/share/tracetools_image_pipeline/local_setup.bash
[1.429s] -- Up-to-date symlink: /SLAM/ros_ws/install/tracetools_image_pipeline/share/tracetools_image_pipeline/local_setup.sh
[1.429s] -- Up-to-date symlink: /SLAM/ros_ws/install/tracetools_image_pipeline/share/tracetools_image_pipeline/local_setup.zsh
[1.430s] -- Up-to-date symlink: /SLAM/ros_ws/install/tracetools_image_pipeline/share/tracetools_image_pipeline/local_setup.dsv
[1.430s] -- Symlinking: /SLAM/ros_ws/install/tracetools_image_pipeline/share/tracetools_image_pipeline/package.dsv
[1.448s] -- Up-to-date symlink: /SLAM/ros_ws/install/tracetools_image_pipeline/share/ament_index/resource_index/packages/tracetools_image_pipeline
[1.449s] -- Up-to-date symlink: /SLAM/ros_ws/install/tracetools_image_pipeline/share/tracetools_image_pipeline/cmake/ament_cmake_export_targets-extras.cmake
[1.449s] -- Up-to-date symlink: /SLAM/ros_ws/install/tracetools_image_pipeline/share/tracetools_image_pipeline/cmake/ament_cmake_export_include_directories-extras.cmake
[1.450s] -- Up-to-date symlink: /SLAM/ros_ws/install/tracetools_image_pipeline/share/tracetools_image_pipeline/cmake/ament_cmake_export_libraries-extras.cmake
[1.450s] -- Up-to-date symlink: /SLAM/ros_ws/install/tracetools_image_pipeline/share/tracetools_image_pipeline/cmake/tracetools_image_pipelineConfig.cmake
[1.451s] -- Up-to-date symlink: /SLAM/ros_ws/install/tracetools_image_pipeline/share/tracetools_image_pipeline/cmake/tracetools_image_pipelineConfig-version.cmake
[1.451s] -- Up-to-date symlink: /SLAM/ros_ws/install/tracetools_image_pipeline/share/tracetools_image_pipeline/package.xml
[1.452s] -- Up-to-date: /SLAM/ros_ws/install/tracetools_image_pipeline/lib/libtracetools_image_pipeline.so
[1.452s] -- Up-to-date: /SLAM/ros_ws/install/tracetools_image_pipeline/share/tracetools_image_pipeline/cmake/tracetools_image_pipeline_exportExport.cmake
[1.452s] -- Up-to-date: /SLAM/ros_ws/install/tracetools_image_pipeline/share/tracetools_image_pipeline/cmake/tracetools_image_pipeline_exportExport-release.cmake
[1.456s] Invoked command in '/SLAM/ros_ws/build/tracetools_image_pipeline' returned '0': CMAKE_PREFIX_PATH=${CMAKE_PREFIX_PATH}:/SLAM/ros_ws/install/camera_calibration:/opt/ros/humble /usr/bin/cmake --install /SLAM/ros_ws/build/tracetools_image_pipeline
