[0.409s] Invoking command in '/SLAM/ros_ws/build/libuvc': /usr/bin/cmake --build /SLAM/ros_ws/build/libuvc -- -j16 -l16
[0.481s] [ 45%] Built target uvc
[0.482s] [ 90%] Built target uvc_static
[0.521s] [100%] Built target example
[0.675s] Invoked command in '/SLAM/ros_ws/build/libuvc' returned '0': /usr/bin/cmake --build /SLAM/ros_ws/build/libuvc -- -j16 -l16
[0.911s] Invoking command in '/SLAM/ros_ws/build/libuvc': /usr/bin/cmake --install /SLAM/ros_ws/build/libuvc
[0.922s] -- Install configuration: "Release"
[0.923s] -- Up-to-date: /SLAM/ros_ws/install/libuvc/lib/libuvc.so.0.0.7
[0.923s] -- Up-to-date: /SLAM/ros_ws/install/libuvc/lib/libuvc.so.0
[0.923s] -- Up-to-date: /SLAM/ros_ws/install/libuvc/lib/libuvc.so
[0.923s] -- Up-to-date: /SLAM/ros_ws/install/libuvc/include/libuvc/libuvc.h
[0.925s] -- Up-to-date: /SLAM/ros_ws/install/libuvc/include/libuvc/libuvc_config.h
[0.926s] -- Up-to-date: /SLAM/ros_ws/install/libuvc/lib/libuvc.a
[0.926s] -- Up-to-date: /SLAM/ros_ws/install/libuvc/include/libuvc/libuvc.h
[0.926s] -- Up-to-date: /SLAM/ros_ws/install/libuvc/include/libuvc/libuvc_config.h
[0.926s] -- Up-to-date: /SLAM/ros_ws/install/libuvc/lib/cmake/libuvc/libuvcTargets.cmake
[0.927s] -- Up-to-date: /SLAM/ros_ws/install/libuvc/lib/cmake/libuvc/libuvcTargets-release.cmake
[0.927s] -- Up-to-date: /SLAM/ros_ws/install/libuvc/lib/cmake/libuvc/FindLibUSB.cmake
[0.927s] -- Up-to-date: /SLAM/ros_ws/install/libuvc/lib/cmake/libuvc/FindJpegPkg.cmake
[0.928s] -- Up-to-date: /SLAM/ros_ws/install/libuvc/lib/cmake/libuvc/libuvcConfigVersion.cmake
[0.928s] -- Up-to-date: /SLAM/ros_ws/install/libuvc/lib/pkgconfig/libuvc.pc
[0.929s] -- Up-to-date: /SLAM/ros_ws/install/libuvc/lib/cmake/libuvc/libuvcConfig.cmake
[1.156s] Invoked command in '/SLAM/ros_ws/build/libuvc' returned '0': /usr/bin/cmake --install /SLAM/ros_ws/build/libuvc
