[1.974s] Invoking command in '/SLAM/ros_ws/build/camera_calibration': PYTHONPATH=/SLAM/ros_ws/build/camera_calibration/prefix_override:/SLAM/ros_ws/install/camera_calibration/lib/python3.10/site-packages:${PYTHONPATH} /usr/bin/python3 setup.py develop --editable --build-directory /SLAM/ros_ws/build/camera_calibration/build --no-deps install_data
[2.998s] /usr/lib/python3/dist-packages/setuptools/command/easy_install.py:158: EasyInstallDeprecationWarning: easy_install command is deprecated. Use build and pip and other standards-based tools.
[2.999s]   warnings.warn(
[2.999s] /usr/lib/python3/dist-packages/setuptools/command/install.py:34: SetuptoolsDeprecationWarning: setup.py install is deprecated. Use build and pip and other standards-based tools.
[2.999s]   warnings.warn(
[2.999s] running develop
[2.999s] running egg_info
[3.005s] writing src/camera_calibration.egg-info/PKG-INFO
[3.006s] writing dependency_links to src/camera_calibration.egg-info/dependency_links.txt
[3.006s] writing entry points to src/camera_calibration.egg-info/entry_points.txt
[3.007s] writing requirements to src/camera_calibration.egg-info/requires.txt
[3.007s] writing top-level names to src/camera_calibration.egg-info/top_level.txt
[3.007s] reading manifest file 'src/camera_calibration.egg-info/SOURCES.txt'
[3.007s] writing manifest file 'src/camera_calibration.egg-info/SOURCES.txt'
[3.008s] running build_ext
[3.008s] Creating /SLAM/ros_ws/install/camera_calibration/lib/python3.10/site-packages/camera-calibration.egg-link (link to src)
[3.008s] Installing cameracalibrator script to /SLAM/ros_ws/install/camera_calibration/lib/camera_calibration
[3.008s] Installing cameracheck script to /SLAM/ros_ws/install/camera_calibration/lib/camera_calibration
[3.008s] 
[3.008s] Installed /SLAM/ros_ws/build/camera_calibration/src
[3.008s] running install_data
[3.010s] Invoked command in '/SLAM/ros_ws/build/camera_calibration' returned '0': PYTHONPATH=/SLAM/ros_ws/build/camera_calibration/prefix_override:/SLAM/ros_ws/install/camera_calibration/lib/python3.10/site-packages:${PYTHONPATH} /usr/bin/python3 setup.py develop --editable --build-directory /SLAM/ros_ws/build/camera_calibration/build --no-deps install_data
