[0.000000] (-) TimerEvent: {}
[0.000595] (-) JobUnselected: {'identifier': 'astra_camera'}
[0.000658] (-) JobUnselected: {'identifier': 'astra_camera_msgs'}
[0.000694] (-) JobUnselected: {'identifier': 'camera_calibration'}
[0.000754] (-) JobUnselected: {'identifier': 'depth_image_proc'}
[0.000774] (-) JobUnselected: {'identifier': 'image_pipeline'}
[0.000808] (-) JobUnselected: {'identifier': 'image_proc'}
[0.000911] (-) JobUnselected: {'identifier': 'image_publisher'}
[0.000992] (-) JobUnselected: {'identifier': 'image_rotate'}
[0.001044] (-) JobUnselected: {'identifier': 'image_view'}
[0.001060] (-) JobUnselected: {'identifier': 'rtabmap'}
[0.001076] (-) JobUnselected: {'identifier': 'rtabmap_conversions'}
[0.001091] (-) JobUnselected: {'identifier': 'rtabmap_demos'}
[0.001116] (-) JobUnselected: {'identifier': 'rtabmap_examples'}
[0.001251] (-) JobUnselected: {'identifier': 'rtabmap_launch'}
[0.001271] (-) JobUnselected: {'identifier': 'rtabmap_msgs'}
[0.001285] (-) JobUnselected: {'identifier': 'rtabmap_odom'}
[0.001322] (-) JobUnselected: {'identifier': 'rtabmap_python'}
[0.001391] (-) JobUnselected: {'identifier': 'rtabmap_rviz_plugins'}
[0.001407] (-) JobUnselected: {'identifier': 'rtabmap_slam'}
[0.001435] (-) JobUnselected: {'identifier': 'rtabmap_sync'}
[0.001459] (-) JobUnselected: {'identifier': 'rtabmap_util'}
[0.001582] (-) JobUnselected: {'identifier': 'rtabmap_viz'}
[0.001611] (-) JobUnselected: {'identifier': 'sllidar_ros2'}
[0.001625] (-) JobUnselected: {'identifier': 'stereo_image_proc'}
[0.001646] (-) JobUnselected: {'identifier': 'tracetools_image_pipeline'}
[0.001672] (rtabmap_ros) JobQueued: {'identifier': 'rtabmap_ros', 'dependencies': OrderedDict([('rtabmap', '/SLAM/ros_ws/install/rtabmap'), ('rtabmap_msgs', '/SLAM/ros_ws/install/rtabmap_msgs'), ('rtabmap_python', '/SLAM/ros_ws/install/rtabmap_python'), ('rtabmap_conversions', '/SLAM/ros_ws/install/rtabmap_conversions'), ('rtabmap_rviz_plugins', '/SLAM/ros_ws/install/rtabmap_rviz_plugins'), ('rtabmap_sync', '/SLAM/ros_ws/install/rtabmap_sync'), ('rtabmap_util', '/SLAM/ros_ws/install/rtabmap_util'), ('rtabmap_odom', '/SLAM/ros_ws/install/rtabmap_odom'), ('rtabmap_slam', '/SLAM/ros_ws/install/rtabmap_slam'), ('rtabmap_viz', '/SLAM/ros_ws/install/rtabmap_viz'), ('rtabmap_demos', '/SLAM/ros_ws/install/rtabmap_demos'), ('rtabmap_examples', '/SLAM/ros_ws/install/rtabmap_examples'), ('rtabmap_launch', '/SLAM/ros_ws/install/rtabmap_launch')])}
[0.001820] (rtabmap_ros) JobStarted: {'identifier': 'rtabmap_ros'}
[0.066987] (rtabmap_ros) JobEnded: {'identifier': 'rtabmap_ros', 'rc': 1}
[0.077482] (-) EventReactorShutdown: {}
