[0.898s] Invoking command in '/SLAM/ros_ws/build/examples_rclcpp_minimal_composition': CMAKE_PREFIX_PATH=/SLAM/ros_ws/install/image_pipeline:/SLAM/ros_ws/install/stereo_image_proc:/SLAM/ros_ws/install/image_proc:/SLAM/ros_ws/install/tracetools_image_pipeline:/SLAM/ros_ws/install/sllidar_ros2:/SLAM/ros_ws/install/rtabmap_ros:/SLAM/ros_ws/install/rtabmap_launch:/SLAM/ros_ws/install/rtabmap_examples:/SLAM/ros_ws/install/rtabmap_demos:/SLAM/ros_ws/install/rtabmap_viz:/SLAM/ros_ws/install/rtabmap_slam:/SLAM/ros_ws/install/rtabmap_odom:/SLAM/ros_ws/install/rtabmap_util:/SLAM/ros_ws/install/rtabmap_sync:/SLAM/ros_ws/install/rtabmap_rviz_plugins:/SLAM/ros_ws/install/rtabmap_conversions:/SLAM/ros_ws/install/rtabmap_python:/SLAM/ros_ws/install/camera_calibration:/opt/ros/humble:/SLAM/ros_ws/install/rtabmap_msgs:/SLAM/ros_ws/install/rtabmap:/SLAM/ros_ws/install/image_view:/SLAM/ros_ws/install/image_rotate:/SLAM/ros_ws/install/astra_camera:/SLAM/ros_ws/install/image_publisher:/SLAM/ros_ws/install/depth_image_proc:/SLAM/ros_ws/install/astra_camera_msgs /usr/bin/cmake /SLAM/ros_ws/src/examples/rclcpp/composition/minimal_composition -DAMENT_CMAKE_SYMLINK_INSTALL=1 -DCMAKE_INSTALL_PREFIX=/SLAM/ros_ws/install/examples_rclcpp_minimal_composition
[1.917s] -- The C compiler identification is GNU 11.4.0
[1.917s] -- The CXX compiler identification is GNU 11.4.0
[1.917s] -- Detecting C compiler ABI info
[1.917s] -- Detecting C compiler ABI info - done
[1.917s] -- Check for working C compiler: /usr/bin/cc - skipped
[1.917s] -- Detecting C compile features
[1.917s] -- Detecting C compile features - done
[1.917s] -- Detecting CXX compiler ABI info
[1.918s] -- Detecting CXX compiler ABI info - done
[1.918s] -- Check for working CXX compiler: /usr/bin/c++ - skipped
[1.923s] -- Detecting CXX compile features
[1.923s] -- Detecting CXX compile features - done
[1.923s] -- Found ament_cmake: 1.3.6 (/opt/ros/humble/share/ament_cmake/cmake)
[1.965s] -- Found Python3: /usr/bin/python3.10 (found version "3.10.12") found components: Interpreter 
[2.060s] -- Override CMake install command with custom implementation using symlinks instead of copying resources
[2.212s] -- Found rclcpp: 16.0.7 (/opt/ros/humble/share/rclcpp/cmake)
[2.358s] -- Found rosidl_generator_c: 3.1.5 (/opt/ros/humble/share/rosidl_generator_c/cmake)
[2.378s] -- Found rosidl_adapter: 3.1.5 (/opt/ros/humble/share/rosidl_adapter/cmake)
[2.400s] -- Found rosidl_generator_cpp: 3.1.5 (/opt/ros/humble/share/rosidl_generator_cpp/cmake)
[2.430s] -- Using all available rosidl_typesupport_c: rosidl_typesupport_fastrtps_c;rosidl_typesupport_introspection_c
[2.482s] -- Using all available rosidl_typesupport_cpp: rosidl_typesupport_fastrtps_cpp;rosidl_typesupport_introspection_cpp
[2.684s] -- Found rmw_implementation_cmake: 6.1.1 (/opt/ros/humble/share/rmw_implementation_cmake/cmake)
[2.697s] -- Found rmw_fastrtps_cpp: 6.2.5 (/opt/ros/humble/share/rmw_fastrtps_cpp/cmake)
[2.934s] -- Found OpenSSL: /usr/lib/x86_64-linux-gnu/libcrypto.so (found version "3.0.2")  
[2.992s] -- Found FastRTPS: /opt/ros/humble/include  
[3.093s] -- Using RMW implementation 'rmw_fastrtps_cpp' as default
[3.128s] -- Looking for pthread.h
[3.250s] -- Looking for pthread.h - found
[3.252s] -- Performing Test CMAKE_HAVE_LIBC_PTHREAD
[3.435s] -- Performing Test CMAKE_HAVE_LIBC_PTHREAD - Success
[3.436s] -- Found Threads: TRUE  
[3.756s] -- Found rclcpp_components: 16.0.7 (/opt/ros/humble/share/rclcpp_components/cmake)
[3.883s] -- Found ament_lint_auto: 0.12.9 (/opt/ros/humble/share/ament_lint_auto/cmake)
[4.061s] -- Added test 'copyright' to check source files copyright and LICENSE
[4.063s] -- Added test 'cppcheck' to perform static code analysis on C / C++ code
[4.063s] -- Configured cppcheck include dirs: /SLAM/ros_ws/src/examples/rclcpp/composition/minimal_composition/include
[4.063s] -- Configured cppcheck exclude dirs and/or files: 
[4.067s] -- Added test 'cpplint' to check C / C++ code against the Google style
[4.067s] -- Configured cpplint exclude dirs and/or files: 
[4.068s] -- Added test 'lint_cmake' to check CMake code style
[4.068s] -- Added test 'uncrustify' to check C / C++ code style
[4.068s] -- Configured uncrustify additional arguments: 
[4.068s] -- Added test 'xmllint' to check XML markup files
[4.070s] -- Configuring done
[4.103s] -- Generating done
[4.106s] -- Build files have been written to: /SLAM/ros_ws/build/examples_rclcpp_minimal_composition
[4.442s] Invoked command in '/SLAM/ros_ws/build/examples_rclcpp_minimal_composition' returned '0': CMAKE_PREFIX_PATH=/SLAM/ros_ws/install/image_pipeline:/SLAM/ros_ws/install/stereo_image_proc:/SLAM/ros_ws/install/image_proc:/SLAM/ros_ws/install/tracetools_image_pipeline:/SLAM/ros_ws/install/sllidar_ros2:/SLAM/ros_ws/install/rtabmap_ros:/SLAM/ros_ws/install/rtabmap_launch:/SLAM/ros_ws/install/rtabmap_examples:/SLAM/ros_ws/install/rtabmap_demos:/SLAM/ros_ws/install/rtabmap_viz:/SLAM/ros_ws/install/rtabmap_slam:/SLAM/ros_ws/install/rtabmap_odom:/SLAM/ros_ws/install/rtabmap_util:/SLAM/ros_ws/install/rtabmap_sync:/SLAM/ros_ws/install/rtabmap_rviz_plugins:/SLAM/ros_ws/install/rtabmap_conversions:/SLAM/ros_ws/install/rtabmap_python:/SLAM/ros_ws/install/camera_calibration:/opt/ros/humble:/SLAM/ros_ws/install/rtabmap_msgs:/SLAM/ros_ws/install/rtabmap:/SLAM/ros_ws/install/image_view:/SLAM/ros_ws/install/image_rotate:/SLAM/ros_ws/install/astra_camera:/SLAM/ros_ws/install/image_publisher:/SLAM/ros_ws/install/depth_image_proc:/SLAM/ros_ws/install/astra_camera_msgs /usr/bin/cmake /SLAM/ros_ws/src/examples/rclcpp/composition/minimal_composition -DAMENT_CMAKE_SYMLINK_INSTALL=1 -DCMAKE_INSTALL_PREFIX=/SLAM/ros_ws/install/examples_rclcpp_minimal_composition
[4.445s] Invoking command in '/SLAM/ros_ws/build/examples_rclcpp_minimal_composition': CMAKE_PREFIX_PATH=/SLAM/ros_ws/install/image_pipeline:/SLAM/ros_ws/install/stereo_image_proc:/SLAM/ros_ws/install/image_proc:/SLAM/ros_ws/install/tracetools_image_pipeline:/SLAM/ros_ws/install/sllidar_ros2:/SLAM/ros_ws/install/rtabmap_ros:/SLAM/ros_ws/install/rtabmap_launch:/SLAM/ros_ws/install/rtabmap_examples:/SLAM/ros_ws/install/rtabmap_demos:/SLAM/ros_ws/install/rtabmap_viz:/SLAM/ros_ws/install/rtabmap_slam:/SLAM/ros_ws/install/rtabmap_odom:/SLAM/ros_ws/install/rtabmap_util:/SLAM/ros_ws/install/rtabmap_sync:/SLAM/ros_ws/install/rtabmap_rviz_plugins:/SLAM/ros_ws/install/rtabmap_conversions:/SLAM/ros_ws/install/rtabmap_python:/SLAM/ros_ws/install/camera_calibration:/opt/ros/humble:/SLAM/ros_ws/install/rtabmap_msgs:/SLAM/ros_ws/install/rtabmap:/SLAM/ros_ws/install/image_view:/SLAM/ros_ws/install/image_rotate:/SLAM/ros_ws/install/astra_camera:/SLAM/ros_ws/install/image_publisher:/SLAM/ros_ws/install/depth_image_proc:/SLAM/ros_ws/install/astra_camera_msgs /usr/bin/cmake --build /SLAM/ros_ws/build/examples_rclcpp_minimal_composition -- -j16 -l16
[4.564s] [ 11%] [32mBuilding CXX object CMakeFiles/composition_nodes.dir/src/subscriber_node.cpp.o[0m
[4.579s] [ 22%] [32mBuilding CXX object CMakeFiles/composition_nodes.dir/src/publisher_node.cpp.o[0m
[22.430s] [ 33%] [32m[1mLinking CXX shared library libcomposition_nodes.so[0m
[22.845s] [ 33%] Built target composition_nodes
[22.875s] [ 66%] [32mBuilding CXX object CMakeFiles/composition_publisher.dir/src/standalone_publisher.cpp.o[0m
[22.875s] [ 66%] [32mBuilding CXX object CMakeFiles/composition_subscriber.dir/src/standalone_subscriber.cpp.o[0m
[22.875s] [ 66%] [32mBuilding CXX object CMakeFiles/composition_composed.dir/src/composed.cpp.o[0m
[25.574s] [ 77%] [32m[1mLinking CXX executable composition_publisher[0m
[25.675s] [ 88%] [32m[1mLinking CXX executable composition_subscriber[0m
[25.753s] [100%] [32m[1mLinking CXX executable composition_composed[0m
[25.778s] [100%] Built target composition_publisher
[25.877s] [100%] Built target composition_subscriber
[25.926s] [100%] Built target composition_composed
