[ 11%] [32mBuilding CXX object CMakeFiles/orbbec_camera_node.dir/rclcpp_components/node_main_orbbec_camera_node.cpp.o[0m
[ 11%] [32mBuilding CXX object CMakeFiles/orbbec_camera.dir/src/dynamic_params.cpp.o[0m
[ 22%] [32mBuilding CXX object CMakeFiles/orbbec_camera.dir/src/ob_camera_node_driver.cpp.o[0m
[ 22%] [32mBuilding CXX object CMakeFiles/orbbec_camera.dir/src/utils.cpp.o[0m
[ 33%] [32mBuilding CXX object CMakeFiles/orbbec_camera.dir/src/ob_camera_node.cpp.o[0m
[ 33%] [32mBuilding CXX object CMakeFiles/orbbec_camera.dir/src/d2c_viewer.cpp.o[0m
[ 38%] [32mBuilding CXX object CMakeFiles/orbbec_camera.dir/src/ros_service.cpp.o[0m
[ 44%] [32mBuilding CXX object CMakeFiles/orbbec_camera.dir/src/synced_imu_publisher.cpp.o[0m
[ 50%] [32mBuilding CXX object CMakeFiles/orbbec_camera.dir/src/jpeg_decoder.cpp.o[0m
[ 55%] [32mBuilding CXX object CMakeFiles/orbbec_camera.dir/src/ros_param_backend.cpp.o[0m
gmake[2]: *** [CMakeFiles/orbbec_camera.dir/build.make:104: CMakeFiles/orbbec_camera.dir/src/ob_camera_node_driver.cpp.o] Interrupt
gmake[2]: *** [CMakeFiles/orbbec_camera.dir/build.make:76: CMakeFiles/orbbec_camera.dir/src/d2c_viewer.cpp.o] Interrupt
gmake[2]: *** [CMakeFiles/orbbec_camera.dir/build.make:118: CMakeFiles/orbbec_camera.dir/src/ob_camera_node.cpp.o] Interrupt
gmake[2]: *** [CMakeFiles/orbbec_camera_node.dir/build.make:76: CMakeFiles/orbbec_camera_node.dir/rclcpp_components/node_main_orbbec_camera_node.cpp.o] Interrupt
gmake[2]: *** [CMakeFiles/orbbec_camera.dir/build.make:146: CMakeFiles/orbbec_camera.dir/src/ros_service.cpp.o] Interrupt
gmake[2]: *** [CMakeFiles/orbbec_camera.dir/build.make:160: CMakeFiles/orbbec_camera.dir/src/synced_imu_publisher.cpp.o] Interrupt
gmake[2]: *** [CMakeFiles/orbbec_camera.dir/build.make:174: CMakeFiles/orbbec_camera.dir/src/utils.cpp.o] Interrupt
gmake[1]: *** [CMakeFiles/Makefile2:171: CMakeFiles/orbbec_camera_node.dir/all] Interrupt
gmake[2]: *** wait: No child processes.  Stop.
gmake[2]: *** Waiting for unfinished jobs....
gmake[2]: *** wait: No child processes.  Stop.
gmake[1]: *** [CMakeFiles/Makefile2:145: CMakeFiles/orbbec_camera.dir/all] Error 2
gmake: *** [Makefile:146: all] Interrupt
