[0.572s] Invoking command in '/SLAM/ros_ws/build/rtabmap_msgs': /usr/bin/cmake /SLAM/ros_ws/src/rtabmap_ros/rtabmap_msgs -DCATKIN_INSTALL_INTO_PREFIX_ROOT=0 -DCMAKE_INSTALL_PREFIX=/SLAM/ros_ws/install/rtabmap_msgs
[1.199s] -- Found rosidl_default_generators: 1.2.0 (/opt/ros/humble/share/rosidl_default_generators/cmake)
[1.199s] -- Found ament_cmake_core: 1.3.6 (/opt/ros/humble/share/ament_cmake_core/cmake)
[1.199s] -- Using all available rosidl_typesupport_c: rosidl_typesupport_fastrtps_c;rosidl_typesupport_introspection_c
[1.200s] -- Found rosidl_adapter: 3.1.5 (/opt/ros/humble/share/rosidl_adapter/cmake)
[1.201s] -- Using all available rosidl_typesupport_cpp: rosidl_typesupport_fastrtps_cpp;rosidl_typesupport_introspection_cpp
[1.201s] -- Found geometry_msgs: 4.2.3 (/opt/ros/humble/share/geometry_msgs/cmake)
[1.201s] -- Found sensor_msgs: 4.2.3 (/opt/ros/humble/share/sensor_msgs/cmake)
[1.201s] -- Found std_srvs: 4.2.3 (/opt/ros/humble/share/std_srvs/cmake)
[1.788s] -- Found ament_cmake_ros: 0.10.0 (/opt/ros/humble/share/ament_cmake_ros/cmake)
[2.258s] -- Using all available rosidl_typesupport_c: rosidl_typesupport_fastrtps_c;rosidl_typesupport_introspection_c
[2.834s] -- Using all available rosidl_typesupport_cpp: rosidl_typesupport_fastrtps_cpp;rosidl_typesupport_introspection_cpp
[2.870s] -- Found python_cmake_module: 0.10.0 (/opt/ros/humble/share/python_cmake_module/cmake)
[2.900s] -- Using PYTHON_EXECUTABLE: /usr/bin/python3
[2.901s] -- Using PYTHON_INCLUDE_DIRS: /usr/include/python3.10
[2.901s] -- Using PYTHON_LIBRARIES: /usr/lib/x86_64-linux-gnu/libpython3.10.so
[2.990s] -- Configuring done
[3.119s] -- Generating done
[3.123s] -- Build files have been written to: /SLAM/ros_ws/build/rtabmap_msgs
[3.135s] Invoked command in '/SLAM/ros_ws/build/rtabmap_msgs' returned '0': /usr/bin/cmake /SLAM/ros_ws/src/rtabmap_ros/rtabmap_msgs -DCATKIN_INSTALL_INTO_PREFIX_ROOT=0 -DCMAKE_INSTALL_PREFIX=/SLAM/ros_ws/install/rtabmap_msgs
[3.137s] Invoking command in '/SLAM/ros_ws/build/rtabmap_msgs': /usr/bin/cmake --build /SLAM/ros_ws/build/rtabmap_msgs
[3.224s] [35m[1mConsolidate compiler generated dependencies of target rtabmap_msgs__rosidl_generator_c[0m
[3.230s] [  0%] Built target rtabmap_msgs__cpp
[3.257s] [  0%] Built target ament_cmake_python_copy_rtabmap_msgs
[3.260s] [35m[1mConsolidate compiler generated dependencies of target rtabmap_msgs__rosidl_typesupport_cpp[0m
[3.262s] [35m[1mConsolidate compiler generated dependencies of target rtabmap_msgs__rosidl_typesupport_introspection_cpp[0m
[3.265s] [35m[1mConsolidate compiler generated dependencies of target rtabmap_msgs__rosidl_typesupport_fastrtps_cpp[0m
[3.276s] [ 12%] Built target rtabmap_msgs__rosidl_generator_c
[3.304s] [35m[1mConsolidate compiler generated dependencies of target rtabmap_msgs__rosidl_typesupport_introspection_c[0m
[3.311s] [35m[1mConsolidate compiler generated dependencies of target rtabmap_msgs__rosidl_typesupport_fastrtps_c[0m
[3.342s] [ 28%] Built target rtabmap_msgs__rosidl_typesupport_introspection_cpp
[3.342s] [ 37%] Built target rtabmap_msgs__rosidl_typesupport_cpp
[3.358s] [ 50%] Built target rtabmap_msgs__rosidl_typesupport_introspection_c
[3.364s] [ 62%] Built target rtabmap_msgs__rosidl_typesupport_fastrtps_cpp
[3.368s] [35m[1mConsolidate compiler generated dependencies of target rtabmap_msgs__rosidl_typesupport_c[0m
[3.399s] [ 75%] Built target rtabmap_msgs__rosidl_typesupport_fastrtps_c
[3.404s] [ 88%] Built target rtabmap_msgs__rosidl_typesupport_c
[3.436s] [ 88%] Built target rtabmap_msgs
[3.464s] [ 88%] Built target rtabmap_msgs__py
[3.490s] [35m[1mConsolidate compiler generated dependencies of target rtabmap_msgs__rosidl_generator_py[0m
[3.539s] running egg_info
[3.540s] writing rtabmap_msgs.egg-info/PKG-INFO
[3.540s] writing dependency_links to rtabmap_msgs.egg-info/dependency_links.txt
[3.540s] writing top-level names to rtabmap_msgs.egg-info/top_level.txt
[3.543s] reading manifest file 'rtabmap_msgs.egg-info/SOURCES.txt'
[3.544s] writing manifest file 'rtabmap_msgs.egg-info/SOURCES.txt'
[3.555s] [100%] Built target rtabmap_msgs__rosidl_generator_py
[3.570s] [35m[1mConsolidate compiler generated dependencies of target rtabmap_msgs__rosidl_typesupport_introspection_c__pyext[0m
[3.570s] [35m[1mConsolidate compiler generated dependencies of target rtabmap_msgs__rosidl_typesupport_fastrtps_c__pyext[0m
[3.570s] [35m[1mConsolidate compiler generated dependencies of target rtabmap_msgs__rosidl_typesupport_c__pyext[0m
[3.587s] [100%] Built target ament_cmake_python_build_rtabmap_msgs_egg
[3.589s] [100%] Built target rtabmap_msgs__rosidl_typesupport_introspection_c__pyext
[3.589s] [100%] Built target rtabmap_msgs__rosidl_typesupport_fastrtps_c__pyext
[3.589s] [100%] Built target rtabmap_msgs__rosidl_typesupport_c__pyext
