[ 10%] [32m[1mLinking CXX shared library librtabmap_rviz_plugins.so[0m
[100%] Built target rtabmap_rviz_plugins
-- Install configuration: "Release"
-- Execute custom install script
-- Up-to-date symlink: /home/khanh/Documents/SLAM/ros_ws/install/rtabmap_rviz_plugins/share/rtabmap_rviz_plugins//rviz_plugins.xml
-- Up-to-date symlink: /home/khanh/Documents/SLAM/ros_ws/install/rtabmap_rviz_plugins/share/rtabmap_rviz_plugins//rviz_plugins.xml
-- Up-to-date symlink: /home/khanh/Documents/SLAM/ros_ws/install/rtabmap_rviz_plugins/share/ament_index/resource_index/package_run_dependencies/rtabmap_rviz_plugins
-- Up-to-date symlink: /home/khanh/Documents/SLAM/ros_ws/install/rtabmap_rviz_plugins/share/ament_index/resource_index/parent_prefix_path/rtabmap_rviz_plugins
-- Up-to-date symlink: /home/khanh/Documents/SLAM/ros_ws/install/rtabmap_rviz_plugins/share/rtabmap_rviz_plugins/environment/ament_prefix_path.sh
-- Up-to-date symlink: /home/khanh/Documents/SLAM/ros_ws/install/rtabmap_rviz_plugins/share/rtabmap_rviz_plugins/environment/ament_prefix_path.dsv
-- Up-to-date symlink: /home/khanh/Documents/SLAM/ros_ws/install/rtabmap_rviz_plugins/share/rtabmap_rviz_plugins/environment/path.sh
-- Up-to-date symlink: /home/khanh/Documents/SLAM/ros_ws/install/rtabmap_rviz_plugins/share/rtabmap_rviz_plugins/environment/path.dsv
-- Up-to-date symlink: /home/khanh/Documents/SLAM/ros_ws/install/rtabmap_rviz_plugins/share/rtabmap_rviz_plugins/local_setup.bash
-- Up-to-date symlink: /home/khanh/Documents/SLAM/ros_ws/install/rtabmap_rviz_plugins/share/rtabmap_rviz_plugins/local_setup.sh
-- Up-to-date symlink: /home/khanh/Documents/SLAM/ros_ws/install/rtabmap_rviz_plugins/share/rtabmap_rviz_plugins/local_setup.zsh
-- Up-to-date symlink: /home/khanh/Documents/SLAM/ros_ws/install/rtabmap_rviz_plugins/share/rtabmap_rviz_plugins/local_setup.dsv
-- Symlinking: /home/khanh/Documents/SLAM/ros_ws/install/rtabmap_rviz_plugins/share/rtabmap_rviz_plugins/package.dsv
-- Up-to-date symlink: /home/khanh/Documents/SLAM/ros_ws/install/rtabmap_rviz_plugins/share/ament_index/resource_index/packages/rtabmap_rviz_plugins
-- Up-to-date symlink: /home/khanh/Documents/SLAM/ros_ws/install/rtabmap_rviz_plugins/share/ament_index/resource_index/rviz_common__pluginlib__plugin/rtabmap_rviz_plugins
-- Up-to-date symlink: /home/khanh/Documents/SLAM/ros_ws/install/rtabmap_rviz_plugins/share/rtabmap_rviz_plugins/cmake/rtabmap_rviz_pluginsConfig.cmake
-- Up-to-date symlink: /home/khanh/Documents/SLAM/ros_ws/install/rtabmap_rviz_plugins/share/rtabmap_rviz_plugins/cmake/rtabmap_rviz_pluginsConfig-version.cmake
-- Up-to-date symlink: /home/khanh/Documents/SLAM/ros_ws/install/rtabmap_rviz_plugins/share/rtabmap_rviz_plugins/package.xml
-- Up-to-date: /home/khanh/Documents/SLAM/ros_ws/install/rtabmap_rviz_plugins/include
-- Up-to-date: /home/khanh/Documents/SLAM/ros_ws/install/rtabmap_rviz_plugins/include/rtabmap_rviz_plugins
-- Up-to-date: /home/khanh/Documents/SLAM/ros_ws/install/rtabmap_rviz_plugins/include/rtabmap_rviz_plugins/InfoDisplay.h
-- Up-to-date: /home/khanh/Documents/SLAM/ros_ws/install/rtabmap_rviz_plugins/include/rtabmap_rviz_plugins/MapCloudDisplay.h
-- Up-to-date: /home/khanh/Documents/SLAM/ros_ws/install/rtabmap_rviz_plugins/include/rtabmap_rviz_plugins/MapGraphDisplay.h
-- Up-to-date: /home/khanh/Documents/SLAM/ros_ws/install/rtabmap_rviz_plugins/include/rtabmap_rviz_plugins/visibility.h
-- Installing: /home/khanh/Documents/SLAM/ros_ws/install/rtabmap_rviz_plugins/lib/librtabmap_rviz_plugins.so
-- Set runtime path of "/home/khanh/Documents/SLAM/ros_ws/install/rtabmap_rviz_plugins/lib/librtabmap_rviz_plugins.so" to ""
