[0.000000] (-) TimerEvent: {}
[0.000485] (-) JobUnselected: {'identifier': 'astra_camera'}
[0.000663] (-) JobUnselected: {'identifier': 'astra_camera_msgs'}
[0.000774] (-) JobUnselected: {'identifier': 'camera_calibration'}
[0.000806] (-) JobUnselected: {'identifier': 'depth_image_proc'}
[0.000825] (-) JobUnselected: {'identifier': 'image_pipeline'}
[0.000844] (-) JobUnselected: {'identifier': 'image_proc'}
[0.000862] (-) JobUnselected: {'identifier': 'image_publisher'}
[0.000879] (-) JobUnselected: {'identifier': 'image_rotate'}
[0.000896] (-) JobUnselected: {'identifier': 'image_view'}
[0.000913] (-) JobUnselected: {'identifier': 'my_robot_controller'}
[0.000929] (-) JobUnselected: {'identifier': 'rplidar_ros'}
[0.000960] (-) JobUnselected: {'identifier': 'rtabmap'}
[0.000981] (-) JobUnselected: {'identifier': 'rtabmap_conversions'}
[0.000999] (-) JobUnselected: {'identifier': 'rtabmap_demos'}
[0.001015] (-) JobUnselected: {'identifier': 'rtabmap_examples'}
[0.001030] (-) JobUnselected: {'identifier': 'rtabmap_launch'}
[0.001046] (-) JobUnselected: {'identifier': 'rtabmap_msgs'}
[0.001061] (-) JobUnselected: {'identifier': 'rtabmap_odom'}
[0.001077] (-) JobUnselected: {'identifier': 'rtabmap_python'}
[0.001093] (-) JobUnselected: {'identifier': 'rtabmap_ros'}
[0.001109] (-) JobUnselected: {'identifier': 'rtabmap_rviz_plugins'}
[0.001124] (-) JobUnselected: {'identifier': 'rtabmap_slam'}
[0.001139] (-) JobUnselected: {'identifier': 'rtabmap_sync'}
[0.001154] (-) JobUnselected: {'identifier': 'rtabmap_util'}
[0.001169] (-) JobUnselected: {'identifier': 'rtabmap_viz'}
[0.001185] (-) JobUnselected: {'identifier': 'slam_toolbox'}
[0.001201] (-) JobUnselected: {'identifier': 'sllidar_ros2'}
[0.001217] (-) JobUnselected: {'identifier': 'stereo_image_proc'}
[0.001233] (-) JobUnselected: {'identifier': 'tracetools_image_pipeline'}
[0.001249] (-) JobUnselected: {'identifier': 'tutourial_intefaces'}
[0.001267] (rf2o_laser_odometry) JobQueued: {'identifier': 'rf2o_laser_odometry', 'dependencies': OrderedDict()}
[0.001289] (rf2o_laser_odometry) JobStarted: {'identifier': 'rf2o_laser_odometry'}
[0.058169] (rf2o_laser_odometry) JobProgress: {'identifier': 'rf2o_laser_odometry', 'progress': 'cmake'}
[0.058698] (rf2o_laser_odometry) JobProgress: {'identifier': 'rf2o_laser_odometry', 'progress': 'build'}
[0.059294] (rf2o_laser_odometry) Command: {'cmd': ['/usr/bin/cmake', '--build', '/SLAM/ros_ws/build/rf2o_laser_odometry', '--', '-j16', '-l16'], 'cwd': '/SLAM/ros_ws/build/rf2o_laser_odometry', 'env': OrderedDict([('HOSTNAME', 'acer'), ('ROS_PACKAGE_PATH', '/SLAM/ros_ws/install/rtabmap_msgs/share'), ('GIT_ASKPASS', '/home/ros/.vscode-server/bin/0ee08df0cf4527e40edc9aa28f4b5bd38bbff2b2/extensions/git/dist/askpass.sh'), ('SHLVL', '2'), ('LD_LIBRARY_PATH', '/SLAM/ros_ws/install/tutourial_intefaces/lib:/SLAM/ros_ws/install/stereo_image_proc/lib:/SLAM/ros_ws/install/image_proc/lib:/SLAM/ros_ws/install/tracetools_image_pipeline/lib:/SLAM/ros_ws/install/rtabmap_slam/lib:/SLAM/ros_ws/install/rtabmap_odom/lib:/SLAM/ros_ws/install/rtabmap_util/lib:/SLAM/ros_ws/install/rtabmap_sync/lib:/SLAM/ros_ws/install/rtabmap_rviz_plugins/lib:/SLAM/ros_ws/install/rtabmap_conversions/lib:/SLAM/ros_ws/install/rtabmap_msgs/lib:/SLAM/ros_ws/install/rtabmap/lib:/SLAM/ros_ws/install/more_interfaces/lib:/SLAM/ros_ws/install/image_view/lib:/SLAM/ros_ws/install/image_rotate/lib:/SLAM/ros_ws/install/astra_camera/lib:/SLAM/ros_ws/install/image_publisher/lib:/SLAM/ros_ws/install/depth_image_proc/lib:/SLAM/ros_ws/install/astra_camera_msgs/lib:/usr/lib/x86_64-linux-gnu/gazebo-11/plugins:/opt/ros/humble/opt/rviz_ogre_vendor/lib:/opt/ros/humble/lib/x86_64-linux-gnu:/opt/ros/humble/lib'), ('BROWSER', '/home/ros/.vscode-server/bin/0ee08df0cf4527e40edc9aa28f4b5bd38bbff2b2/bin/helpers/browser.sh'), ('HOME', '/home/ros'), ('OLDPWD', '/SLAM/ros_ws/src'), ('TERM_PROGRAM_VERSION', '1.85.1'), ('VSCODE_IPC_HOOK_CLI', '/tmp/vscode-ipc-d40ccf79-16d6-4698-9bb1-522eaa1a6ef2.sock'), ('ROS_PYTHON_VERSION', '3'), ('VSCODE_GIT_ASKPASS_MAIN', '/home/ros/.vscode-server/bin/0ee08df0cf4527e40edc9aa28f4b5bd38bbff2b2/extensions/git/dist/askpass-main.js'), ('VSCODE_GIT_ASKPASS_NODE', '/home/ros/.vscode-server/bin/0ee08df0cf4527e40edc9aa28f4b5bd38bbff2b2/node'), ('COLORTERM', 'truecolor'), ('REMOTE_CONTAINERS', 'true'), ('COLCON_PREFIX_PATH', '/SLAM/ros_ws/install'), ('ROS_DISTRO', 'humble'), ('REMOTE_CONTAINERS_IPC', '/tmp/vscode-remote-containers-ipc-c5f39382-1fbd-43bd-bb04-ff07af3c26f3.sock'), ('_', '/usr/bin/colcon'), ('ROS_VERSION', '2'), ('PKG_CONFIG_PATH', '/SLAM/ros_ws/install/rtabmap_msgs/lib/x86_64-linux-gnu/pkgconfig:/SLAM/ros_ws/install/rtabmap_msgs/lib/pkgconfig:/SLAM/ros_ws/install/rtabmap/lib/x86_64-linux-gnu/pkgconfig:/SLAM/ros_ws/install/rtabmap/lib/pkgconfig'), ('TERM', 'xterm-256color'), ('ROS_LOCALHOST_ONLY', '0'), ('PATH', '/SLAM/ros_ws/install/image_proc/bin:/SLAM/ros_ws/install/rtabmap/bin:/home/ros/.vscode-server/bin/0ee08df0cf4527e40edc9aa28f4b5bd38bbff2b2/bin/remote-cli:/opt/ros/humble/bin:/usr/local/sbin:/usr/local/bin:/usr/sbin:/usr/bin:/sbin:/bin'), ('REMOTE_CONTAINERS_SOCKETS', '["/tmp/vscode-ssh-auth-c5f39382-1fbd-43bd-bb04-ff07af3c26f3.sock","/tmp/.X11-unix/X4","/home/ros/.gnupg/S.gpg-agent"]'), ('DISPLAY', ':1'), ('LANG', 'C.UTF-8'), ('VSCODE_GIT_IPC_HANDLE', '/tmp/vscode-git-f5e5d8950f.sock'), ('TERM_PROGRAM', 'vscode'), ('SSH_AUTH_SOCK', '/tmp/vscode-ssh-auth-c5f39382-1fbd-43bd-bb04-ff07af3c26f3.sock'), ('AMENT_PREFIX_PATH', '/SLAM/ros_ws/install/tutourial_intefaces:/SLAM/ros_ws/install/image_pipeline:/SLAM/ros_ws/install/stereo_image_proc:/SLAM/ros_ws/install/image_proc:/SLAM/ros_ws/install/tracetools_image_pipeline:/SLAM/ros_ws/install/sllidar_ros2:/SLAM/ros_ws/install/rtabmap_ros:/SLAM/ros_ws/install/rtabmap_launch:/SLAM/ros_ws/install/rtabmap_examples:/SLAM/ros_ws/install/rtabmap_demos:/SLAM/ros_ws/install/rtabmap_viz:/SLAM/ros_ws/install/rtabmap_slam:/SLAM/ros_ws/install/rtabmap_odom:/SLAM/ros_ws/install/rtabmap_util:/SLAM/ros_ws/install/rtabmap_sync:/SLAM/ros_ws/install/rtabmap_rviz_plugins:/SLAM/ros_ws/install/rtabmap_python:/SLAM/ros_ws/install/rtabmap_conversions:/SLAM/ros_ws/install/rplidar_ros:/SLAM/ros_ws/install/rf2o_laser_odometry:/SLAM/ros_ws/install/my_robot_controller:/SLAM/ros_ws/install/more_interfaces:/SLAM/ros_ws/install/image_view:/SLAM/ros_ws/install/image_rotate:/SLAM/ros_ws/install/astra_camera:/SLAM/ros_ws/install/image_publisher:/SLAM/ros_ws/install/depth_image_proc:/SLAM/ros_ws/install/cpp_srvcli:/SLAM/ros_ws/install/cpp_pubsub:/SLAM/ros_ws/install/camera_calibration:/SLAM/ros_ws/install/astra_camera_msgs:/opt/ros/humble'), ('REMOTE_CONTAINERS_DISPLAY_SOCK', '/tmp/.X11-unix/X4'), ('SHELL', '/bin/bash'), ('VSCODE_GIT_ASKPASS_EXTRA_ARGS', ''), ('PWD', '/SLAM/ros_ws/build/rf2o_laser_odometry'), ('LC_ALL', 'C.UTF-8'), ('PYTHONPATH', '/SLAM/ros_ws/install/tutourial_intefaces/local/lib/python3.10/dist-packages:/SLAM/ros_ws/build/rtabmap_python:/SLAM/ros_ws/install/rtabmap_python/lib/python3.10/site-packages:/SLAM/ros_ws/install/rtabmap_msgs/local/lib/python3.10/dist-packages:/SLAM/ros_ws/build/my_robot_controller:/SLAM/ros_ws/install/my_robot_controller/lib/python3.10/site-packages:/SLAM/ros_ws/install/more_interfaces/local/lib/python3.10/dist-packages:/SLAM/ros_ws/build/camera_calibration/src:/SLAM/ros_ws/install/camera_calibration/lib/python3.10/site-packages:/SLAM/ros_ws/install/astra_camera_msgs/local/lib/python3.10/dist-packages:/opt/ros/humble/lib/python3.10/site-packages:/opt/ros/humble/local/lib/python3.10/dist-packages'), ('COLCON', '1'), ('CMAKE_PREFIX_PATH', '/SLAM/ros_ws/install/tutourial_intefaces:/SLAM/ros_ws/install/image_pipeline:/SLAM/ros_ws/install/stereo_image_proc:/SLAM/ros_ws/install/image_proc:/SLAM/ros_ws/install/tracetools_image_pipeline:/SLAM/ros_ws/install/sllidar_ros2:/SLAM/ros_ws/install/rtabmap_ros:/SLAM/ros_ws/install/rtabmap_launch:/SLAM/ros_ws/install/rtabmap_examples:/SLAM/ros_ws/install/rtabmap_demos:/SLAM/ros_ws/install/rtabmap_viz:/SLAM/ros_ws/install/rtabmap_slam:/SLAM/ros_ws/install/rtabmap_odom:/SLAM/ros_ws/install/rtabmap_util:/SLAM/ros_ws/install/rtabmap_sync:/SLAM/ros_ws/install/rtabmap_rviz_plugins:/SLAM/ros_ws/install/rtabmap_conversions:/SLAM/ros_ws/install/rtabmap_python:/SLAM/ros_ws/install/my_robot_controller:/SLAM/ros_ws/install/camera_calibration:/opt/ros/humble:/SLAM/ros_ws/install/rtabmap_msgs:/SLAM/ros_ws/install/rtabmap:/SLAM/ros_ws/install/rplidar_ros:/SLAM/ros_ws/install/rf2o_laser_odometry:/SLAM/ros_ws/install/more_interfaces:/SLAM/ros_ws/install/image_view:/SLAM/ros_ws/install/image_rotate:/SLAM/ros_ws/install/astra_camera:/SLAM/ros_ws/install/image_publisher:/SLAM/ros_ws/install/depth_image_proc:/SLAM/ros_ws/install/cpp_srvcli:/SLAM/ros_ws/install/cpp_pubsub:/SLAM/ros_ws/install/astra_camera_msgs')]), 'shell': False}
[0.099652] (-) TimerEvent: {}
[0.120322] (rf2o_laser_odometry) StdoutLine: {'line': b'\x1b[35m\x1b[1mConsolidate compiler generated dependencies of target rf2o_laser_odometry_node\x1b[0m\n'}
[0.140705] (rf2o_laser_odometry) StdoutLine: {'line': b'[ 40%] Built target rf2o_laser_odometry\n'}
[0.156494] (rf2o_laser_odometry) StdoutLine: {'line': b'[ 60%] \x1b[32mBuilding CXX object CMakeFiles/rf2o_laser_odometry_node.dir/src/CLaserOdometry2DNode.cpp.o\x1b[0m\n'}
[0.199763] (-) TimerEvent: {}
[0.300036] (-) TimerEvent: {}
[0.400332] (-) TimerEvent: {}
[0.500613] (-) TimerEvent: {}
[0.601018] (-) TimerEvent: {}
[0.701306] (-) TimerEvent: {}
[0.801646] (-) TimerEvent: {}
[0.901947] (-) TimerEvent: {}
[1.002243] (-) TimerEvent: {}
[1.102547] (-) TimerEvent: {}
[1.202824] (-) TimerEvent: {}
[1.303106] (-) TimerEvent: {}
[1.403381] (-) TimerEvent: {}
[1.503673] (-) TimerEvent: {}
[1.604009] (-) TimerEvent: {}
[1.704283] (-) TimerEvent: {}
[1.804544] (-) TimerEvent: {}
[1.904831] (-) TimerEvent: {}
[2.005251] (-) TimerEvent: {}
[2.105568] (-) TimerEvent: {}
[2.205972] (-) TimerEvent: {}
[2.306329] (-) TimerEvent: {}
[2.406682] (-) TimerEvent: {}
[2.506963] (-) TimerEvent: {}
[2.607248] (-) TimerEvent: {}
[2.707604] (-) TimerEvent: {}
[2.807898] (-) TimerEvent: {}
[2.908189] (-) TimerEvent: {}
[3.008465] (-) TimerEvent: {}
[3.108762] (-) TimerEvent: {}
[3.209086] (-) TimerEvent: {}
[3.309372] (-) TimerEvent: {}
[3.409662] (-) TimerEvent: {}
[3.509945] (-) TimerEvent: {}
[3.610250] (-) TimerEvent: {}
[3.710536] (-) TimerEvent: {}
[3.810808] (-) TimerEvent: {}
[3.911099] (-) TimerEvent: {}
[4.011391] (-) TimerEvent: {}
[4.111703] (-) TimerEvent: {}
[4.212013] (-) TimerEvent: {}
[4.312309] (-) TimerEvent: {}
[4.412606] (-) TimerEvent: {}
[4.512974] (-) TimerEvent: {}
[4.613287] (-) TimerEvent: {}
[4.713618] (-) TimerEvent: {}
[4.813941] (-) TimerEvent: {}
[4.914262] (-) TimerEvent: {}
[5.014617] (-) TimerEvent: {}
[5.114924] (-) TimerEvent: {}
[5.215243] (-) TimerEvent: {}
[5.315530] (-) TimerEvent: {}
[5.415814] (-) TimerEvent: {}
[5.516112] (-) TimerEvent: {}
[5.616421] (-) TimerEvent: {}
[5.716716] (-) TimerEvent: {}
[5.817007] (-) TimerEvent: {}
[5.917302] (-) TimerEvent: {}
[6.017595] (-) TimerEvent: {}
[6.117939] (-) TimerEvent: {}
[6.218337] (-) TimerEvent: {}
[6.318661] (-) TimerEvent: {}
[6.419032] (-) TimerEvent: {}
[6.519354] (-) TimerEvent: {}
[6.619732] (-) TimerEvent: {}
[6.720191] (-) TimerEvent: {}
[6.820623] (-) TimerEvent: {}
[6.921135] (-) TimerEvent: {}
[7.021418] (-) TimerEvent: {}
[7.121706] (-) TimerEvent: {}
[7.221994] (-) TimerEvent: {}
[7.322311] (-) TimerEvent: {}
[7.422584] (-) TimerEvent: {}
[7.522872] (-) TimerEvent: {}
[7.623164] (-) TimerEvent: {}
[7.723473] (-) TimerEvent: {}
[7.823770] (-) TimerEvent: {}
[7.924048] (-) TimerEvent: {}
[8.024337] (-) TimerEvent: {}
[8.124617] (-) TimerEvent: {}
[8.224902] (-) TimerEvent: {}
[8.325197] (-) TimerEvent: {}
[8.425475] (-) TimerEvent: {}
[8.525753] (-) TimerEvent: {}
[8.626033] (-) TimerEvent: {}
[8.726303] (-) TimerEvent: {}
[8.826587] (-) TimerEvent: {}
[8.926884] (-) TimerEvent: {}
[9.027206] (-) TimerEvent: {}
[9.127546] (-) TimerEvent: {}
[9.227815] (-) TimerEvent: {}
[9.328081] (-) TimerEvent: {}
[9.428356] (-) TimerEvent: {}
[9.528655] (-) TimerEvent: {}
[9.628991] (-) TimerEvent: {}
[9.729312] (-) TimerEvent: {}
[9.829695] (-) TimerEvent: {}
[9.930051] (-) TimerEvent: {}
[10.030371] (-) TimerEvent: {}
[10.130664] (-) TimerEvent: {}
[10.230984] (-) TimerEvent: {}
[10.331265] (-) TimerEvent: {}
[10.431533] (-) TimerEvent: {}
[10.531831] (-) TimerEvent: {}
[10.632111] (-) TimerEvent: {}
[10.732406] (-) TimerEvent: {}
[10.832700] (-) TimerEvent: {}
[10.932998] (-) TimerEvent: {}
[11.033279] (-) TimerEvent: {}
[11.133589] (-) TimerEvent: {}
[11.170022] (rf2o_laser_odometry) StdoutLine: {'line': b'[ 80%] \x1b[32m\x1b[1mLinking CXX executable rf2o_laser_odometry_node\x1b[0m\n'}
[11.233696] (-) TimerEvent: {}
[11.333999] (-) TimerEvent: {}
[11.434327] (-) TimerEvent: {}
[11.534607] (-) TimerEvent: {}
[11.634888] (-) TimerEvent: {}
[11.735319] (-) TimerEvent: {}
[11.835595] (-) TimerEvent: {}
[11.935886] (-) TimerEvent: {}
[12.036217] (-) TimerEvent: {}
[12.136502] (-) TimerEvent: {}
[12.236774] (-) TimerEvent: {}
[12.275601] (rf2o_laser_odometry) StdoutLine: {'line': b'[100%] Built target rf2o_laser_odometry_node\n'}
[12.289061] (rf2o_laser_odometry) CommandEnded: {'returncode': 0}
[12.336867] (-) TimerEvent: {}
[12.337467] (rf2o_laser_odometry) JobProgress: {'identifier': 'rf2o_laser_odometry', 'progress': 'install'}
[12.349621] (rf2o_laser_odometry) Command: {'cmd': ['/usr/bin/cmake', '--install', '/SLAM/ros_ws/build/rf2o_laser_odometry'], 'cwd': '/SLAM/ros_ws/build/rf2o_laser_odometry', 'env': OrderedDict([('HOSTNAME', 'acer'), ('ROS_PACKAGE_PATH', '/SLAM/ros_ws/install/rtabmap_msgs/share'), ('GIT_ASKPASS', '/home/ros/.vscode-server/bin/0ee08df0cf4527e40edc9aa28f4b5bd38bbff2b2/extensions/git/dist/askpass.sh'), ('SHLVL', '2'), ('LD_LIBRARY_PATH', '/SLAM/ros_ws/install/tutourial_intefaces/lib:/SLAM/ros_ws/install/stereo_image_proc/lib:/SLAM/ros_ws/install/image_proc/lib:/SLAM/ros_ws/install/tracetools_image_pipeline/lib:/SLAM/ros_ws/install/rtabmap_slam/lib:/SLAM/ros_ws/install/rtabmap_odom/lib:/SLAM/ros_ws/install/rtabmap_util/lib:/SLAM/ros_ws/install/rtabmap_sync/lib:/SLAM/ros_ws/install/rtabmap_rviz_plugins/lib:/SLAM/ros_ws/install/rtabmap_conversions/lib:/SLAM/ros_ws/install/rtabmap_msgs/lib:/SLAM/ros_ws/install/rtabmap/lib:/SLAM/ros_ws/install/more_interfaces/lib:/SLAM/ros_ws/install/image_view/lib:/SLAM/ros_ws/install/image_rotate/lib:/SLAM/ros_ws/install/astra_camera/lib:/SLAM/ros_ws/install/image_publisher/lib:/SLAM/ros_ws/install/depth_image_proc/lib:/SLAM/ros_ws/install/astra_camera_msgs/lib:/usr/lib/x86_64-linux-gnu/gazebo-11/plugins:/opt/ros/humble/opt/rviz_ogre_vendor/lib:/opt/ros/humble/lib/x86_64-linux-gnu:/opt/ros/humble/lib'), ('BROWSER', '/home/ros/.vscode-server/bin/0ee08df0cf4527e40edc9aa28f4b5bd38bbff2b2/bin/helpers/browser.sh'), ('HOME', '/home/ros'), ('OLDPWD', '/SLAM/ros_ws/src'), ('TERM_PROGRAM_VERSION', '1.85.1'), ('VSCODE_IPC_HOOK_CLI', '/tmp/vscode-ipc-d40ccf79-16d6-4698-9bb1-522eaa1a6ef2.sock'), ('ROS_PYTHON_VERSION', '3'), ('VSCODE_GIT_ASKPASS_MAIN', '/home/ros/.vscode-server/bin/0ee08df0cf4527e40edc9aa28f4b5bd38bbff2b2/extensions/git/dist/askpass-main.js'), ('VSCODE_GIT_ASKPASS_NODE', '/home/ros/.vscode-server/bin/0ee08df0cf4527e40edc9aa28f4b5bd38bbff2b2/node'), ('COLORTERM', 'truecolor'), ('REMOTE_CONTAINERS', 'true'), ('COLCON_PREFIX_PATH', '/SLAM/ros_ws/install'), ('ROS_DISTRO', 'humble'), ('REMOTE_CONTAINERS_IPC', '/tmp/vscode-remote-containers-ipc-c5f39382-1fbd-43bd-bb04-ff07af3c26f3.sock'), ('_', '/usr/bin/colcon'), ('ROS_VERSION', '2'), ('PKG_CONFIG_PATH', '/SLAM/ros_ws/install/rtabmap_msgs/lib/x86_64-linux-gnu/pkgconfig:/SLAM/ros_ws/install/rtabmap_msgs/lib/pkgconfig:/SLAM/ros_ws/install/rtabmap/lib/x86_64-linux-gnu/pkgconfig:/SLAM/ros_ws/install/rtabmap/lib/pkgconfig'), ('TERM', 'xterm-256color'), ('ROS_LOCALHOST_ONLY', '0'), ('PATH', '/SLAM/ros_ws/install/image_proc/bin:/SLAM/ros_ws/install/rtabmap/bin:/home/ros/.vscode-server/bin/0ee08df0cf4527e40edc9aa28f4b5bd38bbff2b2/bin/remote-cli:/opt/ros/humble/bin:/usr/local/sbin:/usr/local/bin:/usr/sbin:/usr/bin:/sbin:/bin'), ('REMOTE_CONTAINERS_SOCKETS', '["/tmp/vscode-ssh-auth-c5f39382-1fbd-43bd-bb04-ff07af3c26f3.sock","/tmp/.X11-unix/X4","/home/ros/.gnupg/S.gpg-agent"]'), ('DISPLAY', ':1'), ('LANG', 'C.UTF-8'), ('VSCODE_GIT_IPC_HANDLE', '/tmp/vscode-git-f5e5d8950f.sock'), ('TERM_PROGRAM', 'vscode'), ('SSH_AUTH_SOCK', '/tmp/vscode-ssh-auth-c5f39382-1fbd-43bd-bb04-ff07af3c26f3.sock'), ('AMENT_PREFIX_PATH', '/SLAM/ros_ws/install/tutourial_intefaces:/SLAM/ros_ws/install/image_pipeline:/SLAM/ros_ws/install/stereo_image_proc:/SLAM/ros_ws/install/image_proc:/SLAM/ros_ws/install/tracetools_image_pipeline:/SLAM/ros_ws/install/sllidar_ros2:/SLAM/ros_ws/install/rtabmap_ros:/SLAM/ros_ws/install/rtabmap_launch:/SLAM/ros_ws/install/rtabmap_examples:/SLAM/ros_ws/install/rtabmap_demos:/SLAM/ros_ws/install/rtabmap_viz:/SLAM/ros_ws/install/rtabmap_slam:/SLAM/ros_ws/install/rtabmap_odom:/SLAM/ros_ws/install/rtabmap_util:/SLAM/ros_ws/install/rtabmap_sync:/SLAM/ros_ws/install/rtabmap_rviz_plugins:/SLAM/ros_ws/install/rtabmap_python:/SLAM/ros_ws/install/rtabmap_conversions:/SLAM/ros_ws/install/rplidar_ros:/SLAM/ros_ws/install/rf2o_laser_odometry:/SLAM/ros_ws/install/my_robot_controller:/SLAM/ros_ws/install/more_interfaces:/SLAM/ros_ws/install/image_view:/SLAM/ros_ws/install/image_rotate:/SLAM/ros_ws/install/astra_camera:/SLAM/ros_ws/install/image_publisher:/SLAM/ros_ws/install/depth_image_proc:/SLAM/ros_ws/install/cpp_srvcli:/SLAM/ros_ws/install/cpp_pubsub:/SLAM/ros_ws/install/camera_calibration:/SLAM/ros_ws/install/astra_camera_msgs:/opt/ros/humble'), ('REMOTE_CONTAINERS_DISPLAY_SOCK', '/tmp/.X11-unix/X4'), ('SHELL', '/bin/bash'), ('VSCODE_GIT_ASKPASS_EXTRA_ARGS', ''), ('PWD', '/SLAM/ros_ws/build/rf2o_laser_odometry'), ('LC_ALL', 'C.UTF-8'), ('PYTHONPATH', '/SLAM/ros_ws/install/tutourial_intefaces/local/lib/python3.10/dist-packages:/SLAM/ros_ws/build/rtabmap_python:/SLAM/ros_ws/install/rtabmap_python/lib/python3.10/site-packages:/SLAM/ros_ws/install/rtabmap_msgs/local/lib/python3.10/dist-packages:/SLAM/ros_ws/build/my_robot_controller:/SLAM/ros_ws/install/my_robot_controller/lib/python3.10/site-packages:/SLAM/ros_ws/install/more_interfaces/local/lib/python3.10/dist-packages:/SLAM/ros_ws/build/camera_calibration/src:/SLAM/ros_ws/install/camera_calibration/lib/python3.10/site-packages:/SLAM/ros_ws/install/astra_camera_msgs/local/lib/python3.10/dist-packages:/opt/ros/humble/lib/python3.10/site-packages:/opt/ros/humble/local/lib/python3.10/dist-packages'), ('COLCON', '1'), ('CMAKE_PREFIX_PATH', '/SLAM/ros_ws/install/tutourial_intefaces:/SLAM/ros_ws/install/image_pipeline:/SLAM/ros_ws/install/stereo_image_proc:/SLAM/ros_ws/install/image_proc:/SLAM/ros_ws/install/tracetools_image_pipeline:/SLAM/ros_ws/install/sllidar_ros2:/SLAM/ros_ws/install/rtabmap_ros:/SLAM/ros_ws/install/rtabmap_launch:/SLAM/ros_ws/install/rtabmap_examples:/SLAM/ros_ws/install/rtabmap_demos:/SLAM/ros_ws/install/rtabmap_viz:/SLAM/ros_ws/install/rtabmap_slam:/SLAM/ros_ws/install/rtabmap_odom:/SLAM/ros_ws/install/rtabmap_util:/SLAM/ros_ws/install/rtabmap_sync:/SLAM/ros_ws/install/rtabmap_rviz_plugins:/SLAM/ros_ws/install/rtabmap_conversions:/SLAM/ros_ws/install/rtabmap_python:/SLAM/ros_ws/install/my_robot_controller:/SLAM/ros_ws/install/camera_calibration:/opt/ros/humble:/SLAM/ros_ws/install/rtabmap_msgs:/SLAM/ros_ws/install/rtabmap:/SLAM/ros_ws/install/rplidar_ros:/SLAM/ros_ws/install/rf2o_laser_odometry:/SLAM/ros_ws/install/more_interfaces:/SLAM/ros_ws/install/image_view:/SLAM/ros_ws/install/image_rotate:/SLAM/ros_ws/install/astra_camera:/SLAM/ros_ws/install/image_publisher:/SLAM/ros_ws/install/depth_image_proc:/SLAM/ros_ws/install/cpp_srvcli:/SLAM/ros_ws/install/cpp_pubsub:/SLAM/ros_ws/install/astra_camera_msgs')]), 'shell': False}
[12.360700] (rf2o_laser_odometry) StdoutLine: {'line': b'-- Install configuration: ""\n'}
[12.361115] (rf2o_laser_odometry) StdoutLine: {'line': b'-- Execute custom install script\n'}
[12.361246] (rf2o_laser_odometry) StdoutLine: {'line': b'-- Up-to-date symlink: /SLAM/ros_ws/install/rf2o_laser_odometry/lib/rf2o_laser_odometry/rf2o_laser_odometry_node\n'}
[12.361494] (rf2o_laser_odometry) StdoutLine: {'line': b'-- Up-to-date symlink: /SLAM/ros_ws/install/rf2o_laser_odometry/share/rf2o_laser_odometry/launch/rf2o_laser_odometry.launch.py\n'}
[12.361642] (rf2o_laser_odometry) StdoutLine: {'line': b'-- Up-to-date symlink: /SLAM/ros_ws/install/rf2o_laser_odometry/share/ament_index/resource_index/package_run_dependencies/rf2o_laser_odometry\n'}
[12.361794] (rf2o_laser_odometry) StdoutLine: {'line': b'-- Up-to-date symlink: /SLAM/ros_ws/install/rf2o_laser_odometry/share/ament_index/resource_index/parent_prefix_path/rf2o_laser_odometry\n'}
[12.361943] (rf2o_laser_odometry) StdoutLine: {'line': b'-- Up-to-date symlink: /SLAM/ros_ws/install/rf2o_laser_odometry/share/rf2o_laser_odometry/environment/ament_prefix_path.sh\n'}
[12.362047] (rf2o_laser_odometry) StdoutLine: {'line': b'-- Up-to-date symlink: /SLAM/ros_ws/install/rf2o_laser_odometry/share/rf2o_laser_odometry/environment/ament_prefix_path.dsv\n'}
[12.362187] (rf2o_laser_odometry) StdoutLine: {'line': b'-- Up-to-date symlink: /SLAM/ros_ws/install/rf2o_laser_odometry/share/rf2o_laser_odometry/environment/path.sh\n'}
[12.362300] (rf2o_laser_odometry) StdoutLine: {'line': b'-- Up-to-date symlink: /SLAM/ros_ws/install/rf2o_laser_odometry/share/rf2o_laser_odometry/environment/path.dsv\n'}
[12.362414] (rf2o_laser_odometry) StdoutLine: {'line': b'-- Up-to-date symlink: /SLAM/ros_ws/install/rf2o_laser_odometry/share/rf2o_laser_odometry/local_setup.bash\n'}
[12.362526] (rf2o_laser_odometry) StdoutLine: {'line': b'-- Up-to-date symlink: /SLAM/ros_ws/install/rf2o_laser_odometry/share/rf2o_laser_odometry/local_setup.sh\n'}
[12.362636] (rf2o_laser_odometry) StdoutLine: {'line': b'-- Up-to-date symlink: /SLAM/ros_ws/install/rf2o_laser_odometry/share/rf2o_laser_odometry/local_setup.zsh\n'}
[12.362763] (rf2o_laser_odometry) StdoutLine: {'line': b'-- Up-to-date symlink: /SLAM/ros_ws/install/rf2o_laser_odometry/share/rf2o_laser_odometry/local_setup.dsv\n'}
[12.362903] (rf2o_laser_odometry) StdoutLine: {'line': b'-- Symlinking: /SLAM/ros_ws/install/rf2o_laser_odometry/share/rf2o_laser_odometry/package.dsv\n'}
[12.375993] (rf2o_laser_odometry) StdoutLine: {'line': b'-- Up-to-date symlink: /SLAM/ros_ws/install/rf2o_laser_odometry/share/ament_index/resource_index/packages/rf2o_laser_odometry\n'}
[12.376189] (rf2o_laser_odometry) StdoutLine: {'line': b'-- Up-to-date symlink: /SLAM/ros_ws/install/rf2o_laser_odometry/share/rf2o_laser_odometry/cmake/rf2o_laser_odometryConfig.cmake\n'}
[12.376320] (rf2o_laser_odometry) StdoutLine: {'line': b'-- Up-to-date symlink: /SLAM/ros_ws/install/rf2o_laser_odometry/share/rf2o_laser_odometry/cmake/rf2o_laser_odometryConfig-version.cmake\n'}
[12.376407] (rf2o_laser_odometry) StdoutLine: {'line': b'-- Up-to-date symlink: /SLAM/ros_ws/install/rf2o_laser_odometry/share/rf2o_laser_odometry/package.xml\n'}
[12.378257] (rf2o_laser_odometry) CommandEnded: {'returncode': 0}
[12.436994] (-) TimerEvent: {}
[12.524465] (rf2o_laser_odometry) JobEnded: {'identifier': 'rf2o_laser_odometry', 'rc': 0}
[12.525024] (-) EventReactorShutdown: {}
