[0.000000] (-) TimerEvent: {}
[0.000202] (-) JobUnselected: {'identifier': 'astra_camera'}
[0.000241] (-) JobUnselected: {'identifier': 'astra_camera_msgs'}
[0.000283] (sllidar_ros2) JobQueued: {'identifier': 'sllidar_ros2', 'dependencies': OrderedDict()}
[0.000350] (sllidar_ros2) JobStarted: {'identifier': 'sllidar_ros2'}
[0.052427] (sllidar_ros2) JobProgress: {'identifier': 'sllidar_ros2', 'progress': 'cmake'}
[0.053029] (sllidar_ros2) JobProgress: {'identifier': 'sllidar_ros2', 'progress': 'build'}
[0.053620] (sllidar_ros2) Command: {'cmd': ['/usr/bin/cmake', '--build', '/SLAM/ros_ws/build/sllidar_ros2', '--', '-j16', '-l16'], 'cwd': '/SLAM/ros_ws/build/sllidar_ros2', 'env': OrderedDict([('HOSTNAME', 'acer'), ('GIT_ASKPASS', '/home/ros/.vscode-server/bin/0ee08df0cf4527e40edc9aa28f4b5bd38bbff2b2/extensions/git/dist/askpass.sh'), ('SHLVL', '2'), ('LD_LIBRARY_PATH', '/SLAM/ros_ws/install/orbbec_camera/lib:/SLAM/ros_ws/install/orbbec_camera_msgs/lib:/SLAM/ros_ws/install/libuvc/lib:/SLAM/ros_ws/install/glog/lib:/SLAM/ros_ws/install/astra_camera/lib:/SLAM/ros_ws/install/astra_camera_msgs/lib:/opt/ros/humble/opt/rviz_ogre_vendor/lib:/opt/ros/humble/lib/x86_64-linux-gnu:/opt/ros/humble/lib'), ('BROWSER', '/home/ros/.vscode-server/bin/0ee08df0cf4527e40edc9aa28f4b5bd38bbff2b2/bin/helpers/browser.sh'), ('HOME', '/home/ros'), ('OLDPWD', '/SLAM'), ('TERM_PROGRAM_VERSION', '1.85.1'), ('VSCODE_IPC_HOOK_CLI', '/tmp/vscode-ipc-b7726fe3-f37c-447c-a611-e1ae35a23584.sock'), ('ROS_PYTHON_VERSION', '3'), ('VSCODE_GIT_ASKPASS_MAIN', '/home/ros/.vscode-server/bin/0ee08df0cf4527e40edc9aa28f4b5bd38bbff2b2/extensions/git/dist/askpass-main.js'), ('VSCODE_GIT_ASKPASS_NODE', '/home/ros/.vscode-server/bin/0ee08df0cf4527e40edc9aa28f4b5bd38bbff2b2/node'), ('COLORTERM', 'truecolor'), ('REMOTE_CONTAINERS', 'true'), ('COLCON_PREFIX_PATH', '/SLAM/ros_ws/install'), ('ROS_DISTRO', 'humble'), ('REMOTE_CONTAINERS_IPC', '/tmp/vscode-remote-containers-ipc-9412e913-db53-416a-8d3d-f7f55bf78b13.sock'), ('_', '/usr/bin/colcon'), ('ROS_VERSION', '2'), ('PKG_CONFIG_PATH', '/SLAM/ros_ws/install/magic_enum/lib/x86_64-linux-gnu/pkgconfig:/SLAM/ros_ws/install/magic_enum/lib/pkgconfig:/SLAM/ros_ws/install/libuvc/lib/pkgconfig'), ('TERM', 'xterm-256color'), ('ROS_LOCALHOST_ONLY', '0'), ('PATH', '/home/ros/.vscode-server/bin/0ee08df0cf4527e40edc9aa28f4b5bd38bbff2b2/bin/remote-cli:/opt/ros/humble/bin:/usr/local/sbin:/usr/local/bin:/usr/sbin:/usr/bin:/sbin:/bin'), ('REMOTE_CONTAINERS_SOCKETS', '["/tmp/vscode-ssh-auth-9412e913-db53-416a-8d3d-f7f55bf78b13.sock","/tmp/.X11-unix/X12","/home/ros/.gnupg/S.gpg-agent"]'), ('DISPLAY', ':1'), ('LANG', 'C.UTF-8'), ('VSCODE_GIT_IPC_HANDLE', '/tmp/vscode-git-b0d69a0cdc.sock'), ('TERM_PROGRAM', 'vscode'), ('SSH_AUTH_SOCK', '/tmp/vscode-ssh-auth-9412e913-db53-416a-8d3d-f7f55bf78b13.sock'), ('AMENT_PREFIX_PATH', '/SLAM/ros_ws/install/sllidar_ros2:/SLAM/ros_ws/install/orbbec_description:/SLAM/ros_ws/install/orbbec_camera:/SLAM/ros_ws/install/orbbec_camera_msgs:/SLAM/ros_ws/install/astra_camera_msgs:/opt/ros/humble'), ('REMOTE_CONTAINERS_DISPLAY_SOCK', '/tmp/.X11-unix/X12'), ('SHELL', '/bin/bash'), ('CMAKE_MODULE_PATH', '/SLAM/ros_ws/install/libuvc/lib/cmake/libuvc:/SLAM/ros_ws/install/glog/share/glog/cmake'), ('VSCODE_GIT_ASKPASS_EXTRA_ARGS', ''), ('PWD', '/SLAM/ros_ws/build/sllidar_ros2'), ('LC_ALL', 'C.UTF-8'), ('PYTHONPATH', '/SLAM/ros_ws/install/orbbec_camera_msgs/local/lib/python3.10/dist-packages:/SLAM/ros_ws/install/astra_camera_msgs/local/lib/python3.10/dist-packages:/opt/ros/humble/lib/python3.10/site-packages:/opt/ros/humble/local/lib/python3.10/dist-packages'), ('COLCON', '1'), ('CMAKE_PREFIX_PATH', '/SLAM/ros_ws/install/sllidar_ros2:/SLAM/ros_ws/install/orbbec_description:/SLAM/ros_ws/install/orbbec_camera:/SLAM/ros_ws/install/orbbec_camera_msgs:/SLAM/ros_ws/install/magic_enum:/SLAM/ros_ws/install/libuvc:/SLAM/ros_ws/install/glog:/SLAM/ros_ws/install/astra_camera:/SLAM/ros_ws/install/astra_camera_msgs:/opt/ros/humble')]), 'shell': False}
[0.099397] (-) TimerEvent: {}
[0.101723] (sllidar_ros2) StdoutLine: {'line': b'\x1b[35m\x1b[1mConsolidate compiler generated dependencies of target sllidar_node\x1b[0m\n'}
[0.117147] (sllidar_ros2) StdoutLine: {'line': b'[ 10%] Built target sllidar_client\n'}
[0.143573] (sllidar_ros2) StdoutLine: {'line': b'[ 15%] \x1b[32mBuilding CXX object CMakeFiles/sllidar_node.dir/src/sllidar_node.cpp.o\x1b[0m\n'}
[0.199493] (-) TimerEvent: {}
[0.299778] (-) TimerEvent: {}
[0.400078] (-) TimerEvent: {}
[0.500386] (-) TimerEvent: {}
[0.600761] (-) TimerEvent: {}
[0.701073] (-) TimerEvent: {}
[0.801351] (-) TimerEvent: {}
[0.901653] (-) TimerEvent: {}
[1.001934] (-) TimerEvent: {}
[1.102207] (-) TimerEvent: {}
[1.202488] (-) TimerEvent: {}
[1.302741] (-) TimerEvent: {}
[1.403263] (-) TimerEvent: {}
[1.503551] (-) TimerEvent: {}
[1.603837] (-) TimerEvent: {}
[1.704109] (-) TimerEvent: {}
[1.804423] (-) TimerEvent: {}
[1.904691] (-) TimerEvent: {}
[2.001366] (sllidar_ros2) StderrLine: {'line': b'In file included from \x1b[01m\x1b[K/SLAM/ros_ws/src/sllidar_ros2/./sdk/include/sl_lidar_cmd.h:41\x1b[m\x1b[K,\n'}
[2.001562] (sllidar_ros2) StderrLine: {'line': b'                 from \x1b[01m\x1b[K/SLAM/ros_ws/src/sllidar_ros2/./sdk/include/sl_lidar_driver.h:54\x1b[m\x1b[K,\n'}
[2.001636] (sllidar_ros2) StderrLine: {'line': b'                 from \x1b[01m\x1b[K/SLAM/ros_ws/src/sllidar_ros2/./sdk/include/sl_lidar.h:36\x1b[m\x1b[K,\n'}
[2.001814] (sllidar_ros2) StderrLine: {'line': b'                 from \x1b[01m\x1b[K/SLAM/ros_ws/src/sllidar_ros2/src/sllidar_node.cpp:38\x1b[m\x1b[K:\n'}
[2.001897] (sllidar_ros2) StderrLine: {'line': b'\x1b[01m\x1b[K/SLAM/ros_ws/src/sllidar_ros2/./sdk/include/sl_lidar_protocol.h:66:16:\x1b[m\x1b[K \x1b[01;35m\x1b[Kwarning: \x1b[m\x1b[KISO C++ forbids zero-size array \xe2\x80\x98\x1b[01m\x1b[Kdata\x1b[m\x1b[K\xe2\x80\x99 [\x1b[01;35m\x1b[K\x1b]8;;https://gcc.gnu.org/onlinedocs/gcc/Warning-Options.html#index-Wpedantic\x07-Wpedantic\x1b]8;;\x07\x1b[m\x1b[K]\n'}
[2.001973] (sllidar_ros2) StderrLine: {'line': b'   66 |     sl_u8 data[\x1b[01;35m\x1b[K0\x1b[m\x1b[K];\n'}
[2.002038] (sllidar_ros2) StderrLine: {'line': b'      |                \x1b[01;35m\x1b[K^\x1b[m\x1b[K\n'}
[2.002099] (sllidar_ros2) StderrLine: {'line': b'In file included from \x1b[01m\x1b[K/SLAM/ros_ws/src/sllidar_ros2/./sdk/include/sl_lidar_driver.h:54\x1b[m\x1b[K,\n'}
[2.002160] (sllidar_ros2) StderrLine: {'line': b'                 from \x1b[01m\x1b[K/SLAM/ros_ws/src/sllidar_ros2/./sdk/include/sl_lidar.h:36\x1b[m\x1b[K,\n'}
[2.002220] (sllidar_ros2) StderrLine: {'line': b'                 from \x1b[01m\x1b[K/SLAM/ros_ws/src/sllidar_ros2/src/sllidar_node.cpp:38\x1b[m\x1b[K:\n'}
[2.002279] (sllidar_ros2) StderrLine: {'line': b'\x1b[01m\x1b[K/SLAM/ros_ws/src/sllidar_ros2/./sdk/include/sl_lidar_cmd.h:324:20:\x1b[m\x1b[K \x1b[01;35m\x1b[Kwarning: \x1b[m\x1b[KISO C++ forbids zero-size array \xe2\x80\x98\x1b[01m\x1b[Kpayload\x1b[m\x1b[K\xe2\x80\x99 [\x1b[01;35m\x1b[K\x1b]8;;https://gcc.gnu.org/onlinedocs/gcc/Warning-Options.html#index-Wpedantic\x07-Wpedantic\x1b]8;;\x07\x1b[m\x1b[K]\n'}
[2.002340] (sllidar_ros2) StderrLine: {'line': b'  324 |     sl_u8  payload[\x1b[01;35m\x1b[K0\x1b[m\x1b[K];\n'}
[2.002396] (sllidar_ros2) StderrLine: {'line': b'      |                    \x1b[01;35m\x1b[K^\x1b[m\x1b[K\n'}
[2.004764] (-) TimerEvent: {}
[2.104977] (-) TimerEvent: {}
[2.205252] (-) TimerEvent: {}
[2.305528] (-) TimerEvent: {}
[2.405839] (-) TimerEvent: {}
[2.506126] (-) TimerEvent: {}
[2.606399] (-) TimerEvent: {}
[2.706665] (-) TimerEvent: {}
[2.806940] (-) TimerEvent: {}
[2.907219] (-) TimerEvent: {}
[3.007487] (-) TimerEvent: {}
[3.107761] (-) TimerEvent: {}
[3.208035] (-) TimerEvent: {}
[3.308917] (-) TimerEvent: {}
[3.409333] (-) TimerEvent: {}
[3.509596] (-) TimerEvent: {}
[3.609875] (-) TimerEvent: {}
[3.710134] (-) TimerEvent: {}
[3.810830] (-) TimerEvent: {}
[3.911251] (-) TimerEvent: {}
[4.011520] (-) TimerEvent: {}
[4.033712] (sllidar_ros2) StdoutLine: {'line': b'[ 20%] \x1b[32m\x1b[1mLinking CXX executable sllidar_node\x1b[0m\n'}
[4.111628] (-) TimerEvent: {}
[4.211942] (-) TimerEvent: {}
[4.260625] (sllidar_ros2) StdoutLine: {'line': b'[100%] Built target sllidar_node\n'}
[4.273659] (sllidar_ros2) CommandEnded: {'returncode': 0}
[4.312029] (-) TimerEvent: {}
[4.361076] (sllidar_ros2) JobProgress: {'identifier': 'sllidar_ros2', 'progress': 'install'}
[4.370578] (sllidar_ros2) Command: {'cmd': ['/usr/bin/cmake', '--install', '/SLAM/ros_ws/build/sllidar_ros2'], 'cwd': '/SLAM/ros_ws/build/sllidar_ros2', 'env': OrderedDict([('HOSTNAME', 'acer'), ('GIT_ASKPASS', '/home/ros/.vscode-server/bin/0ee08df0cf4527e40edc9aa28f4b5bd38bbff2b2/extensions/git/dist/askpass.sh'), ('SHLVL', '2'), ('LD_LIBRARY_PATH', '/SLAM/ros_ws/install/orbbec_camera/lib:/SLAM/ros_ws/install/orbbec_camera_msgs/lib:/SLAM/ros_ws/install/libuvc/lib:/SLAM/ros_ws/install/glog/lib:/SLAM/ros_ws/install/astra_camera/lib:/SLAM/ros_ws/install/astra_camera_msgs/lib:/opt/ros/humble/opt/rviz_ogre_vendor/lib:/opt/ros/humble/lib/x86_64-linux-gnu:/opt/ros/humble/lib'), ('BROWSER', '/home/ros/.vscode-server/bin/0ee08df0cf4527e40edc9aa28f4b5bd38bbff2b2/bin/helpers/browser.sh'), ('HOME', '/home/ros'), ('OLDPWD', '/SLAM'), ('TERM_PROGRAM_VERSION', '1.85.1'), ('VSCODE_IPC_HOOK_CLI', '/tmp/vscode-ipc-b7726fe3-f37c-447c-a611-e1ae35a23584.sock'), ('ROS_PYTHON_VERSION', '3'), ('VSCODE_GIT_ASKPASS_MAIN', '/home/ros/.vscode-server/bin/0ee08df0cf4527e40edc9aa28f4b5bd38bbff2b2/extensions/git/dist/askpass-main.js'), ('VSCODE_GIT_ASKPASS_NODE', '/home/ros/.vscode-server/bin/0ee08df0cf4527e40edc9aa28f4b5bd38bbff2b2/node'), ('COLORTERM', 'truecolor'), ('REMOTE_CONTAINERS', 'true'), ('COLCON_PREFIX_PATH', '/SLAM/ros_ws/install'), ('ROS_DISTRO', 'humble'), ('REMOTE_CONTAINERS_IPC', '/tmp/vscode-remote-containers-ipc-9412e913-db53-416a-8d3d-f7f55bf78b13.sock'), ('_', '/usr/bin/colcon'), ('ROS_VERSION', '2'), ('PKG_CONFIG_PATH', '/SLAM/ros_ws/install/magic_enum/lib/x86_64-linux-gnu/pkgconfig:/SLAM/ros_ws/install/magic_enum/lib/pkgconfig:/SLAM/ros_ws/install/libuvc/lib/pkgconfig'), ('TERM', 'xterm-256color'), ('ROS_LOCALHOST_ONLY', '0'), ('PATH', '/home/ros/.vscode-server/bin/0ee08df0cf4527e40edc9aa28f4b5bd38bbff2b2/bin/remote-cli:/opt/ros/humble/bin:/usr/local/sbin:/usr/local/bin:/usr/sbin:/usr/bin:/sbin:/bin'), ('REMOTE_CONTAINERS_SOCKETS', '["/tmp/vscode-ssh-auth-9412e913-db53-416a-8d3d-f7f55bf78b13.sock","/tmp/.X11-unix/X12","/home/ros/.gnupg/S.gpg-agent"]'), ('DISPLAY', ':1'), ('LANG', 'C.UTF-8'), ('VSCODE_GIT_IPC_HANDLE', '/tmp/vscode-git-b0d69a0cdc.sock'), ('TERM_PROGRAM', 'vscode'), ('SSH_AUTH_SOCK', '/tmp/vscode-ssh-auth-9412e913-db53-416a-8d3d-f7f55bf78b13.sock'), ('AMENT_PREFIX_PATH', '/SLAM/ros_ws/install/sllidar_ros2:/SLAM/ros_ws/install/orbbec_description:/SLAM/ros_ws/install/orbbec_camera:/SLAM/ros_ws/install/orbbec_camera_msgs:/SLAM/ros_ws/install/astra_camera_msgs:/opt/ros/humble'), ('REMOTE_CONTAINERS_DISPLAY_SOCK', '/tmp/.X11-unix/X12'), ('SHELL', '/bin/bash'), ('CMAKE_MODULE_PATH', '/SLAM/ros_ws/install/libuvc/lib/cmake/libuvc:/SLAM/ros_ws/install/glog/share/glog/cmake'), ('VSCODE_GIT_ASKPASS_EXTRA_ARGS', ''), ('PWD', '/SLAM/ros_ws/build/sllidar_ros2'), ('LC_ALL', 'C.UTF-8'), ('PYTHONPATH', '/SLAM/ros_ws/install/orbbec_camera_msgs/local/lib/python3.10/dist-packages:/SLAM/ros_ws/install/astra_camera_msgs/local/lib/python3.10/dist-packages:/opt/ros/humble/lib/python3.10/site-packages:/opt/ros/humble/local/lib/python3.10/dist-packages'), ('COLCON', '1'), ('CMAKE_PREFIX_PATH', '/SLAM/ros_ws/install/sllidar_ros2:/SLAM/ros_ws/install/orbbec_description:/SLAM/ros_ws/install/orbbec_camera:/SLAM/ros_ws/install/orbbec_camera_msgs:/SLAM/ros_ws/install/magic_enum:/SLAM/ros_ws/install/libuvc:/SLAM/ros_ws/install/glog:/SLAM/ros_ws/install/astra_camera:/SLAM/ros_ws/install/astra_camera_msgs:/opt/ros/humble')]), 'shell': False}
[4.378167] (sllidar_ros2) StdoutLine: {'line': b'-- Install configuration: ""\n'}
[4.378560] (sllidar_ros2) StdoutLine: {'line': b'-- Execute custom install script\n'}
[4.379087] (sllidar_ros2) StdoutLine: {'line': b'-- Up-to-date symlink: /SLAM/ros_ws/install/sllidar_ros2/share/sllidar_ros2/launch/sllidar_a1_launch.py\n'}
[4.379212] (sllidar_ros2) StdoutLine: {'line': b'-- Up-to-date symlink: /SLAM/ros_ws/install/sllidar_ros2/share/sllidar_ros2/launch/sllidar_a2m12_launch .py\n'}
[4.379304] (sllidar_ros2) StdoutLine: {'line': b'-- Up-to-date symlink: /SLAM/ros_ws/install/sllidar_ros2/share/sllidar_ros2/launch/sllidar_a2m7_launch.py\n'}
[4.379379] (sllidar_ros2) StdoutLine: {'line': b'-- Up-to-date symlink: /SLAM/ros_ws/install/sllidar_ros2/share/sllidar_ros2/launch/sllidar_a2m8_launch.py\n'}
[4.379473] (sllidar_ros2) StdoutLine: {'line': b'-- Up-to-date symlink: /SLAM/ros_ws/install/sllidar_ros2/share/sllidar_ros2/launch/sllidar_a3_launch.py\n'}
[4.379561] (sllidar_ros2) StdoutLine: {'line': b'-- Up-to-date symlink: /SLAM/ros_ws/install/sllidar_ros2/share/sllidar_ros2/launch/sllidar_c1_launch.py\n'}
[4.379649] (sllidar_ros2) StdoutLine: {'line': b'-- Up-to-date symlink: /SLAM/ros_ws/install/sllidar_ros2/share/sllidar_ros2/launch/sllidar_s1_launch.py\n'}
[4.379738] (sllidar_ros2) StdoutLine: {'line': b'-- Up-to-date symlink: /SLAM/ros_ws/install/sllidar_ros2/share/sllidar_ros2/launch/sllidar_s1_tcp_launch.py\n'}
[4.379826] (sllidar_ros2) StdoutLine: {'line': b'-- Up-to-date symlink: /SLAM/ros_ws/install/sllidar_ros2/share/sllidar_ros2/launch/sllidar_s2_launch.py\n'}
[4.379915] (sllidar_ros2) StdoutLine: {'line': b'-- Up-to-date symlink: /SLAM/ros_ws/install/sllidar_ros2/share/sllidar_ros2/launch/sllidar_s2e_launch.py\n'}
[4.380004] (sllidar_ros2) StdoutLine: {'line': b'-- Up-to-date symlink: /SLAM/ros_ws/install/sllidar_ros2/share/sllidar_ros2/launch/sllidar_s3_launch.py\n'}
[4.380092] (sllidar_ros2) StdoutLine: {'line': b'-- Up-to-date symlink: /SLAM/ros_ws/install/sllidar_ros2/share/sllidar_ros2/launch/sllidar_t1_launch.py\n'}
[4.380182] (sllidar_ros2) StdoutLine: {'line': b'-- Up-to-date symlink: /SLAM/ros_ws/install/sllidar_ros2/share/sllidar_ros2/launch/view_sllidar_a1_launch.py\n'}
[4.380271] (sllidar_ros2) StdoutLine: {'line': b'-- Up-to-date symlink: /SLAM/ros_ws/install/sllidar_ros2/share/sllidar_ros2/launch/view_sllidar_a2m12_launch.py\n'}
[4.380427] (sllidar_ros2) StdoutLine: {'line': b'-- Up-to-date symlink: /SLAM/ros_ws/install/sllidar_ros2/share/sllidar_ros2/launch/view_sllidar_a2m7_launch.py\n'}
[4.380498] (sllidar_ros2) StdoutLine: {'line': b'-- Up-to-date symlink: /SLAM/ros_ws/install/sllidar_ros2/share/sllidar_ros2/launch/view_sllidar_a2m8_launch.py\n'}
[4.380560] (sllidar_ros2) StdoutLine: {'line': b'-- Up-to-date symlink: /SLAM/ros_ws/install/sllidar_ros2/share/sllidar_ros2/launch/view_sllidar_a3_launch.py\n'}
[4.380630] (sllidar_ros2) StdoutLine: {'line': b'-- Up-to-date symlink: /SLAM/ros_ws/install/sllidar_ros2/share/sllidar_ros2/launch/view_sllidar_c1_launch.py\n'}
[4.380719] (sllidar_ros2) StdoutLine: {'line': b'-- Up-to-date symlink: /SLAM/ros_ws/install/sllidar_ros2/share/sllidar_ros2/launch/view_sllidar_s1_launch.py\n'}
[4.380808] (sllidar_ros2) StdoutLine: {'line': b'-- Up-to-date symlink: /SLAM/ros_ws/install/sllidar_ros2/share/sllidar_ros2/launch/view_sllidar_s1_tcp_launch.py\n'}
[4.380898] (sllidar_ros2) StdoutLine: {'line': b'-- Up-to-date symlink: /SLAM/ros_ws/install/sllidar_ros2/share/sllidar_ros2/launch/view_sllidar_s2_launch.py\n'}
[4.380988] (sllidar_ros2) StdoutLine: {'line': b'-- Up-to-date symlink: /SLAM/ros_ws/install/sllidar_ros2/share/sllidar_ros2/launch/view_sllidar_s2e_launch.py\n'}
[4.381079] (sllidar_ros2) StdoutLine: {'line': b'-- Up-to-date symlink: /SLAM/ros_ws/install/sllidar_ros2/share/sllidar_ros2/launch/view_sllidar_s3_launch.py\n'}
[4.381183] (sllidar_ros2) StdoutLine: {'line': b'-- Up-to-date symlink: /SLAM/ros_ws/install/sllidar_ros2/share/sllidar_ros2/launch/view_sllidar_t1_launch.py\n'}
[4.381371] (sllidar_ros2) StdoutLine: {'line': b'-- Up-to-date symlink: /SLAM/ros_ws/install/sllidar_ros2/share/sllidar_ros2/rviz/sllidar_ros2.rviz\n'}
[4.381574] (sllidar_ros2) StdoutLine: {'line': b'-- Up-to-date symlink: /SLAM/ros_ws/install/sllidar_ros2/lib/sllidar_ros2/sllidar_node\n'}
[4.381693] (sllidar_ros2) StdoutLine: {'line': b'-- Up-to-date symlink: /SLAM/ros_ws/install/sllidar_ros2/lib/sllidar_ros2/sllidar_client\n'}
[4.381846] (sllidar_ros2) StdoutLine: {'line': b'-- Up-to-date symlink: /SLAM/ros_ws/install/sllidar_ros2/share/ament_index/resource_index/package_run_dependencies/sllidar_ros2\n'}
[4.381985] (sllidar_ros2) StdoutLine: {'line': b'-- Up-to-date symlink: /SLAM/ros_ws/install/sllidar_ros2/share/ament_index/resource_index/parent_prefix_path/sllidar_ros2\n'}
[4.382138] (sllidar_ros2) StdoutLine: {'line': b'-- Up-to-date symlink: /SLAM/ros_ws/install/sllidar_ros2/share/sllidar_ros2/environment/ament_prefix_path.sh\n'}
[4.382263] (sllidar_ros2) StdoutLine: {'line': b'-- Up-to-date symlink: /SLAM/ros_ws/install/sllidar_ros2/share/sllidar_ros2/environment/ament_prefix_path.dsv\n'}
[4.382402] (sllidar_ros2) StdoutLine: {'line': b'-- Up-to-date symlink: /SLAM/ros_ws/install/sllidar_ros2/share/sllidar_ros2/environment/path.sh\n'}
[4.382522] (sllidar_ros2) StdoutLine: {'line': b'-- Up-to-date symlink: /SLAM/ros_ws/install/sllidar_ros2/share/sllidar_ros2/environment/path.dsv\n'}
[4.382642] (sllidar_ros2) StdoutLine: {'line': b'-- Up-to-date symlink: /SLAM/ros_ws/install/sllidar_ros2/share/sllidar_ros2/local_setup.bash\n'}
[4.382811] (sllidar_ros2) StdoutLine: {'line': b'-- Up-to-date symlink: /SLAM/ros_ws/install/sllidar_ros2/share/sllidar_ros2/local_setup.sh\n'}
[4.382905] (sllidar_ros2) StdoutLine: {'line': b'-- Up-to-date symlink: /SLAM/ros_ws/install/sllidar_ros2/share/sllidar_ros2/local_setup.zsh\n'}
[4.383021] (sllidar_ros2) StdoutLine: {'line': b'-- Up-to-date symlink: /SLAM/ros_ws/install/sllidar_ros2/share/sllidar_ros2/local_setup.dsv\n'}
[4.383109] (sllidar_ros2) StdoutLine: {'line': b'-- Symlinking: /SLAM/ros_ws/install/sllidar_ros2/share/sllidar_ros2/package.dsv\n'}
[4.392736] (sllidar_ros2) StdoutLine: {'line': b'-- Up-to-date symlink: /SLAM/ros_ws/install/sllidar_ros2/share/ament_index/resource_index/packages/sllidar_ros2\n'}
[4.392889] (sllidar_ros2) StdoutLine: {'line': b'-- Up-to-date symlink: /SLAM/ros_ws/install/sllidar_ros2/share/sllidar_ros2/cmake/ament_cmake_export_dependencies-extras.cmake\n'}
[4.393019] (sllidar_ros2) StdoutLine: {'line': b'-- Up-to-date symlink: /SLAM/ros_ws/install/sllidar_ros2/share/sllidar_ros2/cmake/ament_cmake_export_include_directories-extras.cmake\n'}
[4.393174] (sllidar_ros2) StdoutLine: {'line': b'-- Up-to-date symlink: /SLAM/ros_ws/install/sllidar_ros2/share/sllidar_ros2/cmake/sllidar_ros2Config.cmake\n'}
[4.393294] (sllidar_ros2) StdoutLine: {'line': b'-- Up-to-date symlink: /SLAM/ros_ws/install/sllidar_ros2/share/sllidar_ros2/cmake/sllidar_ros2Config-version.cmake\n'}
[4.393418] (sllidar_ros2) StdoutLine: {'line': b'-- Up-to-date symlink: /SLAM/ros_ws/install/sllidar_ros2/share/sllidar_ros2/package.xml\n'}
[4.395369] (sllidar_ros2) CommandEnded: {'returncode': 0}
[4.412126] (-) TimerEvent: {}
[4.512367] (-) TimerEvent: {}
[4.569842] (sllidar_ros2) JobEnded: {'identifier': 'sllidar_ros2', 'rc': 0}
[4.570493] (-) EventReactorShutdown: {}
