[0.441s] Invoking command in '/SLAM/ros_ws/build/image_publisher': CMAKE_PREFIX_PATH=${CMAKE_PREFIX_PATH}:/SLAM/ros_ws/install/camera_calibration:/opt/ros/humble /usr/bin/cmake /SLAM/ros_ws/src/image_pipeline/image_publisher -DCMAKE_BUILD_TYPE=Release -DAMENT_CMAKE_SYMLINK_INSTALL=1 -DCMAKE_INSTALL_PREFIX=/SLAM/ros_ws/install/image_publisher
[1.133s] -- Found ament_cmake_auto: 1.3.6 (/opt/ros/humble/share/ament_cmake_auto/cmake)
[1.133s] -- Override CMake install command with custom implementation using symlinks instead of copying resources
[1.133s] -- Found rosidl_generator_c: 3.1.5 (/opt/ros/humble/share/rosidl_generator_c/cmake)
[1.133s] -- Found rosidl_adapter: 3.1.5 (/opt/ros/humble/share/rosidl_adapter/cmake)
[1.133s] -- Found rosidl_generator_cpp: 3.1.5 (/opt/ros/humble/share/rosidl_generator_cpp/cmake)
[1.133s] -- Using all available rosidl_typesupport_c: rosidl_typesupport_fastrtps_c;rosidl_typesupport_introspection_c
[1.133s] -- Using all available rosidl_typesupport_cpp: rosidl_typesupport_fastrtps_cpp;rosidl_typesupport_introspection_cpp
[1.133s] -- Found rmw_implementation_cmake: 6.1.1 (/opt/ros/humble/share/rmw_implementation_cmake/cmake)
[1.134s] -- Found rmw_fastrtps_cpp: 6.2.5 (/opt/ros/humble/share/rmw_fastrtps_cpp/cmake)
[1.134s] -- Using RMW implementation 'rmw_fastrtps_cpp' as default
[1.843s] -- opencv version 4.5.4
[1.851s] -- Found ament_lint_auto: 0.12.9 (/opt/ros/humble/share/ament_lint_auto/cmake)
[1.874s] -- Added test 'copyright' to check source files copyright and LICENSE
[1.877s] -- Added test 'cppcheck' to perform static code analysis on C / C++ code
[1.877s] -- Configured cppcheck include dirs: /SLAM/ros_ws/src/image_pipeline/image_publisher/include
[1.877s] -- Configured cppcheck exclude dirs and/or files: 
[1.879s] -- Added test 'cpplint' to check C / C++ code against the Google style
[1.879s] -- Configured cpplint exclude dirs and/or files: 
[1.880s] -- Added test 'flake8' to check Python code syntax and style conventions
[1.881s] -- Added test 'lint_cmake' to check CMake code style
[1.882s] -- Added test 'pep257' to check Python code against some of the docstring style conventions in PEP 257
[1.884s] -- Added test 'uncrustify' to check C / C++ code style
[1.884s] -- Configured uncrustify additional arguments: 
[1.885s] -- Added test 'xmllint' to check XML markup files
[1.891s] -- Configuring done
[1.950s] -- Generating done
[1.954s] -- Build files have been written to: /SLAM/ros_ws/build/image_publisher
[1.989s] Invoked command in '/SLAM/ros_ws/build/image_publisher' returned '0': CMAKE_PREFIX_PATH=${CMAKE_PREFIX_PATH}:/SLAM/ros_ws/install/camera_calibration:/opt/ros/humble /usr/bin/cmake /SLAM/ros_ws/src/image_pipeline/image_publisher -DCMAKE_BUILD_TYPE=Release -DAMENT_CMAKE_SYMLINK_INSTALL=1 -DCMAKE_INSTALL_PREFIX=/SLAM/ros_ws/install/image_publisher
[1.999s] Invoking command in '/SLAM/ros_ws/build/image_publisher': CMAKE_PREFIX_PATH=${CMAKE_PREFIX_PATH}:/SLAM/ros_ws/install/camera_calibration:/opt/ros/humble /usr/bin/cmake --build /SLAM/ros_ws/build/image_publisher
[2.154s] [35m[1mConsolidate compiler generated dependencies of target image_publisher[0m
[2.154s] [ 25%] [32mBuilding CXX object CMakeFiles/image_publisher.dir/src/image_publisher.cpp.o[0m
[19.480s] [ 50%] [32m[1mLinking CXX shared library libimage_publisher.so[0m
[20.698s] [ 50%] Built target image_publisher
[20.796s] [35m[1mConsolidate compiler generated dependencies of target image_publisher_node[0m
[20.916s] [ 75%] [32mBuilding CXX object CMakeFiles/image_publisher_node.dir/src/image_publisher_node.cpp.o[0m
[29.139s] [100%] [32m[1mLinking CXX executable image_publisher_node[0m
[31.381s] [100%] Built target image_publisher_node
