running develop
/usr/lib/python3/dist-packages/setuptools/command/easy_install.py:158: EasyInstallDeprecationWarning: easy_install command is deprecated. Use build and pip and other standards-based tools.
  warnings.warn(
/usr/lib/python3/dist-packages/setuptools/command/install.py:34: SetuptoolsDeprecationWarning: setup.py install is deprecated. Use build and pip and other standards-based tools.
  warnings.warn(
running egg_info
creating br2_fsm_bumpgo_py.egg-info
writing br2_fsm_bumpgo_py.egg-info/PKG-INFO
writing dependency_links to br2_fsm_bumpgo_py.egg-info/dependency_links.txt
writing entry points to br2_fsm_bumpgo_py.egg-info/entry_points.txt
writing requirements to br2_fsm_bumpgo_py.egg-info/requires.txt
writing top-level names to br2_fsm_bumpgo_py.egg-info/top_level.txt
writing manifest file 'br2_fsm_bumpgo_py.egg-info/SOURCES.txt'
reading manifest file 'br2_fsm_bumpgo_py.egg-info/SOURCES.txt'
writing manifest file 'br2_fsm_bumpgo_py.egg-info/SOURCES.txt'
running build_ext
Creating /SLAM/ros_ws/install/br2_fsm_bumpgo_py/lib/python3.10/site-packages/br2-fsm-bumpgo-py.egg-link (link to .)
Installing bump_go_main script to /SLAM/ros_ws/install/br2_fsm_bumpgo_py/lib/br2_fsm_bumpgo_py

Installed /SLAM/ros_ws/build/br2_fsm_bumpgo_py
running install_data
creating /SLAM/ros_ws/install/br2_fsm_bumpgo_py/share/ament_index
creating /SLAM/ros_ws/install/br2_fsm_bumpgo_py/share/ament_index/resource_index
creating /SLAM/ros_ws/install/br2_fsm_bumpgo_py/share/ament_index/resource_index/packages
copying resource/br2_fsm_bumpgo_py -> /SLAM/ros_ws/install/br2_fsm_bumpgo_py/share/ament_index/resource_index/packages
copying package.xml -> /SLAM/ros_ws/install/br2_fsm_bumpgo_py/share/br2_fsm_bumpgo_py
creating /SLAM/ros_ws/install/br2_fsm_bumpgo_py/share/br2_fsm_bumpgo_py/launch
copying launch/bump_and_go.launch.py -> /SLAM/ros_ws/install/br2_fsm_bumpgo_py/share/br2_fsm_bumpgo_py/launch
