[0.652s] Invoking command in '/SLAM/ros_ws/build/br2_fsm_bumpgo_py': PYTHONPATH=/SLAM/ros_ws/build/br2_fsm_bumpgo_py/prefix_override:/SLAM/ros_ws/install/br2_fsm_bumpgo_py/lib/python3.10/site-packages:${PYTHONPATH} /usr/bin/python3 setup.py develop --editable --build-directory /SLAM/ros_ws/build/br2_fsm_bumpgo_py/build --no-deps install_data
[0.865s] running develop
[0.867s] /usr/lib/python3/dist-packages/setuptools/command/easy_install.py:158: EasyInstallDeprecationWarning: easy_install command is deprecated. Use build and pip and other standards-based tools.
[0.867s]   warnings.warn(
[0.869s] /usr/lib/python3/dist-packages/setuptools/command/install.py:34: SetuptoolsDeprecationWarning: setup.py install is deprecated. Use build and pip and other standards-based tools.
[0.869s]   warnings.warn(
[0.994s] running egg_info
[0.994s] creating br2_fsm_bumpgo_py.egg-info
[0.994s] writing br2_fsm_bumpgo_py.egg-info/PKG-INFO
[0.994s] writing dependency_links to br2_fsm_bumpgo_py.egg-info/dependency_links.txt
[0.994s] writing entry points to br2_fsm_bumpgo_py.egg-info/entry_points.txt
[0.995s] writing requirements to br2_fsm_bumpgo_py.egg-info/requires.txt
[0.995s] writing top-level names to br2_fsm_bumpgo_py.egg-info/top_level.txt
[0.995s] writing manifest file 'br2_fsm_bumpgo_py.egg-info/SOURCES.txt'
[0.996s] reading manifest file 'br2_fsm_bumpgo_py.egg-info/SOURCES.txt'
[0.997s] writing manifest file 'br2_fsm_bumpgo_py.egg-info/SOURCES.txt'
[0.998s] running build_ext
[0.998s] Creating /SLAM/ros_ws/install/br2_fsm_bumpgo_py/lib/python3.10/site-packages/br2-fsm-bumpgo-py.egg-link (link to .)
[0.999s] Installing bump_go_main script to /SLAM/ros_ws/install/br2_fsm_bumpgo_py/lib/br2_fsm_bumpgo_py
[0.999s] 
[0.999s] Installed /SLAM/ros_ws/build/br2_fsm_bumpgo_py
[0.999s] running install_data
[0.999s] creating /SLAM/ros_ws/install/br2_fsm_bumpgo_py/share/ament_index
[0.999s] creating /SLAM/ros_ws/install/br2_fsm_bumpgo_py/share/ament_index/resource_index
[1.000s] creating /SLAM/ros_ws/install/br2_fsm_bumpgo_py/share/ament_index/resource_index/packages
[1.000s] copying resource/br2_fsm_bumpgo_py -> /SLAM/ros_ws/install/br2_fsm_bumpgo_py/share/ament_index/resource_index/packages
[1.000s] copying package.xml -> /SLAM/ros_ws/install/br2_fsm_bumpgo_py/share/br2_fsm_bumpgo_py
[1.000s] creating /SLAM/ros_ws/install/br2_fsm_bumpgo_py/share/br2_fsm_bumpgo_py/launch
[1.000s] copying launch/bump_and_go.launch.py -> /SLAM/ros_ws/install/br2_fsm_bumpgo_py/share/br2_fsm_bumpgo_py/launch
[1.029s] Invoked command in '/SLAM/ros_ws/build/br2_fsm_bumpgo_py' returned '0': PYTHONPATH=/SLAM/ros_ws/build/br2_fsm_bumpgo_py/prefix_override:/SLAM/ros_ws/install/br2_fsm_bumpgo_py/lib/python3.10/site-packages:${PYTHONPATH} /usr/bin/python3 setup.py develop --editable --build-directory /SLAM/ros_ws/build/br2_fsm_bumpgo_py/build --no-deps install_data
