[0.676s] Invoking command in '/SLAM/ros_ws/build/image_publisher': CMAKE_PREFIX_PATH=/SLAM/ros_ws/install/image_pipeline:/SLAM/ros_ws/install/stereo_image_proc:/SLAM/ros_ws/install/image_proc:/SLAM/ros_ws/install/tracetools_image_pipeline:/SLAM/ros_ws/install/sllidar_ros2:/SLAM/ros_ws/install/rtabmap_ros:/SLAM/ros_ws/install/rtabmap_launch:/SLAM/ros_ws/install/rtabmap_examples:/SLAM/ros_ws/install/rtabmap_demos:/SLAM/ros_ws/install/rtabmap_viz:/SLAM/ros_ws/install/rtabmap_slam:/SLAM/ros_ws/install/rtabmap_odom:/SLAM/ros_ws/install/rtabmap_util:/SLAM/ros_ws/install/rtabmap_sync:/SLAM/ros_ws/install/rtabmap_rviz_plugins:/SLAM/ros_ws/install/rtabmap_conversions:/SLAM/ros_ws/install/rtabmap_python:/SLAM/ros_ws/install/camera_calibration:/opt/ros/humble:/SLAM/ros_ws/install/rtabmap_msgs:/SLAM/ros_ws/install/rtabmap:/SLAM/ros_ws/install/image_view:/SLAM/ros_ws/install/image_rotate:/SLAM/ros_ws/install/astra_camera:/SLAM/ros_ws/install/image_publisher:/SLAM/ros_ws/install/depth_image_proc:/SLAM/ros_ws/install/astra_camera_msgs /usr/bin/cmake /SLAM/ros_ws/src/image_pipeline/image_publisher -DAMENT_CMAKE_SYMLINK_INSTALL=1 -DCMAKE_INSTALL_PREFIX=/SLAM/ros_ws/install/image_publisher
[1.488s] -- Found ament_cmake_auto: 1.3.6 (/opt/ros/humble/share/ament_cmake_auto/cmake)
[1.488s] -- Override CMake install command with custom implementation using symlinks instead of copying resources
[1.488s] -- Found rosidl_generator_c: 3.1.5 (/opt/ros/humble/share/rosidl_generator_c/cmake)
[1.488s] -- Found rosidl_adapter: 3.1.5 (/opt/ros/humble/share/rosidl_adapter/cmake)
[1.488s] -- Found rosidl_generator_cpp: 3.1.5 (/opt/ros/humble/share/rosidl_generator_cpp/cmake)
[1.488s] -- Using all available rosidl_typesupport_c: rosidl_typesupport_fastrtps_c;rosidl_typesupport_introspection_c
[1.489s] -- Using all available rosidl_typesupport_cpp: rosidl_typesupport_fastrtps_cpp;rosidl_typesupport_introspection_cpp
[1.491s] -- Found rmw_implementation_cmake: 6.1.1 (/opt/ros/humble/share/rmw_implementation_cmake/cmake)
[1.491s] -- Found rmw_fastrtps_cpp: 6.2.5 (/opt/ros/humble/share/rmw_fastrtps_cpp/cmake)
[1.491s] -- Using RMW implementation 'rmw_fastrtps_cpp' as default
[2.358s] -- opencv version 4.5.4
[2.374s] -- Found ament_lint_auto: 0.12.9 (/opt/ros/humble/share/ament_lint_auto/cmake)
[2.397s] -- Added test 'copyright' to check source files copyright and LICENSE
[2.399s] -- Added test 'cppcheck' to perform static code analysis on C / C++ code
[2.400s] -- Configured cppcheck include dirs: /SLAM/ros_ws/src/image_pipeline/image_publisher/include
[2.400s] -- Configured cppcheck exclude dirs and/or files: 
[2.403s] -- Added test 'cpplint' to check C / C++ code against the Google style
[2.404s] -- Configured cpplint exclude dirs and/or files: 
[2.405s] -- Added test 'flake8' to check Python code syntax and style conventions
[2.406s] -- Added test 'lint_cmake' to check CMake code style
[2.407s] -- Added test 'pep257' to check Python code against some of the docstring style conventions in PEP 257
[2.409s] -- Added test 'uncrustify' to check C / C++ code style
[2.409s] -- Configured uncrustify additional arguments: 
[2.411s] -- Added test 'xmllint' to check XML markup files
[2.422s] -- Configuring done
[2.497s] -- Generating done
[2.508s] -- Build files have been written to: /SLAM/ros_ws/build/image_publisher
[2.534s] Invoked command in '/SLAM/ros_ws/build/image_publisher' returned '0': CMAKE_PREFIX_PATH=/SLAM/ros_ws/install/image_pipeline:/SLAM/ros_ws/install/stereo_image_proc:/SLAM/ros_ws/install/image_proc:/SLAM/ros_ws/install/tracetools_image_pipeline:/SLAM/ros_ws/install/sllidar_ros2:/SLAM/ros_ws/install/rtabmap_ros:/SLAM/ros_ws/install/rtabmap_launch:/SLAM/ros_ws/install/rtabmap_examples:/SLAM/ros_ws/install/rtabmap_demos:/SLAM/ros_ws/install/rtabmap_viz:/SLAM/ros_ws/install/rtabmap_slam:/SLAM/ros_ws/install/rtabmap_odom:/SLAM/ros_ws/install/rtabmap_util:/SLAM/ros_ws/install/rtabmap_sync:/SLAM/ros_ws/install/rtabmap_rviz_plugins:/SLAM/ros_ws/install/rtabmap_conversions:/SLAM/ros_ws/install/rtabmap_python:/SLAM/ros_ws/install/camera_calibration:/opt/ros/humble:/SLAM/ros_ws/install/rtabmap_msgs:/SLAM/ros_ws/install/rtabmap:/SLAM/ros_ws/install/image_view:/SLAM/ros_ws/install/image_rotate:/SLAM/ros_ws/install/astra_camera:/SLAM/ros_ws/install/image_publisher:/SLAM/ros_ws/install/depth_image_proc:/SLAM/ros_ws/install/astra_camera_msgs /usr/bin/cmake /SLAM/ros_ws/src/image_pipeline/image_publisher -DAMENT_CMAKE_SYMLINK_INSTALL=1 -DCMAKE_INSTALL_PREFIX=/SLAM/ros_ws/install/image_publisher
[2.534s] Invoking command in '/SLAM/ros_ws/build/image_publisher': CMAKE_PREFIX_PATH=/SLAM/ros_ws/install/image_pipeline:/SLAM/ros_ws/install/stereo_image_proc:/SLAM/ros_ws/install/image_proc:/SLAM/ros_ws/install/tracetools_image_pipeline:/SLAM/ros_ws/install/sllidar_ros2:/SLAM/ros_ws/install/rtabmap_ros:/SLAM/ros_ws/install/rtabmap_launch:/SLAM/ros_ws/install/rtabmap_examples:/SLAM/ros_ws/install/rtabmap_demos:/SLAM/ros_ws/install/rtabmap_viz:/SLAM/ros_ws/install/rtabmap_slam:/SLAM/ros_ws/install/rtabmap_odom:/SLAM/ros_ws/install/rtabmap_util:/SLAM/ros_ws/install/rtabmap_sync:/SLAM/ros_ws/install/rtabmap_rviz_plugins:/SLAM/ros_ws/install/rtabmap_conversions:/SLAM/ros_ws/install/rtabmap_python:/SLAM/ros_ws/install/camera_calibration:/opt/ros/humble:/SLAM/ros_ws/install/rtabmap_msgs:/SLAM/ros_ws/install/rtabmap:/SLAM/ros_ws/install/image_view:/SLAM/ros_ws/install/image_rotate:/SLAM/ros_ws/install/astra_camera:/SLAM/ros_ws/install/image_publisher:/SLAM/ros_ws/install/depth_image_proc:/SLAM/ros_ws/install/astra_camera_msgs /usr/bin/cmake --build /SLAM/ros_ws/build/image_publisher -- -j16 -l16
[3.110s] [35m[1mConsolidate compiler generated dependencies of target image_publisher[0m
[3.110s] [ 50%] Built target image_publisher
[3.110s] [35m[1mConsolidate compiler generated dependencies of target image_publisher_node[0m
[3.110s] [100%] Built target image_publisher_node
[3.442s] Invoked command in '/SLAM/ros_ws/build/image_publisher' returned '0': CMAKE_PREFIX_PATH=/SLAM/ros_ws/install/image_pipeline:/SLAM/ros_ws/install/stereo_image_proc:/SLAM/ros_ws/install/image_proc:/SLAM/ros_ws/install/tracetools_image_pipeline:/SLAM/ros_ws/install/sllidar_ros2:/SLAM/ros_ws/install/rtabmap_ros:/SLAM/ros_ws/install/rtabmap_launch:/SLAM/ros_ws/install/rtabmap_examples:/SLAM/ros_ws/install/rtabmap_demos:/SLAM/ros_ws/install/rtabmap_viz:/SLAM/ros_ws/install/rtabmap_slam:/SLAM/ros_ws/install/rtabmap_odom:/SLAM/ros_ws/install/rtabmap_util:/SLAM/ros_ws/install/rtabmap_sync:/SLAM/ros_ws/install/rtabmap_rviz_plugins:/SLAM/ros_ws/install/rtabmap_conversions:/SLAM/ros_ws/install/rtabmap_python:/SLAM/ros_ws/install/camera_calibration:/opt/ros/humble:/SLAM/ros_ws/install/rtabmap_msgs:/SLAM/ros_ws/install/rtabmap:/SLAM/ros_ws/install/image_view:/SLAM/ros_ws/install/image_rotate:/SLAM/ros_ws/install/astra_camera:/SLAM/ros_ws/install/image_publisher:/SLAM/ros_ws/install/depth_image_proc:/SLAM/ros_ws/install/astra_camera_msgs /usr/bin/cmake --build /SLAM/ros_ws/build/image_publisher -- -j16 -l16
[3.821s] Invoking command in '/SLAM/ros_ws/build/image_publisher': CMAKE_PREFIX_PATH=/SLAM/ros_ws/install/image_pipeline:/SLAM/ros_ws/install/stereo_image_proc:/SLAM/ros_ws/install/image_proc:/SLAM/ros_ws/install/tracetools_image_pipeline:/SLAM/ros_ws/install/sllidar_ros2:/SLAM/ros_ws/install/rtabmap_ros:/SLAM/ros_ws/install/rtabmap_launch:/SLAM/ros_ws/install/rtabmap_examples:/SLAM/ros_ws/install/rtabmap_demos:/SLAM/ros_ws/install/rtabmap_viz:/SLAM/ros_ws/install/rtabmap_slam:/SLAM/ros_ws/install/rtabmap_odom:/SLAM/ros_ws/install/rtabmap_util:/SLAM/ros_ws/install/rtabmap_sync:/SLAM/ros_ws/install/rtabmap_rviz_plugins:/SLAM/ros_ws/install/rtabmap_conversions:/SLAM/ros_ws/install/rtabmap_python:/SLAM/ros_ws/install/camera_calibration:/opt/ros/humble:/SLAM/ros_ws/install/rtabmap_msgs:/SLAM/ros_ws/install/rtabmap:/SLAM/ros_ws/install/image_view:/SLAM/ros_ws/install/image_rotate:/SLAM/ros_ws/install/astra_camera:/SLAM/ros_ws/install/image_publisher:/SLAM/ros_ws/install/depth_image_proc:/SLAM/ros_ws/install/astra_camera_msgs /usr/bin/cmake --install /SLAM/ros_ws/build/image_publisher
[3.837s] -- Install configuration: "Release"
[3.838s] -- Execute custom install script
[3.838s] -- Up-to-date symlink: /SLAM/ros_ws/install/image_publisher/include/image_publisher/image_publisher.hpp
[3.839s] -- Up-to-date symlink: /SLAM/ros_ws/install/image_publisher/include/image_publisher/visibility.h
[3.839s] -- Up-to-date symlink: /SLAM/ros_ws/install/image_publisher/share/image_publisher/environment/library_path.sh
[3.839s] -- Up-to-date symlink: /SLAM/ros_ws/install/image_publisher/share/image_publisher/environment/library_path.dsv
[3.840s] -- Up-to-date symlink: /SLAM/ros_ws/install/image_publisher/lib/libimage_publisher.so
[3.840s] -- Up-to-date symlink: /SLAM/ros_ws/install/image_publisher/lib/image_publisher/image_publisher_node
[3.840s] -- Up-to-date symlink: /SLAM/ros_ws/install/image_publisher/share/image_publisher/launch/image_publisher_file.launch.py
[3.840s] -- Up-to-date symlink: /SLAM/ros_ws/install/image_publisher/share/image_publisher/launch/image_publisher_mono.launch.py
[3.840s] -- Up-to-date symlink: /SLAM/ros_ws/install/image_publisher/share/image_publisher/launch/image_publisher_stereo.launch.py
[3.841s] -- Up-to-date symlink: /SLAM/ros_ws/install/image_publisher/share/image_publisher/launch/splash.png
[3.841s] -- Up-to-date symlink: /SLAM/ros_ws/install/image_publisher/share/ament_index/resource_index/package_run_dependencies/image_publisher
[3.842s] -- Up-to-date symlink: /SLAM/ros_ws/install/image_publisher/share/ament_index/resource_index/parent_prefix_path/image_publisher
[3.842s] -- Up-to-date symlink: /SLAM/ros_ws/install/image_publisher/share/image_publisher/environment/ament_prefix_path.sh
[3.843s] -- Up-to-date symlink: /SLAM/ros_ws/install/image_publisher/share/image_publisher/environment/ament_prefix_path.dsv
[3.843s] -- Up-to-date symlink: /SLAM/ros_ws/install/image_publisher/share/image_publisher/environment/path.sh
[3.843s] -- Up-to-date symlink: /SLAM/ros_ws/install/image_publisher/share/image_publisher/environment/path.dsv
[3.843s] -- Up-to-date symlink: /SLAM/ros_ws/install/image_publisher/share/image_publisher/local_setup.bash
[3.843s] -- Up-to-date symlink: /SLAM/ros_ws/install/image_publisher/share/image_publisher/local_setup.sh
[3.843s] -- Up-to-date symlink: /SLAM/ros_ws/install/image_publisher/share/image_publisher/local_setup.zsh
[3.843s] -- Up-to-date symlink: /SLAM/ros_ws/install/image_publisher/share/image_publisher/local_setup.dsv
[3.844s] -- Symlinking: /SLAM/ros_ws/install/image_publisher/share/image_publisher/package.dsv
[3.862s] -- Up-to-date symlink: /SLAM/ros_ws/install/image_publisher/share/ament_index/resource_index/packages/image_publisher
[3.863s] -- Up-to-date symlink: /SLAM/ros_ws/install/image_publisher/share/ament_index/resource_index/rclcpp_components/image_publisher
[3.863s] -- Up-to-date symlink: /SLAM/ros_ws/install/image_publisher/share/image_publisher/cmake/ament_cmake_export_dependencies-extras.cmake
[3.864s] -- Up-to-date symlink: /SLAM/ros_ws/install/image_publisher/share/image_publisher/cmake/ament_cmake_export_include_directories-extras.cmake
[3.864s] -- Up-to-date symlink: /SLAM/ros_ws/install/image_publisher/share/image_publisher/cmake/ament_cmake_export_libraries-extras.cmake
[3.868s] -- Up-to-date symlink: /SLAM/ros_ws/install/image_publisher/share/image_publisher/cmake/image_publisherConfig.cmake
[3.868s] -- Up-to-date symlink: /SLAM/ros_ws/install/image_publisher/share/image_publisher/cmake/image_publisherConfig-version.cmake
[3.869s] -- Up-to-date symlink: /SLAM/ros_ws/install/image_publisher/share/image_publisher/package.xml
[3.969s] Invoked command in '/SLAM/ros_ws/build/image_publisher' returned '0': CMAKE_PREFIX_PATH=/SLAM/ros_ws/install/image_pipeline:/SLAM/ros_ws/install/stereo_image_proc:/SLAM/ros_ws/install/image_proc:/SLAM/ros_ws/install/tracetools_image_pipeline:/SLAM/ros_ws/install/sllidar_ros2:/SLAM/ros_ws/install/rtabmap_ros:/SLAM/ros_ws/install/rtabmap_launch:/SLAM/ros_ws/install/rtabmap_examples:/SLAM/ros_ws/install/rtabmap_demos:/SLAM/ros_ws/install/rtabmap_viz:/SLAM/ros_ws/install/rtabmap_slam:/SLAM/ros_ws/install/rtabmap_odom:/SLAM/ros_ws/install/rtabmap_util:/SLAM/ros_ws/install/rtabmap_sync:/SLAM/ros_ws/install/rtabmap_rviz_plugins:/SLAM/ros_ws/install/rtabmap_conversions:/SLAM/ros_ws/install/rtabmap_python:/SLAM/ros_ws/install/camera_calibration:/opt/ros/humble:/SLAM/ros_ws/install/rtabmap_msgs:/SLAM/ros_ws/install/rtabmap:/SLAM/ros_ws/install/image_view:/SLAM/ros_ws/install/image_rotate:/SLAM/ros_ws/install/astra_camera:/SLAM/ros_ws/install/image_publisher:/SLAM/ros_ws/install/depth_image_proc:/SLAM/ros_ws/install/astra_camera_msgs /usr/bin/cmake --install /SLAM/ros_ws/build/image_publisher
