[0.084s] Invoking command in '/SLAM/ros_ws/build/tiago_bringup': AMENT_PREFIX_PATH=/SLAM/ros_ws/install/tiago_description:/SLAM/ros_ws/install/pmb2_description:/SLAM/ros_ws/install/tiago_controller_configuration:/SLAM/ros_ws/install/pmb2_controller_configuration:/SLAM/ros_ws/install/pal_gripper_description:/SLAM/ros_ws/install/pal_gripper_controller_configuration:/SLAM/ros_ws/install/launch_pal:${AMENT_PREFIX_PATH} CMAKE_PREFIX_PATH=/SLAM/ros_ws/install/tiago_description:/SLAM/ros_ws/install/pmb2_description:/SLAM/ros_ws/install/tiago_controller_configuration:/SLAM/ros_ws/install/pmb2_controller_configuration:/SLAM/ros_ws/install/pal_gripper_description:/SLAM/ros_ws/install/pal_gripper_controller_configuration:/opt/ros/humble PYTHONPATH=/SLAM/ros_ws/install/tiago_description/local/lib/python3.10/dist-packages:/SLAM/ros_ws/install/pmb2_description/local/lib/python3.10/dist-packages:/SLAM/ros_ws/build/launch_pal:/SLAM/ros_ws/install/launch_pal/lib/python3.10/site-packages:${PYTHONPATH} /usr/bin/cmake /SLAM/ros_ws/src/ThirdParty/tiago_robot/tiago_bringup -DAMENT_CMAKE_SYMLINK_INSTALL=1 -DCMAKE_INSTALL_PREFIX=/SLAM/ros_ws/install/tiago_bringup
[0.145s] -- The C compiler identification is GNU 11.4.0
[0.201s] -- The CXX compiler identification is GNU 11.4.0
[0.209s] -- Detecting C compiler ABI info
[0.280s] -- Detecting C compiler ABI info - done
[0.286s] -- Check for working C compiler: /usr/bin/cc - skipped
[0.287s] -- Detecting C compile features
[0.287s] -- Detecting C compile features - done
[0.290s] -- Detecting CXX compiler ABI info
[0.376s] -- Detecting CXX compiler ABI info - done
[0.384s] -- Check for working CXX compiler: /usr/bin/c++ - skipped
[0.384s] -- Detecting CXX compile features
[0.385s] -- Detecting CXX compile features - done
[0.389s] -- Found ament_cmake_auto: 1.3.6 (/opt/ros/humble/share/ament_cmake_auto/cmake)
[0.575s] -- Found Python3: /usr/bin/python3.10 (found version "3.10.12") found components: Interpreter 
[0.637s] -- Override CMake install command with custom implementation using symlinks instead of copying resources
[0.775s] -- Found ament_lint_auto: 0.12.9 (/opt/ros/humble/share/ament_lint_auto/cmake)
[0.831s] -- Added test 'copyright' to check source files copyright and LICENSE
[0.837s] -- Added test 'flake8' to check Python code syntax and style conventions
[0.838s] -- Added test 'lint_cmake' to check CMake code style
[0.838s] -- Added test 'pep257' to check Python code against some of the docstring style conventions in PEP 257
[0.842s] -- Added test 'xmllint' to check XML markup files
[0.844s] -- Configuring done
[0.848s] -- Generating done
[0.849s] -- Build files have been written to: /SLAM/ros_ws/build/tiago_bringup
[0.856s] Invoked command in '/SLAM/ros_ws/build/tiago_bringup' returned '0': AMENT_PREFIX_PATH=/SLAM/ros_ws/install/tiago_description:/SLAM/ros_ws/install/pmb2_description:/SLAM/ros_ws/install/tiago_controller_configuration:/SLAM/ros_ws/install/pmb2_controller_configuration:/SLAM/ros_ws/install/pal_gripper_description:/SLAM/ros_ws/install/pal_gripper_controller_configuration:/SLAM/ros_ws/install/launch_pal:${AMENT_PREFIX_PATH} CMAKE_PREFIX_PATH=/SLAM/ros_ws/install/tiago_description:/SLAM/ros_ws/install/pmb2_description:/SLAM/ros_ws/install/tiago_controller_configuration:/SLAM/ros_ws/install/pmb2_controller_configuration:/SLAM/ros_ws/install/pal_gripper_description:/SLAM/ros_ws/install/pal_gripper_controller_configuration:/opt/ros/humble PYTHONPATH=/SLAM/ros_ws/install/tiago_description/local/lib/python3.10/dist-packages:/SLAM/ros_ws/install/pmb2_description/local/lib/python3.10/dist-packages:/SLAM/ros_ws/build/launch_pal:/SLAM/ros_ws/install/launch_pal/lib/python3.10/site-packages:${PYTHONPATH} /usr/bin/cmake /SLAM/ros_ws/src/ThirdParty/tiago_robot/tiago_bringup -DAMENT_CMAKE_SYMLINK_INSTALL=1 -DCMAKE_INSTALL_PREFIX=/SLAM/ros_ws/install/tiago_bringup
[0.859s] Invoking command in '/SLAM/ros_ws/build/tiago_bringup': AMENT_PREFIX_PATH=/SLAM/ros_ws/install/tiago_description:/SLAM/ros_ws/install/pmb2_description:/SLAM/ros_ws/install/tiago_controller_configuration:/SLAM/ros_ws/install/pmb2_controller_configuration:/SLAM/ros_ws/install/pal_gripper_description:/SLAM/ros_ws/install/pal_gripper_controller_configuration:/SLAM/ros_ws/install/launch_pal:${AMENT_PREFIX_PATH} CMAKE_PREFIX_PATH=/SLAM/ros_ws/install/tiago_description:/SLAM/ros_ws/install/pmb2_description:/SLAM/ros_ws/install/tiago_controller_configuration:/SLAM/ros_ws/install/pmb2_controller_configuration:/SLAM/ros_ws/install/pal_gripper_description:/SLAM/ros_ws/install/pal_gripper_controller_configuration:/opt/ros/humble PYTHONPATH=/SLAM/ros_ws/install/tiago_description/local/lib/python3.10/dist-packages:/SLAM/ros_ws/install/pmb2_description/local/lib/python3.10/dist-packages:/SLAM/ros_ws/build/launch_pal:/SLAM/ros_ws/install/launch_pal/lib/python3.10/site-packages:${PYTHONPATH} /usr/bin/cmake --build /SLAM/ros_ws/build/tiago_bringup -- -j16 -l16
[0.913s] Invoked command in '/SLAM/ros_ws/build/tiago_bringup' returned '0': AMENT_PREFIX_PATH=/SLAM/ros_ws/install/tiago_description:/SLAM/ros_ws/install/pmb2_description:/SLAM/ros_ws/install/tiago_controller_configuration:/SLAM/ros_ws/install/pmb2_controller_configuration:/SLAM/ros_ws/install/pal_gripper_description:/SLAM/ros_ws/install/pal_gripper_controller_configuration:/SLAM/ros_ws/install/launch_pal:${AMENT_PREFIX_PATH} CMAKE_PREFIX_PATH=/SLAM/ros_ws/install/tiago_description:/SLAM/ros_ws/install/pmb2_description:/SLAM/ros_ws/install/tiago_controller_configuration:/SLAM/ros_ws/install/pmb2_controller_configuration:/SLAM/ros_ws/install/pal_gripper_description:/SLAM/ros_ws/install/pal_gripper_controller_configuration:/opt/ros/humble PYTHONPATH=/SLAM/ros_ws/install/tiago_description/local/lib/python3.10/dist-packages:/SLAM/ros_ws/install/pmb2_description/local/lib/python3.10/dist-packages:/SLAM/ros_ws/build/launch_pal:/SLAM/ros_ws/install/launch_pal/lib/python3.10/site-packages:${PYTHONPATH} /usr/bin/cmake --build /SLAM/ros_ws/build/tiago_bringup -- -j16 -l16
[0.939s] Invoking command in '/SLAM/ros_ws/build/tiago_bringup': AMENT_PREFIX_PATH=/SLAM/ros_ws/install/tiago_description:/SLAM/ros_ws/install/pmb2_description:/SLAM/ros_ws/install/tiago_controller_configuration:/SLAM/ros_ws/install/pmb2_controller_configuration:/SLAM/ros_ws/install/pal_gripper_description:/SLAM/ros_ws/install/pal_gripper_controller_configuration:/SLAM/ros_ws/install/launch_pal:${AMENT_PREFIX_PATH} CMAKE_PREFIX_PATH=/SLAM/ros_ws/install/tiago_description:/SLAM/ros_ws/install/pmb2_description:/SLAM/ros_ws/install/tiago_controller_configuration:/SLAM/ros_ws/install/pmb2_controller_configuration:/SLAM/ros_ws/install/pal_gripper_description:/SLAM/ros_ws/install/pal_gripper_controller_configuration:/opt/ros/humble PYTHONPATH=/SLAM/ros_ws/install/tiago_description/local/lib/python3.10/dist-packages:/SLAM/ros_ws/install/pmb2_description/local/lib/python3.10/dist-packages:/SLAM/ros_ws/build/launch_pal:/SLAM/ros_ws/install/launch_pal/lib/python3.10/site-packages:${PYTHONPATH} /usr/bin/cmake --install /SLAM/ros_ws/build/tiago_bringup
[0.951s] -- Install configuration: ""
[0.951s] -- Execute custom install script
[0.952s] -- Symlinking: /SLAM/ros_ws/install/tiago_bringup/lib/tiago_bringup/regen_em_file.py
[0.966s] -- Symlinking: /SLAM/ros_ws/install/tiago_bringup/share/tiago_bringup/config/approach_planner/approach_planner.yaml.em
[0.977s] -- Symlinking: /SLAM/ros_ws/install/tiago_bringup/share/tiago_bringup/config/approach_planner/approach_planner_no-arm.yaml
[0.991s] -- Symlinking: /SLAM/ros_ws/install/tiago_bringup/share/tiago_bringup/config/approach_planner/approach_planner_no-end-effector.yaml
[1.004s] -- Symlinking: /SLAM/ros_ws/install/tiago_bringup/share/tiago_bringup/config/approach_planner/approach_planner_no-end-effector_schunk-ft.yaml
[1.017s] -- Symlinking: /SLAM/ros_ws/install/tiago_bringup/share/tiago_bringup/config/approach_planner/approach_planner_pal-gripper.yaml
[1.028s] -- Symlinking: /SLAM/ros_ws/install/tiago_bringup/share/tiago_bringup/config/approach_planner/approach_planner_pal-gripper_schunk-ft.yaml
[1.039s] -- Symlinking: /SLAM/ros_ws/install/tiago_bringup/share/tiago_bringup/config/approach_planner/approach_planner_pal-hey5.yaml
[1.052s] -- Symlinking: /SLAM/ros_ws/install/tiago_bringup/share/tiago_bringup/config/approach_planner/approach_planner_pal-hey5_schunk-ft.yaml
[1.067s] -- Symlinking: /SLAM/ros_ws/install/tiago_bringup/share/tiago_bringup/config/joy_teleop/joy_config.yaml
[1.080s] -- Symlinking: /SLAM/ros_ws/install/tiago_bringup/share/tiago_bringup/config/joy_teleop/joy_teleop.yaml.em
[1.092s] -- Symlinking: /SLAM/ros_ws/install/tiago_bringup/share/tiago_bringup/config/joy_teleop/joy_teleop_no-arm.yaml
[1.104s] -- Symlinking: /SLAM/ros_ws/install/tiago_bringup/share/tiago_bringup/config/joy_teleop/joy_teleop_no-end-effector.yaml
[1.117s] -- Symlinking: /SLAM/ros_ws/install/tiago_bringup/share/tiago_bringup/config/joy_teleop/joy_teleop_no-end-effector_schunk-ft.yaml
[1.132s] -- Symlinking: /SLAM/ros_ws/install/tiago_bringup/share/tiago_bringup/config/joy_teleop/joy_teleop_pal-gripper.yaml
[1.146s] -- Symlinking: /SLAM/ros_ws/install/tiago_bringup/share/tiago_bringup/config/joy_teleop/joy_teleop_pal-gripper_schunk-ft.yaml
[1.160s] -- Symlinking: /SLAM/ros_ws/install/tiago_bringup/share/tiago_bringup/config/joy_teleop/joy_teleop_pal-hey5.yaml
[1.172s] -- Symlinking: /SLAM/ros_ws/install/tiago_bringup/share/tiago_bringup/config/joy_teleop/joy_teleop_pal-hey5_schunk-ft.yaml
[1.186s] -- Symlinking: /SLAM/ros_ws/install/tiago_bringup/share/tiago_bringup/config/motions/tiago_motions.yaml.em
[1.200s] -- Symlinking: /SLAM/ros_ws/install/tiago_bringup/share/tiago_bringup/config/motions/tiago_motions_no-arm.yaml
[1.214s] -- Symlinking: /SLAM/ros_ws/install/tiago_bringup/share/tiago_bringup/config/motions/tiago_motions_no-end-effector.yaml
[1.226s] -- Symlinking: /SLAM/ros_ws/install/tiago_bringup/share/tiago_bringup/config/motions/tiago_motions_no-end-effector_schunk-ft.yaml
[1.240s] -- Symlinking: /SLAM/ros_ws/install/tiago_bringup/share/tiago_bringup/config/motions/tiago_motions_pal-gripper.yaml
[1.254s] -- Symlinking: /SLAM/ros_ws/install/tiago_bringup/share/tiago_bringup/config/motions/tiago_motions_pal-gripper_schunk-ft.yaml
[1.266s] -- Symlinking: /SLAM/ros_ws/install/tiago_bringup/share/tiago_bringup/config/motions/tiago_motions_pal-hey5.yaml
[1.278s] -- Symlinking: /SLAM/ros_ws/install/tiago_bringup/share/tiago_bringup/config/motions/tiago_motions_pal-hey5_schunk-ft.yaml
[1.291s] -- Symlinking: /SLAM/ros_ws/install/tiago_bringup/share/tiago_bringup/config/twist_mux/joystick.yaml
[1.303s] -- Symlinking: /SLAM/ros_ws/install/tiago_bringup/share/tiago_bringup/config/twist_mux/twist_mux_locks.yaml
[1.315s] -- Symlinking: /SLAM/ros_ws/install/tiago_bringup/share/tiago_bringup/config/twist_mux/twist_mux_topics.yaml
[1.328s] -- Symlinking: /SLAM/ros_ws/install/tiago_bringup/share/tiago_bringup/launch/joystick_teleop.launch.py
[1.340s] -- Symlinking: /SLAM/ros_ws/install/tiago_bringup/share/tiago_bringup/launch/tiago_bringup.launch.py
[1.352s] -- Symlinking: /SLAM/ros_ws/install/tiago_bringup/share/tiago_bringup/launch/tiago_play_motion2.launch.py
[1.364s] -- Symlinking: /SLAM/ros_ws/install/tiago_bringup/share/tiago_bringup/launch/twist_mux.launch.py
[1.377s] -- Symlinking: /SLAM/ros_ws/install/tiago_bringup/share/ament_index/resource_index/package_run_dependencies/tiago_bringup
[1.389s] -- Symlinking: /SLAM/ros_ws/install/tiago_bringup/share/ament_index/resource_index/parent_prefix_path/tiago_bringup
[1.401s] -- Symlinking: /SLAM/ros_ws/install/tiago_bringup/share/tiago_bringup/environment/ament_prefix_path.sh
[1.414s] -- Symlinking: /SLAM/ros_ws/install/tiago_bringup/share/tiago_bringup/environment/ament_prefix_path.dsv
[1.427s] -- Symlinking: /SLAM/ros_ws/install/tiago_bringup/share/tiago_bringup/environment/path.sh
[1.439s] -- Symlinking: /SLAM/ros_ws/install/tiago_bringup/share/tiago_bringup/environment/path.dsv
[1.453s] -- Symlinking: /SLAM/ros_ws/install/tiago_bringup/share/tiago_bringup/local_setup.bash
[1.465s] -- Symlinking: /SLAM/ros_ws/install/tiago_bringup/share/tiago_bringup/local_setup.sh
[1.477s] -- Symlinking: /SLAM/ros_ws/install/tiago_bringup/share/tiago_bringup/local_setup.zsh
[1.490s] -- Symlinking: /SLAM/ros_ws/install/tiago_bringup/share/tiago_bringup/local_setup.dsv
[1.502s] -- Symlinking: /SLAM/ros_ws/install/tiago_bringup/share/tiago_bringup/package.dsv
[1.515s] -- Symlinking: /SLAM/ros_ws/install/tiago_bringup/share/ament_index/resource_index/packages/tiago_bringup
[1.526s] -- Symlinking: /SLAM/ros_ws/install/tiago_bringup/share/tiago_bringup/cmake/tiago_bringupConfig.cmake
[1.538s] -- Symlinking: /SLAM/ros_ws/install/tiago_bringup/share/tiago_bringup/cmake/tiago_bringupConfig-version.cmake
[1.549s] -- Symlinking: /SLAM/ros_ws/install/tiago_bringup/share/tiago_bringup/package.xml
[1.563s] Invoked command in '/SLAM/ros_ws/build/tiago_bringup' returned '0': AMENT_PREFIX_PATH=/SLAM/ros_ws/install/tiago_description:/SLAM/ros_ws/install/pmb2_description:/SLAM/ros_ws/install/tiago_controller_configuration:/SLAM/ros_ws/install/pmb2_controller_configuration:/SLAM/ros_ws/install/pal_gripper_description:/SLAM/ros_ws/install/pal_gripper_controller_configuration:/SLAM/ros_ws/install/launch_pal:${AMENT_PREFIX_PATH} CMAKE_PREFIX_PATH=/SLAM/ros_ws/install/tiago_description:/SLAM/ros_ws/install/pmb2_description:/SLAM/ros_ws/install/tiago_controller_configuration:/SLAM/ros_ws/install/pmb2_controller_configuration:/SLAM/ros_ws/install/pal_gripper_description:/SLAM/ros_ws/install/pal_gripper_controller_configuration:/opt/ros/humble PYTHONPATH=/SLAM/ros_ws/install/tiago_description/local/lib/python3.10/dist-packages:/SLAM/ros_ws/install/pmb2_description/local/lib/python3.10/dist-packages:/SLAM/ros_ws/build/launch_pal:/SLAM/ros_ws/install/launch_pal/lib/python3.10/site-packages:${PYTHONPATH} /usr/bin/cmake --install /SLAM/ros_ws/build/tiago_bringup
