[0.484s] Invoking command in '/SLAM/ros_ws/build/image_view': CMAKE_PREFIX_PATH=${CMAKE_PREFIX_PATH}:/SLAM/ros_ws/install/camera_calibration:/opt/ros/humble /usr/bin/cmake /SLAM/ros_ws/src/image_pipeline/image_view -DCMAKE_BUILD_TYPE=Release -DAMENT_CMAKE_SYMLINK_INSTALL=1 -DCMAKE_INSTALL_PREFIX=/SLAM/ros_ws/install/image_view
[0.961s] -- The C compiler identification is GNU 11.4.0
[0.961s] -- The CXX compiler identification is GNU 11.4.0
[0.961s] -- Detecting C compiler ABI info
[0.961s] -- Detecting C compiler ABI info - done
[0.961s] -- Check for working C compiler: /usr/bin/cc - skipped
[0.961s] -- Detecting C compile features
[0.961s] -- Detecting C compile features - done
[0.961s] -- Detecting CXX compiler ABI info
[0.961s] -- Detecting CXX compiler ABI info - done
[0.972s] -- Check for working CXX compiler: /usr/bin/c++ - skipped
[0.972s] -- Detecting CXX compile features
[0.972s] -- Detecting CXX compile features - done
[0.977s] -- Found ament_cmake_auto: 1.3.6 (/opt/ros/humble/share/ament_cmake_auto/cmake)
[1.279s] -- Found Python3: /usr/bin/python3.10 (found version "3.10.12") found components: Interpreter 
[1.390s] -- Override CMake install command with custom implementation using symlinks instead of copying resources
[1.737s] -- Found rosidl_generator_c: 3.1.5 (/opt/ros/humble/share/rosidl_generator_c/cmake)
[1.753s] -- Found rosidl_adapter: 3.1.5 (/opt/ros/humble/share/rosidl_adapter/cmake)
[1.777s] -- Found rosidl_generator_cpp: 3.1.5 (/opt/ros/humble/share/rosidl_generator_cpp/cmake)
[1.810s] -- Using all available rosidl_typesupport_c: rosidl_typesupport_fastrtps_c;rosidl_typesupport_introspection_c
[1.854s] -- Using all available rosidl_typesupport_cpp: rosidl_typesupport_fastrtps_cpp;rosidl_typesupport_introspection_cpp
[2.002s] -- Found rmw_implementation_cmake: 6.1.1 (/opt/ros/humble/share/rmw_implementation_cmake/cmake)
[2.009s] -- Found rmw_fastrtps_cpp: 6.2.5 (/opt/ros/humble/share/rmw_fastrtps_cpp/cmake)
[2.238s] -- Found OpenSSL: /usr/lib/x86_64-linux-gnu/libcrypto.so (found version "3.0.2")  
[2.297s] -- Found FastRTPS: /opt/ros/humble/include  
[2.408s] -- Using RMW implementation 'rmw_fastrtps_cpp' as default
[2.432s] -- Looking for pthread.h
[2.540s] -- Looking for pthread.h - found
[2.540s] -- Performing Test CMAKE_HAVE_LIBC_PTHREAD
[2.634s] -- Performing Test CMAKE_HAVE_LIBC_PTHREAD - Success
[2.635s] -- Found Threads: TRUE  
[3.605s] -- Found Boost: /usr/lib/x86_64-linux-gnu/cmake/Boost-1.74.0/BoostConfig.cmake (found version "1.74.0")  
[3.611s] -- Found OpenCV: /usr (found version "4.5.4") 
[3.660s] -- Found ament_lint_auto: 0.12.9 (/opt/ros/humble/share/ament_lint_auto/cmake)
[3.734s] -- Added test 'copyright' to check source files copyright and LICENSE
[3.738s] -- Added test 'cppcheck' to perform static code analysis on C / C++ code
[3.739s] -- Configured cppcheck include dirs: /SLAM/ros_ws/src/image_pipeline/image_view/include
[3.739s] -- Configured cppcheck exclude dirs and/or files: 
[3.742s] -- Added test 'cpplint' to check C / C++ code against the Google style
[3.742s] -- Configured cpplint exclude dirs and/or files: 
[3.744s] -- Added test 'lint_cmake' to check CMake code style
[3.748s] -- Added test 'uncrustify' to check C / C++ code style
[3.748s] -- Configured uncrustify additional arguments: 
[3.750s] -- Added test 'xmllint' to check XML markup files
[3.756s] -- Configuring done
[3.875s] -- Generating done
[3.882s] -- Build files have been written to: /SLAM/ros_ws/build/image_view
[3.925s] Invoked command in '/SLAM/ros_ws/build/image_view' returned '0': CMAKE_PREFIX_PATH=${CMAKE_PREFIX_PATH}:/SLAM/ros_ws/install/camera_calibration:/opt/ros/humble /usr/bin/cmake /SLAM/ros_ws/src/image_pipeline/image_view -DCMAKE_BUILD_TYPE=Release -DAMENT_CMAKE_SYMLINK_INSTALL=1 -DCMAKE_INSTALL_PREFIX=/SLAM/ros_ws/install/image_view
[3.926s] Invoking command in '/SLAM/ros_ws/build/image_view': CMAKE_PREFIX_PATH=${CMAKE_PREFIX_PATH}:/SLAM/ros_ws/install/camera_calibration:/opt/ros/humble /usr/bin/cmake --build /SLAM/ros_ws/build/image_view
[4.118s] [  5%] [32mBuilding CXX object CMakeFiles/image_view_nodes.dir/src/extract_images_node.cpp.o[0m
[4.128s] [ 10%] [32mBuilding CXX object CMakeFiles/image_view_nodes.dir/src/image_view_node.cpp.o[0m
[4.130s] [ 15%] [32mBuilding CXX object CMakeFiles/image_view_nodes.dir/src/disparity_view_node.cpp.o[0m
[4.150s] [ 21%] [32mBuilding CXX object CMakeFiles/image_view_nodes.dir/src/stereo_view_node.cpp.o[0m
[4.156s] [ 26%] [32mBuilding CXX object CMakeFiles/image_view_nodes.dir/src/image_saver_node.cpp.o[0m
[4.173s] [ 31%] [32mBuilding CXX object CMakeFiles/image_view_nodes.dir/src/video_recorder_node.cpp.o[0m
