[0.933s] DEBUG:colcon:Command line arguments: ['/usr/bin/colcon', 'build', '--event-handlers', 'console_direct+', '--cmake-args', '-DCMAKE_BUILD_TYPE=Release']
[0.933s] DEBUG:colcon:Parsed command line arguments: Namespace(log_base=None, log_level=None, verb_name='build', build_base='build', install_base='install', merge_install=False, symlink_install=False, test_result_base=None, continue_on_error=False, executor='parallel', parallel_workers=16, event_handlers=['console_direct+'], ignore_user_meta=False, metas=['./colcon.meta'], base_paths=['.'], packages_ignore=None, packages_ignore_regex=None, paths=None, packages_up_to=None, packages_up_to_regex=None, packages_above=None, packages_above_and_dependencies=None, packages_above_depth=None, packages_select_by_dep=None, packages_skip_by_dep=None, packages_skip_up_to=None, packages_select_build_failed=False, packages_skip_build_finished=False, packages_select_test_failures=False, packages_skip_test_passed=False, packages_select=None, packages_skip=None, packages_select_regex=None, packages_skip_regex=None, packages_start=None, packages_end=None, cmake_args=['-DCMAKE_BUILD_TYPE=Release'], cmake_target=None, cmake_target_skip_unavailable=False, cmake_clean_cache=False, cmake_clean_first=False, cmake_force_configure=False, ament_cmake_args=None, catkin_cmake_args=None, catkin_skip_building_tests=False, mixin_files=None, mixin=None, verb_parser=<colcon_mixin.mixin.mixin_argument.MixinArgumentDecorator object at 0x7f9118aef430>, verb_extension=<colcon_core.verb.build.BuildVerb object at 0x7f9118a77460>, main=<bound method BuildVerb.main of <colcon_core.verb.build.BuildVerb object at 0x7f9118a77460>>, mixin_verb=('build',))
[0.968s] Level 1:colcon.colcon_core.package_discovery:discover_packages(colcon_meta) check parameters
[0.968s] Level 1:colcon.colcon_core.package_discovery:discover_packages(recursive) check parameters
[0.968s] Level 1:colcon.colcon_core.package_discovery:discover_packages(ignore) check parameters
[0.968s] Level 1:colcon.colcon_core.package_discovery:discover_packages(path) check parameters
[0.968s] Level 1:colcon.colcon_core.package_discovery:discover_packages(colcon_meta) discover
[0.968s] Level 1:colcon.colcon_core.package_discovery:discover_packages(recursive) discover
[0.968s] INFO:colcon.colcon_core.package_discovery:Crawling recursively for packages in '/SLAM/ros_ws'
[0.969s] Level 1:colcon.colcon_core.package_identification:_identify(.) by extensions ['ignore', 'ignore_ament_install']
[0.969s] Level 1:colcon.colcon_core.package_identification:_identify(.) by extension 'ignore'
[0.969s] Level 1:colcon.colcon_core.package_identification:_identify(.) by extension 'ignore_ament_install'
[0.969s] Level 1:colcon.colcon_core.package_identification:_identify(.) by extensions ['colcon_pkg']
[0.969s] Level 1:colcon.colcon_core.package_identification:_identify(.) by extension 'colcon_pkg'
[0.969s] Level 1:colcon.colcon_core.package_identification:_identify(.) by extensions ['colcon_meta']
[0.969s] Level 1:colcon.colcon_core.package_identification:_identify(.) by extension 'colcon_meta'
[0.969s] Level 1:colcon.colcon_core.package_identification:_identify(.) by extensions ['ros']
[0.969s] Level 1:colcon.colcon_core.package_identification:_identify(.) by extension 'ros'
[0.978s] Level 1:colcon.colcon_core.package_identification:_identify(.) by extensions ['cmake', 'python']
[0.978s] Level 1:colcon.colcon_core.package_identification:_identify(.) by extension 'cmake'
[0.978s] Level 1:colcon.colcon_core.package_identification:_identify(.) by extension 'python'
[0.978s] Level 1:colcon.colcon_core.package_identification:_identify(.) by extensions ['python_setup_py']
[0.978s] Level 1:colcon.colcon_core.package_identification:_identify(.) by extension 'python_setup_py'
[0.978s] Level 1:colcon.colcon_core.package_identification:_identify(Log) by extensions ['ignore', 'ignore_ament_install']
[0.978s] Level 1:colcon.colcon_core.package_identification:_identify(Log) by extension 'ignore'
[0.978s] Level 1:colcon.colcon_core.package_identification:_identify(Log) by extension 'ignore_ament_install'
[0.978s] Level 1:colcon.colcon_core.package_identification:_identify(Log) by extensions ['colcon_pkg']
[0.978s] Level 1:colcon.colcon_core.package_identification:_identify(Log) by extension 'colcon_pkg'
[0.978s] Level 1:colcon.colcon_core.package_identification:_identify(Log) by extensions ['colcon_meta']
[0.978s] Level 1:colcon.colcon_core.package_identification:_identify(Log) by extension 'colcon_meta'
[0.978s] Level 1:colcon.colcon_core.package_identification:_identify(Log) by extensions ['ros']
[0.978s] Level 1:colcon.colcon_core.package_identification:_identify(Log) by extension 'ros'
[0.978s] Level 1:colcon.colcon_core.package_identification:_identify(Log) by extensions ['cmake', 'python']
[0.978s] Level 1:colcon.colcon_core.package_identification:_identify(Log) by extension 'cmake'
[0.978s] Level 1:colcon.colcon_core.package_identification:_identify(Log) by extension 'python'
[0.979s] Level 1:colcon.colcon_core.package_identification:_identify(Log) by extensions ['python_setup_py']
[0.979s] Level 1:colcon.colcon_core.package_identification:_identify(Log) by extension 'python_setup_py'
[0.979s] Level 1:colcon.colcon_core.package_identification:_identify(build) by extensions ['ignore', 'ignore_ament_install']
[0.979s] Level 1:colcon.colcon_core.package_identification:_identify(build) by extension 'ignore'
[0.979s] Level 1:colcon.colcon_core.package_identification:_identify(build) ignored
[0.979s] Level 1:colcon.colcon_core.package_identification:_identify(install) by extensions ['ignore', 'ignore_ament_install']
[0.979s] Level 1:colcon.colcon_core.package_identification:_identify(install) by extension 'ignore'
[0.979s] Level 1:colcon.colcon_core.package_identification:_identify(install) ignored
[0.979s] Level 1:colcon.colcon_core.package_identification:_identify(log) by extensions ['ignore', 'ignore_ament_install']
[0.979s] Level 1:colcon.colcon_core.package_identification:_identify(log) by extension 'ignore'
[0.979s] Level 1:colcon.colcon_core.package_identification:_identify(log) ignored
[0.979s] Level 1:colcon.colcon_core.package_identification:_identify(src) by extensions ['ignore', 'ignore_ament_install']
[0.979s] Level 1:colcon.colcon_core.package_identification:_identify(src) by extension 'ignore'
[0.979s] Level 1:colcon.colcon_core.package_identification:_identify(src) by extension 'ignore_ament_install'
[0.979s] Level 1:colcon.colcon_core.package_identification:_identify(src) by extensions ['colcon_pkg']
[0.979s] Level 1:colcon.colcon_core.package_identification:_identify(src) by extension 'colcon_pkg'
[0.979s] Level 1:colcon.colcon_core.package_identification:_identify(src) by extensions ['colcon_meta']
[0.979s] Level 1:colcon.colcon_core.package_identification:_identify(src) by extension 'colcon_meta'
[0.979s] Level 1:colcon.colcon_core.package_identification:_identify(src) by extensions ['ros']
[0.980s] Level 1:colcon.colcon_core.package_identification:_identify(src) by extension 'ros'
[0.980s] Level 1:colcon.colcon_core.package_identification:_identify(src) by extensions ['cmake', 'python']
[0.980s] Level 1:colcon.colcon_core.package_identification:_identify(src) by extension 'cmake'
[0.980s] Level 1:colcon.colcon_core.package_identification:_identify(src) by extension 'python'
[0.980s] Level 1:colcon.colcon_core.package_identification:_identify(src) by extensions ['python_setup_py']
[0.980s] Level 1:colcon.colcon_core.package_identification:_identify(src) by extension 'python_setup_py'
[0.980s] Level 1:colcon.colcon_core.package_identification:_identify(src/OrbbecSDK_ROS2) by extensions ['ignore', 'ignore_ament_install']
[0.980s] Level 1:colcon.colcon_core.package_identification:_identify(src/OrbbecSDK_ROS2) by extension 'ignore'
[0.980s] Level 1:colcon.colcon_core.package_identification:_identify(src/OrbbecSDK_ROS2) by extension 'ignore_ament_install'
[0.980s] Level 1:colcon.colcon_core.package_identification:_identify(src/OrbbecSDK_ROS2) by extensions ['colcon_pkg']
[0.980s] Level 1:colcon.colcon_core.package_identification:_identify(src/OrbbecSDK_ROS2) by extension 'colcon_pkg'
[0.980s] Level 1:colcon.colcon_core.package_identification:_identify(src/OrbbecSDK_ROS2) by extensions ['colcon_meta']
[0.980s] Level 1:colcon.colcon_core.package_identification:_identify(src/OrbbecSDK_ROS2) by extension 'colcon_meta'
[0.980s] Level 1:colcon.colcon_core.package_identification:_identify(src/OrbbecSDK_ROS2) by extensions ['ros']
[0.980s] Level 1:colcon.colcon_core.package_identification:_identify(src/OrbbecSDK_ROS2) by extension 'ros'
[0.980s] Level 1:colcon.colcon_core.package_identification:_identify(src/OrbbecSDK_ROS2) by extensions ['cmake', 'python']
[0.980s] Level 1:colcon.colcon_core.package_identification:_identify(src/OrbbecSDK_ROS2) by extension 'cmake'
[0.980s] Level 1:colcon.colcon_core.package_identification:_identify(src/OrbbecSDK_ROS2) by extension 'python'
[0.980s] Level 1:colcon.colcon_core.package_identification:_identify(src/OrbbecSDK_ROS2) by extensions ['python_setup_py']
[0.980s] Level 1:colcon.colcon_core.package_identification:_identify(src/OrbbecSDK_ROS2) by extension 'python_setup_py'
[0.980s] Level 1:colcon.colcon_core.package_identification:_identify(src/OrbbecSDK_ROS2/orbbec_camera) by extensions ['ignore', 'ignore_ament_install']
[0.980s] Level 1:colcon.colcon_core.package_identification:_identify(src/OrbbecSDK_ROS2/orbbec_camera) by extension 'ignore'
[0.981s] Level 1:colcon.colcon_core.package_identification:_identify(src/OrbbecSDK_ROS2/orbbec_camera) by extension 'ignore_ament_install'
[0.981s] Level 1:colcon.colcon_core.package_identification:_identify(src/OrbbecSDK_ROS2/orbbec_camera) by extensions ['colcon_pkg']
[0.981s] Level 1:colcon.colcon_core.package_identification:_identify(src/OrbbecSDK_ROS2/orbbec_camera) by extension 'colcon_pkg'
[0.981s] Level 1:colcon.colcon_core.package_identification:_identify(src/OrbbecSDK_ROS2/orbbec_camera) by extensions ['colcon_meta']
[0.981s] Level 1:colcon.colcon_core.package_identification:_identify(src/OrbbecSDK_ROS2/orbbec_camera) by extension 'colcon_meta'
[0.981s] Level 1:colcon.colcon_core.package_identification:_identify(src/OrbbecSDK_ROS2/orbbec_camera) by extensions ['ros']
[0.981s] Level 1:colcon.colcon_core.package_identification:_identify(src/OrbbecSDK_ROS2/orbbec_camera) by extension 'ros'
[0.983s] DEBUG:colcon.colcon_core.package_identification:Package 'src/OrbbecSDK_ROS2/orbbec_camera' with type 'ros.ament_cmake' and name 'orbbec_camera'
[0.984s] Level 1:colcon.colcon_core.package_identification:_identify(src/OrbbecSDK_ROS2/orbbec_camera_msgs) by extensions ['ignore', 'ignore_ament_install']
[0.984s] Level 1:colcon.colcon_core.package_identification:_identify(src/OrbbecSDK_ROS2/orbbec_camera_msgs) by extension 'ignore'
[0.984s] Level 1:colcon.colcon_core.package_identification:_identify(src/OrbbecSDK_ROS2/orbbec_camera_msgs) by extension 'ignore_ament_install'
[0.984s] Level 1:colcon.colcon_core.package_identification:_identify(src/OrbbecSDK_ROS2/orbbec_camera_msgs) by extensions ['colcon_pkg']
[0.984s] Level 1:colcon.colcon_core.package_identification:_identify(src/OrbbecSDK_ROS2/orbbec_camera_msgs) by extension 'colcon_pkg'
[0.984s] Level 1:colcon.colcon_core.package_identification:_identify(src/OrbbecSDK_ROS2/orbbec_camera_msgs) by extensions ['colcon_meta']
[0.984s] Level 1:colcon.colcon_core.package_identification:_identify(src/OrbbecSDK_ROS2/orbbec_camera_msgs) by extension 'colcon_meta'
[0.984s] Level 1:colcon.colcon_core.package_identification:_identify(src/OrbbecSDK_ROS2/orbbec_camera_msgs) by extensions ['ros']
[0.984s] Level 1:colcon.colcon_core.package_identification:_identify(src/OrbbecSDK_ROS2/orbbec_camera_msgs) by extension 'ros'
[0.984s] DEBUG:colcon.colcon_core.package_identification:Package 'src/OrbbecSDK_ROS2/orbbec_camera_msgs' with type 'ros.ament_cmake' and name 'orbbec_camera_msgs'
[0.984s] Level 1:colcon.colcon_core.package_identification:_identify(src/OrbbecSDK_ROS2/orbbec_description) by extensions ['ignore', 'ignore_ament_install']
[0.984s] Level 1:colcon.colcon_core.package_identification:_identify(src/OrbbecSDK_ROS2/orbbec_description) by extension 'ignore'
[0.984s] Level 1:colcon.colcon_core.package_identification:_identify(src/OrbbecSDK_ROS2/orbbec_description) by extension 'ignore_ament_install'
[0.984s] Level 1:colcon.colcon_core.package_identification:_identify(src/OrbbecSDK_ROS2/orbbec_description) by extensions ['colcon_pkg']
[0.985s] Level 1:colcon.colcon_core.package_identification:_identify(src/OrbbecSDK_ROS2/orbbec_description) by extension 'colcon_pkg'
[0.985s] Level 1:colcon.colcon_core.package_identification:_identify(src/OrbbecSDK_ROS2/orbbec_description) by extensions ['colcon_meta']
[0.985s] Level 1:colcon.colcon_core.package_identification:_identify(src/OrbbecSDK_ROS2/orbbec_description) by extension 'colcon_meta'
[0.985s] Level 1:colcon.colcon_core.package_identification:_identify(src/OrbbecSDK_ROS2/orbbec_description) by extensions ['ros']
[0.985s] Level 1:colcon.colcon_core.package_identification:_identify(src/OrbbecSDK_ROS2/orbbec_description) by extension 'ros'
[0.985s] DEBUG:colcon.colcon_core.package_identification:Package 'src/OrbbecSDK_ROS2/orbbec_description' with type 'ros.ament_cmake' and name 'orbbec_description'
[0.985s] Level 1:colcon.colcon_core.package_identification:_identify(src/ros2_astra_camera) by extensions ['ignore', 'ignore_ament_install']
[0.985s] Level 1:colcon.colcon_core.package_identification:_identify(src/ros2_astra_camera) by extension 'ignore'
[0.985s] Level 1:colcon.colcon_core.package_identification:_identify(src/ros2_astra_camera) by extension 'ignore_ament_install'
[0.985s] Level 1:colcon.colcon_core.package_identification:_identify(src/ros2_astra_camera) by extensions ['colcon_pkg']
[0.985s] Level 1:colcon.colcon_core.package_identification:_identify(src/ros2_astra_camera) by extension 'colcon_pkg'
[0.985s] Level 1:colcon.colcon_core.package_identification:_identify(src/ros2_astra_camera) by extensions ['colcon_meta']
[0.985s] Level 1:colcon.colcon_core.package_identification:_identify(src/ros2_astra_camera) by extension 'colcon_meta'
[0.985s] Level 1:colcon.colcon_core.package_identification:_identify(src/ros2_astra_camera) by extensions ['ros']
[0.985s] Level 1:colcon.colcon_core.package_identification:_identify(src/ros2_astra_camera) by extension 'ros'
[0.985s] Level 1:colcon.colcon_core.package_identification:_identify(src/ros2_astra_camera) by extensions ['cmake', 'python']
[0.985s] Level 1:colcon.colcon_core.package_identification:_identify(src/ros2_astra_camera) by extension 'cmake'
[0.986s] Level 1:colcon.colcon_core.package_identification:_identify(src/ros2_astra_camera) by extension 'python'
[0.986s] Level 1:colcon.colcon_core.package_identification:_identify(src/ros2_astra_camera) by extensions ['python_setup_py']
[0.986s] Level 1:colcon.colcon_core.package_identification:_identify(src/ros2_astra_camera) by extension 'python_setup_py'
[0.986s] Level 1:colcon.colcon_core.package_identification:_identify(src/ros2_astra_camera/astra_camera) by extensions ['ignore', 'ignore_ament_install']
[0.986s] Level 1:colcon.colcon_core.package_identification:_identify(src/ros2_astra_camera/astra_camera) by extension 'ignore'
[0.986s] Level 1:colcon.colcon_core.package_identification:_identify(src/ros2_astra_camera/astra_camera) by extension 'ignore_ament_install'
[0.986s] Level 1:colcon.colcon_core.package_identification:_identify(src/ros2_astra_camera/astra_camera) by extensions ['colcon_pkg']
[0.986s] Level 1:colcon.colcon_core.package_identification:_identify(src/ros2_astra_camera/astra_camera) by extension 'colcon_pkg'
[0.986s] Level 1:colcon.colcon_core.package_identification:_identify(src/ros2_astra_camera/astra_camera) by extensions ['colcon_meta']
[0.986s] Level 1:colcon.colcon_core.package_identification:_identify(src/ros2_astra_camera/astra_camera) by extension 'colcon_meta'
[0.986s] Level 1:colcon.colcon_core.package_identification:_identify(src/ros2_astra_camera/astra_camera) by extensions ['ros']
[0.986s] Level 1:colcon.colcon_core.package_identification:_identify(src/ros2_astra_camera/astra_camera) by extension 'ros'
[0.987s] DEBUG:colcon.colcon_core.package_identification:Package 'src/ros2_astra_camera/astra_camera' with type 'ros.ament_cmake' and name 'astra_camera'
[0.987s] Level 1:colcon.colcon_core.package_identification:_identify(src/ros2_astra_camera/astra_camera_msgs) by extensions ['ignore', 'ignore_ament_install']
[0.987s] Level 1:colcon.colcon_core.package_identification:_identify(src/ros2_astra_camera/astra_camera_msgs) by extension 'ignore'
[0.988s] Level 1:colcon.colcon_core.package_identification:_identify(src/ros2_astra_camera/astra_camera_msgs) by extension 'ignore_ament_install'
[0.988s] Level 1:colcon.colcon_core.package_identification:_identify(src/ros2_astra_camera/astra_camera_msgs) by extensions ['colcon_pkg']
[0.988s] Level 1:colcon.colcon_core.package_identification:_identify(src/ros2_astra_camera/astra_camera_msgs) by extension 'colcon_pkg'
[0.988s] Level 1:colcon.colcon_core.package_identification:_identify(src/ros2_astra_camera/astra_camera_msgs) by extensions ['colcon_meta']
[0.988s] Level 1:colcon.colcon_core.package_identification:_identify(src/ros2_astra_camera/astra_camera_msgs) by extension 'colcon_meta'
[0.988s] Level 1:colcon.colcon_core.package_identification:_identify(src/ros2_astra_camera/astra_camera_msgs) by extensions ['ros']
[0.988s] Level 1:colcon.colcon_core.package_identification:_identify(src/ros2_astra_camera/astra_camera_msgs) by extension 'ros'
[0.988s] DEBUG:colcon.colcon_core.package_identification:Package 'src/ros2_astra_camera/astra_camera_msgs' with type 'ros.ament_cmake' and name 'astra_camera_msgs'
[0.988s] Level 1:colcon.colcon_core.package_identification:_identify(src/sllidar_ros2) by extensions ['ignore', 'ignore_ament_install']
[0.988s] Level 1:colcon.colcon_core.package_identification:_identify(src/sllidar_ros2) by extension 'ignore'
[0.988s] Level 1:colcon.colcon_core.package_identification:_identify(src/sllidar_ros2) by extension 'ignore_ament_install'
[0.988s] Level 1:colcon.colcon_core.package_identification:_identify(src/sllidar_ros2) by extensions ['colcon_pkg']
[0.988s] Level 1:colcon.colcon_core.package_identification:_identify(src/sllidar_ros2) by extension 'colcon_pkg'
[0.988s] Level 1:colcon.colcon_core.package_identification:_identify(src/sllidar_ros2) by extensions ['colcon_meta']
[0.988s] Level 1:colcon.colcon_core.package_identification:_identify(src/sllidar_ros2) by extension 'colcon_meta'
[0.988s] Level 1:colcon.colcon_core.package_identification:_identify(src/sllidar_ros2) by extensions ['ros']
[0.988s] Level 1:colcon.colcon_core.package_identification:_identify(src/sllidar_ros2) by extension 'ros'
[0.989s] DEBUG:colcon.colcon_core.package_identification:Package 'src/sllidar_ros2' with type 'ros.ament_cmake' and name 'sllidar_ros2'
[0.989s] Level 1:colcon.colcon_core.package_discovery:discover_packages(recursive) using defaults
[0.989s] Level 1:colcon.colcon_core.package_discovery:discover_packages(ignore) discover
[0.989s] Level 1:colcon.colcon_core.package_discovery:discover_packages(ignore) using defaults
[0.989s] Level 1:colcon.colcon_core.package_discovery:discover_packages(path) discover
[0.989s] Level 1:colcon.colcon_core.package_discovery:discover_packages(path) using defaults
[1.046s] Level 5:colcon.colcon_core.verb:set package 'astra_camera_msgs' build argument 'cmake_args' from command line to '['-DCMAKE_BUILD_TYPE=Release']'
[1.046s] Level 5:colcon.colcon_core.verb:set package 'astra_camera_msgs' build argument 'cmake_target' from command line to 'None'
[1.046s] Level 5:colcon.colcon_core.verb:set package 'astra_camera_msgs' build argument 'cmake_target_skip_unavailable' from command line to 'False'
[1.046s] Level 5:colcon.colcon_core.verb:set package 'astra_camera_msgs' build argument 'cmake_clean_cache' from command line to 'False'
[1.046s] Level 5:colcon.colcon_core.verb:set package 'astra_camera_msgs' build argument 'cmake_clean_first' from command line to 'False'
[1.046s] Level 5:colcon.colcon_core.verb:set package 'astra_camera_msgs' build argument 'cmake_force_configure' from command line to 'False'
[1.046s] Level 5:colcon.colcon_core.verb:set package 'astra_camera_msgs' build argument 'ament_cmake_args' from command line to 'None'
[1.046s] Level 5:colcon.colcon_core.verb:set package 'astra_camera_msgs' build argument 'catkin_cmake_args' from command line to 'None'
[1.046s] Level 5:colcon.colcon_core.verb:set package 'astra_camera_msgs' build argument 'catkin_skip_building_tests' from command line to 'False'
[1.046s] DEBUG:colcon.colcon_core.verb:Building package 'astra_camera_msgs' with the following arguments: {'ament_cmake_args': None, 'build_base': '/SLAM/ros_ws/build/astra_camera_msgs', 'catkin_cmake_args': None, 'catkin_skip_building_tests': False, 'cmake_args': ['-DCMAKE_BUILD_TYPE=Release'], 'cmake_clean_cache': False, 'cmake_clean_first': False, 'cmake_force_configure': False, 'cmake_target': None, 'cmake_target_skip_unavailable': False, 'install_base': '/SLAM/ros_ws/install/astra_camera_msgs', 'merge_install': False, 'path': '/SLAM/ros_ws/src/ros2_astra_camera/astra_camera_msgs', 'symlink_install': False, 'test_result_base': None}
[1.056s] Level 5:colcon.colcon_core.verb:set package 'orbbec_camera_msgs' build argument 'cmake_args' from command line to '['-DCMAKE_BUILD_TYPE=Release']'
[1.056s] Level 5:colcon.colcon_core.verb:set package 'orbbec_camera_msgs' build argument 'cmake_target' from command line to 'None'
[1.056s] Level 5:colcon.colcon_core.verb:set package 'orbbec_camera_msgs' build argument 'cmake_target_skip_unavailable' from command line to 'False'
[1.056s] Level 5:colcon.colcon_core.verb:set package 'orbbec_camera_msgs' build argument 'cmake_clean_cache' from command line to 'False'
[1.056s] Level 5:colcon.colcon_core.verb:set package 'orbbec_camera_msgs' build argument 'cmake_clean_first' from command line to 'False'
[1.056s] Level 5:colcon.colcon_core.verb:set package 'orbbec_camera_msgs' build argument 'cmake_force_configure' from command line to 'False'
[1.056s] Level 5:colcon.colcon_core.verb:set package 'orbbec_camera_msgs' build argument 'ament_cmake_args' from command line to 'None'
[1.056s] Level 5:colcon.colcon_core.verb:set package 'orbbec_camera_msgs' build argument 'catkin_cmake_args' from command line to 'None'
[1.056s] Level 5:colcon.colcon_core.verb:set package 'orbbec_camera_msgs' build argument 'catkin_skip_building_tests' from command line to 'False'
[1.056s] DEBUG:colcon.colcon_core.verb:Building package 'orbbec_camera_msgs' with the following arguments: {'ament_cmake_args': None, 'build_base': '/SLAM/ros_ws/build/orbbec_camera_msgs', 'catkin_cmake_args': None, 'catkin_skip_building_tests': False, 'cmake_args': ['-DCMAKE_BUILD_TYPE=Release'], 'cmake_clean_cache': False, 'cmake_clean_first': False, 'cmake_force_configure': False, 'cmake_target': None, 'cmake_target_skip_unavailable': False, 'install_base': '/SLAM/ros_ws/install/orbbec_camera_msgs', 'merge_install': False, 'path': '/SLAM/ros_ws/src/OrbbecSDK_ROS2/orbbec_camera_msgs', 'symlink_install': False, 'test_result_base': None}
[1.067s] Level 5:colcon.colcon_core.verb:set package 'orbbec_description' build argument 'cmake_args' from command line to '['-DCMAKE_BUILD_TYPE=Release']'
[1.067s] Level 5:colcon.colcon_core.verb:set package 'orbbec_description' build argument 'cmake_target' from command line to 'None'
[1.067s] Level 5:colcon.colcon_core.verb:set package 'orbbec_description' build argument 'cmake_target_skip_unavailable' from command line to 'False'
[1.067s] Level 5:colcon.colcon_core.verb:set package 'orbbec_description' build argument 'cmake_clean_cache' from command line to 'False'
[1.067s] Level 5:colcon.colcon_core.verb:set package 'orbbec_description' build argument 'cmake_clean_first' from command line to 'False'
[1.067s] Level 5:colcon.colcon_core.verb:set package 'orbbec_description' build argument 'cmake_force_configure' from command line to 'False'
[1.067s] Level 5:colcon.colcon_core.verb:set package 'orbbec_description' build argument 'ament_cmake_args' from command line to 'None'
[1.067s] Level 5:colcon.colcon_core.verb:set package 'orbbec_description' build argument 'catkin_cmake_args' from command line to 'None'
[1.067s] Level 5:colcon.colcon_core.verb:set package 'orbbec_description' build argument 'catkin_skip_building_tests' from command line to 'False'
[1.067s] DEBUG:colcon.colcon_core.verb:Building package 'orbbec_description' with the following arguments: {'ament_cmake_args': None, 'build_base': '/SLAM/ros_ws/build/orbbec_description', 'catkin_cmake_args': None, 'catkin_skip_building_tests': False, 'cmake_args': ['-DCMAKE_BUILD_TYPE=Release'], 'cmake_clean_cache': False, 'cmake_clean_first': False, 'cmake_force_configure': False, 'cmake_target': None, 'cmake_target_skip_unavailable': False, 'install_base': '/SLAM/ros_ws/install/orbbec_description', 'merge_install': False, 'path': '/SLAM/ros_ws/src/OrbbecSDK_ROS2/orbbec_description', 'symlink_install': False, 'test_result_base': None}
[1.077s] Level 5:colcon.colcon_core.verb:set package 'sllidar_ros2' build argument 'cmake_args' from command line to '['-DCMAKE_BUILD_TYPE=Release']'
[1.077s] Level 5:colcon.colcon_core.verb:set package 'sllidar_ros2' build argument 'cmake_target' from command line to 'None'
[1.077s] Level 5:colcon.colcon_core.verb:set package 'sllidar_ros2' build argument 'cmake_target_skip_unavailable' from command line to 'False'
[1.077s] Level 5:colcon.colcon_core.verb:set package 'sllidar_ros2' build argument 'cmake_clean_cache' from command line to 'False'
[1.077s] Level 5:colcon.colcon_core.verb:set package 'sllidar_ros2' build argument 'cmake_clean_first' from command line to 'False'
[1.077s] Level 5:colcon.colcon_core.verb:set package 'sllidar_ros2' build argument 'cmake_force_configure' from command line to 'False'
[1.077s] Level 5:colcon.colcon_core.verb:set package 'sllidar_ros2' build argument 'ament_cmake_args' from command line to 'None'
[1.078s] Level 5:colcon.colcon_core.verb:set package 'sllidar_ros2' build argument 'catkin_cmake_args' from command line to 'None'
[1.078s] Level 5:colcon.colcon_core.verb:set package 'sllidar_ros2' build argument 'catkin_skip_building_tests' from command line to 'False'
[1.078s] DEBUG:colcon.colcon_core.verb:Building package 'sllidar_ros2' with the following arguments: {'ament_cmake_args': None, 'build_base': '/SLAM/ros_ws/build/sllidar_ros2', 'catkin_cmake_args': None, 'catkin_skip_building_tests': False, 'cmake_args': ['-DCMAKE_BUILD_TYPE=Release'], 'cmake_clean_cache': False, 'cmake_clean_first': False, 'cmake_force_configure': False, 'cmake_target': None, 'cmake_target_skip_unavailable': False, 'install_base': '/SLAM/ros_ws/install/sllidar_ros2', 'merge_install': False, 'path': '/SLAM/ros_ws/src/sllidar_ros2', 'symlink_install': False, 'test_result_base': None}
[1.087s] Level 5:colcon.colcon_core.verb:set package 'astra_camera' build argument 'cmake_args' from command line to '['-DCMAKE_BUILD_TYPE=Release']'
[1.087s] Level 5:colcon.colcon_core.verb:set package 'astra_camera' build argument 'cmake_target' from command line to 'None'
[1.087s] Level 5:colcon.colcon_core.verb:set package 'astra_camera' build argument 'cmake_target_skip_unavailable' from command line to 'False'
[1.087s] Level 5:colcon.colcon_core.verb:set package 'astra_camera' build argument 'cmake_clean_cache' from command line to 'False'
[1.087s] Level 5:colcon.colcon_core.verb:set package 'astra_camera' build argument 'cmake_clean_first' from command line to 'False'
[1.088s] Level 5:colcon.colcon_core.verb:set package 'astra_camera' build argument 'cmake_force_configure' from command line to 'False'
[1.088s] Level 5:colcon.colcon_core.verb:set package 'astra_camera' build argument 'ament_cmake_args' from command line to 'None'
[1.088s] Level 5:colcon.colcon_core.verb:set package 'astra_camera' build argument 'catkin_cmake_args' from command line to 'None'
[1.088s] Level 5:colcon.colcon_core.verb:set package 'astra_camera' build argument 'catkin_skip_building_tests' from command line to 'False'
[1.088s] DEBUG:colcon.colcon_core.verb:Building package 'astra_camera' with the following arguments: {'ament_cmake_args': None, 'build_base': '/SLAM/ros_ws/build/astra_camera', 'catkin_cmake_args': None, 'catkin_skip_building_tests': False, 'cmake_args': ['-DCMAKE_BUILD_TYPE=Release'], 'cmake_clean_cache': False, 'cmake_clean_first': False, 'cmake_force_configure': False, 'cmake_target': None, 'cmake_target_skip_unavailable': False, 'install_base': '/SLAM/ros_ws/install/astra_camera', 'merge_install': False, 'path': '/SLAM/ros_ws/src/ros2_astra_camera/astra_camera', 'symlink_install': False, 'test_result_base': None}
[1.097s] Level 5:colcon.colcon_core.verb:set package 'orbbec_camera' build argument 'cmake_args' from command line to '['-DCMAKE_BUILD_TYPE=Release']'
[1.097s] Level 5:colcon.colcon_core.verb:set package 'orbbec_camera' build argument 'cmake_target' from command line to 'None'
[1.097s] Level 5:colcon.colcon_core.verb:set package 'orbbec_camera' build argument 'cmake_target_skip_unavailable' from command line to 'False'
[1.097s] Level 5:colcon.colcon_core.verb:set package 'orbbec_camera' build argument 'cmake_clean_cache' from command line to 'False'
[1.097s] Level 5:colcon.colcon_core.verb:set package 'orbbec_camera' build argument 'cmake_clean_first' from command line to 'False'
[1.097s] Level 5:colcon.colcon_core.verb:set package 'orbbec_camera' build argument 'cmake_force_configure' from command line to 'False'
[1.098s] Level 5:colcon.colcon_core.verb:set package 'orbbec_camera' build argument 'ament_cmake_args' from command line to 'None'
[1.098s] Level 5:colcon.colcon_core.verb:set package 'orbbec_camera' build argument 'catkin_cmake_args' from command line to 'None'
[1.098s] Level 5:colcon.colcon_core.verb:set package 'orbbec_camera' build argument 'catkin_skip_building_tests' from command line to 'False'
[1.098s] DEBUG:colcon.colcon_core.verb:Building package 'orbbec_camera' with the following arguments: {'ament_cmake_args': None, 'build_base': '/SLAM/ros_ws/build/orbbec_camera', 'catkin_cmake_args': None, 'catkin_skip_building_tests': False, 'cmake_args': ['-DCMAKE_BUILD_TYPE=Release'], 'cmake_clean_cache': False, 'cmake_clean_first': False, 'cmake_force_configure': False, 'cmake_target': None, 'cmake_target_skip_unavailable': False, 'install_base': '/SLAM/ros_ws/install/orbbec_camera', 'merge_install': False, 'path': '/SLAM/ros_ws/src/OrbbecSDK_ROS2/orbbec_camera', 'symlink_install': False, 'test_result_base': None}
[1.107s] INFO:colcon.colcon_core.executor:Executing jobs using 'parallel' executor
[1.119s] DEBUG:colcon.colcon_parallel_executor.executor.parallel:run_until_complete
[1.119s] INFO:colcon.colcon_ros.task.ament_cmake.build:Building ROS package in '/SLAM/ros_ws/src/ros2_astra_camera/astra_camera_msgs' with build type 'ament_cmake'
[1.119s] INFO:colcon.colcon_cmake.task.cmake.build:Building CMake package in '/SLAM/ros_ws/src/ros2_astra_camera/astra_camera_msgs'
[1.131s] INFO:colcon.colcon_core.plugin_system:Skipping extension 'colcon_core.shell.bat': Not used on non-Windows systems
[1.131s] INFO:colcon.colcon_core.shell:Skip shell extension 'powershell' for command environment: Not usable outside of PowerShell
[1.132s] DEBUG:colcon.colcon_core.shell:Skip shell extension 'dsv' for command environment
[1.173s] INFO:colcon.colcon_ros.task.ament_cmake.build:Building ROS package in '/SLAM/ros_ws/src/OrbbecSDK_ROS2/orbbec_camera_msgs' with build type 'ament_cmake'
[1.173s] INFO:colcon.colcon_cmake.task.cmake.build:Building CMake package in '/SLAM/ros_ws/src/OrbbecSDK_ROS2/orbbec_camera_msgs'
[1.186s] INFO:colcon.colcon_core.shell:Skip shell extension 'powershell' for command environment: Not usable outside of PowerShell
[1.186s] DEBUG:colcon.colcon_core.shell:Skip shell extension 'dsv' for command environment
[1.223s] INFO:colcon.colcon_ros.task.ament_cmake.build:Building ROS package in '/SLAM/ros_ws/src/OrbbecSDK_ROS2/orbbec_description' with build type 'ament_cmake'
[1.223s] INFO:colcon.colcon_cmake.task.cmake.build:Building CMake package in '/SLAM/ros_ws/src/OrbbecSDK_ROS2/orbbec_description'
[1.234s] INFO:colcon.colcon_core.shell:Skip shell extension 'powershell' for command environment: Not usable outside of PowerShell
[1.234s] DEBUG:colcon.colcon_core.shell:Skip shell extension 'dsv' for command environment
[1.269s] INFO:colcon.colcon_ros.task.ament_cmake.build:Building ROS package in '/SLAM/ros_ws/src/sllidar_ros2' with build type 'ament_cmake'
[1.269s] INFO:colcon.colcon_cmake.task.cmake.build:Building CMake package in '/SLAM/ros_ws/src/sllidar_ros2'
[1.280s] INFO:colcon.colcon_core.shell:Skip shell extension 'powershell' for command environment: Not usable outside of PowerShell
[1.280s] DEBUG:colcon.colcon_core.shell:Skip shell extension 'dsv' for command environment
[1.318s] DEBUG:colcon.colcon_core.event_handler.log_command:Invoking command in '/SLAM/ros_ws/build/astra_camera_msgs': CMAKE_PREFIX_PATH=${CMAKE_PREFIX_PATH}:/opt/ros/humble /usr/bin/cmake /SLAM/ros_ws/src/ros2_astra_camera/astra_camera_msgs -DCMAKE_BUILD_TYPE=Release -DCMAKE_INSTALL_PREFIX=/SLAM/ros_ws/install/astra_camera_msgs
[1.321s] DEBUG:colcon.colcon_core.event_handler.log_command:Invoking command in '/SLAM/ros_ws/build/orbbec_camera_msgs': CMAKE_PREFIX_PATH=${CMAKE_PREFIX_PATH}:/opt/ros/humble /usr/bin/cmake /SLAM/ros_ws/src/OrbbecSDK_ROS2/orbbec_camera_msgs -DCMAKE_BUILD_TYPE=Release -DCMAKE_INSTALL_PREFIX=/SLAM/ros_ws/install/orbbec_camera_msgs
[1.323s] DEBUG:colcon.colcon_core.event_handler.log_command:Invoking command in '/SLAM/ros_ws/build/orbbec_description': CMAKE_PREFIX_PATH=${CMAKE_PREFIX_PATH}:/opt/ros/humble /usr/bin/cmake /SLAM/ros_ws/src/OrbbecSDK_ROS2/orbbec_description -DCMAKE_BUILD_TYPE=Release -DCMAKE_INSTALL_PREFIX=/SLAM/ros_ws/install/orbbec_description
[1.325s] DEBUG:colcon.colcon_core.event_handler.log_command:Invoking command in '/SLAM/ros_ws/build/sllidar_ros2': CMAKE_PREFIX_PATH=${CMAKE_PREFIX_PATH}:/opt/ros/humble /usr/bin/cmake /SLAM/ros_ws/src/sllidar_ros2 -DCMAKE_BUILD_TYPE=Release -DCMAKE_INSTALL_PREFIX=/SLAM/ros_ws/install/sllidar_ros2
[2.077s] DEBUG:colcon.colcon_core.event_handler.log_command:Invoked command in '/SLAM/ros_ws/build/orbbec_description' returned '0': CMAKE_PREFIX_PATH=${CMAKE_PREFIX_PATH}:/opt/ros/humble /usr/bin/cmake /SLAM/ros_ws/src/OrbbecSDK_ROS2/orbbec_description -DCMAKE_BUILD_TYPE=Release -DCMAKE_INSTALL_PREFIX=/SLAM/ros_ws/install/orbbec_description
[2.079s] DEBUG:colcon.colcon_core.event_handler.log_command:Invoking command in '/SLAM/ros_ws/build/orbbec_description': CMAKE_PREFIX_PATH=${CMAKE_PREFIX_PATH}:/opt/ros/humble /usr/bin/cmake --build /SLAM/ros_ws/build/orbbec_description -- -j16 -l16
[2.130s] DEBUG:colcon.colcon_core.event_handler.log_command:Invoked command in '/SLAM/ros_ws/build/orbbec_description' returned '0': CMAKE_PREFIX_PATH=${CMAKE_PREFIX_PATH}:/opt/ros/humble /usr/bin/cmake --build /SLAM/ros_ws/build/orbbec_description -- -j16 -l16
[2.173s] DEBUG:colcon.colcon_core.event_handler.log_command:Invoking command in '/SLAM/ros_ws/build/orbbec_description': CMAKE_PREFIX_PATH=${CMAKE_PREFIX_PATH}:/opt/ros/humble /usr/bin/cmake --install /SLAM/ros_ws/build/orbbec_description
[2.187s] Level 1:colcon.colcon_core.environment:create_environment_scripts_only(orbbec_description)
[2.187s] DEBUG:colcon.colcon_core.event_handler.log_command:Invoked command in '/SLAM/ros_ws/build/orbbec_description' returned '0': CMAKE_PREFIX_PATH=${CMAKE_PREFIX_PATH}:/opt/ros/humble /usr/bin/cmake --install /SLAM/ros_ws/build/orbbec_description
[2.202s] Level 1:colcon.colcon_core.environment:checking '/SLAM/ros_ws/install/orbbec_description' for CMake module files
[2.202s] Level 1:colcon.colcon_core.environment:checking '/SLAM/ros_ws/install/orbbec_description' for CMake config files
[2.202s] Level 1:colcon.colcon_core.shell:create_environment_hook('orbbec_description', 'cmake_prefix_path')
[2.218s] INFO:colcon.colcon_core.shell:Creating environment hook '/SLAM/ros_ws/install/orbbec_description/share/orbbec_description/hook/cmake_prefix_path.ps1'
[2.219s] INFO:colcon.colcon_core.shell:Creating environment descriptor '/SLAM/ros_ws/install/orbbec_description/share/orbbec_description/hook/cmake_prefix_path.dsv'
[2.219s] INFO:colcon.colcon_core.shell:Creating environment hook '/SLAM/ros_ws/install/orbbec_description/share/orbbec_description/hook/cmake_prefix_path.sh'
[2.220s] Level 1:colcon.colcon_core.environment:checking '/SLAM/ros_ws/install/orbbec_description/bin'
[2.220s] Level 1:colcon.colcon_core.environment:checking '/SLAM/ros_ws/install/orbbec_description/lib/pkgconfig/orbbec_description.pc'
[2.222s] Level 1:colcon.colcon_core.environment:checking '/SLAM/ros_ws/install/orbbec_description/lib/python3.10/site-packages'
[2.222s] Level 1:colcon.colcon_core.environment:checking '/SLAM/ros_ws/install/orbbec_description/bin'
[2.235s] INFO:colcon.colcon_core.shell:Creating package script '/SLAM/ros_ws/install/orbbec_description/share/orbbec_description/package.ps1'
[2.236s] INFO:colcon.colcon_core.shell:Creating package descriptor '/SLAM/ros_ws/install/orbbec_description/share/orbbec_description/package.dsv'
[2.237s] INFO:colcon.colcon_core.shell:Creating package script '/SLAM/ros_ws/install/orbbec_description/share/orbbec_description/package.sh'
[2.237s] INFO:colcon.colcon_core.shell:Creating package script '/SLAM/ros_ws/install/orbbec_description/share/orbbec_description/package.bash'
[2.238s] INFO:colcon.colcon_core.shell:Creating package script '/SLAM/ros_ws/install/orbbec_description/share/orbbec_description/package.zsh'
[2.239s] Level 1:colcon.colcon_core.environment:create_file_with_runtime_dependencies(/SLAM/ros_ws/install/orbbec_description/share/colcon-core/packages/orbbec_description)
[2.282s] Level 1:colcon.colcon_core.environment:create_environment_scripts_only(orbbec_description)
[2.294s] Level 1:colcon.colcon_core.environment:checking '/SLAM/ros_ws/install/orbbec_description' for CMake module files
[2.294s] Level 1:colcon.colcon_core.environment:checking '/SLAM/ros_ws/install/orbbec_description' for CMake config files
[2.295s] Level 1:colcon.colcon_core.shell:create_environment_hook('orbbec_description', 'cmake_prefix_path')
[2.306s] INFO:colcon.colcon_core.shell:Creating environment hook '/SLAM/ros_ws/install/orbbec_description/share/orbbec_description/hook/cmake_prefix_path.ps1'
[2.306s] INFO:colcon.colcon_core.shell:Creating environment descriptor '/SLAM/ros_ws/install/orbbec_description/share/orbbec_description/hook/cmake_prefix_path.dsv'
[2.307s] INFO:colcon.colcon_core.shell:Creating environment hook '/SLAM/ros_ws/install/orbbec_description/share/orbbec_description/hook/cmake_prefix_path.sh'
[2.307s] Level 1:colcon.colcon_core.environment:checking '/SLAM/ros_ws/install/orbbec_description/bin'
[2.307s] Level 1:colcon.colcon_core.environment:checking '/SLAM/ros_ws/install/orbbec_description/lib/pkgconfig/orbbec_description.pc'
[2.307s] Level 1:colcon.colcon_core.environment:checking '/SLAM/ros_ws/install/orbbec_description/lib/python3.10/site-packages'
[2.307s] Level 1:colcon.colcon_core.environment:checking '/SLAM/ros_ws/install/orbbec_description/bin'
[2.319s] INFO:colcon.colcon_core.shell:Creating package script '/SLAM/ros_ws/install/orbbec_description/share/orbbec_description/package.ps1'
[2.319s] INFO:colcon.colcon_core.shell:Creating package descriptor '/SLAM/ros_ws/install/orbbec_description/share/orbbec_description/package.dsv'
[2.320s] INFO:colcon.colcon_core.shell:Creating package script '/SLAM/ros_ws/install/orbbec_description/share/orbbec_description/package.sh'
[2.320s] INFO:colcon.colcon_core.shell:Creating package script '/SLAM/ros_ws/install/orbbec_description/share/orbbec_description/package.bash'
[2.320s] INFO:colcon.colcon_core.shell:Creating package script '/SLAM/ros_ws/install/orbbec_description/share/orbbec_description/package.zsh'
[2.321s] Level 1:colcon.colcon_core.environment:create_file_with_runtime_dependencies(/SLAM/ros_ws/install/orbbec_description/share/colcon-core/packages/orbbec_description)
[3.038s] DEBUG:colcon.colcon_core.event_handler.log_command:Invoked command in '/SLAM/ros_ws/build/sllidar_ros2' returned '0': CMAKE_PREFIX_PATH=${CMAKE_PREFIX_PATH}:/opt/ros/humble /usr/bin/cmake /SLAM/ros_ws/src/sllidar_ros2 -DCMAKE_BUILD_TYPE=Release -DCMAKE_INSTALL_PREFIX=/SLAM/ros_ws/install/sllidar_ros2
[3.040s] DEBUG:colcon.colcon_core.event_handler.log_command:Invoking command in '/SLAM/ros_ws/build/sllidar_ros2': CMAKE_PREFIX_PATH=${CMAKE_PREFIX_PATH}:/opt/ros/humble /usr/bin/cmake --build /SLAM/ros_ws/build/sllidar_ros2 -- -j16 -l16
[4.308s] DEBUG:colcon.colcon_core.event_handler.log_command:Invoked command in '/SLAM/ros_ws/build/orbbec_camera_msgs' returned '0': CMAKE_PREFIX_PATH=${CMAKE_PREFIX_PATH}:/opt/ros/humble /usr/bin/cmake /SLAM/ros_ws/src/OrbbecSDK_ROS2/orbbec_camera_msgs -DCMAKE_BUILD_TYPE=Release -DCMAKE_INSTALL_PREFIX=/SLAM/ros_ws/install/orbbec_camera_msgs
[4.339s] DEBUG:colcon.colcon_core.event_handler.log_command:Invoking command in '/SLAM/ros_ws/build/orbbec_camera_msgs': CMAKE_PREFIX_PATH=${CMAKE_PREFIX_PATH}:/opt/ros/humble /usr/bin/cmake --build /SLAM/ros_ws/build/orbbec_camera_msgs -- -j16 -l16
[4.784s] DEBUG:colcon.colcon_core.event_handler.log_command:Invoked command in '/SLAM/ros_ws/build/astra_camera_msgs' returned '0': CMAKE_PREFIX_PATH=${CMAKE_PREFIX_PATH}:/opt/ros/humble /usr/bin/cmake /SLAM/ros_ws/src/ros2_astra_camera/astra_camera_msgs -DCMAKE_BUILD_TYPE=Release -DCMAKE_INSTALL_PREFIX=/SLAM/ros_ws/install/astra_camera_msgs
[4.787s] DEBUG:colcon.colcon_core.event_handler.log_command:Invoking command in '/SLAM/ros_ws/build/astra_camera_msgs': CMAKE_PREFIX_PATH=${CMAKE_PREFIX_PATH}:/opt/ros/humble /usr/bin/cmake --build /SLAM/ros_ws/build/astra_camera_msgs -- -j16 -l16
[15.951s] DEBUG:colcon.colcon_core.event_handler.log_command:Invoked command in '/SLAM/ros_ws/build/astra_camera_msgs' returned '0': CMAKE_PREFIX_PATH=${CMAKE_PREFIX_PATH}:/opt/ros/humble /usr/bin/cmake --build /SLAM/ros_ws/build/astra_camera_msgs -- -j16 -l16
[16.010s] DEBUG:colcon.colcon_core.event_handler.log_command:Invoked command in '/SLAM/ros_ws/build/orbbec_camera_msgs' returned '0': CMAKE_PREFIX_PATH=${CMAKE_PREFIX_PATH}:/opt/ros/humble /usr/bin/cmake --build /SLAM/ros_ws/build/orbbec_camera_msgs -- -j16 -l16
[16.263s] DEBUG:colcon.colcon_core.event_handler.log_command:Invoking command in '/SLAM/ros_ws/build/astra_camera_msgs': CMAKE_PREFIX_PATH=${CMAKE_PREFIX_PATH}:/opt/ros/humble /usr/bin/cmake --install /SLAM/ros_ws/build/astra_camera_msgs
[16.348s] DEBUG:colcon.colcon_core.event_handler.log_command:Invoking command in '/SLAM/ros_ws/build/orbbec_camera_msgs': CMAKE_PREFIX_PATH=${CMAKE_PREFIX_PATH}:/opt/ros/humble /usr/bin/cmake --install /SLAM/ros_ws/build/orbbec_camera_msgs
[16.370s] Level 1:colcon.colcon_core.environment:create_environment_scripts_only(astra_camera_msgs)
[16.372s] DEBUG:colcon.colcon_core.event_handler.log_command:Invoked command in '/SLAM/ros_ws/build/astra_camera_msgs' returned '0': CMAKE_PREFIX_PATH=${CMAKE_PREFIX_PATH}:/opt/ros/humble /usr/bin/cmake --install /SLAM/ros_ws/build/astra_camera_msgs
[16.421s] Level 1:colcon.colcon_core.environment:checking '/SLAM/ros_ws/install/astra_camera_msgs' for CMake module files
[16.422s] Level 1:colcon.colcon_core.environment:checking '/SLAM/ros_ws/install/astra_camera_msgs' for CMake config files
[16.424s] Level 1:colcon.colcon_core.shell:create_environment_hook('astra_camera_msgs', 'cmake_prefix_path')
[16.438s] INFO:colcon.colcon_core.shell:Creating environment hook '/SLAM/ros_ws/install/astra_camera_msgs/share/astra_camera_msgs/hook/cmake_prefix_path.ps1'
[16.439s] INFO:colcon.colcon_core.shell:Creating environment descriptor '/SLAM/ros_ws/install/astra_camera_msgs/share/astra_camera_msgs/hook/cmake_prefix_path.dsv'
[16.439s] INFO:colcon.colcon_core.shell:Creating environment hook '/SLAM/ros_ws/install/astra_camera_msgs/share/astra_camera_msgs/hook/cmake_prefix_path.sh'
[16.440s] Level 1:colcon.colcon_core.environment:checking '/SLAM/ros_ws/install/astra_camera_msgs/lib'
[16.440s] Level 1:colcon.colcon_core.shell:create_environment_hook('astra_camera_msgs', 'ld_library_path_lib')
[16.453s] INFO:colcon.colcon_core.shell:Creating environment hook '/SLAM/ros_ws/install/astra_camera_msgs/share/astra_camera_msgs/hook/ld_library_path_lib.ps1'
[16.454s] INFO:colcon.colcon_core.shell:Creating environment descriptor '/SLAM/ros_ws/install/astra_camera_msgs/share/astra_camera_msgs/hook/ld_library_path_lib.dsv'
[16.454s] INFO:colcon.colcon_core.shell:Creating environment hook '/SLAM/ros_ws/install/astra_camera_msgs/share/astra_camera_msgs/hook/ld_library_path_lib.sh'
[16.455s] Level 1:colcon.colcon_core.environment:checking '/SLAM/ros_ws/install/astra_camera_msgs/bin'
[16.455s] Level 1:colcon.colcon_core.environment:checking '/SLAM/ros_ws/install/astra_camera_msgs/lib/pkgconfig/astra_camera_msgs.pc'
[16.455s] Level 1:colcon.colcon_core.environment:checking '/SLAM/ros_ws/install/astra_camera_msgs/lib/python3.10/site-packages'
[16.455s] Level 1:colcon.colcon_core.environment:checking '/SLAM/ros_ws/install/astra_camera_msgs/bin'
[16.469s] INFO:colcon.colcon_core.shell:Creating package script '/SLAM/ros_ws/install/astra_camera_msgs/share/astra_camera_msgs/package.ps1'
[16.470s] INFO:colcon.colcon_core.shell:Creating package descriptor '/SLAM/ros_ws/install/astra_camera_msgs/share/astra_camera_msgs/package.dsv'
[16.470s] INFO:colcon.colcon_core.shell:Creating package script '/SLAM/ros_ws/install/astra_camera_msgs/share/astra_camera_msgs/package.sh'
[16.471s] INFO:colcon.colcon_core.shell:Creating package script '/SLAM/ros_ws/install/astra_camera_msgs/share/astra_camera_msgs/package.bash'
[16.471s] INFO:colcon.colcon_core.shell:Creating package script '/SLAM/ros_ws/install/astra_camera_msgs/share/astra_camera_msgs/package.zsh'
[16.472s] Level 1:colcon.colcon_core.environment:create_file_with_runtime_dependencies(/SLAM/ros_ws/install/astra_camera_msgs/share/colcon-core/packages/astra_camera_msgs)
[16.505s] Level 1:colcon.colcon_core.environment:create_environment_scripts_only(orbbec_camera_msgs)
[16.506s] DEBUG:colcon.colcon_core.event_handler.log_command:Invoked command in '/SLAM/ros_ws/build/orbbec_camera_msgs' returned '0': CMAKE_PREFIX_PATH=${CMAKE_PREFIX_PATH}:/opt/ros/humble /usr/bin/cmake --install /SLAM/ros_ws/build/orbbec_camera_msgs
[16.520s] Level 1:colcon.colcon_core.environment:checking '/SLAM/ros_ws/install/orbbec_camera_msgs' for CMake module files
[16.521s] Level 1:colcon.colcon_core.environment:checking '/SLAM/ros_ws/install/orbbec_camera_msgs' for CMake config files
[16.522s] Level 1:colcon.colcon_core.shell:create_environment_hook('orbbec_camera_msgs', 'cmake_prefix_path')
[16.537s] INFO:colcon.colcon_core.shell:Creating environment hook '/SLAM/ros_ws/install/orbbec_camera_msgs/share/orbbec_camera_msgs/hook/cmake_prefix_path.ps1'
[16.538s] INFO:colcon.colcon_core.shell:Creating environment descriptor '/SLAM/ros_ws/install/orbbec_camera_msgs/share/orbbec_camera_msgs/hook/cmake_prefix_path.dsv'
[16.538s] INFO:colcon.colcon_core.shell:Creating environment hook '/SLAM/ros_ws/install/orbbec_camera_msgs/share/orbbec_camera_msgs/hook/cmake_prefix_path.sh'
[16.539s] Level 1:colcon.colcon_core.environment:checking '/SLAM/ros_ws/install/orbbec_camera_msgs/lib'
[16.539s] Level 1:colcon.colcon_core.shell:create_environment_hook('orbbec_camera_msgs', 'ld_library_path_lib')
[16.555s] INFO:colcon.colcon_core.shell:Creating environment hook '/SLAM/ros_ws/install/orbbec_camera_msgs/share/orbbec_camera_msgs/hook/ld_library_path_lib.ps1'
[16.556s] INFO:colcon.colcon_core.shell:Creating environment descriptor '/SLAM/ros_ws/install/orbbec_camera_msgs/share/orbbec_camera_msgs/hook/ld_library_path_lib.dsv'
[16.556s] INFO:colcon.colcon_core.shell:Creating environment hook '/SLAM/ros_ws/install/orbbec_camera_msgs/share/orbbec_camera_msgs/hook/ld_library_path_lib.sh'
[16.557s] Level 1:colcon.colcon_core.environment:checking '/SLAM/ros_ws/install/orbbec_camera_msgs/bin'
[16.557s] Level 1:colcon.colcon_core.environment:checking '/SLAM/ros_ws/install/orbbec_camera_msgs/lib/pkgconfig/orbbec_camera_msgs.pc'
[16.557s] Level 1:colcon.colcon_core.environment:checking '/SLAM/ros_ws/install/orbbec_camera_msgs/lib/python3.10/site-packages'
[16.557s] Level 1:colcon.colcon_core.environment:checking '/SLAM/ros_ws/install/orbbec_camera_msgs/bin'
[16.572s] INFO:colcon.colcon_core.shell:Creating package script '/SLAM/ros_ws/install/orbbec_camera_msgs/share/orbbec_camera_msgs/package.ps1'
[16.573s] INFO:colcon.colcon_core.shell:Creating package descriptor '/SLAM/ros_ws/install/orbbec_camera_msgs/share/orbbec_camera_msgs/package.dsv'
[16.574s] INFO:colcon.colcon_core.shell:Creating package script '/SLAM/ros_ws/install/orbbec_camera_msgs/share/orbbec_camera_msgs/package.sh'
[16.575s] INFO:colcon.colcon_core.shell:Creating package script '/SLAM/ros_ws/install/orbbec_camera_msgs/share/orbbec_camera_msgs/package.bash'
[16.575s] INFO:colcon.colcon_core.shell:Creating package script '/SLAM/ros_ws/install/orbbec_camera_msgs/share/orbbec_camera_msgs/package.zsh'
[16.576s] Level 1:colcon.colcon_core.environment:create_file_with_runtime_dependencies(/SLAM/ros_ws/install/orbbec_camera_msgs/share/colcon-core/packages/orbbec_camera_msgs)
[16.805s] Level 1:colcon.colcon_core.environment:create_environment_scripts_only(astra_camera_msgs)
[16.818s] Level 1:colcon.colcon_core.environment:checking '/SLAM/ros_ws/install/astra_camera_msgs' for CMake module files
[16.819s] Level 1:colcon.colcon_core.environment:checking '/SLAM/ros_ws/install/astra_camera_msgs' for CMake config files
[16.821s] Level 1:colcon.colcon_core.shell:create_environment_hook('astra_camera_msgs', 'cmake_prefix_path')
[16.834s] INFO:colcon.colcon_core.shell:Creating environment hook '/SLAM/ros_ws/install/astra_camera_msgs/share/astra_camera_msgs/hook/cmake_prefix_path.ps1'
[16.834s] INFO:colcon.colcon_core.shell:Creating environment descriptor '/SLAM/ros_ws/install/astra_camera_msgs/share/astra_camera_msgs/hook/cmake_prefix_path.dsv'
[16.835s] INFO:colcon.colcon_core.shell:Creating environment hook '/SLAM/ros_ws/install/astra_camera_msgs/share/astra_camera_msgs/hook/cmake_prefix_path.sh'
[16.835s] Level 1:colcon.colcon_core.environment:checking '/SLAM/ros_ws/install/astra_camera_msgs/lib'
[16.835s] Level 1:colcon.colcon_core.shell:create_environment_hook('astra_camera_msgs', 'ld_library_path_lib')
[16.850s] INFO:colcon.colcon_core.shell:Creating environment hook '/SLAM/ros_ws/install/astra_camera_msgs/share/astra_camera_msgs/hook/ld_library_path_lib.ps1'
[16.851s] INFO:colcon.colcon_core.shell:Creating environment descriptor '/SLAM/ros_ws/install/astra_camera_msgs/share/astra_camera_msgs/hook/ld_library_path_lib.dsv'
[16.851s] INFO:colcon.colcon_core.shell:Creating environment hook '/SLAM/ros_ws/install/astra_camera_msgs/share/astra_camera_msgs/hook/ld_library_path_lib.sh'
[16.852s] Level 1:colcon.colcon_core.environment:checking '/SLAM/ros_ws/install/astra_camera_msgs/bin'
[16.852s] Level 1:colcon.colcon_core.environment:checking '/SLAM/ros_ws/install/astra_camera_msgs/lib/pkgconfig/astra_camera_msgs.pc'
[16.852s] Level 1:colcon.colcon_core.environment:checking '/SLAM/ros_ws/install/astra_camera_msgs/lib/python3.10/site-packages'
[16.852s] Level 1:colcon.colcon_core.environment:checking '/SLAM/ros_ws/install/astra_camera_msgs/bin'
[16.869s] INFO:colcon.colcon_core.shell:Creating package script '/SLAM/ros_ws/install/astra_camera_msgs/share/astra_camera_msgs/package.ps1'
[16.869s] INFO:colcon.colcon_core.shell:Creating package descriptor '/SLAM/ros_ws/install/astra_camera_msgs/share/astra_camera_msgs/package.dsv'
[16.870s] INFO:colcon.colcon_core.shell:Creating package script '/SLAM/ros_ws/install/astra_camera_msgs/share/astra_camera_msgs/package.sh'
[16.870s] INFO:colcon.colcon_core.shell:Creating package script '/SLAM/ros_ws/install/astra_camera_msgs/share/astra_camera_msgs/package.bash'
[16.871s] INFO:colcon.colcon_core.shell:Creating package script '/SLAM/ros_ws/install/astra_camera_msgs/share/astra_camera_msgs/package.zsh'
[16.871s] Level 1:colcon.colcon_core.environment:create_file_with_runtime_dependencies(/SLAM/ros_ws/install/astra_camera_msgs/share/colcon-core/packages/astra_camera_msgs)
[16.872s] INFO:colcon.colcon_ros.task.ament_cmake.build:Building ROS package in '/SLAM/ros_ws/src/ros2_astra_camera/astra_camera' with build type 'ament_cmake'
[16.872s] INFO:colcon.colcon_cmake.task.cmake.build:Building CMake package in '/SLAM/ros_ws/src/ros2_astra_camera/astra_camera'
[16.916s] INFO:colcon.colcon_core.shell:Skip shell extension 'powershell' for command environment: Not usable outside of PowerShell
[16.916s] DEBUG:colcon.colcon_core.shell:Skip shell extension 'dsv' for command environment
[16.968s] Level 1:colcon.colcon_core.environment:create_environment_scripts_only(orbbec_camera_msgs)
[16.980s] Level 1:colcon.colcon_core.environment:checking '/SLAM/ros_ws/install/orbbec_camera_msgs' for CMake module files
[16.981s] Level 1:colcon.colcon_core.environment:checking '/SLAM/ros_ws/install/orbbec_camera_msgs' for CMake config files
[16.982s] Level 1:colcon.colcon_core.shell:create_environment_hook('orbbec_camera_msgs', 'cmake_prefix_path')
[16.993s] INFO:colcon.colcon_core.shell:Creating environment hook '/SLAM/ros_ws/install/orbbec_camera_msgs/share/orbbec_camera_msgs/hook/cmake_prefix_path.ps1'
[16.994s] INFO:colcon.colcon_core.shell:Creating environment descriptor '/SLAM/ros_ws/install/orbbec_camera_msgs/share/orbbec_camera_msgs/hook/cmake_prefix_path.dsv'
[16.994s] INFO:colcon.colcon_core.shell:Creating environment hook '/SLAM/ros_ws/install/orbbec_camera_msgs/share/orbbec_camera_msgs/hook/cmake_prefix_path.sh'
[16.995s] Level 1:colcon.colcon_core.environment:checking '/SLAM/ros_ws/install/orbbec_camera_msgs/lib'
[16.995s] Level 1:colcon.colcon_core.shell:create_environment_hook('orbbec_camera_msgs', 'ld_library_path_lib')
[17.007s] INFO:colcon.colcon_core.shell:Creating environment hook '/SLAM/ros_ws/install/orbbec_camera_msgs/share/orbbec_camera_msgs/hook/ld_library_path_lib.ps1'
[17.008s] INFO:colcon.colcon_core.shell:Creating environment descriptor '/SLAM/ros_ws/install/orbbec_camera_msgs/share/orbbec_camera_msgs/hook/ld_library_path_lib.dsv'
[17.008s] INFO:colcon.colcon_core.shell:Creating environment hook '/SLAM/ros_ws/install/orbbec_camera_msgs/share/orbbec_camera_msgs/hook/ld_library_path_lib.sh'
[17.009s] Level 1:colcon.colcon_core.environment:checking '/SLAM/ros_ws/install/orbbec_camera_msgs/bin'
[17.009s] Level 1:colcon.colcon_core.environment:checking '/SLAM/ros_ws/install/orbbec_camera_msgs/lib/pkgconfig/orbbec_camera_msgs.pc'
[17.009s] Level 1:colcon.colcon_core.environment:checking '/SLAM/ros_ws/install/orbbec_camera_msgs/lib/python3.10/site-packages'
[17.009s] Level 1:colcon.colcon_core.environment:checking '/SLAM/ros_ws/install/orbbec_camera_msgs/bin'
[17.024s] INFO:colcon.colcon_core.shell:Creating package script '/SLAM/ros_ws/install/orbbec_camera_msgs/share/orbbec_camera_msgs/package.ps1'
[17.025s] INFO:colcon.colcon_core.shell:Creating package descriptor '/SLAM/ros_ws/install/orbbec_camera_msgs/share/orbbec_camera_msgs/package.dsv'
[17.025s] INFO:colcon.colcon_core.shell:Creating package script '/SLAM/ros_ws/install/orbbec_camera_msgs/share/orbbec_camera_msgs/package.sh'
[17.026s] INFO:colcon.colcon_core.shell:Creating package script '/SLAM/ros_ws/install/orbbec_camera_msgs/share/orbbec_camera_msgs/package.bash'
[17.027s] INFO:colcon.colcon_core.shell:Creating package script '/SLAM/ros_ws/install/orbbec_camera_msgs/share/orbbec_camera_msgs/package.zsh'
[17.027s] Level 1:colcon.colcon_core.environment:create_file_with_runtime_dependencies(/SLAM/ros_ws/install/orbbec_camera_msgs/share/colcon-core/packages/orbbec_camera_msgs)
[17.028s] INFO:colcon.colcon_ros.task.ament_cmake.build:Building ROS package in '/SLAM/ros_ws/src/OrbbecSDK_ROS2/orbbec_camera' with build type 'ament_cmake'
[17.028s] INFO:colcon.colcon_cmake.task.cmake.build:Building CMake package in '/SLAM/ros_ws/src/OrbbecSDK_ROS2/orbbec_camera'
[17.047s] INFO:colcon.colcon_core.shell:Skip shell extension 'powershell' for command environment: Not usable outside of PowerShell
[17.047s] DEBUG:colcon.colcon_core.shell:Skip shell extension 'dsv' for command environment
[17.099s] DEBUG:colcon.colcon_core.event_handler.log_command:Invoking command in '/SLAM/ros_ws/build/astra_camera': CMAKE_PREFIX_PATH=/SLAM/ros_ws/install/astra_camera_msgs:/SLAM/ros_ws/install/sllidar_ros2:/SLAM/ros_ws/install/orbbec_description:/SLAM/ros_ws/install/orbbec_camera:/SLAM/ros_ws/install/orbbec_camera_msgs:/SLAM/ros_ws/install/magic_enum:/SLAM/ros_ws/install/libuvc:/SLAM/ros_ws/install/glog:/SLAM/ros_ws/install/astra_camera:/opt/ros/humble LD_LIBRARY_PATH=/SLAM/ros_ws/install/astra_camera_msgs/lib:/SLAM/ros_ws/install/orbbec_camera/lib:/SLAM/ros_ws/install/orbbec_camera_msgs/lib:/SLAM/ros_ws/install/libuvc/lib:/SLAM/ros_ws/install/glog/lib:/SLAM/ros_ws/install/astra_camera/lib:/opt/ros/humble/opt/rviz_ogre_vendor/lib:/opt/ros/humble/lib/x86_64-linux-gnu:/opt/ros/humble/lib /usr/bin/cmake /SLAM/ros_ws/src/ros2_astra_camera/astra_camera -DCMAKE_BUILD_TYPE=Release -DCMAKE_INSTALL_PREFIX=/SLAM/ros_ws/install/astra_camera
[17.106s] DEBUG:colcon.colcon_core.event_handler.log_command:Invoking command in '/SLAM/ros_ws/build/orbbec_camera': CMAKE_PREFIX_PATH=/SLAM/ros_ws/install/orbbec_camera_msgs:/SLAM/ros_ws/install/sllidar_ros2:/SLAM/ros_ws/install/orbbec_description:/SLAM/ros_ws/install/orbbec_camera:/SLAM/ros_ws/install/magic_enum:/SLAM/ros_ws/install/libuvc:/SLAM/ros_ws/install/glog:/SLAM/ros_ws/install/astra_camera:/SLAM/ros_ws/install/astra_camera_msgs:/opt/ros/humble LD_LIBRARY_PATH=/SLAM/ros_ws/install/orbbec_camera_msgs/lib:/SLAM/ros_ws/install/orbbec_camera/lib:/SLAM/ros_ws/install/libuvc/lib:/SLAM/ros_ws/install/glog/lib:/SLAM/ros_ws/install/astra_camera/lib:/SLAM/ros_ws/install/astra_camera_msgs/lib:/opt/ros/humble/opt/rviz_ogre_vendor/lib:/opt/ros/humble/lib/x86_64-linux-gnu:/opt/ros/humble/lib /usr/bin/cmake /SLAM/ros_ws/src/OrbbecSDK_ROS2/orbbec_camera -DCMAKE_BUILD_TYPE=Release -DCMAKE_INSTALL_PREFIX=/SLAM/ros_ws/install/orbbec_camera
[20.274s] DEBUG:colcon.colcon_core.event_handler.log_command:Invoked command in '/SLAM/ros_ws/build/astra_camera' returned '0': CMAKE_PREFIX_PATH=/SLAM/ros_ws/install/astra_camera_msgs:/SLAM/ros_ws/install/sllidar_ros2:/SLAM/ros_ws/install/orbbec_description:/SLAM/ros_ws/install/orbbec_camera:/SLAM/ros_ws/install/orbbec_camera_msgs:/SLAM/ros_ws/install/magic_enum:/SLAM/ros_ws/install/libuvc:/SLAM/ros_ws/install/glog:/SLAM/ros_ws/install/astra_camera:/opt/ros/humble LD_LIBRARY_PATH=/SLAM/ros_ws/install/astra_camera_msgs/lib:/SLAM/ros_ws/install/orbbec_camera/lib:/SLAM/ros_ws/install/orbbec_camera_msgs/lib:/SLAM/ros_ws/install/libuvc/lib:/SLAM/ros_ws/install/glog/lib:/SLAM/ros_ws/install/astra_camera/lib:/opt/ros/humble/opt/rviz_ogre_vendor/lib:/opt/ros/humble/lib/x86_64-linux-gnu:/opt/ros/humble/lib /usr/bin/cmake /SLAM/ros_ws/src/ros2_astra_camera/astra_camera -DCMAKE_BUILD_TYPE=Release -DCMAKE_INSTALL_PREFIX=/SLAM/ros_ws/install/astra_camera
[20.275s] DEBUG:colcon.colcon_core.event_handler.log_command:Invoking command in '/SLAM/ros_ws/build/astra_camera': CMAKE_PREFIX_PATH=/SLAM/ros_ws/install/astra_camera_msgs:/SLAM/ros_ws/install/sllidar_ros2:/SLAM/ros_ws/install/orbbec_description:/SLAM/ros_ws/install/orbbec_camera:/SLAM/ros_ws/install/orbbec_camera_msgs:/SLAM/ros_ws/install/magic_enum:/SLAM/ros_ws/install/libuvc:/SLAM/ros_ws/install/glog:/SLAM/ros_ws/install/astra_camera:/opt/ros/humble LD_LIBRARY_PATH=/SLAM/ros_ws/install/astra_camera_msgs/lib:/SLAM/ros_ws/install/orbbec_camera/lib:/SLAM/ros_ws/install/orbbec_camera_msgs/lib:/SLAM/ros_ws/install/libuvc/lib:/SLAM/ros_ws/install/glog/lib:/SLAM/ros_ws/install/astra_camera/lib:/opt/ros/humble/opt/rviz_ogre_vendor/lib:/opt/ros/humble/lib/x86_64-linux-gnu:/opt/ros/humble/lib /usr/bin/cmake --build /SLAM/ros_ws/build/astra_camera -- -j16 -l16
[20.578s] DEBUG:colcon.colcon_core.event_handler.log_command:Invoked command in '/SLAM/ros_ws/build/orbbec_camera' returned '0': CMAKE_PREFIX_PATH=/SLAM/ros_ws/install/orbbec_camera_msgs:/SLAM/ros_ws/install/sllidar_ros2:/SLAM/ros_ws/install/orbbec_description:/SLAM/ros_ws/install/orbbec_camera:/SLAM/ros_ws/install/magic_enum:/SLAM/ros_ws/install/libuvc:/SLAM/ros_ws/install/glog:/SLAM/ros_ws/install/astra_camera:/SLAM/ros_ws/install/astra_camera_msgs:/opt/ros/humble LD_LIBRARY_PATH=/SLAM/ros_ws/install/orbbec_camera_msgs/lib:/SLAM/ros_ws/install/orbbec_camera/lib:/SLAM/ros_ws/install/libuvc/lib:/SLAM/ros_ws/install/glog/lib:/SLAM/ros_ws/install/astra_camera/lib:/SLAM/ros_ws/install/astra_camera_msgs/lib:/opt/ros/humble/opt/rviz_ogre_vendor/lib:/opt/ros/humble/lib/x86_64-linux-gnu:/opt/ros/humble/lib /usr/bin/cmake /SLAM/ros_ws/src/OrbbecSDK_ROS2/orbbec_camera -DCMAKE_BUILD_TYPE=Release -DCMAKE_INSTALL_PREFIX=/SLAM/ros_ws/install/orbbec_camera
[20.578s] DEBUG:colcon.colcon_core.event_handler.log_command:Invoking command in '/SLAM/ros_ws/build/orbbec_camera': CMAKE_PREFIX_PATH=/SLAM/ros_ws/install/orbbec_camera_msgs:/SLAM/ros_ws/install/sllidar_ros2:/SLAM/ros_ws/install/orbbec_description:/SLAM/ros_ws/install/orbbec_camera:/SLAM/ros_ws/install/magic_enum:/SLAM/ros_ws/install/libuvc:/SLAM/ros_ws/install/glog:/SLAM/ros_ws/install/astra_camera:/SLAM/ros_ws/install/astra_camera_msgs:/opt/ros/humble LD_LIBRARY_PATH=/SLAM/ros_ws/install/orbbec_camera_msgs/lib:/SLAM/ros_ws/install/orbbec_camera/lib:/SLAM/ros_ws/install/libuvc/lib:/SLAM/ros_ws/install/glog/lib:/SLAM/ros_ws/install/astra_camera/lib:/SLAM/ros_ws/install/astra_camera_msgs/lib:/opt/ros/humble/opt/rviz_ogre_vendor/lib:/opt/ros/humble/lib/x86_64-linux-gnu:/opt/ros/humble/lib /usr/bin/cmake --build /SLAM/ros_ws/build/orbbec_camera -- -j16 -l16
[21.798s] DEBUG:colcon.colcon_core.event_handler.log_command:Invoked command in '/SLAM/ros_ws/build/sllidar_ros2' returned '0': CMAKE_PREFIX_PATH=${CMAKE_PREFIX_PATH}:/opt/ros/humble /usr/bin/cmake --build /SLAM/ros_ws/build/sllidar_ros2 -- -j16 -l16
[23.165s] DEBUG:colcon.colcon_core.event_handler.log_command:Invoking command in '/SLAM/ros_ws/build/sllidar_ros2': CMAKE_PREFIX_PATH=${CMAKE_PREFIX_PATH}:/opt/ros/humble /usr/bin/cmake --install /SLAM/ros_ws/build/sllidar_ros2
[23.192s] Level 1:colcon.colcon_core.environment:create_environment_scripts_only(sllidar_ros2)
[23.199s] DEBUG:colcon.colcon_core.event_handler.log_command:Invoked command in '/SLAM/ros_ws/build/sllidar_ros2' returned '0': CMAKE_PREFIX_PATH=${CMAKE_PREFIX_PATH}:/opt/ros/humble /usr/bin/cmake --install /SLAM/ros_ws/build/sllidar_ros2
[23.225s] Level 1:colcon.colcon_core.environment:checking '/SLAM/ros_ws/install/sllidar_ros2' for CMake module files
[23.237s] Level 1:colcon.colcon_core.environment:checking '/SLAM/ros_ws/install/sllidar_ros2' for CMake config files
[23.240s] Level 1:colcon.colcon_core.shell:create_environment_hook('sllidar_ros2', 'cmake_prefix_path')
[23.303s] INFO:colcon.colcon_core.shell:Creating environment hook '/SLAM/ros_ws/install/sllidar_ros2/share/sllidar_ros2/hook/cmake_prefix_path.ps1'
[23.305s] INFO:colcon.colcon_core.shell:Creating environment descriptor '/SLAM/ros_ws/install/sllidar_ros2/share/sllidar_ros2/hook/cmake_prefix_path.dsv'
[23.306s] INFO:colcon.colcon_core.shell:Creating environment hook '/SLAM/ros_ws/install/sllidar_ros2/share/sllidar_ros2/hook/cmake_prefix_path.sh'
[23.308s] Level 1:colcon.colcon_core.environment:checking '/SLAM/ros_ws/install/sllidar_ros2/lib'
[23.314s] Level 1:colcon.colcon_core.environment:checking '/SLAM/ros_ws/install/sllidar_ros2/bin'
[23.314s] Level 1:colcon.colcon_core.environment:checking '/SLAM/ros_ws/install/sllidar_ros2/lib/pkgconfig/sllidar_ros2.pc'
[23.315s] Level 1:colcon.colcon_core.environment:checking '/SLAM/ros_ws/install/sllidar_ros2/lib/python3.10/site-packages'
[23.315s] Level 1:colcon.colcon_core.environment:checking '/SLAM/ros_ws/install/sllidar_ros2/bin'
[23.391s] INFO:colcon.colcon_core.shell:Creating package script '/SLAM/ros_ws/install/sllidar_ros2/share/sllidar_ros2/package.ps1'
[23.392s] INFO:colcon.colcon_core.shell:Creating package descriptor '/SLAM/ros_ws/install/sllidar_ros2/share/sllidar_ros2/package.dsv'
[23.392s] INFO:colcon.colcon_core.shell:Creating package script '/SLAM/ros_ws/install/sllidar_ros2/share/sllidar_ros2/package.sh'
[23.393s] INFO:colcon.colcon_core.shell:Creating package script '/SLAM/ros_ws/install/sllidar_ros2/share/sllidar_ros2/package.bash'
[23.394s] INFO:colcon.colcon_core.shell:Creating package script '/SLAM/ros_ws/install/sllidar_ros2/share/sllidar_ros2/package.zsh'
[23.394s] Level 1:colcon.colcon_core.environment:create_file_with_runtime_dependencies(/SLAM/ros_ws/install/sllidar_ros2/share/colcon-core/packages/sllidar_ros2)
[24.522s] Level 1:colcon.colcon_core.environment:create_environment_scripts_only(sllidar_ros2)
[24.570s] Level 1:colcon.colcon_core.environment:checking '/SLAM/ros_ws/install/sllidar_ros2' for CMake module files
[24.583s] Level 1:colcon.colcon_core.environment:checking '/SLAM/ros_ws/install/sllidar_ros2' for CMake config files
[24.594s] Level 1:colcon.colcon_core.shell:create_environment_hook('sllidar_ros2', 'cmake_prefix_path')
[24.639s] INFO:colcon.colcon_core.shell:Creating environment hook '/SLAM/ros_ws/install/sllidar_ros2/share/sllidar_ros2/hook/cmake_prefix_path.ps1'
[24.657s] INFO:colcon.colcon_core.shell:Creating environment descriptor '/SLAM/ros_ws/install/sllidar_ros2/share/sllidar_ros2/hook/cmake_prefix_path.dsv'
[24.659s] INFO:colcon.colcon_core.shell:Creating environment hook '/SLAM/ros_ws/install/sllidar_ros2/share/sllidar_ros2/hook/cmake_prefix_path.sh'
[24.661s] Level 1:colcon.colcon_core.environment:checking '/SLAM/ros_ws/install/sllidar_ros2/lib'
[24.663s] Level 1:colcon.colcon_core.environment:checking '/SLAM/ros_ws/install/sllidar_ros2/bin'
[24.663s] Level 1:colcon.colcon_core.environment:checking '/SLAM/ros_ws/install/sllidar_ros2/lib/pkgconfig/sllidar_ros2.pc'
[24.674s] Level 1:colcon.colcon_core.environment:checking '/SLAM/ros_ws/install/sllidar_ros2/lib/python3.10/site-packages'
[24.675s] Level 1:colcon.colcon_core.environment:checking '/SLAM/ros_ws/install/sllidar_ros2/bin'
[24.734s] INFO:colcon.colcon_core.shell:Creating package script '/SLAM/ros_ws/install/sllidar_ros2/share/sllidar_ros2/package.ps1'
[24.757s] INFO:colcon.colcon_core.shell:Creating package descriptor '/SLAM/ros_ws/install/sllidar_ros2/share/sllidar_ros2/package.dsv'
[24.759s] INFO:colcon.colcon_core.shell:Creating package script '/SLAM/ros_ws/install/sllidar_ros2/share/sllidar_ros2/package.sh'
[24.760s] INFO:colcon.colcon_core.shell:Creating package script '/SLAM/ros_ws/install/sllidar_ros2/share/sllidar_ros2/package.bash'
[24.761s] INFO:colcon.colcon_core.shell:Creating package script '/SLAM/ros_ws/install/sllidar_ros2/share/sllidar_ros2/package.zsh'
[24.762s] Level 1:colcon.colcon_core.environment:create_file_with_runtime_dependencies(/SLAM/ros_ws/install/sllidar_ros2/share/colcon-core/packages/sllidar_ros2)
[59.971s] DEBUG:colcon.colcon_core.event_handler.log_command:Invoked command in '/SLAM/ros_ws/build/astra_camera' returned '0': CMAKE_PREFIX_PATH=/SLAM/ros_ws/install/astra_camera_msgs:/SLAM/ros_ws/install/sllidar_ros2:/SLAM/ros_ws/install/orbbec_description:/SLAM/ros_ws/install/orbbec_camera:/SLAM/ros_ws/install/orbbec_camera_msgs:/SLAM/ros_ws/install/magic_enum:/SLAM/ros_ws/install/libuvc:/SLAM/ros_ws/install/glog:/SLAM/ros_ws/install/astra_camera:/opt/ros/humble LD_LIBRARY_PATH=/SLAM/ros_ws/install/astra_camera_msgs/lib:/SLAM/ros_ws/install/orbbec_camera/lib:/SLAM/ros_ws/install/orbbec_camera_msgs/lib:/SLAM/ros_ws/install/libuvc/lib:/SLAM/ros_ws/install/glog/lib:/SLAM/ros_ws/install/astra_camera/lib:/opt/ros/humble/opt/rviz_ogre_vendor/lib:/opt/ros/humble/lib/x86_64-linux-gnu:/opt/ros/humble/lib /usr/bin/cmake --build /SLAM/ros_ws/build/astra_camera -- -j16 -l16
[60.068s] DEBUG:colcon.colcon_core.event_handler.log_command:Invoking command in '/SLAM/ros_ws/build/astra_camera': CMAKE_PREFIX_PATH=/SLAM/ros_ws/install/astra_camera_msgs:/SLAM/ros_ws/install/sllidar_ros2:/SLAM/ros_ws/install/orbbec_description:/SLAM/ros_ws/install/orbbec_camera:/SLAM/ros_ws/install/orbbec_camera_msgs:/SLAM/ros_ws/install/magic_enum:/SLAM/ros_ws/install/libuvc:/SLAM/ros_ws/install/glog:/SLAM/ros_ws/install/astra_camera:/opt/ros/humble LD_LIBRARY_PATH=/SLAM/ros_ws/install/astra_camera_msgs/lib:/SLAM/ros_ws/install/orbbec_camera/lib:/SLAM/ros_ws/install/orbbec_camera_msgs/lib:/SLAM/ros_ws/install/libuvc/lib:/SLAM/ros_ws/install/glog/lib:/SLAM/ros_ws/install/astra_camera/lib:/opt/ros/humble/opt/rviz_ogre_vendor/lib:/opt/ros/humble/lib/x86_64-linux-gnu:/opt/ros/humble/lib /usr/bin/cmake --install /SLAM/ros_ws/build/astra_camera
[60.117s] Level 1:colcon.colcon_core.environment:create_environment_scripts_only(astra_camera)
[60.117s] DEBUG:colcon.colcon_core.event_handler.log_command:Invoked command in '/SLAM/ros_ws/build/astra_camera' returned '0': CMAKE_PREFIX_PATH=/SLAM/ros_ws/install/astra_camera_msgs:/SLAM/ros_ws/install/sllidar_ros2:/SLAM/ros_ws/install/orbbec_description:/SLAM/ros_ws/install/orbbec_camera:/SLAM/ros_ws/install/orbbec_camera_msgs:/SLAM/ros_ws/install/magic_enum:/SLAM/ros_ws/install/libuvc:/SLAM/ros_ws/install/glog:/SLAM/ros_ws/install/astra_camera:/opt/ros/humble LD_LIBRARY_PATH=/SLAM/ros_ws/install/astra_camera_msgs/lib:/SLAM/ros_ws/install/orbbec_camera/lib:/SLAM/ros_ws/install/orbbec_camera_msgs/lib:/SLAM/ros_ws/install/libuvc/lib:/SLAM/ros_ws/install/glog/lib:/SLAM/ros_ws/install/astra_camera/lib:/opt/ros/humble/opt/rviz_ogre_vendor/lib:/opt/ros/humble/lib/x86_64-linux-gnu:/opt/ros/humble/lib /usr/bin/cmake --install /SLAM/ros_ws/build/astra_camera
[60.192s] Level 1:colcon.colcon_core.environment:checking '/SLAM/ros_ws/install/astra_camera' for CMake module files
[60.192s] Level 1:colcon.colcon_core.environment:checking '/SLAM/ros_ws/install/astra_camera' for CMake config files
[60.194s] Level 1:colcon.colcon_core.shell:create_environment_hook('astra_camera', 'cmake_prefix_path')
[60.206s] INFO:colcon.colcon_core.shell:Creating environment hook '/SLAM/ros_ws/install/astra_camera/share/astra_camera/hook/cmake_prefix_path.ps1'
[60.207s] INFO:colcon.colcon_core.shell:Creating environment descriptor '/SLAM/ros_ws/install/astra_camera/share/astra_camera/hook/cmake_prefix_path.dsv'
[60.208s] INFO:colcon.colcon_core.shell:Creating environment hook '/SLAM/ros_ws/install/astra_camera/share/astra_camera/hook/cmake_prefix_path.sh'
[60.209s] Level 1:colcon.colcon_core.environment:checking '/SLAM/ros_ws/install/astra_camera/lib'
[60.209s] Level 1:colcon.colcon_core.shell:create_environment_hook('astra_camera', 'ld_library_path_lib')
[60.221s] INFO:colcon.colcon_core.shell:Creating environment hook '/SLAM/ros_ws/install/astra_camera/share/astra_camera/hook/ld_library_path_lib.ps1'
[60.221s] INFO:colcon.colcon_core.shell:Creating environment descriptor '/SLAM/ros_ws/install/astra_camera/share/astra_camera/hook/ld_library_path_lib.dsv'
[60.222s] INFO:colcon.colcon_core.shell:Creating environment hook '/SLAM/ros_ws/install/astra_camera/share/astra_camera/hook/ld_library_path_lib.sh'
[60.222s] Level 1:colcon.colcon_core.environment:checking '/SLAM/ros_ws/install/astra_camera/bin'
[60.222s] Level 1:colcon.colcon_core.environment:checking '/SLAM/ros_ws/install/astra_camera/lib/pkgconfig/astra_camera.pc'
[60.222s] Level 1:colcon.colcon_core.environment:checking '/SLAM/ros_ws/install/astra_camera/lib/python3.10/site-packages'
[60.222s] Level 1:colcon.colcon_core.environment:checking '/SLAM/ros_ws/install/astra_camera/bin'
[60.235s] INFO:colcon.colcon_core.shell:Creating package script '/SLAM/ros_ws/install/astra_camera/share/astra_camera/package.ps1'
[60.236s] INFO:colcon.colcon_core.shell:Creating package descriptor '/SLAM/ros_ws/install/astra_camera/share/astra_camera/package.dsv'
[60.236s] INFO:colcon.colcon_core.shell:Creating package script '/SLAM/ros_ws/install/astra_camera/share/astra_camera/package.sh'
[60.237s] INFO:colcon.colcon_core.shell:Creating package script '/SLAM/ros_ws/install/astra_camera/share/astra_camera/package.bash'
[60.237s] INFO:colcon.colcon_core.shell:Creating package script '/SLAM/ros_ws/install/astra_camera/share/astra_camera/package.zsh'
[60.238s] Level 1:colcon.colcon_core.environment:create_file_with_runtime_dependencies(/SLAM/ros_ws/install/astra_camera/share/colcon-core/packages/astra_camera)
[60.337s] Level 1:colcon.colcon_core.environment:create_environment_scripts_only(astra_camera)
[60.351s] Level 1:colcon.colcon_core.environment:checking '/SLAM/ros_ws/install/astra_camera' for CMake module files
[60.352s] Level 1:colcon.colcon_core.environment:checking '/SLAM/ros_ws/install/astra_camera' for CMake config files
[60.354s] Level 1:colcon.colcon_core.shell:create_environment_hook('astra_camera', 'cmake_prefix_path')
[60.368s] INFO:colcon.colcon_core.shell:Creating environment hook '/SLAM/ros_ws/install/astra_camera/share/astra_camera/hook/cmake_prefix_path.ps1'
[60.369s] INFO:colcon.colcon_core.shell:Creating environment descriptor '/SLAM/ros_ws/install/astra_camera/share/astra_camera/hook/cmake_prefix_path.dsv'
[60.369s] INFO:colcon.colcon_core.shell:Creating environment hook '/SLAM/ros_ws/install/astra_camera/share/astra_camera/hook/cmake_prefix_path.sh'
[60.370s] Level 1:colcon.colcon_core.environment:checking '/SLAM/ros_ws/install/astra_camera/lib'
[60.370s] Level 1:colcon.colcon_core.shell:create_environment_hook('astra_camera', 'ld_library_path_lib')
[60.382s] INFO:colcon.colcon_core.shell:Creating environment hook '/SLAM/ros_ws/install/astra_camera/share/astra_camera/hook/ld_library_path_lib.ps1'
[60.383s] INFO:colcon.colcon_core.shell:Creating environment descriptor '/SLAM/ros_ws/install/astra_camera/share/astra_camera/hook/ld_library_path_lib.dsv'
[60.383s] INFO:colcon.colcon_core.shell:Creating environment hook '/SLAM/ros_ws/install/astra_camera/share/astra_camera/hook/ld_library_path_lib.sh'
[60.384s] Level 1:colcon.colcon_core.environment:checking '/SLAM/ros_ws/install/astra_camera/bin'
[60.384s] Level 1:colcon.colcon_core.environment:checking '/SLAM/ros_ws/install/astra_camera/lib/pkgconfig/astra_camera.pc'
[60.384s] Level 1:colcon.colcon_core.environment:checking '/SLAM/ros_ws/install/astra_camera/lib/python3.10/site-packages'
[60.384s] Level 1:colcon.colcon_core.environment:checking '/SLAM/ros_ws/install/astra_camera/bin'
[60.398s] INFO:colcon.colcon_core.shell:Creating package script '/SLAM/ros_ws/install/astra_camera/share/astra_camera/package.ps1'
[60.398s] INFO:colcon.colcon_core.shell:Creating package descriptor '/SLAM/ros_ws/install/astra_camera/share/astra_camera/package.dsv'
[60.399s] INFO:colcon.colcon_core.shell:Creating package script '/SLAM/ros_ws/install/astra_camera/share/astra_camera/package.sh'
[60.400s] INFO:colcon.colcon_core.shell:Creating package script '/SLAM/ros_ws/install/astra_camera/share/astra_camera/package.bash'
[60.400s] INFO:colcon.colcon_core.shell:Creating package script '/SLAM/ros_ws/install/astra_camera/share/astra_camera/package.zsh'
[60.401s] Level 1:colcon.colcon_core.environment:create_file_with_runtime_dependencies(/SLAM/ros_ws/install/astra_camera/share/colcon-core/packages/astra_camera)
[63.718s] DEBUG:colcon.colcon_core.event_handler.log_command:Invoked command in '/SLAM/ros_ws/build/orbbec_camera' returned '0': CMAKE_PREFIX_PATH=/SLAM/ros_ws/install/orbbec_camera_msgs:/SLAM/ros_ws/install/sllidar_ros2:/SLAM/ros_ws/install/orbbec_description:/SLAM/ros_ws/install/orbbec_camera:/SLAM/ros_ws/install/magic_enum:/SLAM/ros_ws/install/libuvc:/SLAM/ros_ws/install/glog:/SLAM/ros_ws/install/astra_camera:/SLAM/ros_ws/install/astra_camera_msgs:/opt/ros/humble LD_LIBRARY_PATH=/SLAM/ros_ws/install/orbbec_camera_msgs/lib:/SLAM/ros_ws/install/orbbec_camera/lib:/SLAM/ros_ws/install/libuvc/lib:/SLAM/ros_ws/install/glog/lib:/SLAM/ros_ws/install/astra_camera/lib:/SLAM/ros_ws/install/astra_camera_msgs/lib:/opt/ros/humble/opt/rviz_ogre_vendor/lib:/opt/ros/humble/lib/x86_64-linux-gnu:/opt/ros/humble/lib /usr/bin/cmake --build /SLAM/ros_ws/build/orbbec_camera -- -j16 -l16
[63.800s] DEBUG:colcon.colcon_core.event_handler.log_command:Invoking command in '/SLAM/ros_ws/build/orbbec_camera': CMAKE_PREFIX_PATH=/SLAM/ros_ws/install/orbbec_camera_msgs:/SLAM/ros_ws/install/sllidar_ros2:/SLAM/ros_ws/install/orbbec_description:/SLAM/ros_ws/install/orbbec_camera:/SLAM/ros_ws/install/magic_enum:/SLAM/ros_ws/install/libuvc:/SLAM/ros_ws/install/glog:/SLAM/ros_ws/install/astra_camera:/SLAM/ros_ws/install/astra_camera_msgs:/opt/ros/humble LD_LIBRARY_PATH=/SLAM/ros_ws/install/orbbec_camera_msgs/lib:/SLAM/ros_ws/install/orbbec_camera/lib:/SLAM/ros_ws/install/libuvc/lib:/SLAM/ros_ws/install/glog/lib:/SLAM/ros_ws/install/astra_camera/lib:/SLAM/ros_ws/install/astra_camera_msgs/lib:/opt/ros/humble/opt/rviz_ogre_vendor/lib:/opt/ros/humble/lib/x86_64-linux-gnu:/opt/ros/humble/lib /usr/bin/cmake --install /SLAM/ros_ws/build/orbbec_camera
[63.839s] Level 1:colcon.colcon_core.environment:create_environment_scripts_only(orbbec_camera)
[63.840s] DEBUG:colcon.colcon_core.event_handler.log_command:Invoked command in '/SLAM/ros_ws/build/orbbec_camera' returned '0': CMAKE_PREFIX_PATH=/SLAM/ros_ws/install/orbbec_camera_msgs:/SLAM/ros_ws/install/sllidar_ros2:/SLAM/ros_ws/install/orbbec_description:/SLAM/ros_ws/install/orbbec_camera:/SLAM/ros_ws/install/magic_enum:/SLAM/ros_ws/install/libuvc:/SLAM/ros_ws/install/glog:/SLAM/ros_ws/install/astra_camera:/SLAM/ros_ws/install/astra_camera_msgs:/opt/ros/humble LD_LIBRARY_PATH=/SLAM/ros_ws/install/orbbec_camera_msgs/lib:/SLAM/ros_ws/install/orbbec_camera/lib:/SLAM/ros_ws/install/libuvc/lib:/SLAM/ros_ws/install/glog/lib:/SLAM/ros_ws/install/astra_camera/lib:/SLAM/ros_ws/install/astra_camera_msgs/lib:/opt/ros/humble/opt/rviz_ogre_vendor/lib:/opt/ros/humble/lib/x86_64-linux-gnu:/opt/ros/humble/lib /usr/bin/cmake --install /SLAM/ros_ws/build/orbbec_camera
[63.856s] Level 1:colcon.colcon_core.environment:checking '/SLAM/ros_ws/install/orbbec_camera' for CMake module files
[63.857s] Level 1:colcon.colcon_core.environment:checking '/SLAM/ros_ws/install/orbbec_camera' for CMake config files
[63.858s] Level 1:colcon.colcon_core.shell:create_environment_hook('orbbec_camera', 'cmake_prefix_path')
[63.874s] INFO:colcon.colcon_core.shell:Creating environment hook '/SLAM/ros_ws/install/orbbec_camera/share/orbbec_camera/hook/cmake_prefix_path.ps1'
[63.874s] INFO:colcon.colcon_core.shell:Creating environment descriptor '/SLAM/ros_ws/install/orbbec_camera/share/orbbec_camera/hook/cmake_prefix_path.dsv'
[63.875s] INFO:colcon.colcon_core.shell:Creating environment hook '/SLAM/ros_ws/install/orbbec_camera/share/orbbec_camera/hook/cmake_prefix_path.sh'
[63.875s] Level 1:colcon.colcon_core.environment:checking '/SLAM/ros_ws/install/orbbec_camera/lib'
[63.876s] Level 1:colcon.colcon_core.shell:create_environment_hook('orbbec_camera', 'ld_library_path_lib')
[63.890s] INFO:colcon.colcon_core.shell:Creating environment hook '/SLAM/ros_ws/install/orbbec_camera/share/orbbec_camera/hook/ld_library_path_lib.ps1'
[63.891s] INFO:colcon.colcon_core.shell:Creating environment descriptor '/SLAM/ros_ws/install/orbbec_camera/share/orbbec_camera/hook/ld_library_path_lib.dsv'
[63.891s] INFO:colcon.colcon_core.shell:Creating environment hook '/SLAM/ros_ws/install/orbbec_camera/share/orbbec_camera/hook/ld_library_path_lib.sh'
[63.892s] Level 1:colcon.colcon_core.environment:checking '/SLAM/ros_ws/install/orbbec_camera/bin'
[63.892s] Level 1:colcon.colcon_core.environment:checking '/SLAM/ros_ws/install/orbbec_camera/lib/pkgconfig/orbbec_camera.pc'
[63.892s] Level 1:colcon.colcon_core.environment:checking '/SLAM/ros_ws/install/orbbec_camera/lib/python3.10/site-packages'
[63.892s] Level 1:colcon.colcon_core.environment:checking '/SLAM/ros_ws/install/orbbec_camera/bin'
[63.904s] INFO:colcon.colcon_core.shell:Creating package script '/SLAM/ros_ws/install/orbbec_camera/share/orbbec_camera/package.ps1'
[63.905s] INFO:colcon.colcon_core.shell:Creating package descriptor '/SLAM/ros_ws/install/orbbec_camera/share/orbbec_camera/package.dsv'
[63.906s] INFO:colcon.colcon_core.shell:Creating package script '/SLAM/ros_ws/install/orbbec_camera/share/orbbec_camera/package.sh'
[63.906s] INFO:colcon.colcon_core.shell:Creating package script '/SLAM/ros_ws/install/orbbec_camera/share/orbbec_camera/package.bash'
[63.906s] INFO:colcon.colcon_core.shell:Creating package script '/SLAM/ros_ws/install/orbbec_camera/share/orbbec_camera/package.zsh'
[63.907s] Level 1:colcon.colcon_core.environment:create_file_with_runtime_dependencies(/SLAM/ros_ws/install/orbbec_camera/share/colcon-core/packages/orbbec_camera)
[63.996s] Level 1:colcon.colcon_core.environment:create_environment_scripts_only(orbbec_camera)
[64.007s] Level 1:colcon.colcon_core.environment:checking '/SLAM/ros_ws/install/orbbec_camera' for CMake module files
[64.008s] Level 1:colcon.colcon_core.environment:checking '/SLAM/ros_ws/install/orbbec_camera' for CMake config files
[64.008s] Level 1:colcon.colcon_core.shell:create_environment_hook('orbbec_camera', 'cmake_prefix_path')
[64.018s] INFO:colcon.colcon_core.shell:Creating environment hook '/SLAM/ros_ws/install/orbbec_camera/share/orbbec_camera/hook/cmake_prefix_path.ps1'
[64.019s] INFO:colcon.colcon_core.shell:Creating environment descriptor '/SLAM/ros_ws/install/orbbec_camera/share/orbbec_camera/hook/cmake_prefix_path.dsv'
[64.019s] INFO:colcon.colcon_core.shell:Creating environment hook '/SLAM/ros_ws/install/orbbec_camera/share/orbbec_camera/hook/cmake_prefix_path.sh'
[64.020s] Level 1:colcon.colcon_core.environment:checking '/SLAM/ros_ws/install/orbbec_camera/lib'
[64.020s] Level 1:colcon.colcon_core.shell:create_environment_hook('orbbec_camera', 'ld_library_path_lib')
[64.030s] INFO:colcon.colcon_core.shell:Creating environment hook '/SLAM/ros_ws/install/orbbec_camera/share/orbbec_camera/hook/ld_library_path_lib.ps1'
[64.030s] INFO:colcon.colcon_core.shell:Creating environment descriptor '/SLAM/ros_ws/install/orbbec_camera/share/orbbec_camera/hook/ld_library_path_lib.dsv'
[64.030s] INFO:colcon.colcon_core.shell:Creating environment hook '/SLAM/ros_ws/install/orbbec_camera/share/orbbec_camera/hook/ld_library_path_lib.sh'
[64.031s] Level 1:colcon.colcon_core.environment:checking '/SLAM/ros_ws/install/orbbec_camera/bin'
[64.031s] Level 1:colcon.colcon_core.environment:checking '/SLAM/ros_ws/install/orbbec_camera/lib/pkgconfig/orbbec_camera.pc'
[64.031s] Level 1:colcon.colcon_core.environment:checking '/SLAM/ros_ws/install/orbbec_camera/lib/python3.10/site-packages'
[64.031s] Level 1:colcon.colcon_core.environment:checking '/SLAM/ros_ws/install/orbbec_camera/bin'
[64.042s] INFO:colcon.colcon_core.shell:Creating package script '/SLAM/ros_ws/install/orbbec_camera/share/orbbec_camera/package.ps1'
[64.042s] INFO:colcon.colcon_core.shell:Creating package descriptor '/SLAM/ros_ws/install/orbbec_camera/share/orbbec_camera/package.dsv'
[64.042s] INFO:colcon.colcon_core.shell:Creating package script '/SLAM/ros_ws/install/orbbec_camera/share/orbbec_camera/package.sh'
[64.043s] INFO:colcon.colcon_core.shell:Creating package script '/SLAM/ros_ws/install/orbbec_camera/share/orbbec_camera/package.bash'
[64.043s] INFO:colcon.colcon_core.shell:Creating package script '/SLAM/ros_ws/install/orbbec_camera/share/orbbec_camera/package.zsh'
[64.043s] Level 1:colcon.colcon_core.environment:create_file_with_runtime_dependencies(/SLAM/ros_ws/install/orbbec_camera/share/colcon-core/packages/orbbec_camera)
[64.044s] DEBUG:colcon.colcon_parallel_executor.executor.parallel:closing loop
[64.044s] DEBUG:colcon.colcon_parallel_executor.executor.parallel:loop closed
[64.044s] DEBUG:colcon.colcon_parallel_executor.executor.parallel:run_until_complete finished with '0'
[64.044s] DEBUG:colcon.colcon_core.event_reactor:joining thread
[64.071s] INFO:colcon.colcon_core.plugin_system:Skipping extension 'colcon_notification.desktop_notification.notify_send': Could not find 'notify-send'
[64.071s] INFO:colcon.colcon_core.plugin_system:Skipping extension 'colcon_notification.desktop_notification.terminal_notifier': Not used on non-Darwin systems
[64.071s] INFO:colcon.colcon_core.plugin_system:Skipping extension 'colcon_notification.desktop_notification.win32': Not used on non-Windows systems
[64.071s] INFO:colcon.colcon_notification.desktop_notification:Sending desktop notification using 'notify2'
[64.079s] DEBUG:colcon.colcon_notification.desktop_notification.notify2:Failed to initialize notify2: org.freedesktop.DBus.Error.Spawn.ExecFailed: /usr/bin/dbus-launch terminated abnormally without any error message
[64.079s] DEBUG:colcon.colcon_core.event_reactor:joined thread
[64.090s] INFO:colcon.colcon_core.shell:Creating prefix script '/SLAM/ros_ws/install/local_setup.ps1'
[64.092s] INFO:colcon.colcon_core.shell:Creating prefix util module '/SLAM/ros_ws/install/_local_setup_util_ps1.py'
[64.093s] INFO:colcon.colcon_core.shell:Creating prefix chain script '/SLAM/ros_ws/install/setup.ps1'
[64.105s] INFO:colcon.colcon_core.shell:Creating prefix script '/SLAM/ros_ws/install/local_setup.sh'
[64.106s] INFO:colcon.colcon_core.shell:Creating prefix util module '/SLAM/ros_ws/install/_local_setup_util_sh.py'
[64.107s] INFO:colcon.colcon_core.shell:Creating prefix chain script '/SLAM/ros_ws/install/setup.sh'
[64.118s] INFO:colcon.colcon_core.shell:Creating prefix script '/SLAM/ros_ws/install/local_setup.bash'
[64.119s] INFO:colcon.colcon_core.shell:Creating prefix chain script '/SLAM/ros_ws/install/setup.bash'
[64.132s] INFO:colcon.colcon_core.shell:Creating prefix script '/SLAM/ros_ws/install/local_setup.zsh'
[64.133s] INFO:colcon.colcon_core.shell:Creating prefix chain script '/SLAM/ros_ws/install/setup.zsh'
