running develop
/usr/lib/python3/dist-packages/setuptools/command/easy_install.py:158: EasyInstallDeprecationWarning: easy_install command is deprecated. Use build and pip and other standards-based tools.
  warnings.warn(
/usr/lib/python3/dist-packages/setuptools/command/install.py:34: SetuptoolsDeprecationWarning: setup.py install is deprecated. Use build and pip and other standards-based tools.
  warnings.warn(
running egg_info
creating launch_pal.egg-info
writing launch_pal.egg-info/PKG-INFO
writing dependency_links to launch_pal.egg-info/dependency_links.txt
writing entry points to launch_pal.egg-info/entry_points.txt
writing requirements to launch_pal.egg-info/requires.txt
writing top-level names to launch_pal.egg-info/top_level.txt
writing manifest file 'launch_pal.egg-info/SOURCES.txt'
reading manifest file 'launch_pal.egg-info/SOURCES.txt'
writing manifest file 'launch_pal.egg-info/SOURCES.txt'
running build_ext
Creating /SLAM/ros_ws/install/launch_pal/lib/python3.10/site-packages/launch-pal.egg-link (link to .)

Installed /SLAM/ros_ws/build/launch_pal
running install_data
creating /SLAM/ros_ws/install/launch_pal/share/ament_index
creating /SLAM/ros_ws/install/launch_pal/share/ament_index/resource_index
creating /SLAM/ros_ws/install/launch_pal/share/ament_index/resource_index/packages
copying resource/launch_pal -> /SLAM/ros_ws/install/launch_pal/share/ament_index/resource_index/packages
copying package.xml -> /SLAM/ros_ws/install/launch_pal/share/launch_pal
creating /SLAM/ros_ws/install/launch_pal/share/launch_pal/config
copying config/ari_configuration.yaml -> /SLAM/ros_ws/install/launch_pal/share/launch_pal/config
copying config/tiago_sea_configuration.yaml -> /SLAM/ros_ws/install/launch_pal/share/launch_pal/config
copying config/tiago_dual_configuration.yaml -> /SLAM/ros_ws/install/launch_pal/share/launch_pal/config
copying config/omni_base_configuration.yaml -> /SLAM/ros_ws/install/launch_pal/share/launch_pal/config
copying config/pmb3_configuration.yaml -> /SLAM/ros_ws/install/launch_pal/share/launch_pal/config
copying config/tiago_pro_configuration.yaml -> /SLAM/ros_ws/install/launch_pal/share/launch_pal/config
copying config/robot_configuration.yaml -> /SLAM/ros_ws/install/launch_pal/share/launch_pal/config
copying config/pmb2_configuration.yaml -> /SLAM/ros_ws/install/launch_pal/share/launch_pal/config
copying config/tiago_configuration.yaml -> /SLAM/ros_ws/install/launch_pal/share/launch_pal/config
copying config/tiago_sea_dual_configuration.yaml -> /SLAM/ros_ws/install/launch_pal/share/launch_pal/config
