[3.187s] Invoking command in '/SLAM/ros_ws/build/examples_rclpy_minimal_action_server': PYTHONPATH=/SLAM/ros_ws/build/examples_rclpy_minimal_action_server/prefix_override:/SLAM/ros_ws/install/examples_rclpy_minimal_action_server/lib/python3.10/site-packages:${PYTHONPATH} /usr/bin/python3 setup.py develop --editable --build-directory /SLAM/ros_ws/build/examples_rclpy_minimal_action_server/build --no-deps install_data
[4.645s] running develop
[4.645s] /usr/lib/python3/dist-packages/setuptools/dist.py:723: UserWarning: Usage of dash-separated 'script-dir' will not be supported in future versions. Please use the underscore name 'script_dir' instead
[4.645s]   warnings.warn(
[4.645s] /usr/lib/python3/dist-packages/setuptools/command/easy_install.py:158: EasyInstallDeprecationWarning: easy_install command is deprecated. Use build and pip and other standards-based tools.
[4.645s]   warnings.warn(
[4.645s] /usr/lib/python3/dist-packages/setuptools/command/install.py:34: SetuptoolsDeprecationWarning: setup.py install is deprecated. Use build and pip and other standards-based tools.
[4.645s]   warnings.warn(
[5.136s] running egg_info
[5.136s] creating examples_rclpy_minimal_action_server.egg-info
[5.140s] writing examples_rclpy_minimal_action_server.egg-info/PKG-INFO
[5.140s] writing dependency_links to examples_rclpy_minimal_action_server.egg-info/dependency_links.txt
[5.140s] writing entry points to examples_rclpy_minimal_action_server.egg-info/entry_points.txt
[5.140s] writing requirements to examples_rclpy_minimal_action_server.egg-info/requires.txt
[5.140s] writing top-level names to examples_rclpy_minimal_action_server.egg-info/top_level.txt
[5.143s] writing manifest file 'examples_rclpy_minimal_action_server.egg-info/SOURCES.txt'
[5.166s] reading manifest file 'examples_rclpy_minimal_action_server.egg-info/SOURCES.txt'
[5.168s] writing manifest file 'examples_rclpy_minimal_action_server.egg-info/SOURCES.txt'
[5.172s] running build_ext
[5.172s] Creating /SLAM/ros_ws/install/examples_rclpy_minimal_action_server/lib/python3.10/site-packages/examples-rclpy-minimal-action-server.egg-link (link to .)
[5.186s] Installing server script to /SLAM/ros_ws/install/examples_rclpy_minimal_action_server/lib/examples_rclpy_minimal_action_server
[5.194s] Installing server_defer script to /SLAM/ros_ws/install/examples_rclpy_minimal_action_server/lib/examples_rclpy_minimal_action_server
[5.194s] Installing server_not_composable script to /SLAM/ros_ws/install/examples_rclpy_minimal_action_server/lib/examples_rclpy_minimal_action_server
[5.194s] Installing server_queue_goals script to /SLAM/ros_ws/install/examples_rclpy_minimal_action_server/lib/examples_rclpy_minimal_action_server
[5.194s] Installing server_single_goal script to /SLAM/ros_ws/install/examples_rclpy_minimal_action_server/lib/examples_rclpy_minimal_action_server
[5.195s] 
[5.195s] Installed /SLAM/ros_ws/build/examples_rclpy_minimal_action_server
[5.195s] running install_data
[5.195s] creating /SLAM/ros_ws/install/examples_rclpy_minimal_action_server/share/ament_index
[5.195s] creating /SLAM/ros_ws/install/examples_rclpy_minimal_action_server/share/ament_index/resource_index
[5.195s] creating /SLAM/ros_ws/install/examples_rclpy_minimal_action_server/share/ament_index/resource_index/packages
[5.195s] copying resource/examples_rclpy_minimal_action_server -> /SLAM/ros_ws/install/examples_rclpy_minimal_action_server/share/ament_index/resource_index/packages
[5.195s] copying package.xml -> /SLAM/ros_ws/install/examples_rclpy_minimal_action_server/share/examples_rclpy_minimal_action_server
[5.706s] Invoked command in '/SLAM/ros_ws/build/examples_rclpy_minimal_action_server' returned '0': PYTHONPATH=/SLAM/ros_ws/build/examples_rclpy_minimal_action_server/prefix_override:/SLAM/ros_ws/install/examples_rclpy_minimal_action_server/lib/python3.10/site-packages:${PYTHONPATH} /usr/bin/python3 setup.py develop --editable --build-directory /SLAM/ros_ws/build/examples_rclpy_minimal_action_server/build --no-deps install_data
