[0.053s] Invoking command in '/SLAM/ros_ws/build/rtabmap_slam': AMENT_PREFIX_PATH=/SLAM/ros_ws/install/rtabmap_util:/SLAM/ros_ws/install/rtabmap_sync:/SLAM/ros_ws/install/rtabmap_conversions:${AMENT_PREFIX_PATH} CMAKE_PREFIX_PATH=/SLAM/ros_ws/install/rtabmap_util:/SLAM/ros_ws/install/rtabmap_sync:/SLAM/ros_ws/install/rtabmap_conversions:/opt/ros/humble:/SLAM/ros_ws/install/rtabmap_msgs:/SLAM/ros_ws/install/rtabmap LD_LIBRARY_PATH=/SLAM/ros_ws/install/rtabmap_util/lib:/SLAM/ros_ws/install/rtabmap_sync/lib:/SLAM/ros_ws/install/rtabmap_conversions/lib:/SLAM/ros_ws/install/rtabmap_msgs/lib:/SLAM/ros_ws/install/rtabmap/lib:${LD_LIBRARY_PATH} PATH=/SLAM/ros_ws/install/rtabmap/bin:${PATH} PKG_CONFIG_PATH=/SLAM/ros_ws/install/rtabmap_msgs/lib/x86_64-linux-gnu/pkgconfig:/SLAM/ros_ws/install/rtabmap_msgs/lib/pkgconfig:/SLAM/ros_ws/install/rtabmap/lib/x86_64-linux-gnu/pkgconfig:/SLAM/ros_ws/install/rtabmap/lib/pkgconfig PYTHONPATH=/SLAM/ros_ws/install/rtabmap_msgs/local/lib/python3.10/dist-packages:${PYTHONPATH} ROS_PACKAGE_PATH=/SLAM/ros_ws/install/rtabmap_msgs/share /usr/bin/cmake /SLAM/ros_ws/src/rtabmap_ros/rtabmap_slam -DCMAKE_BUILD_TYPE=Release -DAMENT_CMAKE_SYMLINK_INSTALL=1 -DCMAKE_INSTALL_PREFIX=/SLAM/ros_ws/install/rtabmap_slam
[0.067s] -- Found ament_cmake: 1.3.6 (/opt/ros/humble/share/ament_cmake/cmake)
[0.175s] -- Override CMake install command with custom implementation using symlinks instead of copying resources
[0.182s] -- Found cv_bridge: 3.2.1 (/opt/ros/humble/share/cv_bridge/cmake)
[0.211s] -- Found rosidl_generator_c: 3.1.5 (/opt/ros/humble/share/rosidl_generator_c/cmake)
[0.213s] -- Found rosidl_adapter: 3.1.5 (/opt/ros/humble/share/rosidl_adapter/cmake)
[0.218s] -- Found rosidl_generator_cpp: 3.1.5 (/opt/ros/humble/share/rosidl_generator_cpp/cmake)
[0.227s] -- Using all available rosidl_typesupport_c: rosidl_typesupport_fastrtps_c;rosidl_typesupport_introspection_c
[0.239s] -- Using all available rosidl_typesupport_cpp: rosidl_typesupport_fastrtps_cpp;rosidl_typesupport_introspection_cpp
[0.397s] -- Found nav_msgs: 4.2.3 (/opt/ros/humble/share/nav_msgs/cmake)
[0.461s] -- Found nav2_msgs: 1.1.12 (/opt/ros/humble/share/nav2_msgs/cmake)
[0.614s] -- Found pluginlib: 5.1.0 (/opt/ros/humble/share/pluginlib/cmake)
[0.638s] -- Found rclcpp: 16.0.7 (/opt/ros/humble/share/rclcpp/cmake)
[0.675s] -- Found rmw_implementation_cmake: 6.1.1 (/opt/ros/humble/share/rmw_implementation_cmake/cmake)
[0.676s] -- Found rmw_fastrtps_cpp: 6.2.5 (/opt/ros/humble/share/rmw_fastrtps_cpp/cmake)
[0.699s] -- Found TinyXML2 via Config file: TinyXML2_DIR-NOTFOUND
[0.709s] -- Found TinyXML2 via Config file: TinyXML2_DIR-NOTFOUND
[0.730s] -- Found TinyXML2 via Config file: TinyXML2_DIR-NOTFOUND
[0.739s] -- Found TinyXML2 via Config file: TinyXML2_DIR-NOTFOUND
[0.747s] -- Using RMW implementation 'rmw_fastrtps_cpp' as default
[0.842s] -- Found rclcpp_components: 16.0.7 (/opt/ros/humble/share/rclcpp_components/cmake)
[0.883s] -- Found std_srvs: 4.2.3 (/opt/ros/humble/share/std_srvs/cmake)
[0.896s] -- Found tf2: 0.25.5 (/opt/ros/humble/share/tf2/cmake)
[0.901s] -- Found tf2_ros: 0.25.5 (/opt/ros/humble/share/tf2_ros/cmake)
[1.043s] -- Found visualization_msgs: 4.2.3 (/opt/ros/humble/share/visualization_msgs/cmake)
[1.131s] -- Found rtabmap_msgs: 0.21.3 (/SLAM/ros_ws/install/rtabmap_msgs/share/rtabmap_msgs/cmake)
[1.216s] -- Found rtabmap_util: 0.21.3 (/SLAM/ros_ws/install/rtabmap_util/share/rtabmap_util/cmake)
[1.794s] -- Found eigen3_cmake_module: 0.1.1 (/opt/ros/humble/share/eigen3_cmake_module/cmake)
[1.795s] -- Ensuring Eigen3 include directory is part of orocos-kdl CMake target
[2.063s] -- Eigen found (include: /usr/include/eigen3, version: 3.4.0)
[2.097s] -- FLANN found (include: /usr/include, lib: /usr/lib/x86_64-linux-gnu/libflann_cpp.so)
[2.353s] -- OpenNI found (version: 1.5.4.0, include: /usr/include/ni, lib: /usr/lib/libOpenNI.so;libusb::libusb)
[2.360s] -- OpenNI2 found (version: 2.2.0.33, include: /usr/include/openni2, lib: /usr/lib/x86_64-linux-gnu/libOpenNI2.so;libusb::libusb)
[2.492s] -- Eigen found (include: /usr/include/eigen3, version: 3.4.0)
[2.498s] -- OpenNI found (version: 1.5.4.0, include: /usr/include/ni, lib: /usr/lib/libOpenNI.so;libusb::libusb)
[2.504s] -- OpenNI2 found (version: 2.2.0.33, include: /usr/include/openni2, lib: /usr/lib/x86_64-linux-gnu/libOpenNI2.so;libusb::libusb)
[2.633s] -- Found Qhull version 8.0.2
[2.763s] -- OpenNI found (version: 1.5.4.0, include: /usr/include/ni, lib: /usr/lib/libOpenNI.so;libusb::libusb)
[3.153s] -- Found rtabmap_sync: 0.21.3 (/SLAM/ros_ws/install/rtabmap_sync/share/rtabmap_sync/cmake)
[3.289s] [33mCMake Warning at CMakeLists.txt:36 (find_package):
[3.289s]   By not providing "Findapriltag_msgs.cmake" in CMAKE_MODULE_PATH this
[3.289s]   project has asked CMake to find a package configuration file provided by
[3.289s]   "apriltag_msgs", but CMake did not find one.
[3.289s] 
[3.290s]   Could not find a package configuration file provided by "apriltag_msgs"
[3.290s]   with any of the following names:
[3.290s] 
[3.290s]     apriltag_msgsConfig.cmake
[3.290s]     apriltag_msgs-config.cmake
[3.290s] 
[3.290s]   Add the installation prefix of "apriltag_msgs" to CMAKE_PREFIX_PATH or set
[3.290s]   "apriltag_msgs_DIR" to a directory containing one of the above files.  If
[3.290s]   "apriltag_msgs" provides a separate development package or SDK, be sure it
[3.290s]   has been installed.
[3.290s] 
[3.290s] [0m
[3.358s] -- Configuring done
[3.477s] -- Generating done
[3.479s] -- Build files have been written to: /SLAM/ros_ws/build/rtabmap_slam
[3.494s] Invoked command in '/SLAM/ros_ws/build/rtabmap_slam' returned '0': AMENT_PREFIX_PATH=/SLAM/ros_ws/install/rtabmap_util:/SLAM/ros_ws/install/rtabmap_sync:/SLAM/ros_ws/install/rtabmap_conversions:${AMENT_PREFIX_PATH} CMAKE_PREFIX_PATH=/SLAM/ros_ws/install/rtabmap_util:/SLAM/ros_ws/install/rtabmap_sync:/SLAM/ros_ws/install/rtabmap_conversions:/opt/ros/humble:/SLAM/ros_ws/install/rtabmap_msgs:/SLAM/ros_ws/install/rtabmap LD_LIBRARY_PATH=/SLAM/ros_ws/install/rtabmap_util/lib:/SLAM/ros_ws/install/rtabmap_sync/lib:/SLAM/ros_ws/install/rtabmap_conversions/lib:/SLAM/ros_ws/install/rtabmap_msgs/lib:/SLAM/ros_ws/install/rtabmap/lib:${LD_LIBRARY_PATH} PATH=/SLAM/ros_ws/install/rtabmap/bin:${PATH} PKG_CONFIG_PATH=/SLAM/ros_ws/install/rtabmap_msgs/lib/x86_64-linux-gnu/pkgconfig:/SLAM/ros_ws/install/rtabmap_msgs/lib/pkgconfig:/SLAM/ros_ws/install/rtabmap/lib/x86_64-linux-gnu/pkgconfig:/SLAM/ros_ws/install/rtabmap/lib/pkgconfig PYTHONPATH=/SLAM/ros_ws/install/rtabmap_msgs/local/lib/python3.10/dist-packages:${PYTHONPATH} ROS_PACKAGE_PATH=/SLAM/ros_ws/install/rtabmap_msgs/share /usr/bin/cmake /SLAM/ros_ws/src/rtabmap_ros/rtabmap_slam -DCMAKE_BUILD_TYPE=Release -DAMENT_CMAKE_SYMLINK_INSTALL=1 -DCMAKE_INSTALL_PREFIX=/SLAM/ros_ws/install/rtabmap_slam
[3.496s] Invoking command in '/SLAM/ros_ws/build/rtabmap_slam': AMENT_PREFIX_PATH=/SLAM/ros_ws/install/rtabmap_util:/SLAM/ros_ws/install/rtabmap_sync:/SLAM/ros_ws/install/rtabmap_conversions:${AMENT_PREFIX_PATH} CMAKE_PREFIX_PATH=/SLAM/ros_ws/install/rtabmap_util:/SLAM/ros_ws/install/rtabmap_sync:/SLAM/ros_ws/install/rtabmap_conversions:/opt/ros/humble:/SLAM/ros_ws/install/rtabmap_msgs:/SLAM/ros_ws/install/rtabmap LD_LIBRARY_PATH=/SLAM/ros_ws/install/rtabmap_util/lib:/SLAM/ros_ws/install/rtabmap_sync/lib:/SLAM/ros_ws/install/rtabmap_conversions/lib:/SLAM/ros_ws/install/rtabmap_msgs/lib:/SLAM/ros_ws/install/rtabmap/lib:${LD_LIBRARY_PATH} PATH=/SLAM/ros_ws/install/rtabmap/bin:${PATH} PKG_CONFIG_PATH=/SLAM/ros_ws/install/rtabmap_msgs/lib/x86_64-linux-gnu/pkgconfig:/SLAM/ros_ws/install/rtabmap_msgs/lib/pkgconfig:/SLAM/ros_ws/install/rtabmap/lib/x86_64-linux-gnu/pkgconfig:/SLAM/ros_ws/install/rtabmap/lib/pkgconfig PYTHONPATH=/SLAM/ros_ws/install/rtabmap_msgs/local/lib/python3.10/dist-packages:${PYTHONPATH} ROS_PACKAGE_PATH=/SLAM/ros_ws/install/rtabmap_msgs/share /usr/bin/cmake --build /SLAM/ros_ws/build/rtabmap_slam
[3.548s] [35m[1mConsolidate compiler generated dependencies of target rtabmap_slam_plugins[0m
[3.604s] [ 25%] [32mBuilding CXX object CMakeFiles/rtabmap_slam_plugins.dir/src/CoreWrapper.cpp.o[0m
[79.630s] [ 50%] [32m[1mLinking CXX shared library librtabmap_slam_plugins.so[0m
[81.488s] [ 50%] Built target rtabmap_slam_plugins
[81.501s] [35m[1mConsolidate compiler generated dependencies of target rtabmap_node[0m
[81.544s] [ 75%] [32mBuilding CXX object CMakeFiles/rtabmap_node.dir/src/CoreNode.cpp.o[0m
[92.109s] [100%] [32m[1mLinking CXX executable rtabmap[0m
[93.585s] [100%] Built target rtabmap_node
[93.597s] Invoked command in '/SLAM/ros_ws/build/rtabmap_slam' returned '0': AMENT_PREFIX_PATH=/SLAM/ros_ws/install/rtabmap_util:/SLAM/ros_ws/install/rtabmap_sync:/SLAM/ros_ws/install/rtabmap_conversions:${AMENT_PREFIX_PATH} CMAKE_PREFIX_PATH=/SLAM/ros_ws/install/rtabmap_util:/SLAM/ros_ws/install/rtabmap_sync:/SLAM/ros_ws/install/rtabmap_conversions:/opt/ros/humble:/SLAM/ros_ws/install/rtabmap_msgs:/SLAM/ros_ws/install/rtabmap LD_LIBRARY_PATH=/SLAM/ros_ws/install/rtabmap_util/lib:/SLAM/ros_ws/install/rtabmap_sync/lib:/SLAM/ros_ws/install/rtabmap_conversions/lib:/SLAM/ros_ws/install/rtabmap_msgs/lib:/SLAM/ros_ws/install/rtabmap/lib:${LD_LIBRARY_PATH} PATH=/SLAM/ros_ws/install/rtabmap/bin:${PATH} PKG_CONFIG_PATH=/SLAM/ros_ws/install/rtabmap_msgs/lib/x86_64-linux-gnu/pkgconfig:/SLAM/ros_ws/install/rtabmap_msgs/lib/pkgconfig:/SLAM/ros_ws/install/rtabmap/lib/x86_64-linux-gnu/pkgconfig:/SLAM/ros_ws/install/rtabmap/lib/pkgconfig PYTHONPATH=/SLAM/ros_ws/install/rtabmap_msgs/local/lib/python3.10/dist-packages:${PYTHONPATH} ROS_PACKAGE_PATH=/SLAM/ros_ws/install/rtabmap_msgs/share /usr/bin/cmake --build /SLAM/ros_ws/build/rtabmap_slam
[93.636s] Invoking command in '/SLAM/ros_ws/build/rtabmap_slam': AMENT_PREFIX_PATH=/SLAM/ros_ws/install/rtabmap_util:/SLAM/ros_ws/install/rtabmap_sync:/SLAM/ros_ws/install/rtabmap_conversions:${AMENT_PREFIX_PATH} CMAKE_PREFIX_PATH=/SLAM/ros_ws/install/rtabmap_util:/SLAM/ros_ws/install/rtabmap_sync:/SLAM/ros_ws/install/rtabmap_conversions:/opt/ros/humble:/SLAM/ros_ws/install/rtabmap_msgs:/SLAM/ros_ws/install/rtabmap LD_LIBRARY_PATH=/SLAM/ros_ws/install/rtabmap_util/lib:/SLAM/ros_ws/install/rtabmap_sync/lib:/SLAM/ros_ws/install/rtabmap_conversions/lib:/SLAM/ros_ws/install/rtabmap_msgs/lib:/SLAM/ros_ws/install/rtabmap/lib:${LD_LIBRARY_PATH} PATH=/SLAM/ros_ws/install/rtabmap/bin:${PATH} PKG_CONFIG_PATH=/SLAM/ros_ws/install/rtabmap_msgs/lib/x86_64-linux-gnu/pkgconfig:/SLAM/ros_ws/install/rtabmap_msgs/lib/pkgconfig:/SLAM/ros_ws/install/rtabmap/lib/x86_64-linux-gnu/pkgconfig:/SLAM/ros_ws/install/rtabmap/lib/pkgconfig PYTHONPATH=/SLAM/ros_ws/install/rtabmap_msgs/local/lib/python3.10/dist-packages:${PYTHONPATH} ROS_PACKAGE_PATH=/SLAM/ros_ws/install/rtabmap_msgs/share /usr/bin/cmake --install /SLAM/ros_ws/build/rtabmap_slam
[93.644s] -- Install configuration: "Release"
[93.644s] -- Execute custom install script
[93.645s] -- Up-to-date symlink: /SLAM/ros_ws/install/rtabmap_slam/share/rtabmap_slam/environment/library_path.sh
[93.645s] -- Up-to-date symlink: /SLAM/ros_ws/install/rtabmap_slam/share/rtabmap_slam/environment/library_path.dsv
[93.645s] -- Up-to-date symlink: /SLAM/ros_ws/install/rtabmap_slam/lib/rtabmap_slam/rtabmap
[93.645s] -- Up-to-date symlink: /SLAM/ros_ws/install/rtabmap_slam/share/ament_index/resource_index/package_run_dependencies/rtabmap_slam
[93.645s] -- Up-to-date symlink: /SLAM/ros_ws/install/rtabmap_slam/share/ament_index/resource_index/parent_prefix_path/rtabmap_slam
[93.645s] -- Up-to-date symlink: /SLAM/ros_ws/install/rtabmap_slam/share/rtabmap_slam/environment/ament_prefix_path.sh
[93.646s] -- Up-to-date symlink: /SLAM/ros_ws/install/rtabmap_slam/share/rtabmap_slam/environment/ament_prefix_path.dsv
[93.646s] -- Up-to-date symlink: /SLAM/ros_ws/install/rtabmap_slam/share/rtabmap_slam/environment/path.sh
[93.646s] -- Up-to-date symlink: /SLAM/ros_ws/install/rtabmap_slam/share/rtabmap_slam/environment/path.dsv
[93.646s] -- Up-to-date symlink: /SLAM/ros_ws/install/rtabmap_slam/share/rtabmap_slam/local_setup.bash
[93.646s] -- Up-to-date symlink: /SLAM/ros_ws/install/rtabmap_slam/share/rtabmap_slam/local_setup.sh
[93.646s] -- Up-to-date symlink: /SLAM/ros_ws/install/rtabmap_slam/share/rtabmap_slam/local_setup.zsh
[93.646s] -- Up-to-date symlink: /SLAM/ros_ws/install/rtabmap_slam/share/rtabmap_slam/local_setup.dsv
[93.646s] -- Symlinking: /SLAM/ros_ws/install/rtabmap_slam/share/rtabmap_slam/package.dsv
[93.656s] -- Up-to-date symlink: /SLAM/ros_ws/install/rtabmap_slam/share/ament_index/resource_index/packages/rtabmap_slam
[93.656s] -- Up-to-date symlink: /SLAM/ros_ws/install/rtabmap_slam/share/ament_index/resource_index/rclcpp_components/rtabmap_slam
[93.657s] -- Up-to-date symlink: /SLAM/ros_ws/install/rtabmap_slam/share/rtabmap_slam/cmake/ament_cmake_export_dependencies-extras.cmake
[93.657s] -- Up-to-date symlink: /SLAM/ros_ws/install/rtabmap_slam/share/rtabmap_slam/cmake/ament_cmake_export_include_directories-extras.cmake
[93.657s] -- Up-to-date symlink: /SLAM/ros_ws/install/rtabmap_slam/share/rtabmap_slam/cmake/ament_cmake_export_targets-extras.cmake
[93.657s] -- Up-to-date symlink: /SLAM/ros_ws/install/rtabmap_slam/share/rtabmap_slam/cmake/ament_cmake_export_libraries-extras.cmake
[93.657s] -- Up-to-date symlink: /SLAM/ros_ws/install/rtabmap_slam/share/rtabmap_slam/cmake/rtabmap_slamConfig.cmake
[93.657s] -- Up-to-date symlink: /SLAM/ros_ws/install/rtabmap_slam/share/rtabmap_slam/cmake/rtabmap_slamConfig-version.cmake
[93.657s] -- Up-to-date symlink: /SLAM/ros_ws/install/rtabmap_slam/share/rtabmap_slam/package.xml
[93.658s] -- Installing: /SLAM/ros_ws/install/rtabmap_slam/lib/librtabmap_slam_plugins.so
[93.684s] -- Set runtime path of "/SLAM/ros_ws/install/rtabmap_slam/lib/librtabmap_slam_plugins.so" to ""
[93.685s] -- Up-to-date: /SLAM/ros_ws/install/rtabmap_slam/include
[93.685s] -- Up-to-date: /SLAM/ros_ws/install/rtabmap_slam/include/rtabmap_slam
[93.685s] -- Up-to-date: /SLAM/ros_ws/install/rtabmap_slam/include/rtabmap_slam/CoreWrapper.h
[93.685s] -- Up-to-date: /SLAM/ros_ws/install/rtabmap_slam/include/rtabmap_slam/visibility.h
[93.685s] -- Up-to-date: /SLAM/ros_ws/install/rtabmap_slam/share/rtabmap_slam/cmake/rtabmap_slamExport.cmake
[93.685s] -- Installing: /SLAM/ros_ws/install/rtabmap_slam/share/rtabmap_slam/cmake/rtabmap_slamExport-release.cmake
[93.687s] Invoked command in '/SLAM/ros_ws/build/rtabmap_slam' returned '0': AMENT_PREFIX_PATH=/SLAM/ros_ws/install/rtabmap_util:/SLAM/ros_ws/install/rtabmap_sync:/SLAM/ros_ws/install/rtabmap_conversions:${AMENT_PREFIX_PATH} CMAKE_PREFIX_PATH=/SLAM/ros_ws/install/rtabmap_util:/SLAM/ros_ws/install/rtabmap_sync:/SLAM/ros_ws/install/rtabmap_conversions:/opt/ros/humble:/SLAM/ros_ws/install/rtabmap_msgs:/SLAM/ros_ws/install/rtabmap LD_LIBRARY_PATH=/SLAM/ros_ws/install/rtabmap_util/lib:/SLAM/ros_ws/install/rtabmap_sync/lib:/SLAM/ros_ws/install/rtabmap_conversions/lib:/SLAM/ros_ws/install/rtabmap_msgs/lib:/SLAM/ros_ws/install/rtabmap/lib:${LD_LIBRARY_PATH} PATH=/SLAM/ros_ws/install/rtabmap/bin:${PATH} PKG_CONFIG_PATH=/SLAM/ros_ws/install/rtabmap_msgs/lib/x86_64-linux-gnu/pkgconfig:/SLAM/ros_ws/install/rtabmap_msgs/lib/pkgconfig:/SLAM/ros_ws/install/rtabmap/lib/x86_64-linux-gnu/pkgconfig:/SLAM/ros_ws/install/rtabmap/lib/pkgconfig PYTHONPATH=/SLAM/ros_ws/install/rtabmap_msgs/local/lib/python3.10/dist-packages:${PYTHONPATH} ROS_PACKAGE_PATH=/SLAM/ros_ws/install/rtabmap_msgs/share /usr/bin/cmake --install /SLAM/ros_ws/build/rtabmap_slam
