[2.941s] Invoking command in '/SLAM/ros_ws/build/examples_rclpy_executors': PYTHONPATH=/SLAM/ros_ws/build/examples_rclpy_executors/prefix_override:/SLAM/ros_ws/install/examples_rclpy_executors/lib/python3.10/site-packages:${PYTHONPATH} /usr/bin/python3 setup.py develop --editable --build-directory /SLAM/ros_ws/build/examples_rclpy_executors/build --no-deps install_data
[4.082s] running develop
[4.082s] running egg_info
[4.082s] creating examples_rclpy_executors.egg-info
[4.083s] writing examples_rclpy_executors.egg-info/PKG-INFO
[4.083s] writing dependency_links to examples_rclpy_executors.egg-info/dependency_links.txt
[4.083s] writing entry points to examples_rclpy_executors.egg-info/entry_points.txt
[4.083s] writing requirements to examples_rclpy_executors.egg-info/requires.txt
[4.083s] writing top-level names to examples_rclpy_executors.egg-info/top_level.txt
[4.083s] writing manifest file 'examples_rclpy_executors.egg-info/SOURCES.txt'
[4.083s] reading manifest file 'examples_rclpy_executors.egg-info/SOURCES.txt'
[4.083s] writing manifest file 'examples_rclpy_executors.egg-info/SOURCES.txt'
[4.083s] running build_ext
[4.084s] Creating /SLAM/ros_ws/install/examples_rclpy_executors/lib/python3.10/site-packages/examples-rclpy-executors.egg-link (link to .)
[4.084s] Installing callback_group script to /SLAM/ros_ws/install/examples_rclpy_executors/lib/examples_rclpy_executors
[4.084s] Installing composed script to /SLAM/ros_ws/install/examples_rclpy_executors/lib/examples_rclpy_executors
[4.084s] Installing custom_callback_group script to /SLAM/ros_ws/install/examples_rclpy_executors/lib/examples_rclpy_executors
[4.084s] Installing custom_executor script to /SLAM/ros_ws/install/examples_rclpy_executors/lib/examples_rclpy_executors
[4.084s] Installing listener script to /SLAM/ros_ws/install/examples_rclpy_executors/lib/examples_rclpy_executors
[4.084s] Installing talker script to /SLAM/ros_ws/install/examples_rclpy_executors/lib/examples_rclpy_executors
[4.084s] 
[4.084s] Installed /SLAM/ros_ws/build/examples_rclpy_executors
[4.084s] running install_data
[4.085s] creating /SLAM/ros_ws/install/examples_rclpy_executors/share/ament_index
[4.085s] creating /SLAM/ros_ws/install/examples_rclpy_executors/share/ament_index/resource_index
[4.085s] creating /SLAM/ros_ws/install/examples_rclpy_executors/share/ament_index/resource_index/packages
[4.085s] copying resource/examples_rclpy_executors -> /SLAM/ros_ws/install/examples_rclpy_executors/share/ament_index/resource_index/packages
[4.085s] copying package.xml -> /SLAM/ros_ws/install/examples_rclpy_executors/share/examples_rclpy_executors
[4.085s] /usr/lib/python3/dist-packages/setuptools/dist.py:723: UserWarning: Usage of dash-separated 'script-dir' will not be supported in future versions. Please use the underscore name 'script_dir' instead
[4.085s]   warnings.warn(
[4.085s] /usr/lib/python3/dist-packages/setuptools/command/easy_install.py:158: EasyInstallDeprecationWarning: easy_install command is deprecated. Use build and pip and other standards-based tools.
[4.086s]   warnings.warn(
[4.086s] /usr/lib/python3/dist-packages/setuptools/command/install.py:34: SetuptoolsDeprecationWarning: setup.py install is deprecated. Use build and pip and other standards-based tools.
[4.086s]   warnings.warn(
[4.252s] Invoked command in '/SLAM/ros_ws/build/examples_rclpy_executors' returned '0': PYTHONPATH=/SLAM/ros_ws/build/examples_rclpy_executors/prefix_override:/SLAM/ros_ws/install/examples_rclpy_executors/lib/python3.10/site-packages:${PYTHONPATH} /usr/bin/python3 setup.py develop --editable --build-directory /SLAM/ros_ws/build/examples_rclpy_executors/build --no-deps install_data
