[0.532s] Invoking command in '/SLAM/ros_ws/build/depth_image_proc': CMAKE_PREFIX_PATH=${CMAKE_PREFIX_PATH}:/SLAM/ros_ws/install/camera_calibration:/opt/ros/humble /usr/bin/cmake --build /SLAM/ros_ws/build/depth_image_proc -- -j16 -l16
[0.640s] [100%] Built target depth_image_proc
[0.796s] Invoked command in '/SLAM/ros_ws/build/depth_image_proc' returned '0': CMAKE_PREFIX_PATH=${CMAKE_PREFIX_PATH}:/SLAM/ros_ws/install/camera_calibration:/opt/ros/humble /usr/bin/cmake --build /SLAM/ros_ws/build/depth_image_proc -- -j16 -l16
[0.998s] Invoking command in '/SLAM/ros_ws/build/depth_image_proc': CMAKE_PREFIX_PATH=${CMAKE_PREFIX_PATH}:/SLAM/ros_ws/install/camera_calibration:/opt/ros/humble /usr/bin/cmake --install /SLAM/ros_ws/build/depth_image_proc
[1.101s] -- Install configuration: ""
[1.101s] -- Up-to-date: /SLAM/ros_ws/install/depth_image_proc/include
[1.102s] -- Up-to-date: /SLAM/ros_ws/install/depth_image_proc/include/depth_image_proc
[1.102s] -- Up-to-date: /SLAM/ros_ws/install/depth_image_proc/include/depth_image_proc/point_cloud_xyzi.hpp
[1.102s] -- Up-to-date: /SLAM/ros_ws/install/depth_image_proc/include/depth_image_proc/depth_traits.hpp
[1.103s] -- Up-to-date: /SLAM/ros_ws/install/depth_image_proc/include/depth_image_proc/point_cloud_xyz_radial.hpp
[1.104s] -- Up-to-date: /SLAM/ros_ws/install/depth_image_proc/include/depth_image_proc/point_cloud_xyzrgb_radial.hpp
[1.105s] -- Up-to-date: /SLAM/ros_ws/install/depth_image_proc/include/depth_image_proc/point_cloud_xyzrgb.hpp
[1.105s] -- Up-to-date: /SLAM/ros_ws/install/depth_image_proc/include/depth_image_proc/conversions.hpp
[1.105s] -- Up-to-date: /SLAM/ros_ws/install/depth_image_proc/include/depth_image_proc/point_cloud_xyz.hpp
[1.105s] -- Up-to-date: /SLAM/ros_ws/install/depth_image_proc/include/depth_image_proc/point_cloud_xyzi_radial.hpp
[1.106s] -- Up-to-date: /SLAM/ros_ws/install/depth_image_proc/include/depth_image_proc/visibility.h
[1.106s] -- Up-to-date: /SLAM/ros_ws/install/depth_image_proc/share/depth_image_proc/environment/library_path.sh
[1.106s] -- Up-to-date: /SLAM/ros_ws/install/depth_image_proc/share/depth_image_proc/environment/library_path.dsv
[1.107s] -- Up-to-date: /SLAM/ros_ws/install/depth_image_proc/lib/libdepth_image_proc.so
[1.107s] -- Up-to-date: /SLAM/ros_ws/install/depth_image_proc/share/depth_image_proc/launch
[1.107s] -- Up-to-date: /SLAM/ros_ws/install/depth_image_proc/share/depth_image_proc/launch/crop_foremost.launch.py
[1.108s] -- Up-to-date: /SLAM/ros_ws/install/depth_image_proc/share/depth_image_proc/launch/rviz
[1.108s] -- Up-to-date: /SLAM/ros_ws/install/depth_image_proc/share/depth_image_proc/launch/rviz/point_cloud_xyz_radial.rviz
[1.108s] -- Up-to-date: /SLAM/ros_ws/install/depth_image_proc/share/depth_image_proc/launch/rviz/disparity.rviz
[1.109s] -- Up-to-date: /SLAM/ros_ws/install/depth_image_proc/share/depth_image_proc/launch/rviz/register.rviz
[1.109s] -- Up-to-date: /SLAM/ros_ws/install/depth_image_proc/share/depth_image_proc/launch/rviz/point_cloud_xyz.rviz
[1.109s] -- Up-to-date: /SLAM/ros_ws/install/depth_image_proc/share/depth_image_proc/launch/rviz/crop_formost.rviz
[1.110s] -- Up-to-date: /SLAM/ros_ws/install/depth_image_proc/share/depth_image_proc/launch/rviz/point_cloud_xyzrgb.rviz
[1.110s] -- Up-to-date: /SLAM/ros_ws/install/depth_image_proc/share/depth_image_proc/launch/rviz/point_cloud_xyzi.rviz
[1.110s] -- Up-to-date: /SLAM/ros_ws/install/depth_image_proc/share/depth_image_proc/launch/rviz/convert_metric.rviz
[1.110s] -- Up-to-date: /SLAM/ros_ws/install/depth_image_proc/share/depth_image_proc/launch/point_cloud_xyzi.launch.py
[1.111s] -- Up-to-date: /SLAM/ros_ws/install/depth_image_proc/share/depth_image_proc/launch/point_cloud_xyzrgb.launch.py
[1.112s] -- Up-to-date: /SLAM/ros_ws/install/depth_image_proc/share/depth_image_proc/launch/point_cloud_xyz_radial.launch.py
[1.112s] -- Up-to-date: /SLAM/ros_ws/install/depth_image_proc/share/depth_image_proc/launch/convert_metric.launch.py
[1.114s] -- Up-to-date: /SLAM/ros_ws/install/depth_image_proc/share/depth_image_proc/launch/point_cloud_xyzi_radial.launch.py
[1.114s] -- Up-to-date: /SLAM/ros_ws/install/depth_image_proc/share/depth_image_proc/launch/point_cloud_xyzrgb_radial.launch.py
[1.114s] -- Up-to-date: /SLAM/ros_ws/install/depth_image_proc/share/depth_image_proc/launch/register.launch.py
[1.115s] -- Up-to-date: /SLAM/ros_ws/install/depth_image_proc/share/depth_image_proc/launch/point_cloud_xyz.launch.py
[1.115s] -- Up-to-date: /SLAM/ros_ws/install/depth_image_proc/share/depth_image_proc/launch/disparity.launch.py
[1.115s] -- Up-to-date: /SLAM/ros_ws/install/depth_image_proc/share/ament_index/resource_index/package_run_dependencies/depth_image_proc
[1.115s] -- Up-to-date: /SLAM/ros_ws/install/depth_image_proc/share/ament_index/resource_index/parent_prefix_path/depth_image_proc
[1.115s] -- Up-to-date: /SLAM/ros_ws/install/depth_image_proc/share/depth_image_proc/environment/ament_prefix_path.sh
[1.116s] -- Up-to-date: /SLAM/ros_ws/install/depth_image_proc/share/depth_image_proc/environment/ament_prefix_path.dsv
[1.117s] -- Up-to-date: /SLAM/ros_ws/install/depth_image_proc/share/depth_image_proc/environment/path.sh
[1.117s] -- Up-to-date: /SLAM/ros_ws/install/depth_image_proc/share/depth_image_proc/environment/path.dsv
[1.118s] -- Up-to-date: /SLAM/ros_ws/install/depth_image_proc/share/depth_image_proc/local_setup.bash
[1.118s] -- Up-to-date: /SLAM/ros_ws/install/depth_image_proc/share/depth_image_proc/local_setup.sh
[1.118s] -- Up-to-date: /SLAM/ros_ws/install/depth_image_proc/share/depth_image_proc/local_setup.zsh
[1.119s] -- Up-to-date: /SLAM/ros_ws/install/depth_image_proc/share/depth_image_proc/local_setup.dsv
[1.119s] -- Installing: /SLAM/ros_ws/install/depth_image_proc/share/depth_image_proc/package.dsv
[1.119s] -- Up-to-date: /SLAM/ros_ws/install/depth_image_proc/share/ament_index/resource_index/packages/depth_image_proc
[1.119s] -- Up-to-date: /SLAM/ros_ws/install/depth_image_proc/share/ament_index/resource_index/rclcpp_components/depth_image_proc
[1.120s] -- Up-to-date: /SLAM/ros_ws/install/depth_image_proc/share/depth_image_proc/cmake/ament_cmake_export_dependencies-extras.cmake
[1.120s] -- Up-to-date: /SLAM/ros_ws/install/depth_image_proc/share/depth_image_proc/cmake/ament_cmake_export_include_directories-extras.cmake
[1.120s] -- Up-to-date: /SLAM/ros_ws/install/depth_image_proc/share/depth_image_proc/cmake/ament_cmake_export_libraries-extras.cmake
[1.121s] -- Up-to-date: /SLAM/ros_ws/install/depth_image_proc/share/depth_image_proc/cmake/depth_image_procConfig.cmake
[1.121s] -- Up-to-date: /SLAM/ros_ws/install/depth_image_proc/share/depth_image_proc/cmake/depth_image_procConfig-version.cmake
[1.121s] -- Up-to-date: /SLAM/ros_ws/install/depth_image_proc/share/depth_image_proc/package.xml
[1.180s] Invoked command in '/SLAM/ros_ws/build/depth_image_proc' returned '0': CMAKE_PREFIX_PATH=${CMAKE_PREFIX_PATH}:/SLAM/ros_ws/install/camera_calibration:/opt/ros/humble /usr/bin/cmake --install /SLAM/ros_ws/build/depth_image_proc
