[0.000000] (-) TimerEvent: {}
[0.000347] (-) JobUnselected: {'identifier': 'astra_camera'}
[0.000422] (-) JobUnselected: {'identifier': 'astra_camera_msgs'}
[0.000458] (-) JobUnselected: {'identifier': 'br2_basics'}
[0.000511] (-) JobUnselected: {'identifier': 'br2_bt_bumpgo'}
[0.000527] (-) JobUnselected: {'identifier': 'br2_bt_patrolling'}
[0.000543] (-) JobUnselected: {'identifier': 'br2_fsm_bumpgo_cpp'}
[0.000571] (-) JobUnselected: {'identifier': 'br2_fsm_bumpgo_py'}
[0.000586] (-) JobUnselected: {'identifier': 'br2_navigation'}
[0.000661] (-) JobUnselected: {'identifier': 'br2_tf2_detector'}
[0.000744] (-) JobUnselected: {'identifier': 'br2_tiago'}
[0.000814] (-) JobUnselected: {'identifier': 'br2_tracking'}
[0.000856] (-) JobUnselected: {'identifier': 'br2_tracking_msgs'}
[0.000955] (-) JobUnselected: {'identifier': 'br2_vff_avoidance'}
[0.000978] (-) JobUnselected: {'identifier': 'camera_calibration'}
[0.001011] (-) JobUnselected: {'identifier': 'depth_image_proc'}
[0.001083] (-) JobUnselected: {'identifier': 'groot'}
[0.001105] (-) JobUnselected: {'identifier': 'hey5_description'}
[0.001140] (-) JobUnselected: {'identifier': 'image_pipeline'}
[0.001238] (-) JobUnselected: {'identifier': 'image_proc'}
[0.001260] (-) JobUnselected: {'identifier': 'image_publisher'}
[0.001278] (-) JobUnselected: {'identifier': 'image_rotate'}
[0.001308] (-) JobUnselected: {'identifier': 'image_view'}
[0.001392] (-) JobUnselected: {'identifier': 'launch_pal'}
[0.001410] (-) JobUnselected: {'identifier': 'my_robot_controller'}
[0.001426] (-) JobUnselected: {'identifier': 'pal_gazebo_worlds'}
[0.001454] (-) JobUnselected: {'identifier': 'pal_gripper'}
[0.001471] (-) JobUnselected: {'identifier': 'pal_gripper_description'}
[0.001547] (-) JobUnselected: {'identifier': 'pmb2_2dnav'}
[0.001564] (-) JobUnselected: {'identifier': 'pmb2_bringup'}
[0.001579] (-) JobUnselected: {'identifier': 'pmb2_controller_configuration'}
[0.001595] (-) JobUnselected: {'identifier': 'pmb2_description'}
[0.001625] (-) JobUnselected: {'identifier': 'pmb2_laser_sensors'}
[0.001739] (-) JobUnselected: {'identifier': 'pmb2_maps'}
[0.001774] (-) JobUnselected: {'identifier': 'pmb2_navigation'}
[0.001814] (-) JobUnselected: {'identifier': 'pmb2_robot'}
[0.001845] (-) JobUnselected: {'identifier': 'rf2o_laser_odometry'}
[0.001920] (-) JobUnselected: {'identifier': 'rplidar_ros'}
[0.001949] (-) JobUnselected: {'identifier': 'rtabmap'}
[0.001990] (-) JobUnselected: {'identifier': 'rtabmap_conversions'}
[0.002017] (-) JobUnselected: {'identifier': 'rtabmap_demos'}
[0.002086] (-) JobUnselected: {'identifier': 'rtabmap_examples'}
[0.002116] (-) JobUnselected: {'identifier': 'rtabmap_launch'}
[0.002154] (-) JobUnselected: {'identifier': 'rtabmap_msgs'}
[0.002183] (-) JobUnselected: {'identifier': 'rtabmap_odom'}
[0.002252] (-) JobUnselected: {'identifier': 'rtabmap_python'}
[0.002285] (-) JobUnselected: {'identifier': 'rtabmap_ros'}
[0.002324] (-) JobUnselected: {'identifier': 'rtabmap_rviz_plugins'}
[0.002355] (-) JobUnselected: {'identifier': 'rtabmap_slam'}
[0.002440] (-) JobUnselected: {'identifier': 'rtabmap_sync'}
[0.002473] (-) JobUnselected: {'identifier': 'rtabmap_util'}
[0.002506] (-) JobUnselected: {'identifier': 'rtabmap_viz'}
[0.002581] (-) JobUnselected: {'identifier': 'slam_toolbox'}
[0.002639] (-) JobUnselected: {'identifier': 'sllidar_ros2'}
[0.002672] (-) JobUnselected: {'identifier': 'stereo_image_proc'}
[0.002701] (-) JobUnselected: {'identifier': 'tiago_2dnav'}
[0.002760] (-) JobUnselected: {'identifier': 'tiago_bringup'}
[0.002776] (-) JobUnselected: {'identifier': 'tiago_controller_configuration'}
[0.002791] (-) JobUnselected: {'identifier': 'tiago_description'}
[0.002817] (-) JobUnselected: {'identifier': 'tiago_gazebo'}
[0.002832] (-) JobUnselected: {'identifier': 'tiago_laser_sensors'}
[0.002903] (-) JobUnselected: {'identifier': 'tiago_moveit_config'}
[0.002925] (-) JobUnselected: {'identifier': 'tiago_navigation'}
[0.002955] (-) JobUnselected: {'identifier': 'tiago_robot'}
[0.002972] (-) JobUnselected: {'identifier': 'tiago_simulation'}
[0.003051] (-) JobUnselected: {'identifier': 'tracetools_image_pipeline'}
[0.003077] (-) JobUnselected: {'identifier': 'tutourial_intefaces'}
[0.003093] (-) JobUnselected: {'identifier': 'urdf_test'}
[0.003110] (pal_gripper_controller_configuration) JobQueued: {'identifier': 'pal_gripper_controller_configuration', 'dependencies': OrderedDict()}
[0.003173] (pal_gripper_controller_configuration) JobStarted: {'identifier': 'pal_gripper_controller_configuration'}
[0.046473] (pal_gripper_controller_configuration) JobProgress: {'identifier': 'pal_gripper_controller_configuration', 'progress': 'cmake'}
[0.081981] (pal_gripper_controller_configuration) JobProgress: {'identifier': 'pal_gripper_controller_configuration', 'progress': 'build'}
[0.082787] (pal_gripper_controller_configuration) Command: {'cmd': ['/usr/bin/cmake', '--build', '/SLAM/ros_ws/build/pal_gripper_controller_configuration', '--', '-j16', '-l16'], 'cwd': '/SLAM/ros_ws/build/pal_gripper_controller_configuration', 'env': OrderedDict([('HOSTNAME', 'acer'), ('GIT_ASKPASS', '/home/ros/.vscode-server/bin/0ee08df0cf4527e40edc9aa28f4b5bd38bbff2b2/extensions/git/dist/askpass.sh'), ('SHLVL', '2'), ('LD_LIBRARY_PATH', '/usr/lib/x86_64-linux-gnu/gazebo-11/plugins:/opt/ros/humble/opt/rviz_ogre_vendor/lib:/opt/ros/humble/lib/x86_64-linux-gnu:/opt/ros/humble/lib'), ('BROWSER', '/home/ros/.vscode-server/bin/0ee08df0cf4527e40edc9aa28f4b5bd38bbff2b2/bin/helpers/browser.sh'), ('HOME', '/home/ros'), ('TERM_PROGRAM_VERSION', '1.85.1'), ('VSCODE_IPC_HOOK_CLI', '/tmp/vscode-ipc-f75ace74-3a63-4e17-9c42-2d0b6a46ea6c.sock'), ('ROS_PYTHON_VERSION', '3'), ('VSCODE_GIT_ASKPASS_MAIN', '/home/ros/.vscode-server/bin/0ee08df0cf4527e40edc9aa28f4b5bd38bbff2b2/extensions/git/dist/askpass-main.js'), ('VSCODE_GIT_ASKPASS_NODE', '/home/ros/.vscode-server/bin/0ee08df0cf4527e40edc9aa28f4b5bd38bbff2b2/node'), ('COLORTERM', 'truecolor'), ('REMOTE_CONTAINERS', 'true'), ('ROS_DISTRO', 'humble'), ('REMOTE_CONTAINERS_IPC', '/tmp/vscode-remote-containers-ipc-50c619c6-2daf-4bfc-b140-aa6923d4a067.sock'), ('_', '/usr/bin/colcon'), ('ROS_VERSION', '2'), ('TERM', 'xterm-256color'), ('ROS_LOCALHOST_ONLY', '0'), ('PATH', '/home/ros/.vscode-server/bin/0ee08df0cf4527e40edc9aa28f4b5bd38bbff2b2/bin/remote-cli:/opt/ros/humble/bin:/usr/local/sbin:/usr/local/bin:/usr/sbin:/usr/bin:/sbin:/bin'), ('REMOTE_CONTAINERS_SOCKETS', '["/tmp/vscode-ssh-auth-50c619c6-2daf-4bfc-b140-aa6923d4a067.sock","/tmp/.X11-unix/X0","/home/ros/.gnupg/S.gpg-agent"]'), ('DISPLAY', ':1'), ('LANG', 'C.UTF-8'), ('VSCODE_GIT_IPC_HANDLE', '/tmp/vscode-git-f5e5d8950f.sock'), ('TERM_PROGRAM', 'vscode'), ('SSH_AUTH_SOCK', '/tmp/vscode-ssh-auth-50c619c6-2daf-4bfc-b140-aa6923d4a067.sock'), ('AMENT_PREFIX_PATH', '/opt/ros/humble'), ('REMOTE_CONTAINERS_DISPLAY_SOCK', '/tmp/.X11-unix/X0'), ('SHELL', '/bin/bash'), ('VSCODE_GIT_ASKPASS_EXTRA_ARGS', ''), ('PWD', '/SLAM/ros_ws/build/pal_gripper_controller_configuration'), ('LC_ALL', 'C.UTF-8'), ('PYTHONPATH', '/opt/ros/humble/lib/python3.10/site-packages:/opt/ros/humble/local/lib/python3.10/dist-packages'), ('COLCON', '1'), ('CMAKE_PREFIX_PATH', '/opt/ros/humble')]), 'shell': False}
[0.099582] (-) TimerEvent: {}
[0.132767] (pal_gripper_controller_configuration) CommandEnded: {'returncode': 0}
[0.156687] (pal_gripper_controller_configuration) JobProgress: {'identifier': 'pal_gripper_controller_configuration', 'progress': 'install'}
[0.166072] (pal_gripper_controller_configuration) Command: {'cmd': ['/usr/bin/cmake', '--install', '/SLAM/ros_ws/build/pal_gripper_controller_configuration'], 'cwd': '/SLAM/ros_ws/build/pal_gripper_controller_configuration', 'env': OrderedDict([('HOSTNAME', 'acer'), ('GIT_ASKPASS', '/home/ros/.vscode-server/bin/0ee08df0cf4527e40edc9aa28f4b5bd38bbff2b2/extensions/git/dist/askpass.sh'), ('SHLVL', '2'), ('LD_LIBRARY_PATH', '/usr/lib/x86_64-linux-gnu/gazebo-11/plugins:/opt/ros/humble/opt/rviz_ogre_vendor/lib:/opt/ros/humble/lib/x86_64-linux-gnu:/opt/ros/humble/lib'), ('BROWSER', '/home/ros/.vscode-server/bin/0ee08df0cf4527e40edc9aa28f4b5bd38bbff2b2/bin/helpers/browser.sh'), ('HOME', '/home/ros'), ('TERM_PROGRAM_VERSION', '1.85.1'), ('VSCODE_IPC_HOOK_CLI', '/tmp/vscode-ipc-f75ace74-3a63-4e17-9c42-2d0b6a46ea6c.sock'), ('ROS_PYTHON_VERSION', '3'), ('VSCODE_GIT_ASKPASS_MAIN', '/home/ros/.vscode-server/bin/0ee08df0cf4527e40edc9aa28f4b5bd38bbff2b2/extensions/git/dist/askpass-main.js'), ('VSCODE_GIT_ASKPASS_NODE', '/home/ros/.vscode-server/bin/0ee08df0cf4527e40edc9aa28f4b5bd38bbff2b2/node'), ('COLORTERM', 'truecolor'), ('REMOTE_CONTAINERS', 'true'), ('ROS_DISTRO', 'humble'), ('REMOTE_CONTAINERS_IPC', '/tmp/vscode-remote-containers-ipc-50c619c6-2daf-4bfc-b140-aa6923d4a067.sock'), ('_', '/usr/bin/colcon'), ('ROS_VERSION', '2'), ('TERM', 'xterm-256color'), ('ROS_LOCALHOST_ONLY', '0'), ('PATH', '/home/ros/.vscode-server/bin/0ee08df0cf4527e40edc9aa28f4b5bd38bbff2b2/bin/remote-cli:/opt/ros/humble/bin:/usr/local/sbin:/usr/local/bin:/usr/sbin:/usr/bin:/sbin:/bin'), ('REMOTE_CONTAINERS_SOCKETS', '["/tmp/vscode-ssh-auth-50c619c6-2daf-4bfc-b140-aa6923d4a067.sock","/tmp/.X11-unix/X0","/home/ros/.gnupg/S.gpg-agent"]'), ('DISPLAY', ':1'), ('LANG', 'C.UTF-8'), ('VSCODE_GIT_IPC_HANDLE', '/tmp/vscode-git-f5e5d8950f.sock'), ('TERM_PROGRAM', 'vscode'), ('SSH_AUTH_SOCK', '/tmp/vscode-ssh-auth-50c619c6-2daf-4bfc-b140-aa6923d4a067.sock'), ('AMENT_PREFIX_PATH', '/opt/ros/humble'), ('REMOTE_CONTAINERS_DISPLAY_SOCK', '/tmp/.X11-unix/X0'), ('SHELL', '/bin/bash'), ('VSCODE_GIT_ASKPASS_EXTRA_ARGS', ''), ('PWD', '/SLAM/ros_ws/build/pal_gripper_controller_configuration'), ('LC_ALL', 'C.UTF-8'), ('PYTHONPATH', '/opt/ros/humble/lib/python3.10/site-packages:/opt/ros/humble/local/lib/python3.10/dist-packages'), ('COLCON', '1'), ('CMAKE_PREFIX_PATH', '/opt/ros/humble')]), 'shell': False}
[0.174265] (pal_gripper_controller_configuration) StdoutLine: {'line': b'-- Install configuration: ""\n'}
[0.174970] (pal_gripper_controller_configuration) StdoutLine: {'line': b'-- Execute custom install script\n'}
[0.175847] (pal_gripper_controller_configuration) StdoutLine: {'line': b'-- Up-to-date symlink: /SLAM/ros_ws/install/pal_gripper_controller_configuration/share/pal_gripper_controller_configuration/config/current_limit_controllers.yaml\n'}
[0.175983] (pal_gripper_controller_configuration) StdoutLine: {'line': b'-- Up-to-date symlink: /SLAM/ros_ws/install/pal_gripper_controller_configuration/share/pal_gripper_controller_configuration/config/current_limit_controllers_left.yaml\n'}
[0.176112] (pal_gripper_controller_configuration) StdoutLine: {'line': b'-- Up-to-date symlink: /SLAM/ros_ws/install/pal_gripper_controller_configuration/share/pal_gripper_controller_configuration/config/current_limit_controllers_right.yaml\n'}
[0.176247] (pal_gripper_controller_configuration) StdoutLine: {'line': b'-- Up-to-date symlink: /SLAM/ros_ws/install/pal_gripper_controller_configuration/share/pal_gripper_controller_configuration/config/gripper_controller.yaml\n'}
[0.176368] (pal_gripper_controller_configuration) StdoutLine: {'line': b'-- Up-to-date symlink: /SLAM/ros_ws/install/pal_gripper_controller_configuration/share/pal_gripper_controller_configuration/config/gripper_left_controller.yaml\n'}
[0.176495] (pal_gripper_controller_configuration) StdoutLine: {'line': b'-- Up-to-date symlink: /SLAM/ros_ws/install/pal_gripper_controller_configuration/share/pal_gripper_controller_configuration/config/gripper_right_controller.yaml\n'}
[0.176574] (pal_gripper_controller_configuration) StdoutLine: {'line': b'-- Symlinking: /SLAM/ros_ws/install/pal_gripper_controller_configuration/share/pal_gripper_controller_configuration/config/joint_trajectory_controllers.yaml\n'}
[0.186018] (pal_gripper_controller_configuration) StdoutLine: {'line': b'-- Symlinking: /SLAM/ros_ws/install/pal_gripper_controller_configuration/share/pal_gripper_controller_configuration/config/pids.yaml\n'}
[0.195666] (pal_gripper_controller_configuration) StdoutLine: {'line': b'-- Symlinking: /SLAM/ros_ws/install/pal_gripper_controller_configuration/share/pal_gripper_controller_configuration/launch/current_limit_controllers.launch\n'}
[0.199682] (-) TimerEvent: {}
[0.205866] (pal_gripper_controller_configuration) StdoutLine: {'line': b'-- Symlinking: /SLAM/ros_ws/install/pal_gripper_controller_configuration/share/pal_gripper_controller_configuration/launch/gripper_controller.launch\n'}
[0.217682] (pal_gripper_controller_configuration) StdoutLine: {'line': b'-- Symlinking: /SLAM/ros_ws/install/pal_gripper_controller_configuration/share/pal_gripper_controller_configuration/launch/pal_gripper_controller.launch.py\n'}
[0.227431] (pal_gripper_controller_configuration) StdoutLine: {'line': b'-- Symlinking: /SLAM/ros_ws/install/pal_gripper_controller_configuration/share/ament_index/resource_index/package_run_dependencies/pal_gripper_controller_configuration\n'}
[0.236486] (pal_gripper_controller_configuration) StdoutLine: {'line': b'-- Symlinking: /SLAM/ros_ws/install/pal_gripper_controller_configuration/share/ament_index/resource_index/parent_prefix_path/pal_gripper_controller_configuration\n'}
[0.245943] (pal_gripper_controller_configuration) StdoutLine: {'line': b'-- Symlinking: /SLAM/ros_ws/install/pal_gripper_controller_configuration/share/pal_gripper_controller_configuration/environment/ament_prefix_path.sh\n'}
[0.256155] (pal_gripper_controller_configuration) StdoutLine: {'line': b'-- Symlinking: /SLAM/ros_ws/install/pal_gripper_controller_configuration/share/pal_gripper_controller_configuration/environment/ament_prefix_path.dsv\n'}
[0.265188] (pal_gripper_controller_configuration) StdoutLine: {'line': b'-- Symlinking: /SLAM/ros_ws/install/pal_gripper_controller_configuration/share/pal_gripper_controller_configuration/environment/path.sh\n'}
[0.274380] (pal_gripper_controller_configuration) StdoutLine: {'line': b'-- Symlinking: /SLAM/ros_ws/install/pal_gripper_controller_configuration/share/pal_gripper_controller_configuration/environment/path.dsv\n'}
[0.284130] (pal_gripper_controller_configuration) StdoutLine: {'line': b'-- Symlinking: /SLAM/ros_ws/install/pal_gripper_controller_configuration/share/pal_gripper_controller_configuration/local_setup.bash\n'}
[0.293616] (pal_gripper_controller_configuration) StdoutLine: {'line': b'-- Symlinking: /SLAM/ros_ws/install/pal_gripper_controller_configuration/share/pal_gripper_controller_configuration/local_setup.sh\n'}
[0.299768] (-) TimerEvent: {}
[0.303204] (pal_gripper_controller_configuration) StdoutLine: {'line': b'-- Symlinking: /SLAM/ros_ws/install/pal_gripper_controller_configuration/share/pal_gripper_controller_configuration/local_setup.zsh\n'}
[0.313316] (pal_gripper_controller_configuration) StdoutLine: {'line': b'-- Symlinking: /SLAM/ros_ws/install/pal_gripper_controller_configuration/share/pal_gripper_controller_configuration/local_setup.dsv\n'}
[0.325500] (pal_gripper_controller_configuration) StdoutLine: {'line': b'-- Symlinking: /SLAM/ros_ws/install/pal_gripper_controller_configuration/share/pal_gripper_controller_configuration/package.dsv\n'}
[0.335388] (pal_gripper_controller_configuration) StdoutLine: {'line': b'-- Symlinking: /SLAM/ros_ws/install/pal_gripper_controller_configuration/share/ament_index/resource_index/packages/pal_gripper_controller_configuration\n'}
[0.346341] (pal_gripper_controller_configuration) StdoutLine: {'line': b'-- Symlinking: /SLAM/ros_ws/install/pal_gripper_controller_configuration/share/pal_gripper_controller_configuration/cmake/pal_gripper_controller_configurationConfig.cmake\n'}
[0.356445] (pal_gripper_controller_configuration) StdoutLine: {'line': b'-- Symlinking: /SLAM/ros_ws/install/pal_gripper_controller_configuration/share/pal_gripper_controller_configuration/cmake/pal_gripper_controller_configurationConfig-version.cmake\n'}
[0.367220] (pal_gripper_controller_configuration) StdoutLine: {'line': b'-- Symlinking: /SLAM/ros_ws/install/pal_gripper_controller_configuration/share/pal_gripper_controller_configuration/package.xml\n'}
[0.380223] (pal_gripper_controller_configuration) CommandEnded: {'returncode': 0}
[0.399854] (-) TimerEvent: {}
[0.500231] (pal_gripper_controller_configuration) JobEnded: {'identifier': 'pal_gripper_controller_configuration', 'rc': 0}
[0.500987] (-) TimerEvent: {}
[0.501094] (-) EventReactorShutdown: {}
