[0.744s] Invoking command in '/SLAM/ros_ws/build/image_view': CMAKE_PREFIX_PATH=/SLAM/ros_ws/install/tutourial_intefaces:/SLAM/ros_ws/install/more_interfaces:/SLAM/ros_ws/install/cpp_pubsub:/SLAM/ros_ws/install/rplidar_ros:/SLAM/ros_ws/install/examples_rclcpp_minimal_client:/SLAM/ros_ws/install/cpp_srvcli:/SLAM/ros_ws/install/image_pipeline:/SLAM/ros_ws/install/stereo_image_proc:/SLAM/ros_ws/install/image_proc:/SLAM/ros_ws/install/tracetools_image_pipeline:/SLAM/ros_ws/install/sllidar_ros2:/SLAM/ros_ws/install/rtabmap_ros:/SLAM/ros_ws/install/rtabmap_launch:/SLAM/ros_ws/install/rtabmap_examples:/SLAM/ros_ws/install/rtabmap_demos:/SLAM/ros_ws/install/rtabmap_viz:/SLAM/ros_ws/install/rtabmap_slam:/SLAM/ros_ws/install/rtabmap_odom:/SLAM/ros_ws/install/rtabmap_util:/SLAM/ros_ws/install/rtabmap_sync:/SLAM/ros_ws/install/rtabmap_rviz_plugins:/SLAM/ros_ws/install/rtabmap_conversions:/SLAM/ros_ws/install/my_robot_controller:/SLAM/ros_ws/install/examples_rclpy_minimal_client:/SLAM/ros_ws/install/examples_rclpy_minimal_action_server:/SLAM/ros_ws/install/examples_rclpy_minimal_action_client:/SLAM/ros_ws/install/examples_rclpy_executors:/SLAM/ros_ws/install/rtabmap_python:/SLAM/ros_ws/install/camera_calibration:/opt/ros/humble:/SLAM/ros_ws/install/rtabmap_msgs:/SLAM/ros_ws/install/rtabmap:/SLAM/ros_ws/install/image_view:/SLAM/ros_ws/install/image_rotate:/SLAM/ros_ws/install/astra_camera:/SLAM/ros_ws/install/image_publisher:/SLAM/ros_ws/install/depth_image_proc:/SLAM/ros_ws/install/astra_camera_msgs /usr/bin/cmake /SLAM/ros_ws/src/image_pipeline/image_view -DAMENT_CMAKE_SYMLINK_INSTALL=1 -DCMAKE_INSTALL_PREFIX=/SLAM/ros_ws/install/image_view
[1.643s] -- The C compiler identification is GNU 11.4.0
[1.643s] -- The CXX compiler identification is GNU 11.4.0
[1.643s] -- Detecting C compiler ABI info
[1.643s] -- Detecting C compiler ABI info - done
[1.643s] -- Check for working C compiler: /usr/bin/cc - skipped
[1.643s] -- Detecting C compile features
[1.643s] -- Detecting C compile features - done
[1.643s] -- Detecting CXX compiler ABI info
[1.643s] -- Detecting CXX compiler ABI info - done
[1.644s] -- Check for working CXX compiler: /usr/bin/c++ - skipped
[1.644s] -- Detecting CXX compile features
[1.644s] -- Detecting CXX compile features - done
[1.644s] -- Found ament_cmake_auto: 1.3.6 (/opt/ros/humble/share/ament_cmake_auto/cmake)
[1.644s] -- Found Python3: /usr/bin/python3.10 (found version "3.10.12") found components: Interpreter 
[1.684s] -- Override CMake install command with custom implementation using symlinks instead of copying resources
[2.229s] -- Found rosidl_generator_c: 3.1.5 (/opt/ros/humble/share/rosidl_generator_c/cmake)
[2.252s] -- Found rosidl_adapter: 3.1.5 (/opt/ros/humble/share/rosidl_adapter/cmake)
[2.282s] -- Found rosidl_generator_cpp: 3.1.5 (/opt/ros/humble/share/rosidl_generator_cpp/cmake)
[2.326s] -- Using all available rosidl_typesupport_c: rosidl_typesupport_fastrtps_c;rosidl_typesupport_introspection_c
[2.389s] -- Using all available rosidl_typesupport_cpp: rosidl_typesupport_fastrtps_cpp;rosidl_typesupport_introspection_cpp
[2.592s] -- Found rmw_implementation_cmake: 6.1.1 (/opt/ros/humble/share/rmw_implementation_cmake/cmake)
[2.604s] -- Found rmw_fastrtps_cpp: 6.2.5 (/opt/ros/humble/share/rmw_fastrtps_cpp/cmake)
[2.946s] -- Found OpenSSL: /usr/lib/x86_64-linux-gnu/libcrypto.so (found version "3.0.2")  
[3.018s] -- Found FastRTPS: /opt/ros/humble/include  
[3.138s] -- Using RMW implementation 'rmw_fastrtps_cpp' as default
[3.176s] -- Looking for pthread.h
[3.301s] -- Looking for pthread.h - found
[3.301s] -- Performing Test CMAKE_HAVE_LIBC_PTHREAD
[3.434s] -- Performing Test CMAKE_HAVE_LIBC_PTHREAD - Success
[3.436s] -- Found Threads: TRUE  
[4.528s] -- Found Boost: /usr/lib/x86_64-linux-gnu/cmake/Boost-1.74.0/BoostConfig.cmake (found version "1.74.0")  
[4.535s] -- Found OpenCV: /usr (found version "4.5.4") 
[4.640s] -- Found ament_lint_auto: 0.12.9 (/opt/ros/humble/share/ament_lint_auto/cmake)
[4.777s] -- Added test 'copyright' to check source files copyright and LICENSE
[4.777s] -- Added test 'cppcheck' to perform static code analysis on C / C++ code
[4.777s] -- Configured cppcheck include dirs: /SLAM/ros_ws/src/image_pipeline/image_view/include
[4.778s] -- Configured cppcheck exclude dirs and/or files: 
[4.779s] -- Added test 'cpplint' to check C / C++ code against the Google style
[4.779s] -- Configured cpplint exclude dirs and/or files: 
[4.782s] -- Added test 'lint_cmake' to check CMake code style
[4.801s] -- Added test 'uncrustify' to check C / C++ code style
[4.801s] -- Configured uncrustify additional arguments: 
[4.801s] -- Added test 'xmllint' to check XML markup files
[4.801s] -- Configuring done
[4.918s] -- Generating done
[4.918s] -- Build files have been written to: /SLAM/ros_ws/build/image_view
[4.950s] Invoked command in '/SLAM/ros_ws/build/image_view' returned '0': CMAKE_PREFIX_PATH=/SLAM/ros_ws/install/tutourial_intefaces:/SLAM/ros_ws/install/more_interfaces:/SLAM/ros_ws/install/cpp_pubsub:/SLAM/ros_ws/install/rplidar_ros:/SLAM/ros_ws/install/examples_rclcpp_minimal_client:/SLAM/ros_ws/install/cpp_srvcli:/SLAM/ros_ws/install/image_pipeline:/SLAM/ros_ws/install/stereo_image_proc:/SLAM/ros_ws/install/image_proc:/SLAM/ros_ws/install/tracetools_image_pipeline:/SLAM/ros_ws/install/sllidar_ros2:/SLAM/ros_ws/install/rtabmap_ros:/SLAM/ros_ws/install/rtabmap_launch:/SLAM/ros_ws/install/rtabmap_examples:/SLAM/ros_ws/install/rtabmap_demos:/SLAM/ros_ws/install/rtabmap_viz:/SLAM/ros_ws/install/rtabmap_slam:/SLAM/ros_ws/install/rtabmap_odom:/SLAM/ros_ws/install/rtabmap_util:/SLAM/ros_ws/install/rtabmap_sync:/SLAM/ros_ws/install/rtabmap_rviz_plugins:/SLAM/ros_ws/install/rtabmap_conversions:/SLAM/ros_ws/install/my_robot_controller:/SLAM/ros_ws/install/examples_rclpy_minimal_client:/SLAM/ros_ws/install/examples_rclpy_minimal_action_server:/SLAM/ros_ws/install/examples_rclpy_minimal_action_client:/SLAM/ros_ws/install/examples_rclpy_executors:/SLAM/ros_ws/install/rtabmap_python:/SLAM/ros_ws/install/camera_calibration:/opt/ros/humble:/SLAM/ros_ws/install/rtabmap_msgs:/SLAM/ros_ws/install/rtabmap:/SLAM/ros_ws/install/image_view:/SLAM/ros_ws/install/image_rotate:/SLAM/ros_ws/install/astra_camera:/SLAM/ros_ws/install/image_publisher:/SLAM/ros_ws/install/depth_image_proc:/SLAM/ros_ws/install/astra_camera_msgs /usr/bin/cmake /SLAM/ros_ws/src/image_pipeline/image_view -DAMENT_CMAKE_SYMLINK_INSTALL=1 -DCMAKE_INSTALL_PREFIX=/SLAM/ros_ws/install/image_view
[4.950s] Invoking command in '/SLAM/ros_ws/build/image_view': CMAKE_PREFIX_PATH=/SLAM/ros_ws/install/tutourial_intefaces:/SLAM/ros_ws/install/more_interfaces:/SLAM/ros_ws/install/cpp_pubsub:/SLAM/ros_ws/install/rplidar_ros:/SLAM/ros_ws/install/examples_rclcpp_minimal_client:/SLAM/ros_ws/install/cpp_srvcli:/SLAM/ros_ws/install/image_pipeline:/SLAM/ros_ws/install/stereo_image_proc:/SLAM/ros_ws/install/image_proc:/SLAM/ros_ws/install/tracetools_image_pipeline:/SLAM/ros_ws/install/sllidar_ros2:/SLAM/ros_ws/install/rtabmap_ros:/SLAM/ros_ws/install/rtabmap_launch:/SLAM/ros_ws/install/rtabmap_examples:/SLAM/ros_ws/install/rtabmap_demos:/SLAM/ros_ws/install/rtabmap_viz:/SLAM/ros_ws/install/rtabmap_slam:/SLAM/ros_ws/install/rtabmap_odom:/SLAM/ros_ws/install/rtabmap_util:/SLAM/ros_ws/install/rtabmap_sync:/SLAM/ros_ws/install/rtabmap_rviz_plugins:/SLAM/ros_ws/install/rtabmap_conversions:/SLAM/ros_ws/install/my_robot_controller:/SLAM/ros_ws/install/examples_rclpy_minimal_client:/SLAM/ros_ws/install/examples_rclpy_minimal_action_server:/SLAM/ros_ws/install/examples_rclpy_minimal_action_client:/SLAM/ros_ws/install/examples_rclpy_executors:/SLAM/ros_ws/install/rtabmap_python:/SLAM/ros_ws/install/camera_calibration:/opt/ros/humble:/SLAM/ros_ws/install/rtabmap_msgs:/SLAM/ros_ws/install/rtabmap:/SLAM/ros_ws/install/image_view:/SLAM/ros_ws/install/image_rotate:/SLAM/ros_ws/install/astra_camera:/SLAM/ros_ws/install/image_publisher:/SLAM/ros_ws/install/depth_image_proc:/SLAM/ros_ws/install/astra_camera_msgs /usr/bin/cmake --build /SLAM/ros_ws/build/image_view -- -j16 -l16
[5.536s] [  5%] [32mBuilding CXX object CMakeFiles/image_view_nodes.dir/src/disparity_view_node.cpp.o[0m
[5.536s] [ 10%] [32mBuilding CXX object CMakeFiles/image_view_nodes.dir/src/extract_images_node.cpp.o[0m
[5.536s] [ 15%] [32mBuilding CXX object CMakeFiles/image_view_nodes.dir/src/image_view_node.cpp.o[0m
[5.536s] [ 21%] [32mBuilding CXX object CMakeFiles/image_view_nodes.dir/src/video_recorder_node.cpp.o[0m
[5.537s] [ 26%] [32mBuilding CXX object CMakeFiles/image_view_nodes.dir/src/image_saver_node.cpp.o[0m
[5.537s] [ 31%] [32mBuilding CXX object CMakeFiles/image_view_nodes.dir/src/stereo_view_node.cpp.o[0m
[42.775s] [ 36%] [32m[1mLinking CXX shared library libimage_view_nodes.so[0m
[44.460s] [ 36%] Built target image_view_nodes
[44.494s] [ 42%] [32mBuilding CXX object CMakeFiles/disparity_view.dir/src/disparity_view.cpp.o[0m
[48.025s] [ 47%] [32m[1mLinking CXX executable disparity_view[0m
[48.808s] [ 47%] Built target disparity_view
[48.844s] [ 52%] [32mBuilding CXX object CMakeFiles/video_recorder.dir/src/video_recorder.cpp.o[0m
[52.118s] [ 57%] [32m[1mLinking CXX executable video_recorder[0m
[52.930s] [ 57%] Built target video_recorder
[52.969s] [ 63%] [32mBuilding CXX object CMakeFiles/image_saver.dir/src/image_saver.cpp.o[0m
[56.300s] [ 68%] [32m[1mLinking CXX executable image_saver[0m
[57.133s] [ 68%] Built target image_saver
[57.173s] [ 73%] [32mBuilding CXX object CMakeFiles/extract_images.dir/src/extract_images.cpp.o[0m
[60.526s] [ 78%] [32m[1mLinking CXX executable extract_images[0m
[61.373s] [ 78%] Built target extract_images
[61.411s] [ 84%] [32mBuilding CXX object CMakeFiles/stereo_view.dir/src/stereo_view.cpp.o[0m
[65.215s] [ 89%] [32m[1mLinking CXX executable stereo_view[0m
[66.028s] [ 89%] Built target stereo_view
[66.063s] [ 94%] [32mBuilding CXX object CMakeFiles/image_view.dir/src/image_view.cpp.o[0m
[69.416s] [100%] [32m[1mLinking CXX executable image_view[0m
[70.216s] [100%] Built target image_view
[70.234s] Invoked command in '/SLAM/ros_ws/build/image_view' returned '0': CMAKE_PREFIX_PATH=/SLAM/ros_ws/install/tutourial_intefaces:/SLAM/ros_ws/install/more_interfaces:/SLAM/ros_ws/install/cpp_pubsub:/SLAM/ros_ws/install/rplidar_ros:/SLAM/ros_ws/install/examples_rclcpp_minimal_client:/SLAM/ros_ws/install/cpp_srvcli:/SLAM/ros_ws/install/image_pipeline:/SLAM/ros_ws/install/stereo_image_proc:/SLAM/ros_ws/install/image_proc:/SLAM/ros_ws/install/tracetools_image_pipeline:/SLAM/ros_ws/install/sllidar_ros2:/SLAM/ros_ws/install/rtabmap_ros:/SLAM/ros_ws/install/rtabmap_launch:/SLAM/ros_ws/install/rtabmap_examples:/SLAM/ros_ws/install/rtabmap_demos:/SLAM/ros_ws/install/rtabmap_viz:/SLAM/ros_ws/install/rtabmap_slam:/SLAM/ros_ws/install/rtabmap_odom:/SLAM/ros_ws/install/rtabmap_util:/SLAM/ros_ws/install/rtabmap_sync:/SLAM/ros_ws/install/rtabmap_rviz_plugins:/SLAM/ros_ws/install/rtabmap_conversions:/SLAM/ros_ws/install/my_robot_controller:/SLAM/ros_ws/install/examples_rclpy_minimal_client:/SLAM/ros_ws/install/examples_rclpy_minimal_action_server:/SLAM/ros_ws/install/examples_rclpy_minimal_action_client:/SLAM/ros_ws/install/examples_rclpy_executors:/SLAM/ros_ws/install/rtabmap_python:/SLAM/ros_ws/install/camera_calibration:/opt/ros/humble:/SLAM/ros_ws/install/rtabmap_msgs:/SLAM/ros_ws/install/rtabmap:/SLAM/ros_ws/install/image_view:/SLAM/ros_ws/install/image_rotate:/SLAM/ros_ws/install/astra_camera:/SLAM/ros_ws/install/image_publisher:/SLAM/ros_ws/install/depth_image_proc:/SLAM/ros_ws/install/astra_camera_msgs /usr/bin/cmake --build /SLAM/ros_ws/build/image_view -- -j16 -l16
[70.342s] Invoking command in '/SLAM/ros_ws/build/image_view': CMAKE_PREFIX_PATH=/SLAM/ros_ws/install/tutourial_intefaces:/SLAM/ros_ws/install/more_interfaces:/SLAM/ros_ws/install/cpp_pubsub:/SLAM/ros_ws/install/rplidar_ros:/SLAM/ros_ws/install/examples_rclcpp_minimal_client:/SLAM/ros_ws/install/cpp_srvcli:/SLAM/ros_ws/install/image_pipeline:/SLAM/ros_ws/install/stereo_image_proc:/SLAM/ros_ws/install/image_proc:/SLAM/ros_ws/install/tracetools_image_pipeline:/SLAM/ros_ws/install/sllidar_ros2:/SLAM/ros_ws/install/rtabmap_ros:/SLAM/ros_ws/install/rtabmap_launch:/SLAM/ros_ws/install/rtabmap_examples:/SLAM/ros_ws/install/rtabmap_demos:/SLAM/ros_ws/install/rtabmap_viz:/SLAM/ros_ws/install/rtabmap_slam:/SLAM/ros_ws/install/rtabmap_odom:/SLAM/ros_ws/install/rtabmap_util:/SLAM/ros_ws/install/rtabmap_sync:/SLAM/ros_ws/install/rtabmap_rviz_plugins:/SLAM/ros_ws/install/rtabmap_conversions:/SLAM/ros_ws/install/my_robot_controller:/SLAM/ros_ws/install/examples_rclpy_minimal_client:/SLAM/ros_ws/install/examples_rclpy_minimal_action_server:/SLAM/ros_ws/install/examples_rclpy_minimal_action_client:/SLAM/ros_ws/install/examples_rclpy_executors:/SLAM/ros_ws/install/rtabmap_python:/SLAM/ros_ws/install/camera_calibration:/opt/ros/humble:/SLAM/ros_ws/install/rtabmap_msgs:/SLAM/ros_ws/install/rtabmap:/SLAM/ros_ws/install/image_view:/SLAM/ros_ws/install/image_rotate:/SLAM/ros_ws/install/astra_camera:/SLAM/ros_ws/install/image_publisher:/SLAM/ros_ws/install/depth_image_proc:/SLAM/ros_ws/install/astra_camera_msgs /usr/bin/cmake --install /SLAM/ros_ws/build/image_view
[70.354s] -- Install configuration: ""
[70.354s] -- Execute custom install script
[70.355s] -- Up-to-date symlink: /SLAM/ros_ws/install/image_view/include/image_view/disparity_view_node.hpp
[70.356s] -- Up-to-date symlink: /SLAM/ros_ws/install/image_view/include/image_view/extract_images_node.hpp
[70.356s] -- Up-to-date symlink: /SLAM/ros_ws/install/image_view/include/image_view/image_saver_node.hpp
[70.356s] -- Up-to-date symlink: /SLAM/ros_ws/install/image_view/include/image_view/image_view_node.hpp
[70.357s] -- Up-to-date symlink: /SLAM/ros_ws/install/image_view/include/image_view/stereo_view_node.hpp
[70.357s] -- Up-to-date symlink: /SLAM/ros_ws/install/image_view/include/image_view/video_recorder_node.hpp
[70.358s] -- Up-to-date symlink: /SLAM/ros_ws/install/image_view/share/image_view/environment/library_path.sh
[70.358s] -- Up-to-date symlink: /SLAM/ros_ws/install/image_view/share/image_view/environment/library_path.dsv
[70.359s] -- Up-to-date symlink: /SLAM/ros_ws/install/image_view/lib/libimage_view_nodes.so
[70.359s] -- Up-to-date symlink: /SLAM/ros_ws/install/image_view/lib/image_view/disparity_view
[70.359s] -- Up-to-date symlink: /SLAM/ros_ws/install/image_view/lib/image_view/image_view
[70.359s] -- Up-to-date symlink: /SLAM/ros_ws/install/image_view/lib/image_view/stereo_view
[70.360s] -- Up-to-date symlink: /SLAM/ros_ws/install/image_view/lib/image_view/extract_images
[70.360s] -- Up-to-date symlink: /SLAM/ros_ws/install/image_view/lib/image_view/image_saver
[70.360s] -- Up-to-date symlink: /SLAM/ros_ws/install/image_view/lib/image_view/video_recorder
[70.362s] -- Up-to-date symlink: /SLAM/ros_ws/install/image_view/share/ament_index/resource_index/package_run_dependencies/image_view
[70.362s] -- Up-to-date symlink: /SLAM/ros_ws/install/image_view/share/ament_index/resource_index/parent_prefix_path/image_view
[70.362s] -- Up-to-date symlink: /SLAM/ros_ws/install/image_view/share/image_view/environment/ament_prefix_path.sh
[70.363s] -- Up-to-date symlink: /SLAM/ros_ws/install/image_view/share/image_view/environment/ament_prefix_path.dsv
[70.363s] -- Up-to-date symlink: /SLAM/ros_ws/install/image_view/share/image_view/environment/path.sh
[70.364s] -- Up-to-date symlink: /SLAM/ros_ws/install/image_view/share/image_view/environment/path.dsv
[70.364s] -- Up-to-date symlink: /SLAM/ros_ws/install/image_view/share/image_view/local_setup.bash
[70.364s] -- Up-to-date symlink: /SLAM/ros_ws/install/image_view/share/image_view/local_setup.sh
[70.365s] -- Up-to-date symlink: /SLAM/ros_ws/install/image_view/share/image_view/local_setup.zsh
[70.365s] -- Up-to-date symlink: /SLAM/ros_ws/install/image_view/share/image_view/local_setup.dsv
[70.365s] -- Symlinking: /SLAM/ros_ws/install/image_view/share/image_view/package.dsv
[70.381s] -- Up-to-date symlink: /SLAM/ros_ws/install/image_view/share/ament_index/resource_index/packages/image_view
[70.381s] -- Up-to-date symlink: /SLAM/ros_ws/install/image_view/share/ament_index/resource_index/rclcpp_components/image_view
[70.381s] -- Up-to-date symlink: /SLAM/ros_ws/install/image_view/share/image_view/cmake/ament_cmake_export_dependencies-extras.cmake
[70.382s] -- Up-to-date symlink: /SLAM/ros_ws/install/image_view/share/image_view/cmake/ament_cmake_export_include_directories-extras.cmake
[70.382s] -- Up-to-date symlink: /SLAM/ros_ws/install/image_view/share/image_view/cmake/ament_cmake_export_libraries-extras.cmake
[70.383s] -- Up-to-date symlink: /SLAM/ros_ws/install/image_view/share/image_view/cmake/image_viewConfig.cmake
[70.383s] -- Up-to-date symlink: /SLAM/ros_ws/install/image_view/share/image_view/cmake/image_viewConfig-version.cmake
[70.383s] -- Up-to-date symlink: /SLAM/ros_ws/install/image_view/share/image_view/package.xml
[70.386s] Invoked command in '/SLAM/ros_ws/build/image_view' returned '0': CMAKE_PREFIX_PATH=/SLAM/ros_ws/install/tutourial_intefaces:/SLAM/ros_ws/install/more_interfaces:/SLAM/ros_ws/install/cpp_pubsub:/SLAM/ros_ws/install/rplidar_ros:/SLAM/ros_ws/install/examples_rclcpp_minimal_client:/SLAM/ros_ws/install/cpp_srvcli:/SLAM/ros_ws/install/image_pipeline:/SLAM/ros_ws/install/stereo_image_proc:/SLAM/ros_ws/install/image_proc:/SLAM/ros_ws/install/tracetools_image_pipeline:/SLAM/ros_ws/install/sllidar_ros2:/SLAM/ros_ws/install/rtabmap_ros:/SLAM/ros_ws/install/rtabmap_launch:/SLAM/ros_ws/install/rtabmap_examples:/SLAM/ros_ws/install/rtabmap_demos:/SLAM/ros_ws/install/rtabmap_viz:/SLAM/ros_ws/install/rtabmap_slam:/SLAM/ros_ws/install/rtabmap_odom:/SLAM/ros_ws/install/rtabmap_util:/SLAM/ros_ws/install/rtabmap_sync:/SLAM/ros_ws/install/rtabmap_rviz_plugins:/SLAM/ros_ws/install/rtabmap_conversions:/SLAM/ros_ws/install/my_robot_controller:/SLAM/ros_ws/install/examples_rclpy_minimal_client:/SLAM/ros_ws/install/examples_rclpy_minimal_action_server:/SLAM/ros_ws/install/examples_rclpy_minimal_action_client:/SLAM/ros_ws/install/examples_rclpy_executors:/SLAM/ros_ws/install/rtabmap_python:/SLAM/ros_ws/install/camera_calibration:/opt/ros/humble:/SLAM/ros_ws/install/rtabmap_msgs:/SLAM/ros_ws/install/rtabmap:/SLAM/ros_ws/install/image_view:/SLAM/ros_ws/install/image_rotate:/SLAM/ros_ws/install/astra_camera:/SLAM/ros_ws/install/image_publisher:/SLAM/ros_ws/install/depth_image_proc:/SLAM/ros_ws/install/astra_camera_msgs /usr/bin/cmake --install /SLAM/ros_ws/build/image_view
