[0.430s] Invoking command in '/SLAM/ros_ws/build/image_rotate': CMAKE_PREFIX_PATH=/opt/ros/humble /usr/bin/cmake /SLAM/ros_ws/src/image_pipeline/image_rotate -DCMAKE_INSTALL_PREFIX=/SLAM/ros_ws/install/image_rotate
[0.728s] -- Found ament_cmake_auto: 1.3.6 (/opt/ros/humble/share/ament_cmake_auto/cmake)
[0.728s] -- Override CMake install command with custom implementation using symlinks instead of copying resources
[0.729s] -- Found rosidl_generator_c: 3.1.5 (/opt/ros/humble/share/rosidl_generator_c/cmake)
[0.730s] -- Found rosidl_adapter: 3.1.5 (/opt/ros/humble/share/rosidl_adapter/cmake)
[0.730s] -- Found rosidl_generator_cpp: 3.1.5 (/opt/ros/humble/share/rosidl_generator_cpp/cmake)
[0.736s] -- Using all available rosidl_typesupport_c: rosidl_typesupport_fastrtps_c;rosidl_typesupport_introspection_c
[0.759s] -- Using all available rosidl_typesupport_cpp: rosidl_typesupport_fastrtps_cpp;rosidl_typesupport_introspection_cpp
[1.193s] -- Found rmw_implementation_cmake: 6.1.1 (/opt/ros/humble/share/rmw_implementation_cmake/cmake)
[1.195s] -- Found rmw_fastrtps_cpp: 6.2.5 (/opt/ros/humble/share/rmw_fastrtps_cpp/cmake)
[1.380s] -- Using RMW implementation 'rmw_fastrtps_cpp' as default
[1.696s] -- Found eigen3_cmake_module: 0.1.1 (/opt/ros/humble/share/eigen3_cmake_module/cmake)
[1.698s] -- Ensuring Eigen3 include directory is part of orocos-kdl CMake target
[2.115s] -- Found ament_lint_auto: 0.12.9 (/opt/ros/humble/share/ament_lint_auto/cmake)
[2.134s] -- Added test 'copyright' to check source files copyright and LICENSE
[2.137s] -- Added test 'cppcheck' to perform static code analysis on C / C++ code
[2.137s] -- Configured cppcheck include dirs: /SLAM/ros_ws/src/image_pipeline/image_rotate/include
[2.137s] -- Configured cppcheck exclude dirs and/or files: 
[2.137s] -- Added test 'cpplint' to check C / C++ code against the Google style
[2.137s] -- Configured cpplint exclude dirs and/or files: 
[2.138s] -- Added test 'flake8' to check Python code syntax and style conventions
[2.138s] -- Added test 'lint_cmake' to check CMake code style
[2.138s] -- Added test 'pep257' to check Python code against some of the docstring style conventions in PEP 257
[2.140s] -- Added test 'uncrustify' to check C / C++ code style
[2.141s] -- Configured uncrustify additional arguments: 
[2.141s] -- Added test 'xmllint' to check XML markup files
[2.147s] -- Configuring done
[2.194s] -- Generating done
[2.197s] -- Build files have been written to: /SLAM/ros_ws/build/image_rotate
[2.229s] Invoked command in '/SLAM/ros_ws/build/image_rotate' returned '0': CMAKE_PREFIX_PATH=/opt/ros/humble /usr/bin/cmake /SLAM/ros_ws/src/image_pipeline/image_rotate -DCMAKE_INSTALL_PREFIX=/SLAM/ros_ws/install/image_rotate
[2.230s] Invoking command in '/SLAM/ros_ws/build/image_rotate': CMAKE_PREFIX_PATH=/opt/ros/humble /usr/bin/cmake --build /SLAM/ros_ws/build/image_rotate -- -j16 -l16
[2.326s] [35m[1mConsolidate compiler generated dependencies of target image_rotate[0m
[2.377s] [ 50%] Built target image_rotate
[2.416s] [ 75%] [32mBuilding CXX object CMakeFiles/image_rotate_bin.dir/src/image_rotate.cpp.o[0m
[13.416s] [100%] [32m[1mLinking CXX executable image_rotate[0m
[16.056s] [100%] Built target image_rotate_bin
[16.161s] Invoked command in '/SLAM/ros_ws/build/image_rotate' returned '0': CMAKE_PREFIX_PATH=/opt/ros/humble /usr/bin/cmake --build /SLAM/ros_ws/build/image_rotate -- -j16 -l16
[16.498s] Invoking command in '/SLAM/ros_ws/build/image_rotate': CMAKE_PREFIX_PATH=/opt/ros/humble /usr/bin/cmake --install /SLAM/ros_ws/build/image_rotate
[16.525s] -- Install configuration: "Release"
[16.526s] -- Execute custom install script
[16.526s] -- Up-to-date symlink: /SLAM/ros_ws/install/image_rotate/include/image_rotate/image_rotate_node.hpp
[16.526s] -- Up-to-date symlink: /SLAM/ros_ws/install/image_rotate/include/image_rotate/visibility.h
[16.526s] -- Up-to-date symlink: /SLAM/ros_ws/install/image_rotate/share/image_rotate/environment/library_path.sh
[16.526s] -- Up-to-date symlink: /SLAM/ros_ws/install/image_rotate/share/image_rotate/environment/library_path.dsv
[16.533s] -- Up-to-date symlink: /SLAM/ros_ws/install/image_rotate/lib/libimage_rotate.so
[16.542s] -- Up-to-date symlink: /SLAM/ros_ws/install/image_rotate/lib/image_rotate/image_rotate
[16.544s] -- Up-to-date symlink: /SLAM/ros_ws/install/image_rotate/share/image_rotate/launch/image_rotate.launch.py
[16.544s] -- Up-to-date symlink: /SLAM/ros_ws/install/image_rotate/share/ament_index/resource_index/package_run_dependencies/image_rotate
[16.546s] -- Up-to-date symlink: /SLAM/ros_ws/install/image_rotate/share/ament_index/resource_index/parent_prefix_path/image_rotate
[16.546s] -- Up-to-date symlink: /SLAM/ros_ws/install/image_rotate/share/image_rotate/environment/ament_prefix_path.sh
[16.547s] -- Up-to-date symlink: /SLAM/ros_ws/install/image_rotate/share/image_rotate/environment/ament_prefix_path.dsv
[16.548s] -- Up-to-date symlink: /SLAM/ros_ws/install/image_rotate/share/image_rotate/environment/path.sh
[16.549s] -- Up-to-date symlink: /SLAM/ros_ws/install/image_rotate/share/image_rotate/environment/path.dsv
[16.550s] -- Up-to-date symlink: /SLAM/ros_ws/install/image_rotate/share/image_rotate/local_setup.bash
[16.551s] -- Up-to-date symlink: /SLAM/ros_ws/install/image_rotate/share/image_rotate/local_setup.sh
[16.552s] -- Up-to-date symlink: /SLAM/ros_ws/install/image_rotate/share/image_rotate/local_setup.zsh
[16.553s] -- Up-to-date symlink: /SLAM/ros_ws/install/image_rotate/share/image_rotate/local_setup.dsv
[16.554s] -- Up-to-date symlink: /SLAM/ros_ws/install/image_rotate/share/image_rotate/package.dsv
[16.555s] -- Up-to-date symlink: /SLAM/ros_ws/install/image_rotate/share/ament_index/resource_index/packages/image_rotate
[16.556s] -- Up-to-date symlink: /SLAM/ros_ws/install/image_rotate/share/ament_index/resource_index/rclcpp_components/image_rotate
[16.557s] -- Up-to-date symlink: /SLAM/ros_ws/install/image_rotate/share/image_rotate/cmake/ament_cmake_export_dependencies-extras.cmake
[16.558s] -- Up-to-date symlink: /SLAM/ros_ws/install/image_rotate/share/image_rotate/cmake/ament_cmake_export_include_directories-extras.cmake
[16.560s] -- Up-to-date symlink: /SLAM/ros_ws/install/image_rotate/share/image_rotate/cmake/ament_cmake_export_libraries-extras.cmake
[16.561s] -- Up-to-date symlink: /SLAM/ros_ws/install/image_rotate/share/image_rotate/cmake/image_rotateConfig.cmake
[16.562s] -- Up-to-date symlink: /SLAM/ros_ws/install/image_rotate/share/image_rotate/cmake/image_rotateConfig-version.cmake
[16.563s] -- Up-to-date symlink: /SLAM/ros_ws/install/image_rotate/share/image_rotate/package.xml
[16.579s] Invoked command in '/SLAM/ros_ws/build/image_rotate' returned '0': CMAKE_PREFIX_PATH=/opt/ros/humble /usr/bin/cmake --install /SLAM/ros_ws/build/image_rotate
