[0.106s] Invoking command in '/SLAM/ros_ws/build/orbbec_camera': CMAKE_PREFIX_PATH=/SLAM/ros_ws/install/orbbec_camera_msgs:/SLAM/ros_ws/install/image_publisher:/SLAM/ros_ws/install/image_pipeline:/SLAM/ros_ws/install/stereo_image_proc:/SLAM/ros_ws/install/image_proc:/SLAM/ros_ws/install/tracetools_image_pipeline:/SLAM/ros_ws/install/sllidar_ros2:/SLAM/ros_ws/install/orbbec_description:/SLAM/ros_ws/install/orbbec_camera:/SLAM/ros_ws/install/magic_enum:/SLAM/ros_ws/install/libuvc:/SLAM/ros_ws/install/image_view:/SLAM/ros_ws/install/image_rotate:/SLAM/ros_ws/install/astra_camera:/SLAM/ros_ws/install/glog:/SLAM/ros_ws/install/depth_image_proc:/SLAM/ros_ws/install/astra_camera_msgs:/SLAM/ros_ws/install/camera_calibration:/opt/ros/humble LD_LIBRARY_PATH=/SLAM/ros_ws/install/orbbec_camera_msgs/lib:/SLAM/ros_ws/install/image_publisher/lib:/SLAM/ros_ws/install/stereo_image_proc/lib:/SLAM/ros_ws/install/image_proc/lib:/SLAM/ros_ws/install/tracetools_image_pipeline/lib:/SLAM/ros_ws/install/orbbec_camera/lib:/SLAM/ros_ws/install/libuvc/lib:/SLAM/ros_ws/install/image_view/lib:/SLAM/ros_ws/install/image_rotate/lib:/SLAM/ros_ws/install/astra_camera/lib:/SLAM/ros_ws/install/glog/lib:/SLAM/ros_ws/install/depth_image_proc/lib:/SLAM/ros_ws/install/astra_camera_msgs/lib:/opt/ros/humble/opt/rviz_ogre_vendor/lib:/opt/ros/humble/lib/x86_64-linux-gnu:/opt/ros/humble/lib /usr/bin/cmake /SLAM/ros_ws/src/OrbbecSDK_ROS2/orbbec_camera -DCMAKE_INSTALL_PREFIX=/SLAM/ros_ws/install/orbbec_camera
[0.180s] -- The C compiler identification is GNU 11.4.0
[0.268s] -- The CXX compiler identification is GNU 11.4.0
[0.279s] -- Detecting C compiler ABI info
[0.403s] -- Detecting C compiler ABI info - done
[0.413s] -- Check for working C compiler: /usr/bin/cc - skipped
[0.413s] -- Detecting C compile features
[0.414s] -- Detecting C compile features - done
[0.420s] -- Detecting CXX compiler ABI info
[0.585s] -- Detecting CXX compiler ABI info - done
[0.597s] -- Check for working CXX compiler: /usr/bin/c++ - skipped
[0.597s] -- Detecting CXX compile features
[0.598s] -- Detecting CXX compile features - done
[0.603s] -- Found ament_cmake: 1.3.6 (/opt/ros/humble/share/ament_cmake/cmake)
[0.858s] -- Found Python3: /usr/bin/python3.10 (found version "3.10.12") found components: Interpreter 
[0.986s] -- Found ament_index_cpp: 1.4.0 (/opt/ros/humble/share/ament_index_cpp/cmake)
[1.005s] -- Found builtin_interfaces: 1.2.1 (/opt/ros/humble/share/builtin_interfaces/cmake)
[1.065s] -- Found rosidl_generator_c: 3.1.5 (/opt/ros/humble/share/rosidl_generator_c/cmake)
[1.075s] -- Found rosidl_adapter: 3.1.5 (/opt/ros/humble/share/rosidl_adapter/cmake)
[1.090s] -- Found rosidl_generator_cpp: 3.1.5 (/opt/ros/humble/share/rosidl_generator_cpp/cmake)
[1.109s] -- Using all available rosidl_typesupport_c: rosidl_typesupport_fastrtps_c;rosidl_typesupport_introspection_c
[1.140s] -- Using all available rosidl_typesupport_cpp: rosidl_typesupport_fastrtps_cpp;rosidl_typesupport_introspection_cpp
[1.166s] -- Found cv_bridge: 3.2.1 (/opt/ros/humble/share/cv_bridge/cmake)
[1.443s] -- Found camera_info_manager: 3.1.7 (/opt/ros/humble/share/camera_info_manager/cmake)
[1.544s] -- Found rmw_implementation_cmake: 6.1.1 (/opt/ros/humble/share/rmw_implementation_cmake/cmake)
[1.551s] -- Found rmw_fastrtps_cpp: 6.2.5 (/opt/ros/humble/share/rmw_fastrtps_cpp/cmake)
[1.718s] -- Found OpenSSL: /usr/lib/x86_64-linux-gnu/libcrypto.so (found version "3.0.2")  
[1.773s] -- Found FastRTPS: /opt/ros/humble/include  
[1.844s] -- Using RMW implementation 'rmw_fastrtps_cpp' as default
[1.862s] -- Looking for pthread.h
[1.956s] -- Looking for pthread.h - found
[1.956s] -- Performing Test CMAKE_HAVE_LIBC_PTHREAD
[2.050s] -- Performing Test CMAKE_HAVE_LIBC_PTHREAD - Success
[2.051s] -- Found Threads: TRUE  
[2.248s] -- Found image_transport: 3.1.7 (/opt/ros/humble/share/image_transport/cmake)
[2.319s] -- Found image_publisher: 3.0.0 (/SLAM/ros_ws/install/image_publisher/share/image_publisher/cmake)
[2.394s] -- Found OpenCV: /usr (found version "4.5.4") 
[2.394s] -- Found orbbec_camera_msgs: 1.2.2 (/SLAM/ros_ws/install/orbbec_camera_msgs/share/orbbec_camera_msgs/cmake)
[2.466s] -- Found std_srvs: 4.2.3 (/opt/ros/humble/share/std_srvs/cmake)
[2.485s] -- Found tf2: 0.25.5 (/opt/ros/humble/share/tf2/cmake)
[2.495s] -- Found tf2_eigen: 0.25.5 (/opt/ros/humble/share/tf2_eigen/cmake)
[2.767s] -- Found tf2_sensor_msgs: 0.25.5 (/opt/ros/humble/share/tf2_sensor_msgs/cmake)
[2.798s] -- Found PkgConfig: /usr/bin/pkg-config (found version "0.29.2") 
[2.798s] -- Checking for one of the modules 'libglog'
[2.887s] -- ORRBEC Machine : x86_64
[2.887s] 
[2.887s] -- ORRBEC Machine Bits : 64
[2.887s] 
[3.292s] -- Found ament_lint_auto: 0.12.9 (/opt/ros/humble/share/ament_lint_auto/cmake)
[3.362s] -- Configuring done
[3.472s] -- Generating done
[3.474s] -- Build files have been written to: /SLAM/ros_ws/build/orbbec_camera
