[0.236s] Invoking command in '/home/khanh/Documents/SLAM/ros_ws/build/glog': /usr/bin/cmake --build /home/khanh/Documents/SLAM/ros_ws/build/glog -- -j16 -l16
[0.324s] [35m[1mConsolidate compiler generated dependencies of target glogbase[0m
[0.365s] [ 25%] Built target glogbase
[0.405s] [ 28%] Built target glog
[0.418s] [ 31%] Built target glogtest
[0.444s] [35m[1mConsolidate compiler generated dependencies of target stl_logging_unittest[0m
[0.444s] [35m[1mConsolidate compiler generated dependencies of target logging_unittest[0m
[0.447s] [35m[1mConsolidate compiler generated dependencies of target symbolize_unittest[0m
[0.454s] [35m[1mConsolidate compiler generated dependencies of target signalhandler_unittest[0m
[0.455s] [35m[1mConsolidate compiler generated dependencies of target logging_custom_prefix_unittest[0m
[0.458s] [35m[1mConsolidate compiler generated dependencies of target utilities_unittest[0m
[0.461s] [35m[1mConsolidate compiler generated dependencies of target stacktrace_unittest[0m
[0.461s] [35m[1mConsolidate compiler generated dependencies of target cleanup_with_absolute_prefix_unittest[0m
[0.462s] [35m[1mConsolidate compiler generated dependencies of target cleanup_with_relative_prefix_unittest[0m
[0.468s] [35m[1mConsolidate compiler generated dependencies of target demangle_unittest[0m
[0.470s] [35m[1mConsolidate compiler generated dependencies of target cleanup_immediately_unittest[0m
[0.472s] [ 37%] Built target logging_unittest
[0.472s] [ 43%] Built target stl_logging_unittest
[0.472s] [ 50%] Built target symbolize_unittest
[0.480s] [ 56%] Built target logging_custom_prefix_unittest
[0.480s] [ 62%] Built target signalhandler_unittest
[0.487s] [ 68%] Built target utilities_unittest
[0.488s] [ 75%] Built target stacktrace_unittest
[0.490s] [ 81%] Built target demangle_unittest
[0.491s] [ 87%] Built target cleanup_with_absolute_prefix_unittest
[0.492s] [ 93%] Built target cleanup_with_relative_prefix_unittest
[0.493s] [100%] Built target cleanup_immediately_unittest
[0.508s] Invoked command in '/home/khanh/Documents/SLAM/ros_ws/build/glog' returned '0': /usr/bin/cmake --build /home/khanh/Documents/SLAM/ros_ws/build/glog -- -j16 -l16
[0.743s] Invoking command in '/home/khanh/Documents/SLAM/ros_ws/build/glog': /usr/bin/cmake --install /home/khanh/Documents/SLAM/ros_ws/build/glog
[0.752s] -- Install configuration: "Release"
[0.752s] -- Up-to-date: /home/khanh/Documents/SLAM/ros_ws/install/glog/lib/libglog.so.0.6.0
[0.753s] -- Up-to-date: /home/khanh/Documents/SLAM/ros_ws/install/glog/lib/libglog.so.1
[0.753s] -- Up-to-date: /home/khanh/Documents/SLAM/ros_ws/install/glog/lib/libglog.so
[0.753s] -- Up-to-date: /home/khanh/Documents/SLAM/ros_ws/install/glog/include/glog/export.h
[0.753s] -- Up-to-date: /home/khanh/Documents/SLAM/ros_ws/install/glog/include/glog/logging.h
[0.753s] -- Up-to-date: /home/khanh/Documents/SLAM/ros_ws/install/glog/include/glog/raw_logging.h
[0.753s] -- Up-to-date: /home/khanh/Documents/SLAM/ros_ws/install/glog/include/glog/stl_logging.h
[0.753s] -- Up-to-date: /home/khanh/Documents/SLAM/ros_ws/install/glog/include/glog/vlog_is_on.h
[0.754s] -- Up-to-date: /home/khanh/Documents/SLAM/ros_ws/install/glog/include/glog/log_severity.h
[0.754s] -- Up-to-date: /home/khanh/Documents/SLAM/ros_ws/install/glog/include/glog/platform.h
[0.754s] -- Up-to-date: /home/khanh/Documents/SLAM/ros_ws/install/glog/lib/pkgconfig/libglog.pc
[0.754s] -- Up-to-date: /home/khanh/Documents/SLAM/ros_ws/install/glog/lib/cmake/glog/glog-modules.cmake
[0.754s] -- Up-to-date: /home/khanh/Documents/SLAM/ros_ws/install/glog/lib/cmake/glog/glog-config.cmake
[0.755s] -- Up-to-date: /home/khanh/Documents/SLAM/ros_ws/install/glog/lib/cmake/glog/glog-config-version.cmake
[0.755s] -- Up-to-date: /home/khanh/Documents/SLAM/ros_ws/install/glog/share/glog/cmake
[0.755s] -- Up-to-date: /home/khanh/Documents/SLAM/ros_ws/install/glog/share/glog/cmake/FindUnwind.cmake
[0.756s] -- Up-to-date: /home/khanh/Documents/SLAM/ros_ws/install/glog/lib/cmake/glog/glog-targets.cmake
[0.756s] -- Up-to-date: /home/khanh/Documents/SLAM/ros_ws/install/glog/lib/cmake/glog/glog-targets-release.cmake
[0.852s] Invoked command in '/home/khanh/Documents/SLAM/ros_ws/build/glog' returned '0': /usr/bin/cmake --install /home/khanh/Documents/SLAM/ros_ws/build/glog
