[0.449s] Invoking command in '/SLAM/ros_ws/build/image_rotate': CMAKE_PREFIX_PATH=/opt/ros/humble /usr/bin/cmake --build /SLAM/ros_ws/build/image_rotate -- -j16 -l16
[0.802s] [ 50%] Built target image_rotate
[0.802s] [35m[1mConsolidate compiler generated dependencies of target image_rotate_bin[0m
[0.802s] [100%] Built target image_rotate_bin
[0.804s] Invoked command in '/SLAM/ros_ws/build/image_rotate' returned '0': CMAKE_PREFIX_PATH=/opt/ros/humble /usr/bin/cmake --build /SLAM/ros_ws/build/image_rotate -- -j16 -l16
[0.845s] Invoking command in '/SLAM/ros_ws/build/image_rotate': CMAKE_PREFIX_PATH=/opt/ros/humble /usr/bin/cmake --install /SLAM/ros_ws/build/image_rotate
[0.855s] -- Install configuration: "Release"
[0.856s] -- Execute custom install script
[0.857s] -- Up-to-date symlink: /SLAM/ros_ws/install/image_rotate/include/image_rotate/image_rotate_node.hpp
[0.857s] -- Up-to-date symlink: /SLAM/ros_ws/install/image_rotate/include/image_rotate/visibility.h
[0.857s] -- Up-to-date symlink: /SLAM/ros_ws/install/image_rotate/share/image_rotate/environment/library_path.sh
[0.858s] -- Up-to-date symlink: /SLAM/ros_ws/install/image_rotate/share/image_rotate/environment/library_path.dsv
[0.858s] -- Up-to-date symlink: /SLAM/ros_ws/install/image_rotate/lib/libimage_rotate.so
[0.859s] -- Up-to-date symlink: /SLAM/ros_ws/install/image_rotate/lib/image_rotate/image_rotate
[0.859s] -- Up-to-date symlink: /SLAM/ros_ws/install/image_rotate/share/image_rotate/launch/image_rotate.launch.py
[0.859s] -- Up-to-date symlink: /SLAM/ros_ws/install/image_rotate/share/ament_index/resource_index/package_run_dependencies/image_rotate
[0.860s] -- Up-to-date symlink: /SLAM/ros_ws/install/image_rotate/share/ament_index/resource_index/parent_prefix_path/image_rotate
[0.860s] -- Up-to-date symlink: /SLAM/ros_ws/install/image_rotate/share/image_rotate/environment/ament_prefix_path.sh
[0.860s] -- Up-to-date symlink: /SLAM/ros_ws/install/image_rotate/share/image_rotate/environment/ament_prefix_path.dsv
[0.860s] -- Up-to-date symlink: /SLAM/ros_ws/install/image_rotate/share/image_rotate/environment/path.sh
[0.860s] -- Up-to-date symlink: /SLAM/ros_ws/install/image_rotate/share/image_rotate/environment/path.dsv
[0.860s] -- Up-to-date symlink: /SLAM/ros_ws/install/image_rotate/share/image_rotate/local_setup.bash
[0.860s] -- Up-to-date symlink: /SLAM/ros_ws/install/image_rotate/share/image_rotate/local_setup.sh
[0.860s] -- Up-to-date symlink: /SLAM/ros_ws/install/image_rotate/share/image_rotate/local_setup.zsh
[0.860s] -- Up-to-date symlink: /SLAM/ros_ws/install/image_rotate/share/image_rotate/local_setup.dsv
[0.860s] -- Symlinking: /SLAM/ros_ws/install/image_rotate/share/image_rotate/package.dsv
[0.873s] -- Up-to-date symlink: /SLAM/ros_ws/install/image_rotate/share/ament_index/resource_index/packages/image_rotate
[0.873s] -- Up-to-date symlink: /SLAM/ros_ws/install/image_rotate/share/ament_index/resource_index/rclcpp_components/image_rotate
[0.873s] -- Up-to-date symlink: /SLAM/ros_ws/install/image_rotate/share/image_rotate/cmake/ament_cmake_export_dependencies-extras.cmake
[0.873s] -- Up-to-date symlink: /SLAM/ros_ws/install/image_rotate/share/image_rotate/cmake/ament_cmake_export_include_directories-extras.cmake
[0.874s] -- Up-to-date symlink: /SLAM/ros_ws/install/image_rotate/share/image_rotate/cmake/ament_cmake_export_libraries-extras.cmake
[0.874s] -- Up-to-date symlink: /SLAM/ros_ws/install/image_rotate/share/image_rotate/cmake/image_rotateConfig.cmake
[0.874s] -- Up-to-date symlink: /SLAM/ros_ws/install/image_rotate/share/image_rotate/cmake/image_rotateConfig-version.cmake
[0.875s] -- Up-to-date symlink: /SLAM/ros_ws/install/image_rotate/share/image_rotate/package.xml
[1.023s] Invoked command in '/SLAM/ros_ws/build/image_rotate' returned '0': CMAKE_PREFIX_PATH=/opt/ros/humble /usr/bin/cmake --install /SLAM/ros_ws/build/image_rotate
