[0.964s] Invoking command in '/SLAM/ros_ws/build/image_view': CMAKE_PREFIX_PATH=/SLAM/ros_ws/install/br2_vff_avoidance:/SLAM/ros_ws/install/br2_tracking:/SLAM/ros_ws/install/br2_tracking_msgs:/SLAM/ros_ws/install/br2_tf2_detector:/SLAM/ros_ws/install/br2_navigation:/SLAM/ros_ws/install/br2_fsm_bumpgo_cpp:/SLAM/ros_ws/install/br2_bt_patrolling:/SLAM/ros_ws/install/br2_bt_bumpgo:/SLAM/ros_ws/install/br2_tiago:/SLAM/ros_ws/install/br2_basics:/SLAM/ros_ws/install/tutourial_intefaces:/SLAM/ros_ws/install/image_pipeline:/SLAM/ros_ws/install/stereo_image_proc:/SLAM/ros_ws/install/image_proc:/SLAM/ros_ws/install/tracetools_image_pipeline:/SLAM/ros_ws/install/sllidar_ros2:/SLAM/ros_ws/install/rtabmap_ros:/SLAM/ros_ws/install/rtabmap_launch:/SLAM/ros_ws/install/rtabmap_examples:/SLAM/ros_ws/install/rtabmap_demos:/SLAM/ros_ws/install/rtabmap_viz:/SLAM/ros_ws/install/rtabmap_slam:/SLAM/ros_ws/install/rtabmap_odom:/SLAM/ros_ws/install/rtabmap_util:/SLAM/ros_ws/install/rtabmap_sync:/SLAM/ros_ws/install/rtabmap_rviz_plugins:/SLAM/ros_ws/install/rtabmap_conversions:/SLAM/ros_ws/install/br2_fsm_bumpgo_py:/SLAM/ros_ws/install/rtabmap_python:/SLAM/ros_ws/install/my_robot_controller:/SLAM/ros_ws/install/camera_calibration:/opt/ros/humble:/SLAM/ros_ws/install/rtabmap_msgs:/SLAM/ros_ws/install/rtabmap:/SLAM/ros_ws/install/rplidar_ros:/SLAM/ros_ws/install/rf2o_laser_odometry:/SLAM/ros_ws/install/more_interfaces:/SLAM/ros_ws/install/image_view:/SLAM/ros_ws/install/image_rotate:/SLAM/ros_ws/install/astra_camera:/SLAM/ros_ws/install/image_publisher:/SLAM/ros_ws/install/depth_image_proc:/SLAM/ros_ws/install/cpp_srvcli:/SLAM/ros_ws/install/cpp_pubsub:/SLAM/ros_ws/install/astra_camera_msgs /usr/bin/cmake --build /SLAM/ros_ws/build/image_view -- -j16 -l16
[1.149s] [35m[1mConsolidate compiler generated dependencies of target image_view_nodes[0m
[1.185s] [ 36%] Built target image_view_nodes
[1.304s] [35m[1mConsolidate compiler generated dependencies of target image_view[0m
[1.304s] [35m[1mConsolidate compiler generated dependencies of target disparity_view[0m
[1.305s] [35m[1mConsolidate compiler generated dependencies of target stereo_view[0m
[1.311s] [35m[1mConsolidate compiler generated dependencies of target image_saver[0m
[1.312s] [35m[1mConsolidate compiler generated dependencies of target extract_images[0m
[1.354s] [35m[1mConsolidate compiler generated dependencies of target video_recorder[0m
[1.433s] [ 47%] Built target image_view
[1.437s] [ 57%] Built target stereo_view
[1.440s] [ 68%] Built target disparity_view
[1.497s] [ 78%] Built target image_saver
[1.497s] [100%] Built target video_recorder
[1.497s] [100%] Built target extract_images
[1.808s] Invoked command in '/SLAM/ros_ws/build/image_view' returned '0': CMAKE_PREFIX_PATH=/SLAM/ros_ws/install/br2_vff_avoidance:/SLAM/ros_ws/install/br2_tracking:/SLAM/ros_ws/install/br2_tracking_msgs:/SLAM/ros_ws/install/br2_tf2_detector:/SLAM/ros_ws/install/br2_navigation:/SLAM/ros_ws/install/br2_fsm_bumpgo_cpp:/SLAM/ros_ws/install/br2_bt_patrolling:/SLAM/ros_ws/install/br2_bt_bumpgo:/SLAM/ros_ws/install/br2_tiago:/SLAM/ros_ws/install/br2_basics:/SLAM/ros_ws/install/tutourial_intefaces:/SLAM/ros_ws/install/image_pipeline:/SLAM/ros_ws/install/stereo_image_proc:/SLAM/ros_ws/install/image_proc:/SLAM/ros_ws/install/tracetools_image_pipeline:/SLAM/ros_ws/install/sllidar_ros2:/SLAM/ros_ws/install/rtabmap_ros:/SLAM/ros_ws/install/rtabmap_launch:/SLAM/ros_ws/install/rtabmap_examples:/SLAM/ros_ws/install/rtabmap_demos:/SLAM/ros_ws/install/rtabmap_viz:/SLAM/ros_ws/install/rtabmap_slam:/SLAM/ros_ws/install/rtabmap_odom:/SLAM/ros_ws/install/rtabmap_util:/SLAM/ros_ws/install/rtabmap_sync:/SLAM/ros_ws/install/rtabmap_rviz_plugins:/SLAM/ros_ws/install/rtabmap_conversions:/SLAM/ros_ws/install/br2_fsm_bumpgo_py:/SLAM/ros_ws/install/rtabmap_python:/SLAM/ros_ws/install/my_robot_controller:/SLAM/ros_ws/install/camera_calibration:/opt/ros/humble:/SLAM/ros_ws/install/rtabmap_msgs:/SLAM/ros_ws/install/rtabmap:/SLAM/ros_ws/install/rplidar_ros:/SLAM/ros_ws/install/rf2o_laser_odometry:/SLAM/ros_ws/install/more_interfaces:/SLAM/ros_ws/install/image_view:/SLAM/ros_ws/install/image_rotate:/SLAM/ros_ws/install/astra_camera:/SLAM/ros_ws/install/image_publisher:/SLAM/ros_ws/install/depth_image_proc:/SLAM/ros_ws/install/cpp_srvcli:/SLAM/ros_ws/install/cpp_pubsub:/SLAM/ros_ws/install/astra_camera_msgs /usr/bin/cmake --build /SLAM/ros_ws/build/image_view -- -j16 -l16
[3.918s] Invoking command in '/SLAM/ros_ws/build/image_view': CMAKE_PREFIX_PATH=/SLAM/ros_ws/install/br2_vff_avoidance:/SLAM/ros_ws/install/br2_tracking:/SLAM/ros_ws/install/br2_tracking_msgs:/SLAM/ros_ws/install/br2_tf2_detector:/SLAM/ros_ws/install/br2_navigation:/SLAM/ros_ws/install/br2_fsm_bumpgo_cpp:/SLAM/ros_ws/install/br2_bt_patrolling:/SLAM/ros_ws/install/br2_bt_bumpgo:/SLAM/ros_ws/install/br2_tiago:/SLAM/ros_ws/install/br2_basics:/SLAM/ros_ws/install/tutourial_intefaces:/SLAM/ros_ws/install/image_pipeline:/SLAM/ros_ws/install/stereo_image_proc:/SLAM/ros_ws/install/image_proc:/SLAM/ros_ws/install/tracetools_image_pipeline:/SLAM/ros_ws/install/sllidar_ros2:/SLAM/ros_ws/install/rtabmap_ros:/SLAM/ros_ws/install/rtabmap_launch:/SLAM/ros_ws/install/rtabmap_examples:/SLAM/ros_ws/install/rtabmap_demos:/SLAM/ros_ws/install/rtabmap_viz:/SLAM/ros_ws/install/rtabmap_slam:/SLAM/ros_ws/install/rtabmap_odom:/SLAM/ros_ws/install/rtabmap_util:/SLAM/ros_ws/install/rtabmap_sync:/SLAM/ros_ws/install/rtabmap_rviz_plugins:/SLAM/ros_ws/install/rtabmap_conversions:/SLAM/ros_ws/install/br2_fsm_bumpgo_py:/SLAM/ros_ws/install/rtabmap_python:/SLAM/ros_ws/install/my_robot_controller:/SLAM/ros_ws/install/camera_calibration:/opt/ros/humble:/SLAM/ros_ws/install/rtabmap_msgs:/SLAM/ros_ws/install/rtabmap:/SLAM/ros_ws/install/rplidar_ros:/SLAM/ros_ws/install/rf2o_laser_odometry:/SLAM/ros_ws/install/more_interfaces:/SLAM/ros_ws/install/image_view:/SLAM/ros_ws/install/image_rotate:/SLAM/ros_ws/install/astra_camera:/SLAM/ros_ws/install/image_publisher:/SLAM/ros_ws/install/depth_image_proc:/SLAM/ros_ws/install/cpp_srvcli:/SLAM/ros_ws/install/cpp_pubsub:/SLAM/ros_ws/install/astra_camera_msgs /usr/bin/cmake --install /SLAM/ros_ws/build/image_view
[4.633s] -- Install configuration: ""
[4.633s] -- Execute custom install script
[4.634s] -- Up-to-date symlink: /SLAM/ros_ws/install/image_view/include/image_view/disparity_view_node.hpp
[4.634s] -- Up-to-date symlink: /SLAM/ros_ws/install/image_view/include/image_view/extract_images_node.hpp
[4.634s] -- Up-to-date symlink: /SLAM/ros_ws/install/image_view/include/image_view/image_saver_node.hpp
[4.634s] -- Up-to-date symlink: /SLAM/ros_ws/install/image_view/include/image_view/image_view_node.hpp
[4.634s] -- Up-to-date symlink: /SLAM/ros_ws/install/image_view/include/image_view/stereo_view_node.hpp
[4.634s] -- Up-to-date symlink: /SLAM/ros_ws/install/image_view/include/image_view/video_recorder_node.hpp
[4.634s] -- Up-to-date symlink: /SLAM/ros_ws/install/image_view/share/image_view/environment/library_path.sh
[4.634s] -- Up-to-date symlink: /SLAM/ros_ws/install/image_view/share/image_view/environment/library_path.dsv
[4.634s] -- Up-to-date symlink: /SLAM/ros_ws/install/image_view/lib/libimage_view_nodes.so
[4.634s] -- Up-to-date symlink: /SLAM/ros_ws/install/image_view/lib/image_view/disparity_view
[4.635s] -- Up-to-date symlink: /SLAM/ros_ws/install/image_view/lib/image_view/image_view
[4.635s] -- Up-to-date symlink: /SLAM/ros_ws/install/image_view/lib/image_view/stereo_view
[4.635s] -- Up-to-date symlink: /SLAM/ros_ws/install/image_view/lib/image_view/extract_images
[4.635s] -- Up-to-date symlink: /SLAM/ros_ws/install/image_view/lib/image_view/image_saver
[4.635s] -- Up-to-date symlink: /SLAM/ros_ws/install/image_view/lib/image_view/video_recorder
[4.635s] -- Up-to-date symlink: /SLAM/ros_ws/install/image_view/share/ament_index/resource_index/package_run_dependencies/image_view
[4.635s] -- Up-to-date symlink: /SLAM/ros_ws/install/image_view/share/ament_index/resource_index/parent_prefix_path/image_view
[4.636s] -- Up-to-date symlink: /SLAM/ros_ws/install/image_view/share/image_view/environment/ament_prefix_path.sh
[4.636s] -- Up-to-date symlink: /SLAM/ros_ws/install/image_view/share/image_view/environment/ament_prefix_path.dsv
[4.636s] -- Up-to-date symlink: /SLAM/ros_ws/install/image_view/share/image_view/environment/path.sh
[4.636s] -- Up-to-date symlink: /SLAM/ros_ws/install/image_view/share/image_view/environment/path.dsv
[4.636s] -- Up-to-date symlink: /SLAM/ros_ws/install/image_view/share/image_view/local_setup.bash
[4.636s] -- Up-to-date symlink: /SLAM/ros_ws/install/image_view/share/image_view/local_setup.sh
[4.636s] -- Up-to-date symlink: /SLAM/ros_ws/install/image_view/share/image_view/local_setup.zsh
[4.636s] -- Up-to-date symlink: /SLAM/ros_ws/install/image_view/share/image_view/local_setup.dsv
[4.636s] -- Symlinking: /SLAM/ros_ws/install/image_view/share/image_view/package.dsv
[4.636s] -- Up-to-date symlink: /SLAM/ros_ws/install/image_view/share/ament_index/resource_index/packages/image_view
[4.637s] -- Up-to-date symlink: /SLAM/ros_ws/install/image_view/share/ament_index/resource_index/rclcpp_components/image_view
[4.637s] -- Up-to-date symlink: /SLAM/ros_ws/install/image_view/share/image_view/cmake/ament_cmake_export_dependencies-extras.cmake
[4.637s] -- Up-to-date symlink: /SLAM/ros_ws/install/image_view/share/image_view/cmake/ament_cmake_export_include_directories-extras.cmake
[4.637s] -- Up-to-date symlink: /SLAM/ros_ws/install/image_view/share/image_view/cmake/ament_cmake_export_libraries-extras.cmake
[4.637s] -- Up-to-date symlink: /SLAM/ros_ws/install/image_view/share/image_view/cmake/image_viewConfig.cmake
[4.637s] -- Up-to-date symlink: /SLAM/ros_ws/install/image_view/share/image_view/cmake/image_viewConfig-version.cmake
[4.637s] -- Up-to-date symlink: /SLAM/ros_ws/install/image_view/share/image_view/package.xml
[6.975s] Invoked command in '/SLAM/ros_ws/build/image_view' returned '0': CMAKE_PREFIX_PATH=/SLAM/ros_ws/install/br2_vff_avoidance:/SLAM/ros_ws/install/br2_tracking:/SLAM/ros_ws/install/br2_tracking_msgs:/SLAM/ros_ws/install/br2_tf2_detector:/SLAM/ros_ws/install/br2_navigation:/SLAM/ros_ws/install/br2_fsm_bumpgo_cpp:/SLAM/ros_ws/install/br2_bt_patrolling:/SLAM/ros_ws/install/br2_bt_bumpgo:/SLAM/ros_ws/install/br2_tiago:/SLAM/ros_ws/install/br2_basics:/SLAM/ros_ws/install/tutourial_intefaces:/SLAM/ros_ws/install/image_pipeline:/SLAM/ros_ws/install/stereo_image_proc:/SLAM/ros_ws/install/image_proc:/SLAM/ros_ws/install/tracetools_image_pipeline:/SLAM/ros_ws/install/sllidar_ros2:/SLAM/ros_ws/install/rtabmap_ros:/SLAM/ros_ws/install/rtabmap_launch:/SLAM/ros_ws/install/rtabmap_examples:/SLAM/ros_ws/install/rtabmap_demos:/SLAM/ros_ws/install/rtabmap_viz:/SLAM/ros_ws/install/rtabmap_slam:/SLAM/ros_ws/install/rtabmap_odom:/SLAM/ros_ws/install/rtabmap_util:/SLAM/ros_ws/install/rtabmap_sync:/SLAM/ros_ws/install/rtabmap_rviz_plugins:/SLAM/ros_ws/install/rtabmap_conversions:/SLAM/ros_ws/install/br2_fsm_bumpgo_py:/SLAM/ros_ws/install/rtabmap_python:/SLAM/ros_ws/install/my_robot_controller:/SLAM/ros_ws/install/camera_calibration:/opt/ros/humble:/SLAM/ros_ws/install/rtabmap_msgs:/SLAM/ros_ws/install/rtabmap:/SLAM/ros_ws/install/rplidar_ros:/SLAM/ros_ws/install/rf2o_laser_odometry:/SLAM/ros_ws/install/more_interfaces:/SLAM/ros_ws/install/image_view:/SLAM/ros_ws/install/image_rotate:/SLAM/ros_ws/install/astra_camera:/SLAM/ros_ws/install/image_publisher:/SLAM/ros_ws/install/depth_image_proc:/SLAM/ros_ws/install/cpp_srvcli:/SLAM/ros_ws/install/cpp_pubsub:/SLAM/ros_ws/install/astra_camera_msgs /usr/bin/cmake --install /SLAM/ros_ws/build/image_view
