[0.908s] DEBUG:colcon:Command line arguments: ['/usr/bin/colcon', 'build', '--event-handlers', 'console_direct+', '--cmake-args', '-DCMAKE_BUILD_TYPE=Release']
[0.908s] DEBUG:colcon:Parsed command line arguments: Namespace(log_base=None, log_level=None, verb_name='build', build_base='build', install_base='install', merge_install=False, symlink_install=False, test_result_base=None, continue_on_error=False, executor='parallel', parallel_workers=16, event_handlers=['console_direct+'], ignore_user_meta=False, metas=['./colcon.meta'], base_paths=['.'], packages_ignore=None, packages_ignore_regex=None, paths=None, packages_up_to=None, packages_up_to_regex=None, packages_above=None, packages_above_and_dependencies=None, packages_above_depth=None, packages_select_by_dep=None, packages_skip_by_dep=None, packages_skip_up_to=None, packages_select_build_failed=False, packages_skip_build_finished=False, packages_select_test_failures=False, packages_skip_test_passed=False, packages_select=None, packages_skip=None, packages_select_regex=None, packages_skip_regex=None, packages_start=None, packages_end=None, cmake_args=['-DCMAKE_BUILD_TYPE=Release'], cmake_target=None, cmake_target_skip_unavailable=False, cmake_clean_cache=False, cmake_clean_first=False, cmake_force_configure=False, ament_cmake_args=None, catkin_cmake_args=None, catkin_skip_building_tests=False, mixin_files=None, mixin=None, verb_parser=<colcon_mixin.mixin.mixin_argument.MixinArgumentDecorator object at 0x7fa1d44db430>, verb_extension=<colcon_core.verb.build.BuildVerb object at 0x7fa1d445f460>, main=<bound method BuildVerb.main of <colcon_core.verb.build.BuildVerb object at 0x7fa1d445f460>>, mixin_verb=('build',))
[0.945s] Level 1:colcon.colcon_core.package_discovery:discover_packages(colcon_meta) check parameters
[0.945s] Level 1:colcon.colcon_core.package_discovery:discover_packages(recursive) check parameters
[0.945s] Level 1:colcon.colcon_core.package_discovery:discover_packages(ignore) check parameters
[0.945s] Level 1:colcon.colcon_core.package_discovery:discover_packages(path) check parameters
[0.945s] Level 1:colcon.colcon_core.package_discovery:discover_packages(colcon_meta) discover
[0.945s] Level 1:colcon.colcon_core.package_discovery:discover_packages(recursive) discover
[0.945s] INFO:colcon.colcon_core.package_discovery:Crawling recursively for packages in '/SLAM/ros_ws'
[0.946s] Level 1:colcon.colcon_core.package_identification:_identify(.) by extensions ['ignore', 'ignore_ament_install']
[0.946s] Level 1:colcon.colcon_core.package_identification:_identify(.) by extension 'ignore'
[0.946s] Level 1:colcon.colcon_core.package_identification:_identify(.) by extension 'ignore_ament_install'
[0.946s] Level 1:colcon.colcon_core.package_identification:_identify(.) by extensions ['colcon_pkg']
[0.946s] Level 1:colcon.colcon_core.package_identification:_identify(.) by extension 'colcon_pkg'
[0.946s] Level 1:colcon.colcon_core.package_identification:_identify(.) by extensions ['colcon_meta']
[0.946s] Level 1:colcon.colcon_core.package_identification:_identify(.) by extension 'colcon_meta'
[0.946s] Level 1:colcon.colcon_core.package_identification:_identify(.) by extensions ['ros']
[0.946s] Level 1:colcon.colcon_core.package_identification:_identify(.) by extension 'ros'
[0.956s] Level 1:colcon.colcon_core.package_identification:_identify(.) by extensions ['cmake', 'python']
[0.956s] Level 1:colcon.colcon_core.package_identification:_identify(.) by extension 'cmake'
[0.956s] Level 1:colcon.colcon_core.package_identification:_identify(.) by extension 'python'
[0.956s] Level 1:colcon.colcon_core.package_identification:_identify(.) by extensions ['python_setup_py']
[0.956s] Level 1:colcon.colcon_core.package_identification:_identify(.) by extension 'python_setup_py'
[0.956s] Level 1:colcon.colcon_core.package_identification:_identify(Log) by extensions ['ignore', 'ignore_ament_install']
[0.956s] Level 1:colcon.colcon_core.package_identification:_identify(Log) by extension 'ignore'
[0.956s] Level 1:colcon.colcon_core.package_identification:_identify(Log) by extension 'ignore_ament_install'
[0.956s] Level 1:colcon.colcon_core.package_identification:_identify(Log) by extensions ['colcon_pkg']
[0.956s] Level 1:colcon.colcon_core.package_identification:_identify(Log) by extension 'colcon_pkg'
[0.956s] Level 1:colcon.colcon_core.package_identification:_identify(Log) by extensions ['colcon_meta']
[0.956s] Level 1:colcon.colcon_core.package_identification:_identify(Log) by extension 'colcon_meta'
[0.956s] Level 1:colcon.colcon_core.package_identification:_identify(Log) by extensions ['ros']
[0.957s] Level 1:colcon.colcon_core.package_identification:_identify(Log) by extension 'ros'
[0.957s] Level 1:colcon.colcon_core.package_identification:_identify(Log) by extensions ['cmake', 'python']
[0.957s] Level 1:colcon.colcon_core.package_identification:_identify(Log) by extension 'cmake'
[0.957s] Level 1:colcon.colcon_core.package_identification:_identify(Log) by extension 'python'
[0.957s] Level 1:colcon.colcon_core.package_identification:_identify(Log) by extensions ['python_setup_py']
[0.957s] Level 1:colcon.colcon_core.package_identification:_identify(Log) by extension 'python_setup_py'
[0.957s] Level 1:colcon.colcon_core.package_identification:_identify(build) by extensions ['ignore', 'ignore_ament_install']
[0.957s] Level 1:colcon.colcon_core.package_identification:_identify(build) by extension 'ignore'
[0.957s] Level 1:colcon.colcon_core.package_identification:_identify(build) ignored
[0.957s] Level 1:colcon.colcon_core.package_identification:_identify(install) by extensions ['ignore', 'ignore_ament_install']
[0.957s] Level 1:colcon.colcon_core.package_identification:_identify(install) by extension 'ignore'
[0.957s] Level 1:colcon.colcon_core.package_identification:_identify(install) ignored
[0.958s] Level 1:colcon.colcon_core.package_identification:_identify(log) by extensions ['ignore', 'ignore_ament_install']
[0.958s] Level 1:colcon.colcon_core.package_identification:_identify(log) by extension 'ignore'
[0.958s] Level 1:colcon.colcon_core.package_identification:_identify(log) ignored
[0.958s] Level 1:colcon.colcon_core.package_identification:_identify(src) by extensions ['ignore', 'ignore_ament_install']
[0.958s] Level 1:colcon.colcon_core.package_identification:_identify(src) by extension 'ignore'
[0.958s] Level 1:colcon.colcon_core.package_identification:_identify(src) by extension 'ignore_ament_install'
[0.958s] Level 1:colcon.colcon_core.package_identification:_identify(src) by extensions ['colcon_pkg']
[0.958s] Level 1:colcon.colcon_core.package_identification:_identify(src) by extension 'colcon_pkg'
[0.958s] Level 1:colcon.colcon_core.package_identification:_identify(src) by extensions ['colcon_meta']
[0.958s] Level 1:colcon.colcon_core.package_identification:_identify(src) by extension 'colcon_meta'
[0.958s] Level 1:colcon.colcon_core.package_identification:_identify(src) by extensions ['ros']
[0.958s] Level 1:colcon.colcon_core.package_identification:_identify(src) by extension 'ros'
[0.958s] Level 1:colcon.colcon_core.package_identification:_identify(src) by extensions ['cmake', 'python']
[0.958s] Level 1:colcon.colcon_core.package_identification:_identify(src) by extension 'cmake'
[0.958s] Level 1:colcon.colcon_core.package_identification:_identify(src) by extension 'python'
[0.958s] Level 1:colcon.colcon_core.package_identification:_identify(src) by extensions ['python_setup_py']
[0.958s] Level 1:colcon.colcon_core.package_identification:_identify(src) by extension 'python_setup_py'
[0.959s] Level 1:colcon.colcon_core.package_identification:_identify(src/OrbbecSDK_ROS2) by extensions ['ignore', 'ignore_ament_install']
[0.959s] Level 1:colcon.colcon_core.package_identification:_identify(src/OrbbecSDK_ROS2) by extension 'ignore'
[0.959s] Level 1:colcon.colcon_core.package_identification:_identify(src/OrbbecSDK_ROS2) by extension 'ignore_ament_install'
[0.959s] Level 1:colcon.colcon_core.package_identification:_identify(src/OrbbecSDK_ROS2) by extensions ['colcon_pkg']
[0.959s] Level 1:colcon.colcon_core.package_identification:_identify(src/OrbbecSDK_ROS2) by extension 'colcon_pkg'
[0.959s] Level 1:colcon.colcon_core.package_identification:_identify(src/OrbbecSDK_ROS2) by extensions ['colcon_meta']
[0.959s] Level 1:colcon.colcon_core.package_identification:_identify(src/OrbbecSDK_ROS2) by extension 'colcon_meta'
[0.959s] Level 1:colcon.colcon_core.package_identification:_identify(src/OrbbecSDK_ROS2) by extensions ['ros']
[0.959s] Level 1:colcon.colcon_core.package_identification:_identify(src/OrbbecSDK_ROS2) by extension 'ros'
[0.959s] Level 1:colcon.colcon_core.package_identification:_identify(src/OrbbecSDK_ROS2) by extensions ['cmake', 'python']
[0.959s] Level 1:colcon.colcon_core.package_identification:_identify(src/OrbbecSDK_ROS2) by extension 'cmake'
[0.959s] Level 1:colcon.colcon_core.package_identification:_identify(src/OrbbecSDK_ROS2) by extension 'python'
[0.959s] Level 1:colcon.colcon_core.package_identification:_identify(src/OrbbecSDK_ROS2) by extensions ['python_setup_py']
[0.959s] Level 1:colcon.colcon_core.package_identification:_identify(src/OrbbecSDK_ROS2) by extension 'python_setup_py'
[0.959s] Level 1:colcon.colcon_core.package_identification:_identify(src/OrbbecSDK_ROS2/orbbec_camera) by extensions ['ignore', 'ignore_ament_install']
[0.959s] Level 1:colcon.colcon_core.package_identification:_identify(src/OrbbecSDK_ROS2/orbbec_camera) by extension 'ignore'
[0.959s] Level 1:colcon.colcon_core.package_identification:_identify(src/OrbbecSDK_ROS2/orbbec_camera) by extension 'ignore_ament_install'
[0.959s] Level 1:colcon.colcon_core.package_identification:_identify(src/OrbbecSDK_ROS2/orbbec_camera) by extensions ['colcon_pkg']
[0.960s] Level 1:colcon.colcon_core.package_identification:_identify(src/OrbbecSDK_ROS2/orbbec_camera) by extension 'colcon_pkg'
[0.960s] Level 1:colcon.colcon_core.package_identification:_identify(src/OrbbecSDK_ROS2/orbbec_camera) by extensions ['colcon_meta']
[0.960s] Level 1:colcon.colcon_core.package_identification:_identify(src/OrbbecSDK_ROS2/orbbec_camera) by extension 'colcon_meta'
[0.960s] Level 1:colcon.colcon_core.package_identification:_identify(src/OrbbecSDK_ROS2/orbbec_camera) by extensions ['ros']
[0.960s] Level 1:colcon.colcon_core.package_identification:_identify(src/OrbbecSDK_ROS2/orbbec_camera) by extension 'ros'
[0.963s] DEBUG:colcon.colcon_core.package_identification:Package 'src/OrbbecSDK_ROS2/orbbec_camera' with type 'ros.ament_cmake' and name 'orbbec_camera'
[0.963s] Level 1:colcon.colcon_core.package_identification:_identify(src/OrbbecSDK_ROS2/orbbec_camera_msgs) by extensions ['ignore', 'ignore_ament_install']
[0.963s] Level 1:colcon.colcon_core.package_identification:_identify(src/OrbbecSDK_ROS2/orbbec_camera_msgs) by extension 'ignore'
[0.963s] Level 1:colcon.colcon_core.package_identification:_identify(src/OrbbecSDK_ROS2/orbbec_camera_msgs) by extension 'ignore_ament_install'
[0.963s] Level 1:colcon.colcon_core.package_identification:_identify(src/OrbbecSDK_ROS2/orbbec_camera_msgs) by extensions ['colcon_pkg']
[0.963s] Level 1:colcon.colcon_core.package_identification:_identify(src/OrbbecSDK_ROS2/orbbec_camera_msgs) by extension 'colcon_pkg'
[0.963s] Level 1:colcon.colcon_core.package_identification:_identify(src/OrbbecSDK_ROS2/orbbec_camera_msgs) by extensions ['colcon_meta']
[0.963s] Level 1:colcon.colcon_core.package_identification:_identify(src/OrbbecSDK_ROS2/orbbec_camera_msgs) by extension 'colcon_meta'
[0.964s] Level 1:colcon.colcon_core.package_identification:_identify(src/OrbbecSDK_ROS2/orbbec_camera_msgs) by extensions ['ros']
[0.964s] Level 1:colcon.colcon_core.package_identification:_identify(src/OrbbecSDK_ROS2/orbbec_camera_msgs) by extension 'ros'
[0.964s] DEBUG:colcon.colcon_core.package_identification:Package 'src/OrbbecSDK_ROS2/orbbec_camera_msgs' with type 'ros.ament_cmake' and name 'orbbec_camera_msgs'
[0.964s] Level 1:colcon.colcon_core.package_identification:_identify(src/OrbbecSDK_ROS2/orbbec_description) by extensions ['ignore', 'ignore_ament_install']
[0.964s] Level 1:colcon.colcon_core.package_identification:_identify(src/OrbbecSDK_ROS2/orbbec_description) by extension 'ignore'
[0.964s] Level 1:colcon.colcon_core.package_identification:_identify(src/OrbbecSDK_ROS2/orbbec_description) by extension 'ignore_ament_install'
[0.964s] Level 1:colcon.colcon_core.package_identification:_identify(src/OrbbecSDK_ROS2/orbbec_description) by extensions ['colcon_pkg']
[0.964s] Level 1:colcon.colcon_core.package_identification:_identify(src/OrbbecSDK_ROS2/orbbec_description) by extension 'colcon_pkg'
[0.965s] Level 1:colcon.colcon_core.package_identification:_identify(src/OrbbecSDK_ROS2/orbbec_description) by extensions ['colcon_meta']
[0.965s] Level 1:colcon.colcon_core.package_identification:_identify(src/OrbbecSDK_ROS2/orbbec_description) by extension 'colcon_meta'
[0.965s] Level 1:colcon.colcon_core.package_identification:_identify(src/OrbbecSDK_ROS2/orbbec_description) by extensions ['ros']
[0.965s] Level 1:colcon.colcon_core.package_identification:_identify(src/OrbbecSDK_ROS2/orbbec_description) by extension 'ros'
[0.965s] DEBUG:colcon.colcon_core.package_identification:Package 'src/OrbbecSDK_ROS2/orbbec_description' with type 'ros.ament_cmake' and name 'orbbec_description'
[0.965s] Level 1:colcon.colcon_core.package_identification:_identify(src/ros2_astra_camera) by extensions ['ignore', 'ignore_ament_install']
[0.965s] Level 1:colcon.colcon_core.package_identification:_identify(src/ros2_astra_camera) by extension 'ignore'
[0.965s] Level 1:colcon.colcon_core.package_identification:_identify(src/ros2_astra_camera) by extension 'ignore_ament_install'
[0.965s] Level 1:colcon.colcon_core.package_identification:_identify(src/ros2_astra_camera) by extensions ['colcon_pkg']
[0.965s] Level 1:colcon.colcon_core.package_identification:_identify(src/ros2_astra_camera) by extension 'colcon_pkg'
[0.965s] Level 1:colcon.colcon_core.package_identification:_identify(src/ros2_astra_camera) by extensions ['colcon_meta']
[0.965s] Level 1:colcon.colcon_core.package_identification:_identify(src/ros2_astra_camera) by extension 'colcon_meta'
[0.965s] Level 1:colcon.colcon_core.package_identification:_identify(src/ros2_astra_camera) by extensions ['ros']
[0.965s] Level 1:colcon.colcon_core.package_identification:_identify(src/ros2_astra_camera) by extension 'ros'
[0.966s] Level 1:colcon.colcon_core.package_identification:_identify(src/ros2_astra_camera) by extensions ['cmake', 'python']
[0.966s] Level 1:colcon.colcon_core.package_identification:_identify(src/ros2_astra_camera) by extension 'cmake'
[0.966s] Level 1:colcon.colcon_core.package_identification:_identify(src/ros2_astra_camera) by extension 'python'
[0.966s] Level 1:colcon.colcon_core.package_identification:_identify(src/ros2_astra_camera) by extensions ['python_setup_py']
[0.966s] Level 1:colcon.colcon_core.package_identification:_identify(src/ros2_astra_camera) by extension 'python_setup_py'
[0.966s] Level 1:colcon.colcon_core.package_identification:_identify(src/ros2_astra_camera/astra_camera) by extensions ['ignore', 'ignore_ament_install']
[0.966s] Level 1:colcon.colcon_core.package_identification:_identify(src/ros2_astra_camera/astra_camera) by extension 'ignore'
[0.966s] Level 1:colcon.colcon_core.package_identification:_identify(src/ros2_astra_camera/astra_camera) by extension 'ignore_ament_install'
[0.966s] Level 1:colcon.colcon_core.package_identification:_identify(src/ros2_astra_camera/astra_camera) by extensions ['colcon_pkg']
[0.966s] Level 1:colcon.colcon_core.package_identification:_identify(src/ros2_astra_camera/astra_camera) by extension 'colcon_pkg'
[0.966s] Level 1:colcon.colcon_core.package_identification:_identify(src/ros2_astra_camera/astra_camera) by extensions ['colcon_meta']
[0.966s] Level 1:colcon.colcon_core.package_identification:_identify(src/ros2_astra_camera/astra_camera) by extension 'colcon_meta'
[0.966s] Level 1:colcon.colcon_core.package_identification:_identify(src/ros2_astra_camera/astra_camera) by extensions ['ros']
[0.966s] Level 1:colcon.colcon_core.package_identification:_identify(src/ros2_astra_camera/astra_camera) by extension 'ros'
[0.968s] DEBUG:colcon.colcon_core.package_identification:Package 'src/ros2_astra_camera/astra_camera' with type 'ros.ament_cmake' and name 'astra_camera'
[0.968s] Level 1:colcon.colcon_core.package_identification:_identify(src/ros2_astra_camera/astra_camera_msgs) by extensions ['ignore', 'ignore_ament_install']
[0.968s] Level 1:colcon.colcon_core.package_identification:_identify(src/ros2_astra_camera/astra_camera_msgs) by extension 'ignore'
[0.968s] Level 1:colcon.colcon_core.package_identification:_identify(src/ros2_astra_camera/astra_camera_msgs) by extension 'ignore_ament_install'
[0.968s] Level 1:colcon.colcon_core.package_identification:_identify(src/ros2_astra_camera/astra_camera_msgs) by extensions ['colcon_pkg']
[0.968s] Level 1:colcon.colcon_core.package_identification:_identify(src/ros2_astra_camera/astra_camera_msgs) by extension 'colcon_pkg'
[0.968s] Level 1:colcon.colcon_core.package_identification:_identify(src/ros2_astra_camera/astra_camera_msgs) by extensions ['colcon_meta']
[0.968s] Level 1:colcon.colcon_core.package_identification:_identify(src/ros2_astra_camera/astra_camera_msgs) by extension 'colcon_meta'
[0.968s] Level 1:colcon.colcon_core.package_identification:_identify(src/ros2_astra_camera/astra_camera_msgs) by extensions ['ros']
[0.968s] Level 1:colcon.colcon_core.package_identification:_identify(src/ros2_astra_camera/astra_camera_msgs) by extension 'ros'
[0.969s] DEBUG:colcon.colcon_core.package_identification:Package 'src/ros2_astra_camera/astra_camera_msgs' with type 'ros.ament_cmake' and name 'astra_camera_msgs'
[0.969s] Level 1:colcon.colcon_core.package_identification:_identify(src/sllidar_ros2) by extensions ['ignore', 'ignore_ament_install']
[0.969s] Level 1:colcon.colcon_core.package_identification:_identify(src/sllidar_ros2) by extension 'ignore'
[0.969s] Level 1:colcon.colcon_core.package_identification:_identify(src/sllidar_ros2) by extension 'ignore_ament_install'
[0.969s] Level 1:colcon.colcon_core.package_identification:_identify(src/sllidar_ros2) by extensions ['colcon_pkg']
[0.969s] Level 1:colcon.colcon_core.package_identification:_identify(src/sllidar_ros2) by extension 'colcon_pkg'
[0.969s] Level 1:colcon.colcon_core.package_identification:_identify(src/sllidar_ros2) by extensions ['colcon_meta']
[0.969s] Level 1:colcon.colcon_core.package_identification:_identify(src/sllidar_ros2) by extension 'colcon_meta'
[0.969s] Level 1:colcon.colcon_core.package_identification:_identify(src/sllidar_ros2) by extensions ['ros']
[0.969s] Level 1:colcon.colcon_core.package_identification:_identify(src/sllidar_ros2) by extension 'ros'
[0.969s] DEBUG:colcon.colcon_core.package_identification:Package 'src/sllidar_ros2' with type 'ros.ament_cmake' and name 'sllidar_ros2'
[0.970s] Level 1:colcon.colcon_core.package_discovery:discover_packages(recursive) using defaults
[0.970s] Level 1:colcon.colcon_core.package_discovery:discover_packages(ignore) discover
[0.970s] Level 1:colcon.colcon_core.package_discovery:discover_packages(ignore) using defaults
[0.970s] Level 1:colcon.colcon_core.package_discovery:discover_packages(path) discover
[0.970s] Level 1:colcon.colcon_core.package_discovery:discover_packages(path) using defaults
[1.042s] Level 5:colcon.colcon_core.verb:set package 'astra_camera_msgs' build argument 'cmake_args' from command line to '['-DCMAKE_BUILD_TYPE=Release']'
[1.042s] Level 5:colcon.colcon_core.verb:set package 'astra_camera_msgs' build argument 'cmake_target' from command line to 'None'
[1.042s] Level 5:colcon.colcon_core.verb:set package 'astra_camera_msgs' build argument 'cmake_target_skip_unavailable' from command line to 'False'
[1.043s] Level 5:colcon.colcon_core.verb:set package 'astra_camera_msgs' build argument 'cmake_clean_cache' from command line to 'False'
[1.043s] Level 5:colcon.colcon_core.verb:set package 'astra_camera_msgs' build argument 'cmake_clean_first' from command line to 'False'
[1.043s] Level 5:colcon.colcon_core.verb:set package 'astra_camera_msgs' build argument 'cmake_force_configure' from command line to 'False'
[1.043s] Level 5:colcon.colcon_core.verb:set package 'astra_camera_msgs' build argument 'ament_cmake_args' from command line to 'None'
[1.043s] Level 5:colcon.colcon_core.verb:set package 'astra_camera_msgs' build argument 'catkin_cmake_args' from command line to 'None'
[1.043s] Level 5:colcon.colcon_core.verb:set package 'astra_camera_msgs' build argument 'catkin_skip_building_tests' from command line to 'False'
[1.043s] DEBUG:colcon.colcon_core.verb:Building package 'astra_camera_msgs' with the following arguments: {'ament_cmake_args': None, 'build_base': '/SLAM/ros_ws/build/astra_camera_msgs', 'catkin_cmake_args': None, 'catkin_skip_building_tests': False, 'cmake_args': ['-DCMAKE_BUILD_TYPE=Release'], 'cmake_clean_cache': False, 'cmake_clean_first': False, 'cmake_force_configure': False, 'cmake_target': None, 'cmake_target_skip_unavailable': False, 'install_base': '/SLAM/ros_ws/install/astra_camera_msgs', 'merge_install': False, 'path': '/SLAM/ros_ws/src/ros2_astra_camera/astra_camera_msgs', 'symlink_install': False, 'test_result_base': None}
[1.053s] Level 5:colcon.colcon_core.verb:set package 'orbbec_camera_msgs' build argument 'cmake_args' from command line to '['-DCMAKE_BUILD_TYPE=Release']'
[1.053s] Level 5:colcon.colcon_core.verb:set package 'orbbec_camera_msgs' build argument 'cmake_target' from command line to 'None'
[1.053s] Level 5:colcon.colcon_core.verb:set package 'orbbec_camera_msgs' build argument 'cmake_target_skip_unavailable' from command line to 'False'
[1.053s] Level 5:colcon.colcon_core.verb:set package 'orbbec_camera_msgs' build argument 'cmake_clean_cache' from command line to 'False'
[1.053s] Level 5:colcon.colcon_core.verb:set package 'orbbec_camera_msgs' build argument 'cmake_clean_first' from command line to 'False'
[1.053s] Level 5:colcon.colcon_core.verb:set package 'orbbec_camera_msgs' build argument 'cmake_force_configure' from command line to 'False'
[1.054s] Level 5:colcon.colcon_core.verb:set package 'orbbec_camera_msgs' build argument 'ament_cmake_args' from command line to 'None'
[1.054s] Level 5:colcon.colcon_core.verb:set package 'orbbec_camera_msgs' build argument 'catkin_cmake_args' from command line to 'None'
[1.054s] Level 5:colcon.colcon_core.verb:set package 'orbbec_camera_msgs' build argument 'catkin_skip_building_tests' from command line to 'False'
[1.054s] DEBUG:colcon.colcon_core.verb:Building package 'orbbec_camera_msgs' with the following arguments: {'ament_cmake_args': None, 'build_base': '/SLAM/ros_ws/build/orbbec_camera_msgs', 'catkin_cmake_args': None, 'catkin_skip_building_tests': False, 'cmake_args': ['-DCMAKE_BUILD_TYPE=Release'], 'cmake_clean_cache': False, 'cmake_clean_first': False, 'cmake_force_configure': False, 'cmake_target': None, 'cmake_target_skip_unavailable': False, 'install_base': '/SLAM/ros_ws/install/orbbec_camera_msgs', 'merge_install': False, 'path': '/SLAM/ros_ws/src/OrbbecSDK_ROS2/orbbec_camera_msgs', 'symlink_install': False, 'test_result_base': None}
[1.064s] Level 5:colcon.colcon_core.verb:set package 'orbbec_description' build argument 'cmake_args' from command line to '['-DCMAKE_BUILD_TYPE=Release']'
[1.064s] Level 5:colcon.colcon_core.verb:set package 'orbbec_description' build argument 'cmake_target' from command line to 'None'
[1.064s] Level 5:colcon.colcon_core.verb:set package 'orbbec_description' build argument 'cmake_target_skip_unavailable' from command line to 'False'
[1.065s] Level 5:colcon.colcon_core.verb:set package 'orbbec_description' build argument 'cmake_clean_cache' from command line to 'False'
[1.065s] Level 5:colcon.colcon_core.verb:set package 'orbbec_description' build argument 'cmake_clean_first' from command line to 'False'
[1.065s] Level 5:colcon.colcon_core.verb:set package 'orbbec_description' build argument 'cmake_force_configure' from command line to 'False'
[1.065s] Level 5:colcon.colcon_core.verb:set package 'orbbec_description' build argument 'ament_cmake_args' from command line to 'None'
[1.065s] Level 5:colcon.colcon_core.verb:set package 'orbbec_description' build argument 'catkin_cmake_args' from command line to 'None'
[1.065s] Level 5:colcon.colcon_core.verb:set package 'orbbec_description' build argument 'catkin_skip_building_tests' from command line to 'False'
[1.065s] DEBUG:colcon.colcon_core.verb:Building package 'orbbec_description' with the following arguments: {'ament_cmake_args': None, 'build_base': '/SLAM/ros_ws/build/orbbec_description', 'catkin_cmake_args': None, 'catkin_skip_building_tests': False, 'cmake_args': ['-DCMAKE_BUILD_TYPE=Release'], 'cmake_clean_cache': False, 'cmake_clean_first': False, 'cmake_force_configure': False, 'cmake_target': None, 'cmake_target_skip_unavailable': False, 'install_base': '/SLAM/ros_ws/install/orbbec_description', 'merge_install': False, 'path': '/SLAM/ros_ws/src/OrbbecSDK_ROS2/orbbec_description', 'symlink_install': False, 'test_result_base': None}
[1.075s] Level 5:colcon.colcon_core.verb:set package 'sllidar_ros2' build argument 'cmake_args' from command line to '['-DCMAKE_BUILD_TYPE=Release']'
[1.075s] Level 5:colcon.colcon_core.verb:set package 'sllidar_ros2' build argument 'cmake_target' from command line to 'None'
[1.075s] Level 5:colcon.colcon_core.verb:set package 'sllidar_ros2' build argument 'cmake_target_skip_unavailable' from command line to 'False'
[1.075s] Level 5:colcon.colcon_core.verb:set package 'sllidar_ros2' build argument 'cmake_clean_cache' from command line to 'False'
[1.075s] Level 5:colcon.colcon_core.verb:set package 'sllidar_ros2' build argument 'cmake_clean_first' from command line to 'False'
[1.075s] Level 5:colcon.colcon_core.verb:set package 'sllidar_ros2' build argument 'cmake_force_configure' from command line to 'False'
[1.075s] Level 5:colcon.colcon_core.verb:set package 'sllidar_ros2' build argument 'ament_cmake_args' from command line to 'None'
[1.075s] Level 5:colcon.colcon_core.verb:set package 'sllidar_ros2' build argument 'catkin_cmake_args' from command line to 'None'
[1.075s] Level 5:colcon.colcon_core.verb:set package 'sllidar_ros2' build argument 'catkin_skip_building_tests' from command line to 'False'
[1.075s] DEBUG:colcon.colcon_core.verb:Building package 'sllidar_ros2' with the following arguments: {'ament_cmake_args': None, 'build_base': '/SLAM/ros_ws/build/sllidar_ros2', 'catkin_cmake_args': None, 'catkin_skip_building_tests': False, 'cmake_args': ['-DCMAKE_BUILD_TYPE=Release'], 'cmake_clean_cache': False, 'cmake_clean_first': False, 'cmake_force_configure': False, 'cmake_target': None, 'cmake_target_skip_unavailable': False, 'install_base': '/SLAM/ros_ws/install/sllidar_ros2', 'merge_install': False, 'path': '/SLAM/ros_ws/src/sllidar_ros2', 'symlink_install': False, 'test_result_base': None}
[1.087s] Level 5:colcon.colcon_core.verb:set package 'astra_camera' build argument 'cmake_args' from command line to '['-DCMAKE_BUILD_TYPE=Release']'
[1.087s] Level 5:colcon.colcon_core.verb:set package 'astra_camera' build argument 'cmake_target' from command line to 'None'
[1.087s] Level 5:colcon.colcon_core.verb:set package 'astra_camera' build argument 'cmake_target_skip_unavailable' from command line to 'False'
[1.087s] Level 5:colcon.colcon_core.verb:set package 'astra_camera' build argument 'cmake_clean_cache' from command line to 'False'
[1.087s] Level 5:colcon.colcon_core.verb:set package 'astra_camera' build argument 'cmake_clean_first' from command line to 'False'
[1.087s] Level 5:colcon.colcon_core.verb:set package 'astra_camera' build argument 'cmake_force_configure' from command line to 'False'
[1.087s] Level 5:colcon.colcon_core.verb:set package 'astra_camera' build argument 'ament_cmake_args' from command line to 'None'
[1.087s] Level 5:colcon.colcon_core.verb:set package 'astra_camera' build argument 'catkin_cmake_args' from command line to 'None'
[1.087s] Level 5:colcon.colcon_core.verb:set package 'astra_camera' build argument 'catkin_skip_building_tests' from command line to 'False'
[1.087s] DEBUG:colcon.colcon_core.verb:Building package 'astra_camera' with the following arguments: {'ament_cmake_args': None, 'build_base': '/SLAM/ros_ws/build/astra_camera', 'catkin_cmake_args': None, 'catkin_skip_building_tests': False, 'cmake_args': ['-DCMAKE_BUILD_TYPE=Release'], 'cmake_clean_cache': False, 'cmake_clean_first': False, 'cmake_force_configure': False, 'cmake_target': None, 'cmake_target_skip_unavailable': False, 'install_base': '/SLAM/ros_ws/install/astra_camera', 'merge_install': False, 'path': '/SLAM/ros_ws/src/ros2_astra_camera/astra_camera', 'symlink_install': False, 'test_result_base': None}
[1.098s] Level 5:colcon.colcon_core.verb:set package 'orbbec_camera' build argument 'cmake_args' from command line to '['-DCMAKE_BUILD_TYPE=Release']'
[1.098s] Level 5:colcon.colcon_core.verb:set package 'orbbec_camera' build argument 'cmake_target' from command line to 'None'
[1.098s] Level 5:colcon.colcon_core.verb:set package 'orbbec_camera' build argument 'cmake_target_skip_unavailable' from command line to 'False'
[1.098s] Level 5:colcon.colcon_core.verb:set package 'orbbec_camera' build argument 'cmake_clean_cache' from command line to 'False'
[1.098s] Level 5:colcon.colcon_core.verb:set package 'orbbec_camera' build argument 'cmake_clean_first' from command line to 'False'
[1.098s] Level 5:colcon.colcon_core.verb:set package 'orbbec_camera' build argument 'cmake_force_configure' from command line to 'False'
[1.098s] Level 5:colcon.colcon_core.verb:set package 'orbbec_camera' build argument 'ament_cmake_args' from command line to 'None'
[1.098s] Level 5:colcon.colcon_core.verb:set package 'orbbec_camera' build argument 'catkin_cmake_args' from command line to 'None'
[1.098s] Level 5:colcon.colcon_core.verb:set package 'orbbec_camera' build argument 'catkin_skip_building_tests' from command line to 'False'
[1.098s] DEBUG:colcon.colcon_core.verb:Building package 'orbbec_camera' with the following arguments: {'ament_cmake_args': None, 'build_base': '/SLAM/ros_ws/build/orbbec_camera', 'catkin_cmake_args': None, 'catkin_skip_building_tests': False, 'cmake_args': ['-DCMAKE_BUILD_TYPE=Release'], 'cmake_clean_cache': False, 'cmake_clean_first': False, 'cmake_force_configure': False, 'cmake_target': None, 'cmake_target_skip_unavailable': False, 'install_base': '/SLAM/ros_ws/install/orbbec_camera', 'merge_install': False, 'path': '/SLAM/ros_ws/src/OrbbecSDK_ROS2/orbbec_camera', 'symlink_install': False, 'test_result_base': None}
[1.109s] INFO:colcon.colcon_core.executor:Executing jobs using 'parallel' executor
[1.121s] DEBUG:colcon.colcon_parallel_executor.executor.parallel:run_until_complete
[1.121s] INFO:colcon.colcon_ros.task.ament_cmake.build:Building ROS package in '/SLAM/ros_ws/src/ros2_astra_camera/astra_camera_msgs' with build type 'ament_cmake'
[1.121s] INFO:colcon.colcon_cmake.task.cmake.build:Building CMake package in '/SLAM/ros_ws/src/ros2_astra_camera/astra_camera_msgs'
[1.134s] INFO:colcon.colcon_core.plugin_system:Skipping extension 'colcon_core.shell.bat': Not used on non-Windows systems
[1.134s] INFO:colcon.colcon_core.shell:Skip shell extension 'powershell' for command environment: Not usable outside of PowerShell
[1.134s] DEBUG:colcon.colcon_core.shell:Skip shell extension 'dsv' for command environment
[1.180s] INFO:colcon.colcon_ros.task.ament_cmake.build:Building ROS package in '/SLAM/ros_ws/src/OrbbecSDK_ROS2/orbbec_camera_msgs' with build type 'ament_cmake'
[1.180s] INFO:colcon.colcon_cmake.task.cmake.build:Building CMake package in '/SLAM/ros_ws/src/OrbbecSDK_ROS2/orbbec_camera_msgs'
[1.192s] INFO:colcon.colcon_core.shell:Skip shell extension 'powershell' for command environment: Not usable outside of PowerShell
[1.192s] DEBUG:colcon.colcon_core.shell:Skip shell extension 'dsv' for command environment
[1.230s] INFO:colcon.colcon_ros.task.ament_cmake.build:Building ROS package in '/SLAM/ros_ws/src/OrbbecSDK_ROS2/orbbec_description' with build type 'ament_cmake'
[1.230s] INFO:colcon.colcon_cmake.task.cmake.build:Building CMake package in '/SLAM/ros_ws/src/OrbbecSDK_ROS2/orbbec_description'
[1.242s] INFO:colcon.colcon_core.shell:Skip shell extension 'powershell' for command environment: Not usable outside of PowerShell
[1.242s] DEBUG:colcon.colcon_core.shell:Skip shell extension 'dsv' for command environment
[1.282s] INFO:colcon.colcon_ros.task.ament_cmake.build:Building ROS package in '/SLAM/ros_ws/src/sllidar_ros2' with build type 'ament_cmake'
[1.282s] INFO:colcon.colcon_cmake.task.cmake.build:Building CMake package in '/SLAM/ros_ws/src/sllidar_ros2'
[1.294s] INFO:colcon.colcon_core.shell:Skip shell extension 'powershell' for command environment: Not usable outside of PowerShell
[1.294s] DEBUG:colcon.colcon_core.shell:Skip shell extension 'dsv' for command environment
[1.338s] DEBUG:colcon.colcon_core.event_handler.log_command:Invoking command in '/SLAM/ros_ws/build/astra_camera_msgs': CMAKE_PREFIX_PATH=${CMAKE_PREFIX_PATH}:/opt/ros/humble /usr/bin/cmake --build /SLAM/ros_ws/build/astra_camera_msgs -- -j16 -l16
[1.341s] DEBUG:colcon.colcon_core.event_handler.log_command:Invoking command in '/SLAM/ros_ws/build/orbbec_camera_msgs': CMAKE_PREFIX_PATH=${CMAKE_PREFIX_PATH}:/opt/ros/humble /usr/bin/cmake --build /SLAM/ros_ws/build/orbbec_camera_msgs -- -j16 -l16
[1.345s] DEBUG:colcon.colcon_core.event_handler.log_command:Invoking command in '/SLAM/ros_ws/build/orbbec_description': CMAKE_PREFIX_PATH=${CMAKE_PREFIX_PATH}:/opt/ros/humble /usr/bin/cmake --build /SLAM/ros_ws/build/orbbec_description -- -j16 -l16
[1.350s] DEBUG:colcon.colcon_core.event_handler.log_command:Invoking command in '/SLAM/ros_ws/build/sllidar_ros2': CMAKE_PREFIX_PATH=${CMAKE_PREFIX_PATH}:/opt/ros/humble /usr/bin/cmake --build /SLAM/ros_ws/build/sllidar_ros2 -- -j16 -l16
[1.392s] DEBUG:colcon.colcon_core.event_handler.log_command:Invoked command in '/SLAM/ros_ws/build/orbbec_description' returned '0': CMAKE_PREFIX_PATH=${CMAKE_PREFIX_PATH}:/opt/ros/humble /usr/bin/cmake --build /SLAM/ros_ws/build/orbbec_description -- -j16 -l16
[1.462s] DEBUG:colcon.colcon_core.event_handler.log_command:Invoking command in '/SLAM/ros_ws/build/orbbec_description': CMAKE_PREFIX_PATH=${CMAKE_PREFIX_PATH}:/opt/ros/humble /usr/bin/cmake --install /SLAM/ros_ws/build/orbbec_description
[1.485s] DEBUG:colcon.colcon_core.event_handler.log_command:Invoked command in '/SLAM/ros_ws/build/sllidar_ros2' returned '0': CMAKE_PREFIX_PATH=${CMAKE_PREFIX_PATH}:/opt/ros/humble /usr/bin/cmake --build /SLAM/ros_ws/build/sllidar_ros2 -- -j16 -l16
[1.487s] Level 1:colcon.colcon_core.environment:create_environment_scripts_only(orbbec_description)
[1.493s] DEBUG:colcon.colcon_core.event_handler.log_command:Invoked command in '/SLAM/ros_ws/build/orbbec_description' returned '0': CMAKE_PREFIX_PATH=${CMAKE_PREFIX_PATH}:/opt/ros/humble /usr/bin/cmake --install /SLAM/ros_ws/build/orbbec_description
[1.514s] Level 1:colcon.colcon_core.environment:checking '/SLAM/ros_ws/install/orbbec_description' for CMake module files
[1.515s] Level 1:colcon.colcon_core.environment:checking '/SLAM/ros_ws/install/orbbec_description' for CMake config files
[1.515s] Level 1:colcon.colcon_core.shell:create_environment_hook('orbbec_description', 'cmake_prefix_path')
[1.545s] INFO:colcon.colcon_core.shell:Creating environment hook '/SLAM/ros_ws/install/orbbec_description/share/orbbec_description/hook/cmake_prefix_path.ps1'
[1.546s] INFO:colcon.colcon_core.shell:Creating environment descriptor '/SLAM/ros_ws/install/orbbec_description/share/orbbec_description/hook/cmake_prefix_path.dsv'
[1.547s] INFO:colcon.colcon_core.shell:Creating environment hook '/SLAM/ros_ws/install/orbbec_description/share/orbbec_description/hook/cmake_prefix_path.sh'
[1.553s] Level 1:colcon.colcon_core.environment:checking '/SLAM/ros_ws/install/orbbec_description/bin'
[1.554s] Level 1:colcon.colcon_core.environment:checking '/SLAM/ros_ws/install/orbbec_description/lib/pkgconfig/orbbec_description.pc'
[1.557s] Level 1:colcon.colcon_core.environment:checking '/SLAM/ros_ws/install/orbbec_description/lib/python3.10/site-packages'
[1.558s] Level 1:colcon.colcon_core.environment:checking '/SLAM/ros_ws/install/orbbec_description/bin'
[1.578s] INFO:colcon.colcon_core.shell:Creating package script '/SLAM/ros_ws/install/orbbec_description/share/orbbec_description/package.ps1'
[1.580s] INFO:colcon.colcon_core.shell:Creating package descriptor '/SLAM/ros_ws/install/orbbec_description/share/orbbec_description/package.dsv'
[1.581s] INFO:colcon.colcon_core.shell:Creating package script '/SLAM/ros_ws/install/orbbec_description/share/orbbec_description/package.sh'
[1.581s] INFO:colcon.colcon_core.shell:Creating package script '/SLAM/ros_ws/install/orbbec_description/share/orbbec_description/package.bash'
[1.582s] INFO:colcon.colcon_core.shell:Creating package script '/SLAM/ros_ws/install/orbbec_description/share/orbbec_description/package.zsh'
[1.583s] Level 1:colcon.colcon_core.environment:create_file_with_runtime_dependencies(/SLAM/ros_ws/install/orbbec_description/share/colcon-core/packages/orbbec_description)
[1.641s] Level 1:colcon.colcon_core.environment:create_environment_scripts_only(orbbec_description)
[1.663s] Level 1:colcon.colcon_core.environment:checking '/SLAM/ros_ws/install/orbbec_description' for CMake module files
[1.664s] Level 1:colcon.colcon_core.environment:checking '/SLAM/ros_ws/install/orbbec_description' for CMake config files
[1.665s] Level 1:colcon.colcon_core.shell:create_environment_hook('orbbec_description', 'cmake_prefix_path')
[1.681s] INFO:colcon.colcon_core.shell:Creating environment hook '/SLAM/ros_ws/install/orbbec_description/share/orbbec_description/hook/cmake_prefix_path.ps1'
[1.682s] INFO:colcon.colcon_core.shell:Creating environment descriptor '/SLAM/ros_ws/install/orbbec_description/share/orbbec_description/hook/cmake_prefix_path.dsv'
[1.682s] INFO:colcon.colcon_core.shell:Creating environment hook '/SLAM/ros_ws/install/orbbec_description/share/orbbec_description/hook/cmake_prefix_path.sh'
[1.683s] Level 1:colcon.colcon_core.environment:checking '/SLAM/ros_ws/install/orbbec_description/bin'
[1.683s] Level 1:colcon.colcon_core.environment:checking '/SLAM/ros_ws/install/orbbec_description/lib/pkgconfig/orbbec_description.pc'
[1.684s] Level 1:colcon.colcon_core.environment:checking '/SLAM/ros_ws/install/orbbec_description/lib/python3.10/site-packages'
[1.684s] Level 1:colcon.colcon_core.environment:checking '/SLAM/ros_ws/install/orbbec_description/bin'
[1.697s] INFO:colcon.colcon_core.shell:Creating package script '/SLAM/ros_ws/install/orbbec_description/share/orbbec_description/package.ps1'
[1.698s] INFO:colcon.colcon_core.shell:Creating package descriptor '/SLAM/ros_ws/install/orbbec_description/share/orbbec_description/package.dsv'
[1.698s] INFO:colcon.colcon_core.shell:Creating package script '/SLAM/ros_ws/install/orbbec_description/share/orbbec_description/package.sh'
[1.699s] INFO:colcon.colcon_core.shell:Creating package script '/SLAM/ros_ws/install/orbbec_description/share/orbbec_description/package.bash'
[1.699s] INFO:colcon.colcon_core.shell:Creating package script '/SLAM/ros_ws/install/orbbec_description/share/orbbec_description/package.zsh'
[1.699s] Level 1:colcon.colcon_core.environment:create_file_with_runtime_dependencies(/SLAM/ros_ws/install/orbbec_description/share/colcon-core/packages/orbbec_description)
[1.704s] DEBUG:colcon.colcon_core.event_handler.log_command:Invoking command in '/SLAM/ros_ws/build/sllidar_ros2': CMAKE_PREFIX_PATH=${CMAKE_PREFIX_PATH}:/opt/ros/humble /usr/bin/cmake --install /SLAM/ros_ws/build/sllidar_ros2
[1.715s] Level 1:colcon.colcon_core.environment:create_environment_scripts_only(sllidar_ros2)
[1.716s] DEBUG:colcon.colcon_core.event_handler.log_command:Invoked command in '/SLAM/ros_ws/build/sllidar_ros2' returned '0': CMAKE_PREFIX_PATH=${CMAKE_PREFIX_PATH}:/opt/ros/humble /usr/bin/cmake --install /SLAM/ros_ws/build/sllidar_ros2
[1.728s] Level 1:colcon.colcon_core.environment:checking '/SLAM/ros_ws/install/sllidar_ros2' for CMake module files
[1.729s] Level 1:colcon.colcon_core.environment:checking '/SLAM/ros_ws/install/sllidar_ros2' for CMake config files
[1.730s] Level 1:colcon.colcon_core.shell:create_environment_hook('sllidar_ros2', 'cmake_prefix_path')
[1.747s] INFO:colcon.colcon_core.shell:Creating environment hook '/SLAM/ros_ws/install/sllidar_ros2/share/sllidar_ros2/hook/cmake_prefix_path.ps1'
[1.748s] INFO:colcon.colcon_core.shell:Creating environment descriptor '/SLAM/ros_ws/install/sllidar_ros2/share/sllidar_ros2/hook/cmake_prefix_path.dsv'
[1.749s] INFO:colcon.colcon_core.shell:Creating environment hook '/SLAM/ros_ws/install/sllidar_ros2/share/sllidar_ros2/hook/cmake_prefix_path.sh'
[1.749s] Level 1:colcon.colcon_core.environment:checking '/SLAM/ros_ws/install/sllidar_ros2/lib'
[1.750s] Level 1:colcon.colcon_core.environment:checking '/SLAM/ros_ws/install/sllidar_ros2/bin'
[1.750s] Level 1:colcon.colcon_core.environment:checking '/SLAM/ros_ws/install/sllidar_ros2/lib/pkgconfig/sllidar_ros2.pc'
[1.750s] Level 1:colcon.colcon_core.environment:checking '/SLAM/ros_ws/install/sllidar_ros2/lib/python3.10/site-packages'
[1.751s] Level 1:colcon.colcon_core.environment:checking '/SLAM/ros_ws/install/sllidar_ros2/bin'
[1.765s] INFO:colcon.colcon_core.shell:Creating package script '/SLAM/ros_ws/install/sllidar_ros2/share/sllidar_ros2/package.ps1'
[1.766s] INFO:colcon.colcon_core.shell:Creating package descriptor '/SLAM/ros_ws/install/sllidar_ros2/share/sllidar_ros2/package.dsv'
[1.766s] INFO:colcon.colcon_core.shell:Creating package script '/SLAM/ros_ws/install/sllidar_ros2/share/sllidar_ros2/package.sh'
[1.767s] INFO:colcon.colcon_core.shell:Creating package script '/SLAM/ros_ws/install/sllidar_ros2/share/sllidar_ros2/package.bash'
[1.767s] INFO:colcon.colcon_core.shell:Creating package script '/SLAM/ros_ws/install/sllidar_ros2/share/sllidar_ros2/package.zsh'
[1.768s] Level 1:colcon.colcon_core.environment:create_file_with_runtime_dependencies(/SLAM/ros_ws/install/sllidar_ros2/share/colcon-core/packages/sllidar_ros2)
[1.814s] DEBUG:colcon.colcon_core.event_handler.log_command:Invoked command in '/SLAM/ros_ws/build/orbbec_camera_msgs' returned '0': CMAKE_PREFIX_PATH=${CMAKE_PREFIX_PATH}:/opt/ros/humble /usr/bin/cmake --build /SLAM/ros_ws/build/orbbec_camera_msgs -- -j16 -l16
[1.857s] DEBUG:colcon.colcon_core.event_handler.log_command:Invoked command in '/SLAM/ros_ws/build/astra_camera_msgs' returned '0': CMAKE_PREFIX_PATH=${CMAKE_PREFIX_PATH}:/opt/ros/humble /usr/bin/cmake --build /SLAM/ros_ws/build/astra_camera_msgs -- -j16 -l16
[1.880s] Level 1:colcon.colcon_core.environment:create_environment_scripts_only(sllidar_ros2)
[1.897s] Level 1:colcon.colcon_core.environment:checking '/SLAM/ros_ws/install/sllidar_ros2' for CMake module files
[1.898s] Level 1:colcon.colcon_core.environment:checking '/SLAM/ros_ws/install/sllidar_ros2' for CMake config files
[1.899s] Level 1:colcon.colcon_core.shell:create_environment_hook('sllidar_ros2', 'cmake_prefix_path')
[1.916s] INFO:colcon.colcon_core.shell:Creating environment hook '/SLAM/ros_ws/install/sllidar_ros2/share/sllidar_ros2/hook/cmake_prefix_path.ps1'
[1.917s] INFO:colcon.colcon_core.shell:Creating environment descriptor '/SLAM/ros_ws/install/sllidar_ros2/share/sllidar_ros2/hook/cmake_prefix_path.dsv'
[1.917s] INFO:colcon.colcon_core.shell:Creating environment hook '/SLAM/ros_ws/install/sllidar_ros2/share/sllidar_ros2/hook/cmake_prefix_path.sh'
[1.918s] Level 1:colcon.colcon_core.environment:checking '/SLAM/ros_ws/install/sllidar_ros2/lib'
[1.918s] Level 1:colcon.colcon_core.environment:checking '/SLAM/ros_ws/install/sllidar_ros2/bin'
[1.918s] Level 1:colcon.colcon_core.environment:checking '/SLAM/ros_ws/install/sllidar_ros2/lib/pkgconfig/sllidar_ros2.pc'
[1.918s] Level 1:colcon.colcon_core.environment:checking '/SLAM/ros_ws/install/sllidar_ros2/lib/python3.10/site-packages'
[1.919s] Level 1:colcon.colcon_core.environment:checking '/SLAM/ros_ws/install/sllidar_ros2/bin'
[1.934s] INFO:colcon.colcon_core.shell:Creating package script '/SLAM/ros_ws/install/sllidar_ros2/share/sllidar_ros2/package.ps1'
[1.935s] INFO:colcon.colcon_core.shell:Creating package descriptor '/SLAM/ros_ws/install/sllidar_ros2/share/sllidar_ros2/package.dsv'
[1.936s] INFO:colcon.colcon_core.shell:Creating package script '/SLAM/ros_ws/install/sllidar_ros2/share/sllidar_ros2/package.sh'
[1.936s] INFO:colcon.colcon_core.shell:Creating package script '/SLAM/ros_ws/install/sllidar_ros2/share/sllidar_ros2/package.bash'
[1.937s] INFO:colcon.colcon_core.shell:Creating package script '/SLAM/ros_ws/install/sllidar_ros2/share/sllidar_ros2/package.zsh'
[1.938s] Level 1:colcon.colcon_core.environment:create_file_with_runtime_dependencies(/SLAM/ros_ws/install/sllidar_ros2/share/colcon-core/packages/sllidar_ros2)
[2.143s] DEBUG:colcon.colcon_core.event_handler.log_command:Invoking command in '/SLAM/ros_ws/build/orbbec_camera_msgs': CMAKE_PREFIX_PATH=${CMAKE_PREFIX_PATH}:/opt/ros/humble /usr/bin/cmake --install /SLAM/ros_ws/build/orbbec_camera_msgs
[2.172s] DEBUG:colcon.colcon_core.event_handler.log_command:Invoking command in '/SLAM/ros_ws/build/astra_camera_msgs': CMAKE_PREFIX_PATH=${CMAKE_PREFIX_PATH}:/opt/ros/humble /usr/bin/cmake --install /SLAM/ros_ws/build/astra_camera_msgs
[2.211s] Level 1:colcon.colcon_core.environment:create_environment_scripts_only(orbbec_camera_msgs)
[2.211s] DEBUG:colcon.colcon_core.event_handler.log_command:Invoked command in '/SLAM/ros_ws/build/orbbec_camera_msgs' returned '0': CMAKE_PREFIX_PATH=${CMAKE_PREFIX_PATH}:/opt/ros/humble /usr/bin/cmake --install /SLAM/ros_ws/build/orbbec_camera_msgs
[2.228s] Level 1:colcon.colcon_core.environment:checking '/SLAM/ros_ws/install/orbbec_camera_msgs' for CMake module files
[2.231s] Level 1:colcon.colcon_core.environment:checking '/SLAM/ros_ws/install/orbbec_camera_msgs' for CMake config files
[2.232s] Level 1:colcon.colcon_core.shell:create_environment_hook('orbbec_camera_msgs', 'cmake_prefix_path')
[2.246s] INFO:colcon.colcon_core.shell:Creating environment hook '/SLAM/ros_ws/install/orbbec_camera_msgs/share/orbbec_camera_msgs/hook/cmake_prefix_path.ps1'
[2.246s] INFO:colcon.colcon_core.shell:Creating environment descriptor '/SLAM/ros_ws/install/orbbec_camera_msgs/share/orbbec_camera_msgs/hook/cmake_prefix_path.dsv'
[2.247s] INFO:colcon.colcon_core.shell:Creating environment hook '/SLAM/ros_ws/install/orbbec_camera_msgs/share/orbbec_camera_msgs/hook/cmake_prefix_path.sh'
[2.247s] Level 1:colcon.colcon_core.environment:checking '/SLAM/ros_ws/install/orbbec_camera_msgs/lib'
[2.247s] Level 1:colcon.colcon_core.shell:create_environment_hook('orbbec_camera_msgs', 'ld_library_path_lib')
[2.260s] INFO:colcon.colcon_core.shell:Creating environment hook '/SLAM/ros_ws/install/orbbec_camera_msgs/share/orbbec_camera_msgs/hook/ld_library_path_lib.ps1'
[2.261s] INFO:colcon.colcon_core.shell:Creating environment descriptor '/SLAM/ros_ws/install/orbbec_camera_msgs/share/orbbec_camera_msgs/hook/ld_library_path_lib.dsv'
[2.261s] INFO:colcon.colcon_core.shell:Creating environment hook '/SLAM/ros_ws/install/orbbec_camera_msgs/share/orbbec_camera_msgs/hook/ld_library_path_lib.sh'
[2.261s] Level 1:colcon.colcon_core.environment:checking '/SLAM/ros_ws/install/orbbec_camera_msgs/bin'
[2.261s] Level 1:colcon.colcon_core.environment:checking '/SLAM/ros_ws/install/orbbec_camera_msgs/lib/pkgconfig/orbbec_camera_msgs.pc'
[2.262s] Level 1:colcon.colcon_core.environment:checking '/SLAM/ros_ws/install/orbbec_camera_msgs/lib/python3.10/site-packages'
[2.262s] Level 1:colcon.colcon_core.environment:checking '/SLAM/ros_ws/install/orbbec_camera_msgs/bin'
[2.275s] INFO:colcon.colcon_core.shell:Creating package script '/SLAM/ros_ws/install/orbbec_camera_msgs/share/orbbec_camera_msgs/package.ps1'
[2.276s] INFO:colcon.colcon_core.shell:Creating package descriptor '/SLAM/ros_ws/install/orbbec_camera_msgs/share/orbbec_camera_msgs/package.dsv'
[2.276s] INFO:colcon.colcon_core.shell:Creating package script '/SLAM/ros_ws/install/orbbec_camera_msgs/share/orbbec_camera_msgs/package.sh'
[2.277s] INFO:colcon.colcon_core.shell:Creating package script '/SLAM/ros_ws/install/orbbec_camera_msgs/share/orbbec_camera_msgs/package.bash'
[2.277s] INFO:colcon.colcon_core.shell:Creating package script '/SLAM/ros_ws/install/orbbec_camera_msgs/share/orbbec_camera_msgs/package.zsh'
[2.277s] Level 1:colcon.colcon_core.environment:create_file_with_runtime_dependencies(/SLAM/ros_ws/install/orbbec_camera_msgs/share/colcon-core/packages/orbbec_camera_msgs)
[2.279s] Level 1:colcon.colcon_core.environment:create_environment_scripts_only(astra_camera_msgs)
[2.280s] DEBUG:colcon.colcon_core.event_handler.log_command:Invoked command in '/SLAM/ros_ws/build/astra_camera_msgs' returned '0': CMAKE_PREFIX_PATH=${CMAKE_PREFIX_PATH}:/opt/ros/humble /usr/bin/cmake --install /SLAM/ros_ws/build/astra_camera_msgs
[2.293s] Level 1:colcon.colcon_core.environment:checking '/SLAM/ros_ws/install/astra_camera_msgs' for CMake module files
[2.293s] Level 1:colcon.colcon_core.environment:checking '/SLAM/ros_ws/install/astra_camera_msgs' for CMake config files
[2.296s] Level 1:colcon.colcon_core.shell:create_environment_hook('astra_camera_msgs', 'cmake_prefix_path')
[2.308s] INFO:colcon.colcon_core.shell:Creating environment hook '/SLAM/ros_ws/install/astra_camera_msgs/share/astra_camera_msgs/hook/cmake_prefix_path.ps1'
[2.308s] INFO:colcon.colcon_core.shell:Creating environment descriptor '/SLAM/ros_ws/install/astra_camera_msgs/share/astra_camera_msgs/hook/cmake_prefix_path.dsv'
[2.309s] INFO:colcon.colcon_core.shell:Creating environment hook '/SLAM/ros_ws/install/astra_camera_msgs/share/astra_camera_msgs/hook/cmake_prefix_path.sh'
[2.309s] Level 1:colcon.colcon_core.environment:checking '/SLAM/ros_ws/install/astra_camera_msgs/lib'
[2.309s] Level 1:colcon.colcon_core.shell:create_environment_hook('astra_camera_msgs', 'ld_library_path_lib')
[2.340s] INFO:colcon.colcon_core.shell:Creating environment hook '/SLAM/ros_ws/install/astra_camera_msgs/share/astra_camera_msgs/hook/ld_library_path_lib.ps1'
[2.340s] INFO:colcon.colcon_core.shell:Creating environment descriptor '/SLAM/ros_ws/install/astra_camera_msgs/share/astra_camera_msgs/hook/ld_library_path_lib.dsv'
[2.340s] INFO:colcon.colcon_core.shell:Creating environment hook '/SLAM/ros_ws/install/astra_camera_msgs/share/astra_camera_msgs/hook/ld_library_path_lib.sh'
[2.341s] Level 1:colcon.colcon_core.environment:checking '/SLAM/ros_ws/install/astra_camera_msgs/bin'
[2.341s] Level 1:colcon.colcon_core.environment:checking '/SLAM/ros_ws/install/astra_camera_msgs/lib/pkgconfig/astra_camera_msgs.pc'
[2.341s] Level 1:colcon.colcon_core.environment:checking '/SLAM/ros_ws/install/astra_camera_msgs/lib/python3.10/site-packages'
[2.341s] Level 1:colcon.colcon_core.environment:checking '/SLAM/ros_ws/install/astra_camera_msgs/bin'
[2.353s] INFO:colcon.colcon_core.shell:Creating package script '/SLAM/ros_ws/install/astra_camera_msgs/share/astra_camera_msgs/package.ps1'
[2.353s] INFO:colcon.colcon_core.shell:Creating package descriptor '/SLAM/ros_ws/install/astra_camera_msgs/share/astra_camera_msgs/package.dsv'
[2.354s] INFO:colcon.colcon_core.shell:Creating package script '/SLAM/ros_ws/install/astra_camera_msgs/share/astra_camera_msgs/package.sh'
[2.354s] INFO:colcon.colcon_core.shell:Creating package script '/SLAM/ros_ws/install/astra_camera_msgs/share/astra_camera_msgs/package.bash'
[2.355s] INFO:colcon.colcon_core.shell:Creating package script '/SLAM/ros_ws/install/astra_camera_msgs/share/astra_camera_msgs/package.zsh'
[2.355s] Level 1:colcon.colcon_core.environment:create_file_with_runtime_dependencies(/SLAM/ros_ws/install/astra_camera_msgs/share/colcon-core/packages/astra_camera_msgs)
[2.603s] Level 1:colcon.colcon_core.environment:create_environment_scripts_only(orbbec_camera_msgs)
[2.613s] Level 1:colcon.colcon_core.environment:checking '/SLAM/ros_ws/install/orbbec_camera_msgs' for CMake module files
[2.614s] Level 1:colcon.colcon_core.environment:checking '/SLAM/ros_ws/install/orbbec_camera_msgs' for CMake config files
[2.615s] Level 1:colcon.colcon_core.shell:create_environment_hook('orbbec_camera_msgs', 'cmake_prefix_path')
[2.626s] INFO:colcon.colcon_core.shell:Creating environment hook '/SLAM/ros_ws/install/orbbec_camera_msgs/share/orbbec_camera_msgs/hook/cmake_prefix_path.ps1'
[2.627s] INFO:colcon.colcon_core.shell:Creating environment descriptor '/SLAM/ros_ws/install/orbbec_camera_msgs/share/orbbec_camera_msgs/hook/cmake_prefix_path.dsv'
[2.627s] INFO:colcon.colcon_core.shell:Creating environment hook '/SLAM/ros_ws/install/orbbec_camera_msgs/share/orbbec_camera_msgs/hook/cmake_prefix_path.sh'
[2.628s] Level 1:colcon.colcon_core.environment:checking '/SLAM/ros_ws/install/orbbec_camera_msgs/lib'
[2.628s] Level 1:colcon.colcon_core.shell:create_environment_hook('orbbec_camera_msgs', 'ld_library_path_lib')
[2.639s] INFO:colcon.colcon_core.shell:Creating environment hook '/SLAM/ros_ws/install/orbbec_camera_msgs/share/orbbec_camera_msgs/hook/ld_library_path_lib.ps1'
[2.640s] INFO:colcon.colcon_core.shell:Creating environment descriptor '/SLAM/ros_ws/install/orbbec_camera_msgs/share/orbbec_camera_msgs/hook/ld_library_path_lib.dsv'
[2.640s] INFO:colcon.colcon_core.shell:Creating environment hook '/SLAM/ros_ws/install/orbbec_camera_msgs/share/orbbec_camera_msgs/hook/ld_library_path_lib.sh'
[2.641s] Level 1:colcon.colcon_core.environment:checking '/SLAM/ros_ws/install/orbbec_camera_msgs/bin'
[2.641s] Level 1:colcon.colcon_core.environment:checking '/SLAM/ros_ws/install/orbbec_camera_msgs/lib/pkgconfig/orbbec_camera_msgs.pc'
[2.641s] Level 1:colcon.colcon_core.environment:checking '/SLAM/ros_ws/install/orbbec_camera_msgs/lib/python3.10/site-packages'
[2.641s] Level 1:colcon.colcon_core.environment:checking '/SLAM/ros_ws/install/orbbec_camera_msgs/bin'
[2.653s] INFO:colcon.colcon_core.shell:Creating package script '/SLAM/ros_ws/install/orbbec_camera_msgs/share/orbbec_camera_msgs/package.ps1'
[2.654s] INFO:colcon.colcon_core.shell:Creating package descriptor '/SLAM/ros_ws/install/orbbec_camera_msgs/share/orbbec_camera_msgs/package.dsv'
[2.655s] INFO:colcon.colcon_core.shell:Creating package script '/SLAM/ros_ws/install/orbbec_camera_msgs/share/orbbec_camera_msgs/package.sh'
[2.655s] INFO:colcon.colcon_core.shell:Creating package script '/SLAM/ros_ws/install/orbbec_camera_msgs/share/orbbec_camera_msgs/package.bash'
[2.656s] INFO:colcon.colcon_core.shell:Creating package script '/SLAM/ros_ws/install/orbbec_camera_msgs/share/orbbec_camera_msgs/package.zsh'
[2.656s] Level 1:colcon.colcon_core.environment:create_file_with_runtime_dependencies(/SLAM/ros_ws/install/orbbec_camera_msgs/share/colcon-core/packages/orbbec_camera_msgs)
[2.658s] INFO:colcon.colcon_ros.task.ament_cmake.build:Building ROS package in '/SLAM/ros_ws/src/OrbbecSDK_ROS2/orbbec_camera' with build type 'ament_cmake'
[2.658s] INFO:colcon.colcon_cmake.task.cmake.build:Building CMake package in '/SLAM/ros_ws/src/OrbbecSDK_ROS2/orbbec_camera'
[2.672s] INFO:colcon.colcon_core.shell:Skip shell extension 'powershell' for command environment: Not usable outside of PowerShell
[2.672s] DEBUG:colcon.colcon_core.shell:Skip shell extension 'dsv' for command environment
[2.725s] Level 1:colcon.colcon_core.environment:create_environment_scripts_only(astra_camera_msgs)
[2.736s] Level 1:colcon.colcon_core.environment:checking '/SLAM/ros_ws/install/astra_camera_msgs' for CMake module files
[2.737s] Level 1:colcon.colcon_core.environment:checking '/SLAM/ros_ws/install/astra_camera_msgs' for CMake config files
[2.739s] Level 1:colcon.colcon_core.shell:create_environment_hook('astra_camera_msgs', 'cmake_prefix_path')
[2.750s] INFO:colcon.colcon_core.shell:Creating environment hook '/SLAM/ros_ws/install/astra_camera_msgs/share/astra_camera_msgs/hook/cmake_prefix_path.ps1'
[2.750s] INFO:colcon.colcon_core.shell:Creating environment descriptor '/SLAM/ros_ws/install/astra_camera_msgs/share/astra_camera_msgs/hook/cmake_prefix_path.dsv'
[2.750s] INFO:colcon.colcon_core.shell:Creating environment hook '/SLAM/ros_ws/install/astra_camera_msgs/share/astra_camera_msgs/hook/cmake_prefix_path.sh'
[2.751s] Level 1:colcon.colcon_core.environment:checking '/SLAM/ros_ws/install/astra_camera_msgs/lib'
[2.751s] Level 1:colcon.colcon_core.shell:create_environment_hook('astra_camera_msgs', 'ld_library_path_lib')
[2.765s] INFO:colcon.colcon_core.shell:Creating environment hook '/SLAM/ros_ws/install/astra_camera_msgs/share/astra_camera_msgs/hook/ld_library_path_lib.ps1'
[2.766s] INFO:colcon.colcon_core.shell:Creating environment descriptor '/SLAM/ros_ws/install/astra_camera_msgs/share/astra_camera_msgs/hook/ld_library_path_lib.dsv'
[2.766s] INFO:colcon.colcon_core.shell:Creating environment hook '/SLAM/ros_ws/install/astra_camera_msgs/share/astra_camera_msgs/hook/ld_library_path_lib.sh'
[2.767s] Level 1:colcon.colcon_core.environment:checking '/SLAM/ros_ws/install/astra_camera_msgs/bin'
[2.767s] Level 1:colcon.colcon_core.environment:checking '/SLAM/ros_ws/install/astra_camera_msgs/lib/pkgconfig/astra_camera_msgs.pc'
[2.767s] Level 1:colcon.colcon_core.environment:checking '/SLAM/ros_ws/install/astra_camera_msgs/lib/python3.10/site-packages'
[2.767s] Level 1:colcon.colcon_core.environment:checking '/SLAM/ros_ws/install/astra_camera_msgs/bin'
[2.781s] INFO:colcon.colcon_core.shell:Creating package script '/SLAM/ros_ws/install/astra_camera_msgs/share/astra_camera_msgs/package.ps1'
[2.782s] INFO:colcon.colcon_core.shell:Creating package descriptor '/SLAM/ros_ws/install/astra_camera_msgs/share/astra_camera_msgs/package.dsv'
[2.782s] INFO:colcon.colcon_core.shell:Creating package script '/SLAM/ros_ws/install/astra_camera_msgs/share/astra_camera_msgs/package.sh'
[2.783s] INFO:colcon.colcon_core.shell:Creating package script '/SLAM/ros_ws/install/astra_camera_msgs/share/astra_camera_msgs/package.bash'
[2.783s] INFO:colcon.colcon_core.shell:Creating package script '/SLAM/ros_ws/install/astra_camera_msgs/share/astra_camera_msgs/package.zsh'
[2.784s] Level 1:colcon.colcon_core.environment:create_file_with_runtime_dependencies(/SLAM/ros_ws/install/astra_camera_msgs/share/colcon-core/packages/astra_camera_msgs)
[2.785s] INFO:colcon.colcon_ros.task.ament_cmake.build:Building ROS package in '/SLAM/ros_ws/src/ros2_astra_camera/astra_camera' with build type 'ament_cmake'
[2.785s] INFO:colcon.colcon_cmake.task.cmake.build:Building CMake package in '/SLAM/ros_ws/src/ros2_astra_camera/astra_camera'
[2.798s] INFO:colcon.colcon_core.shell:Skip shell extension 'powershell' for command environment: Not usable outside of PowerShell
[2.798s] DEBUG:colcon.colcon_core.shell:Skip shell extension 'dsv' for command environment
[2.851s] DEBUG:colcon.colcon_core.event_handler.log_command:Invoking command in '/SLAM/ros_ws/build/orbbec_camera': CMAKE_PREFIX_PATH=/SLAM/ros_ws/install/orbbec_camera_msgs:/SLAM/ros_ws/install/sllidar_ros2:/SLAM/ros_ws/install/orbbec_description:/SLAM/ros_ws/install/orbbec_camera:/SLAM/ros_ws/install/magic_enum:/SLAM/ros_ws/install/libuvc:/SLAM/ros_ws/install/glog:/SLAM/ros_ws/install/astra_camera:/SLAM/ros_ws/install/astra_camera_msgs:/opt/ros/humble LD_LIBRARY_PATH=/SLAM/ros_ws/install/orbbec_camera_msgs/lib:/SLAM/ros_ws/install/orbbec_camera/lib:/SLAM/ros_ws/install/libuvc/lib:/SLAM/ros_ws/install/glog/lib:/SLAM/ros_ws/install/astra_camera/lib:/SLAM/ros_ws/install/astra_camera_msgs/lib:/opt/ros/humble/opt/rviz_ogre_vendor/lib:/opt/ros/humble/lib/x86_64-linux-gnu:/opt/ros/humble/lib /usr/bin/cmake --build /SLAM/ros_ws/build/orbbec_camera -- -j16 -l16
[2.858s] DEBUG:colcon.colcon_core.event_handler.log_command:Invoking command in '/SLAM/ros_ws/build/astra_camera': CMAKE_PREFIX_PATH=/SLAM/ros_ws/install/astra_camera_msgs:/SLAM/ros_ws/install/sllidar_ros2:/SLAM/ros_ws/install/orbbec_description:/SLAM/ros_ws/install/orbbec_camera:/SLAM/ros_ws/install/orbbec_camera_msgs:/SLAM/ros_ws/install/magic_enum:/SLAM/ros_ws/install/libuvc:/SLAM/ros_ws/install/glog:/SLAM/ros_ws/install/astra_camera:/opt/ros/humble LD_LIBRARY_PATH=/SLAM/ros_ws/install/astra_camera_msgs/lib:/SLAM/ros_ws/install/orbbec_camera/lib:/SLAM/ros_ws/install/orbbec_camera_msgs/lib:/SLAM/ros_ws/install/libuvc/lib:/SLAM/ros_ws/install/glog/lib:/SLAM/ros_ws/install/astra_camera/lib:/opt/ros/humble/opt/rviz_ogre_vendor/lib:/opt/ros/humble/lib/x86_64-linux-gnu:/opt/ros/humble/lib /usr/bin/cmake --build /SLAM/ros_ws/build/astra_camera -- -j16 -l16
[3.001s] DEBUG:colcon.colcon_core.event_handler.log_command:Invoked command in '/SLAM/ros_ws/build/orbbec_camera' returned '0': CMAKE_PREFIX_PATH=/SLAM/ros_ws/install/orbbec_camera_msgs:/SLAM/ros_ws/install/sllidar_ros2:/SLAM/ros_ws/install/orbbec_description:/SLAM/ros_ws/install/orbbec_camera:/SLAM/ros_ws/install/magic_enum:/SLAM/ros_ws/install/libuvc:/SLAM/ros_ws/install/glog:/SLAM/ros_ws/install/astra_camera:/SLAM/ros_ws/install/astra_camera_msgs:/opt/ros/humble LD_LIBRARY_PATH=/SLAM/ros_ws/install/orbbec_camera_msgs/lib:/SLAM/ros_ws/install/orbbec_camera/lib:/SLAM/ros_ws/install/libuvc/lib:/SLAM/ros_ws/install/glog/lib:/SLAM/ros_ws/install/astra_camera/lib:/SLAM/ros_ws/install/astra_camera_msgs/lib:/opt/ros/humble/opt/rviz_ogre_vendor/lib:/opt/ros/humble/lib/x86_64-linux-gnu:/opt/ros/humble/lib /usr/bin/cmake --build /SLAM/ros_ws/build/orbbec_camera -- -j16 -l16
[3.013s] DEBUG:colcon.colcon_core.event_handler.log_command:Invoked command in '/SLAM/ros_ws/build/astra_camera' returned '0': CMAKE_PREFIX_PATH=/SLAM/ros_ws/install/astra_camera_msgs:/SLAM/ros_ws/install/sllidar_ros2:/SLAM/ros_ws/install/orbbec_description:/SLAM/ros_ws/install/orbbec_camera:/SLAM/ros_ws/install/orbbec_camera_msgs:/SLAM/ros_ws/install/magic_enum:/SLAM/ros_ws/install/libuvc:/SLAM/ros_ws/install/glog:/SLAM/ros_ws/install/astra_camera:/opt/ros/humble LD_LIBRARY_PATH=/SLAM/ros_ws/install/astra_camera_msgs/lib:/SLAM/ros_ws/install/orbbec_camera/lib:/SLAM/ros_ws/install/orbbec_camera_msgs/lib:/SLAM/ros_ws/install/libuvc/lib:/SLAM/ros_ws/install/glog/lib:/SLAM/ros_ws/install/astra_camera/lib:/opt/ros/humble/opt/rviz_ogre_vendor/lib:/opt/ros/humble/lib/x86_64-linux-gnu:/opt/ros/humble/lib /usr/bin/cmake --build /SLAM/ros_ws/build/astra_camera -- -j16 -l16
[3.084s] DEBUG:colcon.colcon_core.event_handler.log_command:Invoking command in '/SLAM/ros_ws/build/orbbec_camera': CMAKE_PREFIX_PATH=/SLAM/ros_ws/install/orbbec_camera_msgs:/SLAM/ros_ws/install/sllidar_ros2:/SLAM/ros_ws/install/orbbec_description:/SLAM/ros_ws/install/orbbec_camera:/SLAM/ros_ws/install/magic_enum:/SLAM/ros_ws/install/libuvc:/SLAM/ros_ws/install/glog:/SLAM/ros_ws/install/astra_camera:/SLAM/ros_ws/install/astra_camera_msgs:/opt/ros/humble LD_LIBRARY_PATH=/SLAM/ros_ws/install/orbbec_camera_msgs/lib:/SLAM/ros_ws/install/orbbec_camera/lib:/SLAM/ros_ws/install/libuvc/lib:/SLAM/ros_ws/install/glog/lib:/SLAM/ros_ws/install/astra_camera/lib:/SLAM/ros_ws/install/astra_camera_msgs/lib:/opt/ros/humble/opt/rviz_ogre_vendor/lib:/opt/ros/humble/lib/x86_64-linux-gnu:/opt/ros/humble/lib /usr/bin/cmake --install /SLAM/ros_ws/build/orbbec_camera
[3.093s] DEBUG:colcon.colcon_core.event_handler.log_command:Invoking command in '/SLAM/ros_ws/build/astra_camera': CMAKE_PREFIX_PATH=/SLAM/ros_ws/install/astra_camera_msgs:/SLAM/ros_ws/install/sllidar_ros2:/SLAM/ros_ws/install/orbbec_description:/SLAM/ros_ws/install/orbbec_camera:/SLAM/ros_ws/install/orbbec_camera_msgs:/SLAM/ros_ws/install/magic_enum:/SLAM/ros_ws/install/libuvc:/SLAM/ros_ws/install/glog:/SLAM/ros_ws/install/astra_camera:/opt/ros/humble LD_LIBRARY_PATH=/SLAM/ros_ws/install/astra_camera_msgs/lib:/SLAM/ros_ws/install/orbbec_camera/lib:/SLAM/ros_ws/install/orbbec_camera_msgs/lib:/SLAM/ros_ws/install/libuvc/lib:/SLAM/ros_ws/install/glog/lib:/SLAM/ros_ws/install/astra_camera/lib:/opt/ros/humble/opt/rviz_ogre_vendor/lib:/opt/ros/humble/lib/x86_64-linux-gnu:/opt/ros/humble/lib /usr/bin/cmake --install /SLAM/ros_ws/build/astra_camera
[3.105s] Level 1:colcon.colcon_core.environment:create_environment_scripts_only(orbbec_camera)
[3.112s] DEBUG:colcon.colcon_core.event_handler.log_command:Invoked command in '/SLAM/ros_ws/build/orbbec_camera' returned '0': CMAKE_PREFIX_PATH=/SLAM/ros_ws/install/orbbec_camera_msgs:/SLAM/ros_ws/install/sllidar_ros2:/SLAM/ros_ws/install/orbbec_description:/SLAM/ros_ws/install/orbbec_camera:/SLAM/ros_ws/install/magic_enum:/SLAM/ros_ws/install/libuvc:/SLAM/ros_ws/install/glog:/SLAM/ros_ws/install/astra_camera:/SLAM/ros_ws/install/astra_camera_msgs:/opt/ros/humble LD_LIBRARY_PATH=/SLAM/ros_ws/install/orbbec_camera_msgs/lib:/SLAM/ros_ws/install/orbbec_camera/lib:/SLAM/ros_ws/install/libuvc/lib:/SLAM/ros_ws/install/glog/lib:/SLAM/ros_ws/install/astra_camera/lib:/SLAM/ros_ws/install/astra_camera_msgs/lib:/opt/ros/humble/opt/rviz_ogre_vendor/lib:/opt/ros/humble/lib/x86_64-linux-gnu:/opt/ros/humble/lib /usr/bin/cmake --install /SLAM/ros_ws/build/orbbec_camera
[3.126s] Level 1:colcon.colcon_core.environment:checking '/SLAM/ros_ws/install/orbbec_camera' for CMake module files
[3.126s] Level 1:colcon.colcon_core.environment:checking '/SLAM/ros_ws/install/orbbec_camera' for CMake config files
[3.127s] Level 1:colcon.colcon_core.shell:create_environment_hook('orbbec_camera', 'cmake_prefix_path')
[3.141s] INFO:colcon.colcon_core.shell:Creating environment hook '/SLAM/ros_ws/install/orbbec_camera/share/orbbec_camera/hook/cmake_prefix_path.ps1'
[3.141s] INFO:colcon.colcon_core.shell:Creating environment descriptor '/SLAM/ros_ws/install/orbbec_camera/share/orbbec_camera/hook/cmake_prefix_path.dsv'
[3.141s] INFO:colcon.colcon_core.shell:Creating environment hook '/SLAM/ros_ws/install/orbbec_camera/share/orbbec_camera/hook/cmake_prefix_path.sh'
[3.142s] Level 1:colcon.colcon_core.environment:checking '/SLAM/ros_ws/install/orbbec_camera/lib'
[3.142s] Level 1:colcon.colcon_core.shell:create_environment_hook('orbbec_camera', 'ld_library_path_lib')
[3.155s] INFO:colcon.colcon_core.shell:Creating environment hook '/SLAM/ros_ws/install/orbbec_camera/share/orbbec_camera/hook/ld_library_path_lib.ps1'
[3.155s] INFO:colcon.colcon_core.shell:Creating environment descriptor '/SLAM/ros_ws/install/orbbec_camera/share/orbbec_camera/hook/ld_library_path_lib.dsv'
[3.156s] INFO:colcon.colcon_core.shell:Creating environment hook '/SLAM/ros_ws/install/orbbec_camera/share/orbbec_camera/hook/ld_library_path_lib.sh'
[3.156s] Level 1:colcon.colcon_core.environment:checking '/SLAM/ros_ws/install/orbbec_camera/bin'
[3.156s] Level 1:colcon.colcon_core.environment:checking '/SLAM/ros_ws/install/orbbec_camera/lib/pkgconfig/orbbec_camera.pc'
[3.156s] Level 1:colcon.colcon_core.environment:checking '/SLAM/ros_ws/install/orbbec_camera/lib/python3.10/site-packages'
[3.157s] Level 1:colcon.colcon_core.environment:checking '/SLAM/ros_ws/install/orbbec_camera/bin'
[3.170s] INFO:colcon.colcon_core.shell:Creating package script '/SLAM/ros_ws/install/orbbec_camera/share/orbbec_camera/package.ps1'
[3.170s] INFO:colcon.colcon_core.shell:Creating package descriptor '/SLAM/ros_ws/install/orbbec_camera/share/orbbec_camera/package.dsv'
[3.171s] INFO:colcon.colcon_core.shell:Creating package script '/SLAM/ros_ws/install/orbbec_camera/share/orbbec_camera/package.sh'
[3.171s] INFO:colcon.colcon_core.shell:Creating package script '/SLAM/ros_ws/install/orbbec_camera/share/orbbec_camera/package.bash'
[3.172s] INFO:colcon.colcon_core.shell:Creating package script '/SLAM/ros_ws/install/orbbec_camera/share/orbbec_camera/package.zsh'
[3.172s] Level 1:colcon.colcon_core.environment:create_file_with_runtime_dependencies(/SLAM/ros_ws/install/orbbec_camera/share/colcon-core/packages/orbbec_camera)
[3.175s] Level 1:colcon.colcon_core.environment:create_environment_scripts_only(astra_camera)
[3.175s] DEBUG:colcon.colcon_core.event_handler.log_command:Invoked command in '/SLAM/ros_ws/build/astra_camera' returned '0': CMAKE_PREFIX_PATH=/SLAM/ros_ws/install/astra_camera_msgs:/SLAM/ros_ws/install/sllidar_ros2:/SLAM/ros_ws/install/orbbec_description:/SLAM/ros_ws/install/orbbec_camera:/SLAM/ros_ws/install/orbbec_camera_msgs:/SLAM/ros_ws/install/magic_enum:/SLAM/ros_ws/install/libuvc:/SLAM/ros_ws/install/glog:/SLAM/ros_ws/install/astra_camera:/opt/ros/humble LD_LIBRARY_PATH=/SLAM/ros_ws/install/astra_camera_msgs/lib:/SLAM/ros_ws/install/orbbec_camera/lib:/SLAM/ros_ws/install/orbbec_camera_msgs/lib:/SLAM/ros_ws/install/libuvc/lib:/SLAM/ros_ws/install/glog/lib:/SLAM/ros_ws/install/astra_camera/lib:/opt/ros/humble/opt/rviz_ogre_vendor/lib:/opt/ros/humble/lib/x86_64-linux-gnu:/opt/ros/humble/lib /usr/bin/cmake --install /SLAM/ros_ws/build/astra_camera
[3.188s] Level 1:colcon.colcon_core.environment:checking '/SLAM/ros_ws/install/astra_camera' for CMake module files
[3.189s] Level 1:colcon.colcon_core.environment:checking '/SLAM/ros_ws/install/astra_camera' for CMake config files
[3.190s] Level 1:colcon.colcon_core.shell:create_environment_hook('astra_camera', 'cmake_prefix_path')
[3.203s] INFO:colcon.colcon_core.shell:Creating environment hook '/SLAM/ros_ws/install/astra_camera/share/astra_camera/hook/cmake_prefix_path.ps1'
[3.204s] INFO:colcon.colcon_core.shell:Creating environment descriptor '/SLAM/ros_ws/install/astra_camera/share/astra_camera/hook/cmake_prefix_path.dsv'
[3.205s] INFO:colcon.colcon_core.shell:Creating environment hook '/SLAM/ros_ws/install/astra_camera/share/astra_camera/hook/cmake_prefix_path.sh'
[3.205s] Level 1:colcon.colcon_core.environment:checking '/SLAM/ros_ws/install/astra_camera/lib'
[3.205s] Level 1:colcon.colcon_core.shell:create_environment_hook('astra_camera', 'ld_library_path_lib')
[3.217s] INFO:colcon.colcon_core.shell:Creating environment hook '/SLAM/ros_ws/install/astra_camera/share/astra_camera/hook/ld_library_path_lib.ps1'
[3.218s] INFO:colcon.colcon_core.shell:Creating environment descriptor '/SLAM/ros_ws/install/astra_camera/share/astra_camera/hook/ld_library_path_lib.dsv'
[3.218s] INFO:colcon.colcon_core.shell:Creating environment hook '/SLAM/ros_ws/install/astra_camera/share/astra_camera/hook/ld_library_path_lib.sh'
[3.218s] Level 1:colcon.colcon_core.environment:checking '/SLAM/ros_ws/install/astra_camera/bin'
[3.218s] Level 1:colcon.colcon_core.environment:checking '/SLAM/ros_ws/install/astra_camera/lib/pkgconfig/astra_camera.pc'
[3.219s] Level 1:colcon.colcon_core.environment:checking '/SLAM/ros_ws/install/astra_camera/lib/python3.10/site-packages'
[3.219s] Level 1:colcon.colcon_core.environment:checking '/SLAM/ros_ws/install/astra_camera/bin'
[3.232s] INFO:colcon.colcon_core.shell:Creating package script '/SLAM/ros_ws/install/astra_camera/share/astra_camera/package.ps1'
[3.233s] INFO:colcon.colcon_core.shell:Creating package descriptor '/SLAM/ros_ws/install/astra_camera/share/astra_camera/package.dsv'
[3.233s] INFO:colcon.colcon_core.shell:Creating package script '/SLAM/ros_ws/install/astra_camera/share/astra_camera/package.sh'
[3.234s] INFO:colcon.colcon_core.shell:Creating package script '/SLAM/ros_ws/install/astra_camera/share/astra_camera/package.bash'
[3.234s] INFO:colcon.colcon_core.shell:Creating package script '/SLAM/ros_ws/install/astra_camera/share/astra_camera/package.zsh'
[3.235s] Level 1:colcon.colcon_core.environment:create_file_with_runtime_dependencies(/SLAM/ros_ws/install/astra_camera/share/colcon-core/packages/astra_camera)
[3.264s] Level 1:colcon.colcon_core.environment:create_environment_scripts_only(orbbec_camera)
[3.274s] Level 1:colcon.colcon_core.environment:checking '/SLAM/ros_ws/install/orbbec_camera' for CMake module files
[3.275s] Level 1:colcon.colcon_core.environment:checking '/SLAM/ros_ws/install/orbbec_camera' for CMake config files
[3.275s] Level 1:colcon.colcon_core.shell:create_environment_hook('orbbec_camera', 'cmake_prefix_path')
[3.288s] INFO:colcon.colcon_core.shell:Creating environment hook '/SLAM/ros_ws/install/orbbec_camera/share/orbbec_camera/hook/cmake_prefix_path.ps1'
[3.288s] INFO:colcon.colcon_core.shell:Creating environment descriptor '/SLAM/ros_ws/install/orbbec_camera/share/orbbec_camera/hook/cmake_prefix_path.dsv'
[3.288s] INFO:colcon.colcon_core.shell:Creating environment hook '/SLAM/ros_ws/install/orbbec_camera/share/orbbec_camera/hook/cmake_prefix_path.sh'
[3.289s] Level 1:colcon.colcon_core.environment:checking '/SLAM/ros_ws/install/orbbec_camera/lib'
[3.289s] Level 1:colcon.colcon_core.shell:create_environment_hook('orbbec_camera', 'ld_library_path_lib')
[3.301s] INFO:colcon.colcon_core.shell:Creating environment hook '/SLAM/ros_ws/install/orbbec_camera/share/orbbec_camera/hook/ld_library_path_lib.ps1'
[3.302s] INFO:colcon.colcon_core.shell:Creating environment descriptor '/SLAM/ros_ws/install/orbbec_camera/share/orbbec_camera/hook/ld_library_path_lib.dsv'
[3.302s] INFO:colcon.colcon_core.shell:Creating environment hook '/SLAM/ros_ws/install/orbbec_camera/share/orbbec_camera/hook/ld_library_path_lib.sh'
[3.302s] Level 1:colcon.colcon_core.environment:checking '/SLAM/ros_ws/install/orbbec_camera/bin'
[3.302s] Level 1:colcon.colcon_core.environment:checking '/SLAM/ros_ws/install/orbbec_camera/lib/pkgconfig/orbbec_camera.pc'
[3.302s] Level 1:colcon.colcon_core.environment:checking '/SLAM/ros_ws/install/orbbec_camera/lib/python3.10/site-packages'
[3.303s] Level 1:colcon.colcon_core.environment:checking '/SLAM/ros_ws/install/orbbec_camera/bin'
[3.314s] INFO:colcon.colcon_core.shell:Creating package script '/SLAM/ros_ws/install/orbbec_camera/share/orbbec_camera/package.ps1'
[3.314s] INFO:colcon.colcon_core.shell:Creating package descriptor '/SLAM/ros_ws/install/orbbec_camera/share/orbbec_camera/package.dsv'
[3.314s] INFO:colcon.colcon_core.shell:Creating package script '/SLAM/ros_ws/install/orbbec_camera/share/orbbec_camera/package.sh'
[3.315s] INFO:colcon.colcon_core.shell:Creating package script '/SLAM/ros_ws/install/orbbec_camera/share/orbbec_camera/package.bash'
[3.315s] INFO:colcon.colcon_core.shell:Creating package script '/SLAM/ros_ws/install/orbbec_camera/share/orbbec_camera/package.zsh'
[3.315s] Level 1:colcon.colcon_core.environment:create_file_with_runtime_dependencies(/SLAM/ros_ws/install/orbbec_camera/share/colcon-core/packages/orbbec_camera)
[3.328s] Level 1:colcon.colcon_core.environment:create_environment_scripts_only(astra_camera)
[3.340s] Level 1:colcon.colcon_core.environment:checking '/SLAM/ros_ws/install/astra_camera' for CMake module files
[3.341s] Level 1:colcon.colcon_core.environment:checking '/SLAM/ros_ws/install/astra_camera' for CMake config files
[3.342s] Level 1:colcon.colcon_core.shell:create_environment_hook('astra_camera', 'cmake_prefix_path')
[3.355s] INFO:colcon.colcon_core.shell:Creating environment hook '/SLAM/ros_ws/install/astra_camera/share/astra_camera/hook/cmake_prefix_path.ps1'
[3.355s] INFO:colcon.colcon_core.shell:Creating environment descriptor '/SLAM/ros_ws/install/astra_camera/share/astra_camera/hook/cmake_prefix_path.dsv'
[3.356s] INFO:colcon.colcon_core.shell:Creating environment hook '/SLAM/ros_ws/install/astra_camera/share/astra_camera/hook/cmake_prefix_path.sh'
[3.356s] Level 1:colcon.colcon_core.environment:checking '/SLAM/ros_ws/install/astra_camera/lib'
[3.356s] Level 1:colcon.colcon_core.shell:create_environment_hook('astra_camera', 'ld_library_path_lib')
[3.368s] INFO:colcon.colcon_core.shell:Creating environment hook '/SLAM/ros_ws/install/astra_camera/share/astra_camera/hook/ld_library_path_lib.ps1'
[3.368s] INFO:colcon.colcon_core.shell:Creating environment descriptor '/SLAM/ros_ws/install/astra_camera/share/astra_camera/hook/ld_library_path_lib.dsv'
[3.369s] INFO:colcon.colcon_core.shell:Creating environment hook '/SLAM/ros_ws/install/astra_camera/share/astra_camera/hook/ld_library_path_lib.sh'
[3.369s] Level 1:colcon.colcon_core.environment:checking '/SLAM/ros_ws/install/astra_camera/bin'
[3.369s] Level 1:colcon.colcon_core.environment:checking '/SLAM/ros_ws/install/astra_camera/lib/pkgconfig/astra_camera.pc'
[3.369s] Level 1:colcon.colcon_core.environment:checking '/SLAM/ros_ws/install/astra_camera/lib/python3.10/site-packages'
[3.369s] Level 1:colcon.colcon_core.environment:checking '/SLAM/ros_ws/install/astra_camera/bin'
[3.380s] INFO:colcon.colcon_core.shell:Creating package script '/SLAM/ros_ws/install/astra_camera/share/astra_camera/package.ps1'
[3.381s] INFO:colcon.colcon_core.shell:Creating package descriptor '/SLAM/ros_ws/install/astra_camera/share/astra_camera/package.dsv'
[3.381s] INFO:colcon.colcon_core.shell:Creating package script '/SLAM/ros_ws/install/astra_camera/share/astra_camera/package.sh'
[3.381s] INFO:colcon.colcon_core.shell:Creating package script '/SLAM/ros_ws/install/astra_camera/share/astra_camera/package.bash'
[3.382s] INFO:colcon.colcon_core.shell:Creating package script '/SLAM/ros_ws/install/astra_camera/share/astra_camera/package.zsh'
[3.382s] Level 1:colcon.colcon_core.environment:create_file_with_runtime_dependencies(/SLAM/ros_ws/install/astra_camera/share/colcon-core/packages/astra_camera)
[3.382s] DEBUG:colcon.colcon_parallel_executor.executor.parallel:closing loop
[3.383s] DEBUG:colcon.colcon_parallel_executor.executor.parallel:loop closed
[3.383s] DEBUG:colcon.colcon_parallel_executor.executor.parallel:run_until_complete finished with '0'
[3.383s] DEBUG:colcon.colcon_core.event_reactor:joining thread
[3.400s] INFO:colcon.colcon_core.plugin_system:Skipping extension 'colcon_notification.desktop_notification.notify_send': Could not find 'notify-send'
[3.400s] INFO:colcon.colcon_core.plugin_system:Skipping extension 'colcon_notification.desktop_notification.terminal_notifier': Not used on non-Darwin systems
[3.400s] INFO:colcon.colcon_core.plugin_system:Skipping extension 'colcon_notification.desktop_notification.win32': Not used on non-Windows systems
[3.400s] INFO:colcon.colcon_notification.desktop_notification:Sending desktop notification using 'notify2'
[3.404s] DEBUG:colcon.colcon_notification.desktop_notification.notify2:Failed to initialize notify2: org.freedesktop.DBus.Error.Spawn.ExecFailed: /usr/bin/dbus-launch terminated abnormally without any error message
[3.405s] DEBUG:colcon.colcon_core.event_reactor:joined thread
[3.418s] INFO:colcon.colcon_core.shell:Creating prefix script '/SLAM/ros_ws/install/local_setup.ps1'
[3.419s] INFO:colcon.colcon_core.shell:Creating prefix util module '/SLAM/ros_ws/install/_local_setup_util_ps1.py'
[3.420s] INFO:colcon.colcon_core.shell:Creating prefix chain script '/SLAM/ros_ws/install/setup.ps1'
[3.432s] INFO:colcon.colcon_core.shell:Creating prefix script '/SLAM/ros_ws/install/local_setup.sh'
[3.433s] INFO:colcon.colcon_core.shell:Creating prefix util module '/SLAM/ros_ws/install/_local_setup_util_sh.py'
[3.433s] INFO:colcon.colcon_core.shell:Creating prefix chain script '/SLAM/ros_ws/install/setup.sh'
[3.447s] INFO:colcon.colcon_core.shell:Creating prefix script '/SLAM/ros_ws/install/local_setup.bash'
[3.447s] INFO:colcon.colcon_core.shell:Creating prefix chain script '/SLAM/ros_ws/install/setup.bash'
[3.459s] INFO:colcon.colcon_core.shell:Creating prefix script '/SLAM/ros_ws/install/local_setup.zsh'
[3.460s] INFO:colcon.colcon_core.shell:Creating prefix chain script '/SLAM/ros_ws/install/setup.zsh'
