[0.477s] Invoking command in '/SLAM/ros_ws/build/image_publisher': CMAKE_PREFIX_PATH=${CMAKE_PREFIX_PATH}:/opt/ros/humble /usr/bin/cmake /SLAM/ros_ws/src/image_pipeline/image_publisher -DCMAKE_INSTALL_PREFIX=/SLAM/ros_ws/install/image_publisher
[0.777s] -- Found ament_cmake_auto: 1.3.6 (/opt/ros/humble/share/ament_cmake_auto/cmake)
[0.778s] -- Found Python3: /usr/bin/python3.10 (found version "3.10.12") found components: Interpreter 
[1.060s] -- Found rosidl_generator_c: 3.1.5 (/opt/ros/humble/share/rosidl_generator_c/cmake)
[1.071s] -- Found rosidl_adapter: 3.1.5 (/opt/ros/humble/share/rosidl_adapter/cmake)
[1.093s] -- Found rosidl_generator_cpp: 3.1.5 (/opt/ros/humble/share/rosidl_generator_cpp/cmake)
[1.125s] -- Using all available rosidl_typesupport_c: rosidl_typesupport_fastrtps_c;rosidl_typesupport_introspection_c
[1.172s] -- Using all available rosidl_typesupport_cpp: rosidl_typesupport_fastrtps_cpp;rosidl_typesupport_introspection_cpp
[1.286s] -- Found rmw_implementation_cmake: 6.1.1 (/opt/ros/humble/share/rmw_implementation_cmake/cmake)
[1.291s] -- Found rmw_fastrtps_cpp: 6.2.5 (/opt/ros/humble/share/rmw_fastrtps_cpp/cmake)
[1.462s] -- Found OpenSSL: /usr/lib/x86_64-linux-gnu/libcrypto.so (found version "3.0.2")  
[1.518s] -- Found FastRTPS: /opt/ros/humble/include  
[1.621s] -- Using RMW implementation 'rmw_fastrtps_cpp' as default
[1.646s] -- Looking for pthread.h
[1.748s] -- Looking for pthread.h - found
[1.749s] -- Performing Test CMAKE_HAVE_LIBC_PTHREAD
[1.845s] -- Performing Test CMAKE_HAVE_LIBC_PTHREAD - Success
[1.846s] -- Found Threads: TRUE  
[2.454s] -- Found OpenCV: /usr (found version "4.5.4") found components: core imgcodecs videoio 
[2.454s] -- opencv version 4.5.4
[2.464s] -- Found ament_lint_auto: 0.12.9 (/opt/ros/humble/share/ament_lint_auto/cmake)
[2.512s] -- Added test 'copyright' to check source files copyright and LICENSE
[2.514s] -- Added test 'cppcheck' to perform static code analysis on C / C++ code
[2.514s] -- Configured cppcheck include dirs: /SLAM/ros_ws/src/image_pipeline/image_publisher/include
[2.515s] -- Configured cppcheck exclude dirs and/or files: 
[2.517s] -- Added test 'cpplint' to check C / C++ code against the Google style
[2.517s] -- Configured cpplint exclude dirs and/or files: 
[2.518s] -- Added test 'flake8' to check Python code syntax and style conventions
[2.519s] -- Added test 'lint_cmake' to check CMake code style
[2.520s] -- Added test 'pep257' to check Python code against some of the docstring style conventions in PEP 257
[2.522s] -- Added test 'uncrustify' to check C / C++ code style
[2.522s] -- Configured uncrustify additional arguments: 
[2.523s] -- Added test 'xmllint' to check XML markup files
[2.527s] -- Configuring done
[2.563s] -- Generating done
[2.564s] -- Build files have been written to: /SLAM/ros_ws/build/image_publisher
[2.572s] Invoked command in '/SLAM/ros_ws/build/image_publisher' returned '0': CMAKE_PREFIX_PATH=${CMAKE_PREFIX_PATH}:/opt/ros/humble /usr/bin/cmake /SLAM/ros_ws/src/image_pipeline/image_publisher -DCMAKE_INSTALL_PREFIX=/SLAM/ros_ws/install/image_publisher
[2.573s] Invoking command in '/SLAM/ros_ws/build/image_publisher': CMAKE_PREFIX_PATH=${CMAKE_PREFIX_PATH}:/opt/ros/humble /usr/bin/cmake --build /SLAM/ros_ws/build/image_publisher -- -j16 -l16
[2.641s] [ 25%] [32mBuilding CXX object CMakeFiles/image_publisher.dir/src/image_publisher.cpp.o[0m
[13.341s] [ 50%] [32m[1mLinking CXX shared library libimage_publisher.so[0m
[14.182s] [ 50%] Built target image_publisher
[14.383s] [ 75%] [32mBuilding CXX object CMakeFiles/image_publisher_node.dir/src/image_publisher_node.cpp.o[0m
[20.144s] [100%] [32m[1mLinking CXX executable image_publisher_node[0m
[21.231s] [100%] Built target image_publisher_node
[21.260s] Invoked command in '/SLAM/ros_ws/build/image_publisher' returned '0': CMAKE_PREFIX_PATH=${CMAKE_PREFIX_PATH}:/opt/ros/humble /usr/bin/cmake --build /SLAM/ros_ws/build/image_publisher -- -j16 -l16
[21.328s] Invoking command in '/SLAM/ros_ws/build/image_publisher': CMAKE_PREFIX_PATH=${CMAKE_PREFIX_PATH}:/opt/ros/humble /usr/bin/cmake --install /SLAM/ros_ws/build/image_publisher
[21.341s] -- Install configuration: ""
[21.343s] -- Installing: /SLAM/ros_ws/install/image_publisher/include
[21.343s] -- Installing: /SLAM/ros_ws/install/image_publisher/include/image_publisher
[21.343s] -- Installing: /SLAM/ros_ws/install/image_publisher/include/image_publisher/image_publisher.hpp
[21.345s] -- Installing: /SLAM/ros_ws/install/image_publisher/include/image_publisher/visibility.h
[21.345s] -- Installing: /SLAM/ros_ws/install/image_publisher/share/image_publisher/environment/library_path.sh
[21.345s] -- Installing: /SLAM/ros_ws/install/image_publisher/share/image_publisher/environment/library_path.dsv
[21.345s] -- Installing: /SLAM/ros_ws/install/image_publisher/lib/libimage_publisher.so
[21.347s] -- Set runtime path of "/SLAM/ros_ws/install/image_publisher/lib/libimage_publisher.so" to ""
[21.347s] -- Installing: /SLAM/ros_ws/install/image_publisher/lib/image_publisher/image_publisher_node
[21.348s] -- Set runtime path of "/SLAM/ros_ws/install/image_publisher/lib/image_publisher/image_publisher_node" to ""
[21.348s] -- Installing: /SLAM/ros_ws/install/image_publisher/share/image_publisher/launch
[21.349s] -- Installing: /SLAM/ros_ws/install/image_publisher/share/image_publisher/launch/splash.png
[21.349s] -- Installing: /SLAM/ros_ws/install/image_publisher/share/image_publisher/launch/image_publisher_file.launch.py
[21.350s] -- Installing: /SLAM/ros_ws/install/image_publisher/share/image_publisher/launch/image_publisher_mono.launch.py
[21.350s] -- Installing: /SLAM/ros_ws/install/image_publisher/share/image_publisher/launch/image_publisher_stereo.launch.py
[21.351s] -- Installing: /SLAM/ros_ws/install/image_publisher/share/ament_index/resource_index/package_run_dependencies/image_publisher
[21.352s] -- Installing: /SLAM/ros_ws/install/image_publisher/share/ament_index/resource_index/parent_prefix_path/image_publisher
[21.358s] -- Installing: /SLAM/ros_ws/install/image_publisher/share/image_publisher/environment/ament_prefix_path.sh
[21.359s] -- Installing: /SLAM/ros_ws/install/image_publisher/share/image_publisher/environment/ament_prefix_path.dsv
[21.359s] -- Installing: /SLAM/ros_ws/install/image_publisher/share/image_publisher/environment/path.sh
[21.360s] -- Installing: /SLAM/ros_ws/install/image_publisher/share/image_publisher/environment/path.dsv
[21.360s] -- Installing: /SLAM/ros_ws/install/image_publisher/share/image_publisher/local_setup.bash
[21.360s] -- Installing: /SLAM/ros_ws/install/image_publisher/share/image_publisher/local_setup.sh
[21.361s] -- Installing: /SLAM/ros_ws/install/image_publisher/share/image_publisher/local_setup.zsh
[21.361s] -- Installing: /SLAM/ros_ws/install/image_publisher/share/image_publisher/local_setup.dsv
[21.366s] -- Installing: /SLAM/ros_ws/install/image_publisher/share/image_publisher/package.dsv
[21.366s] -- Installing: /SLAM/ros_ws/install/image_publisher/share/ament_index/resource_index/packages/image_publisher
[21.367s] -- Installing: /SLAM/ros_ws/install/image_publisher/share/ament_index/resource_index/rclcpp_components/image_publisher
[21.369s] -- Installing: /SLAM/ros_ws/install/image_publisher/share/image_publisher/cmake/ament_cmake_export_dependencies-extras.cmake
[21.369s] -- Installing: /SLAM/ros_ws/install/image_publisher/share/image_publisher/cmake/ament_cmake_export_include_directories-extras.cmake
[21.372s] -- Installing: /SLAM/ros_ws/install/image_publisher/share/image_publisher/cmake/ament_cmake_export_libraries-extras.cmake
[21.373s] -- Installing: /SLAM/ros_ws/install/image_publisher/share/image_publisher/cmake/image_publisherConfig.cmake
[21.374s] -- Installing: /SLAM/ros_ws/install/image_publisher/share/image_publisher/cmake/image_publisherConfig-version.cmake
[21.375s] -- Installing: /SLAM/ros_ws/install/image_publisher/share/image_publisher/package.xml
[21.381s] Invoked command in '/SLAM/ros_ws/build/image_publisher' returned '0': CMAKE_PREFIX_PATH=${CMAKE_PREFIX_PATH}:/opt/ros/humble /usr/bin/cmake --install /SLAM/ros_ws/build/image_publisher
