[0.149s] Invoking command in '/SLAM/ros_ws/build/image_proc': CMAKE_PREFIX_PATH=/SLAM/ros_ws/install/tracetools_image_pipeline:/SLAM/ros_ws/install/image_pipeline:/SLAM/ros_ws/install/stereo_image_proc:/SLAM/ros_ws/install/image_proc:/SLAM/ros_ws/install/sllidar_ros2:/SLAM/ros_ws/install/image_view:/SLAM/ros_ws/install/image_rotate:/SLAM/ros_ws/install/astra_camera:/SLAM/ros_ws/install/image_publisher:/SLAM/ros_ws/install/depth_image_proc:/SLAM/ros_ws/install/astra_camera_msgs:/SLAM/ros_ws/install/camera_calibration:/opt/ros/humble LD_LIBRARY_PATH=/SLAM/ros_ws/install/tracetools_image_pipeline/lib:/SLAM/ros_ws/install/stereo_image_proc/lib:/SLAM/ros_ws/install/image_proc/lib:/SLAM/ros_ws/install/image_view/lib:/SLAM/ros_ws/install/image_rotate/lib:/SLAM/ros_ws/install/astra_camera/lib:/SLAM/ros_ws/install/image_publisher/lib:/SLAM/ros_ws/install/depth_image_proc/lib:/SLAM/ros_ws/install/astra_camera_msgs/lib:/opt/ros/humble/opt/rviz_ogre_vendor/lib:/opt/ros/humble/lib/x86_64-linux-gnu:/opt/ros/humble/lib /usr/bin/cmake /SLAM/ros_ws/src/image_pipeline/image_proc -DCMAKE_BUILD_TYPE=Release -DAMENT_CMAKE_SYMLINK_INSTALL=1 -DCMAKE_INSTALL_PREFIX=/SLAM/ros_ws/install/image_proc
[0.178s] -- Found ament_cmake_auto: 1.3.6 (/opt/ros/humble/share/ament_cmake_auto/cmake)
[0.424s] -- Override CMake install command with custom implementation using symlinks instead of copying resources
[0.781s] -- Found rosidl_generator_c: 3.1.5 (/opt/ros/humble/share/rosidl_generator_c/cmake)
[0.788s] -- Found rosidl_adapter: 3.1.5 (/opt/ros/humble/share/rosidl_adapter/cmake)
[0.801s] -- Found rosidl_generator_cpp: 3.1.5 (/opt/ros/humble/share/rosidl_generator_cpp/cmake)
[0.835s] -- Using all available rosidl_typesupport_c: rosidl_typesupport_fastrtps_c;rosidl_typesupport_introspection_c
[0.936s] -- Using all available rosidl_typesupport_cpp: rosidl_typesupport_fastrtps_cpp;rosidl_typesupport_introspection_cpp
[2.726s] -- Found rmw_implementation_cmake: 6.1.1 (/opt/ros/humble/share/rmw_implementation_cmake/cmake)
[2.733s] -- Found rmw_fastrtps_cpp: 6.2.5 (/opt/ros/humble/share/rmw_fastrtps_cpp/cmake)
[3.406s] -- Using RMW implementation 'rmw_fastrtps_cpp' as default
[4.922s] -- Found ament_lint_auto: 0.12.9 (/opt/ros/humble/share/ament_lint_auto/cmake)
[5.049s] -- Added test 'copyright' to check source files copyright and LICENSE
[5.067s] -- Added test 'cppcheck' to perform static code analysis on C / C++ code
[5.068s] -- Configured cppcheck include dirs: /SLAM/ros_ws/src/image_pipeline/image_proc/include
[5.068s] -- Configured cppcheck exclude dirs and/or files: 
[5.078s] -- Added test 'cpplint' to check C / C++ code against the Google style
[5.078s] -- Configured cpplint exclude dirs and/or files: 
[5.079s] -- Added test 'flake8' to check Python code syntax and style conventions
[5.094s] -- Added test 'lint_cmake' to check CMake code style
[5.094s] -- Added test 'pep257' to check Python code against some of the docstring style conventions in PEP 257
[5.105s] -- Added test 'uncrustify' to check C / C++ code style
[5.105s] -- Configured uncrustify additional arguments: 
[5.106s] -- Added test 'xmllint' to check XML markup files
[5.138s] -- Configuring done
[5.499s] -- Generating done
[5.510s] -- Build files have been written to: /SLAM/ros_ws/build/image_proc
[5.578s] Invoked command in '/SLAM/ros_ws/build/image_proc' returned '0': CMAKE_PREFIX_PATH=/SLAM/ros_ws/install/tracetools_image_pipeline:/SLAM/ros_ws/install/image_pipeline:/SLAM/ros_ws/install/stereo_image_proc:/SLAM/ros_ws/install/image_proc:/SLAM/ros_ws/install/sllidar_ros2:/SLAM/ros_ws/install/image_view:/SLAM/ros_ws/install/image_rotate:/SLAM/ros_ws/install/astra_camera:/SLAM/ros_ws/install/image_publisher:/SLAM/ros_ws/install/depth_image_proc:/SLAM/ros_ws/install/astra_camera_msgs:/SLAM/ros_ws/install/camera_calibration:/opt/ros/humble LD_LIBRARY_PATH=/SLAM/ros_ws/install/tracetools_image_pipeline/lib:/SLAM/ros_ws/install/stereo_image_proc/lib:/SLAM/ros_ws/install/image_proc/lib:/SLAM/ros_ws/install/image_view/lib:/SLAM/ros_ws/install/image_rotate/lib:/SLAM/ros_ws/install/astra_camera/lib:/SLAM/ros_ws/install/image_publisher/lib:/SLAM/ros_ws/install/depth_image_proc/lib:/SLAM/ros_ws/install/astra_camera_msgs/lib:/opt/ros/humble/opt/rviz_ogre_vendor/lib:/opt/ros/humble/lib/x86_64-linux-gnu:/opt/ros/humble/lib /usr/bin/cmake /SLAM/ros_ws/src/image_pipeline/image_proc -DCMAKE_BUILD_TYPE=Release -DAMENT_CMAKE_SYMLINK_INSTALL=1 -DCMAKE_INSTALL_PREFIX=/SLAM/ros_ws/install/image_proc
[5.602s] Invoking command in '/SLAM/ros_ws/build/image_proc': CMAKE_PREFIX_PATH=/SLAM/ros_ws/install/tracetools_image_pipeline:/SLAM/ros_ws/install/image_pipeline:/SLAM/ros_ws/install/stereo_image_proc:/SLAM/ros_ws/install/image_proc:/SLAM/ros_ws/install/sllidar_ros2:/SLAM/ros_ws/install/image_view:/SLAM/ros_ws/install/image_rotate:/SLAM/ros_ws/install/astra_camera:/SLAM/ros_ws/install/image_publisher:/SLAM/ros_ws/install/depth_image_proc:/SLAM/ros_ws/install/astra_camera_msgs:/SLAM/ros_ws/install/camera_calibration:/opt/ros/humble LD_LIBRARY_PATH=/SLAM/ros_ws/install/tracetools_image_pipeline/lib:/SLAM/ros_ws/install/stereo_image_proc/lib:/SLAM/ros_ws/install/image_proc/lib:/SLAM/ros_ws/install/image_view/lib:/SLAM/ros_ws/install/image_rotate/lib:/SLAM/ros_ws/install/astra_camera/lib:/SLAM/ros_ws/install/image_publisher/lib:/SLAM/ros_ws/install/depth_image_proc/lib:/SLAM/ros_ws/install/astra_camera_msgs/lib:/opt/ros/humble/opt/rviz_ogre_vendor/lib:/opt/ros/humble/lib/x86_64-linux-gnu:/opt/ros/humble/lib /usr/bin/cmake --build /SLAM/ros_ws/build/image_proc
[5.938s] [35m[1mConsolidate compiler generated dependencies of target image_proc[0m
[6.117s] [  6%] [32mBuilding CXX object CMakeFiles/image_proc.dir/src/image_proc/processor.cpp.o[0m
[10.378s] [ 13%] [32m[1mLinking CXX shared library libimage_proc.so[0m
[10.820s] [ 13%] Built target image_proc
[10.907s] [35m[1mConsolidate compiler generated dependencies of target rectify[0m
[11.062s] [ 20%] [32mBuilding CXX object CMakeFiles/rectify.dir/src/rectify.cpp.o[0m
[22.986s] [ 26%] [32m[1mLinking CXX shared library librectify.so[0m
[23.645s] [ 26%] Built target rectify
[23.748s] [35m[1mConsolidate compiler generated dependencies of target debayer[0m
[23.881s] [ 33%] [32mBuilding CXX object CMakeFiles/debayer.dir/src/edge_aware.cpp.o[0m
[23.895s] [ 40%] [32mBuilding CXX object CMakeFiles/debayer.dir/src/debayer.cpp.o[0m
[33.853s] [ 46%] [32m[1mLinking CXX shared library libdebayer.so[0m
[34.240s] [ 46%] Built target debayer
[34.269s] [35m[1mConsolidate compiler generated dependencies of target resize[0m
[34.316s] [ 53%] [32mBuilding CXX object CMakeFiles/resize.dir/src/resize.cpp.o[0m
[42.208s] [ 60%] [32m[1mLinking CXX shared library libresize.so[0m
[42.657s] [ 60%] Built target resize
[42.695s] [35m[1mConsolidate compiler generated dependencies of target crop_decimate[0m
[42.830s] [ 66%] [32mBuilding CXX object CMakeFiles/crop_decimate.dir/src/crop_decimate.cpp.o[0m
[51.364s] [ 73%] [32m[1mLinking CXX shared library libcrop_decimate.so[0m
[51.547s] [ 73%] Built target crop_decimate
[51.564s] [35m[1mConsolidate compiler generated dependencies of target crop_non_zero[0m
[51.591s] [ 80%] [32mBuilding CXX object CMakeFiles/crop_non_zero.dir/src/crop_non_zero.cpp.o[0m
[55.785s] [ 86%] [32m[1mLinking CXX shared library libcrop_non_zero.so[0m
[55.946s] [ 86%] Built target crop_non_zero
[55.961s] [35m[1mConsolidate compiler generated dependencies of target image_proc_exe[0m
[55.989s] [ 93%] [32mBuilding CXX object CMakeFiles/image_proc_exe.dir/src/image_proc.cpp.o[0m
[59.457s] [100%] [32m[1mLinking CXX executable image_proc[0m
[59.819s] [100%] Built target image_proc_exe
