[1.323s] Invoking command in '/SLAM/ros_ws/src/rtabmap_ros/rtabmap_python': PYTHONPATH=/SLAM/ros_ws/build/rtabmap_python/prefix_override:/SLAM/ros_ws/install/rtabmap_python/lib/python3.10/site-packages:${PYTHONPATH} /usr/bin/python3 setup.py egg_info --egg-base ../../../build/rtabmap_python build --build-base /SLAM/ros_ws/build/rtabmap_python/build install --record /SLAM/ros_ws/build/rtabmap_python/install.log --single-version-externally-managed
[1.560s] running egg_info
[1.561s] writing ../../../build/rtabmap_python/rtabmap_python.egg-info/PKG-INFO
[1.562s] writing dependency_links to ../../../build/rtabmap_python/rtabmap_python.egg-info/dependency_links.txt
[1.562s] writing entry points to ../../../build/rtabmap_python/rtabmap_python.egg-info/entry_points.txt
[1.562s] writing requirements to ../../../build/rtabmap_python/rtabmap_python.egg-info/requires.txt
[1.562s] writing top-level names to ../../../build/rtabmap_python/rtabmap_python.egg-info/top_level.txt
[1.564s] reading manifest file '../../../build/rtabmap_python/rtabmap_python.egg-info/SOURCES.txt'
[1.565s] writing manifest file '../../../build/rtabmap_python/rtabmap_python.egg-info/SOURCES.txt'
[1.566s] running build
[1.566s] running build_py
[1.566s] running install
[1.567s] /usr/lib/python3/dist-packages/setuptools/command/install.py:34: SetuptoolsDeprecationWarning: setup.py install is deprecated. Use build and pip and other standards-based tools.
[1.567s]   warnings.warn(
[1.567s] running install_lib
[1.568s] running install_data
[1.569s] running install_egg_info
[1.571s] removing '/SLAM/ros_ws/install/rtabmap_python/lib/python3.10/site-packages/rtabmap_python-0.1.0-py3.10.egg-info' (and everything under it)
[1.572s] Copying ../../../build/rtabmap_python/rtabmap_python.egg-info to /SLAM/ros_ws/install/rtabmap_python/lib/python3.10/site-packages/rtabmap_python-0.1.0-py3.10.egg-info
[1.573s] running install_scripts
[1.601s] writing list of installed files to '/SLAM/ros_ws/build/rtabmap_python/install.log'
[1.779s] Invoked command in '/SLAM/ros_ws/src/rtabmap_ros/rtabmap_python' returned '0': PYTHONPATH=/SLAM/ros_ws/build/rtabmap_python/prefix_override:/SLAM/ros_ws/install/rtabmap_python/lib/python3.10/site-packages:${PYTHONPATH} /usr/bin/python3 setup.py egg_info --egg-base ../../../build/rtabmap_python build --build-base /SLAM/ros_ws/build/rtabmap_python/build install --record /SLAM/ros_ws/build/rtabmap_python/install.log --single-version-externally-managed
