[0.000000] (-) TimerEvent: {}
[0.000320] (astra_camera_msgs) JobQueued: {'identifier': 'astra_camera_msgs', 'dependencies': OrderedDict()}
[0.000361] (glog) JobQueued: {'identifier': 'glog', 'dependencies': OrderedDict()}
[0.000453] (libuvc) JobQueued: {'identifier': 'libuvc', 'dependencies': OrderedDict()}
[0.000471] (magic_enum) JobQueued: {'identifier': 'magic_enum', 'dependencies': OrderedDict()}
[0.000486] (orbbec_camera_msgs) JobQueued: {'identifier': 'orbbec_camera_msgs', 'dependencies': OrderedDict()}
[0.000511] (orbbec_description) JobQueued: {'identifier': 'orbbec_description', 'dependencies': OrderedDict()}
[0.000535] (sllidar_ros2) JobQueued: {'identifier': 'sllidar_ros2', 'dependencies': OrderedDict()}
[0.000550] (astra_camera) JobQueued: {'identifier': 'astra_camera', 'dependencies': OrderedDict([('astra_camera_msgs', '/SLAM/ros_ws/install/astra_camera_msgs')])}
[0.000566] (orbbec_camera) JobQueued: {'identifier': 'orbbec_camera', 'dependencies': OrderedDict([('orbbec_camera_msgs', '/SLAM/ros_ws/install/orbbec_camera_msgs')])}
[0.000641] (astra_camera_msgs) JobStarted: {'identifier': 'astra_camera_msgs'}
[0.051514] (orbbec_camera_msgs) JobStarted: {'identifier': 'orbbec_camera_msgs'}
[0.092039] (glog) JobStarted: {'identifier': 'glog'}
[0.099185] (-) TimerEvent: {}
[0.129077] (libuvc) JobStarted: {'identifier': 'libuvc'}
[0.163297] (magic_enum) JobStarted: {'identifier': 'magic_enum'}
[0.197844] (orbbec_description) JobStarted: {'identifier': 'orbbec_description'}
[0.199247] (-) TimerEvent: {}
[0.231909] (sllidar_ros2) JobStarted: {'identifier': 'sllidar_ros2'}
[0.269520] (astra_camera_msgs) JobProgress: {'identifier': 'astra_camera_msgs', 'progress': 'cmake'}
[0.270673] (astra_camera_msgs) Command: {'cmd': ['/usr/bin/cmake', '/SLAM/ros_ws/src/ros2_astra_camera/astra_camera_msgs', '-DAMENT_CMAKE_SYMLINK_INSTALL=1', '-DCMAKE_INSTALL_PREFIX=/SLAM/ros_ws/install/astra_camera_msgs'], 'cwd': '/SLAM/ros_ws/build/astra_camera_msgs', 'env': OrderedDict([('HOSTNAME', 'acer'), ('GIT_ASKPASS', '/home/ros/.vscode-server/bin/0ee08df0cf4527e40edc9aa28f4b5bd38bbff2b2/extensions/git/dist/askpass.sh'), ('SHLVL', '2'), ('LD_LIBRARY_PATH', '/opt/ros/humble/opt/rviz_ogre_vendor/lib:/opt/ros/humble/lib/x86_64-linux-gnu:/opt/ros/humble/lib'), ('BROWSER', '/home/ros/.vscode-server/bin/0ee08df0cf4527e40edc9aa28f4b5bd38bbff2b2/bin/helpers/browser.sh'), ('HOME', '/home/ros'), ('OLDPWD', '/SLAM/ros_ws/src'), ('TERM_PROGRAM_VERSION', '1.85.1'), ('VSCODE_IPC_HOOK_CLI', '/tmp/vscode-ipc-7fb8c45b-aa41-426f-b063-90f37550721c.sock'), ('ROS_PYTHON_VERSION', '3'), ('VSCODE_GIT_ASKPASS_MAIN', '/home/ros/.vscode-server/bin/0ee08df0cf4527e40edc9aa28f4b5bd38bbff2b2/extensions/git/dist/askpass-main.js'), ('VSCODE_GIT_ASKPASS_NODE', '/home/ros/.vscode-server/bin/0ee08df0cf4527e40edc9aa28f4b5bd38bbff2b2/node'), ('COLORTERM', 'truecolor'), ('REMOTE_CONTAINERS', 'true'), ('ROS_DISTRO', 'humble'), ('REMOTE_CONTAINERS_IPC', '/tmp/vscode-remote-containers-ipc-44ed8053-3d11-4371-a88c-c05a4df6deae.sock'), ('_', '/usr/bin/colcon'), ('ROS_VERSION', '2'), ('TERM', 'xterm-256color'), ('ROS_LOCALHOST_ONLY', '0'), ('PATH', '/home/ros/.vscode-server/bin/0ee08df0cf4527e40edc9aa28f4b5bd38bbff2b2/bin/remote-cli:/opt/ros/humble/bin:/usr/local/sbin:/usr/local/bin:/usr/sbin:/usr/bin:/sbin:/bin'), ('REMOTE_CONTAINERS_SOCKETS', '["/tmp/vscode-ssh-auth-44ed8053-3d11-4371-a88c-c05a4df6deae.sock","/tmp/.X11-unix/X0","/home/ros/.gnupg/S.gpg-agent"]'), ('DISPLAY', ':1'), ('LANG', 'C.UTF-8'), ('VSCODE_GIT_IPC_HANDLE', '/tmp/vscode-git-cf2a67e91f.sock'), ('TERM_PROGRAM', 'vscode'), ('SSH_AUTH_SOCK', '/tmp/vscode-ssh-auth-44ed8053-3d11-4371-a88c-c05a4df6deae.sock'), ('AMENT_PREFIX_PATH', '/opt/ros/humble'), ('REMOTE_CONTAINERS_DISPLAY_SOCK', '/tmp/.X11-unix/X0'), ('SHELL', '/bin/bash'), ('VSCODE_GIT_ASKPASS_EXTRA_ARGS', ''), ('PWD', '/SLAM/ros_ws/build/astra_camera_msgs'), ('LC_ALL', 'C.UTF-8'), ('PYTHONPATH', '/opt/ros/humble/lib/python3.10/site-packages:/opt/ros/humble/local/lib/python3.10/dist-packages'), ('COLCON', '1'), ('CMAKE_PREFIX_PATH', '/opt/ros/humble')]), 'shell': False}
[0.273645] (orbbec_camera_msgs) JobProgress: {'identifier': 'orbbec_camera_msgs', 'progress': 'cmake'}
[0.274647] (orbbec_camera_msgs) Command: {'cmd': ['/usr/bin/cmake', '/SLAM/ros_ws/src/OrbbecSDK_ROS2/orbbec_camera_msgs', '-DAMENT_CMAKE_SYMLINK_INSTALL=1', '-DCMAKE_INSTALL_PREFIX=/SLAM/ros_ws/install/orbbec_camera_msgs'], 'cwd': '/SLAM/ros_ws/build/orbbec_camera_msgs', 'env': OrderedDict([('HOSTNAME', 'acer'), ('GIT_ASKPASS', '/home/ros/.vscode-server/bin/0ee08df0cf4527e40edc9aa28f4b5bd38bbff2b2/extensions/git/dist/askpass.sh'), ('SHLVL', '2'), ('LD_LIBRARY_PATH', '/opt/ros/humble/opt/rviz_ogre_vendor/lib:/opt/ros/humble/lib/x86_64-linux-gnu:/opt/ros/humble/lib'), ('BROWSER', '/home/ros/.vscode-server/bin/0ee08df0cf4527e40edc9aa28f4b5bd38bbff2b2/bin/helpers/browser.sh'), ('HOME', '/home/ros'), ('OLDPWD', '/SLAM/ros_ws/src'), ('TERM_PROGRAM_VERSION', '1.85.1'), ('VSCODE_IPC_HOOK_CLI', '/tmp/vscode-ipc-7fb8c45b-aa41-426f-b063-90f37550721c.sock'), ('ROS_PYTHON_VERSION', '3'), ('VSCODE_GIT_ASKPASS_MAIN', '/home/ros/.vscode-server/bin/0ee08df0cf4527e40edc9aa28f4b5bd38bbff2b2/extensions/git/dist/askpass-main.js'), ('VSCODE_GIT_ASKPASS_NODE', '/home/ros/.vscode-server/bin/0ee08df0cf4527e40edc9aa28f4b5bd38bbff2b2/node'), ('COLORTERM', 'truecolor'), ('REMOTE_CONTAINERS', 'true'), ('ROS_DISTRO', 'humble'), ('REMOTE_CONTAINERS_IPC', '/tmp/vscode-remote-containers-ipc-44ed8053-3d11-4371-a88c-c05a4df6deae.sock'), ('_', '/usr/bin/colcon'), ('ROS_VERSION', '2'), ('TERM', 'xterm-256color'), ('ROS_LOCALHOST_ONLY', '0'), ('PATH', '/home/ros/.vscode-server/bin/0ee08df0cf4527e40edc9aa28f4b5bd38bbff2b2/bin/remote-cli:/opt/ros/humble/bin:/usr/local/sbin:/usr/local/bin:/usr/sbin:/usr/bin:/sbin:/bin'), ('REMOTE_CONTAINERS_SOCKETS', '["/tmp/vscode-ssh-auth-44ed8053-3d11-4371-a88c-c05a4df6deae.sock","/tmp/.X11-unix/X0","/home/ros/.gnupg/S.gpg-agent"]'), ('DISPLAY', ':1'), ('LANG', 'C.UTF-8'), ('VSCODE_GIT_IPC_HANDLE', '/tmp/vscode-git-cf2a67e91f.sock'), ('TERM_PROGRAM', 'vscode'), ('SSH_AUTH_SOCK', '/tmp/vscode-ssh-auth-44ed8053-3d11-4371-a88c-c05a4df6deae.sock'), ('AMENT_PREFIX_PATH', '/opt/ros/humble'), ('REMOTE_CONTAINERS_DISPLAY_SOCK', '/tmp/.X11-unix/X0'), ('SHELL', '/bin/bash'), ('VSCODE_GIT_ASKPASS_EXTRA_ARGS', ''), ('PWD', '/SLAM/ros_ws/build/orbbec_camera_msgs'), ('LC_ALL', 'C.UTF-8'), ('PYTHONPATH', '/opt/ros/humble/lib/python3.10/site-packages:/opt/ros/humble/local/lib/python3.10/dist-packages'), ('COLCON', '1'), ('CMAKE_PREFIX_PATH', '/opt/ros/humble')]), 'shell': False}
[0.275754] (glog) JobProgress: {'identifier': 'glog', 'progress': 'cmake'}
[0.276369] (glog) Command: {'cmd': ['/usr/bin/cmake', '/SLAM/ros_ws/glog-0.6.0', '-DCMAKE_INSTALL_PREFIX=/SLAM/ros_ws/install/glog'], 'cwd': '/SLAM/ros_ws/build/glog', 'env': OrderedDict([('HOSTNAME', 'acer'), ('GIT_ASKPASS', '/home/ros/.vscode-server/bin/0ee08df0cf4527e40edc9aa28f4b5bd38bbff2b2/extensions/git/dist/askpass.sh'), ('SHLVL', '2'), ('LD_LIBRARY_PATH', '/opt/ros/humble/opt/rviz_ogre_vendor/lib:/opt/ros/humble/lib/x86_64-linux-gnu:/opt/ros/humble/lib'), ('BROWSER', '/home/ros/.vscode-server/bin/0ee08df0cf4527e40edc9aa28f4b5bd38bbff2b2/bin/helpers/browser.sh'), ('HOME', '/home/ros'), ('OLDPWD', '/SLAM/ros_ws/src'), ('TERM_PROGRAM_VERSION', '1.85.1'), ('VSCODE_IPC_HOOK_CLI', '/tmp/vscode-ipc-7fb8c45b-aa41-426f-b063-90f37550721c.sock'), ('ROS_PYTHON_VERSION', '3'), ('VSCODE_GIT_ASKPASS_MAIN', '/home/ros/.vscode-server/bin/0ee08df0cf4527e40edc9aa28f4b5bd38bbff2b2/extensions/git/dist/askpass-main.js'), ('VSCODE_GIT_ASKPASS_NODE', '/home/ros/.vscode-server/bin/0ee08df0cf4527e40edc9aa28f4b5bd38bbff2b2/node'), ('COLORTERM', 'truecolor'), ('REMOTE_CONTAINERS', 'true'), ('ROS_DISTRO', 'humble'), ('REMOTE_CONTAINERS_IPC', '/tmp/vscode-remote-containers-ipc-44ed8053-3d11-4371-a88c-c05a4df6deae.sock'), ('_', '/usr/bin/colcon'), ('ROS_VERSION', '2'), ('TERM', 'xterm-256color'), ('ROS_LOCALHOST_ONLY', '0'), ('PATH', '/home/ros/.vscode-server/bin/0ee08df0cf4527e40edc9aa28f4b5bd38bbff2b2/bin/remote-cli:/opt/ros/humble/bin:/usr/local/sbin:/usr/local/bin:/usr/sbin:/usr/bin:/sbin:/bin'), ('REMOTE_CONTAINERS_SOCKETS', '["/tmp/vscode-ssh-auth-44ed8053-3d11-4371-a88c-c05a4df6deae.sock","/tmp/.X11-unix/X0","/home/ros/.gnupg/S.gpg-agent"]'), ('DISPLAY', ':1'), ('LANG', 'C.UTF-8'), ('VSCODE_GIT_IPC_HANDLE', '/tmp/vscode-git-cf2a67e91f.sock'), ('TERM_PROGRAM', 'vscode'), ('SSH_AUTH_SOCK', '/tmp/vscode-ssh-auth-44ed8053-3d11-4371-a88c-c05a4df6deae.sock'), ('AMENT_PREFIX_PATH', '/opt/ros/humble'), ('REMOTE_CONTAINERS_DISPLAY_SOCK', '/tmp/.X11-unix/X0'), ('SHELL', '/bin/bash'), ('VSCODE_GIT_ASKPASS_EXTRA_ARGS', ''), ('PWD', '/SLAM/ros_ws/build/glog'), ('LC_ALL', 'C.UTF-8'), ('PYTHONPATH', '/opt/ros/humble/lib/python3.10/site-packages:/opt/ros/humble/local/lib/python3.10/dist-packages'), ('COLCON', '1')]), 'shell': False}
[0.277392] (libuvc) JobProgress: {'identifier': 'libuvc', 'progress': 'cmake'}
[0.277907] (libuvc) Command: {'cmd': ['/usr/bin/cmake', '/SLAM/ros_ws/libuvc', '-DCMAKE_INSTALL_PREFIX=/SLAM/ros_ws/install/libuvc'], 'cwd': '/SLAM/ros_ws/build/libuvc', 'env': OrderedDict([('HOSTNAME', 'acer'), ('GIT_ASKPASS', '/home/ros/.vscode-server/bin/0ee08df0cf4527e40edc9aa28f4b5bd38bbff2b2/extensions/git/dist/askpass.sh'), ('SHLVL', '2'), ('LD_LIBRARY_PATH', '/opt/ros/humble/opt/rviz_ogre_vendor/lib:/opt/ros/humble/lib/x86_64-linux-gnu:/opt/ros/humble/lib'), ('BROWSER', '/home/ros/.vscode-server/bin/0ee08df0cf4527e40edc9aa28f4b5bd38bbff2b2/bin/helpers/browser.sh'), ('HOME', '/home/ros'), ('OLDPWD', '/SLAM/ros_ws/src'), ('TERM_PROGRAM_VERSION', '1.85.1'), ('VSCODE_IPC_HOOK_CLI', '/tmp/vscode-ipc-7fb8c45b-aa41-426f-b063-90f37550721c.sock'), ('ROS_PYTHON_VERSION', '3'), ('VSCODE_GIT_ASKPASS_MAIN', '/home/ros/.vscode-server/bin/0ee08df0cf4527e40edc9aa28f4b5bd38bbff2b2/extensions/git/dist/askpass-main.js'), ('VSCODE_GIT_ASKPASS_NODE', '/home/ros/.vscode-server/bin/0ee08df0cf4527e40edc9aa28f4b5bd38bbff2b2/node'), ('COLORTERM', 'truecolor'), ('REMOTE_CONTAINERS', 'true'), ('ROS_DISTRO', 'humble'), ('REMOTE_CONTAINERS_IPC', '/tmp/vscode-remote-containers-ipc-44ed8053-3d11-4371-a88c-c05a4df6deae.sock'), ('_', '/usr/bin/colcon'), ('ROS_VERSION', '2'), ('TERM', 'xterm-256color'), ('ROS_LOCALHOST_ONLY', '0'), ('PATH', '/home/ros/.vscode-server/bin/0ee08df0cf4527e40edc9aa28f4b5bd38bbff2b2/bin/remote-cli:/opt/ros/humble/bin:/usr/local/sbin:/usr/local/bin:/usr/sbin:/usr/bin:/sbin:/bin'), ('REMOTE_CONTAINERS_SOCKETS', '["/tmp/vscode-ssh-auth-44ed8053-3d11-4371-a88c-c05a4df6deae.sock","/tmp/.X11-unix/X0","/home/ros/.gnupg/S.gpg-agent"]'), ('DISPLAY', ':1'), ('LANG', 'C.UTF-8'), ('VSCODE_GIT_IPC_HANDLE', '/tmp/vscode-git-cf2a67e91f.sock'), ('TERM_PROGRAM', 'vscode'), ('SSH_AUTH_SOCK', '/tmp/vscode-ssh-auth-44ed8053-3d11-4371-a88c-c05a4df6deae.sock'), ('AMENT_PREFIX_PATH', '/opt/ros/humble'), ('REMOTE_CONTAINERS_DISPLAY_SOCK', '/tmp/.X11-unix/X0'), ('SHELL', '/bin/bash'), ('VSCODE_GIT_ASKPASS_EXTRA_ARGS', ''), ('PWD', '/SLAM/ros_ws/build/libuvc'), ('LC_ALL', 'C.UTF-8'), ('PYTHONPATH', '/opt/ros/humble/lib/python3.10/site-packages:/opt/ros/humble/local/lib/python3.10/dist-packages'), ('COLCON', '1')]), 'shell': False}
[0.278961] (magic_enum) JobProgress: {'identifier': 'magic_enum', 'progress': 'cmake'}
[0.279523] (magic_enum) Command: {'cmd': ['/usr/bin/cmake', '/SLAM/ros_ws/magic_enum-0.8.0', '-DCMAKE_INSTALL_PREFIX=/SLAM/ros_ws/install/magic_enum'], 'cwd': '/SLAM/ros_ws/build/magic_enum', 'env': OrderedDict([('HOSTNAME', 'acer'), ('GIT_ASKPASS', '/home/ros/.vscode-server/bin/0ee08df0cf4527e40edc9aa28f4b5bd38bbff2b2/extensions/git/dist/askpass.sh'), ('SHLVL', '2'), ('LD_LIBRARY_PATH', '/opt/ros/humble/opt/rviz_ogre_vendor/lib:/opt/ros/humble/lib/x86_64-linux-gnu:/opt/ros/humble/lib'), ('BROWSER', '/home/ros/.vscode-server/bin/0ee08df0cf4527e40edc9aa28f4b5bd38bbff2b2/bin/helpers/browser.sh'), ('HOME', '/home/ros'), ('OLDPWD', '/SLAM/ros_ws/src'), ('TERM_PROGRAM_VERSION', '1.85.1'), ('VSCODE_IPC_HOOK_CLI', '/tmp/vscode-ipc-7fb8c45b-aa41-426f-b063-90f37550721c.sock'), ('ROS_PYTHON_VERSION', '3'), ('VSCODE_GIT_ASKPASS_MAIN', '/home/ros/.vscode-server/bin/0ee08df0cf4527e40edc9aa28f4b5bd38bbff2b2/extensions/git/dist/askpass-main.js'), ('VSCODE_GIT_ASKPASS_NODE', '/home/ros/.vscode-server/bin/0ee08df0cf4527e40edc9aa28f4b5bd38bbff2b2/node'), ('COLORTERM', 'truecolor'), ('REMOTE_CONTAINERS', 'true'), ('ROS_DISTRO', 'humble'), ('REMOTE_CONTAINERS_IPC', '/tmp/vscode-remote-containers-ipc-44ed8053-3d11-4371-a88c-c05a4df6deae.sock'), ('_', '/usr/bin/colcon'), ('ROS_VERSION', '2'), ('TERM', 'xterm-256color'), ('ROS_LOCALHOST_ONLY', '0'), ('PATH', '/home/ros/.vscode-server/bin/0ee08df0cf4527e40edc9aa28f4b5bd38bbff2b2/bin/remote-cli:/opt/ros/humble/bin:/usr/local/sbin:/usr/local/bin:/usr/sbin:/usr/bin:/sbin:/bin'), ('REMOTE_CONTAINERS_SOCKETS', '["/tmp/vscode-ssh-auth-44ed8053-3d11-4371-a88c-c05a4df6deae.sock","/tmp/.X11-unix/X0","/home/ros/.gnupg/S.gpg-agent"]'), ('DISPLAY', ':1'), ('LANG', 'C.UTF-8'), ('VSCODE_GIT_IPC_HANDLE', '/tmp/vscode-git-cf2a67e91f.sock'), ('TERM_PROGRAM', 'vscode'), ('SSH_AUTH_SOCK', '/tmp/vscode-ssh-auth-44ed8053-3d11-4371-a88c-c05a4df6deae.sock'), ('AMENT_PREFIX_PATH', '/opt/ros/humble'), ('REMOTE_CONTAINERS_DISPLAY_SOCK', '/tmp/.X11-unix/X0'), ('SHELL', '/bin/bash'), ('VSCODE_GIT_ASKPASS_EXTRA_ARGS', ''), ('PWD', '/SLAM/ros_ws/build/magic_enum'), ('LC_ALL', 'C.UTF-8'), ('PYTHONPATH', '/opt/ros/humble/lib/python3.10/site-packages:/opt/ros/humble/local/lib/python3.10/dist-packages'), ('COLCON', '1'), ('CMAKE_PREFIX_PATH', '/opt/ros/humble')]), 'shell': False}
[0.280624] (orbbec_description) JobProgress: {'identifier': 'orbbec_description', 'progress': 'cmake'}
[0.281245] (orbbec_description) Command: {'cmd': ['/usr/bin/cmake', '/SLAM/ros_ws/src/OrbbecSDK_ROS2/orbbec_description', '-DAMENT_CMAKE_SYMLINK_INSTALL=1', '-DCMAKE_INSTALL_PREFIX=/SLAM/ros_ws/install/orbbec_description'], 'cwd': '/SLAM/ros_ws/build/orbbec_description', 'env': OrderedDict([('HOSTNAME', 'acer'), ('GIT_ASKPASS', '/home/ros/.vscode-server/bin/0ee08df0cf4527e40edc9aa28f4b5bd38bbff2b2/extensions/git/dist/askpass.sh'), ('SHLVL', '2'), ('LD_LIBRARY_PATH', '/opt/ros/humble/opt/rviz_ogre_vendor/lib:/opt/ros/humble/lib/x86_64-linux-gnu:/opt/ros/humble/lib'), ('BROWSER', '/home/ros/.vscode-server/bin/0ee08df0cf4527e40edc9aa28f4b5bd38bbff2b2/bin/helpers/browser.sh'), ('HOME', '/home/ros'), ('OLDPWD', '/SLAM/ros_ws/src'), ('TERM_PROGRAM_VERSION', '1.85.1'), ('VSCODE_IPC_HOOK_CLI', '/tmp/vscode-ipc-7fb8c45b-aa41-426f-b063-90f37550721c.sock'), ('ROS_PYTHON_VERSION', '3'), ('VSCODE_GIT_ASKPASS_MAIN', '/home/ros/.vscode-server/bin/0ee08df0cf4527e40edc9aa28f4b5bd38bbff2b2/extensions/git/dist/askpass-main.js'), ('VSCODE_GIT_ASKPASS_NODE', '/home/ros/.vscode-server/bin/0ee08df0cf4527e40edc9aa28f4b5bd38bbff2b2/node'), ('COLORTERM', 'truecolor'), ('REMOTE_CONTAINERS', 'true'), ('ROS_DISTRO', 'humble'), ('REMOTE_CONTAINERS_IPC', '/tmp/vscode-remote-containers-ipc-44ed8053-3d11-4371-a88c-c05a4df6deae.sock'), ('_', '/usr/bin/colcon'), ('ROS_VERSION', '2'), ('TERM', 'xterm-256color'), ('ROS_LOCALHOST_ONLY', '0'), ('PATH', '/home/ros/.vscode-server/bin/0ee08df0cf4527e40edc9aa28f4b5bd38bbff2b2/bin/remote-cli:/opt/ros/humble/bin:/usr/local/sbin:/usr/local/bin:/usr/sbin:/usr/bin:/sbin:/bin'), ('REMOTE_CONTAINERS_SOCKETS', '["/tmp/vscode-ssh-auth-44ed8053-3d11-4371-a88c-c05a4df6deae.sock","/tmp/.X11-unix/X0","/home/ros/.gnupg/S.gpg-agent"]'), ('DISPLAY', ':1'), ('LANG', 'C.UTF-8'), ('VSCODE_GIT_IPC_HANDLE', '/tmp/vscode-git-cf2a67e91f.sock'), ('TERM_PROGRAM', 'vscode'), ('SSH_AUTH_SOCK', '/tmp/vscode-ssh-auth-44ed8053-3d11-4371-a88c-c05a4df6deae.sock'), ('AMENT_PREFIX_PATH', '/opt/ros/humble'), ('REMOTE_CONTAINERS_DISPLAY_SOCK', '/tmp/.X11-unix/X0'), ('SHELL', '/bin/bash'), ('VSCODE_GIT_ASKPASS_EXTRA_ARGS', ''), ('PWD', '/SLAM/ros_ws/build/orbbec_description'), ('LC_ALL', 'C.UTF-8'), ('PYTHONPATH', '/opt/ros/humble/lib/python3.10/site-packages:/opt/ros/humble/local/lib/python3.10/dist-packages'), ('COLCON', '1'), ('CMAKE_PREFIX_PATH', '/opt/ros/humble')]), 'shell': False}
[0.284646] (sllidar_ros2) JobProgress: {'identifier': 'sllidar_ros2', 'progress': 'cmake'}
[0.285052] (sllidar_ros2) Command: {'cmd': ['/usr/bin/cmake', '/SLAM/ros_ws/src/sllidar_ros2', '-DAMENT_CMAKE_SYMLINK_INSTALL=1', '-DCMAKE_INSTALL_PREFIX=/SLAM/ros_ws/install/sllidar_ros2'], 'cwd': '/SLAM/ros_ws/build/sllidar_ros2', 'env': OrderedDict([('HOSTNAME', 'acer'), ('GIT_ASKPASS', '/home/ros/.vscode-server/bin/0ee08df0cf4527e40edc9aa28f4b5bd38bbff2b2/extensions/git/dist/askpass.sh'), ('SHLVL', '2'), ('LD_LIBRARY_PATH', '/opt/ros/humble/opt/rviz_ogre_vendor/lib:/opt/ros/humble/lib/x86_64-linux-gnu:/opt/ros/humble/lib'), ('BROWSER', '/home/ros/.vscode-server/bin/0ee08df0cf4527e40edc9aa28f4b5bd38bbff2b2/bin/helpers/browser.sh'), ('HOME', '/home/ros'), ('OLDPWD', '/SLAM/ros_ws/src'), ('TERM_PROGRAM_VERSION', '1.85.1'), ('VSCODE_IPC_HOOK_CLI', '/tmp/vscode-ipc-7fb8c45b-aa41-426f-b063-90f37550721c.sock'), ('ROS_PYTHON_VERSION', '3'), ('VSCODE_GIT_ASKPASS_MAIN', '/home/ros/.vscode-server/bin/0ee08df0cf4527e40edc9aa28f4b5bd38bbff2b2/extensions/git/dist/askpass-main.js'), ('VSCODE_GIT_ASKPASS_NODE', '/home/ros/.vscode-server/bin/0ee08df0cf4527e40edc9aa28f4b5bd38bbff2b2/node'), ('COLORTERM', 'truecolor'), ('REMOTE_CONTAINERS', 'true'), ('ROS_DISTRO', 'humble'), ('REMOTE_CONTAINERS_IPC', '/tmp/vscode-remote-containers-ipc-44ed8053-3d11-4371-a88c-c05a4df6deae.sock'), ('_', '/usr/bin/colcon'), ('ROS_VERSION', '2'), ('TERM', 'xterm-256color'), ('ROS_LOCALHOST_ONLY', '0'), ('PATH', '/home/ros/.vscode-server/bin/0ee08df0cf4527e40edc9aa28f4b5bd38bbff2b2/bin/remote-cli:/opt/ros/humble/bin:/usr/local/sbin:/usr/local/bin:/usr/sbin:/usr/bin:/sbin:/bin'), ('REMOTE_CONTAINERS_SOCKETS', '["/tmp/vscode-ssh-auth-44ed8053-3d11-4371-a88c-c05a4df6deae.sock","/tmp/.X11-unix/X0","/home/ros/.gnupg/S.gpg-agent"]'), ('DISPLAY', ':1'), ('LANG', 'C.UTF-8'), ('VSCODE_GIT_IPC_HANDLE', '/tmp/vscode-git-cf2a67e91f.sock'), ('TERM_PROGRAM', 'vscode'), ('SSH_AUTH_SOCK', '/tmp/vscode-ssh-auth-44ed8053-3d11-4371-a88c-c05a4df6deae.sock'), ('AMENT_PREFIX_PATH', '/opt/ros/humble'), ('REMOTE_CONTAINERS_DISPLAY_SOCK', '/tmp/.X11-unix/X0'), ('SHELL', '/bin/bash'), ('VSCODE_GIT_ASKPASS_EXTRA_ARGS', ''), ('PWD', '/SLAM/ros_ws/build/sllidar_ros2'), ('LC_ALL', 'C.UTF-8'), ('PYTHONPATH', '/opt/ros/humble/lib/python3.10/site-packages:/opt/ros/humble/local/lib/python3.10/dist-packages'), ('COLCON', '1'), ('CMAKE_PREFIX_PATH', '/opt/ros/humble')]), 'shell': False}
[0.299338] (-) TimerEvent: {}
[0.304173] (orbbec_description) StderrLine: {'line': b'\x1b[0mCMake Error: The current CMakeCache.txt directory /SLAM/ros_ws/build/orbbec_description/CMakeCache.txt is different than the directory /home/khanh/Documents/SLAM/ros_ws/build/orbbec_description where CMakeCache.txt was created. This may result in binaries being created in the wrong place. If you are not sure, reedit the CMakeCache.txt\x1b[0m\n'}
[0.304446] (astra_camera_msgs) StderrLine: {'line': b'\x1b[0mCMake Error: The current CMakeCache.txt directory /SLAM/ros_ws/build/astra_camera_msgs/CMakeCache.txt is different than the directory /home/khanh/Documents/SLAM/ros_ws/build/astra_camera_msgs where CMakeCache.txt was created. This may result in binaries being created in the wrong place. If you are not sure, reedit the CMakeCache.txt\x1b[0m\n'}
[0.304537] (magic_enum) StderrLine: {'line': b'\x1b[0mCMake Error: The current CMakeCache.txt directory /SLAM/ros_ws/build/magic_enum/CMakeCache.txt is different than the directory /home/khanh/Documents/SLAM/ros_ws/build/magic_enum where CMakeCache.txt was created. This may result in binaries being created in the wrong place. If you are not sure, reedit the CMakeCache.txt\x1b[0m\n'}
[0.304620] (libuvc) StderrLine: {'line': b'\x1b[0mCMake Error: The current CMakeCache.txt directory /SLAM/ros_ws/build/libuvc/CMakeCache.txt is different than the directory /home/khanh/Documents/SLAM/ros_ws/build/libuvc where CMakeCache.txt was created. This may result in binaries being created in the wrong place. If you are not sure, reedit the CMakeCache.txt\x1b[0m\n'}
[0.304708] (glog) StderrLine: {'line': b'\x1b[0mCMake Error: The current CMakeCache.txt directory /SLAM/ros_ws/build/glog/CMakeCache.txt is different than the directory /home/khanh/Documents/SLAM/ros_ws/build/glog where CMakeCache.txt was created. This may result in binaries being created in the wrong place. If you are not sure, reedit the CMakeCache.txt\x1b[0m\n'}
[0.304932] (orbbec_camera_msgs) StderrLine: {'line': b'\x1b[0mCMake Error: The current CMakeCache.txt directory /SLAM/ros_ws/build/orbbec_camera_msgs/CMakeCache.txt is different than the directory /home/khanh/Documents/SLAM/ros_ws/build/orbbec_camera_msgs where CMakeCache.txt was created. This may result in binaries being created in the wrong place. If you are not sure, reedit the CMakeCache.txt\x1b[0m\n'}
[0.305085] (glog) StderrLine: {'line': b'\x1b[0mCMake Error: The source "/SLAM/ros_ws/glog-0.6.0/CMakeLists.txt" does not match the source "/home/khanh/Documents/SLAM/ros_ws/glog-0.6.0/CMakeLists.txt" used to generate cache.  Re-run cmake with a different source directory.\x1b[0m\n'}
[0.305147] (astra_camera_msgs) StderrLine: {'line': b'\x1b[0mCMake Error: The source "/SLAM/ros_ws/src/ros2_astra_camera/astra_camera_msgs/CMakeLists.txt" does not match the source "/home/khanh/Documents/SLAM/ros_ws/src/ros2_astra_camera/astra_camera_msgs/CMakeLists.txt" used to generate cache.  Re-run cmake with a different source directory.\x1b[0m\n'}
[0.305232] (libuvc) StderrLine: {'line': b'\x1b[0mCMake Error: The source "/SLAM/ros_ws/libuvc/CMakeLists.txt" does not match the source "/home/khanh/Documents/SLAM/ros_ws/libuvc/CMakeLists.txt" used to generate cache.  Re-run cmake with a different source directory.\x1b[0m\n'}
[0.305289] (magic_enum) StderrLine: {'line': b'\x1b[0mCMake Error: The source "/SLAM/ros_ws/magic_enum-0.8.0/CMakeLists.txt" does not match the source "/home/khanh/Documents/SLAM/ros_ws/magic_enum-0.8.0/CMakeLists.txt" used to generate cache.  Re-run cmake with a different source directory.\x1b[0m\n'}
[0.305346] (orbbec_camera_msgs) StderrLine: {'line': b'\x1b[0mCMake Error: The source "/SLAM/ros_ws/src/OrbbecSDK_ROS2/orbbec_camera_msgs/CMakeLists.txt" does not match the source "/home/khanh/Documents/SLAM/ros_ws/src/OrbbecSDK_ROS2/orbbec_camera_msgs/CMakeLists.txt" used to generate cache.  Re-run cmake with a different source directory.\x1b[0m\n'}
[0.305399] (orbbec_description) StderrLine: {'line': b'\x1b[0mCMake Error: The source "/SLAM/ros_ws/src/OrbbecSDK_ROS2/orbbec_description/CMakeLists.txt" does not match the source "/home/khanh/Documents/SLAM/ros_ws/src/OrbbecSDK_ROS2/orbbec_description/CMakeLists.txt" used to generate cache.  Re-run cmake with a different source directory.\x1b[0m\n'}
[0.311460] (orbbec_camera_msgs) CommandEnded: {'returncode': 1}
[0.312738] (astra_camera_msgs) CommandEnded: {'returncode': 1}
[0.313769] (glog) CommandEnded: {'returncode': 1}
[0.314195] (glog) JobEnded: {'identifier': 'glog', 'rc': 1}
[0.314680] (magic_enum) CommandEnded: {'returncode': 1}
[0.315298] (libuvc) CommandEnded: {'returncode': 1}
[0.315618] (libuvc) JobEnded: {'identifier': 'libuvc', 'rc': 1}
[0.316662] (orbbec_description) JobEnded: {'identifier': 'orbbec_description', 'rc': 'SIGINT'}
[0.316907] (magic_enum) JobEnded: {'identifier': 'magic_enum', 'rc': 'SIGINT'}
[0.317139] (astra_camera_msgs) JobEnded: {'identifier': 'astra_camera_msgs', 'rc': 'SIGINT'}
[0.317362] (orbbec_camera_msgs) JobEnded: {'identifier': 'orbbec_camera_msgs', 'rc': 'SIGINT'}
[0.399438] (-) TimerEvent: {}
[0.415103] (sllidar_ros2) StdoutLine: {'line': b'-- The C compiler identification is GNU 11.4.0\n'}
[0.499675] (-) TimerEvent: {}
[0.504300] (sllidar_ros2) StdoutLine: {'line': b'-- The CXX compiler identification is GNU 11.4.0\n'}
[0.515520] (sllidar_ros2) StdoutLine: {'line': b'-- Detecting C compiler ABI info\n'}
[0.585467] (sllidar_ros2) StdoutLine: {'line': b'-- Detecting C compiler ABI info - done\n'}
[0.590631] (sllidar_ros2) StdoutLine: {'line': b'-- Check for working C compiler: /usr/bin/cc - skipped\n'}
[0.591164] (sllidar_ros2) StdoutLine: {'line': b'-- Detecting C compile features\n'}
[0.591986] (sllidar_ros2) StdoutLine: {'line': b'-- Detecting C compile features - done\n'}
[0.595504] (sllidar_ros2) StdoutLine: {'line': b'-- Detecting CXX compiler ABI info\n'}
[0.599747] (-) TimerEvent: {}
[0.668670] (sllidar_ros2) StdoutLine: {'line': b'-- Detecting CXX compiler ABI info - done\n'}
[0.674298] (sllidar_ros2) StdoutLine: {'line': b'-- Check for working CXX compiler: /usr/bin/c++ - skipped\n'}
[0.674504] (sllidar_ros2) StdoutLine: {'line': b'-- Detecting CXX compile features\n'}
[0.674853] (sllidar_ros2) StdoutLine: {'line': b'-- Detecting CXX compile features - done\n'}
[0.679551] (sllidar_ros2) StdoutLine: {'line': b'-- Found ament_cmake: 1.3.6 (/opt/ros/humble/share/ament_cmake/cmake)\n'}
[0.699829] (-) TimerEvent: {}
[0.800043] (-) TimerEvent: {}
[0.819399] (sllidar_ros2) StdoutLine: {'line': b'-- Found Python3: /usr/bin/python3.10 (found version "3.10.12") found components: Interpreter \n'}
[0.874491] (sllidar_ros2) StdoutLine: {'line': b'-- Override CMake install command with custom implementation using symlinks instead of copying resources\n'}
[0.900122] (-) TimerEvent: {}
[0.919988] (sllidar_ros2) StdoutLine: {'line': b'-- Found rclcpp: 16.0.7 (/opt/ros/humble/share/rclcpp/cmake)\n'}
[0.979706] (sllidar_ros2) StdoutLine: {'line': b'-- Found rosidl_generator_c: 3.1.5 (/opt/ros/humble/share/rosidl_generator_c/cmake)\n'}
[0.986501] (sllidar_ros2) StdoutLine: {'line': b'-- Found rosidl_adapter: 3.1.5 (/opt/ros/humble/share/rosidl_adapter/cmake)\n'}
[0.998742] (sllidar_ros2) StdoutLine: {'line': b'-- Found rosidl_generator_cpp: 3.1.5 (/opt/ros/humble/share/rosidl_generator_cpp/cmake)\n'}
[1.000202] (-) TimerEvent: {}
[1.017842] (sllidar_ros2) StdoutLine: {'line': b'-- Using all available rosidl_typesupport_c: rosidl_typesupport_fastrtps_c;rosidl_typesupport_introspection_c\n'}
[1.042054] (sllidar_ros2) StdoutLine: {'line': b'-- Using all available rosidl_typesupport_cpp: rosidl_typesupport_fastrtps_cpp;rosidl_typesupport_introspection_cpp\n'}
[1.100315] (-) TimerEvent: {}
[1.121871] (sllidar_ros2) StdoutLine: {'line': b'-- Found rmw_implementation_cmake: 6.1.1 (/opt/ros/humble/share/rmw_implementation_cmake/cmake)\n'}
[1.125979] (sllidar_ros2) StdoutLine: {'line': b'-- Found rmw_fastrtps_cpp: 6.2.5 (/opt/ros/humble/share/rmw_fastrtps_cpp/cmake)\n'}
[1.200904] (-) TimerEvent: {}
[1.250732] (sllidar_ros2) StdoutLine: {'line': b'-- Found OpenSSL: /usr/lib/x86_64-linux-gnu/libcrypto.so (found version "3.0.2")  \n'}
[1.282851] (sllidar_ros2) StdoutLine: {'line': b'-- Found FastRTPS: /opt/ros/humble/include  \n'}
[1.300985] (-) TimerEvent: {}
[1.336609] (sllidar_ros2) StdoutLine: {'line': b"-- Using RMW implementation 'rmw_fastrtps_cpp' as default\n"}
[1.349899] (sllidar_ros2) StdoutLine: {'line': b'-- Looking for pthread.h\n'}
[1.401101] (-) TimerEvent: {}
[1.423460] (sllidar_ros2) StdoutLine: {'line': b'-- Looking for pthread.h - found\n'}
[1.423791] (sllidar_ros2) StdoutLine: {'line': b'-- Performing Test CMAKE_HAVE_LIBC_PTHREAD\n'}
[1.489622] (sllidar_ros2) StdoutLine: {'line': b'-- Performing Test CMAKE_HAVE_LIBC_PTHREAD - Success\n'}
[1.490441] (sllidar_ros2) StdoutLine: {'line': b'-- Found Threads: TRUE  \n'}
[1.501175] (-) TimerEvent: {}
[1.601395] (-) TimerEvent: {}
[1.636885] (sllidar_ros2) StdoutLine: {'line': b'-- Found sensor_msgs: 4.2.3 (/opt/ros/humble/share/sensor_msgs/cmake)\n'}
[1.701473] (-) TimerEvent: {}
[1.746433] (sllidar_ros2) StdoutLine: {'line': b'-- Found std_srvs: 4.2.3 (/opt/ros/humble/share/std_srvs/cmake)\n'}
[1.801580] (-) TimerEvent: {}
[1.824072] (sllidar_ros2) StdoutLine: {'line': b'-- Configuring done\n'}
[1.840723] (sllidar_ros2) StdoutLine: {'line': b'-- Generating done\n'}
[1.842119] (sllidar_ros2) StdoutLine: {'line': b'-- Build files have been written to: /SLAM/ros_ws/build/sllidar_ros2\n'}
[1.849687] (sllidar_ros2) JobEnded: {'identifier': 'sllidar_ros2', 'rc': 'SIGINT'}
[1.860208] (astra_camera) JobSkipped: {'identifier': 'astra_camera'}
[1.860267] (orbbec_camera) JobSkipped: {'identifier': 'orbbec_camera'}
[1.860317] (-) EventReactorShutdown: {}
