[1.117s] Invoking command in '/SLAM/ros_ws/src/image_pipeline/camera_calibration': PYTHONPATH=/SLAM/ros_ws/build/camera_calibration/prefix_override:/SLAM/ros_ws/install/camera_calibration/lib/python3.10/site-packages:${PYTHONPATH} /usr/bin/python3 setup.py egg_info --egg-base ../../../build/camera_calibration build --build-base /SLAM/ros_ws/build/camera_calibration/build install --record /SLAM/ros_ws/build/camera_calibration/install.log --single-version-externally-managed
[1.311s] running egg_info
[1.311s] writing ../../../build/camera_calibration/camera_calibration.egg-info/PKG-INFO
[1.312s] writing dependency_links to ../../../build/camera_calibration/camera_calibration.egg-info/dependency_links.txt
[1.312s] writing entry points to ../../../build/camera_calibration/camera_calibration.egg-info/entry_points.txt
[1.312s] writing requirements to ../../../build/camera_calibration/camera_calibration.egg-info/requires.txt
[1.312s] writing top-level names to ../../../build/camera_calibration/camera_calibration.egg-info/top_level.txt
[1.314s] reading manifest file '../../../build/camera_calibration/camera_calibration.egg-info/SOURCES.txt'
[1.315s] writing manifest file '../../../build/camera_calibration/camera_calibration.egg-info/SOURCES.txt'
[1.315s] running build
[1.315s] running build_py
[1.316s] running install
[1.316s] /usr/lib/python3/dist-packages/setuptools/command/install.py:34: SetuptoolsDeprecationWarning: setup.py install is deprecated. Use build and pip and other standards-based tools.
[1.317s]   warnings.warn(
[1.317s] running install_lib
[1.318s] running install_data
[1.319s] running install_egg_info
[1.321s] removing '/SLAM/ros_ws/install/camera_calibration/lib/python3.10/site-packages/camera_calibration-3.0.0-py3.10.egg-info' (and everything under it)
[1.321s] Copying ../../../build/camera_calibration/camera_calibration.egg-info to /SLAM/ros_ws/install/camera_calibration/lib/python3.10/site-packages/camera_calibration-3.0.0-py3.10.egg-info
[1.323s] running install_scripts
[1.343s] Installing cameracalibrator script to /SLAM/ros_ws/install/camera_calibration/lib/camera_calibration
[1.343s] Installing cameracheck script to /SLAM/ros_ws/install/camera_calibration/lib/camera_calibration
[1.343s] writing list of installed files to '/SLAM/ros_ws/build/camera_calibration/install.log'
[1.566s] Invoked command in '/SLAM/ros_ws/src/image_pipeline/camera_calibration' returned '0': PYTHONPATH=/SLAM/ros_ws/build/camera_calibration/prefix_override:/SLAM/ros_ws/install/camera_calibration/lib/python3.10/site-packages:${PYTHONPATH} /usr/bin/python3 setup.py egg_info --egg-base ../../../build/camera_calibration build --build-base /SLAM/ros_ws/build/camera_calibration/build install --record /SLAM/ros_ws/build/camera_calibration/install.log --single-version-externally-managed
