[0.484s] Invoking command in '/SLAM/ros_ws/build/image_view': CMAKE_PREFIX_PATH=${CMAKE_PREFIX_PATH}:/SLAM/ros_ws/install/camera_calibration:/opt/ros/humble /usr/bin/cmake /SLAM/ros_ws/src/image_pipeline/image_view -DCMAKE_BUILD_TYPE=Release -DAMENT_CMAKE_SYMLINK_INSTALL=1 -DCMAKE_INSTALL_PREFIX=/SLAM/ros_ws/install/image_view
[0.874s] -- Found ament_cmake_auto: 1.3.6 (/opt/ros/humble/share/ament_cmake_auto/cmake)
[0.875s] -- Override CMake install command with custom implementation using symlinks instead of copying resources
[0.875s] -- Found rosidl_generator_c: 3.1.5 (/opt/ros/humble/share/rosidl_generator_c/cmake)
[0.875s] -- Found rosidl_adapter: 3.1.5 (/opt/ros/humble/share/rosidl_adapter/cmake)
[0.875s] -- Found rosidl_generator_cpp: 3.1.5 (/opt/ros/humble/share/rosidl_generator_cpp/cmake)
[0.875s] -- Using all available rosidl_typesupport_c: rosidl_typesupport_fastrtps_c;rosidl_typesupport_introspection_c
[0.875s] -- Using all available rosidl_typesupport_cpp: rosidl_typesupport_fastrtps_cpp;rosidl_typesupport_introspection_cpp
[0.934s] -- Found rmw_implementation_cmake: 6.1.1 (/opt/ros/humble/share/rmw_implementation_cmake/cmake)
[0.936s] -- Found rmw_fastrtps_cpp: 6.2.5 (/opt/ros/humble/share/rmw_fastrtps_cpp/cmake)
[1.184s] -- Using RMW implementation 'rmw_fastrtps_cpp' as default
[2.064s] -- Found ament_lint_auto: 0.12.9 (/opt/ros/humble/share/ament_lint_auto/cmake)
[2.084s] -- Added test 'copyright' to check source files copyright and LICENSE
[2.087s] -- Added test 'cppcheck' to perform static code analysis on C / C++ code
[2.088s] -- Configured cppcheck include dirs: /SLAM/ros_ws/src/image_pipeline/image_view/include
[2.089s] -- Configured cppcheck exclude dirs and/or files: 
[2.091s] -- Added test 'cpplint' to check C / C++ code against the Google style
[2.091s] -- Configured cpplint exclude dirs and/or files: 
[2.092s] -- Added test 'lint_cmake' to check CMake code style
[2.095s] -- Added test 'uncrustify' to check C / C++ code style
[2.095s] -- Configured uncrustify additional arguments: 
[2.096s] -- Added test 'xmllint' to check XML markup files
[2.101s] -- Configuring done
[2.212s] -- Generating done
[2.216s] -- Build files have been written to: /SLAM/ros_ws/build/image_view
[2.425s] Invoked command in '/SLAM/ros_ws/build/image_view' returned '0': CMAKE_PREFIX_PATH=${CMAKE_PREFIX_PATH}:/SLAM/ros_ws/install/camera_calibration:/opt/ros/humble /usr/bin/cmake /SLAM/ros_ws/src/image_pipeline/image_view -DCMAKE_BUILD_TYPE=Release -DAMENT_CMAKE_SYMLINK_INSTALL=1 -DCMAKE_INSTALL_PREFIX=/SLAM/ros_ws/install/image_view
[2.426s] Invoking command in '/SLAM/ros_ws/build/image_view': CMAKE_PREFIX_PATH=${CMAKE_PREFIX_PATH}:/SLAM/ros_ws/install/camera_calibration:/opt/ros/humble /usr/bin/cmake --build /SLAM/ros_ws/build/image_view
[2.552s] [35m[1mConsolidate compiler generated dependencies of target image_view_nodes[0m
[2.653s] [  5%] [32mBuilding CXX object CMakeFiles/image_view_nodes.dir/src/disparity_view_node.cpp.o[0m
[2.657s] [ 10%] [32mBuilding CXX object CMakeFiles/image_view_nodes.dir/src/image_view_node.cpp.o[0m
[2.665s] [ 15%] [32mBuilding CXX object CMakeFiles/image_view_nodes.dir/src/extract_images_node.cpp.o[0m
[2.674s] [ 21%] [32mBuilding CXX object CMakeFiles/image_view_nodes.dir/src/stereo_view_node.cpp.o[0m
[2.684s] [ 26%] [32mBuilding CXX object CMakeFiles/image_view_nodes.dir/src/image_saver_node.cpp.o[0m
[2.704s] [ 31%] [32mBuilding CXX object CMakeFiles/image_view_nodes.dir/src/video_recorder_node.cpp.o[0m
[42.714s] [ 36%] [32m[1mLinking CXX shared library libimage_view_nodes.so[0m
[43.239s] [ 36%] Built target image_view_nodes
[43.266s] [35m[1mConsolidate compiler generated dependencies of target extract_images[0m
[43.267s] [35m[1mConsolidate compiler generated dependencies of target image_saver[0m
[43.270s] [35m[1mConsolidate compiler generated dependencies of target video_recorder[0m
[43.272s] [35m[1mConsolidate compiler generated dependencies of target image_view[0m
[43.272s] [35m[1mConsolidate compiler generated dependencies of target stereo_view[0m
[43.275s] [35m[1mConsolidate compiler generated dependencies of target disparity_view[0m
[43.338s] [ 42%] [32mBuilding CXX object CMakeFiles/disparity_view.dir/src/disparity_view.cpp.o[0m
[43.354s] [ 52%] [32mBuilding CXX object CMakeFiles/video_recorder.dir/src/video_recorder.cpp.o[0m
[43.354s] [ 52%] [32mBuilding CXX object CMakeFiles/stereo_view.dir/src/stereo_view.cpp.o[0m
[43.356s] [ 57%] [32mBuilding CXX object CMakeFiles/extract_images.dir/src/extract_images.cpp.o[0m
[43.364s] [ 63%] [32mBuilding CXX object CMakeFiles/image_view.dir/src/image_view.cpp.o[0m
[43.373s] [ 68%] [32mBuilding CXX object CMakeFiles/image_saver.dir/src/image_saver.cpp.o[0m
[49.839s] [ 73%] [32m[1mLinking CXX executable video_recorder[0m
[49.925s] [ 78%] [32m[1mLinking CXX executable disparity_view[0m
[50.390s] [ 84%] [32m[1mLinking CXX executable extract_images[0m
[50.685s] [ 89%] [32m[1mLinking CXX executable image_saver[0m
[50.857s] [ 94%] [32m[1mLinking CXX executable stereo_view[0m
[50.979s] [100%] [32m[1mLinking CXX executable image_view[0m
[51.123s] [100%] Built target video_recorder
[51.163s] [100%] Built target disparity_view
[51.539s] [100%] Built target extract_images
[51.842s] [100%] Built target image_saver
[51.866s] [100%] Built target stereo_view
[52.036s] [100%] Built target image_view
