[0.768s] Invoking command in '/SLAM/ros_ws/build/image_proc': CMAKE_PREFIX_PATH=/SLAM/ros_ws/install/tracetools_image_pipeline:/SLAM/ros_ws/install/tutourial_intefaces:/SLAM/ros_ws/install/more_interfaces:/SLAM/ros_ws/install/cpp_pubsub:/SLAM/ros_ws/install/rplidar_ros:/SLAM/ros_ws/install/examples_rclcpp_minimal_client:/SLAM/ros_ws/install/cpp_srvcli:/SLAM/ros_ws/install/image_pipeline:/SLAM/ros_ws/install/stereo_image_proc:/SLAM/ros_ws/install/image_proc:/SLAM/ros_ws/install/sllidar_ros2:/SLAM/ros_ws/install/rtabmap_ros:/SLAM/ros_ws/install/rtabmap_launch:/SLAM/ros_ws/install/rtabmap_examples:/SLAM/ros_ws/install/rtabmap_demos:/SLAM/ros_ws/install/rtabmap_viz:/SLAM/ros_ws/install/rtabmap_slam:/SLAM/ros_ws/install/rtabmap_odom:/SLAM/ros_ws/install/rtabmap_util:/SLAM/ros_ws/install/rtabmap_sync:/SLAM/ros_ws/install/rtabmap_rviz_plugins:/SLAM/ros_ws/install/rtabmap_conversions:/SLAM/ros_ws/install/my_robot_controller:/SLAM/ros_ws/install/examples_rclpy_minimal_client:/SLAM/ros_ws/install/examples_rclpy_minimal_action_server:/SLAM/ros_ws/install/examples_rclpy_minimal_action_client:/SLAM/ros_ws/install/examples_rclpy_executors:/SLAM/ros_ws/install/rtabmap_python:/SLAM/ros_ws/install/camera_calibration:/opt/ros/humble:/SLAM/ros_ws/install/rtabmap_msgs:/SLAM/ros_ws/install/rtabmap:/SLAM/ros_ws/install/image_view:/SLAM/ros_ws/install/image_rotate:/SLAM/ros_ws/install/astra_camera:/SLAM/ros_ws/install/image_publisher:/SLAM/ros_ws/install/depth_image_proc:/SLAM/ros_ws/install/astra_camera_msgs LD_LIBRARY_PATH=/SLAM/ros_ws/install/tracetools_image_pipeline/lib:/SLAM/ros_ws/install/tutourial_intefaces/lib:/SLAM/ros_ws/install/more_interfaces/lib:/SLAM/ros_ws/install/stereo_image_proc/lib:/SLAM/ros_ws/install/image_proc/lib:/SLAM/ros_ws/install/rtabmap_slam/lib:/SLAM/ros_ws/install/rtabmap_odom/lib:/SLAM/ros_ws/install/rtabmap_util/lib:/SLAM/ros_ws/install/rtabmap_sync/lib:/SLAM/ros_ws/install/rtabmap_rviz_plugins/lib:/SLAM/ros_ws/install/rtabmap_conversions/lib:/SLAM/ros_ws/install/rtabmap_msgs/lib:/SLAM/ros_ws/install/rtabmap/lib:/SLAM/ros_ws/install/image_view/lib:/SLAM/ros_ws/install/image_rotate/lib:/SLAM/ros_ws/install/astra_camera/lib:/SLAM/ros_ws/install/image_publisher/lib:/SLAM/ros_ws/install/depth_image_proc/lib:/SLAM/ros_ws/install/astra_camera_msgs/lib:/usr/lib/x86_64-linux-gnu/gazebo-11/plugins:/opt/ros/humble/opt/rviz_ogre_vendor/lib:/opt/ros/humble/lib/x86_64-linux-gnu:/opt/ros/humble/lib /usr/bin/cmake /SLAM/ros_ws/src/image_pipeline/image_proc -DAMENT_CMAKE_SYMLINK_INSTALL=1 -DCMAKE_INSTALL_PREFIX=/SLAM/ros_ws/install/image_proc
[21.046s] -- The C compiler identification is GNU 11.4.0
[21.049s] -- The CXX compiler identification is GNU 11.4.0
[21.050s] -- Detecting C compiler ABI info
[21.050s] -- Detecting C compiler ABI info - done
[21.050s] -- Check for working C compiler: /usr/bin/cc - skipped
[21.050s] -- Detecting C compile features
[21.050s] -- Detecting C compile features - done
[21.050s] -- Detecting CXX compiler ABI info
[21.050s] -- Detecting CXX compiler ABI info - done
[21.050s] -- Check for working CXX compiler: /usr/bin/c++ - skipped
[21.050s] -- Detecting CXX compile features
[21.050s] -- Detecting CXX compile features - done
[21.051s] -- Found ament_cmake_auto: 1.3.6 (/opt/ros/humble/share/ament_cmake_auto/cmake)
[21.051s] -- Found Python3: /usr/bin/python3.10 (found version "3.10.12") found components: Interpreter 
[21.051s] -- Override CMake install command with custom implementation using symlinks instead of copying resources
[21.051s] -- Found rosidl_generator_c: 3.1.5 (/opt/ros/humble/share/rosidl_generator_c/cmake)
[21.051s] -- Found rosidl_adapter: 3.1.5 (/opt/ros/humble/share/rosidl_adapter/cmake)
[21.051s] -- Found rosidl_generator_cpp: 3.1.5 (/opt/ros/humble/share/rosidl_generator_cpp/cmake)
[21.051s] -- Using all available rosidl_typesupport_c: rosidl_typesupport_fastrtps_c;rosidl_typesupport_introspection_c
[21.051s] -- Using all available rosidl_typesupport_cpp: rosidl_typesupport_fastrtps_cpp;rosidl_typesupport_introspection_cpp
[21.051s] -- Found rmw_implementation_cmake: 6.1.1 (/opt/ros/humble/share/rmw_implementation_cmake/cmake)
[21.051s] -- Found rmw_fastrtps_cpp: 6.2.5 (/opt/ros/humble/share/rmw_fastrtps_cpp/cmake)
[21.051s] -- Found OpenSSL: /usr/lib/x86_64-linux-gnu/libcrypto.so (found version "3.0.2")  
[21.051s] -- Found FastRTPS: /opt/ros/humble/include  
[21.052s] -- Using RMW implementation 'rmw_fastrtps_cpp' as default
[21.052s] -- Looking for pthread.h
[21.052s] -- Looking for pthread.h - found
[21.052s] -- Performing Test CMAKE_HAVE_LIBC_PTHREAD
[21.052s] -- Performing Test CMAKE_HAVE_LIBC_PTHREAD - Success
[21.052s] -- Found Threads: TRUE  
[21.052s] -- Found OpenCV: /usr (found version "4.5.4") 
[21.052s] -- Found ament_lint_auto: 0.12.9 (/opt/ros/humble/share/ament_lint_auto/cmake)
[21.052s] -- Added test 'copyright' to check source files copyright and LICENSE
[21.052s] -- Added test 'cppcheck' to perform static code analysis on C / C++ code
[21.052s] -- Configured cppcheck include dirs: /SLAM/ros_ws/src/image_pipeline/image_proc/include
[21.052s] -- Configured cppcheck exclude dirs and/or files: 
[21.052s] -- Added test 'cpplint' to check C / C++ code against the Google style
[21.053s] -- Configured cpplint exclude dirs and/or files: 
[21.053s] -- Added test 'flake8' to check Python code syntax and style conventions
[21.053s] -- Added test 'lint_cmake' to check CMake code style
[21.053s] -- Added test 'pep257' to check Python code against some of the docstring style conventions in PEP 257
[21.053s] -- Added test 'uncrustify' to check C / C++ code style
[21.053s] -- Configured uncrustify additional arguments: 
[21.053s] -- Added test 'xmllint' to check XML markup files
[21.053s] -- Configuring done
[21.053s] -- Generating done
[21.053s] -- Build files have been written to: /SLAM/ros_ws/build/image_proc
[21.117s] Invoked command in '/SLAM/ros_ws/build/image_proc' returned '0': CMAKE_PREFIX_PATH=/SLAM/ros_ws/install/tracetools_image_pipeline:/SLAM/ros_ws/install/tutourial_intefaces:/SLAM/ros_ws/install/more_interfaces:/SLAM/ros_ws/install/cpp_pubsub:/SLAM/ros_ws/install/rplidar_ros:/SLAM/ros_ws/install/examples_rclcpp_minimal_client:/SLAM/ros_ws/install/cpp_srvcli:/SLAM/ros_ws/install/image_pipeline:/SLAM/ros_ws/install/stereo_image_proc:/SLAM/ros_ws/install/image_proc:/SLAM/ros_ws/install/sllidar_ros2:/SLAM/ros_ws/install/rtabmap_ros:/SLAM/ros_ws/install/rtabmap_launch:/SLAM/ros_ws/install/rtabmap_examples:/SLAM/ros_ws/install/rtabmap_demos:/SLAM/ros_ws/install/rtabmap_viz:/SLAM/ros_ws/install/rtabmap_slam:/SLAM/ros_ws/install/rtabmap_odom:/SLAM/ros_ws/install/rtabmap_util:/SLAM/ros_ws/install/rtabmap_sync:/SLAM/ros_ws/install/rtabmap_rviz_plugins:/SLAM/ros_ws/install/rtabmap_conversions:/SLAM/ros_ws/install/my_robot_controller:/SLAM/ros_ws/install/examples_rclpy_minimal_client:/SLAM/ros_ws/install/examples_rclpy_minimal_action_server:/SLAM/ros_ws/install/examples_rclpy_minimal_action_client:/SLAM/ros_ws/install/examples_rclpy_executors:/SLAM/ros_ws/install/rtabmap_python:/SLAM/ros_ws/install/camera_calibration:/opt/ros/humble:/SLAM/ros_ws/install/rtabmap_msgs:/SLAM/ros_ws/install/rtabmap:/SLAM/ros_ws/install/image_view:/SLAM/ros_ws/install/image_rotate:/SLAM/ros_ws/install/astra_camera:/SLAM/ros_ws/install/image_publisher:/SLAM/ros_ws/install/depth_image_proc:/SLAM/ros_ws/install/astra_camera_msgs LD_LIBRARY_PATH=/SLAM/ros_ws/install/tracetools_image_pipeline/lib:/SLAM/ros_ws/install/tutourial_intefaces/lib:/SLAM/ros_ws/install/more_interfaces/lib:/SLAM/ros_ws/install/stereo_image_proc/lib:/SLAM/ros_ws/install/image_proc/lib:/SLAM/ros_ws/install/rtabmap_slam/lib:/SLAM/ros_ws/install/rtabmap_odom/lib:/SLAM/ros_ws/install/rtabmap_util/lib:/SLAM/ros_ws/install/rtabmap_sync/lib:/SLAM/ros_ws/install/rtabmap_rviz_plugins/lib:/SLAM/ros_ws/install/rtabmap_conversions/lib:/SLAM/ros_ws/install/rtabmap_msgs/lib:/SLAM/ros_ws/install/rtabmap/lib:/SLAM/ros_ws/install/image_view/lib:/SLAM/ros_ws/install/image_rotate/lib:/SLAM/ros_ws/install/astra_camera/lib:/SLAM/ros_ws/install/image_publisher/lib:/SLAM/ros_ws/install/depth_image_proc/lib:/SLAM/ros_ws/install/astra_camera_msgs/lib:/usr/lib/x86_64-linux-gnu/gazebo-11/plugins:/opt/ros/humble/opt/rviz_ogre_vendor/lib:/opt/ros/humble/lib/x86_64-linux-gnu:/opt/ros/humble/lib /usr/bin/cmake /SLAM/ros_ws/src/image_pipeline/image_proc -DAMENT_CMAKE_SYMLINK_INSTALL=1 -DCMAKE_INSTALL_PREFIX=/SLAM/ros_ws/install/image_proc
[21.118s] Invoking command in '/SLAM/ros_ws/build/image_proc': CMAKE_PREFIX_PATH=/SLAM/ros_ws/install/tracetools_image_pipeline:/SLAM/ros_ws/install/tutourial_intefaces:/SLAM/ros_ws/install/more_interfaces:/SLAM/ros_ws/install/cpp_pubsub:/SLAM/ros_ws/install/rplidar_ros:/SLAM/ros_ws/install/examples_rclcpp_minimal_client:/SLAM/ros_ws/install/cpp_srvcli:/SLAM/ros_ws/install/image_pipeline:/SLAM/ros_ws/install/stereo_image_proc:/SLAM/ros_ws/install/image_proc:/SLAM/ros_ws/install/sllidar_ros2:/SLAM/ros_ws/install/rtabmap_ros:/SLAM/ros_ws/install/rtabmap_launch:/SLAM/ros_ws/install/rtabmap_examples:/SLAM/ros_ws/install/rtabmap_demos:/SLAM/ros_ws/install/rtabmap_viz:/SLAM/ros_ws/install/rtabmap_slam:/SLAM/ros_ws/install/rtabmap_odom:/SLAM/ros_ws/install/rtabmap_util:/SLAM/ros_ws/install/rtabmap_sync:/SLAM/ros_ws/install/rtabmap_rviz_plugins:/SLAM/ros_ws/install/rtabmap_conversions:/SLAM/ros_ws/install/my_robot_controller:/SLAM/ros_ws/install/examples_rclpy_minimal_client:/SLAM/ros_ws/install/examples_rclpy_minimal_action_server:/SLAM/ros_ws/install/examples_rclpy_minimal_action_client:/SLAM/ros_ws/install/examples_rclpy_executors:/SLAM/ros_ws/install/rtabmap_python:/SLAM/ros_ws/install/camera_calibration:/opt/ros/humble:/SLAM/ros_ws/install/rtabmap_msgs:/SLAM/ros_ws/install/rtabmap:/SLAM/ros_ws/install/image_view:/SLAM/ros_ws/install/image_rotate:/SLAM/ros_ws/install/astra_camera:/SLAM/ros_ws/install/image_publisher:/SLAM/ros_ws/install/depth_image_proc:/SLAM/ros_ws/install/astra_camera_msgs LD_LIBRARY_PATH=/SLAM/ros_ws/install/tracetools_image_pipeline/lib:/SLAM/ros_ws/install/tutourial_intefaces/lib:/SLAM/ros_ws/install/more_interfaces/lib:/SLAM/ros_ws/install/stereo_image_proc/lib:/SLAM/ros_ws/install/image_proc/lib:/SLAM/ros_ws/install/rtabmap_slam/lib:/SLAM/ros_ws/install/rtabmap_odom/lib:/SLAM/ros_ws/install/rtabmap_util/lib:/SLAM/ros_ws/install/rtabmap_sync/lib:/SLAM/ros_ws/install/rtabmap_rviz_plugins/lib:/SLAM/ros_ws/install/rtabmap_conversions/lib:/SLAM/ros_ws/install/rtabmap_msgs/lib:/SLAM/ros_ws/install/rtabmap/lib:/SLAM/ros_ws/install/image_view/lib:/SLAM/ros_ws/install/image_rotate/lib:/SLAM/ros_ws/install/astra_camera/lib:/SLAM/ros_ws/install/image_publisher/lib:/SLAM/ros_ws/install/depth_image_proc/lib:/SLAM/ros_ws/install/astra_camera_msgs/lib:/usr/lib/x86_64-linux-gnu/gazebo-11/plugins:/opt/ros/humble/opt/rviz_ogre_vendor/lib:/opt/ros/humble/lib/x86_64-linux-gnu:/opt/ros/humble/lib /usr/bin/cmake --build /SLAM/ros_ws/build/image_proc -- -j16 -l16
[31.557s] [  6%] [32mBuilding CXX object CMakeFiles/image_proc.dir/src/image_proc/processor.cpp.o[0m
[31.558s] [ 13%] [32m[1mLinking CXX shared library libimage_proc.so[0m
[31.558s] [ 13%] Built target image_proc
[31.558s] [ 20%] [32mBuilding CXX object CMakeFiles/rectify.dir/src/rectify.cpp.o[0m
[35.100s] [ 26%] [32m[1mLinking CXX shared library librectify.so[0m
[35.400s] [ 26%] Built target rectify
[35.442s] [ 33%] [32mBuilding CXX object CMakeFiles/debayer.dir/src/debayer.cpp.o[0m
[40.122s] [ 40%] [32mBuilding CXX object CMakeFiles/debayer.dir/src/edge_aware.cpp.o[0m
[41.060s] [ 46%] [32m[1mLinking CXX shared library libdebayer.so[0m
[41.275s] [ 46%] Built target debayer
[41.307s] [ 53%] [32mBuilding CXX object CMakeFiles/resize.dir/src/resize.cpp.o[0m
[45.186s] [ 60%] [32m[1mLinking CXX shared library libresize.so[0m
[45.394s] [ 60%] Built target resize
[45.427s] [ 66%] [32mBuilding CXX object CMakeFiles/crop_decimate.dir/src/crop_decimate.cpp.o[0m
[49.397s] [ 73%] [32m[1mLinking CXX shared library libcrop_decimate.so[0m
[49.601s] [ 73%] Built target crop_decimate
[49.634s] [ 80%] [32mBuilding CXX object CMakeFiles/crop_non_zero.dir/src/crop_non_zero.cpp.o[0m
[53.753s] [ 86%] [32m[1mLinking CXX shared library libcrop_non_zero.so[0m
[53.959s] [ 86%] Built target crop_non_zero
[53.992s] [ 93%] [32mBuilding CXX object CMakeFiles/image_proc_exe.dir/src/image_proc.cpp.o[0m
[57.312s] [100%] [32m[1mLinking CXX executable image_proc[0m
[57.782s] [100%] Built target image_proc_exe
[57.799s] Invoked command in '/SLAM/ros_ws/build/image_proc' returned '0': CMAKE_PREFIX_PATH=/SLAM/ros_ws/install/tracetools_image_pipeline:/SLAM/ros_ws/install/tutourial_intefaces:/SLAM/ros_ws/install/more_interfaces:/SLAM/ros_ws/install/cpp_pubsub:/SLAM/ros_ws/install/rplidar_ros:/SLAM/ros_ws/install/examples_rclcpp_minimal_client:/SLAM/ros_ws/install/cpp_srvcli:/SLAM/ros_ws/install/image_pipeline:/SLAM/ros_ws/install/stereo_image_proc:/SLAM/ros_ws/install/image_proc:/SLAM/ros_ws/install/sllidar_ros2:/SLAM/ros_ws/install/rtabmap_ros:/SLAM/ros_ws/install/rtabmap_launch:/SLAM/ros_ws/install/rtabmap_examples:/SLAM/ros_ws/install/rtabmap_demos:/SLAM/ros_ws/install/rtabmap_viz:/SLAM/ros_ws/install/rtabmap_slam:/SLAM/ros_ws/install/rtabmap_odom:/SLAM/ros_ws/install/rtabmap_util:/SLAM/ros_ws/install/rtabmap_sync:/SLAM/ros_ws/install/rtabmap_rviz_plugins:/SLAM/ros_ws/install/rtabmap_conversions:/SLAM/ros_ws/install/my_robot_controller:/SLAM/ros_ws/install/examples_rclpy_minimal_client:/SLAM/ros_ws/install/examples_rclpy_minimal_action_server:/SLAM/ros_ws/install/examples_rclpy_minimal_action_client:/SLAM/ros_ws/install/examples_rclpy_executors:/SLAM/ros_ws/install/rtabmap_python:/SLAM/ros_ws/install/camera_calibration:/opt/ros/humble:/SLAM/ros_ws/install/rtabmap_msgs:/SLAM/ros_ws/install/rtabmap:/SLAM/ros_ws/install/image_view:/SLAM/ros_ws/install/image_rotate:/SLAM/ros_ws/install/astra_camera:/SLAM/ros_ws/install/image_publisher:/SLAM/ros_ws/install/depth_image_proc:/SLAM/ros_ws/install/astra_camera_msgs LD_LIBRARY_PATH=/SLAM/ros_ws/install/tracetools_image_pipeline/lib:/SLAM/ros_ws/install/tutourial_intefaces/lib:/SLAM/ros_ws/install/more_interfaces/lib:/SLAM/ros_ws/install/stereo_image_proc/lib:/SLAM/ros_ws/install/image_proc/lib:/SLAM/ros_ws/install/rtabmap_slam/lib:/SLAM/ros_ws/install/rtabmap_odom/lib:/SLAM/ros_ws/install/rtabmap_util/lib:/SLAM/ros_ws/install/rtabmap_sync/lib:/SLAM/ros_ws/install/rtabmap_rviz_plugins/lib:/SLAM/ros_ws/install/rtabmap_conversions/lib:/SLAM/ros_ws/install/rtabmap_msgs/lib:/SLAM/ros_ws/install/rtabmap/lib:/SLAM/ros_ws/install/image_view/lib:/SLAM/ros_ws/install/image_rotate/lib:/SLAM/ros_ws/install/astra_camera/lib:/SLAM/ros_ws/install/image_publisher/lib:/SLAM/ros_ws/install/depth_image_proc/lib:/SLAM/ros_ws/install/astra_camera_msgs/lib:/usr/lib/x86_64-linux-gnu/gazebo-11/plugins:/opt/ros/humble/opt/rviz_ogre_vendor/lib:/opt/ros/humble/lib/x86_64-linux-gnu:/opt/ros/humble/lib /usr/bin/cmake --build /SLAM/ros_ws/build/image_proc -- -j16 -l16
[57.897s] Invoking command in '/SLAM/ros_ws/build/image_proc': CMAKE_PREFIX_PATH=/SLAM/ros_ws/install/tracetools_image_pipeline:/SLAM/ros_ws/install/tutourial_intefaces:/SLAM/ros_ws/install/more_interfaces:/SLAM/ros_ws/install/cpp_pubsub:/SLAM/ros_ws/install/rplidar_ros:/SLAM/ros_ws/install/examples_rclcpp_minimal_client:/SLAM/ros_ws/install/cpp_srvcli:/SLAM/ros_ws/install/image_pipeline:/SLAM/ros_ws/install/stereo_image_proc:/SLAM/ros_ws/install/image_proc:/SLAM/ros_ws/install/sllidar_ros2:/SLAM/ros_ws/install/rtabmap_ros:/SLAM/ros_ws/install/rtabmap_launch:/SLAM/ros_ws/install/rtabmap_examples:/SLAM/ros_ws/install/rtabmap_demos:/SLAM/ros_ws/install/rtabmap_viz:/SLAM/ros_ws/install/rtabmap_slam:/SLAM/ros_ws/install/rtabmap_odom:/SLAM/ros_ws/install/rtabmap_util:/SLAM/ros_ws/install/rtabmap_sync:/SLAM/ros_ws/install/rtabmap_rviz_plugins:/SLAM/ros_ws/install/rtabmap_conversions:/SLAM/ros_ws/install/my_robot_controller:/SLAM/ros_ws/install/examples_rclpy_minimal_client:/SLAM/ros_ws/install/examples_rclpy_minimal_action_server:/SLAM/ros_ws/install/examples_rclpy_minimal_action_client:/SLAM/ros_ws/install/examples_rclpy_executors:/SLAM/ros_ws/install/rtabmap_python:/SLAM/ros_ws/install/camera_calibration:/opt/ros/humble:/SLAM/ros_ws/install/rtabmap_msgs:/SLAM/ros_ws/install/rtabmap:/SLAM/ros_ws/install/image_view:/SLAM/ros_ws/install/image_rotate:/SLAM/ros_ws/install/astra_camera:/SLAM/ros_ws/install/image_publisher:/SLAM/ros_ws/install/depth_image_proc:/SLAM/ros_ws/install/astra_camera_msgs LD_LIBRARY_PATH=/SLAM/ros_ws/install/tracetools_image_pipeline/lib:/SLAM/ros_ws/install/tutourial_intefaces/lib:/SLAM/ros_ws/install/more_interfaces/lib:/SLAM/ros_ws/install/stereo_image_proc/lib:/SLAM/ros_ws/install/image_proc/lib:/SLAM/ros_ws/install/rtabmap_slam/lib:/SLAM/ros_ws/install/rtabmap_odom/lib:/SLAM/ros_ws/install/rtabmap_util/lib:/SLAM/ros_ws/install/rtabmap_sync/lib:/SLAM/ros_ws/install/rtabmap_rviz_plugins/lib:/SLAM/ros_ws/install/rtabmap_conversions/lib:/SLAM/ros_ws/install/rtabmap_msgs/lib:/SLAM/ros_ws/install/rtabmap/lib:/SLAM/ros_ws/install/image_view/lib:/SLAM/ros_ws/install/image_rotate/lib:/SLAM/ros_ws/install/astra_camera/lib:/SLAM/ros_ws/install/image_publisher/lib:/SLAM/ros_ws/install/depth_image_proc/lib:/SLAM/ros_ws/install/astra_camera_msgs/lib:/usr/lib/x86_64-linux-gnu/gazebo-11/plugins:/opt/ros/humble/opt/rviz_ogre_vendor/lib:/opt/ros/humble/lib/x86_64-linux-gnu:/opt/ros/humble/lib /usr/bin/cmake --install /SLAM/ros_ws/build/image_proc
[57.908s] -- Install configuration: ""
[57.910s] -- Execute custom install script
[57.910s] -- Up-to-date symlink: /SLAM/ros_ws/install/image_proc/bin/image_proc
[57.916s] -- Up-to-date symlink: /SLAM/ros_ws/install/image_proc/include/image_proc/crop_decimate.hpp
[57.917s] -- Up-to-date symlink: /SLAM/ros_ws/install/image_proc/include/image_proc/crop_non_zero.hpp
[57.917s] -- Up-to-date symlink: /SLAM/ros_ws/install/image_proc/include/image_proc/debayer.hpp
[57.917s] -- Up-to-date symlink: /SLAM/ros_ws/install/image_proc/include/image_proc/edge_aware.hpp
[57.918s] -- Up-to-date symlink: /SLAM/ros_ws/install/image_proc/include/image_proc/processor.hpp
[57.918s] -- Up-to-date symlink: /SLAM/ros_ws/install/image_proc/include/image_proc/rectify.hpp
[57.919s] -- Up-to-date symlink: /SLAM/ros_ws/install/image_proc/include/image_proc/resize.hpp
[57.920s] -- Up-to-date symlink: /SLAM/ros_ws/install/image_proc/include/image_proc/utils.hpp
[57.921s] -- Up-to-date symlink: /SLAM/ros_ws/install/image_proc/share/image_proc/environment/library_path.sh
[57.922s] -- Up-to-date symlink: /SLAM/ros_ws/install/image_proc/share/image_proc/environment/library_path.dsv
[57.922s] -- Up-to-date symlink: /SLAM/ros_ws/install/image_proc/lib/libimage_proc.so
[57.922s] -- Up-to-date symlink: /SLAM/ros_ws/install/image_proc/lib/librectify.so
[57.922s] -- Up-to-date symlink: /SLAM/ros_ws/install/image_proc/lib/libdebayer.so
[57.923s] -- Up-to-date symlink: /SLAM/ros_ws/install/image_proc/lib/libresize.so
[57.923s] -- Up-to-date symlink: /SLAM/ros_ws/install/image_proc/lib/libcrop_decimate.so
[57.924s] -- Up-to-date symlink: /SLAM/ros_ws/install/image_proc/lib/libcrop_non_zero.so
[57.924s] -- Up-to-date symlink: /SLAM/ros_ws/install/image_proc/lib/image_proc/image_proc
[57.925s] -- Up-to-date symlink: /SLAM/ros_ws/install/image_proc/share/image_proc/launch/image_proc.launch.py
[57.926s] -- Up-to-date symlink: /SLAM/ros_ws/install/image_proc/share/ament_index/resource_index/package_run_dependencies/image_proc
[57.926s] -- Up-to-date symlink: /SLAM/ros_ws/install/image_proc/share/ament_index/resource_index/parent_prefix_path/image_proc
[57.927s] -- Up-to-date symlink: /SLAM/ros_ws/install/image_proc/share/image_proc/environment/ament_prefix_path.sh
[57.927s] -- Up-to-date symlink: /SLAM/ros_ws/install/image_proc/share/image_proc/environment/ament_prefix_path.dsv
[57.928s] -- Up-to-date symlink: /SLAM/ros_ws/install/image_proc/share/image_proc/environment/path.sh
[57.928s] -- Up-to-date symlink: /SLAM/ros_ws/install/image_proc/share/image_proc/environment/path.dsv
[57.929s] -- Up-to-date symlink: /SLAM/ros_ws/install/image_proc/share/image_proc/local_setup.bash
[57.929s] -- Up-to-date symlink: /SLAM/ros_ws/install/image_proc/share/image_proc/local_setup.sh
[57.930s] -- Up-to-date symlink: /SLAM/ros_ws/install/image_proc/share/image_proc/local_setup.zsh
[57.930s] -- Up-to-date symlink: /SLAM/ros_ws/install/image_proc/share/image_proc/local_setup.dsv
[57.930s] -- Symlinking: /SLAM/ros_ws/install/image_proc/share/image_proc/package.dsv
[57.945s] -- Up-to-date symlink: /SLAM/ros_ws/install/image_proc/share/ament_index/resource_index/packages/image_proc
[57.946s] -- Up-to-date symlink: /SLAM/ros_ws/install/image_proc/share/ament_index/resource_index/rclcpp_components/image_proc
[57.946s] -- Up-to-date symlink: /SLAM/ros_ws/install/image_proc/share/image_proc/cmake/ament_cmake_export_dependencies-extras.cmake
[57.946s] -- Up-to-date symlink: /SLAM/ros_ws/install/image_proc/share/image_proc/cmake/ament_cmake_export_include_directories-extras.cmake
[57.947s] -- Up-to-date symlink: /SLAM/ros_ws/install/image_proc/share/image_proc/cmake/ament_cmake_export_libraries-extras.cmake
[57.947s] -- Up-to-date symlink: /SLAM/ros_ws/install/image_proc/share/image_proc/cmake/image_procConfig.cmake
[57.948s] -- Up-to-date symlink: /SLAM/ros_ws/install/image_proc/share/image_proc/cmake/image_procConfig-version.cmake
[57.948s] -- Up-to-date symlink: /SLAM/ros_ws/install/image_proc/share/image_proc/package.xml
[57.950s] Invoked command in '/SLAM/ros_ws/build/image_proc' returned '0': CMAKE_PREFIX_PATH=/SLAM/ros_ws/install/tracetools_image_pipeline:/SLAM/ros_ws/install/tutourial_intefaces:/SLAM/ros_ws/install/more_interfaces:/SLAM/ros_ws/install/cpp_pubsub:/SLAM/ros_ws/install/rplidar_ros:/SLAM/ros_ws/install/examples_rclcpp_minimal_client:/SLAM/ros_ws/install/cpp_srvcli:/SLAM/ros_ws/install/image_pipeline:/SLAM/ros_ws/install/stereo_image_proc:/SLAM/ros_ws/install/image_proc:/SLAM/ros_ws/install/sllidar_ros2:/SLAM/ros_ws/install/rtabmap_ros:/SLAM/ros_ws/install/rtabmap_launch:/SLAM/ros_ws/install/rtabmap_examples:/SLAM/ros_ws/install/rtabmap_demos:/SLAM/ros_ws/install/rtabmap_viz:/SLAM/ros_ws/install/rtabmap_slam:/SLAM/ros_ws/install/rtabmap_odom:/SLAM/ros_ws/install/rtabmap_util:/SLAM/ros_ws/install/rtabmap_sync:/SLAM/ros_ws/install/rtabmap_rviz_plugins:/SLAM/ros_ws/install/rtabmap_conversions:/SLAM/ros_ws/install/my_robot_controller:/SLAM/ros_ws/install/examples_rclpy_minimal_client:/SLAM/ros_ws/install/examples_rclpy_minimal_action_server:/SLAM/ros_ws/install/examples_rclpy_minimal_action_client:/SLAM/ros_ws/install/examples_rclpy_executors:/SLAM/ros_ws/install/rtabmap_python:/SLAM/ros_ws/install/camera_calibration:/opt/ros/humble:/SLAM/ros_ws/install/rtabmap_msgs:/SLAM/ros_ws/install/rtabmap:/SLAM/ros_ws/install/image_view:/SLAM/ros_ws/install/image_rotate:/SLAM/ros_ws/install/astra_camera:/SLAM/ros_ws/install/image_publisher:/SLAM/ros_ws/install/depth_image_proc:/SLAM/ros_ws/install/astra_camera_msgs LD_LIBRARY_PATH=/SLAM/ros_ws/install/tracetools_image_pipeline/lib:/SLAM/ros_ws/install/tutourial_intefaces/lib:/SLAM/ros_ws/install/more_interfaces/lib:/SLAM/ros_ws/install/stereo_image_proc/lib:/SLAM/ros_ws/install/image_proc/lib:/SLAM/ros_ws/install/rtabmap_slam/lib:/SLAM/ros_ws/install/rtabmap_odom/lib:/SLAM/ros_ws/install/rtabmap_util/lib:/SLAM/ros_ws/install/rtabmap_sync/lib:/SLAM/ros_ws/install/rtabmap_rviz_plugins/lib:/SLAM/ros_ws/install/rtabmap_conversions/lib:/SLAM/ros_ws/install/rtabmap_msgs/lib:/SLAM/ros_ws/install/rtabmap/lib:/SLAM/ros_ws/install/image_view/lib:/SLAM/ros_ws/install/image_rotate/lib:/SLAM/ros_ws/install/astra_camera/lib:/SLAM/ros_ws/install/image_publisher/lib:/SLAM/ros_ws/install/depth_image_proc/lib:/SLAM/ros_ws/install/astra_camera_msgs/lib:/usr/lib/x86_64-linux-gnu/gazebo-11/plugins:/opt/ros/humble/opt/rviz_ogre_vendor/lib:/opt/ros/humble/lib/x86_64-linux-gnu:/opt/ros/humble/lib /usr/bin/cmake --install /SLAM/ros_ws/build/image_proc
