[0.119s] Invoking command in '/SLAM/ros_ws/build/orbbec_camera': CMAKE_PREFIX_PATH=/SLAM/ros_ws/install/orbbec_camera_msgs:/SLAM/ros_ws/install/image_publisher:/SLAM/ros_ws/install/image_pipeline:/SLAM/ros_ws/install/stereo_image_proc:/SLAM/ros_ws/install/image_proc:/SLAM/ros_ws/install/tracetools_image_pipeline:/SLAM/ros_ws/install/sllidar_ros2:/SLAM/ros_ws/install/orbbec_description:/SLAM/ros_ws/install/orbbec_camera:/SLAM/ros_ws/install/magic_enum:/SLAM/ros_ws/install/libuvc:/SLAM/ros_ws/install/image_view:/SLAM/ros_ws/install/image_rotate:/SLAM/ros_ws/install/astra_camera:/SLAM/ros_ws/install/glog:/SLAM/ros_ws/install/depth_image_proc:/SLAM/ros_ws/install/astra_camera_msgs:/SLAM/ros_ws/install/camera_calibration:/opt/ros/humble LD_LIBRARY_PATH=/SLAM/ros_ws/install/orbbec_camera_msgs/lib:/SLAM/ros_ws/install/image_publisher/lib:/SLAM/ros_ws/install/stereo_image_proc/lib:/SLAM/ros_ws/install/image_proc/lib:/SLAM/ros_ws/install/tracetools_image_pipeline/lib:/SLAM/ros_ws/install/orbbec_camera/lib:/SLAM/ros_ws/install/libuvc/lib:/SLAM/ros_ws/install/image_view/lib:/SLAM/ros_ws/install/image_rotate/lib:/SLAM/ros_ws/install/astra_camera/lib:/SLAM/ros_ws/install/glog/lib:/SLAM/ros_ws/install/depth_image_proc/lib:/SLAM/ros_ws/install/astra_camera_msgs/lib:/opt/ros/humble/opt/rviz_ogre_vendor/lib:/opt/ros/humble/lib/x86_64-linux-gnu:/opt/ros/humble/lib /usr/bin/cmake /SLAM/ros_ws/src/OrbbecSDK_ROS2/orbbec_camera -DCMAKE_INSTALL_PREFIX=/SLAM/ros_ws/install/orbbec_camera
[0.229s] -- The C compiler identification is GNU 11.4.0
[0.340s] -- The CXX compiler identification is GNU 11.4.0
[0.356s] -- Detecting C compiler ABI info
[0.515s] -- Detecting C compiler ABI info - done
[0.528s] -- Check for working C compiler: /usr/bin/cc - skipped
[0.529s] -- Detecting C compile features
[0.537s] -- Detecting C compile features - done
[0.544s] -- Detecting CXX compiler ABI info
[0.810s] -- Detecting CXX compiler ABI info - done
[0.821s] -- Check for working CXX compiler: /usr/bin/c++ - skipped
[0.821s] -- Detecting CXX compile features
[0.821s] -- Detecting CXX compile features - done
[0.830s] -- Found ament_cmake: 1.3.6 (/opt/ros/humble/share/ament_cmake/cmake)
[1.143s] -- Found Python3: /usr/bin/python3.10 (found version "3.10.12") found components: Interpreter 
[1.370s] -- Found ament_index_cpp: 1.4.0 (/opt/ros/humble/share/ament_index_cpp/cmake)
[1.404s] -- Found builtin_interfaces: 1.2.1 (/opt/ros/humble/share/builtin_interfaces/cmake)
[1.489s] -- Found rosidl_generator_c: 3.1.5 (/opt/ros/humble/share/rosidl_generator_c/cmake)
[1.505s] -- Found rosidl_adapter: 3.1.5 (/opt/ros/humble/share/rosidl_adapter/cmake)
[1.528s] -- Found rosidl_generator_cpp: 3.1.5 (/opt/ros/humble/share/rosidl_generator_cpp/cmake)
[1.558s] -- Using all available rosidl_typesupport_c: rosidl_typesupport_fastrtps_c;rosidl_typesupport_introspection_c
[1.600s] -- Using all available rosidl_typesupport_cpp: rosidl_typesupport_fastrtps_cpp;rosidl_typesupport_introspection_cpp
[1.635s] -- Found cv_bridge: 3.2.1 (/opt/ros/humble/share/cv_bridge/cmake)
[1.974s] -- Found camera_info_manager: 3.1.7 (/opt/ros/humble/share/camera_info_manager/cmake)
[2.160s] -- Found rmw_implementation_cmake: 6.1.1 (/opt/ros/humble/share/rmw_implementation_cmake/cmake)
[2.172s] -- Found rmw_fastrtps_cpp: 6.2.5 (/opt/ros/humble/share/rmw_fastrtps_cpp/cmake)
[2.433s] -- Found OpenSSL: /usr/lib/x86_64-linux-gnu/libcrypto.so (found version "3.0.2")  
[2.478s] -- Found FastRTPS: /opt/ros/humble/include  
[2.564s] -- Using RMW implementation 'rmw_fastrtps_cpp' as default
[2.595s] -- Looking for pthread.h
[2.740s] -- Looking for pthread.h - found
[2.740s] -- Performing Test CMAKE_HAVE_LIBC_PTHREAD
[2.852s] -- Performing Test CMAKE_HAVE_LIBC_PTHREAD - Success
[2.853s] -- Found Threads: TRUE  
[3.207s] -- Found image_transport: 3.1.7 (/opt/ros/humble/share/image_transport/cmake)
[3.332s] -- Found image_publisher: 3.0.0 (/SLAM/ros_ws/install/image_publisher/share/image_publisher/cmake)
[3.484s] -- Found OpenCV: /usr (found version "4.5.4") 
[3.485s] -- Found orbbec_camera_msgs: 1.2.2 (/SLAM/ros_ws/install/orbbec_camera_msgs/share/orbbec_camera_msgs/cmake)
[3.624s] -- Found std_srvs: 4.2.3 (/opt/ros/humble/share/std_srvs/cmake)
[3.667s] -- Found tf2: 0.25.5 (/opt/ros/humble/share/tf2/cmake)
[3.690s] -- Found tf2_eigen: 0.25.5 (/opt/ros/humble/share/tf2_eigen/cmake)
[4.046s] -- Found tf2_sensor_msgs: 0.25.5 (/opt/ros/humble/share/tf2_sensor_msgs/cmake)
[4.092s] -- Found PkgConfig: /usr/bin/pkg-config (found version "0.29.2") 
[4.092s] -- Checking for one of the modules 'libglog'
[4.209s] -- ORRBEC Machine : x86_64
[4.209s] 
[4.209s] -- ORRBEC Machine Bits : 64
[4.210s] 
[4.947s] -- Found ament_lint_auto: 0.12.9 (/opt/ros/humble/share/ament_lint_auto/cmake)
[5.038s] -- Configuring done
[5.159s] -- Generating done
[5.162s] -- Build files have been written to: /SLAM/ros_ws/build/orbbec_camera
