[0.000000] (-) TimerEvent: {}
[0.000307] (-) JobUnselected: {'identifier': 'astra_camera'}
[0.000566] (-) JobUnselected: {'identifier': 'astra_camera_msgs'}
[0.000691] (-) JobUnselected: {'identifier': 'br2_basics'}
[0.000764] (-) JobUnselected: {'identifier': 'br2_bt_bumpgo'}
[0.000800] (-) JobUnselected: {'identifier': 'br2_bt_patrolling'}
[0.000857] (-) JobUnselected: {'identifier': 'br2_fsm_bumpgo_cpp'}
[0.000932] (-) JobUnselected: {'identifier': 'br2_fsm_bumpgo_py'}
[0.000965] (-) JobUnselected: {'identifier': 'br2_navigation'}
[0.001030] (-) JobUnselected: {'identifier': 'br2_tf2_detector'}
[0.001073] (-) JobUnselected: {'identifier': 'br2_tiago'}
[0.001132] (-) JobUnselected: {'identifier': 'br2_tracking'}
[0.001151] (-) JobUnselected: {'identifier': 'br2_tracking_msgs'}
[0.001167] (-) JobUnselected: {'identifier': 'br2_vff_avoidance'}
[0.001198] (-) JobUnselected: {'identifier': 'camera_calibration'}
[0.001238] (-) JobUnselected: {'identifier': 'depth_image_proc'}
[0.001263] (-) JobUnselected: {'identifier': 'groot'}
[0.001307] (-) JobUnselected: {'identifier': 'hey5_description'}
[0.001337] (-) JobUnselected: {'identifier': 'image_pipeline'}
[0.001380] (-) JobUnselected: {'identifier': 'image_proc'}
[0.001413] (-) JobUnselected: {'identifier': 'image_publisher'}
[0.001456] (-) JobUnselected: {'identifier': 'image_rotate'}
[0.001471] (-) JobUnselected: {'identifier': 'image_view'}
[0.001486] (-) JobUnselected: {'identifier': 'learning_tf2_py'}
[0.001501] (-) JobUnselected: {'identifier': 'my_robot_controller'}
[0.001525] (-) JobUnselected: {'identifier': 'pal_gazebo_worlds'}
[0.001560] (-) JobUnselected: {'identifier': 'pal_gripper'}
[0.001585] (-) JobUnselected: {'identifier': 'pal_gripper_controller_configuration'}
[0.001628] (-) JobUnselected: {'identifier': 'pal_gripper_description'}
[0.001656] (-) JobUnselected: {'identifier': 'pmb2_2dnav'}
[0.001699] (-) JobUnselected: {'identifier': 'pmb2_bringup'}
[0.001713] (-) JobUnselected: {'identifier': 'pmb2_controller_configuration'}
[0.001727] (-) JobUnselected: {'identifier': 'pmb2_description'}
[0.001742] (-) JobUnselected: {'identifier': 'pmb2_laser_sensors'}
[0.001765] (-) JobUnselected: {'identifier': 'pmb2_maps'}
[0.001809] (-) JobUnselected: {'identifier': 'pmb2_navigation'}
[0.001854] (-) JobUnselected: {'identifier': 'pmb2_robot'}
[0.001869] (-) JobUnselected: {'identifier': 'rf2o_laser_odometry'}
[0.001882] (-) JobUnselected: {'identifier': 'rplidar_ros'}
[0.001897] (-) JobUnselected: {'identifier': 'rtabmap'}
[0.001919] (-) JobUnselected: {'identifier': 'rtabmap_conversions'}
[0.001954] (-) JobUnselected: {'identifier': 'rtabmap_demos'}
[0.001979] (-) JobUnselected: {'identifier': 'rtabmap_examples'}
[0.002022] (-) JobUnselected: {'identifier': 'rtabmap_launch'}
[0.002036] (-) JobUnselected: {'identifier': 'rtabmap_msgs'}
[0.002050] (-) JobUnselected: {'identifier': 'rtabmap_odom'}
[0.002064] (-) JobUnselected: {'identifier': 'rtabmap_python'}
[0.002086] (-) JobUnselected: {'identifier': 'rtabmap_ros'}
[0.002129] (-) JobUnselected: {'identifier': 'rtabmap_rviz_plugins'}
[0.002155] (-) JobUnselected: {'identifier': 'rtabmap_slam'}
[0.002200] (-) JobUnselected: {'identifier': 'rtabmap_sync'}
[0.002230] (-) JobUnselected: {'identifier': 'rtabmap_util'}
[0.002274] (-) JobUnselected: {'identifier': 'rtabmap_viz'}
[0.002289] (-) JobUnselected: {'identifier': 'slam_toolbox'}
[0.002302] (-) JobUnselected: {'identifier': 'sllidar_ros2'}
[0.002329] (-) JobUnselected: {'identifier': 'stereo_image_proc'}
[0.002368] (-) JobUnselected: {'identifier': 'tiago_2dnav'}
[0.002393] (-) JobUnselected: {'identifier': 'tiago_bringup'}
[0.002438] (-) JobUnselected: {'identifier': 'tiago_controller_configuration'}
[0.002467] (-) JobUnselected: {'identifier': 'tiago_description'}
[0.002509] (-) JobUnselected: {'identifier': 'tiago_gazebo'}
[0.002526] (-) JobUnselected: {'identifier': 'tiago_laser_sensors'}
[0.002540] (-) JobUnselected: {'identifier': 'tiago_moveit_config'}
[0.002566] (-) JobUnselected: {'identifier': 'tiago_navigation'}
[0.002581] (-) JobUnselected: {'identifier': 'tiago_robot'}
[0.002646] (-) JobUnselected: {'identifier': 'tiago_simulation'}
[0.002693] (-) JobUnselected: {'identifier': 'tracetools_image_pipeline'}
[0.002736] (-) JobUnselected: {'identifier': 'tutourial_intefaces'}
[0.002752] (-) JobUnselected: {'identifier': 'urdf_test'}
[0.002768] (launch_pal) JobQueued: {'identifier': 'launch_pal', 'dependencies': OrderedDict()}
[0.002787] (launch_pal) JobStarted: {'identifier': 'launch_pal'}
[0.099725] (-) TimerEvent: {}
[0.199964] (-) TimerEvent: {}
[0.300218] (-) TimerEvent: {}
[0.400495] (-) TimerEvent: {}
[0.500785] (-) TimerEvent: {}
[0.601077] (-) TimerEvent: {}
[0.701341] (-) TimerEvent: {}
[0.801667] (-) TimerEvent: {}
[0.819652] (launch_pal) Command: {'cmd': ['/usr/bin/python3', 'setup.py', 'develop', '--editable', '--build-directory', '/SLAM/ros_ws/build/launch_pal/build', '--no-deps', 'install_data'], 'cwd': '/SLAM/ros_ws/build/launch_pal', 'env': {'HOSTNAME': 'acer', 'ROS_PACKAGE_PATH': '/SLAM/ros_ws/install/rtabmap_msgs/share', 'GIT_ASKPASS': '/home/ros/.vscode-server/bin/31c37ee8f63491495ac49e43b8544550fbae4533/extensions/git/dist/askpass.sh', 'SHLVL': '2', 'LD_LIBRARY_PATH': '/SLAM/ros_ws/install/tutourial_intefaces/lib:/SLAM/ros_ws/install/stereo_image_proc/lib:/SLAM/ros_ws/install/image_proc/lib:/SLAM/ros_ws/install/tracetools_image_pipeline/lib:/SLAM/ros_ws/install/rtabmap_slam/lib:/SLAM/ros_ws/install/rtabmap_odom/lib:/SLAM/ros_ws/install/rtabmap_util/lib:/SLAM/ros_ws/install/rtabmap_sync/lib:/SLAM/ros_ws/install/rtabmap_rviz_plugins/lib:/SLAM/ros_ws/install/rtabmap_conversions/lib:/SLAM/ros_ws/install/rtabmap_msgs/lib:/SLAM/ros_ws/install/rtabmap/lib:/SLAM/ros_ws/install/more_interfaces/lib:/SLAM/ros_ws/install/image_view/lib:/SLAM/ros_ws/install/image_rotate/lib:/SLAM/ros_ws/install/astra_camera/lib:/SLAM/ros_ws/install/image_publisher/lib:/SLAM/ros_ws/install/depth_image_proc/lib:/SLAM/ros_ws/install/br2_vff_avoidance/lib:/SLAM/ros_ws/install/br2_tracking/lib:/SLAM/ros_ws/install/br2_tracking_msgs/lib:/SLAM/ros_ws/install/br2_tf2_detector/lib:/SLAM/ros_ws/install/br2_bt_patrolling/lib:/SLAM/ros_ws/install/br2_bt_bumpgo/lib:/SLAM/ros_ws/install/astra_camera_msgs/lib:/usr/lib/x86_64-linux-gnu/gazebo-11/plugins:/opt/ros/humble/opt/rviz_ogre_vendor/lib:/opt/ros/humble/lib/x86_64-linux-gnu:/opt/ros/humble/lib', 'BROWSER': '/home/ros/.vscode-server/bin/31c37ee8f63491495ac49e43b8544550fbae4533/bin/helpers/browser.sh', 'HOME': '/home/ros', 'TERM_PROGRAM_VERSION': '1.86.1', 'VSCODE_IPC_HOOK_CLI': '/tmp/vscode-ipc-2bf07a84-4fb4-4201-ac5f-c2418e5a8c8e.sock', 'ROS_PYTHON_VERSION': '3', 'VSCODE_GIT_ASKPASS_MAIN': '/home/ros/.vscode-server/bin/31c37ee8f63491495ac49e43b8544550fbae4533/extensions/git/dist/askpass-main.js', 'VSCODE_GIT_ASKPASS_NODE': '/home/ros/.vscode-server/bin/31c37ee8f63491495ac49e43b8544550fbae4533/node', 'COLORTERM': 'truecolor', 'REMOTE_CONTAINERS': 'true', 'COLCON_PREFIX_PATH': '/SLAM/ros_ws/install', 'ROS_DISTRO': 'humble', 'REMOTE_CONTAINERS_IPC': '/tmp/vscode-remote-containers-ipc-88d07eca-1189-406e-b9c1-cf757d2d96e9.sock', '_': '/usr/bin/colcon', 'ROS_VERSION': '2', 'PKG_CONFIG_PATH': '/SLAM/ros_ws/install/rtabmap_msgs/lib/x86_64-linux-gnu/pkgconfig:/SLAM/ros_ws/install/rtabmap_msgs/lib/pkgconfig:/SLAM/ros_ws/install/rtabmap/lib/x86_64-linux-gnu/pkgconfig:/SLAM/ros_ws/install/rtabmap/lib/pkgconfig', 'TERM': 'xterm-256color', 'ROS_LOCALHOST_ONLY': '0', 'PATH': '/SLAM/ros_ws/install/image_proc/bin:/SLAM/ros_ws/install/rtabmap/bin:/home/ros/.vscode-server/bin/31c37ee8f63491495ac49e43b8544550fbae4533/bin/remote-cli:/opt/ros/humble/bin:/usr/local/sbin:/usr/local/bin:/usr/sbin:/usr/bin:/sbin:/bin', 'REMOTE_CONTAINERS_SOCKETS': '["/tmp/vscode-ssh-auth-88d07eca-1189-406e-b9c1-cf757d2d96e9.sock","/tmp/.X11-unix/X0","/home/ros/.gnupg/S.gpg-agent"]', 'DISPLAY': ':1', 'LANG': 'C.UTF-8', 'VSCODE_GIT_IPC_HANDLE': '/tmp/vscode-git-8b58b44a21.sock', 'TERM_PROGRAM': 'vscode', 'SSH_AUTH_SOCK': '/tmp/vscode-ssh-auth-88d07eca-1189-406e-b9c1-cf757d2d96e9.sock', 'AMENT_PREFIX_PATH': '/SLAM/ros_ws/install/urdf_test:/SLAM/ros_ws/install/tutourial_intefaces:/SLAM/ros_ws/install/image_pipeline:/SLAM/ros_ws/install/stereo_image_proc:/SLAM/ros_ws/install/image_proc:/SLAM/ros_ws/install/tracetools_image_pipeline:/SLAM/ros_ws/install/tiago_simulation:/SLAM/ros_ws/install/tiago_robot:/SLAM/ros_ws/install/tiago_navigation:/SLAM/ros_ws/install/tiago_gazebo:/SLAM/ros_ws/install/tiago_moveit_config:/SLAM/ros_ws/install/tiago_laser_sensors:/SLAM/ros_ws/install/tiago_bringup:/SLAM/ros_ws/install/tiago_description:/SLAM/ros_ws/install/tiago_controller_configuration:/SLAM/ros_ws/install/tiago_2dnav:/SLAM/ros_ws/install/sllidar_ros2:/SLAM/ros_ws/install/rtabmap_ros:/SLAM/ros_ws/install/rtabmap_launch:/SLAM/ros_ws/install/rtabmap_examples:/SLAM/ros_ws/install/rtabmap_demos:/SLAM/ros_ws/install/rtabmap_viz:/SLAM/ros_ws/install/rtabmap_slam:/SLAM/ros_ws/install/rtabmap_odom:/SLAM/ros_ws/install/rtabmap_util:/SLAM/ros_ws/install/rtabmap_sync:/SLAM/ros_ws/install/rtabmap_rviz_plugins:/SLAM/ros_ws/install/rtabmap_python:/SLAM/ros_ws/install/rtabmap_conversions:/SLAM/ros_ws/install/rplidar_ros:/SLAM/ros_ws/install/rf2o_laser_odometry:/SLAM/ros_ws/install/pmb2_robot:/SLAM/ros_ws/install/pmb2_navigation:/SLAM/ros_ws/install/pmb2_2dnav:/SLAM/ros_ws/install/pmb2_maps:/SLAM/ros_ws/install/pmb2_laser_sensors:/SLAM/ros_ws/install/pmb2_bringup:/SLAM/ros_ws/install/pmb2_description:/SLAM/ros_ws/install/pmb2_controller_configuration:/SLAM/ros_ws/install/pal_gripper:/SLAM/ros_ws/install/pal_gripper_description:/SLAM/ros_ws/install/pal_gripper_controller_configuration:/SLAM/ros_ws/install/pal_gazebo_worlds:/SLAM/ros_ws/install/my_robot_controller:/SLAM/ros_ws/install/more_interfaces:/SLAM/ros_ws/install/learning_tf2_py:/SLAM/ros_ws/install/launch_pal:/SLAM/ros_ws/install/image_rotate:/SLAM/ros_ws/install/astra_camera:/SLAM/ros_ws/install/image_publisher:/SLAM/ros_ws/install/hey5_description:/SLAM/ros_ws/install/depth_image_proc:/SLAM/ros_ws/install/cpp_srvcli:/SLAM/ros_ws/install/cpp_pubsub:/SLAM/ros_ws/install/camera_calibration:/SLAM/ros_ws/install/br2_vff_avoidance:/SLAM/ros_ws/install/br2_tracking:/SLAM/ros_ws/install/br2_tracking_msgs:/SLAM/ros_ws/install/br2_tiago:/SLAM/ros_ws/install/br2_tf2_detector:/SLAM/ros_ws/install/br2_navigation:/SLAM/ros_ws/install/br2_fsm_bumpgo_py:/SLAM/ros_ws/install/br2_fsm_bumpgo_cpp:/SLAM/ros_ws/install/br2_bt_patrolling:/SLAM/ros_ws/install/br2_bt_bumpgo:/SLAM/ros_ws/install/br2_basics:/SLAM/ros_ws/install/astra_camera_msgs:/opt/ros/humble', 'REMOTE_CONTAINERS_DISPLAY_SOCK': '/tmp/.X11-unix/X0', 'SHELL': '/bin/bash', 'VSCODE_GIT_ASKPASS_EXTRA_ARGS': '', 'PWD': '/SLAM/ros_ws/build/launch_pal', 'LC_ALL': 'C.UTF-8', 'PYTHONPATH': '/SLAM/ros_ws/build/launch_pal/prefix_override:/SLAM/ros_ws/install/launch_pal/lib/python3.10/site-packages:/SLAM/ros_ws/install/urdf_test/local/lib/python3.10/dist-packages:/SLAM/ros_ws/install/tutourial_intefaces/local/lib/python3.10/dist-packages:/SLAM/ros_ws/install/tiago_description/local/lib/python3.10/dist-packages:/SLAM/ros_ws/build/rtabmap_python:/SLAM/ros_ws/install/rtabmap_python/lib/python3.10/site-packages:/SLAM/ros_ws/install/rtabmap_msgs/local/lib/python3.10/dist-packages:/SLAM/ros_ws/install/pmb2_description/local/lib/python3.10/dist-packages:/SLAM/ros_ws/build/my_robot_controller:/SLAM/ros_ws/install/my_robot_controller/lib/python3.10/site-packages:/SLAM/ros_ws/install/more_interfaces/local/lib/python3.10/dist-packages:/SLAM/ros_ws/install/learning_tf2_py/lib/python3.10/site-packages:/SLAM/ros_ws/build/launch_pal:/SLAM/ros_ws/install/launch_pal/lib/python3.10/site-packages:/SLAM/ros_ws/build/camera_calibration/src:/SLAM/ros_ws/install/camera_calibration/lib/python3.10/site-packages:/SLAM/ros_ws/install/br2_tracking_msgs/local/lib/python3.10/dist-packages:/SLAM/ros_ws/build/br2_fsm_bumpgo_py:/SLAM/ros_ws/install/br2_fsm_bumpgo_py/lib/python3.10/site-packages:/SLAM/ros_ws/install/astra_camera_msgs/local/lib/python3.10/dist-packages:/opt/ros/humble/lib/python3.10/site-packages:/opt/ros/humble/local/lib/python3.10/dist-packages', 'COLCON': '1', 'CMAKE_PREFIX_PATH': '/SLAM/ros_ws/install/urdf_test:/SLAM/ros_ws/install/tutourial_intefaces:/SLAM/ros_ws/install/image_pipeline:/SLAM/ros_ws/install/stereo_image_proc:/SLAM/ros_ws/install/image_proc:/SLAM/ros_ws/install/tracetools_image_pipeline:/SLAM/ros_ws/install/tiago_simulation:/SLAM/ros_ws/install/tiago_robot:/SLAM/ros_ws/install/tiago_navigation:/SLAM/ros_ws/install/tiago_gazebo:/SLAM/ros_ws/install/tiago_moveit_config:/SLAM/ros_ws/install/tiago_laser_sensors:/SLAM/ros_ws/install/tiago_bringup:/SLAM/ros_ws/install/tiago_description:/SLAM/ros_ws/install/tiago_controller_configuration:/SLAM/ros_ws/install/tiago_2dnav:/SLAM/ros_ws/install/sllidar_ros2:/SLAM/ros_ws/install/rtabmap_ros:/SLAM/ros_ws/install/rtabmap_launch:/SLAM/ros_ws/install/rtabmap_examples:/SLAM/ros_ws/install/rtabmap_demos:/SLAM/ros_ws/install/rtabmap_viz:/SLAM/ros_ws/install/rtabmap_slam:/SLAM/ros_ws/install/rtabmap_odom:/SLAM/ros_ws/install/rtabmap_util:/SLAM/ros_ws/install/rtabmap_sync:/SLAM/ros_ws/install/rtabmap_rviz_plugins:/SLAM/ros_ws/install/rtabmap_conversions:/SLAM/ros_ws/install/rtabmap_msgs:/SLAM/ros_ws/install/rtabmap:/SLAM/ros_ws/install/rplidar_ros:/SLAM/ros_ws/install/rf2o_laser_odometry:/SLAM/ros_ws/install/pmb2_robot:/SLAM/ros_ws/install/pmb2_navigation:/SLAM/ros_ws/install/pmb2_2dnav:/SLAM/ros_ws/install/pmb2_maps:/SLAM/ros_ws/install/pmb2_laser_sensors:/SLAM/ros_ws/install/pmb2_bringup:/SLAM/ros_ws/install/pmb2_description:/SLAM/ros_ws/install/pmb2_controller_configuration:/SLAM/ros_ws/install/pal_gripper:/SLAM/ros_ws/install/pal_gripper_description:/SLAM/ros_ws/install/pal_gripper_controller_configuration:/SLAM/ros_ws/install/pal_gazebo_worlds:/SLAM/ros_ws/install/more_interfaces:/SLAM/ros_ws/install/image_view:/SLAM/ros_ws/install/image_rotate:/SLAM/ros_ws/install/astra_camera:/SLAM/ros_ws/install/image_publisher:/SLAM/ros_ws/install/hey5_description:/SLAM/ros_ws/install/depth_image_proc:/SLAM/ros_ws/install/cpp_srvcli:/SLAM/ros_ws/install/cpp_pubsub:/SLAM/ros_ws/install/br2_vff_avoidance:/SLAM/ros_ws/install/br2_tracking:/SLAM/ros_ws/install/br2_tracking_msgs:/SLAM/ros_ws/install/br2_tiago:/SLAM/ros_ws/install/br2_tf2_detector:/SLAM/ros_ws/install/br2_navigation:/SLAM/ros_ws/install/br2_fsm_bumpgo_cpp:/SLAM/ros_ws/install/br2_bt_patrolling:/SLAM/ros_ws/install/br2_bt_bumpgo:/SLAM/ros_ws/install/br2_basics:/SLAM/ros_ws/install/astra_camera_msgs'}, 'shell': False}
[0.901762] (-) TimerEvent: {}
[1.002043] (-) TimerEvent: {}
[1.058050] (launch_pal) StdoutLine: {'line': b'running develop\n'}
[1.060015] (launch_pal) StderrLine: {'line': b'/usr/lib/python3/dist-packages/setuptools/command/easy_install.py:158: EasyInstallDeprecationWarning: easy_install command is deprecated. Use build and pip and other standards-based tools.\n'}
[1.060191] (launch_pal) StderrLine: {'line': b'  warnings.warn(\n'}
[1.061468] (launch_pal) StderrLine: {'line': b'/usr/lib/python3/dist-packages/setuptools/command/install.py:34: SetuptoolsDeprecationWarning: setup.py install is deprecated. Use build and pip and other standards-based tools.\n'}
[1.061596] (launch_pal) StderrLine: {'line': b'  warnings.warn(\n'}
[1.102116] (-) TimerEvent: {}
[1.198387] (launch_pal) StdoutLine: {'line': b'running egg_info\n'}
[1.198576] (launch_pal) StdoutLine: {'line': b'writing launch_pal.egg-info/PKG-INFO\n'}
[1.198769] (launch_pal) StdoutLine: {'line': b'writing dependency_links to launch_pal.egg-info/dependency_links.txt\n'}
[1.198890] (launch_pal) StdoutLine: {'line': b'writing entry points to launch_pal.egg-info/entry_points.txt\n'}
[1.198990] (launch_pal) StdoutLine: {'line': b'writing requirements to launch_pal.egg-info/requires.txt\n'}
[1.199080] (launch_pal) StdoutLine: {'line': b'writing top-level names to launch_pal.egg-info/top_level.txt\n'}
[1.201003] (launch_pal) StdoutLine: {'line': b"reading manifest file 'launch_pal.egg-info/SOURCES.txt'\n"}
[1.202124] (launch_pal) StdoutLine: {'line': b"writing manifest file 'launch_pal.egg-info/SOURCES.txt'\n"}
[1.202231] (-) TimerEvent: {}
[1.203569] (launch_pal) StdoutLine: {'line': b'running build_ext\n'}
[1.203786] (launch_pal) StdoutLine: {'line': b'Creating /SLAM/ros_ws/install/launch_pal/lib/python3.10/site-packages/launch-pal.egg-link (link to .)\n'}
[1.204451] (launch_pal) StdoutLine: {'line': b'\n'}
[1.204565] (launch_pal) StdoutLine: {'line': b'Installed /SLAM/ros_ws/build/launch_pal\n'}
[1.204642] (launch_pal) StdoutLine: {'line': b'running install_data\n'}
[1.232024] (launch_pal) CommandEnded: {'returncode': 0}
[1.294897] (launch_pal) JobEnded: {'identifier': 'launch_pal', 'rc': 0}
[1.295700] (-) EventReactorShutdown: {}
