[0.063s] Invoking command in '/SLAM/ros_ws/build/br2_tiago': CMAKE_PREFIX_PATH=/SLAM/ros_ws/install/tutourial_intefaces:/SLAM/ros_ws/install/image_pipeline:/SLAM/ros_ws/install/stereo_image_proc:/SLAM/ros_ws/install/image_proc:/SLAM/ros_ws/install/tracetools_image_pipeline:/SLAM/ros_ws/install/sllidar_ros2:/SLAM/ros_ws/install/rtabmap_ros:/SLAM/ros_ws/install/rtabmap_launch:/SLAM/ros_ws/install/rtabmap_examples:/SLAM/ros_ws/install/rtabmap_demos:/SLAM/ros_ws/install/rtabmap_viz:/SLAM/ros_ws/install/rtabmap_slam:/SLAM/ros_ws/install/rtabmap_odom:/SLAM/ros_ws/install/rtabmap_util:/SLAM/ros_ws/install/rtabmap_sync:/SLAM/ros_ws/install/rtabmap_rviz_plugins:/SLAM/ros_ws/install/rtabmap_conversions:/SLAM/ros_ws/install/rtabmap_python:/SLAM/ros_ws/install/my_robot_controller:/SLAM/ros_ws/install/camera_calibration:/opt/ros/humble:/SLAM/ros_ws/install/rtabmap_msgs:/SLAM/ros_ws/install/rtabmap:/SLAM/ros_ws/install/rplidar_ros:/SLAM/ros_ws/install/rf2o_laser_odometry:/SLAM/ros_ws/install/more_interfaces:/SLAM/ros_ws/install/image_view:/SLAM/ros_ws/install/image_rotate:/SLAM/ros_ws/install/astra_camera:/SLAM/ros_ws/install/image_publisher:/SLAM/ros_ws/install/depth_image_proc:/SLAM/ros_ws/install/cpp_srvcli:/SLAM/ros_ws/install/cpp_pubsub:/SLAM/ros_ws/install/astra_camera_msgs /usr/bin/cmake /SLAM/ros_ws/src/book_ros2/br2_tiago -DAMENT_CMAKE_SYMLINK_INSTALL=1 -DCMAKE_INSTALL_PREFIX=/SLAM/ros_ws/install/br2_tiago
[0.126s] -- The C compiler identification is GNU 11.4.0
[0.178s] -- The CXX compiler identification is GNU 11.4.0
[0.186s] -- Detecting C compiler ABI info
[0.266s] -- Detecting C compiler ABI info - done
[0.271s] -- Check for working C compiler: /usr/bin/cc - skipped
[0.271s] -- Detecting C compile features
[0.272s] -- Detecting C compile features - done
[0.274s] -- Detecting CXX compiler ABI info
[0.363s] -- Detecting CXX compiler ABI info - done
[0.370s] -- Check for working CXX compiler: /usr/bin/c++ - skipped
[0.371s] -- Detecting CXX compile features
[0.371s] -- Detecting CXX compile features - done
[0.380s] -- Found ament_cmake: 1.3.6 (/opt/ros/humble/share/ament_cmake/cmake)
[0.564s] -- Found Python3: /usr/bin/python3.10 (found version "3.10.12") found components: Interpreter 
[0.622s] -- Override CMake install command with custom implementation using symlinks instead of copying resources
[0.754s] -- Configuring done
[0.757s] -- Generating done
[0.758s] -- Build files have been written to: /SLAM/ros_ws/build/br2_tiago
[0.762s] Invoked command in '/SLAM/ros_ws/build/br2_tiago' returned '0': CMAKE_PREFIX_PATH=/SLAM/ros_ws/install/tutourial_intefaces:/SLAM/ros_ws/install/image_pipeline:/SLAM/ros_ws/install/stereo_image_proc:/SLAM/ros_ws/install/image_proc:/SLAM/ros_ws/install/tracetools_image_pipeline:/SLAM/ros_ws/install/sllidar_ros2:/SLAM/ros_ws/install/rtabmap_ros:/SLAM/ros_ws/install/rtabmap_launch:/SLAM/ros_ws/install/rtabmap_examples:/SLAM/ros_ws/install/rtabmap_demos:/SLAM/ros_ws/install/rtabmap_viz:/SLAM/ros_ws/install/rtabmap_slam:/SLAM/ros_ws/install/rtabmap_odom:/SLAM/ros_ws/install/rtabmap_util:/SLAM/ros_ws/install/rtabmap_sync:/SLAM/ros_ws/install/rtabmap_rviz_plugins:/SLAM/ros_ws/install/rtabmap_conversions:/SLAM/ros_ws/install/rtabmap_python:/SLAM/ros_ws/install/my_robot_controller:/SLAM/ros_ws/install/camera_calibration:/opt/ros/humble:/SLAM/ros_ws/install/rtabmap_msgs:/SLAM/ros_ws/install/rtabmap:/SLAM/ros_ws/install/rplidar_ros:/SLAM/ros_ws/install/rf2o_laser_odometry:/SLAM/ros_ws/install/more_interfaces:/SLAM/ros_ws/install/image_view:/SLAM/ros_ws/install/image_rotate:/SLAM/ros_ws/install/astra_camera:/SLAM/ros_ws/install/image_publisher:/SLAM/ros_ws/install/depth_image_proc:/SLAM/ros_ws/install/cpp_srvcli:/SLAM/ros_ws/install/cpp_pubsub:/SLAM/ros_ws/install/astra_camera_msgs /usr/bin/cmake /SLAM/ros_ws/src/book_ros2/br2_tiago -DAMENT_CMAKE_SYMLINK_INSTALL=1 -DCMAKE_INSTALL_PREFIX=/SLAM/ros_ws/install/br2_tiago
[0.764s] Invoking command in '/SLAM/ros_ws/build/br2_tiago': CMAKE_PREFIX_PATH=/SLAM/ros_ws/install/tutourial_intefaces:/SLAM/ros_ws/install/image_pipeline:/SLAM/ros_ws/install/stereo_image_proc:/SLAM/ros_ws/install/image_proc:/SLAM/ros_ws/install/tracetools_image_pipeline:/SLAM/ros_ws/install/sllidar_ros2:/SLAM/ros_ws/install/rtabmap_ros:/SLAM/ros_ws/install/rtabmap_launch:/SLAM/ros_ws/install/rtabmap_examples:/SLAM/ros_ws/install/rtabmap_demos:/SLAM/ros_ws/install/rtabmap_viz:/SLAM/ros_ws/install/rtabmap_slam:/SLAM/ros_ws/install/rtabmap_odom:/SLAM/ros_ws/install/rtabmap_util:/SLAM/ros_ws/install/rtabmap_sync:/SLAM/ros_ws/install/rtabmap_rviz_plugins:/SLAM/ros_ws/install/rtabmap_conversions:/SLAM/ros_ws/install/rtabmap_python:/SLAM/ros_ws/install/my_robot_controller:/SLAM/ros_ws/install/camera_calibration:/opt/ros/humble:/SLAM/ros_ws/install/rtabmap_msgs:/SLAM/ros_ws/install/rtabmap:/SLAM/ros_ws/install/rplidar_ros:/SLAM/ros_ws/install/rf2o_laser_odometry:/SLAM/ros_ws/install/more_interfaces:/SLAM/ros_ws/install/image_view:/SLAM/ros_ws/install/image_rotate:/SLAM/ros_ws/install/astra_camera:/SLAM/ros_ws/install/image_publisher:/SLAM/ros_ws/install/depth_image_proc:/SLAM/ros_ws/install/cpp_srvcli:/SLAM/ros_ws/install/cpp_pubsub:/SLAM/ros_ws/install/astra_camera_msgs /usr/bin/cmake --build /SLAM/ros_ws/build/br2_tiago -- -j16 -l16
[0.813s] Invoked command in '/SLAM/ros_ws/build/br2_tiago' returned '0': CMAKE_PREFIX_PATH=/SLAM/ros_ws/install/tutourial_intefaces:/SLAM/ros_ws/install/image_pipeline:/SLAM/ros_ws/install/stereo_image_proc:/SLAM/ros_ws/install/image_proc:/SLAM/ros_ws/install/tracetools_image_pipeline:/SLAM/ros_ws/install/sllidar_ros2:/SLAM/ros_ws/install/rtabmap_ros:/SLAM/ros_ws/install/rtabmap_launch:/SLAM/ros_ws/install/rtabmap_examples:/SLAM/ros_ws/install/rtabmap_demos:/SLAM/ros_ws/install/rtabmap_viz:/SLAM/ros_ws/install/rtabmap_slam:/SLAM/ros_ws/install/rtabmap_odom:/SLAM/ros_ws/install/rtabmap_util:/SLAM/ros_ws/install/rtabmap_sync:/SLAM/ros_ws/install/rtabmap_rviz_plugins:/SLAM/ros_ws/install/rtabmap_conversions:/SLAM/ros_ws/install/rtabmap_python:/SLAM/ros_ws/install/my_robot_controller:/SLAM/ros_ws/install/camera_calibration:/opt/ros/humble:/SLAM/ros_ws/install/rtabmap_msgs:/SLAM/ros_ws/install/rtabmap:/SLAM/ros_ws/install/rplidar_ros:/SLAM/ros_ws/install/rf2o_laser_odometry:/SLAM/ros_ws/install/more_interfaces:/SLAM/ros_ws/install/image_view:/SLAM/ros_ws/install/image_rotate:/SLAM/ros_ws/install/astra_camera:/SLAM/ros_ws/install/image_publisher:/SLAM/ros_ws/install/depth_image_proc:/SLAM/ros_ws/install/cpp_srvcli:/SLAM/ros_ws/install/cpp_pubsub:/SLAM/ros_ws/install/astra_camera_msgs /usr/bin/cmake --build /SLAM/ros_ws/build/br2_tiago -- -j16 -l16
[0.861s] Invoking command in '/SLAM/ros_ws/build/br2_tiago': CMAKE_PREFIX_PATH=/SLAM/ros_ws/install/tutourial_intefaces:/SLAM/ros_ws/install/image_pipeline:/SLAM/ros_ws/install/stereo_image_proc:/SLAM/ros_ws/install/image_proc:/SLAM/ros_ws/install/tracetools_image_pipeline:/SLAM/ros_ws/install/sllidar_ros2:/SLAM/ros_ws/install/rtabmap_ros:/SLAM/ros_ws/install/rtabmap_launch:/SLAM/ros_ws/install/rtabmap_examples:/SLAM/ros_ws/install/rtabmap_demos:/SLAM/ros_ws/install/rtabmap_viz:/SLAM/ros_ws/install/rtabmap_slam:/SLAM/ros_ws/install/rtabmap_odom:/SLAM/ros_ws/install/rtabmap_util:/SLAM/ros_ws/install/rtabmap_sync:/SLAM/ros_ws/install/rtabmap_rviz_plugins:/SLAM/ros_ws/install/rtabmap_conversions:/SLAM/ros_ws/install/rtabmap_python:/SLAM/ros_ws/install/my_robot_controller:/SLAM/ros_ws/install/camera_calibration:/opt/ros/humble:/SLAM/ros_ws/install/rtabmap_msgs:/SLAM/ros_ws/install/rtabmap:/SLAM/ros_ws/install/rplidar_ros:/SLAM/ros_ws/install/rf2o_laser_odometry:/SLAM/ros_ws/install/more_interfaces:/SLAM/ros_ws/install/image_view:/SLAM/ros_ws/install/image_rotate:/SLAM/ros_ws/install/astra_camera:/SLAM/ros_ws/install/image_publisher:/SLAM/ros_ws/install/depth_image_proc:/SLAM/ros_ws/install/cpp_srvcli:/SLAM/ros_ws/install/cpp_pubsub:/SLAM/ros_ws/install/astra_camera_msgs /usr/bin/cmake --install /SLAM/ros_ws/build/br2_tiago
[0.870s] -- Install configuration: ""
[0.871s] -- Execute custom install script
[0.871s] -- Symlinking: /SLAM/ros_ws/install/br2_tiago/share/br2_tiago/launch/sim.launch.py
[0.883s] -- Symlinking: /SLAM/ros_ws/install/br2_tiago/share/ament_index/resource_index/package_run_dependencies/br2_tiago
[0.893s] -- Symlinking: /SLAM/ros_ws/install/br2_tiago/share/ament_index/resource_index/parent_prefix_path/br2_tiago
[0.905s] -- Symlinking: /SLAM/ros_ws/install/br2_tiago/share/br2_tiago/environment/ament_prefix_path.sh
[0.917s] -- Symlinking: /SLAM/ros_ws/install/br2_tiago/share/br2_tiago/environment/ament_prefix_path.dsv
[0.929s] -- Symlinking: /SLAM/ros_ws/install/br2_tiago/share/br2_tiago/environment/path.sh
[0.940s] -- Symlinking: /SLAM/ros_ws/install/br2_tiago/share/br2_tiago/environment/path.dsv
[0.951s] -- Symlinking: /SLAM/ros_ws/install/br2_tiago/share/br2_tiago/local_setup.bash
[0.962s] -- Symlinking: /SLAM/ros_ws/install/br2_tiago/share/br2_tiago/local_setup.sh
[0.974s] -- Symlinking: /SLAM/ros_ws/install/br2_tiago/share/br2_tiago/local_setup.zsh
[0.986s] -- Symlinking: /SLAM/ros_ws/install/br2_tiago/share/br2_tiago/local_setup.dsv
[0.997s] -- Symlinking: /SLAM/ros_ws/install/br2_tiago/share/br2_tiago/package.dsv
[1.010s] -- Symlinking: /SLAM/ros_ws/install/br2_tiago/share/ament_index/resource_index/packages/br2_tiago
[1.023s] -- Symlinking: /SLAM/ros_ws/install/br2_tiago/share/br2_tiago/cmake/br2_tiagoConfig.cmake
[1.035s] -- Symlinking: /SLAM/ros_ws/install/br2_tiago/share/br2_tiago/cmake/br2_tiagoConfig-version.cmake
[1.047s] -- Symlinking: /SLAM/ros_ws/install/br2_tiago/share/br2_tiago/package.xml
[1.061s] Invoked command in '/SLAM/ros_ws/build/br2_tiago' returned '0': CMAKE_PREFIX_PATH=/SLAM/ros_ws/install/tutourial_intefaces:/SLAM/ros_ws/install/image_pipeline:/SLAM/ros_ws/install/stereo_image_proc:/SLAM/ros_ws/install/image_proc:/SLAM/ros_ws/install/tracetools_image_pipeline:/SLAM/ros_ws/install/sllidar_ros2:/SLAM/ros_ws/install/rtabmap_ros:/SLAM/ros_ws/install/rtabmap_launch:/SLAM/ros_ws/install/rtabmap_examples:/SLAM/ros_ws/install/rtabmap_demos:/SLAM/ros_ws/install/rtabmap_viz:/SLAM/ros_ws/install/rtabmap_slam:/SLAM/ros_ws/install/rtabmap_odom:/SLAM/ros_ws/install/rtabmap_util:/SLAM/ros_ws/install/rtabmap_sync:/SLAM/ros_ws/install/rtabmap_rviz_plugins:/SLAM/ros_ws/install/rtabmap_conversions:/SLAM/ros_ws/install/rtabmap_python:/SLAM/ros_ws/install/my_robot_controller:/SLAM/ros_ws/install/camera_calibration:/opt/ros/humble:/SLAM/ros_ws/install/rtabmap_msgs:/SLAM/ros_ws/install/rtabmap:/SLAM/ros_ws/install/rplidar_ros:/SLAM/ros_ws/install/rf2o_laser_odometry:/SLAM/ros_ws/install/more_interfaces:/SLAM/ros_ws/install/image_view:/SLAM/ros_ws/install/image_rotate:/SLAM/ros_ws/install/astra_camera:/SLAM/ros_ws/install/image_publisher:/SLAM/ros_ws/install/depth_image_proc:/SLAM/ros_ws/install/cpp_srvcli:/SLAM/ros_ws/install/cpp_pubsub:/SLAM/ros_ws/install/astra_camera_msgs /usr/bin/cmake --install /SLAM/ros_ws/build/br2_tiago
