[0.045s] Invoking command in '/home/khanh/Documents/SLAM/ros_ws/build/rtabmap_conversions': CMAKE_PREFIX_PATH=/opt/ros/humble:/home/khanh/Documents/SLAM/ros_ws/install/rtabmap_msgs:/home/khanh/Documents/SLAM/ros_ws/install/rtabmap LD_LIBRARY_PATH=/home/khanh/Documents/SLAM/ros_ws/install/rtabmap_msgs/lib:/home/khanh/Documents/SLAM/ros_ws/install/rtabmap/lib:${LD_LIBRARY_PATH} PATH=/home/khanh/Documents/SLAM/ros_ws/install/rtabmap/bin:${PATH} PKG_CONFIG_PATH=/home/khanh/Documents/SLAM/ros_ws/install/rtabmap_msgs/lib/x86_64-linux-gnu/pkgconfig:/home/khanh/Documents/SLAM/ros_ws/install/rtabmap_msgs/lib/pkgconfig:/home/khanh/Documents/SLAM/ros_ws/install/rtabmap/lib/x86_64-linux-gnu/pkgconfig:/home/khanh/Documents/SLAM/ros_ws/install/rtabmap/lib/pkgconfig PYTHONPATH=/home/khanh/Documents/SLAM/ros_ws/install/rtabmap_msgs/local/lib/python3.10/dist-packages:${PYTHONPATH} ROS_PACKAGE_PATH=/home/khanh/Documents/SLAM/ros_ws/install/rtabmap_msgs/share /usr/bin/cmake --build /home/khanh/Documents/SLAM/ros_ws/build/rtabmap_conversions
[0.074s] -- Found ament_cmake: 1.3.6 (/opt/ros/humble/share/ament_cmake/cmake)
[0.190s] -- Override CMake install command with custom implementation using symlinks instead of copying resources
[0.207s] -- Found cv_bridge: 3.2.1 (/opt/ros/humble/share/cv_bridge/cmake)
[0.247s] -- Found rosidl_generator_c: 3.1.5 (/opt/ros/humble/share/rosidl_generator_c/cmake)
[0.250s] -- Found rosidl_adapter: 3.1.5 (/opt/ros/humble/share/rosidl_adapter/cmake)
[0.258s] -- Found rosidl_generator_cpp: 3.1.5 (/opt/ros/humble/share/rosidl_generator_cpp/cmake)
[0.271s] -- Using all available rosidl_typesupport_c: rosidl_typesupport_fastrtps_c;rosidl_typesupport_introspection_c
[0.287s] -- Using all available rosidl_typesupport_cpp: rosidl_typesupport_fastrtps_cpp;rosidl_typesupport_introspection_cpp
[0.463s] -- Found image_geometry: 3.2.1 (/opt/ros/humble/share/image_geometry/cmake)
[0.469s] -- Found laser_geometry: 2.4.0 (/opt/ros/humble/share/laser_geometry/cmake)
[0.525s] -- Found rmw_implementation_cmake: 6.1.1 (/opt/ros/humble/share/rmw_implementation_cmake/cmake)
[0.528s] -- Found rmw_fastrtps_cpp: 6.2.5 (/opt/ros/humble/share/rmw_fastrtps_cpp/cmake)
[0.647s] -- Using RMW implementation 'rmw_fastrtps_cpp' as default
[0.775s] -- Found pcl_conversions: 2.4.0 (/opt/ros/humble/share/pcl_conversions/cmake)
[0.879s] -- Found rtabmap_msgs: 0.21.2 (/home/khanh/Documents/SLAM/ros_ws/install/rtabmap_msgs/share/rtabmap_msgs/cmake)
[0.934s] -- Found tf2_eigen: 0.25.5 (/opt/ros/humble/share/tf2_eigen/cmake)
[1.213s] -- Found tf2_geometry_msgs: 0.25.5 (/opt/ros/humble/share/tf2_geometry_msgs/cmake)
[1.219s] -- Found Eigen3: TRUE (found version "3.4.0") 
[1.219s] -- Ensuring Eigen3 include directory is part of orocos-kdl CMake target
[1.241s] -- Eigen found (include: /usr/include/eigen3, version: 3.4.0)
[1.265s] -- OpenNI found (version: 1.5.4.0, include: /usr/include/ni, lib: /usr/lib/libOpenNI.so;libusb::libusb)
[1.270s] -- OpenNI2 found (version: 2.2.0.33, include: /usr/include/openni2, lib: /usr/lib/x86_64-linux-gnu/libOpenNI2.so;libusb::libusb)
[1.270s] [0m** WARNING ** io features related to pcap will be disabled[0m
[1.270s] [0m** WARNING ** io features related to png will be disabled[0m
[1.511s] -- Found Eigen3: /usr/include/eigen3 (found version "3.4.0") 
[1.653s] -- Eigen found (include: /usr/include/eigen3, version: 3.4.0)
[1.674s] -- FLANN found (include: /usr/include, lib: /usr/lib/x86_64-linux-gnu/libflann_cpp.so)
[1.676s] -- Found Qhull version 8.0.2
[2.030s] -- OpenNI found (version: 1.5.4.0, include: /usr/include/ni, lib: /usr/lib/libOpenNI.so;libusb::libusb)
[2.037s] -- OpenNI2 found (version: 2.2.0.33, include: /usr/include/openni2, lib: /usr/lib/x86_64-linux-gnu/libOpenNI2.so;libusb::libusb)
[2.153s] -- looking for PCL_COMMON
[2.153s] -- looking for PCL_OCTREE
[2.153s] -- looking for PCL_IO
[2.153s] -- looking for PCL_KDTREE
[2.154s] -- looking for PCL_SEARCH
[2.154s] -- looking for PCL_SURFACE
[2.154s] -- looking for PCL_FILTERS
[2.155s] -- looking for PCL_2D
[2.155s] -- looking for PCL_FEATURES
[2.155s] -- looking for PCL_REGISTRATION
[2.155s] -- looking for PCL_SAMPLE_CONSENSUS
[2.156s] -- looking for PCL_GEOMETRY
[2.156s] -- looking for PCL_ML
[2.156s] -- looking for PCL_SEGMENTATION
[2.156s] -- looking for PCL_VISUALIZATION
[2.274s] -- Configuring done
[2.353s] -- Generating done
[2.356s] -- Build files have been written to: /home/khanh/Documents/SLAM/ros_ws/build/rtabmap_conversions
[2.399s] [ 50%] [32mBuilding CXX object CMakeFiles/rtabmap_conversions.dir/src/MsgConversion.cpp.o[0m
[16.550s] [100%] [32m[1mLinking CXX shared library librtabmap_conversions.so[0m
[17.176s] [100%] Built target rtabmap_conversions
[17.188s] Invoked command in '/home/khanh/Documents/SLAM/ros_ws/build/rtabmap_conversions' returned '0': CMAKE_PREFIX_PATH=/opt/ros/humble:/home/khanh/Documents/SLAM/ros_ws/install/rtabmap_msgs:/home/khanh/Documents/SLAM/ros_ws/install/rtabmap LD_LIBRARY_PATH=/home/khanh/Documents/SLAM/ros_ws/install/rtabmap_msgs/lib:/home/khanh/Documents/SLAM/ros_ws/install/rtabmap/lib:${LD_LIBRARY_PATH} PATH=/home/khanh/Documents/SLAM/ros_ws/install/rtabmap/bin:${PATH} PKG_CONFIG_PATH=/home/khanh/Documents/SLAM/ros_ws/install/rtabmap_msgs/lib/x86_64-linux-gnu/pkgconfig:/home/khanh/Documents/SLAM/ros_ws/install/rtabmap_msgs/lib/pkgconfig:/home/khanh/Documents/SLAM/ros_ws/install/rtabmap/lib/x86_64-linux-gnu/pkgconfig:/home/khanh/Documents/SLAM/ros_ws/install/rtabmap/lib/pkgconfig PYTHONPATH=/home/khanh/Documents/SLAM/ros_ws/install/rtabmap_msgs/local/lib/python3.10/dist-packages:${PYTHONPATH} ROS_PACKAGE_PATH=/home/khanh/Documents/SLAM/ros_ws/install/rtabmap_msgs/share /usr/bin/cmake --build /home/khanh/Documents/SLAM/ros_ws/build/rtabmap_conversions
[17.217s] Invoking command in '/home/khanh/Documents/SLAM/ros_ws/build/rtabmap_conversions': CMAKE_PREFIX_PATH=/opt/ros/humble:/home/khanh/Documents/SLAM/ros_ws/install/rtabmap_msgs:/home/khanh/Documents/SLAM/ros_ws/install/rtabmap LD_LIBRARY_PATH=/home/khanh/Documents/SLAM/ros_ws/install/rtabmap_msgs/lib:/home/khanh/Documents/SLAM/ros_ws/install/rtabmap/lib:${LD_LIBRARY_PATH} PATH=/home/khanh/Documents/SLAM/ros_ws/install/rtabmap/bin:${PATH} PKG_CONFIG_PATH=/home/khanh/Documents/SLAM/ros_ws/install/rtabmap_msgs/lib/x86_64-linux-gnu/pkgconfig:/home/khanh/Documents/SLAM/ros_ws/install/rtabmap_msgs/lib/pkgconfig:/home/khanh/Documents/SLAM/ros_ws/install/rtabmap/lib/x86_64-linux-gnu/pkgconfig:/home/khanh/Documents/SLAM/ros_ws/install/rtabmap/lib/pkgconfig PYTHONPATH=/home/khanh/Documents/SLAM/ros_ws/install/rtabmap_msgs/local/lib/python3.10/dist-packages:${PYTHONPATH} ROS_PACKAGE_PATH=/home/khanh/Documents/SLAM/ros_ws/install/rtabmap_msgs/share /usr/bin/cmake --install /home/khanh/Documents/SLAM/ros_ws/build/rtabmap_conversions
[17.225s] -- Install configuration: "Release"
[17.225s] -- Execute custom install script
[17.225s] -- Symlinking: /home/khanh/Documents/SLAM/ros_ws/install/rtabmap_conversions/share/rtabmap_conversions/environment/library_path.sh
[17.235s] -- Symlinking: /home/khanh/Documents/SLAM/ros_ws/install/rtabmap_conversions/share/rtabmap_conversions/environment/library_path.dsv
[17.244s] -- Symlinking: /home/khanh/Documents/SLAM/ros_ws/install/rtabmap_conversions/share/ament_index/resource_index/package_run_dependencies/rtabmap_conversions
[17.253s] -- Symlinking: /home/khanh/Documents/SLAM/ros_ws/install/rtabmap_conversions/share/ament_index/resource_index/parent_prefix_path/rtabmap_conversions
[17.263s] -- Symlinking: /home/khanh/Documents/SLAM/ros_ws/install/rtabmap_conversions/share/rtabmap_conversions/environment/ament_prefix_path.sh
[17.272s] -- Symlinking: /home/khanh/Documents/SLAM/ros_ws/install/rtabmap_conversions/share/rtabmap_conversions/environment/ament_prefix_path.dsv
[17.281s] -- Symlinking: /home/khanh/Documents/SLAM/ros_ws/install/rtabmap_conversions/share/rtabmap_conversions/environment/path.sh
[17.291s] -- Symlinking: /home/khanh/Documents/SLAM/ros_ws/install/rtabmap_conversions/share/rtabmap_conversions/environment/path.dsv
[17.301s] -- Symlinking: /home/khanh/Documents/SLAM/ros_ws/install/rtabmap_conversions/share/rtabmap_conversions/local_setup.bash
[17.310s] -- Symlinking: /home/khanh/Documents/SLAM/ros_ws/install/rtabmap_conversions/share/rtabmap_conversions/local_setup.sh
[17.320s] -- Symlinking: /home/khanh/Documents/SLAM/ros_ws/install/rtabmap_conversions/share/rtabmap_conversions/local_setup.zsh
[17.329s] -- Symlinking: /home/khanh/Documents/SLAM/ros_ws/install/rtabmap_conversions/share/rtabmap_conversions/local_setup.dsv
[17.338s] -- Symlinking: /home/khanh/Documents/SLAM/ros_ws/install/rtabmap_conversions/share/rtabmap_conversions/package.dsv
[17.348s] -- Symlinking: /home/khanh/Documents/SLAM/ros_ws/install/rtabmap_conversions/share/ament_index/resource_index/packages/rtabmap_conversions
[17.357s] -- Symlinking: /home/khanh/Documents/SLAM/ros_ws/install/rtabmap_conversions/share/rtabmap_conversions/cmake/ament_cmake_export_dependencies-extras.cmake
[17.366s] -- Symlinking: /home/khanh/Documents/SLAM/ros_ws/install/rtabmap_conversions/share/rtabmap_conversions/cmake/ament_cmake_export_include_directories-extras.cmake
[17.376s] -- Symlinking: /home/khanh/Documents/SLAM/ros_ws/install/rtabmap_conversions/share/rtabmap_conversions/cmake/ament_cmake_export_targets-extras.cmake
[17.385s] -- Symlinking: /home/khanh/Documents/SLAM/ros_ws/install/rtabmap_conversions/share/rtabmap_conversions/cmake/ament_cmake_export_libraries-extras.cmake
[17.394s] -- Symlinking: /home/khanh/Documents/SLAM/ros_ws/install/rtabmap_conversions/share/rtabmap_conversions/cmake/rtabmap_conversionsConfig.cmake
[17.404s] -- Symlinking: /home/khanh/Documents/SLAM/ros_ws/install/rtabmap_conversions/share/rtabmap_conversions/cmake/rtabmap_conversionsConfig-version.cmake
[17.413s] -- Symlinking: /home/khanh/Documents/SLAM/ros_ws/install/rtabmap_conversions/share/rtabmap_conversions/package.xml
[17.423s] -- Installing: /home/khanh/Documents/SLAM/ros_ws/install/rtabmap_conversions/lib/librtabmap_conversions.so
[17.424s] -- Set runtime path of "/home/khanh/Documents/SLAM/ros_ws/install/rtabmap_conversions/lib/librtabmap_conversions.so" to ""
[17.425s] -- Installing: /home/khanh/Documents/SLAM/ros_ws/install/rtabmap_conversions/include
[17.425s] -- Installing: /home/khanh/Documents/SLAM/ros_ws/install/rtabmap_conversions/include/rtabmap_conversions
[17.425s] -- Installing: /home/khanh/Documents/SLAM/ros_ws/install/rtabmap_conversions/include/rtabmap_conversions/MsgConversion.h
[17.425s] -- Installing: /home/khanh/Documents/SLAM/ros_ws/install/rtabmap_conversions/share/rtabmap_conversions/cmake/rtabmap_conversionsExport.cmake
[17.425s] -- Installing: /home/khanh/Documents/SLAM/ros_ws/install/rtabmap_conversions/share/rtabmap_conversions/cmake/rtabmap_conversionsExport-release.cmake
[17.428s] Invoked command in '/home/khanh/Documents/SLAM/ros_ws/build/rtabmap_conversions' returned '0': CMAKE_PREFIX_PATH=/opt/ros/humble:/home/khanh/Documents/SLAM/ros_ws/install/rtabmap_msgs:/home/khanh/Documents/SLAM/ros_ws/install/rtabmap LD_LIBRARY_PATH=/home/khanh/Documents/SLAM/ros_ws/install/rtabmap_msgs/lib:/home/khanh/Documents/SLAM/ros_ws/install/rtabmap/lib:${LD_LIBRARY_PATH} PATH=/home/khanh/Documents/SLAM/ros_ws/install/rtabmap/bin:${PATH} PKG_CONFIG_PATH=/home/khanh/Documents/SLAM/ros_ws/install/rtabmap_msgs/lib/x86_64-linux-gnu/pkgconfig:/home/khanh/Documents/SLAM/ros_ws/install/rtabmap_msgs/lib/pkgconfig:/home/khanh/Documents/SLAM/ros_ws/install/rtabmap/lib/x86_64-linux-gnu/pkgconfig:/home/khanh/Documents/SLAM/ros_ws/install/rtabmap/lib/pkgconfig PYTHONPATH=/home/khanh/Documents/SLAM/ros_ws/install/rtabmap_msgs/local/lib/python3.10/dist-packages:${PYTHONPATH} ROS_PACKAGE_PATH=/home/khanh/Documents/SLAM/ros_ws/install/rtabmap_msgs/share /usr/bin/cmake --install /home/khanh/Documents/SLAM/ros_ws/build/rtabmap_conversions
