[0.089s] Invoking command in '/SLAM/ros_ws/build/image_proc': CMAKE_PREFIX_PATH=/SLAM/ros_ws/install/tracetools_image_pipeline:/SLAM/ros_ws/install/image_pipeline:/SLAM/ros_ws/install/stereo_image_proc:/SLAM/ros_ws/install/image_proc:/SLAM/ros_ws/install/sllidar_ros2:/SLAM/ros_ws/install/orbbec_description:/SLAM/ros_ws/install/orbbec_camera:/SLAM/ros_ws/install/orbbec_camera_msgs:/SLAM/ros_ws/install/magic_enum:/SLAM/ros_ws/install/libuvc:/SLAM/ros_ws/install/image_view:/SLAM/ros_ws/install/image_rotate:/SLAM/ros_ws/install/astra_camera:/SLAM/ros_ws/install/image_publisher:/SLAM/ros_ws/install/glog:/SLAM/ros_ws/install/depth_image_proc:/SLAM/ros_ws/install/astra_camera_msgs:/SLAM/ros_ws/install/camera_calibration:/opt/ros/humble LD_LIBRARY_PATH=/SLAM/ros_ws/install/tracetools_image_pipeline/lib:/SLAM/ros_ws/install/stereo_image_proc/lib:/SLAM/ros_ws/install/image_proc/lib:/SLAM/ros_ws/install/orbbec_camera/lib:/SLAM/ros_ws/install/orbbec_camera_msgs/lib:/SLAM/ros_ws/install/libuvc/lib:/SLAM/ros_ws/install/image_view/lib:/SLAM/ros_ws/install/image_rotate/lib:/SLAM/ros_ws/install/astra_camera/lib:/SLAM/ros_ws/install/image_publisher/lib:/SLAM/ros_ws/install/glog/lib:/SLAM/ros_ws/install/depth_image_proc/lib:/SLAM/ros_ws/install/astra_camera_msgs/lib:/opt/ros/humble/opt/rviz_ogre_vendor/lib:/opt/ros/humble/lib/x86_64-linux-gnu:/opt/ros/humble/lib /usr/bin/cmake /SLAM/ros_ws/src/image_pipeline/image_proc -DCMAKE_INSTALL_PREFIX=/SLAM/ros_ws/install/image_proc
[0.152s] -- The C compiler identification is GNU 11.4.0
[0.213s] -- The CXX compiler identification is GNU 11.4.0
[0.223s] -- Detecting C compiler ABI info
[0.318s] -- Detecting C compiler ABI info - done
[0.329s] -- Check for working C compiler: /usr/bin/cc - skipped
[0.329s] -- Detecting C compile features
[0.329s] -- Detecting C compile features - done
[0.334s] -- Detecting CXX compiler ABI info
[0.444s] -- Detecting CXX compiler ABI info - done
[0.455s] -- Check for working CXX compiler: /usr/bin/c++ - skipped
[0.455s] -- Detecting CXX compile features
[0.456s] -- Detecting CXX compile features - done
[0.460s] -- Found ament_cmake_auto: 1.3.6 (/opt/ros/humble/share/ament_cmake_auto/cmake)
[0.672s] -- Found Python3: /usr/bin/python3.10 (found version "3.10.12") found components: Interpreter 
[1.151s] -- Found rosidl_generator_c: 3.1.5 (/opt/ros/humble/share/rosidl_generator_c/cmake)
[1.176s] -- Found rosidl_adapter: 3.1.5 (/opt/ros/humble/share/rosidl_adapter/cmake)
[1.244s] -- Found rosidl_generator_cpp: 3.1.5 (/opt/ros/humble/share/rosidl_generator_cpp/cmake)
[1.306s] -- Using all available rosidl_typesupport_c: rosidl_typesupport_fastrtps_c;rosidl_typesupport_introspection_c
[1.392s] -- Using all available rosidl_typesupport_cpp: rosidl_typesupport_fastrtps_cpp;rosidl_typesupport_introspection_cpp
[2.747s] -- Found rmw_implementation_cmake: 6.1.1 (/opt/ros/humble/share/rmw_implementation_cmake/cmake)
[2.789s] -- Found rmw_fastrtps_cpp: 6.2.5 (/opt/ros/humble/share/rmw_fastrtps_cpp/cmake)
[3.534s] -- Found OpenSSL: /usr/lib/x86_64-linux-gnu/libcrypto.so (found version "3.0.2")  
[3.662s] -- Found FastRTPS: /opt/ros/humble/include  
[4.023s] -- Using RMW implementation 'rmw_fastrtps_cpp' as default
[4.065s] -- Looking for pthread.h
[4.585s] -- Looking for pthread.h - found
[4.585s] -- Performing Test CMAKE_HAVE_LIBC_PTHREAD
[5.123s] -- Performing Test CMAKE_HAVE_LIBC_PTHREAD - Success
[5.125s] -- Found Threads: TRUE  
[6.229s] -- Found OpenCV: /usr (found version "4.5.4") 
[6.357s] -- Found ament_lint_auto: 0.12.9 (/opt/ros/humble/share/ament_lint_auto/cmake)
[6.521s] -- Added test 'copyright' to check source files copyright and LICENSE
[6.525s] -- Added test 'cppcheck' to perform static code analysis on C / C++ code
[6.531s] -- Configured cppcheck include dirs: /SLAM/ros_ws/src/image_pipeline/image_proc/include
[6.535s] -- Configured cppcheck exclude dirs and/or files: 
[6.546s] -- Added test 'cpplint' to check C / C++ code against the Google style
[6.547s] -- Configured cpplint exclude dirs and/or files: 
[6.550s] -- Added test 'flake8' to check Python code syntax and style conventions
[6.556s] -- Added test 'lint_cmake' to check CMake code style
[6.574s] -- Added test 'pep257' to check Python code against some of the docstring style conventions in PEP 257
[6.580s] -- Added test 'uncrustify' to check C / C++ code style
[6.581s] -- Configured uncrustify additional arguments: 
[6.584s] -- Added test 'xmllint' to check XML markup files
[6.606s] -- Configuring done
[7.073s] -- Generating done
[7.091s] -- Build files have been written to: /SLAM/ros_ws/build/image_proc
[7.131s] Invoked command in '/SLAM/ros_ws/build/image_proc' returned '0': CMAKE_PREFIX_PATH=/SLAM/ros_ws/install/tracetools_image_pipeline:/SLAM/ros_ws/install/image_pipeline:/SLAM/ros_ws/install/stereo_image_proc:/SLAM/ros_ws/install/image_proc:/SLAM/ros_ws/install/sllidar_ros2:/SLAM/ros_ws/install/orbbec_description:/SLAM/ros_ws/install/orbbec_camera:/SLAM/ros_ws/install/orbbec_camera_msgs:/SLAM/ros_ws/install/magic_enum:/SLAM/ros_ws/install/libuvc:/SLAM/ros_ws/install/image_view:/SLAM/ros_ws/install/image_rotate:/SLAM/ros_ws/install/astra_camera:/SLAM/ros_ws/install/image_publisher:/SLAM/ros_ws/install/glog:/SLAM/ros_ws/install/depth_image_proc:/SLAM/ros_ws/install/astra_camera_msgs:/SLAM/ros_ws/install/camera_calibration:/opt/ros/humble LD_LIBRARY_PATH=/SLAM/ros_ws/install/tracetools_image_pipeline/lib:/SLAM/ros_ws/install/stereo_image_proc/lib:/SLAM/ros_ws/install/image_proc/lib:/SLAM/ros_ws/install/orbbec_camera/lib:/SLAM/ros_ws/install/orbbec_camera_msgs/lib:/SLAM/ros_ws/install/libuvc/lib:/SLAM/ros_ws/install/image_view/lib:/SLAM/ros_ws/install/image_rotate/lib:/SLAM/ros_ws/install/astra_camera/lib:/SLAM/ros_ws/install/image_publisher/lib:/SLAM/ros_ws/install/glog/lib:/SLAM/ros_ws/install/depth_image_proc/lib:/SLAM/ros_ws/install/astra_camera_msgs/lib:/opt/ros/humble/opt/rviz_ogre_vendor/lib:/opt/ros/humble/lib/x86_64-linux-gnu:/opt/ros/humble/lib /usr/bin/cmake /SLAM/ros_ws/src/image_pipeline/image_proc -DCMAKE_INSTALL_PREFIX=/SLAM/ros_ws/install/image_proc
[7.132s] Invoking command in '/SLAM/ros_ws/build/image_proc': CMAKE_PREFIX_PATH=/SLAM/ros_ws/install/tracetools_image_pipeline:/SLAM/ros_ws/install/image_pipeline:/SLAM/ros_ws/install/stereo_image_proc:/SLAM/ros_ws/install/image_proc:/SLAM/ros_ws/install/sllidar_ros2:/SLAM/ros_ws/install/orbbec_description:/SLAM/ros_ws/install/orbbec_camera:/SLAM/ros_ws/install/orbbec_camera_msgs:/SLAM/ros_ws/install/magic_enum:/SLAM/ros_ws/install/libuvc:/SLAM/ros_ws/install/image_view:/SLAM/ros_ws/install/image_rotate:/SLAM/ros_ws/install/astra_camera:/SLAM/ros_ws/install/image_publisher:/SLAM/ros_ws/install/glog:/SLAM/ros_ws/install/depth_image_proc:/SLAM/ros_ws/install/astra_camera_msgs:/SLAM/ros_ws/install/camera_calibration:/opt/ros/humble LD_LIBRARY_PATH=/SLAM/ros_ws/install/tracetools_image_pipeline/lib:/SLAM/ros_ws/install/stereo_image_proc/lib:/SLAM/ros_ws/install/image_proc/lib:/SLAM/ros_ws/install/orbbec_camera/lib:/SLAM/ros_ws/install/orbbec_camera_msgs/lib:/SLAM/ros_ws/install/libuvc/lib:/SLAM/ros_ws/install/image_view/lib:/SLAM/ros_ws/install/image_rotate/lib:/SLAM/ros_ws/install/astra_camera/lib:/SLAM/ros_ws/install/image_publisher/lib:/SLAM/ros_ws/install/glog/lib:/SLAM/ros_ws/install/depth_image_proc/lib:/SLAM/ros_ws/install/astra_camera_msgs/lib:/opt/ros/humble/opt/rviz_ogre_vendor/lib:/opt/ros/humble/lib/x86_64-linux-gnu:/opt/ros/humble/lib /usr/bin/cmake --build /SLAM/ros_ws/build/image_proc -- -j16 -l16
[7.478s] [  6%] [32mBuilding CXX object CMakeFiles/image_proc.dir/src/image_proc/processor.cpp.o[0m
[12.434s] [ 13%] [32m[1mLinking CXX shared library libimage_proc.so[0m
[13.027s] [ 13%] Built target image_proc
[13.186s] [ 20%] [32mBuilding CXX object CMakeFiles/rectify.dir/src/rectify.cpp.o[0m
[21.297s] [ 26%] [32m[1mLinking CXX shared library librectify.so[0m
[21.647s] [ 26%] Built target rectify
[21.702s] [ 40%] [32mBuilding CXX object CMakeFiles/debayer.dir/src/edge_aware.cpp.o[0m
[21.702s] [ 40%] [32mBuilding CXX object CMakeFiles/debayer.dir/src/debayer.cpp.o[0m
[27.870s] [ 46%] [32m[1mLinking CXX shared library libdebayer.so[0m
[28.205s] [ 46%] Built target debayer
[28.248s] [ 53%] [32mBuilding CXX object CMakeFiles/resize.dir/src/resize.cpp.o[0m
[36.920s] [ 60%] [32m[1mLinking CXX shared library libresize.so[0m
[37.473s] [ 60%] Built target resize
[37.663s] [ 66%] [32mBuilding CXX object CMakeFiles/crop_decimate.dir/src/crop_decimate.cpp.o[0m
[45.847s] [ 73%] [32m[1mLinking CXX shared library libcrop_decimate.so[0m
[46.335s] [ 73%] Built target crop_decimate
[46.385s] [ 80%] [32mBuilding CXX object CMakeFiles/crop_non_zero.dir/src/crop_non_zero.cpp.o[0m
[51.386s] [ 86%] [32m[1mLinking CXX shared library libcrop_non_zero.so[0m
[51.599s] [ 86%] Built target crop_non_zero
[51.629s] [ 93%] [32mBuilding CXX object CMakeFiles/image_proc_exe.dir/src/image_proc.cpp.o[0m
[54.943s] [100%] [32m[1mLinking CXX executable image_proc[0m
[55.349s] [100%] Built target image_proc_exe
[55.363s] Invoked command in '/SLAM/ros_ws/build/image_proc' returned '0': CMAKE_PREFIX_PATH=/SLAM/ros_ws/install/tracetools_image_pipeline:/SLAM/ros_ws/install/image_pipeline:/SLAM/ros_ws/install/stereo_image_proc:/SLAM/ros_ws/install/image_proc:/SLAM/ros_ws/install/sllidar_ros2:/SLAM/ros_ws/install/orbbec_description:/SLAM/ros_ws/install/orbbec_camera:/SLAM/ros_ws/install/orbbec_camera_msgs:/SLAM/ros_ws/install/magic_enum:/SLAM/ros_ws/install/libuvc:/SLAM/ros_ws/install/image_view:/SLAM/ros_ws/install/image_rotate:/SLAM/ros_ws/install/astra_camera:/SLAM/ros_ws/install/image_publisher:/SLAM/ros_ws/install/glog:/SLAM/ros_ws/install/depth_image_proc:/SLAM/ros_ws/install/astra_camera_msgs:/SLAM/ros_ws/install/camera_calibration:/opt/ros/humble LD_LIBRARY_PATH=/SLAM/ros_ws/install/tracetools_image_pipeline/lib:/SLAM/ros_ws/install/stereo_image_proc/lib:/SLAM/ros_ws/install/image_proc/lib:/SLAM/ros_ws/install/orbbec_camera/lib:/SLAM/ros_ws/install/orbbec_camera_msgs/lib:/SLAM/ros_ws/install/libuvc/lib:/SLAM/ros_ws/install/image_view/lib:/SLAM/ros_ws/install/image_rotate/lib:/SLAM/ros_ws/install/astra_camera/lib:/SLAM/ros_ws/install/image_publisher/lib:/SLAM/ros_ws/install/glog/lib:/SLAM/ros_ws/install/depth_image_proc/lib:/SLAM/ros_ws/install/astra_camera_msgs/lib:/opt/ros/humble/opt/rviz_ogre_vendor/lib:/opt/ros/humble/lib/x86_64-linux-gnu:/opt/ros/humble/lib /usr/bin/cmake --build /SLAM/ros_ws/build/image_proc -- -j16 -l16
[55.434s] Invoking command in '/SLAM/ros_ws/build/image_proc': CMAKE_PREFIX_PATH=/SLAM/ros_ws/install/tracetools_image_pipeline:/SLAM/ros_ws/install/image_pipeline:/SLAM/ros_ws/install/stereo_image_proc:/SLAM/ros_ws/install/image_proc:/SLAM/ros_ws/install/sllidar_ros2:/SLAM/ros_ws/install/orbbec_description:/SLAM/ros_ws/install/orbbec_camera:/SLAM/ros_ws/install/orbbec_camera_msgs:/SLAM/ros_ws/install/magic_enum:/SLAM/ros_ws/install/libuvc:/SLAM/ros_ws/install/image_view:/SLAM/ros_ws/install/image_rotate:/SLAM/ros_ws/install/astra_camera:/SLAM/ros_ws/install/image_publisher:/SLAM/ros_ws/install/glog:/SLAM/ros_ws/install/depth_image_proc:/SLAM/ros_ws/install/astra_camera_msgs:/SLAM/ros_ws/install/camera_calibration:/opt/ros/humble LD_LIBRARY_PATH=/SLAM/ros_ws/install/tracetools_image_pipeline/lib:/SLAM/ros_ws/install/stereo_image_proc/lib:/SLAM/ros_ws/install/image_proc/lib:/SLAM/ros_ws/install/orbbec_camera/lib:/SLAM/ros_ws/install/orbbec_camera_msgs/lib:/SLAM/ros_ws/install/libuvc/lib:/SLAM/ros_ws/install/image_view/lib:/SLAM/ros_ws/install/image_rotate/lib:/SLAM/ros_ws/install/astra_camera/lib:/SLAM/ros_ws/install/image_publisher/lib:/SLAM/ros_ws/install/glog/lib:/SLAM/ros_ws/install/depth_image_proc/lib:/SLAM/ros_ws/install/astra_camera_msgs/lib:/opt/ros/humble/opt/rviz_ogre_vendor/lib:/opt/ros/humble/lib/x86_64-linux-gnu:/opt/ros/humble/lib /usr/bin/cmake --install /SLAM/ros_ws/build/image_proc
[55.444s] -- Install configuration: ""
[55.444s] -- Installing: /SLAM/ros_ws/install/image_proc/bin/image_proc
[55.444s] -- Set runtime path of "/SLAM/ros_ws/install/image_proc/bin/image_proc" to ""
[55.444s] -- Installing: /SLAM/ros_ws/install/image_proc/include
[55.444s] -- Installing: /SLAM/ros_ws/install/image_proc/include/image_proc
[55.444s] -- Installing: /SLAM/ros_ws/install/image_proc/include/image_proc/edge_aware.hpp
[55.444s] -- Installing: /SLAM/ros_ws/install/image_proc/include/image_proc/processor.hpp
[55.445s] -- Installing: /SLAM/ros_ws/install/image_proc/include/image_proc/crop_decimate.hpp
[55.445s] -- Installing: /SLAM/ros_ws/install/image_proc/include/image_proc/debayer.hpp
[55.445s] -- Installing: /SLAM/ros_ws/install/image_proc/include/image_proc/resize.hpp
[55.445s] -- Installing: /SLAM/ros_ws/install/image_proc/include/image_proc/crop_non_zero.hpp
[55.445s] -- Installing: /SLAM/ros_ws/install/image_proc/include/image_proc/rectify.hpp
[55.445s] -- Installing: /SLAM/ros_ws/install/image_proc/include/image_proc/utils.hpp
[55.445s] -- Installing: /SLAM/ros_ws/install/image_proc/share/image_proc/environment/library_path.sh
[55.446s] -- Installing: /SLAM/ros_ws/install/image_proc/share/image_proc/environment/library_path.dsv
[55.446s] -- Installing: /SLAM/ros_ws/install/image_proc/lib/libimage_proc.so
[55.446s] -- Set runtime path of "/SLAM/ros_ws/install/image_proc/lib/libimage_proc.so" to ""
[55.446s] -- Installing: /SLAM/ros_ws/install/image_proc/lib/librectify.so
[55.447s] -- Set runtime path of "/SLAM/ros_ws/install/image_proc/lib/librectify.so" to ""
[55.447s] -- Installing: /SLAM/ros_ws/install/image_proc/lib/libdebayer.so
[55.448s] -- Set runtime path of "/SLAM/ros_ws/install/image_proc/lib/libdebayer.so" to ""
[55.448s] -- Installing: /SLAM/ros_ws/install/image_proc/lib/libresize.so
[55.449s] -- Set runtime path of "/SLAM/ros_ws/install/image_proc/lib/libresize.so" to ""
[55.449s] -- Installing: /SLAM/ros_ws/install/image_proc/lib/libcrop_decimate.so
[55.450s] -- Set runtime path of "/SLAM/ros_ws/install/image_proc/lib/libcrop_decimate.so" to ""
[55.451s] -- Installing: /SLAM/ros_ws/install/image_proc/lib/libcrop_non_zero.so
[55.451s] -- Set runtime path of "/SLAM/ros_ws/install/image_proc/lib/libcrop_non_zero.so" to ""
[55.452s] -- Installing: /SLAM/ros_ws/install/image_proc/lib/image_proc/image_proc
[55.452s] -- Set runtime path of "/SLAM/ros_ws/install/image_proc/lib/image_proc/image_proc" to ""
[55.452s] -- Installing: /SLAM/ros_ws/install/image_proc/share/image_proc/launch
[55.452s] -- Installing: /SLAM/ros_ws/install/image_proc/share/image_proc/launch/image_proc.launch.py
[55.452s] -- Installing: /SLAM/ros_ws/install/image_proc/share/ament_index/resource_index/package_run_dependencies/image_proc
[55.453s] -- Installing: /SLAM/ros_ws/install/image_proc/share/ament_index/resource_index/parent_prefix_path/image_proc
[55.453s] -- Installing: /SLAM/ros_ws/install/image_proc/share/image_proc/environment/ament_prefix_path.sh
[55.453s] -- Installing: /SLAM/ros_ws/install/image_proc/share/image_proc/environment/ament_prefix_path.dsv
[55.453s] -- Installing: /SLAM/ros_ws/install/image_proc/share/image_proc/environment/path.sh
[55.453s] -- Installing: /SLAM/ros_ws/install/image_proc/share/image_proc/environment/path.dsv
[55.453s] -- Installing: /SLAM/ros_ws/install/image_proc/share/image_proc/local_setup.bash
[55.453s] -- Installing: /SLAM/ros_ws/install/image_proc/share/image_proc/local_setup.sh
[55.454s] -- Installing: /SLAM/ros_ws/install/image_proc/share/image_proc/local_setup.zsh
[55.454s] -- Installing: /SLAM/ros_ws/install/image_proc/share/image_proc/local_setup.dsv
[55.454s] -- Installing: /SLAM/ros_ws/install/image_proc/share/image_proc/package.dsv
[55.454s] -- Installing: /SLAM/ros_ws/install/image_proc/share/ament_index/resource_index/packages/image_proc
[55.454s] -- Installing: /SLAM/ros_ws/install/image_proc/share/ament_index/resource_index/rclcpp_components/image_proc
[55.454s] -- Installing: /SLAM/ros_ws/install/image_proc/share/image_proc/cmake/ament_cmake_export_dependencies-extras.cmake
[55.454s] -- Installing: /SLAM/ros_ws/install/image_proc/share/image_proc/cmake/ament_cmake_export_include_directories-extras.cmake
[55.455s] -- Installing: /SLAM/ros_ws/install/image_proc/share/image_proc/cmake/ament_cmake_export_libraries-extras.cmake
[55.455s] -- Installing: /SLAM/ros_ws/install/image_proc/share/image_proc/cmake/image_procConfig.cmake
[55.455s] -- Installing: /SLAM/ros_ws/install/image_proc/share/image_proc/cmake/image_procConfig-version.cmake
[55.455s] -- Installing: /SLAM/ros_ws/install/image_proc/share/image_proc/package.xml
[55.457s] Invoked command in '/SLAM/ros_ws/build/image_proc' returned '0': CMAKE_PREFIX_PATH=/SLAM/ros_ws/install/tracetools_image_pipeline:/SLAM/ros_ws/install/image_pipeline:/SLAM/ros_ws/install/stereo_image_proc:/SLAM/ros_ws/install/image_proc:/SLAM/ros_ws/install/sllidar_ros2:/SLAM/ros_ws/install/orbbec_description:/SLAM/ros_ws/install/orbbec_camera:/SLAM/ros_ws/install/orbbec_camera_msgs:/SLAM/ros_ws/install/magic_enum:/SLAM/ros_ws/install/libuvc:/SLAM/ros_ws/install/image_view:/SLAM/ros_ws/install/image_rotate:/SLAM/ros_ws/install/astra_camera:/SLAM/ros_ws/install/image_publisher:/SLAM/ros_ws/install/glog:/SLAM/ros_ws/install/depth_image_proc:/SLAM/ros_ws/install/astra_camera_msgs:/SLAM/ros_ws/install/camera_calibration:/opt/ros/humble LD_LIBRARY_PATH=/SLAM/ros_ws/install/tracetools_image_pipeline/lib:/SLAM/ros_ws/install/stereo_image_proc/lib:/SLAM/ros_ws/install/image_proc/lib:/SLAM/ros_ws/install/orbbec_camera/lib:/SLAM/ros_ws/install/orbbec_camera_msgs/lib:/SLAM/ros_ws/install/libuvc/lib:/SLAM/ros_ws/install/image_view/lib:/SLAM/ros_ws/install/image_rotate/lib:/SLAM/ros_ws/install/astra_camera/lib:/SLAM/ros_ws/install/image_publisher/lib:/SLAM/ros_ws/install/glog/lib:/SLAM/ros_ws/install/depth_image_proc/lib:/SLAM/ros_ws/install/astra_camera_msgs/lib:/opt/ros/humble/opt/rviz_ogre_vendor/lib:/opt/ros/humble/lib/x86_64-linux-gnu:/opt/ros/humble/lib /usr/bin/cmake --install /SLAM/ros_ws/build/image_proc
