[0.049s] Invoking command in '/SLAM/ros_ws/build/stereo_image_proc': AMENT_PREFIX_PATH=/SLAM/ros_ws/install/image_proc:/SLAM/ros_ws/install/tracetools_image_pipeline:${AMENT_PREFIX_PATH} CMAKE_PREFIX_PATH=/SLAM/ros_ws/install/image_proc:/SLAM/ros_ws/install/tracetools_image_pipeline:/opt/ros/humble LD_LIBRARY_PATH=/SLAM/ros_ws/install/image_proc/lib:/SLAM/ros_ws/install/tracetools_image_pipeline/lib:${LD_LIBRARY_PATH} PATH=/SLAM/ros_ws/install/image_proc/bin:${PATH} /usr/bin/cmake --build /SLAM/ros_ws/build/stereo_image_proc -- -j16 -l16
[0.082s] -- Found ament_cmake_auto: 1.3.6 (/opt/ros/humble/share/ament_cmake_auto/cmake)
[0.284s] -- Found rosidl_generator_c: 3.1.5 (/opt/ros/humble/share/rosidl_generator_c/cmake)
[0.286s] -- Found rosidl_adapter: 3.1.5 (/opt/ros/humble/share/rosidl_adapter/cmake)
[0.291s] -- Found rosidl_generator_cpp: 3.1.5 (/opt/ros/humble/share/rosidl_generator_cpp/cmake)
[0.300s] -- Using all available rosidl_typesupport_c: rosidl_typesupport_fastrtps_c;rosidl_typesupport_introspection_c
[0.313s] -- Using all available rosidl_typesupport_cpp: rosidl_typesupport_fastrtps_cpp;rosidl_typesupport_introspection_cpp
[0.527s] -- Found rmw_implementation_cmake: 6.1.1 (/opt/ros/humble/share/rmw_implementation_cmake/cmake)
[0.528s] -- Found rmw_fastrtps_cpp: 6.2.5 (/opt/ros/humble/share/rmw_fastrtps_cpp/cmake)
[0.662s] -- Using RMW implementation 'rmw_fastrtps_cpp' as default
[1.005s] -- Found ament_lint_auto: 0.12.9 (/opt/ros/humble/share/ament_lint_auto/cmake)
[1.062s] -- Found python_cmake_module: 0.10.0 (/opt/ros/humble/share/python_cmake_module/cmake)
[1.083s] -- Using PYTHON_EXECUTABLE: /usr/bin/python3
[1.083s] -- Using PYTHON_INCLUDE_DIRS: /usr/include/python3.10
[1.083s] -- Using PYTHON_LIBRARIES: /usr/lib/x86_64-linux-gnu/libpython3.10.so
[1.123s] -- Added test 'copyright' to check source files copyright and LICENSE
[1.124s] -- Added test 'cppcheck' to perform static code analysis on C / C++ code
[1.125s] -- Configured cppcheck include dirs: /SLAM/ros_ws/src/image_pipeline/stereo_image_proc/include
[1.125s] -- Configured cppcheck exclude dirs and/or files: 
[1.126s] -- Added test 'cpplint' to check C / C++ code against the Google style
[1.126s] -- Configured cpplint exclude dirs and/or files: 
[1.127s] -- Added test 'flake8' to check Python code syntax and style conventions
[1.127s] -- Added test 'lint_cmake' to check CMake code style
[1.128s] -- Added test 'pep257' to check Python code against some of the docstring style conventions in PEP 257
[1.129s] -- Added test 'uncrustify' to check C / C++ code style
[1.129s] -- Configured uncrustify additional arguments: 
[1.130s] -- Added test 'xmllint' to check XML markup files
[1.132s] -- Configuring done
[1.171s] -- Generating done
[1.173s] -- Build files have been written to: /SLAM/ros_ws/build/stereo_image_proc
[1.201s] [35m[1mConsolidate compiler generated dependencies of target disparity_node[0m
[1.202s] [35m[1mConsolidate compiler generated dependencies of target point_cloud_node[0m
[1.203s] [35m[1mConsolidate compiler generated dependencies of target stereo_image_proc[0m
[1.222s] [ 50%] Built target point_cloud_node
[1.222s] [ 50%] Built target disparity_node
[1.230s] [ 62%] [32mBuilding CXX object CMakeFiles/stereo_image_proc.dir/src/stereo_image_proc/stereo_processor.cpp.o[0m
[1.231s] [ 75%] [32mBuilding CXX object CMakeFiles/stereo_image_proc.dir/src/stereo_image_proc/disparity_node.cpp.o[0m
[1.231s] [ 87%] [32mBuilding CXX object CMakeFiles/stereo_image_proc.dir/src/stereo_image_proc/point_cloud_node.cpp.o[0m
[14.348s] [100%] [32m[1mLinking CXX shared library libstereo_image_proc.so[0m
[15.664s] [100%] Built target stereo_image_proc
[15.678s] Invoked command in '/SLAM/ros_ws/build/stereo_image_proc' returned '0': AMENT_PREFIX_PATH=/SLAM/ros_ws/install/image_proc:/SLAM/ros_ws/install/tracetools_image_pipeline:${AMENT_PREFIX_PATH} CMAKE_PREFIX_PATH=/SLAM/ros_ws/install/image_proc:/SLAM/ros_ws/install/tracetools_image_pipeline:/opt/ros/humble LD_LIBRARY_PATH=/SLAM/ros_ws/install/image_proc/lib:/SLAM/ros_ws/install/tracetools_image_pipeline/lib:${LD_LIBRARY_PATH} PATH=/SLAM/ros_ws/install/image_proc/bin:${PATH} /usr/bin/cmake --build /SLAM/ros_ws/build/stereo_image_proc -- -j16 -l16
[15.717s] Invoking command in '/SLAM/ros_ws/build/stereo_image_proc': AMENT_PREFIX_PATH=/SLAM/ros_ws/install/image_proc:/SLAM/ros_ws/install/tracetools_image_pipeline:${AMENT_PREFIX_PATH} CMAKE_PREFIX_PATH=/SLAM/ros_ws/install/image_proc:/SLAM/ros_ws/install/tracetools_image_pipeline:/opt/ros/humble LD_LIBRARY_PATH=/SLAM/ros_ws/install/image_proc/lib:/SLAM/ros_ws/install/tracetools_image_pipeline/lib:${LD_LIBRARY_PATH} PATH=/SLAM/ros_ws/install/image_proc/bin:${PATH} /usr/bin/cmake --install /SLAM/ros_ws/build/stereo_image_proc
[15.725s] -- Install configuration: ""
[15.726s] -- Up-to-date: /SLAM/ros_ws/install/stereo_image_proc/lib/stereo_image_proc/disparity_node
[15.727s] -- Up-to-date: /SLAM/ros_ws/install/stereo_image_proc/lib/stereo_image_proc/point_cloud_node
[15.727s] -- Up-to-date: /SLAM/ros_ws/install/stereo_image_proc/include
[15.728s] -- Up-to-date: /SLAM/ros_ws/install/stereo_image_proc/include/stereo_image_proc
[15.728s] -- Installing: /SLAM/ros_ws/install/stereo_image_proc/include/stereo_image_proc/stereo_processor.hpp
[15.728s] -- Up-to-date: /SLAM/ros_ws/install/stereo_image_proc/share/stereo_image_proc/environment/library_path.sh
[15.728s] -- Installing: /SLAM/ros_ws/install/stereo_image_proc/share/stereo_image_proc/environment/library_path.dsv
[15.729s] -- Installing: /SLAM/ros_ws/install/stereo_image_proc/lib/libstereo_image_proc.so
[15.753s] -- Set runtime path of "/SLAM/ros_ws/install/stereo_image_proc/lib/libstereo_image_proc.so" to ""
[15.753s] -- Up-to-date: /SLAM/ros_ws/install/stereo_image_proc/share/stereo_image_proc/launch
[15.753s] -- Installing: /SLAM/ros_ws/install/stereo_image_proc/share/stereo_image_proc/launch/stereo_image_proc.launch.py
[15.753s] -- Up-to-date: /SLAM/ros_ws/install/stereo_image_proc/share/ament_index/resource_index/package_run_dependencies/stereo_image_proc
[15.753s] -- Installing: /SLAM/ros_ws/install/stereo_image_proc/share/ament_index/resource_index/parent_prefix_path/stereo_image_proc
[15.753s] -- Up-to-date: /SLAM/ros_ws/install/stereo_image_proc/share/stereo_image_proc/environment/ament_prefix_path.sh
[15.753s] -- Installing: /SLAM/ros_ws/install/stereo_image_proc/share/stereo_image_proc/environment/ament_prefix_path.dsv
[15.753s] -- Up-to-date: /SLAM/ros_ws/install/stereo_image_proc/share/stereo_image_proc/environment/path.sh
[15.753s] -- Installing: /SLAM/ros_ws/install/stereo_image_proc/share/stereo_image_proc/environment/path.dsv
[15.753s] -- Up-to-date: /SLAM/ros_ws/install/stereo_image_proc/share/stereo_image_proc/local_setup.bash
[15.754s] -- Up-to-date: /SLAM/ros_ws/install/stereo_image_proc/share/stereo_image_proc/local_setup.sh
[15.754s] -- Up-to-date: /SLAM/ros_ws/install/stereo_image_proc/share/stereo_image_proc/local_setup.zsh
[15.754s] -- Installing: /SLAM/ros_ws/install/stereo_image_proc/share/stereo_image_proc/local_setup.dsv
[15.754s] -- Installing: /SLAM/ros_ws/install/stereo_image_proc/share/stereo_image_proc/package.dsv
[15.754s] -- Up-to-date: /SLAM/ros_ws/install/stereo_image_proc/share/ament_index/resource_index/packages/stereo_image_proc
[15.754s] -- Up-to-date: /SLAM/ros_ws/install/stereo_image_proc/share/ament_index/resource_index/rclcpp_components/stereo_image_proc
[15.754s] -- Up-to-date: /SLAM/ros_ws/install/stereo_image_proc/share/stereo_image_proc/cmake/ament_cmake_export_dependencies-extras.cmake
[15.754s] -- Up-to-date: /SLAM/ros_ws/install/stereo_image_proc/share/stereo_image_proc/cmake/ament_cmake_export_include_directories-extras.cmake
[15.754s] -- Up-to-date: /SLAM/ros_ws/install/stereo_image_proc/share/stereo_image_proc/cmake/ament_cmake_export_libraries-extras.cmake
[15.754s] -- Up-to-date: /SLAM/ros_ws/install/stereo_image_proc/share/stereo_image_proc/cmake/stereo_image_procConfig.cmake
[15.754s] -- Up-to-date: /SLAM/ros_ws/install/stereo_image_proc/share/stereo_image_proc/cmake/stereo_image_procConfig-version.cmake
[15.754s] -- Installing: /SLAM/ros_ws/install/stereo_image_proc/share/stereo_image_proc/package.xml
[15.757s] Invoked command in '/SLAM/ros_ws/build/stereo_image_proc' returned '0': AMENT_PREFIX_PATH=/SLAM/ros_ws/install/image_proc:/SLAM/ros_ws/install/tracetools_image_pipeline:${AMENT_PREFIX_PATH} CMAKE_PREFIX_PATH=/SLAM/ros_ws/install/image_proc:/SLAM/ros_ws/install/tracetools_image_pipeline:/opt/ros/humble LD_LIBRARY_PATH=/SLAM/ros_ws/install/image_proc/lib:/SLAM/ros_ws/install/tracetools_image_pipeline/lib:${LD_LIBRARY_PATH} PATH=/SLAM/ros_ws/install/image_proc/bin:${PATH} /usr/bin/cmake --install /SLAM/ros_ws/build/stereo_image_proc
