[0.388s] Invoking command in '/SLAM/ros_ws/build/tracetools_image_pipeline': CMAKE_PREFIX_PATH=/opt/ros/humble /usr/bin/cmake /SLAM/ros_ws/src/image_pipeline/tracetools_image_pipeline -DCMAKE_INSTALL_PREFIX=/SLAM/ros_ws/install/tracetools_image_pipeline
[0.936s] -- Found ament_cmake_ros: 0.10.0 (/opt/ros/humble/share/ament_cmake_ros/cmake)
[0.937s] -- Override CMake install command with custom implementation using symlinks instead of copying resources
[0.937s] -- Checking for module 'lttng-ust'
[0.937s] --   No package 'lttng-ust' found
[0.937s] -- Found ament_lint_auto: 0.12.9 (/opt/ros/humble/share/ament_lint_auto/cmake)
[0.938s] -- Added test 'copyright' to check source files copyright and LICENSE
[0.939s] -- Added test 'cppcheck' to perform static code analysis on C / C++ code
[0.939s] -- Configured cppcheck include dirs: 
[0.940s] -- Configured cppcheck exclude dirs and/or files: 
[0.940s] -- Added test 'cpplint' to check C / C++ code against the Google style
[0.941s] -- Configured cpplint exclude dirs and/or files: 
[0.941s] -- Added test 'lint_cmake' to check CMake code style
[0.942s] -- Added test 'uncrustify' to check C / C++ code style
[0.942s] -- Configured uncrustify additional arguments: 
[0.943s] -- Added test 'xmllint' to check XML markup files
[0.943s] -- Configuring done
[0.943s] -- Generating done
[0.943s] -- Build files have been written to: /SLAM/ros_ws/build/tracetools_image_pipeline
[0.954s] Invoked command in '/SLAM/ros_ws/build/tracetools_image_pipeline' returned '0': CMAKE_PREFIX_PATH=/opt/ros/humble /usr/bin/cmake /SLAM/ros_ws/src/image_pipeline/tracetools_image_pipeline -DCMAKE_INSTALL_PREFIX=/SLAM/ros_ws/install/tracetools_image_pipeline
[0.954s] Invoking command in '/SLAM/ros_ws/build/tracetools_image_pipeline': CMAKE_PREFIX_PATH=/opt/ros/humble /usr/bin/cmake --build /SLAM/ros_ws/build/tracetools_image_pipeline -- -j16 -l16
[0.992s] [35m[1mConsolidate compiler generated dependencies of target tracetools_image_pipeline[0m
[1.012s] [ 60%] Built target tracetools_image_pipeline
[1.031s] [35m[1mConsolidate compiler generated dependencies of target status[0m
[1.049s] [100%] Built target status
[1.067s] Invoked command in '/SLAM/ros_ws/build/tracetools_image_pipeline' returned '0': CMAKE_PREFIX_PATH=/opt/ros/humble /usr/bin/cmake --build /SLAM/ros_ws/build/tracetools_image_pipeline -- -j16 -l16
[1.123s] Invoking command in '/SLAM/ros_ws/build/tracetools_image_pipeline': CMAKE_PREFIX_PATH=/opt/ros/humble /usr/bin/cmake --install /SLAM/ros_ws/build/tracetools_image_pipeline
[1.132s] -- Install configuration: "Release"
[1.133s] -- Execute custom install script
[1.133s] -- Up-to-date symlink: /SLAM/ros_ws/install/tracetools_image_pipeline/share/tracetools_image_pipeline/environment/library_path.sh
[1.133s] -- Up-to-date symlink: /SLAM/ros_ws/install/tracetools_image_pipeline/share/tracetools_image_pipeline/environment/library_path.dsv
[1.134s] -- Up-to-date symlink: /SLAM/ros_ws/install/tracetools_image_pipeline/lib/tracetools_image_pipeline/status
[1.134s] -- Up-to-date symlink: /SLAM/ros_ws/install/tracetools_image_pipeline/include/tracetools_image_pipeline/config.h
[1.134s] -- Up-to-date symlink: /SLAM/ros_ws/install/tracetools_image_pipeline/include/tracetools_image_pipeline/tracetools.h
[1.135s] -- Up-to-date symlink: /SLAM/ros_ws/install/tracetools_image_pipeline/include/tracetools_image_pipeline/utils.hpp
[1.135s] -- Up-to-date symlink: /SLAM/ros_ws/install/tracetools_image_pipeline/include/tracetools_image_pipeline/visibility_control.hpp
[1.135s] -- Up-to-date symlink: /SLAM/ros_ws/install/tracetools_image_pipeline/share/ament_index/resource_index/package_run_dependencies/tracetools_image_pipeline
[1.137s] -- Up-to-date symlink: /SLAM/ros_ws/install/tracetools_image_pipeline/share/ament_index/resource_index/parent_prefix_path/tracetools_image_pipeline
[1.137s] -- Up-to-date symlink: /SLAM/ros_ws/install/tracetools_image_pipeline/share/tracetools_image_pipeline/environment/ament_prefix_path.sh
[1.137s] -- Up-to-date symlink: /SLAM/ros_ws/install/tracetools_image_pipeline/share/tracetools_image_pipeline/environment/ament_prefix_path.dsv
[1.137s] -- Up-to-date symlink: /SLAM/ros_ws/install/tracetools_image_pipeline/share/tracetools_image_pipeline/environment/path.sh
[1.137s] -- Up-to-date symlink: /SLAM/ros_ws/install/tracetools_image_pipeline/share/tracetools_image_pipeline/environment/path.dsv
[1.137s] -- Up-to-date symlink: /SLAM/ros_ws/install/tracetools_image_pipeline/share/tracetools_image_pipeline/local_setup.bash
[1.137s] -- Up-to-date symlink: /SLAM/ros_ws/install/tracetools_image_pipeline/share/tracetools_image_pipeline/local_setup.sh
[1.137s] -- Up-to-date symlink: /SLAM/ros_ws/install/tracetools_image_pipeline/share/tracetools_image_pipeline/local_setup.zsh
[1.137s] -- Up-to-date symlink: /SLAM/ros_ws/install/tracetools_image_pipeline/share/tracetools_image_pipeline/local_setup.dsv
[1.137s] -- Symlinking: /SLAM/ros_ws/install/tracetools_image_pipeline/share/tracetools_image_pipeline/package.dsv
[1.148s] -- Up-to-date symlink: /SLAM/ros_ws/install/tracetools_image_pipeline/share/ament_index/resource_index/packages/tracetools_image_pipeline
[1.148s] -- Up-to-date symlink: /SLAM/ros_ws/install/tracetools_image_pipeline/share/tracetools_image_pipeline/cmake/ament_cmake_export_targets-extras.cmake
[1.148s] -- Up-to-date symlink: /SLAM/ros_ws/install/tracetools_image_pipeline/share/tracetools_image_pipeline/cmake/ament_cmake_export_include_directories-extras.cmake
[1.149s] -- Up-to-date symlink: /SLAM/ros_ws/install/tracetools_image_pipeline/share/tracetools_image_pipeline/cmake/ament_cmake_export_libraries-extras.cmake
[1.149s] -- Up-to-date symlink: /SLAM/ros_ws/install/tracetools_image_pipeline/share/tracetools_image_pipeline/cmake/tracetools_image_pipelineConfig.cmake
[1.149s] -- Up-to-date symlink: /SLAM/ros_ws/install/tracetools_image_pipeline/share/tracetools_image_pipeline/cmake/tracetools_image_pipelineConfig-version.cmake
[1.149s] -- Up-to-date symlink: /SLAM/ros_ws/install/tracetools_image_pipeline/share/tracetools_image_pipeline/package.xml
[1.150s] -- Up-to-date: /SLAM/ros_ws/install/tracetools_image_pipeline/lib/libtracetools_image_pipeline.so
[1.150s] -- Up-to-date: /SLAM/ros_ws/install/tracetools_image_pipeline/share/tracetools_image_pipeline/cmake/tracetools_image_pipeline_exportExport.cmake
[1.150s] -- Up-to-date: /SLAM/ros_ws/install/tracetools_image_pipeline/share/tracetools_image_pipeline/cmake/tracetools_image_pipeline_exportExport-release.cmake
[1.153s] Invoked command in '/SLAM/ros_ws/build/tracetools_image_pipeline' returned '0': CMAKE_PREFIX_PATH=/opt/ros/humble /usr/bin/cmake --install /SLAM/ros_ws/build/tracetools_image_pipeline
