[0.000000] (-) TimerEvent: {}
[0.000237] (-) JobUnselected: {'identifier': 'astra_camera'}
[0.000267] (-) JobUnselected: {'identifier': 'astra_camera_msgs'}
[0.000289] (sllidar_ros2) JobQueued: {'identifier': 'sllidar_ros2', 'dependencies': OrderedDict()}
[0.000329] (sllidar_ros2) JobStarted: {'identifier': 'sllidar_ros2'}
[0.050424] (sllidar_ros2) JobProgress: {'identifier': 'sllidar_ros2', 'progress': 'cmake'}
[0.051007] (sllidar_ros2) JobProgress: {'identifier': 'sllidar_ros2', 'progress': 'build'}
[0.051536] (sllidar_ros2) Command: {'cmd': ['/usr/bin/cmake', '--build', '/SLAM/ros_ws/build/sllidar_ros2', '--', '-j16', '-l16'], 'cwd': '/SLAM/ros_ws/build/sllidar_ros2', 'env': OrderedDict([('HOSTNAME', 'acer'), ('GIT_ASKPASS', '/home/ros/.vscode-server/bin/0ee08df0cf4527e40edc9aa28f4b5bd38bbff2b2/extensions/git/dist/askpass.sh'), ('SHLVL', '2'), ('LD_LIBRARY_PATH', '/SLAM/ros_ws/install/orbbec_camera/lib:/SLAM/ros_ws/install/orbbec_camera_msgs/lib:/SLAM/ros_ws/install/libuvc/lib:/SLAM/ros_ws/install/glog/lib:/SLAM/ros_ws/install/astra_camera/lib:/SLAM/ros_ws/install/astra_camera_msgs/lib:/opt/ros/humble/opt/rviz_ogre_vendor/lib:/opt/ros/humble/lib/x86_64-linux-gnu:/opt/ros/humble/lib'), ('BROWSER', '/home/ros/.vscode-server/bin/0ee08df0cf4527e40edc9aa28f4b5bd38bbff2b2/bin/helpers/browser.sh'), ('HOME', '/home/ros'), ('OLDPWD', '/SLAM'), ('TERM_PROGRAM_VERSION', '1.85.1'), ('VSCODE_IPC_HOOK_CLI', '/tmp/vscode-ipc-b7726fe3-f37c-447c-a611-e1ae35a23584.sock'), ('ROS_PYTHON_VERSION', '3'), ('VSCODE_GIT_ASKPASS_MAIN', '/home/ros/.vscode-server/bin/0ee08df0cf4527e40edc9aa28f4b5bd38bbff2b2/extensions/git/dist/askpass-main.js'), ('VSCODE_GIT_ASKPASS_NODE', '/home/ros/.vscode-server/bin/0ee08df0cf4527e40edc9aa28f4b5bd38bbff2b2/node'), ('COLORTERM', 'truecolor'), ('REMOTE_CONTAINERS', 'true'), ('COLCON_PREFIX_PATH', '/SLAM/ros_ws/install'), ('ROS_DISTRO', 'humble'), ('REMOTE_CONTAINERS_IPC', '/tmp/vscode-remote-containers-ipc-9412e913-db53-416a-8d3d-f7f55bf78b13.sock'), ('_', '/usr/bin/colcon'), ('ROS_VERSION', '2'), ('PKG_CONFIG_PATH', '/SLAM/ros_ws/install/magic_enum/lib/x86_64-linux-gnu/pkgconfig:/SLAM/ros_ws/install/magic_enum/lib/pkgconfig:/SLAM/ros_ws/install/libuvc/lib/pkgconfig'), ('TERM', 'xterm-256color'), ('ROS_LOCALHOST_ONLY', '0'), ('PATH', '/home/ros/.vscode-server/bin/0ee08df0cf4527e40edc9aa28f4b5bd38bbff2b2/bin/remote-cli:/opt/ros/humble/bin:/usr/local/sbin:/usr/local/bin:/usr/sbin:/usr/bin:/sbin:/bin'), ('REMOTE_CONTAINERS_SOCKETS', '["/tmp/vscode-ssh-auth-9412e913-db53-416a-8d3d-f7f55bf78b13.sock","/tmp/.X11-unix/X12","/home/ros/.gnupg/S.gpg-agent"]'), ('DISPLAY', ':1'), ('LANG', 'C.UTF-8'), ('VSCODE_GIT_IPC_HANDLE', '/tmp/vscode-git-b0d69a0cdc.sock'), ('TERM_PROGRAM', 'vscode'), ('SSH_AUTH_SOCK', '/tmp/vscode-ssh-auth-9412e913-db53-416a-8d3d-f7f55bf78b13.sock'), ('AMENT_PREFIX_PATH', '/SLAM/ros_ws/install/sllidar_ros2:/SLAM/ros_ws/install/orbbec_description:/SLAM/ros_ws/install/orbbec_camera:/SLAM/ros_ws/install/orbbec_camera_msgs:/SLAM/ros_ws/install/astra_camera_msgs:/opt/ros/humble'), ('REMOTE_CONTAINERS_DISPLAY_SOCK', '/tmp/.X11-unix/X12'), ('SHELL', '/bin/bash'), ('CMAKE_MODULE_PATH', '/SLAM/ros_ws/install/libuvc/lib/cmake/libuvc:/SLAM/ros_ws/install/glog/share/glog/cmake'), ('VSCODE_GIT_ASKPASS_EXTRA_ARGS', ''), ('PWD', '/SLAM/ros_ws/build/sllidar_ros2'), ('LC_ALL', 'C.UTF-8'), ('PYTHONPATH', '/SLAM/ros_ws/install/orbbec_camera_msgs/local/lib/python3.10/dist-packages:/SLAM/ros_ws/install/astra_camera_msgs/local/lib/python3.10/dist-packages:/opt/ros/humble/lib/python3.10/site-packages:/opt/ros/humble/local/lib/python3.10/dist-packages'), ('COLCON', '1'), ('CMAKE_PREFIX_PATH', '/SLAM/ros_ws/install/sllidar_ros2:/SLAM/ros_ws/install/orbbec_description:/SLAM/ros_ws/install/orbbec_camera:/SLAM/ros_ws/install/orbbec_camera_msgs:/SLAM/ros_ws/install/magic_enum:/SLAM/ros_ws/install/libuvc:/SLAM/ros_ws/install/glog:/SLAM/ros_ws/install/astra_camera:/SLAM/ros_ws/install/astra_camera_msgs:/opt/ros/humble')]), 'shell': False}
[0.099310] (-) TimerEvent: {}
[0.107323] (sllidar_ros2) StdoutLine: {'line': b'\x1b[35m\x1b[1mConsolidate compiler generated dependencies of target sllidar_node\x1b[0m\n'}
[0.124076] (sllidar_ros2) StdoutLine: {'line': b'[ 10%] Built target sllidar_client\n'}
[0.149325] (sllidar_ros2) StdoutLine: {'line': b'[ 15%] \x1b[32mBuilding CXX object CMakeFiles/sllidar_node.dir/src/sllidar_node.cpp.o\x1b[0m\n'}
[0.199870] (-) TimerEvent: {}
[0.300164] (-) TimerEvent: {}
[0.400473] (-) TimerEvent: {}
[0.500821] (-) TimerEvent: {}
[0.601112] (-) TimerEvent: {}
[0.701388] (-) TimerEvent: {}
[0.801690] (-) TimerEvent: {}
[0.901981] (-) TimerEvent: {}
[1.002257] (-) TimerEvent: {}
[1.102532] (-) TimerEvent: {}
[1.202841] (-) TimerEvent: {}
[1.303129] (-) TimerEvent: {}
[1.403404] (-) TimerEvent: {}
[1.503694] (-) TimerEvent: {}
[1.603970] (-) TimerEvent: {}
[1.704276] (-) TimerEvent: {}
[1.804551] (-) TimerEvent: {}
[1.904839] (-) TimerEvent: {}
[2.005110] (-) TimerEvent: {}
[2.010226] (sllidar_ros2) StderrLine: {'line': b'In file included from \x1b[01m\x1b[K/SLAM/ros_ws/src/sllidar_ros2/./sdk/include/sl_lidar_cmd.h:41\x1b[m\x1b[K,\n'}
[2.010414] (sllidar_ros2) StderrLine: {'line': b'                 from \x1b[01m\x1b[K/SLAM/ros_ws/src/sllidar_ros2/./sdk/include/sl_lidar_driver.h:54\x1b[m\x1b[K,\n'}
[2.010495] (sllidar_ros2) StderrLine: {'line': b'                 from \x1b[01m\x1b[K/SLAM/ros_ws/src/sllidar_ros2/./sdk/include/sl_lidar.h:36\x1b[m\x1b[K,\n'}
[2.010612] (sllidar_ros2) StderrLine: {'line': b'                 from \x1b[01m\x1b[K/SLAM/ros_ws/src/sllidar_ros2/src/sllidar_node.cpp:38\x1b[m\x1b[K:\n'}
[2.010675] (sllidar_ros2) StderrLine: {'line': b'\x1b[01m\x1b[K/SLAM/ros_ws/src/sllidar_ros2/./sdk/include/sl_lidar_protocol.h:66:16:\x1b[m\x1b[K \x1b[01;35m\x1b[Kwarning: \x1b[m\x1b[KISO C++ forbids zero-size array \xe2\x80\x98\x1b[01m\x1b[Kdata\x1b[m\x1b[K\xe2\x80\x99 [\x1b[01;35m\x1b[K\x1b]8;;https://gcc.gnu.org/onlinedocs/gcc/Warning-Options.html#index-Wpedantic\x07-Wpedantic\x1b]8;;\x07\x1b[m\x1b[K]\n'}
[2.010740] (sllidar_ros2) StderrLine: {'line': b'   66 |     sl_u8 data[\x1b[01;35m\x1b[K0\x1b[m\x1b[K];\n'}
[2.010817] (sllidar_ros2) StderrLine: {'line': b'      |                \x1b[01;35m\x1b[K^\x1b[m\x1b[K\n'}
[2.010875] (sllidar_ros2) StderrLine: {'line': b'In file included from \x1b[01m\x1b[K/SLAM/ros_ws/src/sllidar_ros2/./sdk/include/sl_lidar_driver.h:54\x1b[m\x1b[K,\n'}
[2.010933] (sllidar_ros2) StderrLine: {'line': b'                 from \x1b[01m\x1b[K/SLAM/ros_ws/src/sllidar_ros2/./sdk/include/sl_lidar.h:36\x1b[m\x1b[K,\n'}
[2.010990] (sllidar_ros2) StderrLine: {'line': b'                 from \x1b[01m\x1b[K/SLAM/ros_ws/src/sllidar_ros2/src/sllidar_node.cpp:38\x1b[m\x1b[K:\n'}
[2.011048] (sllidar_ros2) StderrLine: {'line': b'\x1b[01m\x1b[K/SLAM/ros_ws/src/sllidar_ros2/./sdk/include/sl_lidar_cmd.h:324:20:\x1b[m\x1b[K \x1b[01;35m\x1b[Kwarning: \x1b[m\x1b[KISO C++ forbids zero-size array \xe2\x80\x98\x1b[01m\x1b[Kpayload\x1b[m\x1b[K\xe2\x80\x99 [\x1b[01;35m\x1b[K\x1b]8;;https://gcc.gnu.org/onlinedocs/gcc/Warning-Options.html#index-Wpedantic\x07-Wpedantic\x1b]8;;\x07\x1b[m\x1b[K]\n'}
[2.011110] (sllidar_ros2) StderrLine: {'line': b'  324 |     sl_u8  payload[\x1b[01;35m\x1b[K0\x1b[m\x1b[K];\n'}
[2.011174] (sllidar_ros2) StderrLine: {'line': b'      |                    \x1b[01;35m\x1b[K^\x1b[m\x1b[K\n'}
[2.105214] (-) TimerEvent: {}
[2.205519] (-) TimerEvent: {}
[2.305803] (-) TimerEvent: {}
[2.406086] (-) TimerEvent: {}
[2.506370] (-) TimerEvent: {}
[2.606663] (-) TimerEvent: {}
[2.707009] (-) TimerEvent: {}
[2.807293] (-) TimerEvent: {}
[2.907578] (-) TimerEvent: {}
[3.007848] (-) TimerEvent: {}
[3.108125] (-) TimerEvent: {}
[3.208395] (-) TimerEvent: {}
[3.308671] (-) TimerEvent: {}
[3.408956] (-) TimerEvent: {}
[3.509244] (-) TimerEvent: {}
[3.609545] (-) TimerEvent: {}
[3.709775] (-) TimerEvent: {}
[3.810056] (-) TimerEvent: {}
[3.910339] (-) TimerEvent: {}
[3.989066] (sllidar_ros2) StdoutLine: {'line': b'[ 20%] \x1b[32m\x1b[1mLinking CXX executable sllidar_node\x1b[0m\n'}
[4.010443] (-) TimerEvent: {}
[4.110734] (-) TimerEvent: {}
[4.197136] (sllidar_ros2) StdoutLine: {'line': b'[100%] Built target sllidar_node\n'}
[4.209419] (sllidar_ros2) CommandEnded: {'returncode': 0}
[4.210788] (-) TimerEvent: {}
[4.296554] (sllidar_ros2) JobProgress: {'identifier': 'sllidar_ros2', 'progress': 'install'}
[4.306631] (sllidar_ros2) Command: {'cmd': ['/usr/bin/cmake', '--install', '/SLAM/ros_ws/build/sllidar_ros2'], 'cwd': '/SLAM/ros_ws/build/sllidar_ros2', 'env': OrderedDict([('HOSTNAME', 'acer'), ('GIT_ASKPASS', '/home/ros/.vscode-server/bin/0ee08df0cf4527e40edc9aa28f4b5bd38bbff2b2/extensions/git/dist/askpass.sh'), ('SHLVL', '2'), ('LD_LIBRARY_PATH', '/SLAM/ros_ws/install/orbbec_camera/lib:/SLAM/ros_ws/install/orbbec_camera_msgs/lib:/SLAM/ros_ws/install/libuvc/lib:/SLAM/ros_ws/install/glog/lib:/SLAM/ros_ws/install/astra_camera/lib:/SLAM/ros_ws/install/astra_camera_msgs/lib:/opt/ros/humble/opt/rviz_ogre_vendor/lib:/opt/ros/humble/lib/x86_64-linux-gnu:/opt/ros/humble/lib'), ('BROWSER', '/home/ros/.vscode-server/bin/0ee08df0cf4527e40edc9aa28f4b5bd38bbff2b2/bin/helpers/browser.sh'), ('HOME', '/home/ros'), ('OLDPWD', '/SLAM'), ('TERM_PROGRAM_VERSION', '1.85.1'), ('VSCODE_IPC_HOOK_CLI', '/tmp/vscode-ipc-b7726fe3-f37c-447c-a611-e1ae35a23584.sock'), ('ROS_PYTHON_VERSION', '3'), ('VSCODE_GIT_ASKPASS_MAIN', '/home/ros/.vscode-server/bin/0ee08df0cf4527e40edc9aa28f4b5bd38bbff2b2/extensions/git/dist/askpass-main.js'), ('VSCODE_GIT_ASKPASS_NODE', '/home/ros/.vscode-server/bin/0ee08df0cf4527e40edc9aa28f4b5bd38bbff2b2/node'), ('COLORTERM', 'truecolor'), ('REMOTE_CONTAINERS', 'true'), ('COLCON_PREFIX_PATH', '/SLAM/ros_ws/install'), ('ROS_DISTRO', 'humble'), ('REMOTE_CONTAINERS_IPC', '/tmp/vscode-remote-containers-ipc-9412e913-db53-416a-8d3d-f7f55bf78b13.sock'), ('_', '/usr/bin/colcon'), ('ROS_VERSION', '2'), ('PKG_CONFIG_PATH', '/SLAM/ros_ws/install/magic_enum/lib/x86_64-linux-gnu/pkgconfig:/SLAM/ros_ws/install/magic_enum/lib/pkgconfig:/SLAM/ros_ws/install/libuvc/lib/pkgconfig'), ('TERM', 'xterm-256color'), ('ROS_LOCALHOST_ONLY', '0'), ('PATH', '/home/ros/.vscode-server/bin/0ee08df0cf4527e40edc9aa28f4b5bd38bbff2b2/bin/remote-cli:/opt/ros/humble/bin:/usr/local/sbin:/usr/local/bin:/usr/sbin:/usr/bin:/sbin:/bin'), ('REMOTE_CONTAINERS_SOCKETS', '["/tmp/vscode-ssh-auth-9412e913-db53-416a-8d3d-f7f55bf78b13.sock","/tmp/.X11-unix/X12","/home/ros/.gnupg/S.gpg-agent"]'), ('DISPLAY', ':1'), ('LANG', 'C.UTF-8'), ('VSCODE_GIT_IPC_HANDLE', '/tmp/vscode-git-b0d69a0cdc.sock'), ('TERM_PROGRAM', 'vscode'), ('SSH_AUTH_SOCK', '/tmp/vscode-ssh-auth-9412e913-db53-416a-8d3d-f7f55bf78b13.sock'), ('AMENT_PREFIX_PATH', '/SLAM/ros_ws/install/sllidar_ros2:/SLAM/ros_ws/install/orbbec_description:/SLAM/ros_ws/install/orbbec_camera:/SLAM/ros_ws/install/orbbec_camera_msgs:/SLAM/ros_ws/install/astra_camera_msgs:/opt/ros/humble'), ('REMOTE_CONTAINERS_DISPLAY_SOCK', '/tmp/.X11-unix/X12'), ('SHELL', '/bin/bash'), ('CMAKE_MODULE_PATH', '/SLAM/ros_ws/install/libuvc/lib/cmake/libuvc:/SLAM/ros_ws/install/glog/share/glog/cmake'), ('VSCODE_GIT_ASKPASS_EXTRA_ARGS', ''), ('PWD', '/SLAM/ros_ws/build/sllidar_ros2'), ('LC_ALL', 'C.UTF-8'), ('PYTHONPATH', '/SLAM/ros_ws/install/orbbec_camera_msgs/local/lib/python3.10/dist-packages:/SLAM/ros_ws/install/astra_camera_msgs/local/lib/python3.10/dist-packages:/opt/ros/humble/lib/python3.10/site-packages:/opt/ros/humble/local/lib/python3.10/dist-packages'), ('COLCON', '1'), ('CMAKE_PREFIX_PATH', '/SLAM/ros_ws/install/sllidar_ros2:/SLAM/ros_ws/install/orbbec_description:/SLAM/ros_ws/install/orbbec_camera:/SLAM/ros_ws/install/orbbec_camera_msgs:/SLAM/ros_ws/install/magic_enum:/SLAM/ros_ws/install/libuvc:/SLAM/ros_ws/install/glog:/SLAM/ros_ws/install/astra_camera:/SLAM/ros_ws/install/astra_camera_msgs:/opt/ros/humble')]), 'shell': False}
[4.310858] (-) TimerEvent: {}
[4.314343] (sllidar_ros2) StdoutLine: {'line': b'-- Install configuration: ""\n'}
[4.314759] (sllidar_ros2) StdoutLine: {'line': b'-- Execute custom install script\n'}
[4.315278] (sllidar_ros2) StdoutLine: {'line': b'-- Up-to-date symlink: /SLAM/ros_ws/install/sllidar_ros2/share/sllidar_ros2/launch/sllidar_a1_launch.py\n'}
[4.315403] (sllidar_ros2) StdoutLine: {'line': b'-- Up-to-date symlink: /SLAM/ros_ws/install/sllidar_ros2/share/sllidar_ros2/launch/sllidar_a2m12_launch .py\n'}
[4.315514] (sllidar_ros2) StdoutLine: {'line': b'-- Up-to-date symlink: /SLAM/ros_ws/install/sllidar_ros2/share/sllidar_ros2/launch/sllidar_a2m7_launch.py\n'}
[4.315612] (sllidar_ros2) StdoutLine: {'line': b'-- Up-to-date symlink: /SLAM/ros_ws/install/sllidar_ros2/share/sllidar_ros2/launch/sllidar_a2m8_launch.py\n'}
[4.315698] (sllidar_ros2) StdoutLine: {'line': b'-- Up-to-date symlink: /SLAM/ros_ws/install/sllidar_ros2/share/sllidar_ros2/launch/sllidar_a3_launch.py\n'}
[4.315768] (sllidar_ros2) StdoutLine: {'line': b'-- Up-to-date symlink: /SLAM/ros_ws/install/sllidar_ros2/share/sllidar_ros2/launch/sllidar_c1_launch.py\n'}
[4.315851] (sllidar_ros2) StdoutLine: {'line': b'-- Up-to-date symlink: /SLAM/ros_ws/install/sllidar_ros2/share/sllidar_ros2/launch/sllidar_s1_launch.py\n'}
[4.315940] (sllidar_ros2) StdoutLine: {'line': b'-- Up-to-date symlink: /SLAM/ros_ws/install/sllidar_ros2/share/sllidar_ros2/launch/sllidar_s1_tcp_launch.py\n'}
[4.316028] (sllidar_ros2) StdoutLine: {'line': b'-- Up-to-date symlink: /SLAM/ros_ws/install/sllidar_ros2/share/sllidar_ros2/launch/sllidar_s2_launch.py\n'}
[4.316133] (sllidar_ros2) StdoutLine: {'line': b'-- Up-to-date symlink: /SLAM/ros_ws/install/sllidar_ros2/share/sllidar_ros2/launch/sllidar_s2e_launch.py\n'}
[4.316220] (sllidar_ros2) StdoutLine: {'line': b'-- Up-to-date symlink: /SLAM/ros_ws/install/sllidar_ros2/share/sllidar_ros2/launch/sllidar_s3_launch.py\n'}
[4.316300] (sllidar_ros2) StdoutLine: {'line': b'-- Up-to-date symlink: /SLAM/ros_ws/install/sllidar_ros2/share/sllidar_ros2/launch/sllidar_t1_launch.py\n'}
[4.316387] (sllidar_ros2) StdoutLine: {'line': b'-- Up-to-date symlink: /SLAM/ros_ws/install/sllidar_ros2/share/sllidar_ros2/launch/view_sllidar_a1_launch.py\n'}
[4.316476] (sllidar_ros2) StdoutLine: {'line': b'-- Up-to-date symlink: /SLAM/ros_ws/install/sllidar_ros2/share/sllidar_ros2/launch/view_sllidar_a2m12_launch.py\n'}
[4.316566] (sllidar_ros2) StdoutLine: {'line': b'-- Up-to-date symlink: /SLAM/ros_ws/install/sllidar_ros2/share/sllidar_ros2/launch/view_sllidar_a2m7_launch.py\n'}
[4.316654] (sllidar_ros2) StdoutLine: {'line': b'-- Up-to-date symlink: /SLAM/ros_ws/install/sllidar_ros2/share/sllidar_ros2/launch/view_sllidar_a2m8_launch.py\n'}
[4.316742] (sllidar_ros2) StdoutLine: {'line': b'-- Up-to-date symlink: /SLAM/ros_ws/install/sllidar_ros2/share/sllidar_ros2/launch/view_sllidar_a3_launch.py\n'}
[4.316831] (sllidar_ros2) StdoutLine: {'line': b'-- Up-to-date symlink: /SLAM/ros_ws/install/sllidar_ros2/share/sllidar_ros2/launch/view_sllidar_c1_launch.py\n'}
[4.316918] (sllidar_ros2) StdoutLine: {'line': b'-- Up-to-date symlink: /SLAM/ros_ws/install/sllidar_ros2/share/sllidar_ros2/launch/view_sllidar_s1_launch.py\n'}
[4.317007] (sllidar_ros2) StdoutLine: {'line': b'-- Up-to-date symlink: /SLAM/ros_ws/install/sllidar_ros2/share/sllidar_ros2/launch/view_sllidar_s1_tcp_launch.py\n'}
[4.317095] (sllidar_ros2) StdoutLine: {'line': b'-- Up-to-date symlink: /SLAM/ros_ws/install/sllidar_ros2/share/sllidar_ros2/launch/view_sllidar_s2_launch.py\n'}
[4.317183] (sllidar_ros2) StdoutLine: {'line': b'-- Up-to-date symlink: /SLAM/ros_ws/install/sllidar_ros2/share/sllidar_ros2/launch/view_sllidar_s2e_launch.py\n'}
[4.317327] (sllidar_ros2) StdoutLine: {'line': b'-- Up-to-date symlink: /SLAM/ros_ws/install/sllidar_ros2/share/sllidar_ros2/launch/view_sllidar_s3_launch.py\n'}
[4.317396] (sllidar_ros2) StdoutLine: {'line': b'-- Up-to-date symlink: /SLAM/ros_ws/install/sllidar_ros2/share/sllidar_ros2/launch/view_sllidar_t1_launch.py\n'}
[4.317572] (sllidar_ros2) StdoutLine: {'line': b'-- Up-to-date symlink: /SLAM/ros_ws/install/sllidar_ros2/share/sllidar_ros2/rviz/sllidar_ros2.rviz\n'}
[4.317802] (sllidar_ros2) StdoutLine: {'line': b'-- Up-to-date symlink: /SLAM/ros_ws/install/sllidar_ros2/lib/sllidar_ros2/sllidar_node\n'}
[4.317934] (sllidar_ros2) StdoutLine: {'line': b'-- Up-to-date symlink: /SLAM/ros_ws/install/sllidar_ros2/lib/sllidar_ros2/sllidar_client\n'}
[4.318061] (sllidar_ros2) StdoutLine: {'line': b'-- Up-to-date symlink: /SLAM/ros_ws/install/sllidar_ros2/share/ament_index/resource_index/package_run_dependencies/sllidar_ros2\n'}
[4.318207] (sllidar_ros2) StdoutLine: {'line': b'-- Up-to-date symlink: /SLAM/ros_ws/install/sllidar_ros2/share/ament_index/resource_index/parent_prefix_path/sllidar_ros2\n'}
[4.318369] (sllidar_ros2) StdoutLine: {'line': b'-- Up-to-date symlink: /SLAM/ros_ws/install/sllidar_ros2/share/sllidar_ros2/environment/ament_prefix_path.sh\n'}
[4.318488] (sllidar_ros2) StdoutLine: {'line': b'-- Up-to-date symlink: /SLAM/ros_ws/install/sllidar_ros2/share/sllidar_ros2/environment/ament_prefix_path.dsv\n'}
[4.318625] (sllidar_ros2) StdoutLine: {'line': b'-- Up-to-date symlink: /SLAM/ros_ws/install/sllidar_ros2/share/sllidar_ros2/environment/path.sh\n'}
[4.318743] (sllidar_ros2) StdoutLine: {'line': b'-- Up-to-date symlink: /SLAM/ros_ws/install/sllidar_ros2/share/sllidar_ros2/environment/path.dsv\n'}
[4.318861] (sllidar_ros2) StdoutLine: {'line': b'-- Up-to-date symlink: /SLAM/ros_ws/install/sllidar_ros2/share/sllidar_ros2/local_setup.bash\n'}
[4.318980] (sllidar_ros2) StdoutLine: {'line': b'-- Up-to-date symlink: /SLAM/ros_ws/install/sllidar_ros2/share/sllidar_ros2/local_setup.sh\n'}
[4.319096] (sllidar_ros2) StdoutLine: {'line': b'-- Up-to-date symlink: /SLAM/ros_ws/install/sllidar_ros2/share/sllidar_ros2/local_setup.zsh\n'}
[4.319209] (sllidar_ros2) StdoutLine: {'line': b'-- Up-to-date symlink: /SLAM/ros_ws/install/sllidar_ros2/share/sllidar_ros2/local_setup.dsv\n'}
[4.319294] (sllidar_ros2) StdoutLine: {'line': b'-- Symlinking: /SLAM/ros_ws/install/sllidar_ros2/share/sllidar_ros2/package.dsv\n'}
[4.329775] (sllidar_ros2) StdoutLine: {'line': b'-- Up-to-date symlink: /SLAM/ros_ws/install/sllidar_ros2/share/ament_index/resource_index/packages/sllidar_ros2\n'}
[4.329950] (sllidar_ros2) StdoutLine: {'line': b'-- Up-to-date symlink: /SLAM/ros_ws/install/sllidar_ros2/share/sllidar_ros2/cmake/ament_cmake_export_dependencies-extras.cmake\n'}
[4.330054] (sllidar_ros2) StdoutLine: {'line': b'-- Up-to-date symlink: /SLAM/ros_ws/install/sllidar_ros2/share/sllidar_ros2/cmake/ament_cmake_export_include_directories-extras.cmake\n'}
[4.330218] (sllidar_ros2) StdoutLine: {'line': b'-- Up-to-date symlink: /SLAM/ros_ws/install/sllidar_ros2/share/sllidar_ros2/cmake/sllidar_ros2Config.cmake\n'}
[4.330334] (sllidar_ros2) StdoutLine: {'line': b'-- Up-to-date symlink: /SLAM/ros_ws/install/sllidar_ros2/share/sllidar_ros2/cmake/sllidar_ros2Config-version.cmake\n'}
[4.330460] (sllidar_ros2) StdoutLine: {'line': b'-- Up-to-date symlink: /SLAM/ros_ws/install/sllidar_ros2/share/sllidar_ros2/package.xml\n'}
[4.332310] (sllidar_ros2) CommandEnded: {'returncode': 0}
[4.410955] (-) TimerEvent: {}
[4.503629] (sllidar_ros2) JobEnded: {'identifier': 'sllidar_ros2', 'rc': 0}
[4.504389] (-) EventReactorShutdown: {}
