[0.100s] Invoking command in '/home/khanh/Documents/SLAM/ros_ws/build/orbbec_camera_msgs': CMAKE_PREFIX_PATH=/home/khanh/Documents/SLAM/ros_ws/install/rtabmap_rviz_plugins:/home/khanh/Documents/SLAM/ros_ws/install/rtabmap_conversions:/home/khanh/Documents/SLAM/ros_ws/install/rtabmap_python:/opt/ros/humble:/home/khanh/Documents/SLAM/ros_ws/install/rtabmap_msgs:/home/khanh/Documents/SLAM/ros_ws/install/rtabmap:/home/khanh/Documents/SLAM/ros_ws/install/orbbec_description:/home/khanh/Documents/SLAM/ros_ws/install/orbbec_camera:/home/khanh/Documents/SLAM/ros_ws/install/orbbec_camera_msgs /usr/bin/cmake --build /home/khanh/Documents/SLAM/ros_ws/build/orbbec_camera_msgs -- -j16 -l16
[0.146s] [35m[1mConsolidate compiler generated dependencies of target orbbec_camera_msgs__rosidl_generator_c[0m
[0.156s] [  0%] Built target orbbec_camera_msgs__cpp
[0.162s] [ 12%] Built target orbbec_camera_msgs__rosidl_generator_c
[0.167s] [ 12%] Built target ament_cmake_python_copy_orbbec_camera_msgs
[0.169s] [35m[1mConsolidate compiler generated dependencies of target orbbec_camera_msgs__rosidl_typesupport_cpp[0m
[0.170s] [35m[1mConsolidate compiler generated dependencies of target orbbec_camera_msgs__rosidl_typesupport_fastrtps_cpp[0m
[0.170s] [35m[1mConsolidate compiler generated dependencies of target orbbec_camera_msgs__rosidl_typesupport_introspection_cpp[0m
[0.177s] [35m[1mConsolidate compiler generated dependencies of target orbbec_camera_msgs__rosidl_typesupport_introspection_c[0m
[0.177s] [35m[1mConsolidate compiler generated dependencies of target orbbec_camera_msgs__rosidl_typesupport_c[0m
[0.178s] [35m[1mConsolidate compiler generated dependencies of target orbbec_camera_msgs__rosidl_typesupport_fastrtps_c[0m
[0.193s] [ 35%] Built target orbbec_camera_msgs__rosidl_typesupport_introspection_c
[0.193s] [ 35%] Built target orbbec_camera_msgs__rosidl_typesupport_c
[0.193s] [ 47%] Built target orbbec_camera_msgs__rosidl_typesupport_cpp
[0.195s] [ 58%] Built target orbbec_camera_msgs__rosidl_typesupport_fastrtps_cpp
[0.195s] [ 70%] Built target orbbec_camera_msgs__rosidl_typesupport_introspection_cpp
[0.216s] [ 82%] Built target orbbec_camera_msgs__rosidl_typesupport_fastrtps_c
[0.229s] [ 82%] Built target orbbec_camera_msgs
[0.255s] [ 83%] Built target orbbec_camera_msgs__py
[0.267s] [35m[1mConsolidate compiler generated dependencies of target orbbec_camera_msgs__rosidl_generator_py[0m
[0.290s] [ 94%] Built target orbbec_camera_msgs__rosidl_generator_py
[0.302s] [35m[1mConsolidate compiler generated dependencies of target orbbec_camera_msgs__rosidl_typesupport_introspection_c__pyext[0m
[0.302s] [35m[1mConsolidate compiler generated dependencies of target orbbec_camera_msgs__rosidl_typesupport_c__pyext[0m
[0.302s] [35m[1mConsolidate compiler generated dependencies of target orbbec_camera_msgs__rosidl_typesupport_fastrtps_c__pyext[0m
[0.318s] [ 99%] Built target orbbec_camera_msgs__rosidl_typesupport_fastrtps_c__pyext
[0.318s] [ 99%] Built target orbbec_camera_msgs__rosidl_typesupport_introspection_c__pyext
[0.318s] [100%] Built target orbbec_camera_msgs__rosidl_typesupport_c__pyext
[0.399s] running egg_info
[0.400s] writing orbbec_camera_msgs.egg-info/PKG-INFO
[0.400s] writing dependency_links to orbbec_camera_msgs.egg-info/dependency_links.txt
[0.400s] writing top-level names to orbbec_camera_msgs.egg-info/top_level.txt
[0.402s] reading manifest file 'orbbec_camera_msgs.egg-info/SOURCES.txt'
[0.402s] writing manifest file 'orbbec_camera_msgs.egg-info/SOURCES.txt'
[0.431s] [100%] Built target ament_cmake_python_build_orbbec_camera_msgs_egg
[0.446s] Invoked command in '/home/khanh/Documents/SLAM/ros_ws/build/orbbec_camera_msgs' returned '0': CMAKE_PREFIX_PATH=/home/khanh/Documents/SLAM/ros_ws/install/rtabmap_rviz_plugins:/home/khanh/Documents/SLAM/ros_ws/install/rtabmap_conversions:/home/khanh/Documents/SLAM/ros_ws/install/rtabmap_python:/opt/ros/humble:/home/khanh/Documents/SLAM/ros_ws/install/rtabmap_msgs:/home/khanh/Documents/SLAM/ros_ws/install/rtabmap:/home/khanh/Documents/SLAM/ros_ws/install/orbbec_description:/home/khanh/Documents/SLAM/ros_ws/install/orbbec_camera:/home/khanh/Documents/SLAM/ros_ws/install/orbbec_camera_msgs /usr/bin/cmake --build /home/khanh/Documents/SLAM/ros_ws/build/orbbec_camera_msgs -- -j16 -l16
[0.749s] Invoking command in '/home/khanh/Documents/SLAM/ros_ws/build/orbbec_camera_msgs': CMAKE_PREFIX_PATH=/home/khanh/Documents/SLAM/ros_ws/install/rtabmap_rviz_plugins:/home/khanh/Documents/SLAM/ros_ws/install/rtabmap_conversions:/home/khanh/Documents/SLAM/ros_ws/install/rtabmap_python:/opt/ros/humble:/home/khanh/Documents/SLAM/ros_ws/install/rtabmap_msgs:/home/khanh/Documents/SLAM/ros_ws/install/rtabmap:/home/khanh/Documents/SLAM/ros_ws/install/orbbec_description:/home/khanh/Documents/SLAM/ros_ws/install/orbbec_camera:/home/khanh/Documents/SLAM/ros_ws/install/orbbec_camera_msgs /usr/bin/cmake --install /home/khanh/Documents/SLAM/ros_ws/build/orbbec_camera_msgs
[0.757s] -- Install configuration: "Release"
[0.757s] -- Up-to-date: /home/khanh/Documents/SLAM/ros_ws/install/orbbec_camera_msgs/share/ament_index/resource_index/rosidl_interfaces/orbbec_camera_msgs
[0.758s] -- Up-to-date: /home/khanh/Documents/SLAM/ros_ws/install/orbbec_camera_msgs/include/orbbec_camera_msgs/orbbec_camera_msgs
[0.758s] -- Up-to-date: /home/khanh/Documents/SLAM/ros_ws/install/orbbec_camera_msgs/include/orbbec_camera_msgs/orbbec_camera_msgs/msg
[0.758s] -- Up-to-date: /home/khanh/Documents/SLAM/ros_ws/install/orbbec_camera_msgs/include/orbbec_camera_msgs/orbbec_camera_msgs/msg/rosidl_generator_c__visibility_control.h
[0.758s] -- Up-to-date: /home/khanh/Documents/SLAM/ros_ws/install/orbbec_camera_msgs/include/orbbec_camera_msgs/orbbec_camera_msgs/msg/extrinsics.h
[0.758s] -- Up-to-date: /home/khanh/Documents/SLAM/ros_ws/install/orbbec_camera_msgs/include/orbbec_camera_msgs/orbbec_camera_msgs/msg/detail
[0.758s] -- Up-to-date: /home/khanh/Documents/SLAM/ros_ws/install/orbbec_camera_msgs/include/orbbec_camera_msgs/orbbec_camera_msgs/msg/detail/device_info__struct.h
[0.758s] -- Up-to-date: /home/khanh/Documents/SLAM/ros_ws/install/orbbec_camera_msgs/include/orbbec_camera_msgs/orbbec_camera_msgs/msg/detail/extrinsics__functions.c
[0.758s] -- Up-to-date: /home/khanh/Documents/SLAM/ros_ws/install/orbbec_camera_msgs/include/orbbec_camera_msgs/orbbec_camera_msgs/msg/detail/device_info__type_support.h
[0.758s] -- Up-to-date: /home/khanh/Documents/SLAM/ros_ws/install/orbbec_camera_msgs/include/orbbec_camera_msgs/orbbec_camera_msgs/msg/detail/metadata__type_support.h
[0.758s] -- Up-to-date: /home/khanh/Documents/SLAM/ros_ws/install/orbbec_camera_msgs/include/orbbec_camera_msgs/orbbec_camera_msgs/msg/detail/metadata__functions.h
[0.758s] -- Up-to-date: /home/khanh/Documents/SLAM/ros_ws/install/orbbec_camera_msgs/include/orbbec_camera_msgs/orbbec_camera_msgs/msg/detail/metadata__functions.c
[0.759s] -- Up-to-date: /home/khanh/Documents/SLAM/ros_ws/install/orbbec_camera_msgs/include/orbbec_camera_msgs/orbbec_camera_msgs/msg/detail/device_info__functions.c
[0.759s] -- Up-to-date: /home/khanh/Documents/SLAM/ros_ws/install/orbbec_camera_msgs/include/orbbec_camera_msgs/orbbec_camera_msgs/msg/detail/extrinsics__struct.h
[0.759s] -- Up-to-date: /home/khanh/Documents/SLAM/ros_ws/install/orbbec_camera_msgs/include/orbbec_camera_msgs/orbbec_camera_msgs/msg/detail/extrinsics__functions.h
[0.759s] -- Up-to-date: /home/khanh/Documents/SLAM/ros_ws/install/orbbec_camera_msgs/include/orbbec_camera_msgs/orbbec_camera_msgs/msg/detail/device_info__functions.h
[0.759s] -- Up-to-date: /home/khanh/Documents/SLAM/ros_ws/install/orbbec_camera_msgs/include/orbbec_camera_msgs/orbbec_camera_msgs/msg/detail/extrinsics__type_support.h
[0.759s] -- Up-to-date: /home/khanh/Documents/SLAM/ros_ws/install/orbbec_camera_msgs/include/orbbec_camera_msgs/orbbec_camera_msgs/msg/detail/metadata__struct.h
[0.759s] -- Up-to-date: /home/khanh/Documents/SLAM/ros_ws/install/orbbec_camera_msgs/include/orbbec_camera_msgs/orbbec_camera_msgs/msg/device_info.h
[0.759s] -- Up-to-date: /home/khanh/Documents/SLAM/ros_ws/install/orbbec_camera_msgs/include/orbbec_camera_msgs/orbbec_camera_msgs/msg/metadata.h
[0.759s] -- Up-to-date: /home/khanh/Documents/SLAM/ros_ws/install/orbbec_camera_msgs/include/orbbec_camera_msgs/orbbec_camera_msgs/srv
[0.759s] -- Up-to-date: /home/khanh/Documents/SLAM/ros_ws/install/orbbec_camera_msgs/include/orbbec_camera_msgs/orbbec_camera_msgs/srv/get_camera_info.h
[0.759s] -- Up-to-date: /home/khanh/Documents/SLAM/ros_ws/install/orbbec_camera_msgs/include/orbbec_camera_msgs/orbbec_camera_msgs/srv/set_string.h
[0.759s] -- Up-to-date: /home/khanh/Documents/SLAM/ros_ws/install/orbbec_camera_msgs/include/orbbec_camera_msgs/orbbec_camera_msgs/srv/get_device_info.h
[0.759s] -- Up-to-date: /home/khanh/Documents/SLAM/ros_ws/install/orbbec_camera_msgs/include/orbbec_camera_msgs/orbbec_camera_msgs/srv/get_int32.h
[0.759s] -- Up-to-date: /home/khanh/Documents/SLAM/ros_ws/install/orbbec_camera_msgs/include/orbbec_camera_msgs/orbbec_camera_msgs/srv/get_bool.h
[0.760s] -- Up-to-date: /home/khanh/Documents/SLAM/ros_ws/install/orbbec_camera_msgs/include/orbbec_camera_msgs/orbbec_camera_msgs/srv/get_string.h
[0.760s] -- Up-to-date: /home/khanh/Documents/SLAM/ros_ws/install/orbbec_camera_msgs/include/orbbec_camera_msgs/orbbec_camera_msgs/srv/detail
[0.760s] -- Up-to-date: /home/khanh/Documents/SLAM/ros_ws/install/orbbec_camera_msgs/include/orbbec_camera_msgs/orbbec_camera_msgs/srv/detail/set_string__functions.c
[0.760s] -- Up-to-date: /home/khanh/Documents/SLAM/ros_ws/install/orbbec_camera_msgs/include/orbbec_camera_msgs/orbbec_camera_msgs/srv/detail/get_bool__type_support.h
[0.760s] -- Up-to-date: /home/khanh/Documents/SLAM/ros_ws/install/orbbec_camera_msgs/include/orbbec_camera_msgs/orbbec_camera_msgs/srv/detail/get_device_info__type_support.h
[0.760s] -- Up-to-date: /home/khanh/Documents/SLAM/ros_ws/install/orbbec_camera_msgs/include/orbbec_camera_msgs/orbbec_camera_msgs/srv/detail/set_string__functions.h
[0.760s] -- Up-to-date: /home/khanh/Documents/SLAM/ros_ws/install/orbbec_camera_msgs/include/orbbec_camera_msgs/orbbec_camera_msgs/srv/detail/get_string__struct.h
[0.760s] -- Up-to-date: /home/khanh/Documents/SLAM/ros_ws/install/orbbec_camera_msgs/include/orbbec_camera_msgs/orbbec_camera_msgs/srv/detail/get_device_info__functions.h
[0.760s] -- Up-to-date: /home/khanh/Documents/SLAM/ros_ws/install/orbbec_camera_msgs/include/orbbec_camera_msgs/orbbec_camera_msgs/srv/detail/get_bool__functions.c
[0.760s] -- Up-to-date: /home/khanh/Documents/SLAM/ros_ws/install/orbbec_camera_msgs/include/orbbec_camera_msgs/orbbec_camera_msgs/srv/detail/get_string__functions.h
[0.760s] -- Up-to-date: /home/khanh/Documents/SLAM/ros_ws/install/orbbec_camera_msgs/include/orbbec_camera_msgs/orbbec_camera_msgs/srv/detail/get_int32__functions.c
[0.760s] -- Up-to-date: /home/khanh/Documents/SLAM/ros_ws/install/orbbec_camera_msgs/include/orbbec_camera_msgs/orbbec_camera_msgs/srv/detail/get_bool__functions.h
[0.761s] -- Up-to-date: /home/khanh/Documents/SLAM/ros_ws/install/orbbec_camera_msgs/include/orbbec_camera_msgs/orbbec_camera_msgs/srv/detail/get_int32__functions.h
[0.761s] -- Up-to-date: /home/khanh/Documents/SLAM/ros_ws/install/orbbec_camera_msgs/include/orbbec_camera_msgs/orbbec_camera_msgs/srv/detail/set_int32__type_support.h
[0.761s] -- Up-to-date: /home/khanh/Documents/SLAM/ros_ws/install/orbbec_camera_msgs/include/orbbec_camera_msgs/orbbec_camera_msgs/srv/detail/get_string__functions.c
[0.761s] -- Up-to-date: /home/khanh/Documents/SLAM/ros_ws/install/orbbec_camera_msgs/include/orbbec_camera_msgs/orbbec_camera_msgs/srv/detail/get_int32__struct.h
[0.761s] -- Up-to-date: /home/khanh/Documents/SLAM/ros_ws/install/orbbec_camera_msgs/include/orbbec_camera_msgs/orbbec_camera_msgs/srv/detail/get_string__type_support.h
[0.761s] -- Up-to-date: /home/khanh/Documents/SLAM/ros_ws/install/orbbec_camera_msgs/include/orbbec_camera_msgs/orbbec_camera_msgs/srv/detail/set_string__type_support.h
[0.761s] -- Up-to-date: /home/khanh/Documents/SLAM/ros_ws/install/orbbec_camera_msgs/include/orbbec_camera_msgs/orbbec_camera_msgs/srv/detail/get_camera_info__functions.h
[0.761s] -- Up-to-date: /home/khanh/Documents/SLAM/ros_ws/install/orbbec_camera_msgs/include/orbbec_camera_msgs/orbbec_camera_msgs/srv/detail/get_bool__struct.h
[0.761s] -- Up-to-date: /home/khanh/Documents/SLAM/ros_ws/install/orbbec_camera_msgs/include/orbbec_camera_msgs/orbbec_camera_msgs/srv/detail/get_camera_info__struct.h
[0.761s] -- Up-to-date: /home/khanh/Documents/SLAM/ros_ws/install/orbbec_camera_msgs/include/orbbec_camera_msgs/orbbec_camera_msgs/srv/detail/get_int32__type_support.h
[0.761s] -- Up-to-date: /home/khanh/Documents/SLAM/ros_ws/install/orbbec_camera_msgs/include/orbbec_camera_msgs/orbbec_camera_msgs/srv/detail/get_camera_info__functions.c
[0.761s] -- Up-to-date: /home/khanh/Documents/SLAM/ros_ws/install/orbbec_camera_msgs/include/orbbec_camera_msgs/orbbec_camera_msgs/srv/detail/get_device_info__functions.c
[0.761s] -- Up-to-date: /home/khanh/Documents/SLAM/ros_ws/install/orbbec_camera_msgs/include/orbbec_camera_msgs/orbbec_camera_msgs/srv/detail/set_string__struct.h
[0.761s] -- Up-to-date: /home/khanh/Documents/SLAM/ros_ws/install/orbbec_camera_msgs/include/orbbec_camera_msgs/orbbec_camera_msgs/srv/detail/set_int32__struct.h
[0.762s] -- Up-to-date: /home/khanh/Documents/SLAM/ros_ws/install/orbbec_camera_msgs/include/orbbec_camera_msgs/orbbec_camera_msgs/srv/detail/get_device_info__struct.h
[0.762s] -- Up-to-date: /home/khanh/Documents/SLAM/ros_ws/install/orbbec_camera_msgs/include/orbbec_camera_msgs/orbbec_camera_msgs/srv/detail/set_int32__functions.h
[0.762s] -- Up-to-date: /home/khanh/Documents/SLAM/ros_ws/install/orbbec_camera_msgs/include/orbbec_camera_msgs/orbbec_camera_msgs/srv/detail/get_camera_info__type_support.h
[0.762s] -- Up-to-date: /home/khanh/Documents/SLAM/ros_ws/install/orbbec_camera_msgs/include/orbbec_camera_msgs/orbbec_camera_msgs/srv/detail/set_int32__functions.c
[0.762s] -- Up-to-date: /home/khanh/Documents/SLAM/ros_ws/install/orbbec_camera_msgs/include/orbbec_camera_msgs/orbbec_camera_msgs/srv/set_int32.h
[0.762s] -- Up-to-date: /home/khanh/Documents/SLAM/ros_ws/install/orbbec_camera_msgs/share/orbbec_camera_msgs/environment/library_path.sh
[0.762s] -- Up-to-date: /home/khanh/Documents/SLAM/ros_ws/install/orbbec_camera_msgs/share/orbbec_camera_msgs/environment/library_path.dsv
[0.762s] -- Up-to-date: /home/khanh/Documents/SLAM/ros_ws/install/orbbec_camera_msgs/lib/liborbbec_camera_msgs__rosidl_generator_c.so
[0.762s] -- Up-to-date: /home/khanh/Documents/SLAM/ros_ws/install/orbbec_camera_msgs/include/orbbec_camera_msgs/orbbec_camera_msgs
[0.762s] -- Up-to-date: /home/khanh/Documents/SLAM/ros_ws/install/orbbec_camera_msgs/include/orbbec_camera_msgs/orbbec_camera_msgs/msg
[0.762s] -- Up-to-date: /home/khanh/Documents/SLAM/ros_ws/install/orbbec_camera_msgs/include/orbbec_camera_msgs/orbbec_camera_msgs/msg/rosidl_typesupport_fastrtps_c__visibility_control.h
[0.762s] -- Up-to-date: /home/khanh/Documents/SLAM/ros_ws/install/orbbec_camera_msgs/include/orbbec_camera_msgs/orbbec_camera_msgs/msg/detail
[0.763s] -- Up-to-date: /home/khanh/Documents/SLAM/ros_ws/install/orbbec_camera_msgs/include/orbbec_camera_msgs/orbbec_camera_msgs/msg/detail/metadata__rosidl_typesupport_fastrtps_c.h
[0.763s] -- Up-to-date: /home/khanh/Documents/SLAM/ros_ws/install/orbbec_camera_msgs/include/orbbec_camera_msgs/orbbec_camera_msgs/msg/detail/extrinsics__rosidl_typesupport_fastrtps_c.h
[0.763s] -- Up-to-date: /home/khanh/Documents/SLAM/ros_ws/install/orbbec_camera_msgs/include/orbbec_camera_msgs/orbbec_camera_msgs/msg/detail/device_info__rosidl_typesupport_fastrtps_c.h
[0.763s] -- Up-to-date: /home/khanh/Documents/SLAM/ros_ws/install/orbbec_camera_msgs/include/orbbec_camera_msgs/orbbec_camera_msgs/srv
[0.763s] -- Up-to-date: /home/khanh/Documents/SLAM/ros_ws/install/orbbec_camera_msgs/include/orbbec_camera_msgs/orbbec_camera_msgs/srv/detail
[0.763s] -- Up-to-date: /home/khanh/Documents/SLAM/ros_ws/install/orbbec_camera_msgs/include/orbbec_camera_msgs/orbbec_camera_msgs/srv/detail/set_int32__rosidl_typesupport_fastrtps_c.h
[0.763s] -- Up-to-date: /home/khanh/Documents/SLAM/ros_ws/install/orbbec_camera_msgs/include/orbbec_camera_msgs/orbbec_camera_msgs/srv/detail/get_string__rosidl_typesupport_fastrtps_c.h
[0.763s] -- Up-to-date: /home/khanh/Documents/SLAM/ros_ws/install/orbbec_camera_msgs/include/orbbec_camera_msgs/orbbec_camera_msgs/srv/detail/set_string__rosidl_typesupport_fastrtps_c.h
[0.763s] -- Up-to-date: /home/khanh/Documents/SLAM/ros_ws/install/orbbec_camera_msgs/include/orbbec_camera_msgs/orbbec_camera_msgs/srv/detail/get_device_info__rosidl_typesupport_fastrtps_c.h
[0.763s] -- Up-to-date: /home/khanh/Documents/SLAM/ros_ws/install/orbbec_camera_msgs/include/orbbec_camera_msgs/orbbec_camera_msgs/srv/detail/get_camera_info__rosidl_typesupport_fastrtps_c.h
[0.763s] -- Up-to-date: /home/khanh/Documents/SLAM/ros_ws/install/orbbec_camera_msgs/include/orbbec_camera_msgs/orbbec_camera_msgs/srv/detail/get_int32__rosidl_typesupport_fastrtps_c.h
[0.763s] -- Up-to-date: /home/khanh/Documents/SLAM/ros_ws/install/orbbec_camera_msgs/include/orbbec_camera_msgs/orbbec_camera_msgs/srv/detail/get_bool__rosidl_typesupport_fastrtps_c.h
[0.763s] -- Up-to-date: /home/khanh/Documents/SLAM/ros_ws/install/orbbec_camera_msgs/lib/liborbbec_camera_msgs__rosidl_typesupport_fastrtps_c.so
[0.763s] -- Up-to-date: /home/khanh/Documents/SLAM/ros_ws/install/orbbec_camera_msgs/include/orbbec_camera_msgs/orbbec_camera_msgs
[0.764s] -- Up-to-date: /home/khanh/Documents/SLAM/ros_ws/install/orbbec_camera_msgs/include/orbbec_camera_msgs/orbbec_camera_msgs/msg
[0.764s] -- Up-to-date: /home/khanh/Documents/SLAM/ros_ws/install/orbbec_camera_msgs/include/orbbec_camera_msgs/orbbec_camera_msgs/msg/detail
[0.764s] -- Up-to-date: /home/khanh/Documents/SLAM/ros_ws/install/orbbec_camera_msgs/include/orbbec_camera_msgs/orbbec_camera_msgs/msg/detail/extrinsics__type_support.c
[0.764s] -- Up-to-date: /home/khanh/Documents/SLAM/ros_ws/install/orbbec_camera_msgs/include/orbbec_camera_msgs/orbbec_camera_msgs/msg/detail/device_info__rosidl_typesupport_introspection_c.h
[0.764s] -- Up-to-date: /home/khanh/Documents/SLAM/ros_ws/install/orbbec_camera_msgs/include/orbbec_camera_msgs/orbbec_camera_msgs/msg/detail/extrinsics__rosidl_typesupport_introspection_c.h
[0.764s] -- Up-to-date: /home/khanh/Documents/SLAM/ros_ws/install/orbbec_camera_msgs/include/orbbec_camera_msgs/orbbec_camera_msgs/msg/detail/metadata__rosidl_typesupport_introspection_c.h
[0.764s] -- Up-to-date: /home/khanh/Documents/SLAM/ros_ws/install/orbbec_camera_msgs/include/orbbec_camera_msgs/orbbec_camera_msgs/msg/detail/metadata__type_support.c
[0.764s] -- Up-to-date: /home/khanh/Documents/SLAM/ros_ws/install/orbbec_camera_msgs/include/orbbec_camera_msgs/orbbec_camera_msgs/msg/detail/device_info__type_support.c
[0.764s] -- Up-to-date: /home/khanh/Documents/SLAM/ros_ws/install/orbbec_camera_msgs/include/orbbec_camera_msgs/orbbec_camera_msgs/msg/rosidl_typesupport_introspection_c__visibility_control.h
[0.764s] -- Up-to-date: /home/khanh/Documents/SLAM/ros_ws/install/orbbec_camera_msgs/include/orbbec_camera_msgs/orbbec_camera_msgs/srv
[0.764s] -- Up-to-date: /home/khanh/Documents/SLAM/ros_ws/install/orbbec_camera_msgs/include/orbbec_camera_msgs/orbbec_camera_msgs/srv/detail
[0.764s] -- Up-to-date: /home/khanh/Documents/SLAM/ros_ws/install/orbbec_camera_msgs/include/orbbec_camera_msgs/orbbec_camera_msgs/srv/detail/get_string__type_support.c
[0.764s] -- Up-to-date: /home/khanh/Documents/SLAM/ros_ws/install/orbbec_camera_msgs/include/orbbec_camera_msgs/orbbec_camera_msgs/srv/detail/get_bool__type_support.c
[0.764s] -- Up-to-date: /home/khanh/Documents/SLAM/ros_ws/install/orbbec_camera_msgs/include/orbbec_camera_msgs/orbbec_camera_msgs/srv/detail/get_bool__rosidl_typesupport_introspection_c.h
[0.765s] -- Up-to-date: /home/khanh/Documents/SLAM/ros_ws/install/orbbec_camera_msgs/include/orbbec_camera_msgs/orbbec_camera_msgs/srv/detail/get_string__rosidl_typesupport_introspection_c.h
[0.765s] -- Up-to-date: /home/khanh/Documents/SLAM/ros_ws/install/orbbec_camera_msgs/include/orbbec_camera_msgs/orbbec_camera_msgs/srv/detail/set_string__type_support.c
[0.765s] -- Up-to-date: /home/khanh/Documents/SLAM/ros_ws/install/orbbec_camera_msgs/include/orbbec_camera_msgs/orbbec_camera_msgs/srv/detail/get_camera_info__rosidl_typesupport_introspection_c.h
[0.765s] -- Up-to-date: /home/khanh/Documents/SLAM/ros_ws/install/orbbec_camera_msgs/include/orbbec_camera_msgs/orbbec_camera_msgs/srv/detail/get_device_info__type_support.c
[0.765s] -- Up-to-date: /home/khanh/Documents/SLAM/ros_ws/install/orbbec_camera_msgs/include/orbbec_camera_msgs/orbbec_camera_msgs/srv/detail/get_int32__type_support.c
[0.765s] -- Up-to-date: /home/khanh/Documents/SLAM/ros_ws/install/orbbec_camera_msgs/include/orbbec_camera_msgs/orbbec_camera_msgs/srv/detail/get_camera_info__type_support.c
[0.765s] -- Up-to-date: /home/khanh/Documents/SLAM/ros_ws/install/orbbec_camera_msgs/include/orbbec_camera_msgs/orbbec_camera_msgs/srv/detail/get_device_info__rosidl_typesupport_introspection_c.h
[0.765s] -- Up-to-date: /home/khanh/Documents/SLAM/ros_ws/install/orbbec_camera_msgs/include/orbbec_camera_msgs/orbbec_camera_msgs/srv/detail/get_int32__rosidl_typesupport_introspection_c.h
[0.765s] -- Up-to-date: /home/khanh/Documents/SLAM/ros_ws/install/orbbec_camera_msgs/include/orbbec_camera_msgs/orbbec_camera_msgs/srv/detail/set_string__rosidl_typesupport_introspection_c.h
[0.765s] -- Up-to-date: /home/khanh/Documents/SLAM/ros_ws/install/orbbec_camera_msgs/include/orbbec_camera_msgs/orbbec_camera_msgs/srv/detail/set_int32__rosidl_typesupport_introspection_c.h
[0.766s] -- Up-to-date: /home/khanh/Documents/SLAM/ros_ws/install/orbbec_camera_msgs/include/orbbec_camera_msgs/orbbec_camera_msgs/srv/detail/set_int32__type_support.c
[0.766s] -- Up-to-date: /home/khanh/Documents/SLAM/ros_ws/install/orbbec_camera_msgs/lib/liborbbec_camera_msgs__rosidl_typesupport_introspection_c.so
[0.766s] -- Up-to-date: /home/khanh/Documents/SLAM/ros_ws/install/orbbec_camera_msgs/lib/liborbbec_camera_msgs__rosidl_typesupport_c.so
[0.766s] -- Up-to-date: /home/khanh/Documents/SLAM/ros_ws/install/orbbec_camera_msgs/include/orbbec_camera_msgs/orbbec_camera_msgs
[0.766s] -- Up-to-date: /home/khanh/Documents/SLAM/ros_ws/install/orbbec_camera_msgs/include/orbbec_camera_msgs/orbbec_camera_msgs/msg
[0.766s] -- Up-to-date: /home/khanh/Documents/SLAM/ros_ws/install/orbbec_camera_msgs/include/orbbec_camera_msgs/orbbec_camera_msgs/msg/metadata.hpp
[0.766s] -- Up-to-date: /home/khanh/Documents/SLAM/ros_ws/install/orbbec_camera_msgs/include/orbbec_camera_msgs/orbbec_camera_msgs/msg/extrinsics.hpp
[0.766s] -- Up-to-date: /home/khanh/Documents/SLAM/ros_ws/install/orbbec_camera_msgs/include/orbbec_camera_msgs/orbbec_camera_msgs/msg/device_info.hpp
[0.766s] -- Up-to-date: /home/khanh/Documents/SLAM/ros_ws/install/orbbec_camera_msgs/include/orbbec_camera_msgs/orbbec_camera_msgs/msg/detail
[0.766s] -- Up-to-date: /home/khanh/Documents/SLAM/ros_ws/install/orbbec_camera_msgs/include/orbbec_camera_msgs/orbbec_camera_msgs/msg/detail/device_info__builder.hpp
[0.766s] -- Up-to-date: /home/khanh/Documents/SLAM/ros_ws/install/orbbec_camera_msgs/include/orbbec_camera_msgs/orbbec_camera_msgs/msg/detail/metadata__traits.hpp
[0.766s] -- Up-to-date: /home/khanh/Documents/SLAM/ros_ws/install/orbbec_camera_msgs/include/orbbec_camera_msgs/orbbec_camera_msgs/msg/detail/extrinsics__builder.hpp
[0.766s] -- Up-to-date: /home/khanh/Documents/SLAM/ros_ws/install/orbbec_camera_msgs/include/orbbec_camera_msgs/orbbec_camera_msgs/msg/detail/metadata__struct.hpp
[0.767s] -- Up-to-date: /home/khanh/Documents/SLAM/ros_ws/install/orbbec_camera_msgs/include/orbbec_camera_msgs/orbbec_camera_msgs/msg/detail/extrinsics__traits.hpp
[0.767s] -- Up-to-date: /home/khanh/Documents/SLAM/ros_ws/install/orbbec_camera_msgs/include/orbbec_camera_msgs/orbbec_camera_msgs/msg/detail/metadata__builder.hpp
[0.767s] -- Up-to-date: /home/khanh/Documents/SLAM/ros_ws/install/orbbec_camera_msgs/include/orbbec_camera_msgs/orbbec_camera_msgs/msg/detail/device_info__struct.hpp
[0.767s] -- Up-to-date: /home/khanh/Documents/SLAM/ros_ws/install/orbbec_camera_msgs/include/orbbec_camera_msgs/orbbec_camera_msgs/msg/detail/device_info__traits.hpp
[0.767s] -- Up-to-date: /home/khanh/Documents/SLAM/ros_ws/install/orbbec_camera_msgs/include/orbbec_camera_msgs/orbbec_camera_msgs/msg/detail/extrinsics__struct.hpp
[0.767s] -- Up-to-date: /home/khanh/Documents/SLAM/ros_ws/install/orbbec_camera_msgs/include/orbbec_camera_msgs/orbbec_camera_msgs/srv
[0.767s] -- Up-to-date: /home/khanh/Documents/SLAM/ros_ws/install/orbbec_camera_msgs/include/orbbec_camera_msgs/orbbec_camera_msgs/srv/get_bool.hpp
[0.767s] -- Up-to-date: /home/khanh/Documents/SLAM/ros_ws/install/orbbec_camera_msgs/include/orbbec_camera_msgs/orbbec_camera_msgs/srv/set_int32.hpp
[0.767s] -- Up-to-date: /home/khanh/Documents/SLAM/ros_ws/install/orbbec_camera_msgs/include/orbbec_camera_msgs/orbbec_camera_msgs/srv/get_string.hpp
[0.767s] -- Up-to-date: /home/khanh/Documents/SLAM/ros_ws/install/orbbec_camera_msgs/include/orbbec_camera_msgs/orbbec_camera_msgs/srv/get_int32.hpp
[0.767s] -- Up-to-date: /home/khanh/Documents/SLAM/ros_ws/install/orbbec_camera_msgs/include/orbbec_camera_msgs/orbbec_camera_msgs/srv/get_camera_info.hpp
[0.767s] -- Up-to-date: /home/khanh/Documents/SLAM/ros_ws/install/orbbec_camera_msgs/include/orbbec_camera_msgs/orbbec_camera_msgs/srv/get_device_info.hpp
[0.767s] -- Up-to-date: /home/khanh/Documents/SLAM/ros_ws/install/orbbec_camera_msgs/include/orbbec_camera_msgs/orbbec_camera_msgs/srv/set_string.hpp
[0.767s] -- Up-to-date: /home/khanh/Documents/SLAM/ros_ws/install/orbbec_camera_msgs/include/orbbec_camera_msgs/orbbec_camera_msgs/srv/detail
[0.767s] -- Up-to-date: /home/khanh/Documents/SLAM/ros_ws/install/orbbec_camera_msgs/include/orbbec_camera_msgs/orbbec_camera_msgs/srv/detail/set_string__struct.hpp
[0.767s] -- Up-to-date: /home/khanh/Documents/SLAM/ros_ws/install/orbbec_camera_msgs/include/orbbec_camera_msgs/orbbec_camera_msgs/srv/detail/get_camera_info__builder.hpp
[0.768s] -- Up-to-date: /home/khanh/Documents/SLAM/ros_ws/install/orbbec_camera_msgs/include/orbbec_camera_msgs/orbbec_camera_msgs/srv/detail/get_device_info__builder.hpp
[0.768s] -- Up-to-date: /home/khanh/Documents/SLAM/ros_ws/install/orbbec_camera_msgs/include/orbbec_camera_msgs/orbbec_camera_msgs/srv/detail/set_string__builder.hpp
[0.768s] -- Up-to-date: /home/khanh/Documents/SLAM/ros_ws/install/orbbec_camera_msgs/include/orbbec_camera_msgs/orbbec_camera_msgs/srv/detail/get_string__builder.hpp
[0.768s] -- Up-to-date: /home/khanh/Documents/SLAM/ros_ws/install/orbbec_camera_msgs/include/orbbec_camera_msgs/orbbec_camera_msgs/srv/detail/set_int32__struct.hpp
[0.768s] -- Up-to-date: /home/khanh/Documents/SLAM/ros_ws/install/orbbec_camera_msgs/include/orbbec_camera_msgs/orbbec_camera_msgs/srv/detail/get_device_info__traits.hpp
[0.768s] -- Up-to-date: /home/khanh/Documents/SLAM/ros_ws/install/orbbec_camera_msgs/include/orbbec_camera_msgs/orbbec_camera_msgs/srv/detail/get_bool__struct.hpp
[0.768s] -- Up-to-date: /home/khanh/Documents/SLAM/ros_ws/install/orbbec_camera_msgs/include/orbbec_camera_msgs/orbbec_camera_msgs/srv/detail/get_camera_info__traits.hpp
[0.768s] -- Up-to-date: /home/khanh/Documents/SLAM/ros_ws/install/orbbec_camera_msgs/include/orbbec_camera_msgs/orbbec_camera_msgs/srv/detail/get_string__traits.hpp
[0.768s] -- Up-to-date: /home/khanh/Documents/SLAM/ros_ws/install/orbbec_camera_msgs/include/orbbec_camera_msgs/orbbec_camera_msgs/srv/detail/set_string__traits.hpp
[0.768s] -- Up-to-date: /home/khanh/Documents/SLAM/ros_ws/install/orbbec_camera_msgs/include/orbbec_camera_msgs/orbbec_camera_msgs/srv/detail/set_int32__traits.hpp
[0.768s] -- Up-to-date: /home/khanh/Documents/SLAM/ros_ws/install/orbbec_camera_msgs/include/orbbec_camera_msgs/orbbec_camera_msgs/srv/detail/get_string__struct.hpp
[0.768s] -- Up-to-date: /home/khanh/Documents/SLAM/ros_ws/install/orbbec_camera_msgs/include/orbbec_camera_msgs/orbbec_camera_msgs/srv/detail/get_device_info__struct.hpp
[0.769s] -- Up-to-date: /home/khanh/Documents/SLAM/ros_ws/install/orbbec_camera_msgs/include/orbbec_camera_msgs/orbbec_camera_msgs/srv/detail/get_bool__builder.hpp
[0.769s] -- Up-to-date: /home/khanh/Documents/SLAM/ros_ws/install/orbbec_camera_msgs/include/orbbec_camera_msgs/orbbec_camera_msgs/srv/detail/set_int32__builder.hpp
[0.769s] -- Up-to-date: /home/khanh/Documents/SLAM/ros_ws/install/orbbec_camera_msgs/include/orbbec_camera_msgs/orbbec_camera_msgs/srv/detail/get_int32__struct.hpp
[0.769s] -- Up-to-date: /home/khanh/Documents/SLAM/ros_ws/install/orbbec_camera_msgs/include/orbbec_camera_msgs/orbbec_camera_msgs/srv/detail/get_camera_info__struct.hpp
[0.769s] -- Up-to-date: /home/khanh/Documents/SLAM/ros_ws/install/orbbec_camera_msgs/include/orbbec_camera_msgs/orbbec_camera_msgs/srv/detail/get_bool__traits.hpp
[0.769s] -- Up-to-date: /home/khanh/Documents/SLAM/ros_ws/install/orbbec_camera_msgs/include/orbbec_camera_msgs/orbbec_camera_msgs/srv/detail/get_int32__traits.hpp
[0.769s] -- Up-to-date: /home/khanh/Documents/SLAM/ros_ws/install/orbbec_camera_msgs/include/orbbec_camera_msgs/orbbec_camera_msgs/srv/detail/get_int32__builder.hpp
[0.769s] -- Up-to-date: /home/khanh/Documents/SLAM/ros_ws/install/orbbec_camera_msgs/include/orbbec_camera_msgs/orbbec_camera_msgs
[0.769s] -- Up-to-date: /home/khanh/Documents/SLAM/ros_ws/install/orbbec_camera_msgs/include/orbbec_camera_msgs/orbbec_camera_msgs/msg
[0.769s] -- Up-to-date: /home/khanh/Documents/SLAM/ros_ws/install/orbbec_camera_msgs/include/orbbec_camera_msgs/orbbec_camera_msgs/msg/rosidl_typesupport_fastrtps_cpp__visibility_control.h
[0.769s] -- Up-to-date: /home/khanh/Documents/SLAM/ros_ws/install/orbbec_camera_msgs/include/orbbec_camera_msgs/orbbec_camera_msgs/msg/detail
[0.769s] -- Up-to-date: /home/khanh/Documents/SLAM/ros_ws/install/orbbec_camera_msgs/include/orbbec_camera_msgs/orbbec_camera_msgs/msg/detail/device_info__rosidl_typesupport_fastrtps_cpp.hpp
[0.769s] -- Up-to-date: /home/khanh/Documents/SLAM/ros_ws/install/orbbec_camera_msgs/include/orbbec_camera_msgs/orbbec_camera_msgs/msg/detail/metadata__rosidl_typesupport_fastrtps_cpp.hpp
[0.769s] -- Up-to-date: /home/khanh/Documents/SLAM/ros_ws/install/orbbec_camera_msgs/include/orbbec_camera_msgs/orbbec_camera_msgs/msg/detail/extrinsics__rosidl_typesupport_fastrtps_cpp.hpp
[0.769s] -- Up-to-date: /home/khanh/Documents/SLAM/ros_ws/install/orbbec_camera_msgs/include/orbbec_camera_msgs/orbbec_camera_msgs/msg/detail/dds_fastrtps
[0.770s] -- Up-to-date: /home/khanh/Documents/SLAM/ros_ws/install/orbbec_camera_msgs/include/orbbec_camera_msgs/orbbec_camera_msgs/srv
[0.770s] -- Up-to-date: /home/khanh/Documents/SLAM/ros_ws/install/orbbec_camera_msgs/include/orbbec_camera_msgs/orbbec_camera_msgs/srv/detail
[0.770s] -- Up-to-date: /home/khanh/Documents/SLAM/ros_ws/install/orbbec_camera_msgs/include/orbbec_camera_msgs/orbbec_camera_msgs/srv/detail/set_string__rosidl_typesupport_fastrtps_cpp.hpp
[0.770s] -- Up-to-date: /home/khanh/Documents/SLAM/ros_ws/install/orbbec_camera_msgs/include/orbbec_camera_msgs/orbbec_camera_msgs/srv/detail/get_bool__rosidl_typesupport_fastrtps_cpp.hpp
[0.770s] -- Up-to-date: /home/khanh/Documents/SLAM/ros_ws/install/orbbec_camera_msgs/include/orbbec_camera_msgs/orbbec_camera_msgs/srv/detail/get_int32__rosidl_typesupport_fastrtps_cpp.hpp
[0.770s] -- Up-to-date: /home/khanh/Documents/SLAM/ros_ws/install/orbbec_camera_msgs/include/orbbec_camera_msgs/orbbec_camera_msgs/srv/detail/set_int32__rosidl_typesupport_fastrtps_cpp.hpp
[0.770s] -- Up-to-date: /home/khanh/Documents/SLAM/ros_ws/install/orbbec_camera_msgs/include/orbbec_camera_msgs/orbbec_camera_msgs/srv/detail/get_string__rosidl_typesupport_fastrtps_cpp.hpp
[0.770s] -- Up-to-date: /home/khanh/Documents/SLAM/ros_ws/install/orbbec_camera_msgs/include/orbbec_camera_msgs/orbbec_camera_msgs/srv/detail/dds_fastrtps
[0.770s] -- Up-to-date: /home/khanh/Documents/SLAM/ros_ws/install/orbbec_camera_msgs/include/orbbec_camera_msgs/orbbec_camera_msgs/srv/detail/get_device_info__rosidl_typesupport_fastrtps_cpp.hpp
[0.770s] -- Up-to-date: /home/khanh/Documents/SLAM/ros_ws/install/orbbec_camera_msgs/include/orbbec_camera_msgs/orbbec_camera_msgs/srv/detail/get_camera_info__rosidl_typesupport_fastrtps_cpp.hpp
[0.770s] -- Up-to-date: /home/khanh/Documents/SLAM/ros_ws/install/orbbec_camera_msgs/lib/liborbbec_camera_msgs__rosidl_typesupport_fastrtps_cpp.so
[0.770s] -- Up-to-date: /home/khanh/Documents/SLAM/ros_ws/install/orbbec_camera_msgs/include/orbbec_camera_msgs/orbbec_camera_msgs
[0.770s] -- Up-to-date: /home/khanh/Documents/SLAM/ros_ws/install/orbbec_camera_msgs/include/orbbec_camera_msgs/orbbec_camera_msgs/msg
[0.771s] -- Up-to-date: /home/khanh/Documents/SLAM/ros_ws/install/orbbec_camera_msgs/include/orbbec_camera_msgs/orbbec_camera_msgs/msg/detail
[0.771s] -- Up-to-date: /home/khanh/Documents/SLAM/ros_ws/install/orbbec_camera_msgs/include/orbbec_camera_msgs/orbbec_camera_msgs/msg/detail/extrinsics__type_support.cpp
[0.771s] -- Up-to-date: /home/khanh/Documents/SLAM/ros_ws/install/orbbec_camera_msgs/include/orbbec_camera_msgs/orbbec_camera_msgs/msg/detail/metadata__rosidl_typesupport_introspection_cpp.hpp
[0.771s] -- Up-to-date: /home/khanh/Documents/SLAM/ros_ws/install/orbbec_camera_msgs/include/orbbec_camera_msgs/orbbec_camera_msgs/msg/detail/device_info__rosidl_typesupport_introspection_cpp.hpp
[0.771s] -- Up-to-date: /home/khanh/Documents/SLAM/ros_ws/install/orbbec_camera_msgs/include/orbbec_camera_msgs/orbbec_camera_msgs/msg/detail/metadata__type_support.cpp
[0.771s] -- Up-to-date: /home/khanh/Documents/SLAM/ros_ws/install/orbbec_camera_msgs/include/orbbec_camera_msgs/orbbec_camera_msgs/msg/detail/extrinsics__rosidl_typesupport_introspection_cpp.hpp
[0.771s] -- Up-to-date: /home/khanh/Documents/SLAM/ros_ws/install/orbbec_camera_msgs/include/orbbec_camera_msgs/orbbec_camera_msgs/msg/detail/device_info__type_support.cpp
[0.771s] -- Up-to-date: /home/khanh/Documents/SLAM/ros_ws/install/orbbec_camera_msgs/include/orbbec_camera_msgs/orbbec_camera_msgs/srv
[0.771s] -- Up-to-date: /home/khanh/Documents/SLAM/ros_ws/install/orbbec_camera_msgs/include/orbbec_camera_msgs/orbbec_camera_msgs/srv/detail
[0.771s] -- Up-to-date: /home/khanh/Documents/SLAM/ros_ws/install/orbbec_camera_msgs/include/orbbec_camera_msgs/orbbec_camera_msgs/srv/detail/set_string__rosidl_typesupport_introspection_cpp.hpp
[0.771s] -- Up-to-date: /home/khanh/Documents/SLAM/ros_ws/install/orbbec_camera_msgs/include/orbbec_camera_msgs/orbbec_camera_msgs/srv/detail/set_int32__type_support.cpp
[0.771s] -- Up-to-date: /home/khanh/Documents/SLAM/ros_ws/install/orbbec_camera_msgs/include/orbbec_camera_msgs/orbbec_camera_msgs/srv/detail/get_bool__rosidl_typesupport_introspection_cpp.hpp
[0.771s] -- Up-to-date: /home/khanh/Documents/SLAM/ros_ws/install/orbbec_camera_msgs/include/orbbec_camera_msgs/orbbec_camera_msgs/srv/detail/set_string__type_support.cpp
[0.771s] -- Up-to-date: /home/khanh/Documents/SLAM/ros_ws/install/orbbec_camera_msgs/include/orbbec_camera_msgs/orbbec_camera_msgs/srv/detail/get_string__rosidl_typesupport_introspection_cpp.hpp
[0.771s] -- Up-to-date: /home/khanh/Documents/SLAM/ros_ws/install/orbbec_camera_msgs/include/orbbec_camera_msgs/orbbec_camera_msgs/srv/detail/get_string__type_support.cpp
[0.772s] -- Up-to-date: /home/khanh/Documents/SLAM/ros_ws/install/orbbec_camera_msgs/include/orbbec_camera_msgs/orbbec_camera_msgs/srv/detail/set_int32__rosidl_typesupport_introspection_cpp.hpp
[0.772s] -- Up-to-date: /home/khanh/Documents/SLAM/ros_ws/install/orbbec_camera_msgs/include/orbbec_camera_msgs/orbbec_camera_msgs/srv/detail/get_bool__type_support.cpp
[0.772s] -- Up-to-date: /home/khanh/Documents/SLAM/ros_ws/install/orbbec_camera_msgs/include/orbbec_camera_msgs/orbbec_camera_msgs/srv/detail/get_device_info__type_support.cpp
[0.772s] -- Up-to-date: /home/khanh/Documents/SLAM/ros_ws/install/orbbec_camera_msgs/include/orbbec_camera_msgs/orbbec_camera_msgs/srv/detail/get_camera_info__rosidl_typesupport_introspection_cpp.hpp
[0.772s] -- Up-to-date: /home/khanh/Documents/SLAM/ros_ws/install/orbbec_camera_msgs/include/orbbec_camera_msgs/orbbec_camera_msgs/srv/detail/get_camera_info__type_support.cpp
[0.772s] -- Up-to-date: /home/khanh/Documents/SLAM/ros_ws/install/orbbec_camera_msgs/include/orbbec_camera_msgs/orbbec_camera_msgs/srv/detail/get_int32__rosidl_typesupport_introspection_cpp.hpp
[0.772s] -- Up-to-date: /home/khanh/Documents/SLAM/ros_ws/install/orbbec_camera_msgs/include/orbbec_camera_msgs/orbbec_camera_msgs/srv/detail/get_int32__type_support.cpp
[0.772s] -- Up-to-date: /home/khanh/Documents/SLAM/ros_ws/install/orbbec_camera_msgs/include/orbbec_camera_msgs/orbbec_camera_msgs/srv/detail/get_device_info__rosidl_typesupport_introspection_cpp.hpp
[0.772s] -- Up-to-date: /home/khanh/Documents/SLAM/ros_ws/install/orbbec_camera_msgs/lib/liborbbec_camera_msgs__rosidl_typesupport_introspection_cpp.so
[0.772s] -- Up-to-date: /home/khanh/Documents/SLAM/ros_ws/install/orbbec_camera_msgs/lib/liborbbec_camera_msgs__rosidl_typesupport_cpp.so
[0.773s] -- Up-to-date: /home/khanh/Documents/SLAM/ros_ws/install/orbbec_camera_msgs/share/orbbec_camera_msgs/environment/pythonpath.sh
[0.773s] -- Up-to-date: /home/khanh/Documents/SLAM/ros_ws/install/orbbec_camera_msgs/share/orbbec_camera_msgs/environment/pythonpath.dsv
[0.773s] -- Up-to-date: /home/khanh/Documents/SLAM/ros_ws/install/orbbec_camera_msgs/local/lib/python3.10/dist-packages/orbbec_camera_msgs-1.2.2-py3.10.egg-info
[0.773s] -- Installing: /home/khanh/Documents/SLAM/ros_ws/install/orbbec_camera_msgs/local/lib/python3.10/dist-packages/orbbec_camera_msgs-1.2.2-py3.10.egg-info/PKG-INFO
[0.773s] -- Installing: /home/khanh/Documents/SLAM/ros_ws/install/orbbec_camera_msgs/local/lib/python3.10/dist-packages/orbbec_camera_msgs-1.2.2-py3.10.egg-info/dependency_links.txt
[0.773s] -- Installing: /home/khanh/Documents/SLAM/ros_ws/install/orbbec_camera_msgs/local/lib/python3.10/dist-packages/orbbec_camera_msgs-1.2.2-py3.10.egg-info/top_level.txt
[0.773s] -- Installing: /home/khanh/Documents/SLAM/ros_ws/install/orbbec_camera_msgs/local/lib/python3.10/dist-packages/orbbec_camera_msgs-1.2.2-py3.10.egg-info/SOURCES.txt
[0.773s] -- Up-to-date: /home/khanh/Documents/SLAM/ros_ws/install/orbbec_camera_msgs/local/lib/python3.10/dist-packages/orbbec_camera_msgs
[0.773s] -- Up-to-date: /home/khanh/Documents/SLAM/ros_ws/install/orbbec_camera_msgs/local/lib/python3.10/dist-packages/orbbec_camera_msgs/_orbbec_camera_msgs_s.ep.rosidl_typesupport_introspection_c.c
[0.773s] -- Up-to-date: /home/khanh/Documents/SLAM/ros_ws/install/orbbec_camera_msgs/local/lib/python3.10/dist-packages/orbbec_camera_msgs/_orbbec_camera_msgs_s.ep.rosidl_typesupport_fastrtps_c.c
[0.773s] -- Up-to-date: /home/khanh/Documents/SLAM/ros_ws/install/orbbec_camera_msgs/local/lib/python3.10/dist-packages/orbbec_camera_msgs/msg
[0.773s] -- Up-to-date: /home/khanh/Documents/SLAM/ros_ws/install/orbbec_camera_msgs/local/lib/python3.10/dist-packages/orbbec_camera_msgs/msg/_device_info.py
[0.773s] -- Up-to-date: /home/khanh/Documents/SLAM/ros_ws/install/orbbec_camera_msgs/local/lib/python3.10/dist-packages/orbbec_camera_msgs/msg/_device_info_s.c
[0.774s] -- Up-to-date: /home/khanh/Documents/SLAM/ros_ws/install/orbbec_camera_msgs/local/lib/python3.10/dist-packages/orbbec_camera_msgs/msg/_metadata.py
[0.774s] -- Up-to-date: /home/khanh/Documents/SLAM/ros_ws/install/orbbec_camera_msgs/local/lib/python3.10/dist-packages/orbbec_camera_msgs/msg/_extrinsics.py
[0.774s] -- Up-to-date: /home/khanh/Documents/SLAM/ros_ws/install/orbbec_camera_msgs/local/lib/python3.10/dist-packages/orbbec_camera_msgs/msg/_metadata_s.c
[0.774s] -- Up-to-date: /home/khanh/Documents/SLAM/ros_ws/install/orbbec_camera_msgs/local/lib/python3.10/dist-packages/orbbec_camera_msgs/msg/_extrinsics_s.c
[0.774s] -- Up-to-date: /home/khanh/Documents/SLAM/ros_ws/install/orbbec_camera_msgs/local/lib/python3.10/dist-packages/orbbec_camera_msgs/msg/__init__.py
[0.774s] -- Up-to-date: /home/khanh/Documents/SLAM/ros_ws/install/orbbec_camera_msgs/local/lib/python3.10/dist-packages/orbbec_camera_msgs/liborbbec_camera_msgs__rosidl_generator_py.so
[0.774s] -- Up-to-date: /home/khanh/Documents/SLAM/ros_ws/install/orbbec_camera_msgs/local/lib/python3.10/dist-packages/orbbec_camera_msgs/orbbec_camera_msgs_s__rosidl_typesupport_c.cpython-310-x86_64-linux-gnu.so
[0.774s] -- Up-to-date: /home/khanh/Documents/SLAM/ros_ws/install/orbbec_camera_msgs/local/lib/python3.10/dist-packages/orbbec_camera_msgs/_orbbec_camera_msgs_s.ep.rosidl_typesupport_c.c
[0.774s] -- Up-to-date: /home/khanh/Documents/SLAM/ros_ws/install/orbbec_camera_msgs/local/lib/python3.10/dist-packages/orbbec_camera_msgs/orbbec_camera_msgs_s__rosidl_typesupport_introspection_c.cpython-310-x86_64-linux-gnu.so
[0.774s] -- Up-to-date: /home/khanh/Documents/SLAM/ros_ws/install/orbbec_camera_msgs/local/lib/python3.10/dist-packages/orbbec_camera_msgs/orbbec_camera_msgs_s__rosidl_typesupport_fastrtps_c.cpython-310-x86_64-linux-gnu.so
[0.774s] -- Up-to-date: /home/khanh/Documents/SLAM/ros_ws/install/orbbec_camera_msgs/local/lib/python3.10/dist-packages/orbbec_camera_msgs/srv
[0.774s] -- Up-to-date: /home/khanh/Documents/SLAM/ros_ws/install/orbbec_camera_msgs/local/lib/python3.10/dist-packages/orbbec_camera_msgs/srv/_get_int32.py
[0.774s] -- Up-to-date: /home/khanh/Documents/SLAM/ros_ws/install/orbbec_camera_msgs/local/lib/python3.10/dist-packages/orbbec_camera_msgs/srv/_set_int32_s.c
[0.775s] -- Up-to-date: /home/khanh/Documents/SLAM/ros_ws/install/orbbec_camera_msgs/local/lib/python3.10/dist-packages/orbbec_camera_msgs/srv/_set_int32.py
[0.775s] -- Up-to-date: /home/khanh/Documents/SLAM/ros_ws/install/orbbec_camera_msgs/local/lib/python3.10/dist-packages/orbbec_camera_msgs/srv/_get_string.py
[0.775s] -- Up-to-date: /home/khanh/Documents/SLAM/ros_ws/install/orbbec_camera_msgs/local/lib/python3.10/dist-packages/orbbec_camera_msgs/srv/_set_string.py
[0.775s] -- Up-to-date: /home/khanh/Documents/SLAM/ros_ws/install/orbbec_camera_msgs/local/lib/python3.10/dist-packages/orbbec_camera_msgs/srv/_get_camera_info.py
[0.775s] -- Up-to-date: /home/khanh/Documents/SLAM/ros_ws/install/orbbec_camera_msgs/local/lib/python3.10/dist-packages/orbbec_camera_msgs/srv/_set_string_s.c
[0.775s] -- Up-to-date: /home/khanh/Documents/SLAM/ros_ws/install/orbbec_camera_msgs/local/lib/python3.10/dist-packages/orbbec_camera_msgs/srv/_get_bool_s.c
[0.775s] -- Up-to-date: /home/khanh/Documents/SLAM/ros_ws/install/orbbec_camera_msgs/local/lib/python3.10/dist-packages/orbbec_camera_msgs/srv/_get_string_s.c
[0.775s] -- Up-to-date: /home/khanh/Documents/SLAM/ros_ws/install/orbbec_camera_msgs/local/lib/python3.10/dist-packages/orbbec_camera_msgs/srv/_get_bool.py
[0.775s] -- Up-to-date: /home/khanh/Documents/SLAM/ros_ws/install/orbbec_camera_msgs/local/lib/python3.10/dist-packages/orbbec_camera_msgs/srv/_get_camera_info_s.c
[0.775s] -- Up-to-date: /home/khanh/Documents/SLAM/ros_ws/install/orbbec_camera_msgs/local/lib/python3.10/dist-packages/orbbec_camera_msgs/srv/_get_int32_s.c
[0.775s] -- Up-to-date: /home/khanh/Documents/SLAM/ros_ws/install/orbbec_camera_msgs/local/lib/python3.10/dist-packages/orbbec_camera_msgs/srv/__init__.py
[0.775s] -- Up-to-date: /home/khanh/Documents/SLAM/ros_ws/install/orbbec_camera_msgs/local/lib/python3.10/dist-packages/orbbec_camera_msgs/srv/_get_device_info.py
[0.775s] -- Up-to-date: /home/khanh/Documents/SLAM/ros_ws/install/orbbec_camera_msgs/local/lib/python3.10/dist-packages/orbbec_camera_msgs/srv/_get_device_info_s.c
[0.776s] -- Up-to-date: /home/khanh/Documents/SLAM/ros_ws/install/orbbec_camera_msgs/local/lib/python3.10/dist-packages/orbbec_camera_msgs/__init__.py
[0.792s] Listing '/home/khanh/Documents/SLAM/ros_ws/install/orbbec_camera_msgs/local/lib/python3.10/dist-packages/orbbec_camera_msgs'...
[0.792s] Listing '/home/khanh/Documents/SLAM/ros_ws/install/orbbec_camera_msgs/local/lib/python3.10/dist-packages/orbbec_camera_msgs/msg'...
[0.793s] Listing '/home/khanh/Documents/SLAM/ros_ws/install/orbbec_camera_msgs/local/lib/python3.10/dist-packages/orbbec_camera_msgs/srv'...
[0.796s] -- Up-to-date: /home/khanh/Documents/SLAM/ros_ws/install/orbbec_camera_msgs/local/lib/python3.10/dist-packages/orbbec_camera_msgs/orbbec_camera_msgs_s__rosidl_typesupport_fastrtps_c.cpython-310-x86_64-linux-gnu.so
[0.796s] -- Up-to-date: /home/khanh/Documents/SLAM/ros_ws/install/orbbec_camera_msgs/local/lib/python3.10/dist-packages/orbbec_camera_msgs/orbbec_camera_msgs_s__rosidl_typesupport_introspection_c.cpython-310-x86_64-linux-gnu.so
[0.796s] -- Up-to-date: /home/khanh/Documents/SLAM/ros_ws/install/orbbec_camera_msgs/local/lib/python3.10/dist-packages/orbbec_camera_msgs/orbbec_camera_msgs_s__rosidl_typesupport_c.cpython-310-x86_64-linux-gnu.so
[0.797s] -- Up-to-date: /home/khanh/Documents/SLAM/ros_ws/install/orbbec_camera_msgs/lib/liborbbec_camera_msgs__rosidl_generator_py.so
[0.797s] -- Up-to-date: /home/khanh/Documents/SLAM/ros_ws/install/orbbec_camera_msgs/share/orbbec_camera_msgs/msg/DeviceInfo.idl
[0.797s] -- Up-to-date: /home/khanh/Documents/SLAM/ros_ws/install/orbbec_camera_msgs/share/orbbec_camera_msgs/msg/Extrinsics.idl
[0.797s] -- Up-to-date: /home/khanh/Documents/SLAM/ros_ws/install/orbbec_camera_msgs/share/orbbec_camera_msgs/msg/Metadata.idl
[0.797s] -- Up-to-date: /home/khanh/Documents/SLAM/ros_ws/install/orbbec_camera_msgs/share/orbbec_camera_msgs/srv/GetBool.idl
[0.797s] -- Up-to-date: /home/khanh/Documents/SLAM/ros_ws/install/orbbec_camera_msgs/share/orbbec_camera_msgs/srv/GetDeviceInfo.idl
[0.797s] -- Up-to-date: /home/khanh/Documents/SLAM/ros_ws/install/orbbec_camera_msgs/share/orbbec_camera_msgs/srv/GetCameraInfo.idl
[0.797s] -- Up-to-date: /home/khanh/Documents/SLAM/ros_ws/install/orbbec_camera_msgs/share/orbbec_camera_msgs/srv/GetInt32.idl
[0.798s] -- Up-to-date: /home/khanh/Documents/SLAM/ros_ws/install/orbbec_camera_msgs/share/orbbec_camera_msgs/srv/GetString.idl
[0.798s] -- Up-to-date: /home/khanh/Documents/SLAM/ros_ws/install/orbbec_camera_msgs/share/orbbec_camera_msgs/srv/SetInt32.idl
[0.798s] -- Up-to-date: /home/khanh/Documents/SLAM/ros_ws/install/orbbec_camera_msgs/share/orbbec_camera_msgs/srv/SetString.idl
[0.798s] -- Up-to-date: /home/khanh/Documents/SLAM/ros_ws/install/orbbec_camera_msgs/share/orbbec_camera_msgs/msg/DeviceInfo.msg
[0.798s] -- Up-to-date: /home/khanh/Documents/SLAM/ros_ws/install/orbbec_camera_msgs/share/orbbec_camera_msgs/msg/Extrinsics.msg
[0.798s] -- Up-to-date: /home/khanh/Documents/SLAM/ros_ws/install/orbbec_camera_msgs/share/orbbec_camera_msgs/msg/Metadata.msg
[0.798s] -- Up-to-date: /home/khanh/Documents/SLAM/ros_ws/install/orbbec_camera_msgs/share/orbbec_camera_msgs/srv/GetBool.srv
[0.798s] -- Up-to-date: /home/khanh/Documents/SLAM/ros_ws/install/orbbec_camera_msgs/share/orbbec_camera_msgs/srv/GetBool_Request.msg
[0.798s] -- Up-to-date: /home/khanh/Documents/SLAM/ros_ws/install/orbbec_camera_msgs/share/orbbec_camera_msgs/srv/GetBool_Response.msg
[0.798s] -- Up-to-date: /home/khanh/Documents/SLAM/ros_ws/install/orbbec_camera_msgs/share/orbbec_camera_msgs/srv/GetDeviceInfo.srv
[0.799s] -- Up-to-date: /home/khanh/Documents/SLAM/ros_ws/install/orbbec_camera_msgs/share/orbbec_camera_msgs/srv/GetDeviceInfo_Request.msg
[0.799s] -- Up-to-date: /home/khanh/Documents/SLAM/ros_ws/install/orbbec_camera_msgs/share/orbbec_camera_msgs/srv/GetDeviceInfo_Response.msg
[0.799s] -- Up-to-date: /home/khanh/Documents/SLAM/ros_ws/install/orbbec_camera_msgs/share/orbbec_camera_msgs/srv/GetCameraInfo.srv
[0.799s] -- Up-to-date: /home/khanh/Documents/SLAM/ros_ws/install/orbbec_camera_msgs/share/orbbec_camera_msgs/srv/GetCameraInfo_Request.msg
[0.799s] -- Up-to-date: /home/khanh/Documents/SLAM/ros_ws/install/orbbec_camera_msgs/share/orbbec_camera_msgs/srv/GetCameraInfo_Response.msg
[0.799s] -- Up-to-date: /home/khanh/Documents/SLAM/ros_ws/install/orbbec_camera_msgs/share/orbbec_camera_msgs/srv/GetInt32.srv
[0.799s] -- Up-to-date: /home/khanh/Documents/SLAM/ros_ws/install/orbbec_camera_msgs/share/orbbec_camera_msgs/srv/GetInt32_Request.msg
[0.799s] -- Up-to-date: /home/khanh/Documents/SLAM/ros_ws/install/orbbec_camera_msgs/share/orbbec_camera_msgs/srv/GetInt32_Response.msg
[0.799s] -- Up-to-date: /home/khanh/Documents/SLAM/ros_ws/install/orbbec_camera_msgs/share/orbbec_camera_msgs/srv/GetString.srv
[0.799s] -- Up-to-date: /home/khanh/Documents/SLAM/ros_ws/install/orbbec_camera_msgs/share/orbbec_camera_msgs/srv/GetString_Request.msg
[0.800s] -- Up-to-date: /home/khanh/Documents/SLAM/ros_ws/install/orbbec_camera_msgs/share/orbbec_camera_msgs/srv/GetString_Response.msg
[0.800s] -- Up-to-date: /home/khanh/Documents/SLAM/ros_ws/install/orbbec_camera_msgs/share/orbbec_camera_msgs/srv/SetInt32.srv
[0.800s] -- Up-to-date: /home/khanh/Documents/SLAM/ros_ws/install/orbbec_camera_msgs/share/orbbec_camera_msgs/srv/SetInt32_Request.msg
[0.800s] -- Up-to-date: /home/khanh/Documents/SLAM/ros_ws/install/orbbec_camera_msgs/share/orbbec_camera_msgs/srv/SetInt32_Response.msg
[0.800s] -- Up-to-date: /home/khanh/Documents/SLAM/ros_ws/install/orbbec_camera_msgs/share/orbbec_camera_msgs/srv/SetString.srv
[0.800s] -- Up-to-date: /home/khanh/Documents/SLAM/ros_ws/install/orbbec_camera_msgs/share/orbbec_camera_msgs/srv/SetString_Request.msg
[0.800s] -- Up-to-date: /home/khanh/Documents/SLAM/ros_ws/install/orbbec_camera_msgs/share/orbbec_camera_msgs/srv/SetString_Response.msg
[0.800s] -- Up-to-date: /home/khanh/Documents/SLAM/ros_ws/install/orbbec_camera_msgs/share/ament_index/resource_index/package_run_dependencies/orbbec_camera_msgs
[0.800s] -- Up-to-date: /home/khanh/Documents/SLAM/ros_ws/install/orbbec_camera_msgs/share/ament_index/resource_index/parent_prefix_path/orbbec_camera_msgs
[0.800s] -- Up-to-date: /home/khanh/Documents/SLAM/ros_ws/install/orbbec_camera_msgs/share/orbbec_camera_msgs/environment/ament_prefix_path.sh
[0.801s] -- Up-to-date: /home/khanh/Documents/SLAM/ros_ws/install/orbbec_camera_msgs/share/orbbec_camera_msgs/environment/ament_prefix_path.dsv
[0.801s] -- Up-to-date: /home/khanh/Documents/SLAM/ros_ws/install/orbbec_camera_msgs/share/orbbec_camera_msgs/environment/path.sh
[0.801s] -- Up-to-date: /home/khanh/Documents/SLAM/ros_ws/install/orbbec_camera_msgs/share/orbbec_camera_msgs/environment/path.dsv
[0.801s] -- Up-to-date: /home/khanh/Documents/SLAM/ros_ws/install/orbbec_camera_msgs/share/orbbec_camera_msgs/local_setup.bash
[0.801s] -- Up-to-date: /home/khanh/Documents/SLAM/ros_ws/install/orbbec_camera_msgs/share/orbbec_camera_msgs/local_setup.sh
[0.801s] -- Up-to-date: /home/khanh/Documents/SLAM/ros_ws/install/orbbec_camera_msgs/share/orbbec_camera_msgs/local_setup.zsh
[0.801s] -- Up-to-date: /home/khanh/Documents/SLAM/ros_ws/install/orbbec_camera_msgs/share/orbbec_camera_msgs/local_setup.dsv
[0.801s] -- Installing: /home/khanh/Documents/SLAM/ros_ws/install/orbbec_camera_msgs/share/orbbec_camera_msgs/package.dsv
[0.801s] -- Up-to-date: /home/khanh/Documents/SLAM/ros_ws/install/orbbec_camera_msgs/share/ament_index/resource_index/packages/orbbec_camera_msgs
[0.801s] -- Up-to-date: /home/khanh/Documents/SLAM/ros_ws/install/orbbec_camera_msgs/share/orbbec_camera_msgs/cmake/export_orbbec_camera_msgs__rosidl_generator_cExport.cmake
[0.801s] -- Up-to-date: /home/khanh/Documents/SLAM/ros_ws/install/orbbec_camera_msgs/share/orbbec_camera_msgs/cmake/export_orbbec_camera_msgs__rosidl_generator_cExport-release.cmake
[0.802s] -- Up-to-date: /home/khanh/Documents/SLAM/ros_ws/install/orbbec_camera_msgs/share/orbbec_camera_msgs/cmake/export_orbbec_camera_msgs__rosidl_typesupport_fastrtps_cExport.cmake
[0.802s] -- Up-to-date: /home/khanh/Documents/SLAM/ros_ws/install/orbbec_camera_msgs/share/orbbec_camera_msgs/cmake/export_orbbec_camera_msgs__rosidl_typesupport_fastrtps_cExport-release.cmake
[0.802s] -- Up-to-date: /home/khanh/Documents/SLAM/ros_ws/install/orbbec_camera_msgs/share/orbbec_camera_msgs/cmake/orbbec_camera_msgs__rosidl_typesupport_introspection_cExport.cmake
[0.802s] -- Up-to-date: /home/khanh/Documents/SLAM/ros_ws/install/orbbec_camera_msgs/share/orbbec_camera_msgs/cmake/orbbec_camera_msgs__rosidl_typesupport_introspection_cExport-release.cmake
[0.802s] -- Up-to-date: /home/khanh/Documents/SLAM/ros_ws/install/orbbec_camera_msgs/share/orbbec_camera_msgs/cmake/orbbec_camera_msgs__rosidl_typesupport_cExport.cmake
[0.802s] -- Up-to-date: /home/khanh/Documents/SLAM/ros_ws/install/orbbec_camera_msgs/share/orbbec_camera_msgs/cmake/orbbec_camera_msgs__rosidl_typesupport_cExport-release.cmake
[0.802s] -- Up-to-date: /home/khanh/Documents/SLAM/ros_ws/install/orbbec_camera_msgs/share/orbbec_camera_msgs/cmake/export_orbbec_camera_msgs__rosidl_generator_cppExport.cmake
[0.802s] -- Up-to-date: /home/khanh/Documents/SLAM/ros_ws/install/orbbec_camera_msgs/share/orbbec_camera_msgs/cmake/export_orbbec_camera_msgs__rosidl_typesupport_fastrtps_cppExport.cmake
[0.802s] -- Up-to-date: /home/khanh/Documents/SLAM/ros_ws/install/orbbec_camera_msgs/share/orbbec_camera_msgs/cmake/export_orbbec_camera_msgs__rosidl_typesupport_fastrtps_cppExport-release.cmake
[0.802s] -- Up-to-date: /home/khanh/Documents/SLAM/ros_ws/install/orbbec_camera_msgs/share/orbbec_camera_msgs/cmake/orbbec_camera_msgs__rosidl_typesupport_introspection_cppExport.cmake
[0.803s] -- Up-to-date: /home/khanh/Documents/SLAM/ros_ws/install/orbbec_camera_msgs/share/orbbec_camera_msgs/cmake/orbbec_camera_msgs__rosidl_typesupport_introspection_cppExport-release.cmake
[0.803s] -- Up-to-date: /home/khanh/Documents/SLAM/ros_ws/install/orbbec_camera_msgs/share/orbbec_camera_msgs/cmake/orbbec_camera_msgs__rosidl_typesupport_cppExport.cmake
[0.803s] -- Up-to-date: /home/khanh/Documents/SLAM/ros_ws/install/orbbec_camera_msgs/share/orbbec_camera_msgs/cmake/orbbec_camera_msgs__rosidl_typesupport_cppExport-release.cmake
[0.803s] -- Up-to-date: /home/khanh/Documents/SLAM/ros_ws/install/orbbec_camera_msgs/share/orbbec_camera_msgs/cmake/export_orbbec_camera_msgs__rosidl_generator_pyExport.cmake
[0.803s] -- Up-to-date: /home/khanh/Documents/SLAM/ros_ws/install/orbbec_camera_msgs/share/orbbec_camera_msgs/cmake/export_orbbec_camera_msgs__rosidl_generator_pyExport-release.cmake
[0.803s] -- Up-to-date: /home/khanh/Documents/SLAM/ros_ws/install/orbbec_camera_msgs/share/orbbec_camera_msgs/cmake/rosidl_cmake-extras.cmake
[0.803s] -- Up-to-date: /home/khanh/Documents/SLAM/ros_ws/install/orbbec_camera_msgs/share/orbbec_camera_msgs/cmake/ament_cmake_export_dependencies-extras.cmake
[0.803s] -- Up-to-date: /home/khanh/Documents/SLAM/ros_ws/install/orbbec_camera_msgs/share/orbbec_camera_msgs/cmake/ament_cmake_export_include_directories-extras.cmake
[0.803s] -- Up-to-date: /home/khanh/Documents/SLAM/ros_ws/install/orbbec_camera_msgs/share/orbbec_camera_msgs/cmake/ament_cmake_export_libraries-extras.cmake
[0.803s] -- Up-to-date: /home/khanh/Documents/SLAM/ros_ws/install/orbbec_camera_msgs/share/orbbec_camera_msgs/cmake/ament_cmake_export_targets-extras.cmake
[0.803s] -- Up-to-date: /home/khanh/Documents/SLAM/ros_ws/install/orbbec_camera_msgs/share/orbbec_camera_msgs/cmake/rosidl_cmake_export_typesupport_targets-extras.cmake
[0.803s] -- Up-to-date: /home/khanh/Documents/SLAM/ros_ws/install/orbbec_camera_msgs/share/orbbec_camera_msgs/cmake/rosidl_cmake_export_typesupport_libraries-extras.cmake
[0.803s] -- Up-to-date: /home/khanh/Documents/SLAM/ros_ws/install/orbbec_camera_msgs/share/orbbec_camera_msgs/cmake/orbbec_camera_msgsConfig.cmake
[0.803s] -- Up-to-date: /home/khanh/Documents/SLAM/ros_ws/install/orbbec_camera_msgs/share/orbbec_camera_msgs/cmake/orbbec_camera_msgsConfig-version.cmake
[0.804s] -- Up-to-date: /home/khanh/Documents/SLAM/ros_ws/install/orbbec_camera_msgs/share/orbbec_camera_msgs/package.xml
[0.806s] Invoked command in '/home/khanh/Documents/SLAM/ros_ws/build/orbbec_camera_msgs' returned '0': CMAKE_PREFIX_PATH=/home/khanh/Documents/SLAM/ros_ws/install/rtabmap_rviz_plugins:/home/khanh/Documents/SLAM/ros_ws/install/rtabmap_conversions:/home/khanh/Documents/SLAM/ros_ws/install/rtabmap_python:/opt/ros/humble:/home/khanh/Documents/SLAM/ros_ws/install/rtabmap_msgs:/home/khanh/Documents/SLAM/ros_ws/install/rtabmap:/home/khanh/Documents/SLAM/ros_ws/install/orbbec_description:/home/khanh/Documents/SLAM/ros_ws/install/orbbec_camera:/home/khanh/Documents/SLAM/ros_ws/install/orbbec_camera_msgs /usr/bin/cmake --install /home/khanh/Documents/SLAM/ros_ws/build/orbbec_camera_msgs
