[0.382s] Invoking command in '/SLAM/ros_ws/build/sllidar_ros2': CMAKE_PREFIX_PATH=${CMAKE_PREFIX_PATH}:/SLAM/ros_ws/install/camera_calibration:/opt/ros/humble /usr/bin/cmake --build /SLAM/ros_ws/build/sllidar_ros2 -- -j16 -l16
[0.481s] [ 10%] Built target sllidar_client
[0.485s] [100%] Built target sllidar_node
[0.647s] Invoked command in '/SLAM/ros_ws/build/sllidar_ros2' returned '0': CMAKE_PREFIX_PATH=${CMAKE_PREFIX_PATH}:/SLAM/ros_ws/install/camera_calibration:/opt/ros/humble /usr/bin/cmake --build /SLAM/ros_ws/build/sllidar_ros2 -- -j16 -l16
[0.867s] Invoking command in '/SLAM/ros_ws/build/sllidar_ros2': CMAKE_PREFIX_PATH=${CMAKE_PREFIX_PATH}:/SLAM/ros_ws/install/camera_calibration:/opt/ros/humble /usr/bin/cmake --install /SLAM/ros_ws/build/sllidar_ros2
[0.879s] -- Install configuration: ""
[0.879s] -- Up-to-date: /SLAM/ros_ws/install/sllidar_ros2/share/sllidar_ros2/launch
[0.880s] -- Up-to-date: /SLAM/ros_ws/install/sllidar_ros2/share/sllidar_ros2/launch/view_sllidar_a2m8_launch.py
[0.880s] -- Up-to-date: /SLAM/ros_ws/install/sllidar_ros2/share/sllidar_ros2/launch/sllidar_a2m12_launch .py
[0.880s] -- Up-to-date: /SLAM/ros_ws/install/sllidar_ros2/share/sllidar_ros2/launch/sllidar_a2m7_launch.py
[0.885s] -- Up-to-date: /SLAM/ros_ws/install/sllidar_ros2/share/sllidar_ros2/launch/sllidar_s2e_launch.py
[0.887s] -- Up-to-date: /SLAM/ros_ws/install/sllidar_ros2/share/sllidar_ros2/launch/view_sllidar_a2m7_launch.py
[0.887s] -- Up-to-date: /SLAM/ros_ws/install/sllidar_ros2/share/sllidar_ros2/launch/sllidar_a3_launch.py
[0.887s] -- Up-to-date: /SLAM/ros_ws/install/sllidar_ros2/share/sllidar_ros2/launch/view_sllidar_s1_launch.py
[0.888s] -- Up-to-date: /SLAM/ros_ws/install/sllidar_ros2/share/sllidar_ros2/launch/sllidar_s2_launch.py
[0.888s] -- Up-to-date: /SLAM/ros_ws/install/sllidar_ros2/share/sllidar_ros2/launch/sllidar_a1_launch.py
[0.888s] -- Up-to-date: /SLAM/ros_ws/install/sllidar_ros2/share/sllidar_ros2/launch/sllidar_s1_launch.py
[0.888s] -- Up-to-date: /SLAM/ros_ws/install/sllidar_ros2/share/sllidar_ros2/launch/view_sllidar_a2m12_launch.py
[0.888s] -- Up-to-date: /SLAM/ros_ws/install/sllidar_ros2/share/sllidar_ros2/launch/sllidar_s1_tcp_launch.py
[0.889s] -- Up-to-date: /SLAM/ros_ws/install/sllidar_ros2/share/sllidar_ros2/launch/sllidar_t1_launch.py
[0.889s] -- Up-to-date: /SLAM/ros_ws/install/sllidar_ros2/share/sllidar_ros2/launch/view_sllidar_a1_launch.py
[0.889s] -- Up-to-date: /SLAM/ros_ws/install/sllidar_ros2/share/sllidar_ros2/launch/view_sllidar_a3_launch.py
[0.889s] -- Up-to-date: /SLAM/ros_ws/install/sllidar_ros2/share/sllidar_ros2/launch/view_sllidar_s2_launch.py
[0.890s] -- Up-to-date: /SLAM/ros_ws/install/sllidar_ros2/share/sllidar_ros2/launch/view_sllidar_t1_launch.py
[0.890s] -- Up-to-date: /SLAM/ros_ws/install/sllidar_ros2/share/sllidar_ros2/launch/view_sllidar_s1_tcp_launch.py
[0.890s] -- Up-to-date: /SLAM/ros_ws/install/sllidar_ros2/share/sllidar_ros2/launch/sllidar_s3_launch.py
[0.890s] -- Up-to-date: /SLAM/ros_ws/install/sllidar_ros2/share/sllidar_ros2/launch/sllidar_c1_launch.py
[0.891s] -- Up-to-date: /SLAM/ros_ws/install/sllidar_ros2/share/sllidar_ros2/launch/sllidar_a2m8_launch.py
[0.891s] -- Up-to-date: /SLAM/ros_ws/install/sllidar_ros2/share/sllidar_ros2/launch/view_sllidar_s3_launch.py
[0.891s] -- Up-to-date: /SLAM/ros_ws/install/sllidar_ros2/share/sllidar_ros2/launch/view_sllidar_s2e_launch.py
[0.891s] -- Up-to-date: /SLAM/ros_ws/install/sllidar_ros2/share/sllidar_ros2/launch/view_sllidar_c1_launch.py
[0.892s] -- Up-to-date: /SLAM/ros_ws/install/sllidar_ros2/share/sllidar_ros2/rviz
[0.892s] -- Up-to-date: /SLAM/ros_ws/install/sllidar_ros2/share/sllidar_ros2/rviz/sllidar_ros2.rviz
[0.899s] -- Up-to-date: /SLAM/ros_ws/install/sllidar_ros2/lib/sllidar_ros2/sllidar_node
[0.901s] -- Up-to-date: /SLAM/ros_ws/install/sllidar_ros2/lib/sllidar_ros2/sllidar_client
[0.902s] -- Up-to-date: /SLAM/ros_ws/install/sllidar_ros2/share/ament_index/resource_index/package_run_dependencies/sllidar_ros2
[0.903s] -- Up-to-date: /SLAM/ros_ws/install/sllidar_ros2/share/ament_index/resource_index/parent_prefix_path/sllidar_ros2
[0.904s] -- Up-to-date: /SLAM/ros_ws/install/sllidar_ros2/share/sllidar_ros2/environment/ament_prefix_path.sh
[0.904s] -- Up-to-date: /SLAM/ros_ws/install/sllidar_ros2/share/sllidar_ros2/environment/ament_prefix_path.dsv
[0.904s] -- Up-to-date: /SLAM/ros_ws/install/sllidar_ros2/share/sllidar_ros2/environment/path.sh
[0.904s] -- Up-to-date: /SLAM/ros_ws/install/sllidar_ros2/share/sllidar_ros2/environment/path.dsv
[0.905s] -- Up-to-date: /SLAM/ros_ws/install/sllidar_ros2/share/sllidar_ros2/local_setup.bash
[0.905s] -- Up-to-date: /SLAM/ros_ws/install/sllidar_ros2/share/sllidar_ros2/local_setup.sh
[0.905s] -- Up-to-date: /SLAM/ros_ws/install/sllidar_ros2/share/sllidar_ros2/local_setup.zsh
[0.906s] -- Up-to-date: /SLAM/ros_ws/install/sllidar_ros2/share/sllidar_ros2/local_setup.dsv
[0.907s] -- Installing: /SLAM/ros_ws/install/sllidar_ros2/share/sllidar_ros2/package.dsv
[0.907s] -- Up-to-date: /SLAM/ros_ws/install/sllidar_ros2/share/ament_index/resource_index/packages/sllidar_ros2
[0.907s] -- Up-to-date: /SLAM/ros_ws/install/sllidar_ros2/share/sllidar_ros2/cmake/ament_cmake_export_dependencies-extras.cmake
[0.907s] -- Up-to-date: /SLAM/ros_ws/install/sllidar_ros2/share/sllidar_ros2/cmake/ament_cmake_export_include_directories-extras.cmake
[0.908s] -- Up-to-date: /SLAM/ros_ws/install/sllidar_ros2/share/sllidar_ros2/cmake/sllidar_ros2Config.cmake
[0.908s] -- Up-to-date: /SLAM/ros_ws/install/sllidar_ros2/share/sllidar_ros2/cmake/sllidar_ros2Config-version.cmake
[0.908s] -- Up-to-date: /SLAM/ros_ws/install/sllidar_ros2/share/sllidar_ros2/package.xml
[1.020s] Invoked command in '/SLAM/ros_ws/build/sllidar_ros2' returned '0': CMAKE_PREFIX_PATH=${CMAKE_PREFIX_PATH}:/SLAM/ros_ws/install/camera_calibration:/opt/ros/humble /usr/bin/cmake --install /SLAM/ros_ws/build/sllidar_ros2
