[0.058s] Invoking command in '/SLAM/ros_ws/build/br2_navigation': CMAKE_PREFIX_PATH=/SLAM/ros_ws/install/br2_tiago:/SLAM/ros_ws/install/br2_basics:/SLAM/ros_ws/install/tutourial_intefaces:/SLAM/ros_ws/install/image_pipeline:/SLAM/ros_ws/install/stereo_image_proc:/SLAM/ros_ws/install/image_proc:/SLAM/ros_ws/install/tracetools_image_pipeline:/SLAM/ros_ws/install/sllidar_ros2:/SLAM/ros_ws/install/rtabmap_ros:/SLAM/ros_ws/install/rtabmap_launch:/SLAM/ros_ws/install/rtabmap_examples:/SLAM/ros_ws/install/rtabmap_demos:/SLAM/ros_ws/install/rtabmap_viz:/SLAM/ros_ws/install/rtabmap_slam:/SLAM/ros_ws/install/rtabmap_odom:/SLAM/ros_ws/install/rtabmap_util:/SLAM/ros_ws/install/rtabmap_sync:/SLAM/ros_ws/install/rtabmap_rviz_plugins:/SLAM/ros_ws/install/rtabmap_conversions:/SLAM/ros_ws/install/rtabmap_python:/SLAM/ros_ws/install/my_robot_controller:/SLAM/ros_ws/install/camera_calibration:/opt/ros/humble:/SLAM/ros_ws/install/rtabmap_msgs:/SLAM/ros_ws/install/rtabmap:/SLAM/ros_ws/install/rplidar_ros:/SLAM/ros_ws/install/rf2o_laser_odometry:/SLAM/ros_ws/install/more_interfaces:/SLAM/ros_ws/install/image_view:/SLAM/ros_ws/install/image_rotate:/SLAM/ros_ws/install/astra_camera:/SLAM/ros_ws/install/image_publisher:/SLAM/ros_ws/install/depth_image_proc:/SLAM/ros_ws/install/cpp_srvcli:/SLAM/ros_ws/install/cpp_pubsub:/SLAM/ros_ws/install/astra_camera_msgs /usr/bin/cmake /SLAM/ros_ws/src/book_ros2/br2_navigation -DAMENT_CMAKE_SYMLINK_INSTALL=1 -DCMAKE_INSTALL_PREFIX=/SLAM/ros_ws/install/br2_navigation
[0.119s] -- The C compiler identification is GNU 11.4.0
[0.171s] -- The CXX compiler identification is GNU 11.4.0
[0.179s] -- Detecting C compiler ABI info
[0.261s] -- Detecting C compiler ABI info - done
[0.268s] -- Check for working C compiler: /usr/bin/cc - skipped
[0.268s] -- Detecting C compile features
[0.269s] -- Detecting C compile features - done
[0.272s] -- Detecting CXX compiler ABI info
[0.362s] -- Detecting CXX compiler ABI info - done
[0.368s] -- Check for working CXX compiler: /usr/bin/c++ - skipped
[0.368s] -- Detecting CXX compile features
[0.368s] -- Detecting CXX compile features - done
[0.375s] -- Found ament_cmake_auto: 1.3.6 (/opt/ros/humble/share/ament_cmake_auto/cmake)
[0.565s] -- Found Python3: /usr/bin/python3.10 (found version "3.10.12") found components: Interpreter 
[0.622s] -- Override CMake install command with custom implementation using symlinks instead of copying resources
[0.762s] -- Configuring done
[0.765s] -- Generating done
[0.766s] -- Build files have been written to: /SLAM/ros_ws/build/br2_navigation
[0.771s] Invoked command in '/SLAM/ros_ws/build/br2_navigation' returned '0': CMAKE_PREFIX_PATH=/SLAM/ros_ws/install/br2_tiago:/SLAM/ros_ws/install/br2_basics:/SLAM/ros_ws/install/tutourial_intefaces:/SLAM/ros_ws/install/image_pipeline:/SLAM/ros_ws/install/stereo_image_proc:/SLAM/ros_ws/install/image_proc:/SLAM/ros_ws/install/tracetools_image_pipeline:/SLAM/ros_ws/install/sllidar_ros2:/SLAM/ros_ws/install/rtabmap_ros:/SLAM/ros_ws/install/rtabmap_launch:/SLAM/ros_ws/install/rtabmap_examples:/SLAM/ros_ws/install/rtabmap_demos:/SLAM/ros_ws/install/rtabmap_viz:/SLAM/ros_ws/install/rtabmap_slam:/SLAM/ros_ws/install/rtabmap_odom:/SLAM/ros_ws/install/rtabmap_util:/SLAM/ros_ws/install/rtabmap_sync:/SLAM/ros_ws/install/rtabmap_rviz_plugins:/SLAM/ros_ws/install/rtabmap_conversions:/SLAM/ros_ws/install/rtabmap_python:/SLAM/ros_ws/install/my_robot_controller:/SLAM/ros_ws/install/camera_calibration:/opt/ros/humble:/SLAM/ros_ws/install/rtabmap_msgs:/SLAM/ros_ws/install/rtabmap:/SLAM/ros_ws/install/rplidar_ros:/SLAM/ros_ws/install/rf2o_laser_odometry:/SLAM/ros_ws/install/more_interfaces:/SLAM/ros_ws/install/image_view:/SLAM/ros_ws/install/image_rotate:/SLAM/ros_ws/install/astra_camera:/SLAM/ros_ws/install/image_publisher:/SLAM/ros_ws/install/depth_image_proc:/SLAM/ros_ws/install/cpp_srvcli:/SLAM/ros_ws/install/cpp_pubsub:/SLAM/ros_ws/install/astra_camera_msgs /usr/bin/cmake /SLAM/ros_ws/src/book_ros2/br2_navigation -DAMENT_CMAKE_SYMLINK_INSTALL=1 -DCMAKE_INSTALL_PREFIX=/SLAM/ros_ws/install/br2_navigation
[0.772s] Invoking command in '/SLAM/ros_ws/build/br2_navigation': CMAKE_PREFIX_PATH=/SLAM/ros_ws/install/br2_tiago:/SLAM/ros_ws/install/br2_basics:/SLAM/ros_ws/install/tutourial_intefaces:/SLAM/ros_ws/install/image_pipeline:/SLAM/ros_ws/install/stereo_image_proc:/SLAM/ros_ws/install/image_proc:/SLAM/ros_ws/install/tracetools_image_pipeline:/SLAM/ros_ws/install/sllidar_ros2:/SLAM/ros_ws/install/rtabmap_ros:/SLAM/ros_ws/install/rtabmap_launch:/SLAM/ros_ws/install/rtabmap_examples:/SLAM/ros_ws/install/rtabmap_demos:/SLAM/ros_ws/install/rtabmap_viz:/SLAM/ros_ws/install/rtabmap_slam:/SLAM/ros_ws/install/rtabmap_odom:/SLAM/ros_ws/install/rtabmap_util:/SLAM/ros_ws/install/rtabmap_sync:/SLAM/ros_ws/install/rtabmap_rviz_plugins:/SLAM/ros_ws/install/rtabmap_conversions:/SLAM/ros_ws/install/rtabmap_python:/SLAM/ros_ws/install/my_robot_controller:/SLAM/ros_ws/install/camera_calibration:/opt/ros/humble:/SLAM/ros_ws/install/rtabmap_msgs:/SLAM/ros_ws/install/rtabmap:/SLAM/ros_ws/install/rplidar_ros:/SLAM/ros_ws/install/rf2o_laser_odometry:/SLAM/ros_ws/install/more_interfaces:/SLAM/ros_ws/install/image_view:/SLAM/ros_ws/install/image_rotate:/SLAM/ros_ws/install/astra_camera:/SLAM/ros_ws/install/image_publisher:/SLAM/ros_ws/install/depth_image_proc:/SLAM/ros_ws/install/cpp_srvcli:/SLAM/ros_ws/install/cpp_pubsub:/SLAM/ros_ws/install/astra_camera_msgs /usr/bin/cmake --build /SLAM/ros_ws/build/br2_navigation -- -j16 -l16
[0.821s] Invoked command in '/SLAM/ros_ws/build/br2_navigation' returned '0': CMAKE_PREFIX_PATH=/SLAM/ros_ws/install/br2_tiago:/SLAM/ros_ws/install/br2_basics:/SLAM/ros_ws/install/tutourial_intefaces:/SLAM/ros_ws/install/image_pipeline:/SLAM/ros_ws/install/stereo_image_proc:/SLAM/ros_ws/install/image_proc:/SLAM/ros_ws/install/tracetools_image_pipeline:/SLAM/ros_ws/install/sllidar_ros2:/SLAM/ros_ws/install/rtabmap_ros:/SLAM/ros_ws/install/rtabmap_launch:/SLAM/ros_ws/install/rtabmap_examples:/SLAM/ros_ws/install/rtabmap_demos:/SLAM/ros_ws/install/rtabmap_viz:/SLAM/ros_ws/install/rtabmap_slam:/SLAM/ros_ws/install/rtabmap_odom:/SLAM/ros_ws/install/rtabmap_util:/SLAM/ros_ws/install/rtabmap_sync:/SLAM/ros_ws/install/rtabmap_rviz_plugins:/SLAM/ros_ws/install/rtabmap_conversions:/SLAM/ros_ws/install/rtabmap_python:/SLAM/ros_ws/install/my_robot_controller:/SLAM/ros_ws/install/camera_calibration:/opt/ros/humble:/SLAM/ros_ws/install/rtabmap_msgs:/SLAM/ros_ws/install/rtabmap:/SLAM/ros_ws/install/rplidar_ros:/SLAM/ros_ws/install/rf2o_laser_odometry:/SLAM/ros_ws/install/more_interfaces:/SLAM/ros_ws/install/image_view:/SLAM/ros_ws/install/image_rotate:/SLAM/ros_ws/install/astra_camera:/SLAM/ros_ws/install/image_publisher:/SLAM/ros_ws/install/depth_image_proc:/SLAM/ros_ws/install/cpp_srvcli:/SLAM/ros_ws/install/cpp_pubsub:/SLAM/ros_ws/install/astra_camera_msgs /usr/bin/cmake --build /SLAM/ros_ws/build/br2_navigation -- -j16 -l16
[0.866s] Invoking command in '/SLAM/ros_ws/build/br2_navigation': CMAKE_PREFIX_PATH=/SLAM/ros_ws/install/br2_tiago:/SLAM/ros_ws/install/br2_basics:/SLAM/ros_ws/install/tutourial_intefaces:/SLAM/ros_ws/install/image_pipeline:/SLAM/ros_ws/install/stereo_image_proc:/SLAM/ros_ws/install/image_proc:/SLAM/ros_ws/install/tracetools_image_pipeline:/SLAM/ros_ws/install/sllidar_ros2:/SLAM/ros_ws/install/rtabmap_ros:/SLAM/ros_ws/install/rtabmap_launch:/SLAM/ros_ws/install/rtabmap_examples:/SLAM/ros_ws/install/rtabmap_demos:/SLAM/ros_ws/install/rtabmap_viz:/SLAM/ros_ws/install/rtabmap_slam:/SLAM/ros_ws/install/rtabmap_odom:/SLAM/ros_ws/install/rtabmap_util:/SLAM/ros_ws/install/rtabmap_sync:/SLAM/ros_ws/install/rtabmap_rviz_plugins:/SLAM/ros_ws/install/rtabmap_conversions:/SLAM/ros_ws/install/rtabmap_python:/SLAM/ros_ws/install/my_robot_controller:/SLAM/ros_ws/install/camera_calibration:/opt/ros/humble:/SLAM/ros_ws/install/rtabmap_msgs:/SLAM/ros_ws/install/rtabmap:/SLAM/ros_ws/install/rplidar_ros:/SLAM/ros_ws/install/rf2o_laser_odometry:/SLAM/ros_ws/install/more_interfaces:/SLAM/ros_ws/install/image_view:/SLAM/ros_ws/install/image_rotate:/SLAM/ros_ws/install/astra_camera:/SLAM/ros_ws/install/image_publisher:/SLAM/ros_ws/install/depth_image_proc:/SLAM/ros_ws/install/cpp_srvcli:/SLAM/ros_ws/install/cpp_pubsub:/SLAM/ros_ws/install/astra_camera_msgs /usr/bin/cmake --install /SLAM/ros_ws/build/br2_navigation
[0.875s] -- Install configuration: ""
[0.876s] -- Execute custom install script
[0.877s] -- Symlinking: /SLAM/ros_ws/install/br2_navigation/share/br2_navigation/launch/navigation_launch.py
[0.887s] -- Symlinking: /SLAM/ros_ws/install/br2_navigation/share/br2_navigation/launch/tiago_navigation.launch.py
[0.898s] -- Symlinking: /SLAM/ros_ws/install/br2_navigation/share/br2_navigation/params/mapper_params_online_async.yaml
[0.910s] -- Symlinking: /SLAM/ros_ws/install/br2_navigation/share/br2_navigation/params/tiago_nav_params.yaml
[0.922s] -- Symlinking: /SLAM/ros_ws/install/br2_navigation/share/br2_navigation/maps/home.pgm
[0.934s] -- Symlinking: /SLAM/ros_ws/install/br2_navigation/share/br2_navigation/maps/home.yaml
[0.944s] -- Symlinking: /SLAM/ros_ws/install/br2_navigation/share/ament_index/resource_index/package_run_dependencies/br2_navigation
[0.955s] -- Symlinking: /SLAM/ros_ws/install/br2_navigation/share/ament_index/resource_index/parent_prefix_path/br2_navigation
[0.966s] -- Symlinking: /SLAM/ros_ws/install/br2_navigation/share/br2_navigation/environment/ament_prefix_path.sh
[0.976s] -- Symlinking: /SLAM/ros_ws/install/br2_navigation/share/br2_navigation/environment/ament_prefix_path.dsv
[0.988s] -- Symlinking: /SLAM/ros_ws/install/br2_navigation/share/br2_navigation/environment/path.sh
[0.998s] -- Symlinking: /SLAM/ros_ws/install/br2_navigation/share/br2_navigation/environment/path.dsv
[1.011s] -- Symlinking: /SLAM/ros_ws/install/br2_navigation/share/br2_navigation/local_setup.bash
[1.023s] -- Symlinking: /SLAM/ros_ws/install/br2_navigation/share/br2_navigation/local_setup.sh
[1.034s] -- Symlinking: /SLAM/ros_ws/install/br2_navigation/share/br2_navigation/local_setup.zsh
[1.046s] -- Symlinking: /SLAM/ros_ws/install/br2_navigation/share/br2_navigation/local_setup.dsv
[1.058s] -- Symlinking: /SLAM/ros_ws/install/br2_navigation/share/br2_navigation/package.dsv
[1.070s] -- Symlinking: /SLAM/ros_ws/install/br2_navigation/share/ament_index/resource_index/packages/br2_navigation
[1.082s] -- Symlinking: /SLAM/ros_ws/install/br2_navigation/share/br2_navigation/cmake/br2_navigationConfig.cmake
[1.094s] -- Symlinking: /SLAM/ros_ws/install/br2_navigation/share/br2_navigation/cmake/br2_navigationConfig-version.cmake
[1.106s] -- Symlinking: /SLAM/ros_ws/install/br2_navigation/share/br2_navigation/package.xml
[1.120s] Invoked command in '/SLAM/ros_ws/build/br2_navigation' returned '0': CMAKE_PREFIX_PATH=/SLAM/ros_ws/install/br2_tiago:/SLAM/ros_ws/install/br2_basics:/SLAM/ros_ws/install/tutourial_intefaces:/SLAM/ros_ws/install/image_pipeline:/SLAM/ros_ws/install/stereo_image_proc:/SLAM/ros_ws/install/image_proc:/SLAM/ros_ws/install/tracetools_image_pipeline:/SLAM/ros_ws/install/sllidar_ros2:/SLAM/ros_ws/install/rtabmap_ros:/SLAM/ros_ws/install/rtabmap_launch:/SLAM/ros_ws/install/rtabmap_examples:/SLAM/ros_ws/install/rtabmap_demos:/SLAM/ros_ws/install/rtabmap_viz:/SLAM/ros_ws/install/rtabmap_slam:/SLAM/ros_ws/install/rtabmap_odom:/SLAM/ros_ws/install/rtabmap_util:/SLAM/ros_ws/install/rtabmap_sync:/SLAM/ros_ws/install/rtabmap_rviz_plugins:/SLAM/ros_ws/install/rtabmap_conversions:/SLAM/ros_ws/install/rtabmap_python:/SLAM/ros_ws/install/my_robot_controller:/SLAM/ros_ws/install/camera_calibration:/opt/ros/humble:/SLAM/ros_ws/install/rtabmap_msgs:/SLAM/ros_ws/install/rtabmap:/SLAM/ros_ws/install/rplidar_ros:/SLAM/ros_ws/install/rf2o_laser_odometry:/SLAM/ros_ws/install/more_interfaces:/SLAM/ros_ws/install/image_view:/SLAM/ros_ws/install/image_rotate:/SLAM/ros_ws/install/astra_camera:/SLAM/ros_ws/install/image_publisher:/SLAM/ros_ws/install/depth_image_proc:/SLAM/ros_ws/install/cpp_srvcli:/SLAM/ros_ws/install/cpp_pubsub:/SLAM/ros_ws/install/astra_camera_msgs /usr/bin/cmake --install /SLAM/ros_ws/build/br2_navigation
