[0.114s] Invoking command in '/SLAM/ros_ws/build/tiago_robot': AMENT_PREFIX_PATH=/SLAM/ros_ws/install/tiago_bringup:/SLAM/ros_ws/install/tiago_description:/SLAM/ros_ws/install/pmb2_description:/SLAM/ros_ws/install/tiago_controller_configuration:/SLAM/ros_ws/install/pmb2_controller_configuration:/SLAM/ros_ws/install/pal_gripper_description:/SLAM/ros_ws/install/pal_gripper_controller_configuration:/SLAM/ros_ws/install/launch_pal:${AMENT_PREFIX_PATH} CMAKE_PREFIX_PATH=/SLAM/ros_ws/install/tiago_bringup:/SLAM/ros_ws/install/tiago_description:/SLAM/ros_ws/install/pmb2_description:/SLAM/ros_ws/install/tiago_controller_configuration:/SLAM/ros_ws/install/pmb2_controller_configuration:/SLAM/ros_ws/install/pal_gripper_description:/SLAM/ros_ws/install/pal_gripper_controller_configuration:/opt/ros/humble PYTHONPATH=/SLAM/ros_ws/install/tiago_description/local/lib/python3.10/dist-packages:/SLAM/ros_ws/install/pmb2_description/local/lib/python3.10/dist-packages:/SLAM/ros_ws/build/launch_pal:/SLAM/ros_ws/install/launch_pal/lib/python3.10/site-packages:${PYTHONPATH} /usr/bin/cmake /SLAM/ros_ws/src/ThirdParty/tiago_robot/tiago_robot -DAMENT_CMAKE_SYMLINK_INSTALL=1 -DCMAKE_INSTALL_PREFIX=/SLAM/ros_ws/install/tiago_robot
[0.179s] -- The C compiler identification is GNU 11.4.0
[0.238s] -- The CXX compiler identification is GNU 11.4.0
[0.246s] -- Detecting C compiler ABI info
[0.324s] -- Detecting C compiler ABI info - done
[0.330s] -- Check for working C compiler: /usr/bin/cc - skipped
[0.331s] -- Detecting C compile features
[0.331s] -- Detecting C compile features - done
[0.334s] -- Detecting CXX compiler ABI info
[0.432s] -- Detecting CXX compiler ABI info - done
[0.440s] -- Check for working CXX compiler: /usr/bin/c++ - skipped
[0.441s] -- Detecting CXX compile features
[0.441s] -- Detecting CXX compile features - done
[0.447s] -- Found ament_cmake: 1.3.6 (/opt/ros/humble/share/ament_cmake/cmake)
[0.635s] -- Found Python3: /usr/bin/python3.10 (found version "3.10.12") found components: Interpreter 
[0.693s] -- Override CMake install command with custom implementation using symlinks instead of copying resources
[0.811s] -- Configuring done
[0.814s] -- Generating done
[0.815s] -- Build files have been written to: /SLAM/ros_ws/build/tiago_robot
[0.819s] Invoked command in '/SLAM/ros_ws/build/tiago_robot' returned '0': AMENT_PREFIX_PATH=/SLAM/ros_ws/install/tiago_bringup:/SLAM/ros_ws/install/tiago_description:/SLAM/ros_ws/install/pmb2_description:/SLAM/ros_ws/install/tiago_controller_configuration:/SLAM/ros_ws/install/pmb2_controller_configuration:/SLAM/ros_ws/install/pal_gripper_description:/SLAM/ros_ws/install/pal_gripper_controller_configuration:/SLAM/ros_ws/install/launch_pal:${AMENT_PREFIX_PATH} CMAKE_PREFIX_PATH=/SLAM/ros_ws/install/tiago_bringup:/SLAM/ros_ws/install/tiago_description:/SLAM/ros_ws/install/pmb2_description:/SLAM/ros_ws/install/tiago_controller_configuration:/SLAM/ros_ws/install/pmb2_controller_configuration:/SLAM/ros_ws/install/pal_gripper_description:/SLAM/ros_ws/install/pal_gripper_controller_configuration:/opt/ros/humble PYTHONPATH=/SLAM/ros_ws/install/tiago_description/local/lib/python3.10/dist-packages:/SLAM/ros_ws/install/pmb2_description/local/lib/python3.10/dist-packages:/SLAM/ros_ws/build/launch_pal:/SLAM/ros_ws/install/launch_pal/lib/python3.10/site-packages:${PYTHONPATH} /usr/bin/cmake /SLAM/ros_ws/src/ThirdParty/tiago_robot/tiago_robot -DAMENT_CMAKE_SYMLINK_INSTALL=1 -DCMAKE_INSTALL_PREFIX=/SLAM/ros_ws/install/tiago_robot
[0.820s] Invoking command in '/SLAM/ros_ws/build/tiago_robot': AMENT_PREFIX_PATH=/SLAM/ros_ws/install/tiago_bringup:/SLAM/ros_ws/install/tiago_description:/SLAM/ros_ws/install/pmb2_description:/SLAM/ros_ws/install/tiago_controller_configuration:/SLAM/ros_ws/install/pmb2_controller_configuration:/SLAM/ros_ws/install/pal_gripper_description:/SLAM/ros_ws/install/pal_gripper_controller_configuration:/SLAM/ros_ws/install/launch_pal:${AMENT_PREFIX_PATH} CMAKE_PREFIX_PATH=/SLAM/ros_ws/install/tiago_bringup:/SLAM/ros_ws/install/tiago_description:/SLAM/ros_ws/install/pmb2_description:/SLAM/ros_ws/install/tiago_controller_configuration:/SLAM/ros_ws/install/pmb2_controller_configuration:/SLAM/ros_ws/install/pal_gripper_description:/SLAM/ros_ws/install/pal_gripper_controller_configuration:/opt/ros/humble PYTHONPATH=/SLAM/ros_ws/install/tiago_description/local/lib/python3.10/dist-packages:/SLAM/ros_ws/install/pmb2_description/local/lib/python3.10/dist-packages:/SLAM/ros_ws/build/launch_pal:/SLAM/ros_ws/install/launch_pal/lib/python3.10/site-packages:${PYTHONPATH} /usr/bin/cmake --build /SLAM/ros_ws/build/tiago_robot -- -j16 -l16
[0.861s] Invoked command in '/SLAM/ros_ws/build/tiago_robot' returned '0': AMENT_PREFIX_PATH=/SLAM/ros_ws/install/tiago_bringup:/SLAM/ros_ws/install/tiago_description:/SLAM/ros_ws/install/pmb2_description:/SLAM/ros_ws/install/tiago_controller_configuration:/SLAM/ros_ws/install/pmb2_controller_configuration:/SLAM/ros_ws/install/pal_gripper_description:/SLAM/ros_ws/install/pal_gripper_controller_configuration:/SLAM/ros_ws/install/launch_pal:${AMENT_PREFIX_PATH} CMAKE_PREFIX_PATH=/SLAM/ros_ws/install/tiago_bringup:/SLAM/ros_ws/install/tiago_description:/SLAM/ros_ws/install/pmb2_description:/SLAM/ros_ws/install/tiago_controller_configuration:/SLAM/ros_ws/install/pmb2_controller_configuration:/SLAM/ros_ws/install/pal_gripper_description:/SLAM/ros_ws/install/pal_gripper_controller_configuration:/opt/ros/humble PYTHONPATH=/SLAM/ros_ws/install/tiago_description/local/lib/python3.10/dist-packages:/SLAM/ros_ws/install/pmb2_description/local/lib/python3.10/dist-packages:/SLAM/ros_ws/build/launch_pal:/SLAM/ros_ws/install/launch_pal/lib/python3.10/site-packages:${PYTHONPATH} /usr/bin/cmake --build /SLAM/ros_ws/build/tiago_robot -- -j16 -l16
[0.884s] Invoking command in '/SLAM/ros_ws/build/tiago_robot': AMENT_PREFIX_PATH=/SLAM/ros_ws/install/tiago_bringup:/SLAM/ros_ws/install/tiago_description:/SLAM/ros_ws/install/pmb2_description:/SLAM/ros_ws/install/tiago_controller_configuration:/SLAM/ros_ws/install/pmb2_controller_configuration:/SLAM/ros_ws/install/pal_gripper_description:/SLAM/ros_ws/install/pal_gripper_controller_configuration:/SLAM/ros_ws/install/launch_pal:${AMENT_PREFIX_PATH} CMAKE_PREFIX_PATH=/SLAM/ros_ws/install/tiago_bringup:/SLAM/ros_ws/install/tiago_description:/SLAM/ros_ws/install/pmb2_description:/SLAM/ros_ws/install/tiago_controller_configuration:/SLAM/ros_ws/install/pmb2_controller_configuration:/SLAM/ros_ws/install/pal_gripper_description:/SLAM/ros_ws/install/pal_gripper_controller_configuration:/opt/ros/humble PYTHONPATH=/SLAM/ros_ws/install/tiago_description/local/lib/python3.10/dist-packages:/SLAM/ros_ws/install/pmb2_description/local/lib/python3.10/dist-packages:/SLAM/ros_ws/build/launch_pal:/SLAM/ros_ws/install/launch_pal/lib/python3.10/site-packages:${PYTHONPATH} /usr/bin/cmake --install /SLAM/ros_ws/build/tiago_robot
[0.891s] -- Install configuration: ""
[0.892s] -- Execute custom install script
[0.892s] -- Symlinking: /SLAM/ros_ws/install/tiago_robot/share/ament_index/resource_index/package_run_dependencies/tiago_robot
[0.901s] -- Symlinking: /SLAM/ros_ws/install/tiago_robot/share/ament_index/resource_index/parent_prefix_path/tiago_robot
[0.909s] -- Symlinking: /SLAM/ros_ws/install/tiago_robot/share/tiago_robot/environment/ament_prefix_path.sh
[0.917s] -- Symlinking: /SLAM/ros_ws/install/tiago_robot/share/tiago_robot/environment/ament_prefix_path.dsv
[0.932s] -- Symlinking: /SLAM/ros_ws/install/tiago_robot/share/tiago_robot/environment/path.sh
[0.942s] -- Symlinking: /SLAM/ros_ws/install/tiago_robot/share/tiago_robot/environment/path.dsv
[0.951s] -- Symlinking: /SLAM/ros_ws/install/tiago_robot/share/tiago_robot/local_setup.bash
[0.960s] -- Symlinking: /SLAM/ros_ws/install/tiago_robot/share/tiago_robot/local_setup.sh
[0.969s] -- Symlinking: /SLAM/ros_ws/install/tiago_robot/share/tiago_robot/local_setup.zsh
[0.977s] -- Symlinking: /SLAM/ros_ws/install/tiago_robot/share/tiago_robot/local_setup.dsv
[0.987s] -- Symlinking: /SLAM/ros_ws/install/tiago_robot/share/tiago_robot/package.dsv
[0.995s] -- Symlinking: /SLAM/ros_ws/install/tiago_robot/share/ament_index/resource_index/packages/tiago_robot
[1.003s] -- Symlinking: /SLAM/ros_ws/install/tiago_robot/share/tiago_robot/cmake/tiago_robotConfig.cmake
[1.011s] -- Symlinking: /SLAM/ros_ws/install/tiago_robot/share/tiago_robot/cmake/tiago_robotConfig-version.cmake
[1.021s] -- Symlinking: /SLAM/ros_ws/install/tiago_robot/share/tiago_robot/package.xml
[1.033s] Invoked command in '/SLAM/ros_ws/build/tiago_robot' returned '0': AMENT_PREFIX_PATH=/SLAM/ros_ws/install/tiago_bringup:/SLAM/ros_ws/install/tiago_description:/SLAM/ros_ws/install/pmb2_description:/SLAM/ros_ws/install/tiago_controller_configuration:/SLAM/ros_ws/install/pmb2_controller_configuration:/SLAM/ros_ws/install/pal_gripper_description:/SLAM/ros_ws/install/pal_gripper_controller_configuration:/SLAM/ros_ws/install/launch_pal:${AMENT_PREFIX_PATH} CMAKE_PREFIX_PATH=/SLAM/ros_ws/install/tiago_bringup:/SLAM/ros_ws/install/tiago_description:/SLAM/ros_ws/install/pmb2_description:/SLAM/ros_ws/install/tiago_controller_configuration:/SLAM/ros_ws/install/pmb2_controller_configuration:/SLAM/ros_ws/install/pal_gripper_description:/SLAM/ros_ws/install/pal_gripper_controller_configuration:/opt/ros/humble PYTHONPATH=/SLAM/ros_ws/install/tiago_description/local/lib/python3.10/dist-packages:/SLAM/ros_ws/install/pmb2_description/local/lib/python3.10/dist-packages:/SLAM/ros_ws/build/launch_pal:/SLAM/ros_ws/install/launch_pal/lib/python3.10/site-packages:${PYTHONPATH} /usr/bin/cmake --install /SLAM/ros_ws/build/tiago_robot
