[0.840s] DEBUG:colcon:Command line arguments: ['/usr/bin/colcon', 'build', '--event-handlers', 'console_direct+', '--cmake-args', '-DCMAKE_BUILD_TYPE=Release']
[0.840s] DEBUG:colcon:Parsed command line arguments: Namespace(log_base=None, log_level=None, verb_name='build', build_base='build', install_base='install', merge_install=False, symlink_install=False, test_result_base=None, continue_on_error=False, executor='parallel', parallel_workers=16, event_handlers=['console_direct+'], ignore_user_meta=False, metas=['./colcon.meta'], base_paths=['.'], packages_ignore=None, packages_ignore_regex=None, paths=None, packages_up_to=None, packages_up_to_regex=None, packages_above=None, packages_above_and_dependencies=None, packages_above_depth=None, packages_select_by_dep=None, packages_skip_by_dep=None, packages_skip_up_to=None, packages_select_build_failed=False, packages_skip_build_finished=False, packages_select_test_failures=False, packages_skip_test_passed=False, packages_select=None, packages_skip=None, packages_select_regex=None, packages_skip_regex=None, packages_start=None, packages_end=None, cmake_args=['-DCMAKE_BUILD_TYPE=Release'], cmake_target=None, cmake_target_skip_unavailable=False, cmake_clean_cache=False, cmake_clean_first=False, cmake_force_configure=False, ament_cmake_args=None, catkin_cmake_args=None, catkin_skip_building_tests=False, mixin_files=None, mixin=None, verb_parser=<colcon_mixin.mixin.mixin_argument.MixinArgumentDecorator object at 0x7f3ef7cad180>, verb_extension=<colcon_core.verb.build.BuildVerb object at 0x7f3ef7c6f1c0>, main=<bound method BuildVerb.main of <colcon_core.verb.build.BuildVerb object at 0x7f3ef7c6f1c0>>, mixin_verb=('build',))
[0.874s] Level 1:colcon.colcon_core.package_discovery:discover_packages(colcon_meta) check parameters
[0.874s] Level 1:colcon.colcon_core.package_discovery:discover_packages(recursive) check parameters
[0.874s] Level 1:colcon.colcon_core.package_discovery:discover_packages(ignore) check parameters
[0.874s] Level 1:colcon.colcon_core.package_discovery:discover_packages(path) check parameters
[0.875s] Level 1:colcon.colcon_core.package_discovery:discover_packages(colcon_meta) discover
[0.875s] Level 1:colcon.colcon_core.package_discovery:discover_packages(recursive) discover
[0.875s] INFO:colcon.colcon_core.package_discovery:Crawling recursively for packages in '/SLAM/ros_ws'
[0.875s] Level 1:colcon.colcon_core.package_identification:_identify(.) by extensions ['ignore', 'ignore_ament_install']
[0.875s] Level 1:colcon.colcon_core.package_identification:_identify(.) by extension 'ignore'
[0.875s] Level 1:colcon.colcon_core.package_identification:_identify(.) by extension 'ignore_ament_install'
[0.875s] Level 1:colcon.colcon_core.package_identification:_identify(.) by extensions ['colcon_pkg']
[0.875s] Level 1:colcon.colcon_core.package_identification:_identify(.) by extension 'colcon_pkg'
[0.875s] Level 1:colcon.colcon_core.package_identification:_identify(.) by extensions ['colcon_meta']
[0.875s] Level 1:colcon.colcon_core.package_identification:_identify(.) by extension 'colcon_meta'
[0.875s] Level 1:colcon.colcon_core.package_identification:_identify(.) by extensions ['ros']
[0.875s] Level 1:colcon.colcon_core.package_identification:_identify(.) by extension 'ros'
[0.883s] Level 1:colcon.colcon_core.package_identification:_identify(.) by extensions ['cmake', 'python']
[0.883s] Level 1:colcon.colcon_core.package_identification:_identify(.) by extension 'cmake'
[0.883s] Level 1:colcon.colcon_core.package_identification:_identify(.) by extension 'python'
[0.883s] Level 1:colcon.colcon_core.package_identification:_identify(.) by extensions ['python_setup_py']
[0.884s] Level 1:colcon.colcon_core.package_identification:_identify(.) by extension 'python_setup_py'
[0.884s] Level 1:colcon.colcon_core.package_identification:_identify(Log) by extensions ['ignore', 'ignore_ament_install']
[0.884s] Level 1:colcon.colcon_core.package_identification:_identify(Log) by extension 'ignore'
[0.884s] Level 1:colcon.colcon_core.package_identification:_identify(Log) by extension 'ignore_ament_install'
[0.884s] Level 1:colcon.colcon_core.package_identification:_identify(Log) by extensions ['colcon_pkg']
[0.884s] Level 1:colcon.colcon_core.package_identification:_identify(Log) by extension 'colcon_pkg'
[0.884s] Level 1:colcon.colcon_core.package_identification:_identify(Log) by extensions ['colcon_meta']
[0.884s] Level 1:colcon.colcon_core.package_identification:_identify(Log) by extension 'colcon_meta'
[0.884s] Level 1:colcon.colcon_core.package_identification:_identify(Log) by extensions ['ros']
[0.884s] Level 1:colcon.colcon_core.package_identification:_identify(Log) by extension 'ros'
[0.884s] Level 1:colcon.colcon_core.package_identification:_identify(Log) by extensions ['cmake', 'python']
[0.884s] Level 1:colcon.colcon_core.package_identification:_identify(Log) by extension 'cmake'
[0.884s] Level 1:colcon.colcon_core.package_identification:_identify(Log) by extension 'python'
[0.884s] Level 1:colcon.colcon_core.package_identification:_identify(Log) by extensions ['python_setup_py']
[0.884s] Level 1:colcon.colcon_core.package_identification:_identify(Log) by extension 'python_setup_py'
[0.884s] Level 1:colcon.colcon_core.package_identification:_identify(build) by extensions ['ignore', 'ignore_ament_install']
[0.884s] Level 1:colcon.colcon_core.package_identification:_identify(build) by extension 'ignore'
[0.884s] Level 1:colcon.colcon_core.package_identification:_identify(build) ignored
[0.884s] Level 1:colcon.colcon_core.package_identification:_identify(install) by extensions ['ignore', 'ignore_ament_install']
[0.884s] Level 1:colcon.colcon_core.package_identification:_identify(install) by extension 'ignore'
[0.885s] Level 1:colcon.colcon_core.package_identification:_identify(install) ignored
[0.885s] Level 1:colcon.colcon_core.package_identification:_identify(log) by extensions ['ignore', 'ignore_ament_install']
[0.885s] Level 1:colcon.colcon_core.package_identification:_identify(log) by extension 'ignore'
[0.885s] Level 1:colcon.colcon_core.package_identification:_identify(log) ignored
[0.885s] Level 1:colcon.colcon_core.package_identification:_identify(src) by extensions ['ignore', 'ignore_ament_install']
[0.885s] Level 1:colcon.colcon_core.package_identification:_identify(src) by extension 'ignore'
[0.885s] Level 1:colcon.colcon_core.package_identification:_identify(src) by extension 'ignore_ament_install'
[0.885s] Level 1:colcon.colcon_core.package_identification:_identify(src) by extensions ['colcon_pkg']
[0.885s] Level 1:colcon.colcon_core.package_identification:_identify(src) by extension 'colcon_pkg'
[0.885s] Level 1:colcon.colcon_core.package_identification:_identify(src) by extensions ['colcon_meta']
[0.885s] Level 1:colcon.colcon_core.package_identification:_identify(src) by extension 'colcon_meta'
[0.885s] Level 1:colcon.colcon_core.package_identification:_identify(src) by extensions ['ros']
[0.885s] Level 1:colcon.colcon_core.package_identification:_identify(src) by extension 'ros'
[0.885s] Level 1:colcon.colcon_core.package_identification:_identify(src) by extensions ['cmake', 'python']
[0.885s] Level 1:colcon.colcon_core.package_identification:_identify(src) by extension 'cmake'
[0.885s] Level 1:colcon.colcon_core.package_identification:_identify(src) by extension 'python'
[0.885s] Level 1:colcon.colcon_core.package_identification:_identify(src) by extensions ['python_setup_py']
[0.885s] Level 1:colcon.colcon_core.package_identification:_identify(src) by extension 'python_setup_py'
[0.885s] Level 1:colcon.colcon_core.package_identification:_identify(src/ros2_astra_camera) by extensions ['ignore', 'ignore_ament_install']
[0.885s] Level 1:colcon.colcon_core.package_identification:_identify(src/ros2_astra_camera) by extension 'ignore'
[0.885s] Level 1:colcon.colcon_core.package_identification:_identify(src/ros2_astra_camera) by extension 'ignore_ament_install'
[0.886s] Level 1:colcon.colcon_core.package_identification:_identify(src/ros2_astra_camera) by extensions ['colcon_pkg']
[0.886s] Level 1:colcon.colcon_core.package_identification:_identify(src/ros2_astra_camera) by extension 'colcon_pkg'
[0.886s] Level 1:colcon.colcon_core.package_identification:_identify(src/ros2_astra_camera) by extensions ['colcon_meta']
[0.886s] Level 1:colcon.colcon_core.package_identification:_identify(src/ros2_astra_camera) by extension 'colcon_meta'
[0.886s] Level 1:colcon.colcon_core.package_identification:_identify(src/ros2_astra_camera) by extensions ['ros']
[0.886s] Level 1:colcon.colcon_core.package_identification:_identify(src/ros2_astra_camera) by extension 'ros'
[0.886s] Level 1:colcon.colcon_core.package_identification:_identify(src/ros2_astra_camera) by extensions ['cmake', 'python']
[0.886s] Level 1:colcon.colcon_core.package_identification:_identify(src/ros2_astra_camera) by extension 'cmake'
[0.886s] Level 1:colcon.colcon_core.package_identification:_identify(src/ros2_astra_camera) by extension 'python'
[0.886s] Level 1:colcon.colcon_core.package_identification:_identify(src/ros2_astra_camera) by extensions ['python_setup_py']
[0.886s] Level 1:colcon.colcon_core.package_identification:_identify(src/ros2_astra_camera) by extension 'python_setup_py'
[0.886s] Level 1:colcon.colcon_core.package_identification:_identify(src/ros2_astra_camera/astra_camera) by extensions ['ignore', 'ignore_ament_install']
[0.886s] Level 1:colcon.colcon_core.package_identification:_identify(src/ros2_astra_camera/astra_camera) by extension 'ignore'
[0.886s] Level 1:colcon.colcon_core.package_identification:_identify(src/ros2_astra_camera/astra_camera) by extension 'ignore_ament_install'
[0.886s] Level 1:colcon.colcon_core.package_identification:_identify(src/ros2_astra_camera/astra_camera) by extensions ['colcon_pkg']
[0.886s] Level 1:colcon.colcon_core.package_identification:_identify(src/ros2_astra_camera/astra_camera) by extension 'colcon_pkg'
[0.886s] Level 1:colcon.colcon_core.package_identification:_identify(src/ros2_astra_camera/astra_camera) by extensions ['colcon_meta']
[0.886s] Level 1:colcon.colcon_core.package_identification:_identify(src/ros2_astra_camera/astra_camera) by extension 'colcon_meta'
[0.886s] Level 1:colcon.colcon_core.package_identification:_identify(src/ros2_astra_camera/astra_camera) by extensions ['ros']
[0.886s] Level 1:colcon.colcon_core.package_identification:_identify(src/ros2_astra_camera/astra_camera) by extension 'ros'
[0.889s] DEBUG:colcon.colcon_core.package_identification:Package 'src/ros2_astra_camera/astra_camera' with type 'ros.ament_cmake' and name 'astra_camera'
[0.889s] Level 1:colcon.colcon_core.package_identification:_identify(src/ros2_astra_camera/astra_camera_msgs) by extensions ['ignore', 'ignore_ament_install']
[0.889s] Level 1:colcon.colcon_core.package_identification:_identify(src/ros2_astra_camera/astra_camera_msgs) by extension 'ignore'
[0.889s] Level 1:colcon.colcon_core.package_identification:_identify(src/ros2_astra_camera/astra_camera_msgs) by extension 'ignore_ament_install'
[0.889s] Level 1:colcon.colcon_core.package_identification:_identify(src/ros2_astra_camera/astra_camera_msgs) by extensions ['colcon_pkg']
[0.889s] Level 1:colcon.colcon_core.package_identification:_identify(src/ros2_astra_camera/astra_camera_msgs) by extension 'colcon_pkg'
[0.889s] Level 1:colcon.colcon_core.package_identification:_identify(src/ros2_astra_camera/astra_camera_msgs) by extensions ['colcon_meta']
[0.889s] Level 1:colcon.colcon_core.package_identification:_identify(src/ros2_astra_camera/astra_camera_msgs) by extension 'colcon_meta'
[0.889s] Level 1:colcon.colcon_core.package_identification:_identify(src/ros2_astra_camera/astra_camera_msgs) by extensions ['ros']
[0.889s] Level 1:colcon.colcon_core.package_identification:_identify(src/ros2_astra_camera/astra_camera_msgs) by extension 'ros'
[0.890s] DEBUG:colcon.colcon_core.package_identification:Package 'src/ros2_astra_camera/astra_camera_msgs' with type 'ros.ament_cmake' and name 'astra_camera_msgs'
[0.890s] Level 1:colcon.colcon_core.package_identification:_identify(src/sllidar_ros2) by extensions ['ignore', 'ignore_ament_install']
[0.890s] Level 1:colcon.colcon_core.package_identification:_identify(src/sllidar_ros2) by extension 'ignore'
[0.890s] Level 1:colcon.colcon_core.package_identification:_identify(src/sllidar_ros2) by extension 'ignore_ament_install'
[0.890s] Level 1:colcon.colcon_core.package_identification:_identify(src/sllidar_ros2) by extensions ['colcon_pkg']
[0.890s] Level 1:colcon.colcon_core.package_identification:_identify(src/sllidar_ros2) by extension 'colcon_pkg'
[0.890s] Level 1:colcon.colcon_core.package_identification:_identify(src/sllidar_ros2) by extensions ['colcon_meta']
[0.890s] Level 1:colcon.colcon_core.package_identification:_identify(src/sllidar_ros2) by extension 'colcon_meta'
[0.890s] Level 1:colcon.colcon_core.package_identification:_identify(src/sllidar_ros2) by extensions ['ros']
[0.890s] Level 1:colcon.colcon_core.package_identification:_identify(src/sllidar_ros2) by extension 'ros'
[0.891s] DEBUG:colcon.colcon_core.package_identification:Package 'src/sllidar_ros2' with type 'ros.ament_cmake' and name 'sllidar_ros2'
[0.891s] Level 1:colcon.colcon_core.package_discovery:discover_packages(recursive) using defaults
[0.891s] Level 1:colcon.colcon_core.package_discovery:discover_packages(ignore) discover
[0.891s] Level 1:colcon.colcon_core.package_discovery:discover_packages(ignore) using defaults
[0.891s] Level 1:colcon.colcon_core.package_discovery:discover_packages(path) discover
[0.891s] Level 1:colcon.colcon_core.package_discovery:discover_packages(path) using defaults
[0.946s] Level 5:colcon.colcon_core.verb:set package 'astra_camera_msgs' build argument 'cmake_args' from command line to '['-DCMAKE_BUILD_TYPE=Release']'
[0.946s] Level 5:colcon.colcon_core.verb:set package 'astra_camera_msgs' build argument 'cmake_target' from command line to 'None'
[0.946s] Level 5:colcon.colcon_core.verb:set package 'astra_camera_msgs' build argument 'cmake_target_skip_unavailable' from command line to 'False'
[0.946s] Level 5:colcon.colcon_core.verb:set package 'astra_camera_msgs' build argument 'cmake_clean_cache' from command line to 'False'
[0.946s] Level 5:colcon.colcon_core.verb:set package 'astra_camera_msgs' build argument 'cmake_clean_first' from command line to 'False'
[0.946s] Level 5:colcon.colcon_core.verb:set package 'astra_camera_msgs' build argument 'cmake_force_configure' from command line to 'False'
[0.946s] Level 5:colcon.colcon_core.verb:set package 'astra_camera_msgs' build argument 'ament_cmake_args' from command line to 'None'
[0.946s] Level 5:colcon.colcon_core.verb:set package 'astra_camera_msgs' build argument 'catkin_cmake_args' from command line to 'None'
[0.946s] Level 5:colcon.colcon_core.verb:set package 'astra_camera_msgs' build argument 'catkin_skip_building_tests' from command line to 'False'
[0.946s] DEBUG:colcon.colcon_core.verb:Building package 'astra_camera_msgs' with the following arguments: {'ament_cmake_args': None, 'build_base': '/SLAM/ros_ws/build/astra_camera_msgs', 'catkin_cmake_args': None, 'catkin_skip_building_tests': False, 'cmake_args': ['-DCMAKE_BUILD_TYPE=Release'], 'cmake_clean_cache': False, 'cmake_clean_first': False, 'cmake_force_configure': False, 'cmake_target': None, 'cmake_target_skip_unavailable': False, 'install_base': '/SLAM/ros_ws/install/astra_camera_msgs', 'merge_install': False, 'path': '/SLAM/ros_ws/src/ros2_astra_camera/astra_camera_msgs', 'symlink_install': False, 'test_result_base': None}
[0.956s] Level 5:colcon.colcon_core.verb:set package 'sllidar_ros2' build argument 'cmake_args' from command line to '['-DCMAKE_BUILD_TYPE=Release']'
[0.956s] Level 5:colcon.colcon_core.verb:set package 'sllidar_ros2' build argument 'cmake_target' from command line to 'None'
[0.956s] Level 5:colcon.colcon_core.verb:set package 'sllidar_ros2' build argument 'cmake_target_skip_unavailable' from command line to 'False'
[0.956s] Level 5:colcon.colcon_core.verb:set package 'sllidar_ros2' build argument 'cmake_clean_cache' from command line to 'False'
[0.956s] Level 5:colcon.colcon_core.verb:set package 'sllidar_ros2' build argument 'cmake_clean_first' from command line to 'False'
[0.956s] Level 5:colcon.colcon_core.verb:set package 'sllidar_ros2' build argument 'cmake_force_configure' from command line to 'False'
[0.956s] Level 5:colcon.colcon_core.verb:set package 'sllidar_ros2' build argument 'ament_cmake_args' from command line to 'None'
[0.956s] Level 5:colcon.colcon_core.verb:set package 'sllidar_ros2' build argument 'catkin_cmake_args' from command line to 'None'
[0.956s] Level 5:colcon.colcon_core.verb:set package 'sllidar_ros2' build argument 'catkin_skip_building_tests' from command line to 'False'
[0.956s] DEBUG:colcon.colcon_core.verb:Building package 'sllidar_ros2' with the following arguments: {'ament_cmake_args': None, 'build_base': '/SLAM/ros_ws/build/sllidar_ros2', 'catkin_cmake_args': None, 'catkin_skip_building_tests': False, 'cmake_args': ['-DCMAKE_BUILD_TYPE=Release'], 'cmake_clean_cache': False, 'cmake_clean_first': False, 'cmake_force_configure': False, 'cmake_target': None, 'cmake_target_skip_unavailable': False, 'install_base': '/SLAM/ros_ws/install/sllidar_ros2', 'merge_install': False, 'path': '/SLAM/ros_ws/src/sllidar_ros2', 'symlink_install': False, 'test_result_base': None}
[0.966s] Level 5:colcon.colcon_core.verb:set package 'astra_camera' build argument 'cmake_args' from command line to '['-DCMAKE_BUILD_TYPE=Release']'
[0.966s] Level 5:colcon.colcon_core.verb:set package 'astra_camera' build argument 'cmake_target' from command line to 'None'
[0.967s] Level 5:colcon.colcon_core.verb:set package 'astra_camera' build argument 'cmake_target_skip_unavailable' from command line to 'False'
[0.967s] Level 5:colcon.colcon_core.verb:set package 'astra_camera' build argument 'cmake_clean_cache' from command line to 'False'
[0.967s] Level 5:colcon.colcon_core.verb:set package 'astra_camera' build argument 'cmake_clean_first' from command line to 'False'
[0.967s] Level 5:colcon.colcon_core.verb:set package 'astra_camera' build argument 'cmake_force_configure' from command line to 'False'
[0.967s] Level 5:colcon.colcon_core.verb:set package 'astra_camera' build argument 'ament_cmake_args' from command line to 'None'
[0.967s] Level 5:colcon.colcon_core.verb:set package 'astra_camera' build argument 'catkin_cmake_args' from command line to 'None'
[0.967s] Level 5:colcon.colcon_core.verb:set package 'astra_camera' build argument 'catkin_skip_building_tests' from command line to 'False'
[0.967s] DEBUG:colcon.colcon_core.verb:Building package 'astra_camera' with the following arguments: {'ament_cmake_args': None, 'build_base': '/SLAM/ros_ws/build/astra_camera', 'catkin_cmake_args': None, 'catkin_skip_building_tests': False, 'cmake_args': ['-DCMAKE_BUILD_TYPE=Release'], 'cmake_clean_cache': False, 'cmake_clean_first': False, 'cmake_force_configure': False, 'cmake_target': None, 'cmake_target_skip_unavailable': False, 'install_base': '/SLAM/ros_ws/install/astra_camera', 'merge_install': False, 'path': '/SLAM/ros_ws/src/ros2_astra_camera/astra_camera', 'symlink_install': False, 'test_result_base': None}
[0.977s] INFO:colcon.colcon_core.executor:Executing jobs using 'parallel' executor
[0.987s] DEBUG:colcon.colcon_parallel_executor.executor.parallel:run_until_complete
[0.987s] INFO:colcon.colcon_ros.task.ament_cmake.build:Building ROS package in '/SLAM/ros_ws/src/ros2_astra_camera/astra_camera_msgs' with build type 'ament_cmake'
[0.987s] INFO:colcon.colcon_cmake.task.cmake.build:Building CMake package in '/SLAM/ros_ws/src/ros2_astra_camera/astra_camera_msgs'
[0.999s] INFO:colcon.colcon_core.plugin_system:Skipping extension 'colcon_core.shell.bat': Not used on non-Windows systems
[0.999s] INFO:colcon.colcon_core.shell:Skip shell extension 'powershell' for command environment: Not usable outside of PowerShell
[0.999s] DEBUG:colcon.colcon_core.shell:Skip shell extension 'dsv' for command environment
[1.025s] INFO:colcon.colcon_ros.task.ament_cmake.build:Building ROS package in '/SLAM/ros_ws/src/sllidar_ros2' with build type 'ament_cmake'
[1.025s] INFO:colcon.colcon_cmake.task.cmake.build:Building CMake package in '/SLAM/ros_ws/src/sllidar_ros2'
[1.036s] INFO:colcon.colcon_core.shell:Skip shell extension 'powershell' for command environment: Not usable outside of PowerShell
[1.036s] DEBUG:colcon.colcon_core.shell:Skip shell extension 'dsv' for command environment
[1.066s] DEBUG:colcon.colcon_core.event_handler.log_command:Invoking command in '/SLAM/ros_ws/build/astra_camera_msgs': CMAKE_PREFIX_PATH=/opt/ros/humble /usr/bin/cmake /SLAM/ros_ws/src/ros2_astra_camera/astra_camera_msgs -DCMAKE_BUILD_TYPE=Release -DCMAKE_INSTALL_PREFIX=/SLAM/ros_ws/install/astra_camera_msgs
[1.071s] DEBUG:colcon.colcon_core.event_handler.log_command:Invoking command in '/SLAM/ros_ws/build/sllidar_ros2': CMAKE_PREFIX_PATH=/opt/ros/humble /usr/bin/cmake /SLAM/ros_ws/src/sllidar_ros2 -DCMAKE_BUILD_TYPE=Release -DCMAKE_INSTALL_PREFIX=/SLAM/ros_ws/install/sllidar_ros2
[1.784s] DEBUG:colcon.colcon_core.event_handler.log_command:Invoked command in '/SLAM/ros_ws/build/sllidar_ros2' returned '0': CMAKE_PREFIX_PATH=/opt/ros/humble /usr/bin/cmake /SLAM/ros_ws/src/sllidar_ros2 -DCMAKE_BUILD_TYPE=Release -DCMAKE_INSTALL_PREFIX=/SLAM/ros_ws/install/sllidar_ros2
[1.787s] DEBUG:colcon.colcon_core.event_handler.log_command:Invoking command in '/SLAM/ros_ws/build/sllidar_ros2': CMAKE_PREFIX_PATH=/opt/ros/humble /usr/bin/cmake --build /SLAM/ros_ws/build/sllidar_ros2 -- -j16 -l16
[3.760s] DEBUG:colcon.colcon_core.event_handler.log_command:Invoked command in '/SLAM/ros_ws/build/astra_camera_msgs' returned '0': CMAKE_PREFIX_PATH=/opt/ros/humble /usr/bin/cmake /SLAM/ros_ws/src/ros2_astra_camera/astra_camera_msgs -DCMAKE_BUILD_TYPE=Release -DCMAKE_INSTALL_PREFIX=/SLAM/ros_ws/install/astra_camera_msgs
[3.762s] DEBUG:colcon.colcon_core.event_handler.log_command:Invoking command in '/SLAM/ros_ws/build/astra_camera_msgs': CMAKE_PREFIX_PATH=/opt/ros/humble /usr/bin/cmake --build /SLAM/ros_ws/build/astra_camera_msgs -- -j16 -l16
[7.249s] DEBUG:colcon.colcon_core.event_handler.log_command:Invoked command in '/SLAM/ros_ws/build/astra_camera_msgs' returned '0': CMAKE_PREFIX_PATH=/opt/ros/humble /usr/bin/cmake --build /SLAM/ros_ws/build/astra_camera_msgs -- -j16 -l16
[7.491s] DEBUG:colcon.colcon_core.event_handler.log_command:Invoking command in '/SLAM/ros_ws/build/astra_camera_msgs': CMAKE_PREFIX_PATH=/opt/ros/humble /usr/bin/cmake --install /SLAM/ros_ws/build/astra_camera_msgs
[7.585s] Level 1:colcon.colcon_core.environment:create_environment_scripts_only(astra_camera_msgs)
[7.586s] DEBUG:colcon.colcon_core.event_handler.log_command:Invoked command in '/SLAM/ros_ws/build/astra_camera_msgs' returned '0': CMAKE_PREFIX_PATH=/opt/ros/humble /usr/bin/cmake --install /SLAM/ros_ws/build/astra_camera_msgs
[7.600s] Level 1:colcon.colcon_core.environment:checking '/SLAM/ros_ws/install/astra_camera_msgs' for CMake module files
[7.601s] Level 1:colcon.colcon_core.environment:checking '/SLAM/ros_ws/install/astra_camera_msgs' for CMake config files
[7.603s] Level 1:colcon.colcon_core.shell:create_environment_hook('astra_camera_msgs', 'cmake_prefix_path')
[7.615s] INFO:colcon.colcon_core.shell:Creating environment hook '/SLAM/ros_ws/install/astra_camera_msgs/share/astra_camera_msgs/hook/cmake_prefix_path.ps1'
[7.615s] INFO:colcon.colcon_core.shell:Creating environment descriptor '/SLAM/ros_ws/install/astra_camera_msgs/share/astra_camera_msgs/hook/cmake_prefix_path.dsv'
[7.616s] INFO:colcon.colcon_core.shell:Creating environment hook '/SLAM/ros_ws/install/astra_camera_msgs/share/astra_camera_msgs/hook/cmake_prefix_path.sh'
[7.617s] Level 1:colcon.colcon_core.environment:checking '/SLAM/ros_ws/install/astra_camera_msgs/lib'
[7.617s] Level 1:colcon.colcon_core.shell:create_environment_hook('astra_camera_msgs', 'ld_library_path_lib')
[7.628s] INFO:colcon.colcon_core.shell:Creating environment hook '/SLAM/ros_ws/install/astra_camera_msgs/share/astra_camera_msgs/hook/ld_library_path_lib.ps1'
[7.629s] INFO:colcon.colcon_core.shell:Creating environment descriptor '/SLAM/ros_ws/install/astra_camera_msgs/share/astra_camera_msgs/hook/ld_library_path_lib.dsv'
[7.629s] INFO:colcon.colcon_core.shell:Creating environment hook '/SLAM/ros_ws/install/astra_camera_msgs/share/astra_camera_msgs/hook/ld_library_path_lib.sh'
[7.629s] Level 1:colcon.colcon_core.environment:checking '/SLAM/ros_ws/install/astra_camera_msgs/bin'
[7.629s] Level 1:colcon.colcon_core.environment:checking '/SLAM/ros_ws/install/astra_camera_msgs/lib/pkgconfig/astra_camera_msgs.pc'
[7.631s] Level 1:colcon.colcon_core.environment:checking '/SLAM/ros_ws/install/astra_camera_msgs/lib/python3.10/site-packages'
[7.632s] Level 1:colcon.colcon_core.environment:checking '/SLAM/ros_ws/install/astra_camera_msgs/bin'
[7.644s] INFO:colcon.colcon_core.shell:Creating package script '/SLAM/ros_ws/install/astra_camera_msgs/share/astra_camera_msgs/package.ps1'
[7.645s] INFO:colcon.colcon_core.shell:Creating package descriptor '/SLAM/ros_ws/install/astra_camera_msgs/share/astra_camera_msgs/package.dsv'
[7.646s] INFO:colcon.colcon_core.shell:Creating package script '/SLAM/ros_ws/install/astra_camera_msgs/share/astra_camera_msgs/package.sh'
[7.647s] INFO:colcon.colcon_core.shell:Creating package script '/SLAM/ros_ws/install/astra_camera_msgs/share/astra_camera_msgs/package.bash'
[7.648s] INFO:colcon.colcon_core.shell:Creating package script '/SLAM/ros_ws/install/astra_camera_msgs/share/astra_camera_msgs/package.zsh'
[7.649s] Level 1:colcon.colcon_core.environment:create_file_with_runtime_dependencies(/SLAM/ros_ws/install/astra_camera_msgs/share/colcon-core/packages/astra_camera_msgs)
[7.894s] Level 1:colcon.colcon_core.environment:create_environment_scripts_only(astra_camera_msgs)
[7.905s] Level 1:colcon.colcon_core.environment:checking '/SLAM/ros_ws/install/astra_camera_msgs' for CMake module files
[7.906s] Level 1:colcon.colcon_core.environment:checking '/SLAM/ros_ws/install/astra_camera_msgs' for CMake config files
[7.908s] Level 1:colcon.colcon_core.shell:create_environment_hook('astra_camera_msgs', 'cmake_prefix_path')
[7.920s] INFO:colcon.colcon_core.shell:Creating environment hook '/SLAM/ros_ws/install/astra_camera_msgs/share/astra_camera_msgs/hook/cmake_prefix_path.ps1'
[7.920s] INFO:colcon.colcon_core.shell:Creating environment descriptor '/SLAM/ros_ws/install/astra_camera_msgs/share/astra_camera_msgs/hook/cmake_prefix_path.dsv'
[7.920s] INFO:colcon.colcon_core.shell:Creating environment hook '/SLAM/ros_ws/install/astra_camera_msgs/share/astra_camera_msgs/hook/cmake_prefix_path.sh'
[7.921s] Level 1:colcon.colcon_core.environment:checking '/SLAM/ros_ws/install/astra_camera_msgs/lib'
[7.921s] Level 1:colcon.colcon_core.shell:create_environment_hook('astra_camera_msgs', 'ld_library_path_lib')
[7.932s] INFO:colcon.colcon_core.shell:Creating environment hook '/SLAM/ros_ws/install/astra_camera_msgs/share/astra_camera_msgs/hook/ld_library_path_lib.ps1'
[7.932s] INFO:colcon.colcon_core.shell:Creating environment descriptor '/SLAM/ros_ws/install/astra_camera_msgs/share/astra_camera_msgs/hook/ld_library_path_lib.dsv'
[7.933s] INFO:colcon.colcon_core.shell:Creating environment hook '/SLAM/ros_ws/install/astra_camera_msgs/share/astra_camera_msgs/hook/ld_library_path_lib.sh'
[7.933s] Level 1:colcon.colcon_core.environment:checking '/SLAM/ros_ws/install/astra_camera_msgs/bin'
[7.933s] Level 1:colcon.colcon_core.environment:checking '/SLAM/ros_ws/install/astra_camera_msgs/lib/pkgconfig/astra_camera_msgs.pc'
[7.933s] Level 1:colcon.colcon_core.environment:checking '/SLAM/ros_ws/install/astra_camera_msgs/lib/python3.10/site-packages'
[7.933s] Level 1:colcon.colcon_core.environment:checking '/SLAM/ros_ws/install/astra_camera_msgs/bin'
[7.944s] INFO:colcon.colcon_core.shell:Creating package script '/SLAM/ros_ws/install/astra_camera_msgs/share/astra_camera_msgs/package.ps1'
[7.944s] INFO:colcon.colcon_core.shell:Creating package descriptor '/SLAM/ros_ws/install/astra_camera_msgs/share/astra_camera_msgs/package.dsv'
[7.945s] INFO:colcon.colcon_core.shell:Creating package script '/SLAM/ros_ws/install/astra_camera_msgs/share/astra_camera_msgs/package.sh'
[7.945s] INFO:colcon.colcon_core.shell:Creating package script '/SLAM/ros_ws/install/astra_camera_msgs/share/astra_camera_msgs/package.bash'
[7.945s] INFO:colcon.colcon_core.shell:Creating package script '/SLAM/ros_ws/install/astra_camera_msgs/share/astra_camera_msgs/package.zsh'
[7.946s] Level 1:colcon.colcon_core.environment:create_file_with_runtime_dependencies(/SLAM/ros_ws/install/astra_camera_msgs/share/colcon-core/packages/astra_camera_msgs)
[7.946s] INFO:colcon.colcon_ros.task.ament_cmake.build:Building ROS package in '/SLAM/ros_ws/src/ros2_astra_camera/astra_camera' with build type 'ament_cmake'
[7.946s] INFO:colcon.colcon_cmake.task.cmake.build:Building CMake package in '/SLAM/ros_ws/src/ros2_astra_camera/astra_camera'
[7.957s] INFO:colcon.colcon_core.shell:Skip shell extension 'powershell' for command environment: Not usable outside of PowerShell
[7.957s] DEBUG:colcon.colcon_core.shell:Skip shell extension 'dsv' for command environment
[7.990s] DEBUG:colcon.colcon_core.event_handler.log_command:Invoking command in '/SLAM/ros_ws/build/astra_camera': AMENT_PREFIX_PATH=/SLAM/ros_ws/install/astra_camera_msgs:${AMENT_PREFIX_PATH} CMAKE_PREFIX_PATH=/SLAM/ros_ws/install/astra_camera_msgs:/opt/ros/humble LD_LIBRARY_PATH=/SLAM/ros_ws/install/astra_camera_msgs/lib:${LD_LIBRARY_PATH} PYTHONPATH=/SLAM/ros_ws/install/astra_camera_msgs/local/lib/python3.10/dist-packages:${PYTHONPATH} /usr/bin/cmake /SLAM/ros_ws/src/ros2_astra_camera/astra_camera -DCMAKE_BUILD_TYPE=Release -DCMAKE_INSTALL_PREFIX=/SLAM/ros_ws/install/astra_camera
[8.843s] DEBUG:colcon.colcon_core.event_handler.log_command:Invoked command in '/SLAM/ros_ws/build/astra_camera' returned '1': AMENT_PREFIX_PATH=/SLAM/ros_ws/install/astra_camera_msgs:${AMENT_PREFIX_PATH} CMAKE_PREFIX_PATH=/SLAM/ros_ws/install/astra_camera_msgs:/opt/ros/humble LD_LIBRARY_PATH=/SLAM/ros_ws/install/astra_camera_msgs/lib:${LD_LIBRARY_PATH} PYTHONPATH=/SLAM/ros_ws/install/astra_camera_msgs/local/lib/python3.10/dist-packages:${PYTHONPATH} /usr/bin/cmake /SLAM/ros_ws/src/ros2_astra_camera/astra_camera -DCMAKE_BUILD_TYPE=Release -DCMAKE_INSTALL_PREFIX=/SLAM/ros_ws/install/astra_camera
[8.858s] Level 1:colcon.colcon_core.environment:create_environment_scripts_only(astra_camera)
[8.870s] Level 1:colcon.colcon_core.environment:checking '/SLAM/ros_ws/install/astra_camera' for CMake module files
[8.871s] Level 1:colcon.colcon_core.environment:checking '/SLAM/ros_ws/install/astra_camera' for CMake config files
[8.871s] Level 1:colcon.colcon_core.shell:create_environment_hook('astra_camera', 'cmake_prefix_path')
[8.882s] INFO:colcon.colcon_core.shell:Creating environment hook '/SLAM/ros_ws/install/astra_camera/share/astra_camera/hook/cmake_prefix_path.ps1'
[8.883s] INFO:colcon.colcon_core.shell:Creating environment descriptor '/SLAM/ros_ws/install/astra_camera/share/astra_camera/hook/cmake_prefix_path.dsv'
[8.883s] INFO:colcon.colcon_core.shell:Creating environment hook '/SLAM/ros_ws/install/astra_camera/share/astra_camera/hook/cmake_prefix_path.sh'
[8.884s] Level 1:colcon.colcon_core.environment:checking '/SLAM/ros_ws/install/astra_camera/lib'
[8.884s] Level 1:colcon.colcon_core.shell:create_environment_hook('astra_camera', 'ld_library_path_lib')
[8.897s] INFO:colcon.colcon_core.shell:Creating environment hook '/SLAM/ros_ws/install/astra_camera/share/astra_camera/hook/ld_library_path_lib.ps1'
[8.897s] INFO:colcon.colcon_core.shell:Creating environment descriptor '/SLAM/ros_ws/install/astra_camera/share/astra_camera/hook/ld_library_path_lib.dsv'
[8.898s] INFO:colcon.colcon_core.shell:Creating environment hook '/SLAM/ros_ws/install/astra_camera/share/astra_camera/hook/ld_library_path_lib.sh'
[8.898s] Level 1:colcon.colcon_core.environment:checking '/SLAM/ros_ws/install/astra_camera/bin'
[8.898s] Level 1:colcon.colcon_core.environment:checking '/SLAM/ros_ws/install/astra_camera/lib/pkgconfig/astra_camera.pc'
[8.898s] Level 1:colcon.colcon_core.environment:checking '/SLAM/ros_ws/install/astra_camera/lib/python3.10/site-packages'
[8.898s] Level 1:colcon.colcon_core.environment:checking '/SLAM/ros_ws/install/astra_camera/bin'
[8.911s] INFO:colcon.colcon_core.shell:Creating package script '/SLAM/ros_ws/install/astra_camera/share/astra_camera/package.ps1'
[8.912s] INFO:colcon.colcon_core.shell:Creating package descriptor '/SLAM/ros_ws/install/astra_camera/share/astra_camera/package.dsv'
[8.912s] INFO:colcon.colcon_core.shell:Creating package script '/SLAM/ros_ws/install/astra_camera/share/astra_camera/package.sh'
[8.913s] INFO:colcon.colcon_core.shell:Creating package script '/SLAM/ros_ws/install/astra_camera/share/astra_camera/package.bash'
[8.913s] INFO:colcon.colcon_core.shell:Creating package script '/SLAM/ros_ws/install/astra_camera/share/astra_camera/package.zsh'
[8.914s] Level 1:colcon.colcon_core.environment:create_file_with_runtime_dependencies(/SLAM/ros_ws/install/astra_camera/share/colcon-core/packages/astra_camera)
[12.190s] DEBUG:colcon.colcon_parallel_executor.executor.parallel:closing loop
[12.191s] DEBUG:colcon.colcon_parallel_executor.executor.parallel:loop closed
[12.191s] DEBUG:colcon.colcon_parallel_executor.executor.parallel:run_until_complete finished with '1'
[12.191s] DEBUG:colcon.colcon_core.event_reactor:joining thread
[12.206s] INFO:colcon.colcon_core.plugin_system:Skipping extension 'colcon_notification.desktop_notification.notify_send': Could not find 'notify-send'
[12.207s] INFO:colcon.colcon_core.plugin_system:Skipping extension 'colcon_notification.desktop_notification.terminal_notifier': Not used on non-Darwin systems
[12.207s] INFO:colcon.colcon_core.plugin_system:Skipping extension 'colcon_notification.desktop_notification.win32': Not used on non-Windows systems
[12.207s] INFO:colcon.colcon_notification.desktop_notification:Sending desktop notification using 'notify2'
[12.210s] DEBUG:colcon.colcon_notification.desktop_notification.notify2:Failed to initialize notify2: org.freedesktop.DBus.Error.Spawn.ExecFailed: /usr/bin/dbus-launch terminated abnormally without any error message
[12.210s] DEBUG:colcon.colcon_core.event_reactor:joined thread
[12.221s] INFO:colcon.colcon_core.shell:Creating prefix script '/SLAM/ros_ws/install/local_setup.ps1'
[12.222s] INFO:colcon.colcon_core.shell:Creating prefix util module '/SLAM/ros_ws/install/_local_setup_util_ps1.py'
[12.223s] INFO:colcon.colcon_core.shell:Creating prefix chain script '/SLAM/ros_ws/install/setup.ps1'
[12.233s] INFO:colcon.colcon_core.shell:Creating prefix script '/SLAM/ros_ws/install/local_setup.sh'
[12.234s] INFO:colcon.colcon_core.shell:Creating prefix util module '/SLAM/ros_ws/install/_local_setup_util_sh.py'
[12.234s] INFO:colcon.colcon_core.shell:Creating prefix chain script '/SLAM/ros_ws/install/setup.sh'
[12.244s] INFO:colcon.colcon_core.shell:Creating prefix script '/SLAM/ros_ws/install/local_setup.bash'
[12.244s] INFO:colcon.colcon_core.shell:Creating prefix chain script '/SLAM/ros_ws/install/setup.bash'
[12.255s] INFO:colcon.colcon_core.shell:Creating prefix script '/SLAM/ros_ws/install/local_setup.zsh'
[12.255s] INFO:colcon.colcon_core.shell:Creating prefix chain script '/SLAM/ros_ws/install/setup.zsh'
