[0.000000] (-) TimerEvent: {}
[0.000380] (-) JobUnselected: {'identifier': 'astra_camera'}
[0.000425] (-) JobUnselected: {'identifier': 'astra_camera_msgs'}
[0.000447] (-) JobUnselected: {'identifier': 'camera_calibration'}
[0.000471] (-) JobUnselected: {'identifier': 'depth_image_proc'}
[0.000505] (-) JobUnselected: {'identifier': 'image_pipeline'}
[0.000730] (-) JobUnselected: {'identifier': 'image_proc'}
[0.000773] (-) JobUnselected: {'identifier': 'image_publisher'}
[0.000863] (-) JobUnselected: {'identifier': 'image_rotate'}
[0.000901] (-) JobUnselected: {'identifier': 'image_view'}
[0.000931] (-) JobUnselected: {'identifier': 'rtabmap'}
[0.000984] (-) JobUnselected: {'identifier': 'rtabmap_conversions'}
[0.001004] (-) JobUnselected: {'identifier': 'rtabmap_demos'}
[0.001030] (-) JobUnselected: {'identifier': 'rtabmap_examples'}
[0.001174] (-) JobUnselected: {'identifier': 'rtabmap_msgs'}
[0.001214] (-) JobUnselected: {'identifier': 'rtabmap_odom'}
[0.001290] (-) JobUnselected: {'identifier': 'rtabmap_python'}
[0.001310] (-) JobUnselected: {'identifier': 'rtabmap_ros'}
[0.001406] (-) JobUnselected: {'identifier': 'rtabmap_rviz_plugins'}
[0.001434] (-) JobUnselected: {'identifier': 'rtabmap_slam'}
[0.001464] (-) JobUnselected: {'identifier': 'rtabmap_sync'}
[0.001483] (-) JobUnselected: {'identifier': 'rtabmap_util'}
[0.001568] (-) JobUnselected: {'identifier': 'rtabmap_viz'}
[0.001589] (-) JobUnselected: {'identifier': 'sllidar_ros2'}
[0.001620] (-) JobUnselected: {'identifier': 'stereo_image_proc'}
[0.001693] (-) JobUnselected: {'identifier': 'tracetools_image_pipeline'}
[0.001734] (rtabmap_launch) JobQueued: {'identifier': 'rtabmap_launch', 'dependencies': OrderedDict([('rtabmap', '/SLAM/ros_ws/install/rtabmap'), ('rtabmap_msgs', '/SLAM/ros_ws/install/rtabmap_msgs'), ('rtabmap_conversions', '/SLAM/ros_ws/install/rtabmap_conversions'), ('rtabmap_rviz_plugins', '/SLAM/ros_ws/install/rtabmap_rviz_plugins'), ('rtabmap_sync', '/SLAM/ros_ws/install/rtabmap_sync'), ('rtabmap_util', '/SLAM/ros_ws/install/rtabmap_util'), ('rtabmap_odom', '/SLAM/ros_ws/install/rtabmap_odom'), ('rtabmap_slam', '/SLAM/ros_ws/install/rtabmap_slam'), ('rtabmap_viz', '/SLAM/ros_ws/install/rtabmap_viz')])}
[0.001778] (rtabmap_launch) JobStarted: {'identifier': 'rtabmap_launch'}
[0.059090] (rtabmap_launch) JobProgress: {'identifier': 'rtabmap_launch', 'progress': 'cmake'}
[0.059355] (rtabmap_launch) Command: {'cmd': ['/usr/bin/cmake', '/SLAM/ros_ws/src/rtabmap_ros/rtabmap_launch', '-DCMAKE_BUILD_TYPE=Release', '-DAMENT_CMAKE_SYMLINK_INSTALL=1', '-DCMAKE_INSTALL_PREFIX=/SLAM/ros_ws/install/rtabmap_launch'], 'cwd': '/SLAM/ros_ws/build/rtabmap_launch', 'env': OrderedDict([('HOSTNAME', 'acer'), ('GIT_ASKPASS', '/home/ros/.vscode-server/bin/0ee08df0cf4527e40edc9aa28f4b5bd38bbff2b2/extensions/git/dist/askpass.sh'), ('ROS_PACKAGE_PATH', '/SLAM/ros_ws/install/rtabmap_msgs/share'), ('SHLVL', '2'), ('LD_LIBRARY_PATH', '/SLAM/ros_ws/install/rtabmap_slam/lib:/SLAM/ros_ws/install/rtabmap_odom/lib:/SLAM/ros_ws/install/rtabmap_util/lib:/SLAM/ros_ws/install/rtabmap_sync/lib:/SLAM/ros_ws/install/rtabmap_rviz_plugins/lib:/SLAM/ros_ws/install/rtabmap_conversions/lib:/SLAM/ros_ws/install/rtabmap_msgs/lib:/SLAM/ros_ws/install/rtabmap/lib:/usr/lib/x86_64-linux-gnu/gazebo-11/plugins:/opt/ros/humble/opt/rviz_ogre_vendor/lib:/opt/ros/humble/lib/x86_64-linux-gnu:/opt/ros/humble/lib'), ('BROWSER', '/home/ros/.vscode-server/bin/0ee08df0cf4527e40edc9aa28f4b5bd38bbff2b2/bin/helpers/browser.sh'), ('HOME', '/home/ros'), ('OLDPWD', '/SLAM'), ('TERM_PROGRAM_VERSION', '1.85.1'), ('VSCODE_IPC_HOOK_CLI', '/tmp/vscode-ipc-b767ac96-efed-4f0f-95be-a2aa688262b3.sock'), ('ROS_PYTHON_VERSION', '3'), ('VSCODE_GIT_ASKPASS_MAIN', '/home/ros/.vscode-server/bin/0ee08df0cf4527e40edc9aa28f4b5bd38bbff2b2/extensions/git/dist/askpass-main.js'), ('VSCODE_GIT_ASKPASS_NODE', '/home/ros/.vscode-server/bin/0ee08df0cf4527e40edc9aa28f4b5bd38bbff2b2/node'), ('MAKEFLAGS', '-j6'), ('COLORTERM', 'truecolor'), ('REMOTE_CONTAINERS', 'true'), ('ROS_DISTRO', 'humble'), ('REMOTE_CONTAINERS_IPC', '/tmp/vscode-remote-containers-ipc-9ab2f5d1-353e-48b2-a529-a74e9f1ed1d2.sock'), ('_', '/usr/bin/colcon'), ('ROS_VERSION', '2'), ('PKG_CONFIG_PATH', '/SLAM/ros_ws/install/rtabmap_msgs/lib/x86_64-linux-gnu/pkgconfig:/SLAM/ros_ws/install/rtabmap_msgs/lib/pkgconfig:/SLAM/ros_ws/install/rtabmap/lib/x86_64-linux-gnu/pkgconfig:/SLAM/ros_ws/install/rtabmap/lib/pkgconfig'), ('TERM', 'xterm-256color'), ('ROS_LOCALHOST_ONLY', '0'), ('PATH', '/SLAM/ros_ws/install/rtabmap/bin:/home/ros/.vscode-server/bin/0ee08df0cf4527e40edc9aa28f4b5bd38bbff2b2/bin/remote-cli:/opt/ros/humble/bin:/usr/local/sbin:/usr/local/bin:/usr/sbin:/usr/bin:/sbin:/bin'), ('REMOTE_CONTAINERS_SOCKETS', '["/tmp/vscode-ssh-auth-9ab2f5d1-353e-48b2-a529-a74e9f1ed1d2.sock","/tmp/.X11-unix/X0","/home/ros/.gnupg/S.gpg-agent"]'), ('DISPLAY', ':1'), ('LANG', 'C.UTF-8'), ('VSCODE_GIT_IPC_HANDLE', '/tmp/vscode-git-300c5a9faf.sock'), ('TERM_PROGRAM', 'vscode'), ('SSH_AUTH_SOCK', '/tmp/vscode-ssh-auth-9ab2f5d1-353e-48b2-a529-a74e9f1ed1d2.sock'), ('AMENT_PREFIX_PATH', '/SLAM/ros_ws/install/rtabmap_viz:/SLAM/ros_ws/install/rtabmap_slam:/SLAM/ros_ws/install/rtabmap_odom:/SLAM/ros_ws/install/rtabmap_util:/SLAM/ros_ws/install/rtabmap_sync:/SLAM/ros_ws/install/rtabmap_rviz_plugins:/SLAM/ros_ws/install/rtabmap_conversions:/opt/ros/humble'), ('REMOTE_CONTAINERS_DISPLAY_SOCK', '/tmp/.X11-unix/X0'), ('SHELL', '/bin/bash'), ('VSCODE_GIT_ASKPASS_EXTRA_ARGS', ''), ('PWD', '/SLAM/ros_ws/build/rtabmap_launch'), ('LC_ALL', 'C.UTF-8'), ('PYTHONPATH', '/SLAM/ros_ws/install/rtabmap_msgs/local/lib/python3.10/dist-packages:/opt/ros/humble/lib/python3.10/site-packages:/opt/ros/humble/local/lib/python3.10/dist-packages'), ('COLCON', '1'), ('CMAKE_PREFIX_PATH', '/SLAM/ros_ws/install/rtabmap_viz:/SLAM/ros_ws/install/rtabmap_slam:/SLAM/ros_ws/install/rtabmap_odom:/SLAM/ros_ws/install/rtabmap_util:/SLAM/ros_ws/install/rtabmap_sync:/SLAM/ros_ws/install/rtabmap_rviz_plugins:/SLAM/ros_ws/install/rtabmap_conversions:/opt/ros/humble:/SLAM/ros_ws/install/rtabmap_msgs:/SLAM/ros_ws/install/rtabmap')]), 'shell': False}
[0.099550] (-) TimerEvent: {}
[0.114288] (rtabmap_launch) StdoutLine: {'line': b'-- The C compiler identification is GNU 11.4.0\n'}
[0.163854] (rtabmap_launch) StdoutLine: {'line': b'-- The CXX compiler identification is GNU 11.4.0\n'}
[0.170658] (rtabmap_launch) StdoutLine: {'line': b'-- Detecting C compiler ABI info\n'}
[0.199656] (-) TimerEvent: {}
[0.243620] (rtabmap_launch) StdoutLine: {'line': b'-- Detecting C compiler ABI info - done\n'}
[0.248946] (rtabmap_launch) StdoutLine: {'line': b'-- Check for working C compiler: /usr/bin/cc - skipped\n'}
[0.249167] (rtabmap_launch) StdoutLine: {'line': b'-- Detecting C compile features\n'}
[0.249421] (rtabmap_launch) StdoutLine: {'line': b'-- Detecting C compile features - done\n'}
[0.251919] (rtabmap_launch) StdoutLine: {'line': b'-- Detecting CXX compiler ABI info\n'}
[0.299766] (-) TimerEvent: {}
[0.330371] (rtabmap_launch) StdoutLine: {'line': b'-- Detecting CXX compiler ABI info - done\n'}
[0.335881] (rtabmap_launch) StdoutLine: {'line': b'-- Check for working CXX compiler: /usr/bin/c++ - skipped\n'}
[0.336083] (rtabmap_launch) StdoutLine: {'line': b'-- Detecting CXX compile features\n'}
[0.336429] (rtabmap_launch) StdoutLine: {'line': b'-- Detecting CXX compile features - done\n'}
[0.341045] (rtabmap_launch) StdoutLine: {'line': b'-- Found ament_cmake: 1.3.6 (/opt/ros/humble/share/ament_cmake/cmake)\n'}
[0.399862] (-) TimerEvent: {}
[0.485711] (rtabmap_launch) StdoutLine: {'line': b'-- Found Python3: /usr/bin/python3.10 (found version "3.10.12") found components: Interpreter \n'}
[0.499963] (-) TimerEvent: {}
[0.538092] (rtabmap_launch) StdoutLine: {'line': b'-- Override CMake install command with custom implementation using symlinks instead of copying resources\n'}
[0.600061] (-) TimerEvent: {}
[0.643874] (rtabmap_launch) StdoutLine: {'line': b'-- Configuring done\n'}
[0.646968] (rtabmap_launch) StdoutLine: {'line': b'-- Generating done\n'}
[0.647728] (rtabmap_launch) StdoutLine: {'line': b'-- Build files have been written to: /SLAM/ros_ws/build/rtabmap_launch\n'}
[0.652044] (rtabmap_launch) CommandEnded: {'returncode': 0}
[0.652563] (rtabmap_launch) JobProgress: {'identifier': 'rtabmap_launch', 'progress': 'build'}
[0.652992] (rtabmap_launch) Command: {'cmd': ['/usr/bin/cmake', '--build', '/SLAM/ros_ws/build/rtabmap_launch'], 'cwd': '/SLAM/ros_ws/build/rtabmap_launch', 'env': OrderedDict([('HOSTNAME', 'acer'), ('GIT_ASKPASS', '/home/ros/.vscode-server/bin/0ee08df0cf4527e40edc9aa28f4b5bd38bbff2b2/extensions/git/dist/askpass.sh'), ('ROS_PACKAGE_PATH', '/SLAM/ros_ws/install/rtabmap_msgs/share'), ('SHLVL', '2'), ('LD_LIBRARY_PATH', '/SLAM/ros_ws/install/rtabmap_slam/lib:/SLAM/ros_ws/install/rtabmap_odom/lib:/SLAM/ros_ws/install/rtabmap_util/lib:/SLAM/ros_ws/install/rtabmap_sync/lib:/SLAM/ros_ws/install/rtabmap_rviz_plugins/lib:/SLAM/ros_ws/install/rtabmap_conversions/lib:/SLAM/ros_ws/install/rtabmap_msgs/lib:/SLAM/ros_ws/install/rtabmap/lib:/usr/lib/x86_64-linux-gnu/gazebo-11/plugins:/opt/ros/humble/opt/rviz_ogre_vendor/lib:/opt/ros/humble/lib/x86_64-linux-gnu:/opt/ros/humble/lib'), ('BROWSER', '/home/ros/.vscode-server/bin/0ee08df0cf4527e40edc9aa28f4b5bd38bbff2b2/bin/helpers/browser.sh'), ('HOME', '/home/ros'), ('OLDPWD', '/SLAM'), ('TERM_PROGRAM_VERSION', '1.85.1'), ('VSCODE_IPC_HOOK_CLI', '/tmp/vscode-ipc-b767ac96-efed-4f0f-95be-a2aa688262b3.sock'), ('ROS_PYTHON_VERSION', '3'), ('VSCODE_GIT_ASKPASS_MAIN', '/home/ros/.vscode-server/bin/0ee08df0cf4527e40edc9aa28f4b5bd38bbff2b2/extensions/git/dist/askpass-main.js'), ('VSCODE_GIT_ASKPASS_NODE', '/home/ros/.vscode-server/bin/0ee08df0cf4527e40edc9aa28f4b5bd38bbff2b2/node'), ('MAKEFLAGS', '-j6'), ('COLORTERM', 'truecolor'), ('REMOTE_CONTAINERS', 'true'), ('ROS_DISTRO', 'humble'), ('REMOTE_CONTAINERS_IPC', '/tmp/vscode-remote-containers-ipc-9ab2f5d1-353e-48b2-a529-a74e9f1ed1d2.sock'), ('_', '/usr/bin/colcon'), ('ROS_VERSION', '2'), ('PKG_CONFIG_PATH', '/SLAM/ros_ws/install/rtabmap_msgs/lib/x86_64-linux-gnu/pkgconfig:/SLAM/ros_ws/install/rtabmap_msgs/lib/pkgconfig:/SLAM/ros_ws/install/rtabmap/lib/x86_64-linux-gnu/pkgconfig:/SLAM/ros_ws/install/rtabmap/lib/pkgconfig'), ('TERM', 'xterm-256color'), ('ROS_LOCALHOST_ONLY', '0'), ('PATH', '/SLAM/ros_ws/install/rtabmap/bin:/home/ros/.vscode-server/bin/0ee08df0cf4527e40edc9aa28f4b5bd38bbff2b2/bin/remote-cli:/opt/ros/humble/bin:/usr/local/sbin:/usr/local/bin:/usr/sbin:/usr/bin:/sbin:/bin'), ('REMOTE_CONTAINERS_SOCKETS', '["/tmp/vscode-ssh-auth-9ab2f5d1-353e-48b2-a529-a74e9f1ed1d2.sock","/tmp/.X11-unix/X0","/home/ros/.gnupg/S.gpg-agent"]'), ('DISPLAY', ':1'), ('LANG', 'C.UTF-8'), ('VSCODE_GIT_IPC_HANDLE', '/tmp/vscode-git-300c5a9faf.sock'), ('TERM_PROGRAM', 'vscode'), ('SSH_AUTH_SOCK', '/tmp/vscode-ssh-auth-9ab2f5d1-353e-48b2-a529-a74e9f1ed1d2.sock'), ('AMENT_PREFIX_PATH', '/SLAM/ros_ws/install/rtabmap_viz:/SLAM/ros_ws/install/rtabmap_slam:/SLAM/ros_ws/install/rtabmap_odom:/SLAM/ros_ws/install/rtabmap_util:/SLAM/ros_ws/install/rtabmap_sync:/SLAM/ros_ws/install/rtabmap_rviz_plugins:/SLAM/ros_ws/install/rtabmap_conversions:/opt/ros/humble'), ('REMOTE_CONTAINERS_DISPLAY_SOCK', '/tmp/.X11-unix/X0'), ('SHELL', '/bin/bash'), ('VSCODE_GIT_ASKPASS_EXTRA_ARGS', ''), ('PWD', '/SLAM/ros_ws/build/rtabmap_launch'), ('LC_ALL', 'C.UTF-8'), ('PYTHONPATH', '/SLAM/ros_ws/install/rtabmap_msgs/local/lib/python3.10/dist-packages:/opt/ros/humble/lib/python3.10/site-packages:/opt/ros/humble/local/lib/python3.10/dist-packages'), ('COLCON', '1'), ('CMAKE_PREFIX_PATH', '/SLAM/ros_ws/install/rtabmap_viz:/SLAM/ros_ws/install/rtabmap_slam:/SLAM/ros_ws/install/rtabmap_odom:/SLAM/ros_ws/install/rtabmap_util:/SLAM/ros_ws/install/rtabmap_sync:/SLAM/ros_ws/install/rtabmap_rviz_plugins:/SLAM/ros_ws/install/rtabmap_conversions:/opt/ros/humble:/SLAM/ros_ws/install/rtabmap_msgs:/SLAM/ros_ws/install/rtabmap')]), 'shell': False}
[0.694365] (rtabmap_launch) CommandEnded: {'returncode': 0}
[0.700124] (-) TimerEvent: {}
[0.717265] (rtabmap_launch) JobProgress: {'identifier': 'rtabmap_launch', 'progress': 'install'}
[0.726184] (rtabmap_launch) Command: {'cmd': ['/usr/bin/cmake', '--install', '/SLAM/ros_ws/build/rtabmap_launch'], 'cwd': '/SLAM/ros_ws/build/rtabmap_launch', 'env': OrderedDict([('HOSTNAME', 'acer'), ('GIT_ASKPASS', '/home/ros/.vscode-server/bin/0ee08df0cf4527e40edc9aa28f4b5bd38bbff2b2/extensions/git/dist/askpass.sh'), ('ROS_PACKAGE_PATH', '/SLAM/ros_ws/install/rtabmap_msgs/share'), ('SHLVL', '2'), ('LD_LIBRARY_PATH', '/SLAM/ros_ws/install/rtabmap_slam/lib:/SLAM/ros_ws/install/rtabmap_odom/lib:/SLAM/ros_ws/install/rtabmap_util/lib:/SLAM/ros_ws/install/rtabmap_sync/lib:/SLAM/ros_ws/install/rtabmap_rviz_plugins/lib:/SLAM/ros_ws/install/rtabmap_conversions/lib:/SLAM/ros_ws/install/rtabmap_msgs/lib:/SLAM/ros_ws/install/rtabmap/lib:/usr/lib/x86_64-linux-gnu/gazebo-11/plugins:/opt/ros/humble/opt/rviz_ogre_vendor/lib:/opt/ros/humble/lib/x86_64-linux-gnu:/opt/ros/humble/lib'), ('BROWSER', '/home/ros/.vscode-server/bin/0ee08df0cf4527e40edc9aa28f4b5bd38bbff2b2/bin/helpers/browser.sh'), ('HOME', '/home/ros'), ('OLDPWD', '/SLAM'), ('TERM_PROGRAM_VERSION', '1.85.1'), ('VSCODE_IPC_HOOK_CLI', '/tmp/vscode-ipc-b767ac96-efed-4f0f-95be-a2aa688262b3.sock'), ('ROS_PYTHON_VERSION', '3'), ('VSCODE_GIT_ASKPASS_MAIN', '/home/ros/.vscode-server/bin/0ee08df0cf4527e40edc9aa28f4b5bd38bbff2b2/extensions/git/dist/askpass-main.js'), ('VSCODE_GIT_ASKPASS_NODE', '/home/ros/.vscode-server/bin/0ee08df0cf4527e40edc9aa28f4b5bd38bbff2b2/node'), ('MAKEFLAGS', '-j6'), ('COLORTERM', 'truecolor'), ('REMOTE_CONTAINERS', 'true'), ('ROS_DISTRO', 'humble'), ('REMOTE_CONTAINERS_IPC', '/tmp/vscode-remote-containers-ipc-9ab2f5d1-353e-48b2-a529-a74e9f1ed1d2.sock'), ('_', '/usr/bin/colcon'), ('ROS_VERSION', '2'), ('PKG_CONFIG_PATH', '/SLAM/ros_ws/install/rtabmap_msgs/lib/x86_64-linux-gnu/pkgconfig:/SLAM/ros_ws/install/rtabmap_msgs/lib/pkgconfig:/SLAM/ros_ws/install/rtabmap/lib/x86_64-linux-gnu/pkgconfig:/SLAM/ros_ws/install/rtabmap/lib/pkgconfig'), ('TERM', 'xterm-256color'), ('ROS_LOCALHOST_ONLY', '0'), ('PATH', '/SLAM/ros_ws/install/rtabmap/bin:/home/ros/.vscode-server/bin/0ee08df0cf4527e40edc9aa28f4b5bd38bbff2b2/bin/remote-cli:/opt/ros/humble/bin:/usr/local/sbin:/usr/local/bin:/usr/sbin:/usr/bin:/sbin:/bin'), ('REMOTE_CONTAINERS_SOCKETS', '["/tmp/vscode-ssh-auth-9ab2f5d1-353e-48b2-a529-a74e9f1ed1d2.sock","/tmp/.X11-unix/X0","/home/ros/.gnupg/S.gpg-agent"]'), ('DISPLAY', ':1'), ('LANG', 'C.UTF-8'), ('VSCODE_GIT_IPC_HANDLE', '/tmp/vscode-git-300c5a9faf.sock'), ('TERM_PROGRAM', 'vscode'), ('SSH_AUTH_SOCK', '/tmp/vscode-ssh-auth-9ab2f5d1-353e-48b2-a529-a74e9f1ed1d2.sock'), ('AMENT_PREFIX_PATH', '/SLAM/ros_ws/install/rtabmap_viz:/SLAM/ros_ws/install/rtabmap_slam:/SLAM/ros_ws/install/rtabmap_odom:/SLAM/ros_ws/install/rtabmap_util:/SLAM/ros_ws/install/rtabmap_sync:/SLAM/ros_ws/install/rtabmap_rviz_plugins:/SLAM/ros_ws/install/rtabmap_conversions:/opt/ros/humble'), ('REMOTE_CONTAINERS_DISPLAY_SOCK', '/tmp/.X11-unix/X0'), ('SHELL', '/bin/bash'), ('VSCODE_GIT_ASKPASS_EXTRA_ARGS', ''), ('PWD', '/SLAM/ros_ws/build/rtabmap_launch'), ('LC_ALL', 'C.UTF-8'), ('PYTHONPATH', '/SLAM/ros_ws/install/rtabmap_msgs/local/lib/python3.10/dist-packages:/opt/ros/humble/lib/python3.10/site-packages:/opt/ros/humble/local/lib/python3.10/dist-packages'), ('COLCON', '1'), ('CMAKE_PREFIX_PATH', '/SLAM/ros_ws/install/rtabmap_viz:/SLAM/ros_ws/install/rtabmap_slam:/SLAM/ros_ws/install/rtabmap_odom:/SLAM/ros_ws/install/rtabmap_util:/SLAM/ros_ws/install/rtabmap_sync:/SLAM/ros_ws/install/rtabmap_rviz_plugins:/SLAM/ros_ws/install/rtabmap_conversions:/opt/ros/humble:/SLAM/ros_ws/install/rtabmap_msgs:/SLAM/ros_ws/install/rtabmap')]), 'shell': False}
[0.734152] (rtabmap_launch) StdoutLine: {'line': b'-- Install configuration: "Release"\n'}
[0.734541] (rtabmap_launch) StdoutLine: {'line': b'-- Execute custom install script\n'}
[0.734991] (rtabmap_launch) StdoutLine: {'line': b'-- Symlinking: /SLAM/ros_ws/install/rtabmap_launch/share/rtabmap_launch/launch/config/rgbd.rviz\n'}
[0.743992] (rtabmap_launch) StdoutLine: {'line': b'-- Symlinking: /SLAM/ros_ws/install/rtabmap_launch/share/rtabmap_launch/launch/rtabmap.launch.py\n'}
[0.753172] (rtabmap_launch) StdoutLine: {'line': b'-- Symlinking: /SLAM/ros_ws/install/rtabmap_launch/share/ament_index/resource_index/package_run_dependencies/rtabmap_launch\n'}
[0.762274] (rtabmap_launch) StdoutLine: {'line': b'-- Symlinking: /SLAM/ros_ws/install/rtabmap_launch/share/ament_index/resource_index/parent_prefix_path/rtabmap_launch\n'}
[0.771044] (rtabmap_launch) StdoutLine: {'line': b'-- Symlinking: /SLAM/ros_ws/install/rtabmap_launch/share/rtabmap_launch/environment/ament_prefix_path.sh\n'}
[0.779976] (rtabmap_launch) StdoutLine: {'line': b'-- Symlinking: /SLAM/ros_ws/install/rtabmap_launch/share/rtabmap_launch/environment/ament_prefix_path.dsv\n'}
[0.788485] (rtabmap_launch) StdoutLine: {'line': b'-- Symlinking: /SLAM/ros_ws/install/rtabmap_launch/share/rtabmap_launch/environment/path.sh\n'}
[0.796900] (rtabmap_launch) StdoutLine: {'line': b'-- Symlinking: /SLAM/ros_ws/install/rtabmap_launch/share/rtabmap_launch/environment/path.dsv\n'}
[0.800205] (-) TimerEvent: {}
[0.805402] (rtabmap_launch) StdoutLine: {'line': b'-- Symlinking: /SLAM/ros_ws/install/rtabmap_launch/share/rtabmap_launch/local_setup.bash\n'}
[0.816058] (rtabmap_launch) StdoutLine: {'line': b'-- Symlinking: /SLAM/ros_ws/install/rtabmap_launch/share/rtabmap_launch/local_setup.sh\n'}
[0.826719] (rtabmap_launch) StdoutLine: {'line': b'-- Symlinking: /SLAM/ros_ws/install/rtabmap_launch/share/rtabmap_launch/local_setup.zsh\n'}
[0.835859] (rtabmap_launch) StdoutLine: {'line': b'-- Symlinking: /SLAM/ros_ws/install/rtabmap_launch/share/rtabmap_launch/local_setup.dsv\n'}
[0.845337] (rtabmap_launch) StdoutLine: {'line': b'-- Symlinking: /SLAM/ros_ws/install/rtabmap_launch/share/rtabmap_launch/package.dsv\n'}
[0.853645] (rtabmap_launch) StdoutLine: {'line': b'-- Symlinking: /SLAM/ros_ws/install/rtabmap_launch/share/ament_index/resource_index/packages/rtabmap_launch\n'}
[0.862427] (rtabmap_launch) StdoutLine: {'line': b'-- Symlinking: /SLAM/ros_ws/install/rtabmap_launch/share/rtabmap_launch/cmake/rtabmap_launchConfig.cmake\n'}
[0.871319] (rtabmap_launch) StdoutLine: {'line': b'-- Symlinking: /SLAM/ros_ws/install/rtabmap_launch/share/rtabmap_launch/cmake/rtabmap_launchConfig-version.cmake\n'}
[0.879686] (rtabmap_launch) StdoutLine: {'line': b'-- Symlinking: /SLAM/ros_ws/install/rtabmap_launch/share/rtabmap_launch/package.xml\n'}
[0.889665] (rtabmap_launch) CommandEnded: {'returncode': 0}
[0.900328] (-) TimerEvent: {}
[1.000198] (rtabmap_launch) JobEnded: {'identifier': 'rtabmap_launch', 'rc': 0}
[1.000776] (-) TimerEvent: {}
[1.000840] (-) EventReactorShutdown: {}
