[0.000000] (-) TimerEvent: {}
[0.000261] (astra_camera_msgs) JobQueued: {'identifier': 'astra_camera_msgs', 'dependencies': OrderedDict()}
[0.000295] (sllidar_ros2) JobQueued: {'identifier': 'sllidar_ros2', 'dependencies': OrderedDict()}
[0.000357] (astra_camera) JobQueued: {'identifier': 'astra_camera', 'dependencies': OrderedDict([('astra_camera_msgs', '/SLAM/ros_ws/install/astra_camera_msgs')])}
[0.000433] (astra_camera_msgs) JobStarted: {'identifier': 'astra_camera_msgs'}
[0.048815] (sllidar_ros2) JobStarted: {'identifier': 'sllidar_ros2'}
[0.094774] (astra_camera_msgs) JobProgress: {'identifier': 'astra_camera_msgs', 'progress': 'cmake'}
[0.095243] (astra_camera_msgs) JobProgress: {'identifier': 'astra_camera_msgs', 'progress': 'build'}
[0.095749] (astra_camera_msgs) Command: {'cmd': ['/usr/bin/cmake', '--build', '/SLAM/ros_ws/build/astra_camera_msgs', '--', '-j16', '-l16'], 'cwd': '/SLAM/ros_ws/build/astra_camera_msgs', 'env': OrderedDict([('HOSTNAME', 'acer'), ('GIT_ASKPASS', '/home/ros/.vscode-server/bin/0ee08df0cf4527e40edc9aa28f4b5bd38bbff2b2/extensions/git/dist/askpass.sh'), ('SHLVL', '2'), ('LD_LIBRARY_PATH', '/SLAM/ros_ws/install/orbbec_camera/lib:/SLAM/ros_ws/install/orbbec_camera_msgs/lib:/SLAM/ros_ws/install/libuvc/lib:/SLAM/ros_ws/install/glog/lib:/SLAM/ros_ws/install/astra_camera/lib:/SLAM/ros_ws/install/astra_camera_msgs/lib:/opt/ros/humble/opt/rviz_ogre_vendor/lib:/opt/ros/humble/lib/x86_64-linux-gnu:/opt/ros/humble/lib'), ('BROWSER', '/home/ros/.vscode-server/bin/0ee08df0cf4527e40edc9aa28f4b5bd38bbff2b2/bin/helpers/browser.sh'), ('HOME', '/home/ros'), ('OLDPWD', '/SLAM'), ('TERM_PROGRAM_VERSION', '1.85.1'), ('VSCODE_IPC_HOOK_CLI', '/tmp/vscode-ipc-8d7698d7-3833-41de-b151-ee3bad069a1e.sock'), ('ROS_PYTHON_VERSION', '3'), ('VSCODE_GIT_ASKPASS_MAIN', '/home/ros/.vscode-server/bin/0ee08df0cf4527e40edc9aa28f4b5bd38bbff2b2/extensions/git/dist/askpass-main.js'), ('VSCODE_GIT_ASKPASS_NODE', '/home/ros/.vscode-server/bin/0ee08df0cf4527e40edc9aa28f4b5bd38bbff2b2/node'), ('COLORTERM', 'truecolor'), ('REMOTE_CONTAINERS', 'true'), ('COLCON_PREFIX_PATH', '/SLAM/ros_ws/install'), ('ROS_DISTRO', 'humble'), ('REMOTE_CONTAINERS_IPC', '/tmp/vscode-remote-containers-ipc-47dcc86f-6451-4208-abf8-610d9e93ead7.sock'), ('_', '/usr/bin/colcon'), ('ROS_VERSION', '2'), ('PKG_CONFIG_PATH', '/SLAM/ros_ws/install/magic_enum/lib/x86_64-linux-gnu/pkgconfig:/SLAM/ros_ws/install/magic_enum/lib/pkgconfig:/SLAM/ros_ws/install/libuvc/lib/pkgconfig'), ('TERM', 'xterm-256color'), ('ROS_LOCALHOST_ONLY', '0'), ('PATH', '/home/ros/.vscode-server/bin/0ee08df0cf4527e40edc9aa28f4b5bd38bbff2b2/bin/remote-cli:/opt/ros/humble/bin:/usr/local/sbin:/usr/local/bin:/usr/sbin:/usr/bin:/sbin:/bin'), ('REMOTE_CONTAINERS_SOCKETS', '["/tmp/vscode-ssh-auth-47dcc86f-6451-4208-abf8-610d9e93ead7.sock","/tmp/.X11-unix/X22","/home/ros/.gnupg/S.gpg-agent"]'), ('DISPLAY', ':1'), ('LANG', 'C.UTF-8'), ('VSCODE_GIT_IPC_HANDLE', '/tmp/vscode-git-300c5a9faf.sock'), ('TERM_PROGRAM', 'vscode'), ('SSH_AUTH_SOCK', '/tmp/vscode-ssh-auth-47dcc86f-6451-4208-abf8-610d9e93ead7.sock'), ('AMENT_PREFIX_PATH', '/SLAM/ros_ws/install/sllidar_ros2:/SLAM/ros_ws/install/orbbec_description:/SLAM/ros_ws/install/orbbec_camera:/SLAM/ros_ws/install/orbbec_camera_msgs:/SLAM/ros_ws/install/astra_camera:/SLAM/ros_ws/install/astra_camera_msgs:/opt/ros/humble'), ('REMOTE_CONTAINERS_DISPLAY_SOCK', '/tmp/.X11-unix/X22'), ('SHELL', '/bin/bash'), ('CMAKE_MODULE_PATH', '/SLAM/ros_ws/install/libuvc/lib/cmake/libuvc:/SLAM/ros_ws/install/glog/share/glog/cmake'), ('VSCODE_GIT_ASKPASS_EXTRA_ARGS', ''), ('PWD', '/SLAM/ros_ws/build/astra_camera_msgs'), ('LC_ALL', 'C.UTF-8'), ('PYTHONPATH', '/SLAM/ros_ws/install/orbbec_camera_msgs/local/lib/python3.10/dist-packages:/SLAM/ros_ws/install/astra_camera_msgs/local/lib/python3.10/dist-packages:/opt/ros/humble/lib/python3.10/site-packages:/opt/ros/humble/local/lib/python3.10/dist-packages'), ('COLCON', '1'), ('CMAKE_PREFIX_PATH', '/SLAM/ros_ws/install/sllidar_ros2:/SLAM/ros_ws/install/orbbec_description:/SLAM/ros_ws/install/orbbec_camera:/SLAM/ros_ws/install/orbbec_camera_msgs:/SLAM/ros_ws/install/magic_enum:/SLAM/ros_ws/install/libuvc:/SLAM/ros_ws/install/glog:/SLAM/ros_ws/install/astra_camera:/SLAM/ros_ws/install/astra_camera_msgs:/opt/ros/humble')]), 'shell': False}
[0.098373] (sllidar_ros2) JobProgress: {'identifier': 'sllidar_ros2', 'progress': 'cmake'}
[0.098793] (sllidar_ros2) JobProgress: {'identifier': 'sllidar_ros2', 'progress': 'build'}
[0.099067] (sllidar_ros2) Command: {'cmd': ['/usr/bin/cmake', '--build', '/SLAM/ros_ws/build/sllidar_ros2', '--', '-j16', '-l16'], 'cwd': '/SLAM/ros_ws/build/sllidar_ros2', 'env': OrderedDict([('HOSTNAME', 'acer'), ('GIT_ASKPASS', '/home/ros/.vscode-server/bin/0ee08df0cf4527e40edc9aa28f4b5bd38bbff2b2/extensions/git/dist/askpass.sh'), ('SHLVL', '2'), ('LD_LIBRARY_PATH', '/SLAM/ros_ws/install/orbbec_camera/lib:/SLAM/ros_ws/install/orbbec_camera_msgs/lib:/SLAM/ros_ws/install/libuvc/lib:/SLAM/ros_ws/install/glog/lib:/SLAM/ros_ws/install/astra_camera/lib:/SLAM/ros_ws/install/astra_camera_msgs/lib:/opt/ros/humble/opt/rviz_ogre_vendor/lib:/opt/ros/humble/lib/x86_64-linux-gnu:/opt/ros/humble/lib'), ('BROWSER', '/home/ros/.vscode-server/bin/0ee08df0cf4527e40edc9aa28f4b5bd38bbff2b2/bin/helpers/browser.sh'), ('HOME', '/home/ros'), ('OLDPWD', '/SLAM'), ('TERM_PROGRAM_VERSION', '1.85.1'), ('VSCODE_IPC_HOOK_CLI', '/tmp/vscode-ipc-8d7698d7-3833-41de-b151-ee3bad069a1e.sock'), ('ROS_PYTHON_VERSION', '3'), ('VSCODE_GIT_ASKPASS_MAIN', '/home/ros/.vscode-server/bin/0ee08df0cf4527e40edc9aa28f4b5bd38bbff2b2/extensions/git/dist/askpass-main.js'), ('VSCODE_GIT_ASKPASS_NODE', '/home/ros/.vscode-server/bin/0ee08df0cf4527e40edc9aa28f4b5bd38bbff2b2/node'), ('COLORTERM', 'truecolor'), ('REMOTE_CONTAINERS', 'true'), ('COLCON_PREFIX_PATH', '/SLAM/ros_ws/install'), ('ROS_DISTRO', 'humble'), ('REMOTE_CONTAINERS_IPC', '/tmp/vscode-remote-containers-ipc-47dcc86f-6451-4208-abf8-610d9e93ead7.sock'), ('_', '/usr/bin/colcon'), ('ROS_VERSION', '2'), ('PKG_CONFIG_PATH', '/SLAM/ros_ws/install/magic_enum/lib/x86_64-linux-gnu/pkgconfig:/SLAM/ros_ws/install/magic_enum/lib/pkgconfig:/SLAM/ros_ws/install/libuvc/lib/pkgconfig'), ('TERM', 'xterm-256color'), ('ROS_LOCALHOST_ONLY', '0'), ('PATH', '/home/ros/.vscode-server/bin/0ee08df0cf4527e40edc9aa28f4b5bd38bbff2b2/bin/remote-cli:/opt/ros/humble/bin:/usr/local/sbin:/usr/local/bin:/usr/sbin:/usr/bin:/sbin:/bin'), ('REMOTE_CONTAINERS_SOCKETS', '["/tmp/vscode-ssh-auth-47dcc86f-6451-4208-abf8-610d9e93ead7.sock","/tmp/.X11-unix/X22","/home/ros/.gnupg/S.gpg-agent"]'), ('DISPLAY', ':1'), ('LANG', 'C.UTF-8'), ('VSCODE_GIT_IPC_HANDLE', '/tmp/vscode-git-300c5a9faf.sock'), ('TERM_PROGRAM', 'vscode'), ('SSH_AUTH_SOCK', '/tmp/vscode-ssh-auth-47dcc86f-6451-4208-abf8-610d9e93ead7.sock'), ('AMENT_PREFIX_PATH', '/SLAM/ros_ws/install/sllidar_ros2:/SLAM/ros_ws/install/orbbec_description:/SLAM/ros_ws/install/orbbec_camera:/SLAM/ros_ws/install/orbbec_camera_msgs:/SLAM/ros_ws/install/astra_camera:/SLAM/ros_ws/install/astra_camera_msgs:/opt/ros/humble'), ('REMOTE_CONTAINERS_DISPLAY_SOCK', '/tmp/.X11-unix/X22'), ('SHELL', '/bin/bash'), ('CMAKE_MODULE_PATH', '/SLAM/ros_ws/install/libuvc/lib/cmake/libuvc:/SLAM/ros_ws/install/glog/share/glog/cmake'), ('VSCODE_GIT_ASKPASS_EXTRA_ARGS', ''), ('PWD', '/SLAM/ros_ws/build/sllidar_ros2'), ('LC_ALL', 'C.UTF-8'), ('PYTHONPATH', '/SLAM/ros_ws/install/orbbec_camera_msgs/local/lib/python3.10/dist-packages:/SLAM/ros_ws/install/astra_camera_msgs/local/lib/python3.10/dist-packages:/opt/ros/humble/lib/python3.10/site-packages:/opt/ros/humble/local/lib/python3.10/dist-packages'), ('COLCON', '1'), ('CMAKE_PREFIX_PATH', '/SLAM/ros_ws/install/sllidar_ros2:/SLAM/ros_ws/install/orbbec_description:/SLAM/ros_ws/install/orbbec_camera:/SLAM/ros_ws/install/orbbec_camera_msgs:/SLAM/ros_ws/install/magic_enum:/SLAM/ros_ws/install/libuvc:/SLAM/ros_ws/install/glog:/SLAM/ros_ws/install/astra_camera:/SLAM/ros_ws/install/astra_camera_msgs:/opt/ros/humble')]), 'shell': False}
[0.100200] (-) TimerEvent: {}
[0.154997] (astra_camera_msgs) StdoutLine: {'line': b'[  1%] Built target astra_camera_msgs__cpp\n'}
[0.157751] (astra_camera_msgs) StdoutLine: {'line': b'[ 12%] Built target astra_camera_msgs__rosidl_generator_c\n'}
[0.161385] (sllidar_ros2) StdoutLine: {'line': b'[ 10%] Built target sllidar_client\n'}
[0.166114] (sllidar_ros2) StdoutLine: {'line': b'[100%] Built target sllidar_node\n'}
[0.169586] (astra_camera_msgs) StdoutLine: {'line': b'[ 12%] Built target ament_cmake_python_copy_astra_camera_msgs\n'}
[0.183429] (sllidar_ros2) CommandEnded: {'returncode': 0}
[0.188203] (astra_camera_msgs) StdoutLine: {'line': b'[ 64%] Built target astra_camera_msgs__rosidl_typesupport_introspection_c\n'}
[0.188625] (astra_camera_msgs) StdoutLine: {'line': b'[ 64%] Built target astra_camera_msgs__rosidl_typesupport_fastrtps_c\n'}
[0.188781] (astra_camera_msgs) StdoutLine: {'line': b'[ 76%] Built target astra_camera_msgs__rosidl_typesupport_c\n'}
[0.188892] (astra_camera_msgs) StdoutLine: {'line': b'[ 80%] Built target astra_camera_msgs__rosidl_typesupport_fastrtps_cpp\n'}
[0.188982] (astra_camera_msgs) StdoutLine: {'line': b'[ 82%] Built target astra_camera_msgs__rosidl_typesupport_cpp\n'}
[0.189070] (astra_camera_msgs) StdoutLine: {'line': b'[ 82%] Built target astra_camera_msgs__rosidl_typesupport_introspection_cpp\n'}
[0.200298] (-) TimerEvent: {}
[0.213063] (astra_camera_msgs) StdoutLine: {'line': b'[ 82%] Built target astra_camera_msgs\n'}
[0.244236] (astra_camera_msgs) StdoutLine: {'line': b'[ 83%] Built target astra_camera_msgs__py\n'}
[0.267918] (sllidar_ros2) JobProgress: {'identifier': 'sllidar_ros2', 'progress': 'install'}
[0.274687] (astra_camera_msgs) StdoutLine: {'line': b'[ 93%] Built target astra_camera_msgs__rosidl_generator_py\n'}
[0.279070] (sllidar_ros2) Command: {'cmd': ['/usr/bin/cmake', '--install', '/SLAM/ros_ws/build/sllidar_ros2'], 'cwd': '/SLAM/ros_ws/build/sllidar_ros2', 'env': OrderedDict([('HOSTNAME', 'acer'), ('GIT_ASKPASS', '/home/ros/.vscode-server/bin/0ee08df0cf4527e40edc9aa28f4b5bd38bbff2b2/extensions/git/dist/askpass.sh'), ('SHLVL', '2'), ('LD_LIBRARY_PATH', '/SLAM/ros_ws/install/orbbec_camera/lib:/SLAM/ros_ws/install/orbbec_camera_msgs/lib:/SLAM/ros_ws/install/libuvc/lib:/SLAM/ros_ws/install/glog/lib:/SLAM/ros_ws/install/astra_camera/lib:/SLAM/ros_ws/install/astra_camera_msgs/lib:/opt/ros/humble/opt/rviz_ogre_vendor/lib:/opt/ros/humble/lib/x86_64-linux-gnu:/opt/ros/humble/lib'), ('BROWSER', '/home/ros/.vscode-server/bin/0ee08df0cf4527e40edc9aa28f4b5bd38bbff2b2/bin/helpers/browser.sh'), ('HOME', '/home/ros'), ('OLDPWD', '/SLAM'), ('TERM_PROGRAM_VERSION', '1.85.1'), ('VSCODE_IPC_HOOK_CLI', '/tmp/vscode-ipc-8d7698d7-3833-41de-b151-ee3bad069a1e.sock'), ('ROS_PYTHON_VERSION', '3'), ('VSCODE_GIT_ASKPASS_MAIN', '/home/ros/.vscode-server/bin/0ee08df0cf4527e40edc9aa28f4b5bd38bbff2b2/extensions/git/dist/askpass-main.js'), ('VSCODE_GIT_ASKPASS_NODE', '/home/ros/.vscode-server/bin/0ee08df0cf4527e40edc9aa28f4b5bd38bbff2b2/node'), ('COLORTERM', 'truecolor'), ('REMOTE_CONTAINERS', 'true'), ('COLCON_PREFIX_PATH', '/SLAM/ros_ws/install'), ('ROS_DISTRO', 'humble'), ('REMOTE_CONTAINERS_IPC', '/tmp/vscode-remote-containers-ipc-47dcc86f-6451-4208-abf8-610d9e93ead7.sock'), ('_', '/usr/bin/colcon'), ('ROS_VERSION', '2'), ('PKG_CONFIG_PATH', '/SLAM/ros_ws/install/magic_enum/lib/x86_64-linux-gnu/pkgconfig:/SLAM/ros_ws/install/magic_enum/lib/pkgconfig:/SLAM/ros_ws/install/libuvc/lib/pkgconfig'), ('TERM', 'xterm-256color'), ('ROS_LOCALHOST_ONLY', '0'), ('PATH', '/home/ros/.vscode-server/bin/0ee08df0cf4527e40edc9aa28f4b5bd38bbff2b2/bin/remote-cli:/opt/ros/humble/bin:/usr/local/sbin:/usr/local/bin:/usr/sbin:/usr/bin:/sbin:/bin'), ('REMOTE_CONTAINERS_SOCKETS', '["/tmp/vscode-ssh-auth-47dcc86f-6451-4208-abf8-610d9e93ead7.sock","/tmp/.X11-unix/X22","/home/ros/.gnupg/S.gpg-agent"]'), ('DISPLAY', ':1'), ('LANG', 'C.UTF-8'), ('VSCODE_GIT_IPC_HANDLE', '/tmp/vscode-git-300c5a9faf.sock'), ('TERM_PROGRAM', 'vscode'), ('SSH_AUTH_SOCK', '/tmp/vscode-ssh-auth-47dcc86f-6451-4208-abf8-610d9e93ead7.sock'), ('AMENT_PREFIX_PATH', '/SLAM/ros_ws/install/sllidar_ros2:/SLAM/ros_ws/install/orbbec_description:/SLAM/ros_ws/install/orbbec_camera:/SLAM/ros_ws/install/orbbec_camera_msgs:/SLAM/ros_ws/install/astra_camera:/SLAM/ros_ws/install/astra_camera_msgs:/opt/ros/humble'), ('REMOTE_CONTAINERS_DISPLAY_SOCK', '/tmp/.X11-unix/X22'), ('SHELL', '/bin/bash'), ('CMAKE_MODULE_PATH', '/SLAM/ros_ws/install/libuvc/lib/cmake/libuvc:/SLAM/ros_ws/install/glog/share/glog/cmake'), ('VSCODE_GIT_ASKPASS_EXTRA_ARGS', ''), ('PWD', '/SLAM/ros_ws/build/sllidar_ros2'), ('LC_ALL', 'C.UTF-8'), ('PYTHONPATH', '/SLAM/ros_ws/install/orbbec_camera_msgs/local/lib/python3.10/dist-packages:/SLAM/ros_ws/install/astra_camera_msgs/local/lib/python3.10/dist-packages:/opt/ros/humble/lib/python3.10/site-packages:/opt/ros/humble/local/lib/python3.10/dist-packages'), ('COLCON', '1'), ('CMAKE_PREFIX_PATH', '/SLAM/ros_ws/install/sllidar_ros2:/SLAM/ros_ws/install/orbbec_description:/SLAM/ros_ws/install/orbbec_camera:/SLAM/ros_ws/install/orbbec_camera_msgs:/SLAM/ros_ws/install/magic_enum:/SLAM/ros_ws/install/libuvc:/SLAM/ros_ws/install/glog:/SLAM/ros_ws/install/astra_camera:/SLAM/ros_ws/install/astra_camera_msgs:/opt/ros/humble')]), 'shell': False}
[0.287917] (sllidar_ros2) StdoutLine: {'line': b'-- Install configuration: "Release"\n'}
[0.288150] (sllidar_ros2) StdoutLine: {'line': b'-- Up-to-date: /SLAM/ros_ws/install/sllidar_ros2/share/sllidar_ros2/launch\n'}
[0.288283] (sllidar_ros2) StdoutLine: {'line': b'-- Up-to-date: /SLAM/ros_ws/install/sllidar_ros2/share/sllidar_ros2/rviz\n'}
[0.288656] (sllidar_ros2) StdoutLine: {'line': b'-- Installing: /SLAM/ros_ws/install/sllidar_ros2/share/sllidar_ros2/package.dsv\n'}
[0.291058] (sllidar_ros2) CommandEnded: {'returncode': 0}
[0.300396] (-) TimerEvent: {}
[0.302550] (astra_camera_msgs) StdoutLine: {'line': b'[ 96%] Built target astra_camera_msgs__rosidl_typesupport_fastrtps_c__pyext\n'}
[0.302880] (astra_camera_msgs) StdoutLine: {'line': b'[ 97%] Built target astra_camera_msgs__rosidl_typesupport_c__pyext\n'}
[0.303077] (astra_camera_msgs) StdoutLine: {'line': b'[100%] Built target astra_camera_msgs__rosidl_typesupport_introspection_c__pyext\n'}
[0.394542] (astra_camera_msgs) StdoutLine: {'line': b'running egg_info\n'}
[0.395062] (astra_camera_msgs) StdoutLine: {'line': b'writing astra_camera_msgs.egg-info/PKG-INFO\n'}
[0.395289] (astra_camera_msgs) StdoutLine: {'line': b'writing dependency_links to astra_camera_msgs.egg-info/dependency_links.txt\n'}
[0.395450] (astra_camera_msgs) StdoutLine: {'line': b'writing top-level names to astra_camera_msgs.egg-info/top_level.txt\n'}
[0.397133] (astra_camera_msgs) StdoutLine: {'line': b"reading manifest file 'astra_camera_msgs.egg-info/SOURCES.txt'\n"}
[0.397673] (astra_camera_msgs) StdoutLine: {'line': b"writing manifest file 'astra_camera_msgs.egg-info/SOURCES.txt'\n"}
[0.400457] (-) TimerEvent: {}
[0.426413] (astra_camera_msgs) StdoutLine: {'line': b'[100%] Built target ament_cmake_python_build_astra_camera_msgs_egg\n'}
[0.481917] (sllidar_ros2) JobEnded: {'identifier': 'sllidar_ros2', 'rc': 0}
[0.482597] (astra_camera_msgs) CommandEnded: {'returncode': 0}
[0.500564] (-) TimerEvent: {}
[0.600867] (-) TimerEvent: {}
[0.701100] (-) TimerEvent: {}
[0.755419] (astra_camera_msgs) JobProgress: {'identifier': 'astra_camera_msgs', 'progress': 'install'}
[0.755916] (astra_camera_msgs) Command: {'cmd': ['/usr/bin/cmake', '--install', '/SLAM/ros_ws/build/astra_camera_msgs'], 'cwd': '/SLAM/ros_ws/build/astra_camera_msgs', 'env': OrderedDict([('HOSTNAME', 'acer'), ('GIT_ASKPASS', '/home/ros/.vscode-server/bin/0ee08df0cf4527e40edc9aa28f4b5bd38bbff2b2/extensions/git/dist/askpass.sh'), ('SHLVL', '2'), ('LD_LIBRARY_PATH', '/SLAM/ros_ws/install/orbbec_camera/lib:/SLAM/ros_ws/install/orbbec_camera_msgs/lib:/SLAM/ros_ws/install/libuvc/lib:/SLAM/ros_ws/install/glog/lib:/SLAM/ros_ws/install/astra_camera/lib:/SLAM/ros_ws/install/astra_camera_msgs/lib:/opt/ros/humble/opt/rviz_ogre_vendor/lib:/opt/ros/humble/lib/x86_64-linux-gnu:/opt/ros/humble/lib'), ('BROWSER', '/home/ros/.vscode-server/bin/0ee08df0cf4527e40edc9aa28f4b5bd38bbff2b2/bin/helpers/browser.sh'), ('HOME', '/home/ros'), ('OLDPWD', '/SLAM'), ('TERM_PROGRAM_VERSION', '1.85.1'), ('VSCODE_IPC_HOOK_CLI', '/tmp/vscode-ipc-8d7698d7-3833-41de-b151-ee3bad069a1e.sock'), ('ROS_PYTHON_VERSION', '3'), ('VSCODE_GIT_ASKPASS_MAIN', '/home/ros/.vscode-server/bin/0ee08df0cf4527e40edc9aa28f4b5bd38bbff2b2/extensions/git/dist/askpass-main.js'), ('VSCODE_GIT_ASKPASS_NODE', '/home/ros/.vscode-server/bin/0ee08df0cf4527e40edc9aa28f4b5bd38bbff2b2/node'), ('COLORTERM', 'truecolor'), ('REMOTE_CONTAINERS', 'true'), ('COLCON_PREFIX_PATH', '/SLAM/ros_ws/install'), ('ROS_DISTRO', 'humble'), ('REMOTE_CONTAINERS_IPC', '/tmp/vscode-remote-containers-ipc-47dcc86f-6451-4208-abf8-610d9e93ead7.sock'), ('_', '/usr/bin/colcon'), ('ROS_VERSION', '2'), ('PKG_CONFIG_PATH', '/SLAM/ros_ws/install/magic_enum/lib/x86_64-linux-gnu/pkgconfig:/SLAM/ros_ws/install/magic_enum/lib/pkgconfig:/SLAM/ros_ws/install/libuvc/lib/pkgconfig'), ('TERM', 'xterm-256color'), ('ROS_LOCALHOST_ONLY', '0'), ('PATH', '/home/ros/.vscode-server/bin/0ee08df0cf4527e40edc9aa28f4b5bd38bbff2b2/bin/remote-cli:/opt/ros/humble/bin:/usr/local/sbin:/usr/local/bin:/usr/sbin:/usr/bin:/sbin:/bin'), ('REMOTE_CONTAINERS_SOCKETS', '["/tmp/vscode-ssh-auth-47dcc86f-6451-4208-abf8-610d9e93ead7.sock","/tmp/.X11-unix/X22","/home/ros/.gnupg/S.gpg-agent"]'), ('DISPLAY', ':1'), ('LANG', 'C.UTF-8'), ('VSCODE_GIT_IPC_HANDLE', '/tmp/vscode-git-300c5a9faf.sock'), ('TERM_PROGRAM', 'vscode'), ('SSH_AUTH_SOCK', '/tmp/vscode-ssh-auth-47dcc86f-6451-4208-abf8-610d9e93ead7.sock'), ('AMENT_PREFIX_PATH', '/SLAM/ros_ws/install/sllidar_ros2:/SLAM/ros_ws/install/orbbec_description:/SLAM/ros_ws/install/orbbec_camera:/SLAM/ros_ws/install/orbbec_camera_msgs:/SLAM/ros_ws/install/astra_camera:/SLAM/ros_ws/install/astra_camera_msgs:/opt/ros/humble'), ('REMOTE_CONTAINERS_DISPLAY_SOCK', '/tmp/.X11-unix/X22'), ('SHELL', '/bin/bash'), ('CMAKE_MODULE_PATH', '/SLAM/ros_ws/install/libuvc/lib/cmake/libuvc:/SLAM/ros_ws/install/glog/share/glog/cmake'), ('VSCODE_GIT_ASKPASS_EXTRA_ARGS', ''), ('PWD', '/SLAM/ros_ws/build/astra_camera_msgs'), ('LC_ALL', 'C.UTF-8'), ('PYTHONPATH', '/SLAM/ros_ws/install/orbbec_camera_msgs/local/lib/python3.10/dist-packages:/SLAM/ros_ws/install/astra_camera_msgs/local/lib/python3.10/dist-packages:/opt/ros/humble/lib/python3.10/site-packages:/opt/ros/humble/local/lib/python3.10/dist-packages'), ('COLCON', '1'), ('CMAKE_PREFIX_PATH', '/SLAM/ros_ws/install/sllidar_ros2:/SLAM/ros_ws/install/orbbec_description:/SLAM/ros_ws/install/orbbec_camera:/SLAM/ros_ws/install/orbbec_camera_msgs:/SLAM/ros_ws/install/magic_enum:/SLAM/ros_ws/install/libuvc:/SLAM/ros_ws/install/glog:/SLAM/ros_ws/install/astra_camera:/SLAM/ros_ws/install/astra_camera_msgs:/opt/ros/humble')]), 'shell': False}
[0.764988] (astra_camera_msgs) StdoutLine: {'line': b'-- Install configuration: "Release"\n'}
[0.765178] (astra_camera_msgs) StdoutLine: {'line': b'-- Up-to-date: /SLAM/ros_ws/install/astra_camera_msgs/include/astra_camera_msgs/astra_camera_msgs\n'}
[0.765349] (astra_camera_msgs) StdoutLine: {'line': b'-- Up-to-date: /SLAM/ros_ws/install/astra_camera_msgs/include/astra_camera_msgs/astra_camera_msgs/msg\n'}
[0.765463] (astra_camera_msgs) StdoutLine: {'line': b'-- Up-to-date: /SLAM/ros_ws/install/astra_camera_msgs/include/astra_camera_msgs/astra_camera_msgs/msg/detail\n'}
[0.765635] (astra_camera_msgs) StdoutLine: {'line': b'-- Up-to-date: /SLAM/ros_ws/install/astra_camera_msgs/include/astra_camera_msgs/astra_camera_msgs/msg/detail/extrinsics__functions.c\n'}
[0.765767] (astra_camera_msgs) StdoutLine: {'line': b'-- Up-to-date: /SLAM/ros_ws/install/astra_camera_msgs/include/astra_camera_msgs/astra_camera_msgs/msg/detail/metadata__functions.c\n'}
[0.765876] (astra_camera_msgs) StdoutLine: {'line': b'-- Up-to-date: /SLAM/ros_ws/install/astra_camera_msgs/include/astra_camera_msgs/astra_camera_msgs/msg/detail/device_info__functions.c\n'}
[0.765981] (astra_camera_msgs) StdoutLine: {'line': b'-- Up-to-date: /SLAM/ros_ws/install/astra_camera_msgs/include/astra_camera_msgs/astra_camera_msgs/srv\n'}
[0.766088] (astra_camera_msgs) StdoutLine: {'line': b'-- Up-to-date: /SLAM/ros_ws/install/astra_camera_msgs/include/astra_camera_msgs/astra_camera_msgs/srv/detail\n'}
[0.766255] (astra_camera_msgs) StdoutLine: {'line': b'-- Up-to-date: /SLAM/ros_ws/install/astra_camera_msgs/include/astra_camera_msgs/astra_camera_msgs/srv/detail/get_int32__functions.c\n'}
[0.766359] (astra_camera_msgs) StdoutLine: {'line': b'-- Up-to-date: /SLAM/ros_ws/install/astra_camera_msgs/include/astra_camera_msgs/astra_camera_msgs/srv/detail/get_string__functions.c\n'}
[0.766467] (astra_camera_msgs) StdoutLine: {'line': b'-- Up-to-date: /SLAM/ros_ws/install/astra_camera_msgs/include/astra_camera_msgs/astra_camera_msgs/srv/detail/get_camera_info__functions.c\n'}
[0.766546] (astra_camera_msgs) StdoutLine: {'line': b'-- Up-to-date: /SLAM/ros_ws/install/astra_camera_msgs/include/astra_camera_msgs/astra_camera_msgs/srv/detail/get_device_info__functions.c\n'}
[0.766649] (astra_camera_msgs) StdoutLine: {'line': b'-- Up-to-date: /SLAM/ros_ws/install/astra_camera_msgs/include/astra_camera_msgs/astra_camera_msgs/srv/detail/get_camera_params__functions.c\n'}
[0.766758] (astra_camera_msgs) StdoutLine: {'line': b'-- Up-to-date: /SLAM/ros_ws/install/astra_camera_msgs/include/astra_camera_msgs/astra_camera_msgs/srv/detail/set_int32__functions.c\n'}
[0.766854] (astra_camera_msgs) StdoutLine: {'line': b'-- Up-to-date: /SLAM/ros_ws/install/astra_camera_msgs/lib/libastra_camera_msgs__rosidl_generator_c.so\n'}
[0.766968] (astra_camera_msgs) StdoutLine: {'line': b'-- Up-to-date: /SLAM/ros_ws/install/astra_camera_msgs/include/astra_camera_msgs/astra_camera_msgs\n'}
[0.767065] (astra_camera_msgs) StdoutLine: {'line': b'-- Up-to-date: /SLAM/ros_ws/install/astra_camera_msgs/include/astra_camera_msgs/astra_camera_msgs/msg\n'}
[0.767146] (astra_camera_msgs) StdoutLine: {'line': b'-- Up-to-date: /SLAM/ros_ws/install/astra_camera_msgs/include/astra_camera_msgs/astra_camera_msgs/msg/detail\n'}
[0.767233] (astra_camera_msgs) StdoutLine: {'line': b'-- Up-to-date: /SLAM/ros_ws/install/astra_camera_msgs/include/astra_camera_msgs/astra_camera_msgs/srv\n'}
[0.767314] (astra_camera_msgs) StdoutLine: {'line': b'-- Up-to-date: /SLAM/ros_ws/install/astra_camera_msgs/include/astra_camera_msgs/astra_camera_msgs/srv/detail\n'}
[0.767395] (astra_camera_msgs) StdoutLine: {'line': b'-- Up-to-date: /SLAM/ros_ws/install/astra_camera_msgs/lib/libastra_camera_msgs__rosidl_typesupport_fastrtps_c.so\n'}
[0.767485] (astra_camera_msgs) StdoutLine: {'line': b'-- Up-to-date: /SLAM/ros_ws/install/astra_camera_msgs/include/astra_camera_msgs/astra_camera_msgs\n'}
[0.767579] (astra_camera_msgs) StdoutLine: {'line': b'-- Up-to-date: /SLAM/ros_ws/install/astra_camera_msgs/include/astra_camera_msgs/astra_camera_msgs/msg\n'}
[0.767676] (astra_camera_msgs) StdoutLine: {'line': b'-- Up-to-date: /SLAM/ros_ws/install/astra_camera_msgs/include/astra_camera_msgs/astra_camera_msgs/msg/detail\n'}
[0.767775] (astra_camera_msgs) StdoutLine: {'line': b'-- Up-to-date: /SLAM/ros_ws/install/astra_camera_msgs/include/astra_camera_msgs/astra_camera_msgs/msg/detail/extrinsics__type_support.c\n'}
[0.767860] (astra_camera_msgs) StdoutLine: {'line': b'-- Up-to-date: /SLAM/ros_ws/install/astra_camera_msgs/include/astra_camera_msgs/astra_camera_msgs/msg/detail/metadata__type_support.c\n'}
[0.767939] (astra_camera_msgs) StdoutLine: {'line': b'-- Up-to-date: /SLAM/ros_ws/install/astra_camera_msgs/include/astra_camera_msgs/astra_camera_msgs/msg/detail/device_info__type_support.c\n'}
[0.768047] (astra_camera_msgs) StdoutLine: {'line': b'-- Up-to-date: /SLAM/ros_ws/install/astra_camera_msgs/include/astra_camera_msgs/astra_camera_msgs/srv\n'}
[0.768143] (astra_camera_msgs) StdoutLine: {'line': b'-- Up-to-date: /SLAM/ros_ws/install/astra_camera_msgs/include/astra_camera_msgs/astra_camera_msgs/srv/detail\n'}
[0.768239] (astra_camera_msgs) StdoutLine: {'line': b'-- Up-to-date: /SLAM/ros_ws/install/astra_camera_msgs/include/astra_camera_msgs/astra_camera_msgs/srv/detail/get_string__type_support.c\n'}
[0.768324] (astra_camera_msgs) StdoutLine: {'line': b'-- Up-to-date: /SLAM/ros_ws/install/astra_camera_msgs/include/astra_camera_msgs/astra_camera_msgs/srv/detail/get_camera_params__type_support.c\n'}
[0.768420] (astra_camera_msgs) StdoutLine: {'line': b'-- Up-to-date: /SLAM/ros_ws/install/astra_camera_msgs/include/astra_camera_msgs/astra_camera_msgs/srv/detail/get_device_info__type_support.c\n'}
[0.768511] (astra_camera_msgs) StdoutLine: {'line': b'-- Up-to-date: /SLAM/ros_ws/install/astra_camera_msgs/include/astra_camera_msgs/astra_camera_msgs/srv/detail/get_int32__type_support.c\n'}
[0.768600] (astra_camera_msgs) StdoutLine: {'line': b'-- Up-to-date: /SLAM/ros_ws/install/astra_camera_msgs/include/astra_camera_msgs/astra_camera_msgs/srv/detail/get_camera_info__type_support.c\n'}
[0.768703] (astra_camera_msgs) StdoutLine: {'line': b'-- Up-to-date: /SLAM/ros_ws/install/astra_camera_msgs/include/astra_camera_msgs/astra_camera_msgs/srv/detail/set_int32__type_support.c\n'}
[0.768808] (astra_camera_msgs) StdoutLine: {'line': b'-- Up-to-date: /SLAM/ros_ws/install/astra_camera_msgs/lib/libastra_camera_msgs__rosidl_typesupport_introspection_c.so\n'}
[0.768915] (astra_camera_msgs) StdoutLine: {'line': b'-- Up-to-date: /SLAM/ros_ws/install/astra_camera_msgs/lib/libastra_camera_msgs__rosidl_typesupport_c.so\n'}
[0.769010] (astra_camera_msgs) StdoutLine: {'line': b'-- Up-to-date: /SLAM/ros_ws/install/astra_camera_msgs/include/astra_camera_msgs/astra_camera_msgs\n'}
[0.769092] (astra_camera_msgs) StdoutLine: {'line': b'-- Up-to-date: /SLAM/ros_ws/install/astra_camera_msgs/include/astra_camera_msgs/astra_camera_msgs/msg\n'}
[0.769173] (astra_camera_msgs) StdoutLine: {'line': b'-- Up-to-date: /SLAM/ros_ws/install/astra_camera_msgs/include/astra_camera_msgs/astra_camera_msgs/msg/detail\n'}
[0.769261] (astra_camera_msgs) StdoutLine: {'line': b'-- Up-to-date: /SLAM/ros_ws/install/astra_camera_msgs/include/astra_camera_msgs/astra_camera_msgs/srv\n'}
[0.769342] (astra_camera_msgs) StdoutLine: {'line': b'-- Up-to-date: /SLAM/ros_ws/install/astra_camera_msgs/include/astra_camera_msgs/astra_camera_msgs/srv/detail\n'}
[0.769425] (astra_camera_msgs) StdoutLine: {'line': b'-- Up-to-date: /SLAM/ros_ws/install/astra_camera_msgs/include/astra_camera_msgs/astra_camera_msgs\n'}
[0.769523] (astra_camera_msgs) StdoutLine: {'line': b'-- Up-to-date: /SLAM/ros_ws/install/astra_camera_msgs/include/astra_camera_msgs/astra_camera_msgs/msg\n'}
[0.769648] (astra_camera_msgs) StdoutLine: {'line': b'-- Up-to-date: /SLAM/ros_ws/install/astra_camera_msgs/include/astra_camera_msgs/astra_camera_msgs/msg/detail\n'}
[0.769768] (astra_camera_msgs) StdoutLine: {'line': b'-- Up-to-date: /SLAM/ros_ws/install/astra_camera_msgs/include/astra_camera_msgs/astra_camera_msgs/msg/detail/dds_fastrtps\n'}
[0.769858] (astra_camera_msgs) StdoutLine: {'line': b'-- Up-to-date: /SLAM/ros_ws/install/astra_camera_msgs/include/astra_camera_msgs/astra_camera_msgs/srv\n'}
[0.769943] (astra_camera_msgs) StdoutLine: {'line': b'-- Up-to-date: /SLAM/ros_ws/install/astra_camera_msgs/include/astra_camera_msgs/astra_camera_msgs/srv/detail\n'}
[0.770033] (astra_camera_msgs) StdoutLine: {'line': b'-- Up-to-date: /SLAM/ros_ws/install/astra_camera_msgs/include/astra_camera_msgs/astra_camera_msgs/srv/detail/dds_fastrtps\n'}
[0.770118] (astra_camera_msgs) StdoutLine: {'line': b'-- Up-to-date: /SLAM/ros_ws/install/astra_camera_msgs/lib/libastra_camera_msgs__rosidl_typesupport_fastrtps_cpp.so\n'}
[0.770202] (astra_camera_msgs) StdoutLine: {'line': b'-- Up-to-date: /SLAM/ros_ws/install/astra_camera_msgs/include/astra_camera_msgs/astra_camera_msgs\n'}
[0.770285] (astra_camera_msgs) StdoutLine: {'line': b'-- Up-to-date: /SLAM/ros_ws/install/astra_camera_msgs/include/astra_camera_msgs/astra_camera_msgs/msg\n'}
[0.770370] (astra_camera_msgs) StdoutLine: {'line': b'-- Up-to-date: /SLAM/ros_ws/install/astra_camera_msgs/include/astra_camera_msgs/astra_camera_msgs/msg/detail\n'}
[0.770464] (astra_camera_msgs) StdoutLine: {'line': b'-- Up-to-date: /SLAM/ros_ws/install/astra_camera_msgs/include/astra_camera_msgs/astra_camera_msgs/msg/detail/extrinsics__type_support.cpp\n'}
[0.770561] (astra_camera_msgs) StdoutLine: {'line': b'-- Up-to-date: /SLAM/ros_ws/install/astra_camera_msgs/include/astra_camera_msgs/astra_camera_msgs/msg/detail/metadata__type_support.cpp\n'}
[0.770664] (astra_camera_msgs) StdoutLine: {'line': b'-- Up-to-date: /SLAM/ros_ws/install/astra_camera_msgs/include/astra_camera_msgs/astra_camera_msgs/msg/detail/device_info__type_support.cpp\n'}
[0.770760] (astra_camera_msgs) StdoutLine: {'line': b'-- Up-to-date: /SLAM/ros_ws/install/astra_camera_msgs/include/astra_camera_msgs/astra_camera_msgs/srv\n'}
[0.770852] (astra_camera_msgs) StdoutLine: {'line': b'-- Up-to-date: /SLAM/ros_ws/install/astra_camera_msgs/include/astra_camera_msgs/astra_camera_msgs/srv/detail\n'}
[0.770942] (astra_camera_msgs) StdoutLine: {'line': b'-- Up-to-date: /SLAM/ros_ws/install/astra_camera_msgs/include/astra_camera_msgs/astra_camera_msgs/srv/detail/set_int32__type_support.cpp\n'}
[0.771073] (astra_camera_msgs) StdoutLine: {'line': b'-- Up-to-date: /SLAM/ros_ws/install/astra_camera_msgs/include/astra_camera_msgs/astra_camera_msgs/srv/detail/get_string__type_support.cpp\n'}
[0.771158] (astra_camera_msgs) StdoutLine: {'line': b'-- Up-to-date: /SLAM/ros_ws/install/astra_camera_msgs/include/astra_camera_msgs/astra_camera_msgs/srv/detail/get_camera_params__type_support.cpp\n'}
[0.771272] (astra_camera_msgs) StdoutLine: {'line': b'-- Up-to-date: /SLAM/ros_ws/install/astra_camera_msgs/include/astra_camera_msgs/astra_camera_msgs/srv/detail/get_device_info__type_support.cpp\n'}
[0.771369] (astra_camera_msgs) StdoutLine: {'line': b'-- Up-to-date: /SLAM/ros_ws/install/astra_camera_msgs/include/astra_camera_msgs/astra_camera_msgs/srv/detail/get_camera_info__type_support.cpp\n'}
[0.771463] (astra_camera_msgs) StdoutLine: {'line': b'-- Up-to-date: /SLAM/ros_ws/install/astra_camera_msgs/include/astra_camera_msgs/astra_camera_msgs/srv/detail/get_int32__type_support.cpp\n'}
[0.771544] (astra_camera_msgs) StdoutLine: {'line': b'-- Up-to-date: /SLAM/ros_ws/install/astra_camera_msgs/lib/libastra_camera_msgs__rosidl_typesupport_introspection_cpp.so\n'}
[0.771641] (astra_camera_msgs) StdoutLine: {'line': b'-- Up-to-date: /SLAM/ros_ws/install/astra_camera_msgs/lib/libastra_camera_msgs__rosidl_typesupport_cpp.so\n'}
[0.771735] (astra_camera_msgs) StdoutLine: {'line': b'-- Up-to-date: /SLAM/ros_ws/install/astra_camera_msgs/local/lib/python3.10/dist-packages/astra_camera_msgs-1.0.1-py3.10.egg-info\n'}
[0.771810] (astra_camera_msgs) StdoutLine: {'line': b'-- Up-to-date: /SLAM/ros_ws/install/astra_camera_msgs/local/lib/python3.10/dist-packages/astra_camera_msgs\n'}
[0.771905] (astra_camera_msgs) StdoutLine: {'line': b'-- Up-to-date: /SLAM/ros_ws/install/astra_camera_msgs/local/lib/python3.10/dist-packages/astra_camera_msgs/msg\n'}
[0.772000] (astra_camera_msgs) StdoutLine: {'line': b'-- Up-to-date: /SLAM/ros_ws/install/astra_camera_msgs/local/lib/python3.10/dist-packages/astra_camera_msgs/srv\n'}
[0.796669] (astra_camera_msgs) StdoutLine: {'line': b"Listing '/SLAM/ros_ws/install/astra_camera_msgs/local/lib/python3.10/dist-packages/astra_camera_msgs'...\n"}
[0.796889] (astra_camera_msgs) StdoutLine: {'line': b"Listing '/SLAM/ros_ws/install/astra_camera_msgs/local/lib/python3.10/dist-packages/astra_camera_msgs/msg'...\n"}
[0.796973] (astra_camera_msgs) StdoutLine: {'line': b"Listing '/SLAM/ros_ws/install/astra_camera_msgs/local/lib/python3.10/dist-packages/astra_camera_msgs/srv'...\n"}
[0.801196] (-) TimerEvent: {}
[0.801431] (astra_camera_msgs) StdoutLine: {'line': b'-- Up-to-date: /SLAM/ros_ws/install/astra_camera_msgs/lib/libastra_camera_msgs__rosidl_generator_py.so\n'}
[0.802697] (astra_camera_msgs) StdoutLine: {'line': b'-- Installing: /SLAM/ros_ws/install/astra_camera_msgs/share/astra_camera_msgs/package.dsv\n'}
[0.803040] (astra_camera_msgs) StdoutLine: {'line': b'-- Up-to-date: /SLAM/ros_ws/install/astra_camera_msgs/share/astra_camera_msgs/cmake/export_astra_camera_msgs__rosidl_generator_cExport.cmake\n'}
[0.803159] (astra_camera_msgs) StdoutLine: {'line': b'-- Up-to-date: /SLAM/ros_ws/install/astra_camera_msgs/share/astra_camera_msgs/cmake/export_astra_camera_msgs__rosidl_generator_cExport-release.cmake\n'}
[0.803276] (astra_camera_msgs) StdoutLine: {'line': b'-- Up-to-date: /SLAM/ros_ws/install/astra_camera_msgs/share/astra_camera_msgs/cmake/export_astra_camera_msgs__rosidl_typesupport_fastrtps_cExport.cmake\n'}
[0.803368] (astra_camera_msgs) StdoutLine: {'line': b'-- Up-to-date: /SLAM/ros_ws/install/astra_camera_msgs/share/astra_camera_msgs/cmake/export_astra_camera_msgs__rosidl_typesupport_fastrtps_cExport-release.cmake\n'}
[0.803471] (astra_camera_msgs) StdoutLine: {'line': b'-- Up-to-date: /SLAM/ros_ws/install/astra_camera_msgs/share/astra_camera_msgs/cmake/astra_camera_msgs__rosidl_typesupport_introspection_cExport.cmake\n'}
[0.803558] (astra_camera_msgs) StdoutLine: {'line': b'-- Up-to-date: /SLAM/ros_ws/install/astra_camera_msgs/share/astra_camera_msgs/cmake/astra_camera_msgs__rosidl_typesupport_introspection_cExport-release.cmake\n'}
[0.803640] (astra_camera_msgs) StdoutLine: {'line': b'-- Up-to-date: /SLAM/ros_ws/install/astra_camera_msgs/share/astra_camera_msgs/cmake/astra_camera_msgs__rosidl_typesupport_cExport.cmake\n'}
[0.803724] (astra_camera_msgs) StdoutLine: {'line': b'-- Up-to-date: /SLAM/ros_ws/install/astra_camera_msgs/share/astra_camera_msgs/cmake/astra_camera_msgs__rosidl_typesupport_cExport-release.cmake\n'}
[0.803792] (astra_camera_msgs) StdoutLine: {'line': b'-- Up-to-date: /SLAM/ros_ws/install/astra_camera_msgs/share/astra_camera_msgs/cmake/export_astra_camera_msgs__rosidl_generator_cppExport.cmake\n'}
[0.803892] (astra_camera_msgs) StdoutLine: {'line': b'-- Up-to-date: /SLAM/ros_ws/install/astra_camera_msgs/share/astra_camera_msgs/cmake/export_astra_camera_msgs__rosidl_typesupport_fastrtps_cppExport.cmake\n'}
[0.803961] (astra_camera_msgs) StdoutLine: {'line': b'-- Up-to-date: /SLAM/ros_ws/install/astra_camera_msgs/share/astra_camera_msgs/cmake/export_astra_camera_msgs__rosidl_typesupport_fastrtps_cppExport-release.cmake\n'}
[0.804060] (astra_camera_msgs) StdoutLine: {'line': b'-- Up-to-date: /SLAM/ros_ws/install/astra_camera_msgs/share/astra_camera_msgs/cmake/astra_camera_msgs__rosidl_typesupport_introspection_cppExport.cmake\n'}
[0.804131] (astra_camera_msgs) StdoutLine: {'line': b'-- Up-to-date: /SLAM/ros_ws/install/astra_camera_msgs/share/astra_camera_msgs/cmake/astra_camera_msgs__rosidl_typesupport_introspection_cppExport-release.cmake\n'}
[0.804229] (astra_camera_msgs) StdoutLine: {'line': b'-- Up-to-date: /SLAM/ros_ws/install/astra_camera_msgs/share/astra_camera_msgs/cmake/astra_camera_msgs__rosidl_typesupport_cppExport.cmake\n'}
[0.804327] (astra_camera_msgs) StdoutLine: {'line': b'-- Up-to-date: /SLAM/ros_ws/install/astra_camera_msgs/share/astra_camera_msgs/cmake/astra_camera_msgs__rosidl_typesupport_cppExport-release.cmake\n'}
[0.804414] (astra_camera_msgs) StdoutLine: {'line': b'-- Up-to-date: /SLAM/ros_ws/install/astra_camera_msgs/share/astra_camera_msgs/cmake/export_astra_camera_msgs__rosidl_generator_pyExport.cmake\n'}
[0.804476] (astra_camera_msgs) StdoutLine: {'line': b'-- Up-to-date: /SLAM/ros_ws/install/astra_camera_msgs/share/astra_camera_msgs/cmake/export_astra_camera_msgs__rosidl_generator_pyExport-release.cmake\n'}
[0.807037] (astra_camera_msgs) CommandEnded: {'returncode': 0}
[0.901278] (-) TimerEvent: {}
[1.001535] (-) TimerEvent: {}
[1.101786] (-) TimerEvent: {}
[1.202038] (-) TimerEvent: {}
[1.204174] (astra_camera_msgs) JobEnded: {'identifier': 'astra_camera_msgs', 'rc': 0}
[1.204908] (astra_camera) JobStarted: {'identifier': 'astra_camera'}
[1.259340] (astra_camera) JobProgress: {'identifier': 'astra_camera', 'progress': 'cmake'}
[1.259843] (astra_camera) JobProgress: {'identifier': 'astra_camera', 'progress': 'build'}
[1.260200] (astra_camera) Command: {'cmd': ['/usr/bin/cmake', '--build', '/SLAM/ros_ws/build/astra_camera', '--', '-j16', '-l16'], 'cwd': '/SLAM/ros_ws/build/astra_camera', 'env': OrderedDict([('HOSTNAME', 'acer'), ('GIT_ASKPASS', '/home/ros/.vscode-server/bin/0ee08df0cf4527e40edc9aa28f4b5bd38bbff2b2/extensions/git/dist/askpass.sh'), ('SHLVL', '2'), ('LD_LIBRARY_PATH', '/SLAM/ros_ws/install/astra_camera_msgs/lib:/SLAM/ros_ws/install/orbbec_camera/lib:/SLAM/ros_ws/install/orbbec_camera_msgs/lib:/SLAM/ros_ws/install/libuvc/lib:/SLAM/ros_ws/install/glog/lib:/SLAM/ros_ws/install/astra_camera/lib:/opt/ros/humble/opt/rviz_ogre_vendor/lib:/opt/ros/humble/lib/x86_64-linux-gnu:/opt/ros/humble/lib'), ('BROWSER', '/home/ros/.vscode-server/bin/0ee08df0cf4527e40edc9aa28f4b5bd38bbff2b2/bin/helpers/browser.sh'), ('HOME', '/home/ros'), ('OLDPWD', '/SLAM'), ('TERM_PROGRAM_VERSION', '1.85.1'), ('VSCODE_IPC_HOOK_CLI', '/tmp/vscode-ipc-8d7698d7-3833-41de-b151-ee3bad069a1e.sock'), ('ROS_PYTHON_VERSION', '3'), ('VSCODE_GIT_ASKPASS_MAIN', '/home/ros/.vscode-server/bin/0ee08df0cf4527e40edc9aa28f4b5bd38bbff2b2/extensions/git/dist/askpass-main.js'), ('VSCODE_GIT_ASKPASS_NODE', '/home/ros/.vscode-server/bin/0ee08df0cf4527e40edc9aa28f4b5bd38bbff2b2/node'), ('COLORTERM', 'truecolor'), ('REMOTE_CONTAINERS', 'true'), ('COLCON_PREFIX_PATH', '/SLAM/ros_ws/install'), ('ROS_DISTRO', 'humble'), ('REMOTE_CONTAINERS_IPC', '/tmp/vscode-remote-containers-ipc-47dcc86f-6451-4208-abf8-610d9e93ead7.sock'), ('_', '/usr/bin/colcon'), ('ROS_VERSION', '2'), ('PKG_CONFIG_PATH', '/SLAM/ros_ws/install/magic_enum/lib/x86_64-linux-gnu/pkgconfig:/SLAM/ros_ws/install/magic_enum/lib/pkgconfig:/SLAM/ros_ws/install/libuvc/lib/pkgconfig'), ('TERM', 'xterm-256color'), ('ROS_LOCALHOST_ONLY', '0'), ('PATH', '/home/ros/.vscode-server/bin/0ee08df0cf4527e40edc9aa28f4b5bd38bbff2b2/bin/remote-cli:/opt/ros/humble/bin:/usr/local/sbin:/usr/local/bin:/usr/sbin:/usr/bin:/sbin:/bin'), ('REMOTE_CONTAINERS_SOCKETS', '["/tmp/vscode-ssh-auth-47dcc86f-6451-4208-abf8-610d9e93ead7.sock","/tmp/.X11-unix/X22","/home/ros/.gnupg/S.gpg-agent"]'), ('DISPLAY', ':1'), ('LANG', 'C.UTF-8'), ('VSCODE_GIT_IPC_HANDLE', '/tmp/vscode-git-300c5a9faf.sock'), ('TERM_PROGRAM', 'vscode'), ('SSH_AUTH_SOCK', '/tmp/vscode-ssh-auth-47dcc86f-6451-4208-abf8-610d9e93ead7.sock'), ('AMENT_PREFIX_PATH', '/SLAM/ros_ws/install/sllidar_ros2:/SLAM/ros_ws/install/orbbec_description:/SLAM/ros_ws/install/orbbec_camera:/SLAM/ros_ws/install/orbbec_camera_msgs:/SLAM/ros_ws/install/astra_camera:/SLAM/ros_ws/install/astra_camera_msgs:/opt/ros/humble'), ('REMOTE_CONTAINERS_DISPLAY_SOCK', '/tmp/.X11-unix/X22'), ('SHELL', '/bin/bash'), ('CMAKE_MODULE_PATH', '/SLAM/ros_ws/install/libuvc/lib/cmake/libuvc:/SLAM/ros_ws/install/glog/share/glog/cmake'), ('VSCODE_GIT_ASKPASS_EXTRA_ARGS', ''), ('PWD', '/SLAM/ros_ws/build/astra_camera'), ('LC_ALL', 'C.UTF-8'), ('PYTHONPATH', '/SLAM/ros_ws/install/orbbec_camera_msgs/local/lib/python3.10/dist-packages:/SLAM/ros_ws/install/astra_camera_msgs/local/lib/python3.10/dist-packages:/opt/ros/humble/lib/python3.10/site-packages:/opt/ros/humble/local/lib/python3.10/dist-packages'), ('COLCON', '1'), ('CMAKE_PREFIX_PATH', '/SLAM/ros_ws/install/astra_camera_msgs:/SLAM/ros_ws/install/sllidar_ros2:/SLAM/ros_ws/install/orbbec_description:/SLAM/ros_ws/install/orbbec_camera:/SLAM/ros_ws/install/orbbec_camera_msgs:/SLAM/ros_ws/install/magic_enum:/SLAM/ros_ws/install/libuvc:/SLAM/ros_ws/install/glog:/SLAM/ros_ws/install/astra_camera:/opt/ros/humble')]), 'shell': False}
[1.302130] (-) TimerEvent: {}
[1.344607] (astra_camera) StdoutLine: {'line': b'[ 87%] Built target astra_camera\n'}
[1.376281] (astra_camera) StdoutLine: {'line': b'[100%] Built target list_devices_node\n'}
[1.389376] (astra_camera) CommandEnded: {'returncode': 0}
[1.402228] (-) TimerEvent: {}
[1.463309] (astra_camera) JobProgress: {'identifier': 'astra_camera', 'progress': 'install'}
[1.463778] (astra_camera) Command: {'cmd': ['/usr/bin/cmake', '--install', '/SLAM/ros_ws/build/astra_camera'], 'cwd': '/SLAM/ros_ws/build/astra_camera', 'env': OrderedDict([('HOSTNAME', 'acer'), ('GIT_ASKPASS', '/home/ros/.vscode-server/bin/0ee08df0cf4527e40edc9aa28f4b5bd38bbff2b2/extensions/git/dist/askpass.sh'), ('SHLVL', '2'), ('LD_LIBRARY_PATH', '/SLAM/ros_ws/install/astra_camera_msgs/lib:/SLAM/ros_ws/install/orbbec_camera/lib:/SLAM/ros_ws/install/orbbec_camera_msgs/lib:/SLAM/ros_ws/install/libuvc/lib:/SLAM/ros_ws/install/glog/lib:/SLAM/ros_ws/install/astra_camera/lib:/opt/ros/humble/opt/rviz_ogre_vendor/lib:/opt/ros/humble/lib/x86_64-linux-gnu:/opt/ros/humble/lib'), ('BROWSER', '/home/ros/.vscode-server/bin/0ee08df0cf4527e40edc9aa28f4b5bd38bbff2b2/bin/helpers/browser.sh'), ('HOME', '/home/ros'), ('OLDPWD', '/SLAM'), ('TERM_PROGRAM_VERSION', '1.85.1'), ('VSCODE_IPC_HOOK_CLI', '/tmp/vscode-ipc-8d7698d7-3833-41de-b151-ee3bad069a1e.sock'), ('ROS_PYTHON_VERSION', '3'), ('VSCODE_GIT_ASKPASS_MAIN', '/home/ros/.vscode-server/bin/0ee08df0cf4527e40edc9aa28f4b5bd38bbff2b2/extensions/git/dist/askpass-main.js'), ('VSCODE_GIT_ASKPASS_NODE', '/home/ros/.vscode-server/bin/0ee08df0cf4527e40edc9aa28f4b5bd38bbff2b2/node'), ('COLORTERM', 'truecolor'), ('REMOTE_CONTAINERS', 'true'), ('COLCON_PREFIX_PATH', '/SLAM/ros_ws/install'), ('ROS_DISTRO', 'humble'), ('REMOTE_CONTAINERS_IPC', '/tmp/vscode-remote-containers-ipc-47dcc86f-6451-4208-abf8-610d9e93ead7.sock'), ('_', '/usr/bin/colcon'), ('ROS_VERSION', '2'), ('PKG_CONFIG_PATH', '/SLAM/ros_ws/install/magic_enum/lib/x86_64-linux-gnu/pkgconfig:/SLAM/ros_ws/install/magic_enum/lib/pkgconfig:/SLAM/ros_ws/install/libuvc/lib/pkgconfig'), ('TERM', 'xterm-256color'), ('ROS_LOCALHOST_ONLY', '0'), ('PATH', '/home/ros/.vscode-server/bin/0ee08df0cf4527e40edc9aa28f4b5bd38bbff2b2/bin/remote-cli:/opt/ros/humble/bin:/usr/local/sbin:/usr/local/bin:/usr/sbin:/usr/bin:/sbin:/bin'), ('REMOTE_CONTAINERS_SOCKETS', '["/tmp/vscode-ssh-auth-47dcc86f-6451-4208-abf8-610d9e93ead7.sock","/tmp/.X11-unix/X22","/home/ros/.gnupg/S.gpg-agent"]'), ('DISPLAY', ':1'), ('LANG', 'C.UTF-8'), ('VSCODE_GIT_IPC_HANDLE', '/tmp/vscode-git-300c5a9faf.sock'), ('TERM_PROGRAM', 'vscode'), ('SSH_AUTH_SOCK', '/tmp/vscode-ssh-auth-47dcc86f-6451-4208-abf8-610d9e93ead7.sock'), ('AMENT_PREFIX_PATH', '/SLAM/ros_ws/install/sllidar_ros2:/SLAM/ros_ws/install/orbbec_description:/SLAM/ros_ws/install/orbbec_camera:/SLAM/ros_ws/install/orbbec_camera_msgs:/SLAM/ros_ws/install/astra_camera:/SLAM/ros_ws/install/astra_camera_msgs:/opt/ros/humble'), ('REMOTE_CONTAINERS_DISPLAY_SOCK', '/tmp/.X11-unix/X22'), ('SHELL', '/bin/bash'), ('CMAKE_MODULE_PATH', '/SLAM/ros_ws/install/libuvc/lib/cmake/libuvc:/SLAM/ros_ws/install/glog/share/glog/cmake'), ('VSCODE_GIT_ASKPASS_EXTRA_ARGS', ''), ('PWD', '/SLAM/ros_ws/build/astra_camera'), ('LC_ALL', 'C.UTF-8'), ('PYTHONPATH', '/SLAM/ros_ws/install/orbbec_camera_msgs/local/lib/python3.10/dist-packages:/SLAM/ros_ws/install/astra_camera_msgs/local/lib/python3.10/dist-packages:/opt/ros/humble/lib/python3.10/site-packages:/opt/ros/humble/local/lib/python3.10/dist-packages'), ('COLCON', '1'), ('CMAKE_PREFIX_PATH', '/SLAM/ros_ws/install/astra_camera_msgs:/SLAM/ros_ws/install/sllidar_ros2:/SLAM/ros_ws/install/orbbec_description:/SLAM/ros_ws/install/orbbec_camera:/SLAM/ros_ws/install/orbbec_camera_msgs:/SLAM/ros_ws/install/magic_enum:/SLAM/ros_ws/install/libuvc:/SLAM/ros_ws/install/glog:/SLAM/ros_ws/install/astra_camera:/opt/ros/humble')]), 'shell': False}
[1.471939] (astra_camera) StdoutLine: {'line': b'-- Install configuration: "Debug"\n'}
[1.472135] (astra_camera) StdoutLine: {'line': b'-- Up-to-date: /SLAM/ros_ws/install/astra_camera/lib//OpenNI2\n'}
[1.472230] (astra_camera) StdoutLine: {'line': b'-- Up-to-date: /SLAM/ros_ws/install/astra_camera/lib//OpenNI2/Drivers\n'}
[1.472361] (astra_camera) StdoutLine: {'line': b'-- Up-to-date: /SLAM/ros_ws/install/astra_camera/include\n'}
[1.472464] (astra_camera) StdoutLine: {'line': b'-- Up-to-date: /SLAM/ros_ws/install/astra_camera/include/astra_camera\n'}
[1.472590] (astra_camera) StdoutLine: {'line': b'-- Up-to-date: /SLAM/ros_ws/install/astra_camera/include/astra_camera/point_cloud_proc\n'}
[1.472696] (astra_camera) StdoutLine: {'line': b'-- Up-to-date: /SLAM/ros_ws/install/astra_camera/include/openni2\n'}
[1.472799] (astra_camera) StdoutLine: {'line': b'-- Up-to-date: /SLAM/ros_ws/install/astra_camera/include/openni2/openni2_redist\n'}
[1.472883] (astra_camera) StdoutLine: {'line': b'-- Up-to-date: /SLAM/ros_ws/install/astra_camera/include/openni2/openni2_redist/arm64\n'}
[1.472954] (astra_camera) StdoutLine: {'line': b'-- Up-to-date: /SLAM/ros_ws/install/astra_camera/include/openni2/openni2_redist/arm64/OpenNI2\n'}
[1.473026] (astra_camera) StdoutLine: {'line': b'-- Up-to-date: /SLAM/ros_ws/install/astra_camera/include/openni2/openni2_redist/arm64/OpenNI2/Drivers\n'}
[1.473105] (astra_camera) StdoutLine: {'line': b'-- Up-to-date: /SLAM/ros_ws/install/astra_camera/include/openni2/openni2_redist/x64\n'}
[1.473184] (astra_camera) StdoutLine: {'line': b'-- Up-to-date: /SLAM/ros_ws/install/astra_camera/include/openni2/openni2_redist/x64/OpenNI2\n'}
[1.473256] (astra_camera) StdoutLine: {'line': b'-- Up-to-date: /SLAM/ros_ws/install/astra_camera/include/openni2/openni2_redist/x64/OpenNI2/Drivers\n'}
[1.473316] (astra_camera) StdoutLine: {'line': b'-- Up-to-date: /SLAM/ros_ws/install/astra_camera/include/openni2/openni2_redist/arm\n'}
[1.473392] (astra_camera) StdoutLine: {'line': b'-- Up-to-date: /SLAM/ros_ws/install/astra_camera/include/openni2/openni2_redist/arm/OpenNI2\n'}
[1.473453] (astra_camera) StdoutLine: {'line': b'-- Up-to-date: /SLAM/ros_ws/install/astra_camera/include/openni2/openni2_redist/arm/OpenNI2/Drivers\n'}
[1.473540] (astra_camera) StdoutLine: {'line': b'-- Up-to-date: /SLAM/ros_ws/install/astra_camera/include/openni2/Linux-Arm\n'}
[1.473610] (astra_camera) StdoutLine: {'line': b'-- Up-to-date: /SLAM/ros_ws/install/astra_camera/include/openni2/Driver\n'}
[1.473669] (astra_camera) StdoutLine: {'line': b'-- Up-to-date: /SLAM/ros_ws/install/astra_camera/include/openni2/Win32\n'}
[1.473726] (astra_camera) StdoutLine: {'line': b'-- Up-to-date: /SLAM/ros_ws/install/astra_camera/include/openni2/Android-Arm\n'}
[1.473796] (astra_camera) StdoutLine: {'line': b'-- Up-to-date: /SLAM/ros_ws/install/astra_camera/include/openni2/Linux-x86\n'}
[1.473856] (astra_camera) StdoutLine: {'line': b'-- Up-to-date: /SLAM/ros_ws/install/astra_camera/include/openni2/MacOSX\n'}
[1.473913] (astra_camera) StdoutLine: {'line': b'-- Up-to-date: /SLAM/ros_ws/install/astra_camera/share/astra_camera//launch\n'}
[1.473970] (astra_camera) StdoutLine: {'line': b'-- Up-to-date: /SLAM/ros_ws/install/astra_camera/share/astra_camera//config\n'}
[1.474027] (astra_camera) StdoutLine: {'line': b'-- Up-to-date: /SLAM/ros_ws/install/astra_camera/share/astra_camera//params\n'}
[1.474083] (astra_camera) StdoutLine: {'line': b'-- Up-to-date: /SLAM/ros_ws/install/astra_camera/share/astra_camera//rviz\n'}
[1.474139] (astra_camera) StdoutLine: {'line': b'-- Installing: /SLAM/ros_ws/install/astra_camera/share/astra_camera/package.dsv\n'}
[1.475645] (astra_camera) CommandEnded: {'returncode': 0}
[1.502346] (-) TimerEvent: {}
[1.602663] (-) TimerEvent: {}
[1.658276] (astra_camera) JobEnded: {'identifier': 'astra_camera', 'rc': 0}
[1.658813] (-) EventReactorShutdown: {}
