[2.024s] Invoking command in '/SLAM/ros_ws/build/my_robot_controller': PYTHONPATH=/SLAM/ros_ws/build/my_robot_controller/prefix_override:/SLAM/ros_ws/install/my_robot_controller/lib/python3.10/site-packages:${PYTHONPATH} /usr/bin/python3 setup.py develop --editable --build-directory /SLAM/ros_ws/build/my_robot_controller/build --no-deps install_data
[4.006s] running develop
[4.006s] running egg_info
[4.006s] creating my_robot_controller.egg-info
[4.006s] writing my_robot_controller.egg-info/PKG-INFO
[4.006s] writing dependency_links to my_robot_controller.egg-info/dependency_links.txt
[4.006s] writing entry points to my_robot_controller.egg-info/entry_points.txt
[4.007s] writing requirements to my_robot_controller.egg-info/requires.txt
[4.007s] writing top-level names to my_robot_controller.egg-info/top_level.txt
[4.007s] writing manifest file 'my_robot_controller.egg-info/SOURCES.txt'
[4.007s] reading manifest file 'my_robot_controller.egg-info/SOURCES.txt'
[4.007s] writing manifest file 'my_robot_controller.egg-info/SOURCES.txt'
[4.007s] running build_ext
[4.007s] Creating /SLAM/ros_ws/install/my_robot_controller/lib/python3.10/site-packages/my-robot-controller.egg-link (link to .)
[4.007s] 
[4.008s] Installed /SLAM/ros_ws/build/my_robot_controller
[4.008s] running install_data
[4.008s] /usr/lib/python3/dist-packages/setuptools/dist.py:723: UserWarning: Usage of dash-separated 'script-dir' will not be supported in future versions. Please use the underscore name 'script_dir' instead
[4.008s]   warnings.warn(
[4.008s] /usr/lib/python3/dist-packages/setuptools/command/easy_install.py:158: EasyInstallDeprecationWarning: easy_install command is deprecated. Use build and pip and other standards-based tools.
[4.008s]   warnings.warn(
[4.008s] /usr/lib/python3/dist-packages/setuptools/command/install.py:34: SetuptoolsDeprecationWarning: setup.py install is deprecated. Use build and pip and other standards-based tools.
[4.008s]   warnings.warn(
[4.176s] Invoked command in '/SLAM/ros_ws/build/my_robot_controller' returned '0': PYTHONPATH=/SLAM/ros_ws/build/my_robot_controller/prefix_override:/SLAM/ros_ws/install/my_robot_controller/lib/python3.10/site-packages:${PYTHONPATH} /usr/bin/python3 setup.py develop --editable --build-directory /SLAM/ros_ws/build/my_robot_controller/build --no-deps install_data
