[0.480s] Invoking command in '/SLAM/ros_ws/build/image_view': CMAKE_PREFIX_PATH=${CMAKE_PREFIX_PATH}:/SLAM/ros_ws/install/camera_calibration:/opt/ros/humble /usr/bin/cmake /SLAM/ros_ws/src/image_pipeline/image_view -DCMAKE_INSTALL_PREFIX=/SLAM/ros_ws/install/image_view
[0.548s] -- The C compiler identification is GNU 11.4.0
[0.639s] -- The CXX compiler identification is GNU 11.4.0
[0.649s] -- Detecting C compiler ABI info
[0.754s] -- Detecting C compiler ABI info - done
[0.763s] -- Check for working C compiler: /usr/bin/cc - skipped
[0.763s] -- Detecting C compile features
[0.764s] -- Detecting C compile features - done
[0.768s] -- Detecting CXX compiler ABI info
[0.914s] -- Detecting CXX compiler ABI info - done
[0.924s] -- Check for working CXX compiler: /usr/bin/c++ - skipped
[0.924s] -- Detecting CXX compile features
[0.925s] -- Detecting CXX compile features - done
[0.928s] -- Found ament_cmake_auto: 1.3.6 (/opt/ros/humble/share/ament_cmake_auto/cmake)
[1.191s] -- Found Python3: /usr/bin/python3.10 (found version "3.10.12") found components: Interpreter 
[1.657s] -- Found rosidl_generator_c: 3.1.5 (/opt/ros/humble/share/rosidl_generator_c/cmake)
[1.669s] -- Found rosidl_adapter: 3.1.5 (/opt/ros/humble/share/rosidl_adapter/cmake)
[1.688s] -- Found rosidl_generator_cpp: 3.1.5 (/opt/ros/humble/share/rosidl_generator_cpp/cmake)
[1.720s] -- Using all available rosidl_typesupport_c: rosidl_typesupport_fastrtps_c;rosidl_typesupport_introspection_c
[1.757s] -- Using all available rosidl_typesupport_cpp: rosidl_typesupport_fastrtps_cpp;rosidl_typesupport_introspection_cpp
[1.862s] -- Found rmw_implementation_cmake: 6.1.1 (/opt/ros/humble/share/rmw_implementation_cmake/cmake)
[1.868s] -- Found rmw_fastrtps_cpp: 6.2.5 (/opt/ros/humble/share/rmw_fastrtps_cpp/cmake)
[2.030s] -- Found OpenSSL: /usr/lib/x86_64-linux-gnu/libcrypto.so (found version "3.0.2")  
[2.070s] -- Found FastRTPS: /opt/ros/humble/include  
[2.155s] -- Using RMW implementation 'rmw_fastrtps_cpp' as default
[2.175s] -- Looking for pthread.h
[2.274s] -- Looking for pthread.h - found
[2.275s] -- Performing Test CMAKE_HAVE_LIBC_PTHREAD
[2.358s] -- Performing Test CMAKE_HAVE_LIBC_PTHREAD - Success
[2.359s] -- Found Threads: TRUE  
[3.272s] -- Found Boost: /usr/lib/x86_64-linux-gnu/cmake/Boost-1.74.0/BoostConfig.cmake (found version "1.74.0")  
[3.281s] -- Found OpenCV: /usr (found version "4.5.4") 
[3.421s] -- Found ament_lint_auto: 0.12.9 (/opt/ros/humble/share/ament_lint_auto/cmake)
[3.518s] -- Added test 'copyright' to check source files copyright and LICENSE
[3.526s] -- Added test 'cppcheck' to perform static code analysis on C / C++ code
[3.535s] -- Configured cppcheck include dirs: /SLAM/ros_ws/src/image_pipeline/image_view/include
[3.535s] -- Configured cppcheck exclude dirs and/or files: 
[3.538s] -- Added test 'cpplint' to check C / C++ code against the Google style
[3.539s] -- Configured cpplint exclude dirs and/or files: 
[3.541s] -- Added test 'lint_cmake' to check CMake code style
[3.552s] -- Added test 'uncrustify' to check C / C++ code style
[3.552s] -- Configured uncrustify additional arguments: 
[3.553s] -- Added test 'xmllint' to check XML markup files
[3.571s] -- Configuring done
[3.815s] -- Generating done
[3.819s] -- Build files have been written to: /SLAM/ros_ws/build/image_view
[3.864s] Invoked command in '/SLAM/ros_ws/build/image_view' returned '0': CMAKE_PREFIX_PATH=${CMAKE_PREFIX_PATH}:/SLAM/ros_ws/install/camera_calibration:/opt/ros/humble /usr/bin/cmake /SLAM/ros_ws/src/image_pipeline/image_view -DCMAKE_INSTALL_PREFIX=/SLAM/ros_ws/install/image_view
[3.864s] Invoking command in '/SLAM/ros_ws/build/image_view': CMAKE_PREFIX_PATH=${CMAKE_PREFIX_PATH}:/SLAM/ros_ws/install/camera_calibration:/opt/ros/humble /usr/bin/cmake --build /SLAM/ros_ws/build/image_view -- -j16 -l16
[4.194s] [  5%] [32mBuilding CXX object CMakeFiles/image_view_nodes.dir/src/disparity_view_node.cpp.o[0m
[4.209s] [ 10%] [32mBuilding CXX object CMakeFiles/image_view_nodes.dir/src/extract_images_node.cpp.o[0m
[4.237s] [ 15%] [32mBuilding CXX object CMakeFiles/image_view_nodes.dir/src/image_view_node.cpp.o[0m
[4.237s] [ 21%] [32mBuilding CXX object CMakeFiles/image_view_nodes.dir/src/image_saver_node.cpp.o[0m
[4.270s] [ 26%] [32mBuilding CXX object CMakeFiles/image_view_nodes.dir/src/stereo_view_node.cpp.o[0m
[4.285s] [ 31%] [32mBuilding CXX object CMakeFiles/image_view_nodes.dir/src/video_recorder_node.cpp.o[0m
[35.150s] [ 36%] [32m[1mLinking CXX shared library libimage_view_nodes.so[0m
[36.177s] [ 36%] Built target image_view_nodes
[36.206s] [ 42%] [32mBuilding CXX object CMakeFiles/disparity_view.dir/src/disparity_view.cpp.o[0m
[39.198s] [ 47%] [32m[1mLinking CXX executable disparity_view[0m
[39.846s] [ 47%] Built target disparity_view
[39.873s] [ 52%] [32mBuilding CXX object CMakeFiles/video_recorder.dir/src/video_recorder.cpp.o[0m
[42.823s] [ 57%] [32m[1mLinking CXX executable video_recorder[0m
[43.468s] [ 57%] Built target video_recorder
[43.495s] [ 63%] [32mBuilding CXX object CMakeFiles/image_saver.dir/src/image_saver.cpp.o[0m
[46.469s] [ 68%] [32m[1mLinking CXX executable image_saver[0m
[47.109s] [ 68%] Built target image_saver
[47.136s] [ 73%] [32mBuilding CXX object CMakeFiles/extract_images.dir/src/extract_images.cpp.o[0m
[49.862s] [ 78%] [32m[1mLinking CXX executable extract_images[0m
[50.461s] [ 78%] Built target extract_images
[50.486s] [ 89%] [32mBuilding CXX object CMakeFiles/stereo_view.dir/src/stereo_view.cpp.o[0m
[50.487s] [ 89%] [32mBuilding CXX object CMakeFiles/image_view.dir/src/image_view.cpp.o[0m
[53.511s] [ 94%] [32m[1mLinking CXX executable image_view[0m
[53.567s] [100%] [32m[1mLinking CXX executable stereo_view[0m
[54.203s] [100%] Built target image_view
[54.252s] [100%] Built target stereo_view
