[1.746s] Invoking command in '/SLAM/ros_ws/src/image_pipeline/camera_calibration': PYTHONPATH=/SLAM/ros_ws/build/camera_calibration/prefix_override:/SLAM/ros_ws/install/camera_calibration/lib/python3.10/site-packages:${PYTHONPATH} /usr/bin/python3 setup.py egg_info --egg-base ../../../build/camera_calibration build --build-base /SLAM/ros_ws/build/camera_calibration/build install --record /SLAM/ros_ws/build/camera_calibration/install.log --single-version-externally-managed
[2.459s] running egg_info
[2.470s] writing ../../../build/camera_calibration/camera_calibration.egg-info/PKG-INFO
[2.472s] writing dependency_links to ../../../build/camera_calibration/camera_calibration.egg-info/dependency_links.txt
[2.473s] writing entry points to ../../../build/camera_calibration/camera_calibration.egg-info/entry_points.txt
[2.474s] writing requirements to ../../../build/camera_calibration/camera_calibration.egg-info/requires.txt
[2.475s] writing top-level names to ../../../build/camera_calibration/camera_calibration.egg-info/top_level.txt
[2.481s] reading manifest file '../../../build/camera_calibration/camera_calibration.egg-info/SOURCES.txt'
[2.485s] writing manifest file '../../../build/camera_calibration/camera_calibration.egg-info/SOURCES.txt'
[2.493s] running build
[2.493s] running build_py
[2.494s] running install
[2.495s] /usr/lib/python3/dist-packages/setuptools/command/install.py:34: SetuptoolsDeprecationWarning: setup.py install is deprecated. Use build and pip and other standards-based tools.
[2.495s]   warnings.warn(
[2.496s] running install_lib
[2.507s] running install_data
[2.509s] running install_egg_info
[2.512s] removing '/SLAM/ros_ws/install/camera_calibration/lib/python3.10/site-packages/camera_calibration-3.0.0-py3.10.egg-info' (and everything under it)
[2.526s] Copying ../../../build/camera_calibration/camera_calibration.egg-info to /SLAM/ros_ws/install/camera_calibration/lib/python3.10/site-packages/camera_calibration-3.0.0-py3.10.egg-info
[2.533s] running install_scripts
[2.610s] Installing cameracalibrator script to /SLAM/ros_ws/install/camera_calibration/lib/camera_calibration
[2.612s] Installing cameracheck script to /SLAM/ros_ws/install/camera_calibration/lib/camera_calibration
[2.612s] writing list of installed files to '/SLAM/ros_ws/build/camera_calibration/install.log'
[2.767s] Invoked command in '/SLAM/ros_ws/src/image_pipeline/camera_calibration' returned '0': PYTHONPATH=/SLAM/ros_ws/build/camera_calibration/prefix_override:/SLAM/ros_ws/install/camera_calibration/lib/python3.10/site-packages:${PYTHONPATH} /usr/bin/python3 setup.py egg_info --egg-base ../../../build/camera_calibration build --build-base /SLAM/ros_ws/build/camera_calibration/build install --record /SLAM/ros_ws/build/camera_calibration/install.log --single-version-externally-managed
