[0.063s] Invoking command in '/home/khanh/Documents/microros_ws/build/rosidl_typesupport_microxrcedds_cpp': CMAKE_PREFIX_PATH=/home/khanh/Documents/microros_ws/install/rosidl_typesupport_microxrcedds_c:/home/khanh/Documents/microros_ws/install/microcdr:/home/khanh/Documents/microros_ws/install/rosidl_typesupport_microxrcedds_cpp:/home/khanh/Documents/microros_ws/install/micro_ros_setup:/home/khanh/Documents/microros_ws/install/micro_ros_agent:/home/khanh/Documents/microros_ws/install/micro_ros_msgs:/opt/ros/humble LD_LIBRARY_PATH=/home/khanh/Documents/microros_ws/install/rosidl_typesupport_microxrcedds_c/lib:/home/khanh/Documents/microros_ws/install/microcdr/lib:/home/khanh/Documents/microros_ws/install/rosidl_typesupport_microxrcedds_cpp/lib:/home/khanh/Documents/microros_ws/install/micro_ros_agent/lib:/home/khanh/Documents/microros_ws/install/micro_ros_msgs/lib:/opt/ros/humble/opt/rviz_ogre_vendor/lib:/opt/ros/humble/lib/x86_64-linux-gnu:/opt/ros/humble/lib /usr/bin/cmake --build /home/khanh/Documents/microros_ws/build/rosidl_typesupport_microxrcedds_cpp -- -j16 -l16
[0.117s] [35m[1mConsolidate compiler generated dependencies of target rosidl_typesupport_microxrcedds_cpp[0m
[0.133s] [100%] Built target rosidl_typesupport_microxrcedds_cpp
[0.135s] [100%] Built target ament_cmake_python_copy_rosidl_typesupport_microxrcedds_cpp
[0.399s] running egg_info
[0.400s] writing rosidl_typesupport_microxrcedds_cpp.egg-info/PKG-INFO
[0.401s] writing dependency_links to rosidl_typesupport_microxrcedds_cpp.egg-info/dependency_links.txt
[0.401s] writing top-level names to rosidl_typesupport_microxrcedds_cpp.egg-info/top_level.txt
[0.405s] reading manifest file 'rosidl_typesupport_microxrcedds_cpp.egg-info/SOURCES.txt'
[0.406s] writing manifest file 'rosidl_typesupport_microxrcedds_cpp.egg-info/SOURCES.txt'
[0.467s] [100%] Built target ament_cmake_python_build_rosidl_typesupport_microxrcedds_cpp_egg
[0.495s] Invoked command in '/home/khanh/Documents/microros_ws/build/rosidl_typesupport_microxrcedds_cpp' returned '0': CMAKE_PREFIX_PATH=/home/khanh/Documents/microros_ws/install/rosidl_typesupport_microxrcedds_c:/home/khanh/Documents/microros_ws/install/microcdr:/home/khanh/Documents/microros_ws/install/rosidl_typesupport_microxrcedds_cpp:/home/khanh/Documents/microros_ws/install/micro_ros_setup:/home/khanh/Documents/microros_ws/install/micro_ros_agent:/home/khanh/Documents/microros_ws/install/micro_ros_msgs:/opt/ros/humble LD_LIBRARY_PATH=/home/khanh/Documents/microros_ws/install/rosidl_typesupport_microxrcedds_c/lib:/home/khanh/Documents/microros_ws/install/microcdr/lib:/home/khanh/Documents/microros_ws/install/rosidl_typesupport_microxrcedds_cpp/lib:/home/khanh/Documents/microros_ws/install/micro_ros_agent/lib:/home/khanh/Documents/microros_ws/install/micro_ros_msgs/lib:/opt/ros/humble/opt/rviz_ogre_vendor/lib:/opt/ros/humble/lib/x86_64-linux-gnu:/opt/ros/humble/lib /usr/bin/cmake --build /home/khanh/Documents/microros_ws/build/rosidl_typesupport_microxrcedds_cpp -- -j16 -l16
[0.612s] Invoking command in '/home/khanh/Documents/microros_ws/build/rosidl_typesupport_microxrcedds_cpp': CMAKE_PREFIX_PATH=/home/khanh/Documents/microros_ws/install/rosidl_typesupport_microxrcedds_c:/home/khanh/Documents/microros_ws/install/microcdr:/home/khanh/Documents/microros_ws/install/rosidl_typesupport_microxrcedds_cpp:/home/khanh/Documents/microros_ws/install/micro_ros_setup:/home/khanh/Documents/microros_ws/install/micro_ros_agent:/home/khanh/Documents/microros_ws/install/micro_ros_msgs:/opt/ros/humble LD_LIBRARY_PATH=/home/khanh/Documents/microros_ws/install/rosidl_typesupport_microxrcedds_c/lib:/home/khanh/Documents/microros_ws/install/microcdr/lib:/home/khanh/Documents/microros_ws/install/rosidl_typesupport_microxrcedds_cpp/lib:/home/khanh/Documents/microros_ws/install/micro_ros_agent/lib:/home/khanh/Documents/microros_ws/install/micro_ros_msgs/lib:/opt/ros/humble/opt/rviz_ogre_vendor/lib:/opt/ros/humble/lib/x86_64-linux-gnu:/opt/ros/humble/lib /usr/bin/cmake --install /home/khanh/Documents/microros_ws/build/rosidl_typesupport_microxrcedds_cpp
[0.621s] -- Install configuration: ""
[0.622s] -- Up-to-date: /home/khanh/Documents/microros_ws/install/rosidl_typesupport_microxrcedds_cpp/share/rosidl_typesupport_microxrcedds_cpp/environment/pythonpath.sh
[0.622s] -- Up-to-date: /home/khanh/Documents/microros_ws/install/rosidl_typesupport_microxrcedds_cpp/share/rosidl_typesupport_microxrcedds_cpp/environment/pythonpath.dsv
[0.622s] -- Up-to-date: /home/khanh/Documents/microros_ws/install/rosidl_typesupport_microxrcedds_cpp/local/lib/python3.10/dist-packages/rosidl_typesupport_microxrcedds_cpp-3.0.1-py3.10.egg-info
[0.622s] -- Installing: /home/khanh/Documents/microros_ws/install/rosidl_typesupport_microxrcedds_cpp/local/lib/python3.10/dist-packages/rosidl_typesupport_microxrcedds_cpp-3.0.1-py3.10.egg-info/PKG-INFO
[0.622s] -- Installing: /home/khanh/Documents/microros_ws/install/rosidl_typesupport_microxrcedds_cpp/local/lib/python3.10/dist-packages/rosidl_typesupport_microxrcedds_cpp-3.0.1-py3.10.egg-info/dependency_links.txt
[0.622s] -- Installing: /home/khanh/Documents/microros_ws/install/rosidl_typesupport_microxrcedds_cpp/local/lib/python3.10/dist-packages/rosidl_typesupport_microxrcedds_cpp-3.0.1-py3.10.egg-info/top_level.txt
[0.623s] -- Installing: /home/khanh/Documents/microros_ws/install/rosidl_typesupport_microxrcedds_cpp/local/lib/python3.10/dist-packages/rosidl_typesupport_microxrcedds_cpp-3.0.1-py3.10.egg-info/SOURCES.txt
[0.623s] -- Up-to-date: /home/khanh/Documents/microros_ws/install/rosidl_typesupport_microxrcedds_cpp/local/lib/python3.10/dist-packages/rosidl_typesupport_microxrcedds_cpp
[0.623s] -- Up-to-date: /home/khanh/Documents/microros_ws/install/rosidl_typesupport_microxrcedds_cpp/local/lib/python3.10/dist-packages/rosidl_typesupport_microxrcedds_cpp/__init__.py
[0.666s] Listing '/home/khanh/Documents/microros_ws/install/rosidl_typesupport_microxrcedds_cpp/local/lib/python3.10/dist-packages/rosidl_typesupport_microxrcedds_cpp'...
[0.674s] -- Up-to-date: /home/khanh/Documents/microros_ws/install/rosidl_typesupport_microxrcedds_cpp/share/rosidl_typesupport_microxrcedds_cpp/environment/library_path.sh
[0.674s] -- Up-to-date: /home/khanh/Documents/microros_ws/install/rosidl_typesupport_microxrcedds_cpp/share/rosidl_typesupport_microxrcedds_cpp/environment/library_path.dsv
[0.674s] -- Up-to-date: /home/khanh/Documents/microros_ws/install/rosidl_typesupport_microxrcedds_cpp/share/ament_index/resource_index/rosidl_typesupport_cpp/rosidl_typesupport_microxrcedds_cpp
[0.674s] -- Up-to-date: /home/khanh/Documents/microros_ws/install/rosidl_typesupport_microxrcedds_cpp/share/ament_index/resource_index/package_run_dependencies/rosidl_typesupport_microxrcedds_cpp
[0.675s] -- Up-to-date: /home/khanh/Documents/microros_ws/install/rosidl_typesupport_microxrcedds_cpp/share/ament_index/resource_index/parent_prefix_path/rosidl_typesupport_microxrcedds_cpp
[0.675s] -- Up-to-date: /home/khanh/Documents/microros_ws/install/rosidl_typesupport_microxrcedds_cpp/share/rosidl_typesupport_microxrcedds_cpp/environment/ament_prefix_path.sh
[0.675s] -- Up-to-date: /home/khanh/Documents/microros_ws/install/rosidl_typesupport_microxrcedds_cpp/share/rosidl_typesupport_microxrcedds_cpp/environment/ament_prefix_path.dsv
[0.675s] -- Up-to-date: /home/khanh/Documents/microros_ws/install/rosidl_typesupport_microxrcedds_cpp/share/rosidl_typesupport_microxrcedds_cpp/environment/path.sh
[0.675s] -- Up-to-date: /home/khanh/Documents/microros_ws/install/rosidl_typesupport_microxrcedds_cpp/share/rosidl_typesupport_microxrcedds_cpp/environment/path.dsv
[0.676s] -- Up-to-date: /home/khanh/Documents/microros_ws/install/rosidl_typesupport_microxrcedds_cpp/share/rosidl_typesupport_microxrcedds_cpp/local_setup.bash
[0.676s] -- Up-to-date: /home/khanh/Documents/microros_ws/install/rosidl_typesupport_microxrcedds_cpp/share/rosidl_typesupport_microxrcedds_cpp/local_setup.sh
[0.676s] -- Up-to-date: /home/khanh/Documents/microros_ws/install/rosidl_typesupport_microxrcedds_cpp/share/rosidl_typesupport_microxrcedds_cpp/local_setup.zsh
[0.676s] -- Up-to-date: /home/khanh/Documents/microros_ws/install/rosidl_typesupport_microxrcedds_cpp/share/rosidl_typesupport_microxrcedds_cpp/local_setup.dsv
[0.676s] -- Up-to-date: /home/khanh/Documents/microros_ws/install/rosidl_typesupport_microxrcedds_cpp/share/rosidl_typesupport_microxrcedds_cpp/package.dsv
[0.677s] -- Up-to-date: /home/khanh/Documents/microros_ws/install/rosidl_typesupport_microxrcedds_cpp/share/ament_index/resource_index/packages/rosidl_typesupport_microxrcedds_cpp
[0.677s] -- Up-to-date: /home/khanh/Documents/microros_ws/install/rosidl_typesupport_microxrcedds_cpp/share/rosidl_typesupport_microxrcedds_cpp/cmake/rosidl_typesupport_microxrcedds_cppExport.cmake
[0.677s] -- Up-to-date: /home/khanh/Documents/microros_ws/install/rosidl_typesupport_microxrcedds_cpp/share/rosidl_typesupport_microxrcedds_cpp/cmake/rosidl_typesupport_microxrcedds_cppExport-noconfig.cmake
[0.677s] -- Up-to-date: /home/khanh/Documents/microros_ws/install/rosidl_typesupport_microxrcedds_cpp/share/rosidl_typesupport_microxrcedds_cpp/cmake/rosidl_typesupport_microxrcedds_cpp-extras.cmake
[0.677s] -- Up-to-date: /home/khanh/Documents/microros_ws/install/rosidl_typesupport_microxrcedds_cpp/share/rosidl_typesupport_microxrcedds_cpp/cmake/ament_cmake_export_dependencies-extras.cmake
[0.677s] -- Up-to-date: /home/khanh/Documents/microros_ws/install/rosidl_typesupport_microxrcedds_cpp/share/rosidl_typesupport_microxrcedds_cpp/cmake/ament_cmake_export_include_directories-extras.cmake
[0.677s] -- Up-to-date: /home/khanh/Documents/microros_ws/install/rosidl_typesupport_microxrcedds_cpp/share/rosidl_typesupport_microxrcedds_cpp/cmake/ament_cmake_export_libraries-extras.cmake
[0.678s] -- Up-to-date: /home/khanh/Documents/microros_ws/install/rosidl_typesupport_microxrcedds_cpp/share/rosidl_typesupport_microxrcedds_cpp/cmake/ament_cmake_export_targets-extras.cmake
[0.678s] -- Up-to-date: /home/khanh/Documents/microros_ws/install/rosidl_typesupport_microxrcedds_cpp/share/rosidl_typesupport_microxrcedds_cpp/cmake/rosidl_typesupport_microxrcedds_cppConfig.cmake
[0.678s] -- Up-to-date: /home/khanh/Documents/microros_ws/install/rosidl_typesupport_microxrcedds_cpp/share/rosidl_typesupport_microxrcedds_cpp/cmake/rosidl_typesupport_microxrcedds_cppConfig-version.cmake
[0.678s] -- Up-to-date: /home/khanh/Documents/microros_ws/install/rosidl_typesupport_microxrcedds_cpp/share/rosidl_typesupport_microxrcedds_cpp/package.xml
[0.678s] -- Up-to-date: /home/khanh/Documents/microros_ws/install/rosidl_typesupport_microxrcedds_cpp/lib/rosidl_typesupport_microxrcedds_cpp/rosidl_typesupport_microxrcedds_cpp
[0.679s] -- Up-to-date: /home/khanh/Documents/microros_ws/install/rosidl_typesupport_microxrcedds_cpp/share/rosidl_typesupport_microxrcedds_cpp/cmake
[0.679s] -- Up-to-date: /home/khanh/Documents/microros_ws/install/rosidl_typesupport_microxrcedds_cpp/share/rosidl_typesupport_microxrcedds_cpp/cmake/rosidl_typesupport_microxrcedds_cpp_generate_interfaces.cmake
[0.679s] -- Up-to-date: /home/khanh/Documents/microros_ws/install/rosidl_typesupport_microxrcedds_cpp/share/rosidl_typesupport_microxrcedds_cpp/resource
[0.679s] -- Up-to-date: /home/khanh/Documents/microros_ws/install/rosidl_typesupport_microxrcedds_cpp/share/rosidl_typesupport_microxrcedds_cpp/resource/srv__type_support_cpp.cpp.em
[0.679s] -- Up-to-date: /home/khanh/Documents/microros_ws/install/rosidl_typesupport_microxrcedds_cpp/share/rosidl_typesupport_microxrcedds_cpp/resource/srv__rosidl_typesupport_microxrcedds_cpp.hpp.em
[0.679s] -- Up-to-date: /home/khanh/Documents/microros_ws/install/rosidl_typesupport_microxrcedds_cpp/share/rosidl_typesupport_microxrcedds_cpp/resource/msg__type_support_cpp.cpp.em
[0.679s] -- Up-to-date: /home/khanh/Documents/microros_ws/install/rosidl_typesupport_microxrcedds_cpp/share/rosidl_typesupport_microxrcedds_cpp/resource/msg__rosidl_typesupport_microxrcedds_cpp.hpp.em
[0.680s] -- Up-to-date: /home/khanh/Documents/microros_ws/install/rosidl_typesupport_microxrcedds_cpp/share/rosidl_typesupport_microxrcedds_cpp/resource/idl__rosidl_typesupport_microxrcedds_cpp.hpp.em
[0.680s] -- Up-to-date: /home/khanh/Documents/microros_ws/install/rosidl_typesupport_microxrcedds_cpp/share/rosidl_typesupport_microxrcedds_cpp/resource/rosidl_typesupport_microxrcedds_cpp__visibility_control.h.in
[0.681s] -- Up-to-date: /home/khanh/Documents/microros_ws/install/rosidl_typesupport_microxrcedds_cpp/share/rosidl_typesupport_microxrcedds_cpp/resource/idl__type_support_cpp.cpp.em
[0.682s] -- Up-to-date: /home/khanh/Documents/microros_ws/install/rosidl_typesupport_microxrcedds_cpp/include
[0.682s] -- Up-to-date: /home/khanh/Documents/microros_ws/install/rosidl_typesupport_microxrcedds_cpp/include/rosidl_typesupport_microxrcedds_cpp
[0.683s] -- Up-to-date: /home/khanh/Documents/microros_ws/install/rosidl_typesupport_microxrcedds_cpp/include/rosidl_typesupport_microxrcedds_cpp/identifier.hpp
[0.683s] -- Up-to-date: /home/khanh/Documents/microros_ws/install/rosidl_typesupport_microxrcedds_cpp/include/rosidl_typesupport_microxrcedds_cpp/visibility_control.h
[0.683s] -- Up-to-date: /home/khanh/Documents/microros_ws/install/rosidl_typesupport_microxrcedds_cpp/include/rosidl_typesupport_microxrcedds_cpp/service_type_support_decl.hpp
[0.683s] -- Up-to-date: /home/khanh/Documents/microros_ws/install/rosidl_typesupport_microxrcedds_cpp/include/rosidl_typesupport_microxrcedds_cpp/message_type_support_decl.hpp
[0.684s] -- Up-to-date: /home/khanh/Documents/microros_ws/install/rosidl_typesupport_microxrcedds_cpp/include/rosidl_typesupport_microxrcedds_cpp/identifier.h
[0.684s] -- Up-to-date: /home/khanh/Documents/microros_ws/install/rosidl_typesupport_microxrcedds_cpp/lib/librosidl_typesupport_microxrcedds_cpp.so
[0.685s] Invoked command in '/home/khanh/Documents/microros_ws/build/rosidl_typesupport_microxrcedds_cpp' returned '0': CMAKE_PREFIX_PATH=/home/khanh/Documents/microros_ws/install/rosidl_typesupport_microxrcedds_c:/home/khanh/Documents/microros_ws/install/microcdr:/home/khanh/Documents/microros_ws/install/rosidl_typesupport_microxrcedds_cpp:/home/khanh/Documents/microros_ws/install/micro_ros_setup:/home/khanh/Documents/microros_ws/install/micro_ros_agent:/home/khanh/Documents/microros_ws/install/micro_ros_msgs:/opt/ros/humble LD_LIBRARY_PATH=/home/khanh/Documents/microros_ws/install/rosidl_typesupport_microxrcedds_c/lib:/home/khanh/Documents/microros_ws/install/microcdr/lib:/home/khanh/Documents/microros_ws/install/rosidl_typesupport_microxrcedds_cpp/lib:/home/khanh/Documents/microros_ws/install/micro_ros_agent/lib:/home/khanh/Documents/microros_ws/install/micro_ros_msgs/lib:/opt/ros/humble/opt/rviz_ogre_vendor/lib:/opt/ros/humble/lib/x86_64-linux-gnu:/opt/ros/humble/lib /usr/bin/cmake --install /home/khanh/Documents/microros_ws/build/rosidl_typesupport_microxrcedds_cpp
