[0.049s] Invoking command in '/SLAM/ros_ws/build/rtabmap_odom': AMENT_PREFIX_PATH=/SLAM/ros_ws/install/rtabmap_conversions:${AMENT_PREFIX_PATH} CMAKE_PREFIX_PATH=/SLAM/ros_ws/install/rtabmap_util:/SLAM/ros_ws/install/rtabmap_sync:/SLAM/ros_ws/install/rtabmap_conversions:/opt/ros/humble:/SLAM/ros_ws/install/rtabmap_msgs:/SLAM/ros_ws/install/rtabmap LD_LIBRARY_PATH=/SLAM/ros_ws/install/rtabmap_util/lib:/SLAM/ros_ws/install/rtabmap_sync/lib:/SLAM/ros_ws/install/rtabmap_conversions/lib:/SLAM/ros_ws/install/rtabmap_msgs/lib:/SLAM/ros_ws/install/rtabmap/lib:${LD_LIBRARY_PATH} PATH=/SLAM/ros_ws/install/rtabmap/bin:${PATH} PKG_CONFIG_PATH=/SLAM/ros_ws/install/rtabmap_msgs/lib/x86_64-linux-gnu/pkgconfig:/SLAM/ros_ws/install/rtabmap_msgs/lib/pkgconfig:/SLAM/ros_ws/install/rtabmap/lib/x86_64-linux-gnu/pkgconfig:/SLAM/ros_ws/install/rtabmap/lib/pkgconfig PYTHONPATH=/SLAM/ros_ws/install/rtabmap_msgs/local/lib/python3.10/dist-packages:${PYTHONPATH} ROS_PACKAGE_PATH=/SLAM/ros_ws/install/rtabmap_msgs/share /usr/bin/cmake /SLAM/ros_ws/src/rtabmap_ros/rtabmap_odom -DAMENT_CMAKE_SYMLINK_INSTALL=1 -DCMAKE_INSTALL_PREFIX=/SLAM/ros_ws/install/rtabmap_odom
[0.146s] -- The C compiler identification is GNU 11.4.0
[0.193s] -- The CXX compiler identification is GNU 11.4.0
[0.199s] -- Detecting C compiler ABI info
[0.264s] -- Detecting C compiler ABI info - done
[0.270s] -- Check for working C compiler: /usr/bin/cc - skipped
[0.270s] -- Detecting C compile features
[0.270s] -- Detecting C compile features - done
[0.272s] -- Detecting CXX compiler ABI info
[0.347s] -- Detecting CXX compiler ABI info - done
[0.352s] -- Check for working CXX compiler: /usr/bin/c++ - skipped
[0.353s] -- Detecting CXX compile features
[0.353s] -- Detecting CXX compile features - done
[0.357s] -- Found ament_cmake_ros: 0.10.0 (/opt/ros/humble/share/ament_cmake_ros/cmake)
[0.517s] -- Found Python3: /usr/bin/python3.10 (found version "3.10.12") found components: Interpreter 
[0.566s] -- Override CMake install command with custom implementation using symlinks instead of copying resources
[0.626s] -- Found cv_bridge: 3.2.1 (/opt/ros/humble/share/cv_bridge/cmake)
[0.694s] -- Found rosidl_generator_c: 3.1.5 (/opt/ros/humble/share/rosidl_generator_c/cmake)
[0.701s] -- Found rosidl_adapter: 3.1.5 (/opt/ros/humble/share/rosidl_adapter/cmake)
[0.714s] -- Found rosidl_generator_cpp: 3.1.5 (/opt/ros/humble/share/rosidl_generator_cpp/cmake)
[0.730s] -- Using all available rosidl_typesupport_c: rosidl_typesupport_fastrtps_c;rosidl_typesupport_introspection_c
[0.752s] -- Using all available rosidl_typesupport_cpp: rosidl_typesupport_fastrtps_cpp;rosidl_typesupport_introspection_cpp
[0.938s] -- Found image_geometry: 3.2.1 (/opt/ros/humble/share/image_geometry/cmake)
[0.947s] -- Found laser_geometry: 2.4.0 (/opt/ros/humble/share/laser_geometry/cmake)
[1.036s] -- Found rmw_implementation_cmake: 6.1.1 (/opt/ros/humble/share/rmw_implementation_cmake/cmake)
[1.040s] -- Found rmw_fastrtps_cpp: 6.2.5 (/opt/ros/humble/share/rmw_fastrtps_cpp/cmake)
[1.167s] -- Found OpenSSL: /usr/lib/x86_64-linux-gnu/libcrypto.so (found version "3.0.2")  
[1.202s] -- Found FastRTPS: /opt/ros/humble/include  
[1.266s] -- Using RMW implementation 'rmw_fastrtps_cpp' as default
[1.281s] -- Looking for pthread.h
[1.354s] -- Looking for pthread.h - found
[1.354s] -- Performing Test CMAKE_HAVE_LIBC_PTHREAD
[1.429s] -- Performing Test CMAKE_HAVE_LIBC_PTHREAD - Success
[1.430s] -- Found Threads: TRUE  
[1.570s] -- Found message_filters: 4.3.3 (/opt/ros/humble/share/message_filters/cmake)
[1.579s] -- Found nav_msgs: 4.2.3 (/opt/ros/humble/share/nav_msgs/cmake)
[1.652s] -- Found pcl_conversions: 2.4.0 (/opt/ros/humble/share/pcl_conversions/cmake)
[1.750s] -- Found pcl_ros: 2.4.0 (/opt/ros/humble/share/pcl_ros/cmake)
[1.836s] -- Found Eigen3: TRUE (found version "3.4.0") 
[1.836s] -- Ensuring Eigen3 include directory is part of orocos-kdl CMake target
[2.148s] -- Checking for module 'eigen3'
[2.163s] --   Found eigen3, version 3.4.0
[2.200s] -- Found Eigen: /usr/include/eigen3 (Required is at least version "3.1") 
[2.201s] -- Eigen found (include: /usr/include/eigen3, version: 3.4.0)
[2.259s] -- Checking for module 'flann'
[2.273s] --   Found flann, version 1.9.1
[2.318s] -- Found FLANN: /usr/lib/x86_64-linux-gnu/libflann_cpp.so  
[2.318s] -- FLANN found (include: /usr/include, lib: /usr/lib/x86_64-linux-gnu/libflann_cpp.so)
[3.197s] -- Checking for module 'libusb-1.0'
[3.211s] --   Found libusb-1.0, version 1.0.25
[3.255s] -- Found libusb: /usr/lib/x86_64-linux-gnu/libusb-1.0.so  
[3.255s] -- OpenNI found (version: 1.5.4.0, include: /usr/include/ni, lib: /usr/lib/libOpenNI.so;libusb::libusb)
[3.316s] -- OpenNI2 found (version: 2.2.0.33, include: /usr/include/openni2, lib: /usr/lib/x86_64-linux-gnu/libOpenNI2.so;libusb::libusb)
[3.444s] -- Eigen found (include: /usr/include/eigen3, version: 3.4.0)
[3.450s] -- OpenNI found (version: 1.5.4.0, include: /usr/include/ni, lib: /usr/lib/libOpenNI.so;libusb::libusb)
[3.456s] -- OpenNI2 found (version: 2.2.0.33, include: /usr/include/openni2, lib: /usr/lib/x86_64-linux-gnu/libOpenNI2.so;libusb::libusb)
[3.579s] -- Found Qhull version 8.0.2
[3.701s] -- OpenNI found (version: 1.5.4.0, include: /usr/include/ni, lib: /usr/lib/libOpenNI.so;libusb::libusb)
[3.816s] -- Found PCL_COMMON: /usr/lib/x86_64-linux-gnu/libpcl_common.so  
[3.817s] -- Found PCL_KDTREE: /usr/lib/x86_64-linux-gnu/libpcl_kdtree.so  
[3.818s] -- Found PCL_OCTREE: /usr/lib/x86_64-linux-gnu/libpcl_octree.so  
[3.819s] -- Found PCL_SEARCH: /usr/lib/x86_64-linux-gnu/libpcl_search.so  
[3.819s] -- Found PCL_SAMPLE_CONSENSUS: /usr/lib/x86_64-linux-gnu/libpcl_sample_consensus.so  
[3.820s] -- Found PCL_FILTERS: /usr/lib/x86_64-linux-gnu/libpcl_filters.so  
[3.820s] -- Found PCL_2D: /usr/include/pcl-1.12  
[3.821s] -- Found PCL_GEOMETRY: /usr/include/pcl-1.12  
[3.821s] -- Found PCL_IO: /usr/lib/x86_64-linux-gnu/libpcl_io.so  
[3.822s] -- Found PCL_FEATURES: /usr/lib/x86_64-linux-gnu/libpcl_features.so  
[3.823s] -- Found PCL_ML: /usr/lib/x86_64-linux-gnu/libpcl_ml.so  
[3.823s] -- Found PCL_SEGMENTATION: /usr/lib/x86_64-linux-gnu/libpcl_segmentation.so  
[3.824s] -- Found PCL_VISUALIZATION: /usr/lib/x86_64-linux-gnu/libpcl_visualization.so  
[3.825s] -- Found PCL_SURFACE: /usr/lib/x86_64-linux-gnu/libpcl_surface.so  
[3.825s] -- Found PCL_REGISTRATION: /usr/lib/x86_64-linux-gnu/libpcl_registration.so  
[3.826s] -- Found PCL_KEYPOINTS: /usr/lib/x86_64-linux-gnu/libpcl_keypoints.so  
[3.827s] -- Found PCL_TRACKING: /usr/lib/x86_64-linux-gnu/libpcl_tracking.so  
[3.827s] -- Found PCL_RECOGNITION: /usr/lib/x86_64-linux-gnu/libpcl_recognition.so  
[3.828s] -- Found PCL_STEREO: /usr/lib/x86_64-linux-gnu/libpcl_stereo.so  
[3.829s] -- Found PCL_APPS: /usr/lib/x86_64-linux-gnu/libpcl_apps.so  
[3.829s] -- Found PCL_IN_HAND_SCANNER: /usr/include/pcl-1.12  
[3.830s] -- Found PCL_MODELER: /usr/include/pcl-1.12  
[3.830s] -- Found PCL_POINT_CLOUD_EDITOR: /usr/include/pcl-1.12  
[3.831s] -- Found PCL_OUTOFCORE: /usr/lib/x86_64-linux-gnu/libpcl_outofcore.so  
[3.832s] -- Found PCL_PEOPLE: /usr/lib/x86_64-linux-gnu/libpcl_people.so  
[3.846s] -- Found pluginlib: 5.1.0 (/opt/ros/humble/share/pluginlib/cmake)
[3.875s] -- Found rtabmap_conversions: 0.21.3 (/SLAM/ros_ws/install/rtabmap_conversions/share/rtabmap_conversions/cmake)
[4.067s] [31mCMake Error at CMakeLists.txt:27 (find_package):
[4.067s]   By not providing "Findrtabmap_util.cmake" in CMAKE_MODULE_PATH this project
[4.067s]   has asked CMake to find a package configuration file provided by
[4.067s]   "rtabmap_util", but CMake did not find one.
[4.067s] 
[4.068s]   Could not find a package configuration file provided by "rtabmap_util" with
[4.068s]   any of the following names:
[4.068s] 
[4.068s]     rtabmap_utilConfig.cmake
[4.068s]     rtabmap_util-config.cmake
[4.068s] 
[4.068s]   Add the installation prefix of "rtabmap_util" to CMAKE_PREFIX_PATH or set
[4.068s]   "rtabmap_util_DIR" to a directory containing one of the above files.  If
[4.068s]   "rtabmap_util" provides a separate development package or SDK, be sure it
[4.068s]   has been installed.
[4.068s] 
[4.068s] [0m
[4.068s] -- Configuring incomplete, errors occurred!
[4.068s] See also "/SLAM/ros_ws/build/rtabmap_odom/CMakeFiles/CMakeOutput.log".
[4.081s] Invoked command in '/SLAM/ros_ws/build/rtabmap_odom' returned '1': AMENT_PREFIX_PATH=/SLAM/ros_ws/install/rtabmap_conversions:${AMENT_PREFIX_PATH} CMAKE_PREFIX_PATH=/SLAM/ros_ws/install/rtabmap_util:/SLAM/ros_ws/install/rtabmap_sync:/SLAM/ros_ws/install/rtabmap_conversions:/opt/ros/humble:/SLAM/ros_ws/install/rtabmap_msgs:/SLAM/ros_ws/install/rtabmap LD_LIBRARY_PATH=/SLAM/ros_ws/install/rtabmap_util/lib:/SLAM/ros_ws/install/rtabmap_sync/lib:/SLAM/ros_ws/install/rtabmap_conversions/lib:/SLAM/ros_ws/install/rtabmap_msgs/lib:/SLAM/ros_ws/install/rtabmap/lib:${LD_LIBRARY_PATH} PATH=/SLAM/ros_ws/install/rtabmap/bin:${PATH} PKG_CONFIG_PATH=/SLAM/ros_ws/install/rtabmap_msgs/lib/x86_64-linux-gnu/pkgconfig:/SLAM/ros_ws/install/rtabmap_msgs/lib/pkgconfig:/SLAM/ros_ws/install/rtabmap/lib/x86_64-linux-gnu/pkgconfig:/SLAM/ros_ws/install/rtabmap/lib/pkgconfig PYTHONPATH=/SLAM/ros_ws/install/rtabmap_msgs/local/lib/python3.10/dist-packages:${PYTHONPATH} ROS_PACKAGE_PATH=/SLAM/ros_ws/install/rtabmap_msgs/share /usr/bin/cmake /SLAM/ros_ws/src/rtabmap_ros/rtabmap_odom -DAMENT_CMAKE_SYMLINK_INSTALL=1 -DCMAKE_INSTALL_PREFIX=/SLAM/ros_ws/install/rtabmap_odom
