[0.829s] DEBUG:colcon:Command line arguments: ['/usr/bin/colcon', 'build', '--event-handlers', 'console_direct+', '--cmake-args', '-DCMAKE_BUILD_TYPE=Release']
[0.829s] DEBUG:colcon:Parsed command line arguments: Namespace(log_base=None, log_level=None, verb_name='build', build_base='build', install_base='install', merge_install=False, symlink_install=False, test_result_base=None, continue_on_error=False, executor='parallel', parallel_workers=16, event_handlers=['console_direct+'], ignore_user_meta=False, metas=['./colcon.meta'], base_paths=['.'], packages_ignore=None, packages_ignore_regex=None, paths=None, packages_up_to=None, packages_up_to_regex=None, packages_above=None, packages_above_and_dependencies=None, packages_above_depth=None, packages_select_by_dep=None, packages_skip_by_dep=None, packages_skip_up_to=None, packages_select_build_failed=False, packages_skip_build_finished=False, packages_select_test_failures=False, packages_skip_test_passed=False, packages_select=None, packages_skip=None, packages_select_regex=None, packages_skip_regex=None, packages_start=None, packages_end=None, cmake_args=['-DCMAKE_BUILD_TYPE=Release'], cmake_target=None, cmake_target_skip_unavailable=False, cmake_clean_cache=False, cmake_clean_first=False, cmake_force_configure=False, ament_cmake_args=None, catkin_cmake_args=None, catkin_skip_building_tests=False, mixin_files=None, mixin=None, verb_parser=<colcon_mixin.mixin.mixin_argument.MixinArgumentDecorator object at 0x7ff806c9f460>, verb_extension=<colcon_core.verb.build.BuildVerb object at 0x7ff806c238e0>, main=<bound method BuildVerb.main of <colcon_core.verb.build.BuildVerb object at 0x7ff806c238e0>>, mixin_verb=('build',))
[0.865s] Level 1:colcon.colcon_core.package_discovery:discover_packages(colcon_meta) check parameters
[0.865s] Level 1:colcon.colcon_core.package_discovery:discover_packages(recursive) check parameters
[0.865s] Level 1:colcon.colcon_core.package_discovery:discover_packages(ignore) check parameters
[0.865s] Level 1:colcon.colcon_core.package_discovery:discover_packages(path) check parameters
[0.865s] Level 1:colcon.colcon_core.package_discovery:discover_packages(colcon_meta) discover
[0.865s] Level 1:colcon.colcon_core.package_discovery:discover_packages(recursive) discover
[0.865s] INFO:colcon.colcon_core.package_discovery:Crawling recursively for packages in '/SLAM/ros_ws'
[0.865s] Level 1:colcon.colcon_core.package_identification:_identify(.) by extensions ['ignore', 'ignore_ament_install']
[0.865s] Level 1:colcon.colcon_core.package_identification:_identify(.) by extension 'ignore'
[0.865s] Level 1:colcon.colcon_core.package_identification:_identify(.) by extension 'ignore_ament_install'
[0.865s] Level 1:colcon.colcon_core.package_identification:_identify(.) by extensions ['colcon_pkg']
[0.865s] Level 1:colcon.colcon_core.package_identification:_identify(.) by extension 'colcon_pkg'
[0.865s] Level 1:colcon.colcon_core.package_identification:_identify(.) by extensions ['colcon_meta']
[0.865s] Level 1:colcon.colcon_core.package_identification:_identify(.) by extension 'colcon_meta'
[0.865s] Level 1:colcon.colcon_core.package_identification:_identify(.) by extensions ['ros']
[0.865s] Level 1:colcon.colcon_core.package_identification:_identify(.) by extension 'ros'
[0.874s] Level 1:colcon.colcon_core.package_identification:_identify(.) by extensions ['cmake', 'python']
[0.874s] Level 1:colcon.colcon_core.package_identification:_identify(.) by extension 'cmake'
[0.874s] Level 1:colcon.colcon_core.package_identification:_identify(.) by extension 'python'
[0.874s] Level 1:colcon.colcon_core.package_identification:_identify(.) by extensions ['python_setup_py']
[0.874s] Level 1:colcon.colcon_core.package_identification:_identify(.) by extension 'python_setup_py'
[0.874s] Level 1:colcon.colcon_core.package_identification:_identify(Log) by extensions ['ignore', 'ignore_ament_install']
[0.874s] Level 1:colcon.colcon_core.package_identification:_identify(Log) by extension 'ignore'
[0.874s] Level 1:colcon.colcon_core.package_identification:_identify(Log) by extension 'ignore_ament_install'
[0.874s] Level 1:colcon.colcon_core.package_identification:_identify(Log) by extensions ['colcon_pkg']
[0.874s] Level 1:colcon.colcon_core.package_identification:_identify(Log) by extension 'colcon_pkg'
[0.874s] Level 1:colcon.colcon_core.package_identification:_identify(Log) by extensions ['colcon_meta']
[0.874s] Level 1:colcon.colcon_core.package_identification:_identify(Log) by extension 'colcon_meta'
[0.874s] Level 1:colcon.colcon_core.package_identification:_identify(Log) by extensions ['ros']
[0.874s] Level 1:colcon.colcon_core.package_identification:_identify(Log) by extension 'ros'
[0.874s] Level 1:colcon.colcon_core.package_identification:_identify(Log) by extensions ['cmake', 'python']
[0.874s] Level 1:colcon.colcon_core.package_identification:_identify(Log) by extension 'cmake'
[0.874s] Level 1:colcon.colcon_core.package_identification:_identify(Log) by extension 'python'
[0.875s] Level 1:colcon.colcon_core.package_identification:_identify(Log) by extensions ['python_setup_py']
[0.875s] Level 1:colcon.colcon_core.package_identification:_identify(Log) by extension 'python_setup_py'
[0.875s] Level 1:colcon.colcon_core.package_identification:_identify(build) by extensions ['ignore', 'ignore_ament_install']
[0.875s] Level 1:colcon.colcon_core.package_identification:_identify(build) by extension 'ignore'
[0.875s] Level 1:colcon.colcon_core.package_identification:_identify(build) ignored
[0.875s] Level 1:colcon.colcon_core.package_identification:_identify(install) by extensions ['ignore', 'ignore_ament_install']
[0.875s] Level 1:colcon.colcon_core.package_identification:_identify(install) by extension 'ignore'
[0.875s] Level 1:colcon.colcon_core.package_identification:_identify(install) ignored
[0.875s] Level 1:colcon.colcon_core.package_identification:_identify(log) by extensions ['ignore', 'ignore_ament_install']
[0.875s] Level 1:colcon.colcon_core.package_identification:_identify(log) by extension 'ignore'
[0.875s] Level 1:colcon.colcon_core.package_identification:_identify(log) ignored
[0.875s] Level 1:colcon.colcon_core.package_identification:_identify(src) by extensions ['ignore', 'ignore_ament_install']
[0.875s] Level 1:colcon.colcon_core.package_identification:_identify(src) by extension 'ignore'
[0.875s] Level 1:colcon.colcon_core.package_identification:_identify(src) by extension 'ignore_ament_install'
[0.875s] Level 1:colcon.colcon_core.package_identification:_identify(src) by extensions ['colcon_pkg']
[0.875s] Level 1:colcon.colcon_core.package_identification:_identify(src) by extension 'colcon_pkg'
[0.875s] Level 1:colcon.colcon_core.package_identification:_identify(src) by extensions ['colcon_meta']
[0.875s] Level 1:colcon.colcon_core.package_identification:_identify(src) by extension 'colcon_meta'
[0.876s] Level 1:colcon.colcon_core.package_identification:_identify(src) by extensions ['ros']
[0.876s] Level 1:colcon.colcon_core.package_identification:_identify(src) by extension 'ros'
[0.876s] Level 1:colcon.colcon_core.package_identification:_identify(src) by extensions ['cmake', 'python']
[0.876s] Level 1:colcon.colcon_core.package_identification:_identify(src) by extension 'cmake'
[0.876s] Level 1:colcon.colcon_core.package_identification:_identify(src) by extension 'python'
[0.876s] Level 1:colcon.colcon_core.package_identification:_identify(src) by extensions ['python_setup_py']
[0.876s] Level 1:colcon.colcon_core.package_identification:_identify(src) by extension 'python_setup_py'
[0.876s] Level 1:colcon.colcon_core.package_identification:_identify(src/ros2_astra_camera) by extensions ['ignore', 'ignore_ament_install']
[0.876s] Level 1:colcon.colcon_core.package_identification:_identify(src/ros2_astra_camera) by extension 'ignore'
[0.876s] Level 1:colcon.colcon_core.package_identification:_identify(src/ros2_astra_camera) by extension 'ignore_ament_install'
[0.876s] Level 1:colcon.colcon_core.package_identification:_identify(src/ros2_astra_camera) by extensions ['colcon_pkg']
[0.876s] Level 1:colcon.colcon_core.package_identification:_identify(src/ros2_astra_camera) by extension 'colcon_pkg'
[0.876s] Level 1:colcon.colcon_core.package_identification:_identify(src/ros2_astra_camera) by extensions ['colcon_meta']
[0.876s] Level 1:colcon.colcon_core.package_identification:_identify(src/ros2_astra_camera) by extension 'colcon_meta'
[0.876s] Level 1:colcon.colcon_core.package_identification:_identify(src/ros2_astra_camera) by extensions ['ros']
[0.876s] Level 1:colcon.colcon_core.package_identification:_identify(src/ros2_astra_camera) by extension 'ros'
[0.876s] Level 1:colcon.colcon_core.package_identification:_identify(src/ros2_astra_camera) by extensions ['cmake', 'python']
[0.876s] Level 1:colcon.colcon_core.package_identification:_identify(src/ros2_astra_camera) by extension 'cmake'
[0.876s] Level 1:colcon.colcon_core.package_identification:_identify(src/ros2_astra_camera) by extension 'python'
[0.876s] Level 1:colcon.colcon_core.package_identification:_identify(src/ros2_astra_camera) by extensions ['python_setup_py']
[0.876s] Level 1:colcon.colcon_core.package_identification:_identify(src/ros2_astra_camera) by extension 'python_setup_py'
[0.876s] Level 1:colcon.colcon_core.package_identification:_identify(src/ros2_astra_camera/astra_camera) by extensions ['ignore', 'ignore_ament_install']
[0.876s] Level 1:colcon.colcon_core.package_identification:_identify(src/ros2_astra_camera/astra_camera) by extension 'ignore'
[0.877s] Level 1:colcon.colcon_core.package_identification:_identify(src/ros2_astra_camera/astra_camera) by extension 'ignore_ament_install'
[0.877s] Level 1:colcon.colcon_core.package_identification:_identify(src/ros2_astra_camera/astra_camera) by extensions ['colcon_pkg']
[0.877s] Level 1:colcon.colcon_core.package_identification:_identify(src/ros2_astra_camera/astra_camera) by extension 'colcon_pkg'
[0.877s] Level 1:colcon.colcon_core.package_identification:_identify(src/ros2_astra_camera/astra_camera) by extensions ['colcon_meta']
[0.877s] Level 1:colcon.colcon_core.package_identification:_identify(src/ros2_astra_camera/astra_camera) by extension 'colcon_meta'
[0.877s] Level 1:colcon.colcon_core.package_identification:_identify(src/ros2_astra_camera/astra_camera) by extensions ['ros']
[0.877s] Level 1:colcon.colcon_core.package_identification:_identify(src/ros2_astra_camera/astra_camera) by extension 'ros'
[0.879s] DEBUG:colcon.colcon_core.package_identification:Package 'src/ros2_astra_camera/astra_camera' with type 'ros.ament_cmake' and name 'astra_camera'
[0.879s] Level 1:colcon.colcon_core.package_identification:_identify(src/ros2_astra_camera/astra_camera_msgs) by extensions ['ignore', 'ignore_ament_install']
[0.879s] Level 1:colcon.colcon_core.package_identification:_identify(src/ros2_astra_camera/astra_camera_msgs) by extension 'ignore'
[0.880s] Level 1:colcon.colcon_core.package_identification:_identify(src/ros2_astra_camera/astra_camera_msgs) by extension 'ignore_ament_install'
[0.880s] Level 1:colcon.colcon_core.package_identification:_identify(src/ros2_astra_camera/astra_camera_msgs) by extensions ['colcon_pkg']
[0.880s] Level 1:colcon.colcon_core.package_identification:_identify(src/ros2_astra_camera/astra_camera_msgs) by extension 'colcon_pkg'
[0.880s] Level 1:colcon.colcon_core.package_identification:_identify(src/ros2_astra_camera/astra_camera_msgs) by extensions ['colcon_meta']
[0.880s] Level 1:colcon.colcon_core.package_identification:_identify(src/ros2_astra_camera/astra_camera_msgs) by extension 'colcon_meta'
[0.880s] Level 1:colcon.colcon_core.package_identification:_identify(src/ros2_astra_camera/astra_camera_msgs) by extensions ['ros']
[0.880s] Level 1:colcon.colcon_core.package_identification:_identify(src/ros2_astra_camera/astra_camera_msgs) by extension 'ros'
[0.880s] DEBUG:colcon.colcon_core.package_identification:Package 'src/ros2_astra_camera/astra_camera_msgs' with type 'ros.ament_cmake' and name 'astra_camera_msgs'
[0.880s] Level 1:colcon.colcon_core.package_identification:_identify(src/sllidar_ros2) by extensions ['ignore', 'ignore_ament_install']
[0.880s] Level 1:colcon.colcon_core.package_identification:_identify(src/sllidar_ros2) by extension 'ignore'
[0.880s] Level 1:colcon.colcon_core.package_identification:_identify(src/sllidar_ros2) by extension 'ignore_ament_install'
[0.880s] Level 1:colcon.colcon_core.package_identification:_identify(src/sllidar_ros2) by extensions ['colcon_pkg']
[0.880s] Level 1:colcon.colcon_core.package_identification:_identify(src/sllidar_ros2) by extension 'colcon_pkg'
[0.880s] Level 1:colcon.colcon_core.package_identification:_identify(src/sllidar_ros2) by extensions ['colcon_meta']
[0.880s] Level 1:colcon.colcon_core.package_identification:_identify(src/sllidar_ros2) by extension 'colcon_meta'
[0.880s] Level 1:colcon.colcon_core.package_identification:_identify(src/sllidar_ros2) by extensions ['ros']
[0.881s] Level 1:colcon.colcon_core.package_identification:_identify(src/sllidar_ros2) by extension 'ros'
[0.881s] DEBUG:colcon.colcon_core.package_identification:Package 'src/sllidar_ros2' with type 'ros.ament_cmake' and name 'sllidar_ros2'
[0.881s] Level 1:colcon.colcon_core.package_discovery:discover_packages(recursive) using defaults
[0.881s] Level 1:colcon.colcon_core.package_discovery:discover_packages(ignore) discover
[0.881s] Level 1:colcon.colcon_core.package_discovery:discover_packages(ignore) using defaults
[0.881s] Level 1:colcon.colcon_core.package_discovery:discover_packages(path) discover
[0.881s] Level 1:colcon.colcon_core.package_discovery:discover_packages(path) using defaults
[0.937s] Level 5:colcon.colcon_core.verb:set package 'astra_camera_msgs' build argument 'cmake_args' from command line to '['-DCMAKE_BUILD_TYPE=Release']'
[0.937s] Level 5:colcon.colcon_core.verb:set package 'astra_camera_msgs' build argument 'cmake_target' from command line to 'None'
[0.937s] Level 5:colcon.colcon_core.verb:set package 'astra_camera_msgs' build argument 'cmake_target_skip_unavailable' from command line to 'False'
[0.937s] Level 5:colcon.colcon_core.verb:set package 'astra_camera_msgs' build argument 'cmake_clean_cache' from command line to 'False'
[0.937s] Level 5:colcon.colcon_core.verb:set package 'astra_camera_msgs' build argument 'cmake_clean_first' from command line to 'False'
[0.937s] Level 5:colcon.colcon_core.verb:set package 'astra_camera_msgs' build argument 'cmake_force_configure' from command line to 'False'
[0.937s] Level 5:colcon.colcon_core.verb:set package 'astra_camera_msgs' build argument 'ament_cmake_args' from command line to 'None'
[0.937s] Level 5:colcon.colcon_core.verb:set package 'astra_camera_msgs' build argument 'catkin_cmake_args' from command line to 'None'
[0.937s] Level 5:colcon.colcon_core.verb:set package 'astra_camera_msgs' build argument 'catkin_skip_building_tests' from command line to 'False'
[0.937s] DEBUG:colcon.colcon_core.verb:Building package 'astra_camera_msgs' with the following arguments: {'ament_cmake_args': None, 'build_base': '/SLAM/ros_ws/build/astra_camera_msgs', 'catkin_cmake_args': None, 'catkin_skip_building_tests': False, 'cmake_args': ['-DCMAKE_BUILD_TYPE=Release'], 'cmake_clean_cache': False, 'cmake_clean_first': False, 'cmake_force_configure': False, 'cmake_target': None, 'cmake_target_skip_unavailable': False, 'install_base': '/SLAM/ros_ws/install/astra_camera_msgs', 'merge_install': False, 'path': '/SLAM/ros_ws/src/ros2_astra_camera/astra_camera_msgs', 'symlink_install': False, 'test_result_base': None}
[0.948s] Level 5:colcon.colcon_core.verb:set package 'sllidar_ros2' build argument 'cmake_args' from command line to '['-DCMAKE_BUILD_TYPE=Release']'
[0.948s] Level 5:colcon.colcon_core.verb:set package 'sllidar_ros2' build argument 'cmake_target' from command line to 'None'
[0.948s] Level 5:colcon.colcon_core.verb:set package 'sllidar_ros2' build argument 'cmake_target_skip_unavailable' from command line to 'False'
[0.948s] Level 5:colcon.colcon_core.verb:set package 'sllidar_ros2' build argument 'cmake_clean_cache' from command line to 'False'
[0.948s] Level 5:colcon.colcon_core.verb:set package 'sllidar_ros2' build argument 'cmake_clean_first' from command line to 'False'
[0.948s] Level 5:colcon.colcon_core.verb:set package 'sllidar_ros2' build argument 'cmake_force_configure' from command line to 'False'
[0.948s] Level 5:colcon.colcon_core.verb:set package 'sllidar_ros2' build argument 'ament_cmake_args' from command line to 'None'
[0.948s] Level 5:colcon.colcon_core.verb:set package 'sllidar_ros2' build argument 'catkin_cmake_args' from command line to 'None'
[0.948s] Level 5:colcon.colcon_core.verb:set package 'sllidar_ros2' build argument 'catkin_skip_building_tests' from command line to 'False'
[0.948s] DEBUG:colcon.colcon_core.verb:Building package 'sllidar_ros2' with the following arguments: {'ament_cmake_args': None, 'build_base': '/SLAM/ros_ws/build/sllidar_ros2', 'catkin_cmake_args': None, 'catkin_skip_building_tests': False, 'cmake_args': ['-DCMAKE_BUILD_TYPE=Release'], 'cmake_clean_cache': False, 'cmake_clean_first': False, 'cmake_force_configure': False, 'cmake_target': None, 'cmake_target_skip_unavailable': False, 'install_base': '/SLAM/ros_ws/install/sllidar_ros2', 'merge_install': False, 'path': '/SLAM/ros_ws/src/sllidar_ros2', 'symlink_install': False, 'test_result_base': None}
[0.960s] Level 5:colcon.colcon_core.verb:set package 'astra_camera' build argument 'cmake_args' from command line to '['-DCMAKE_BUILD_TYPE=Release']'
[0.960s] Level 5:colcon.colcon_core.verb:set package 'astra_camera' build argument 'cmake_target' from command line to 'None'
[0.960s] Level 5:colcon.colcon_core.verb:set package 'astra_camera' build argument 'cmake_target_skip_unavailable' from command line to 'False'
[0.960s] Level 5:colcon.colcon_core.verb:set package 'astra_camera' build argument 'cmake_clean_cache' from command line to 'False'
[0.960s] Level 5:colcon.colcon_core.verb:set package 'astra_camera' build argument 'cmake_clean_first' from command line to 'False'
[0.960s] Level 5:colcon.colcon_core.verb:set package 'astra_camera' build argument 'cmake_force_configure' from command line to 'False'
[0.960s] Level 5:colcon.colcon_core.verb:set package 'astra_camera' build argument 'ament_cmake_args' from command line to 'None'
[0.960s] Level 5:colcon.colcon_core.verb:set package 'astra_camera' build argument 'catkin_cmake_args' from command line to 'None'
[0.960s] Level 5:colcon.colcon_core.verb:set package 'astra_camera' build argument 'catkin_skip_building_tests' from command line to 'False'
[0.960s] DEBUG:colcon.colcon_core.verb:Building package 'astra_camera' with the following arguments: {'ament_cmake_args': None, 'build_base': '/SLAM/ros_ws/build/astra_camera', 'catkin_cmake_args': None, 'catkin_skip_building_tests': False, 'cmake_args': ['-DCMAKE_BUILD_TYPE=Release'], 'cmake_clean_cache': False, 'cmake_clean_first': False, 'cmake_force_configure': False, 'cmake_target': None, 'cmake_target_skip_unavailable': False, 'install_base': '/SLAM/ros_ws/install/astra_camera', 'merge_install': False, 'path': '/SLAM/ros_ws/src/ros2_astra_camera/astra_camera', 'symlink_install': False, 'test_result_base': None}
[0.971s] INFO:colcon.colcon_core.executor:Executing jobs using 'parallel' executor
[0.982s] DEBUG:colcon.colcon_parallel_executor.executor.parallel:run_until_complete
[0.982s] INFO:colcon.colcon_ros.task.ament_cmake.build:Building ROS package in '/SLAM/ros_ws/src/ros2_astra_camera/astra_camera_msgs' with build type 'ament_cmake'
[0.982s] INFO:colcon.colcon_cmake.task.cmake.build:Building CMake package in '/SLAM/ros_ws/src/ros2_astra_camera/astra_camera_msgs'
[0.995s] INFO:colcon.colcon_core.plugin_system:Skipping extension 'colcon_core.shell.bat': Not used on non-Windows systems
[0.995s] INFO:colcon.colcon_core.shell:Skip shell extension 'powershell' for command environment: Not usable outside of PowerShell
[0.995s] DEBUG:colcon.colcon_core.shell:Skip shell extension 'dsv' for command environment
[1.031s] INFO:colcon.colcon_ros.task.ament_cmake.build:Building ROS package in '/SLAM/ros_ws/src/sllidar_ros2' with build type 'ament_cmake'
[1.031s] INFO:colcon.colcon_cmake.task.cmake.build:Building CMake package in '/SLAM/ros_ws/src/sllidar_ros2'
[1.041s] INFO:colcon.colcon_core.shell:Skip shell extension 'powershell' for command environment: Not usable outside of PowerShell
[1.042s] DEBUG:colcon.colcon_core.shell:Skip shell extension 'dsv' for command environment
[1.079s] DEBUG:colcon.colcon_core.event_handler.log_command:Invoking command in '/SLAM/ros_ws/build/astra_camera_msgs': CMAKE_PREFIX_PATH=${CMAKE_PREFIX_PATH}:/opt/ros/humble /usr/bin/cmake --build /SLAM/ros_ws/build/astra_camera_msgs -- -j16 -l16
[1.083s] DEBUG:colcon.colcon_core.event_handler.log_command:Invoking command in '/SLAM/ros_ws/build/sllidar_ros2': CMAKE_PREFIX_PATH=${CMAKE_PREFIX_PATH}:/opt/ros/humble /usr/bin/cmake --build /SLAM/ros_ws/build/sllidar_ros2 -- -j16 -l16
[1.192s] DEBUG:colcon.colcon_core.event_handler.log_command:Invoked command in '/SLAM/ros_ws/build/sllidar_ros2' returned '0': CMAKE_PREFIX_PATH=${CMAKE_PREFIX_PATH}:/opt/ros/humble /usr/bin/cmake --build /SLAM/ros_ws/build/sllidar_ros2 -- -j16 -l16
[1.288s] DEBUG:colcon.colcon_core.event_handler.log_command:Invoking command in '/SLAM/ros_ws/build/sllidar_ros2': CMAKE_PREFIX_PATH=${CMAKE_PREFIX_PATH}:/opt/ros/humble /usr/bin/cmake --install /SLAM/ros_ws/build/sllidar_ros2
[1.300s] Level 1:colcon.colcon_core.environment:create_environment_scripts_only(sllidar_ros2)
[1.300s] DEBUG:colcon.colcon_core.event_handler.log_command:Invoked command in '/SLAM/ros_ws/build/sllidar_ros2' returned '0': CMAKE_PREFIX_PATH=${CMAKE_PREFIX_PATH}:/opt/ros/humble /usr/bin/cmake --install /SLAM/ros_ws/build/sllidar_ros2
[1.315s] Level 1:colcon.colcon_core.environment:checking '/SLAM/ros_ws/install/sllidar_ros2' for CMake module files
[1.315s] Level 1:colcon.colcon_core.environment:checking '/SLAM/ros_ws/install/sllidar_ros2' for CMake config files
[1.317s] Level 1:colcon.colcon_core.shell:create_environment_hook('sllidar_ros2', 'cmake_prefix_path')
[1.328s] INFO:colcon.colcon_core.shell:Creating environment hook '/SLAM/ros_ws/install/sllidar_ros2/share/sllidar_ros2/hook/cmake_prefix_path.ps1'
[1.329s] INFO:colcon.colcon_core.shell:Creating environment descriptor '/SLAM/ros_ws/install/sllidar_ros2/share/sllidar_ros2/hook/cmake_prefix_path.dsv'
[1.329s] INFO:colcon.colcon_core.shell:Creating environment hook '/SLAM/ros_ws/install/sllidar_ros2/share/sllidar_ros2/hook/cmake_prefix_path.sh'
[1.330s] Level 1:colcon.colcon_core.environment:checking '/SLAM/ros_ws/install/sllidar_ros2/lib'
[1.330s] Level 1:colcon.colcon_core.environment:checking '/SLAM/ros_ws/install/sllidar_ros2/bin'
[1.330s] Level 1:colcon.colcon_core.environment:checking '/SLAM/ros_ws/install/sllidar_ros2/lib/pkgconfig/sllidar_ros2.pc'
[1.332s] Level 1:colcon.colcon_core.environment:checking '/SLAM/ros_ws/install/sllidar_ros2/lib/python3.10/site-packages'
[1.332s] Level 1:colcon.colcon_core.environment:checking '/SLAM/ros_ws/install/sllidar_ros2/bin'
[1.343s] INFO:colcon.colcon_core.shell:Creating package script '/SLAM/ros_ws/install/sllidar_ros2/share/sllidar_ros2/package.ps1'
[1.344s] INFO:colcon.colcon_core.shell:Creating package descriptor '/SLAM/ros_ws/install/sllidar_ros2/share/sllidar_ros2/package.dsv'
[1.344s] INFO:colcon.colcon_core.shell:Creating package script '/SLAM/ros_ws/install/sllidar_ros2/share/sllidar_ros2/package.sh'
[1.345s] INFO:colcon.colcon_core.shell:Creating package script '/SLAM/ros_ws/install/sllidar_ros2/share/sllidar_ros2/package.bash'
[1.345s] INFO:colcon.colcon_core.shell:Creating package script '/SLAM/ros_ws/install/sllidar_ros2/share/sllidar_ros2/package.zsh'
[1.346s] Level 1:colcon.colcon_core.environment:create_file_with_runtime_dependencies(/SLAM/ros_ws/install/sllidar_ros2/share/colcon-core/packages/sllidar_ros2)
[1.405s] DEBUG:colcon.colcon_core.event_handler.log_command:Invoked command in '/SLAM/ros_ws/build/astra_camera_msgs' returned '0': CMAKE_PREFIX_PATH=${CMAKE_PREFIX_PATH}:/opt/ros/humble /usr/bin/cmake --build /SLAM/ros_ws/build/astra_camera_msgs -- -j16 -l16
[1.441s] Level 1:colcon.colcon_core.environment:create_environment_scripts_only(sllidar_ros2)
[1.453s] Level 1:colcon.colcon_core.environment:checking '/SLAM/ros_ws/install/sllidar_ros2' for CMake module files
[1.453s] Level 1:colcon.colcon_core.environment:checking '/SLAM/ros_ws/install/sllidar_ros2' for CMake config files
[1.454s] Level 1:colcon.colcon_core.shell:create_environment_hook('sllidar_ros2', 'cmake_prefix_path')
[1.466s] INFO:colcon.colcon_core.shell:Creating environment hook '/SLAM/ros_ws/install/sllidar_ros2/share/sllidar_ros2/hook/cmake_prefix_path.ps1'
[1.466s] INFO:colcon.colcon_core.shell:Creating environment descriptor '/SLAM/ros_ws/install/sllidar_ros2/share/sllidar_ros2/hook/cmake_prefix_path.dsv'
[1.466s] INFO:colcon.colcon_core.shell:Creating environment hook '/SLAM/ros_ws/install/sllidar_ros2/share/sllidar_ros2/hook/cmake_prefix_path.sh'
[1.467s] Level 1:colcon.colcon_core.environment:checking '/SLAM/ros_ws/install/sllidar_ros2/lib'
[1.467s] Level 1:colcon.colcon_core.environment:checking '/SLAM/ros_ws/install/sllidar_ros2/bin'
[1.467s] Level 1:colcon.colcon_core.environment:checking '/SLAM/ros_ws/install/sllidar_ros2/lib/pkgconfig/sllidar_ros2.pc'
[1.467s] Level 1:colcon.colcon_core.environment:checking '/SLAM/ros_ws/install/sllidar_ros2/lib/python3.10/site-packages'
[1.467s] Level 1:colcon.colcon_core.environment:checking '/SLAM/ros_ws/install/sllidar_ros2/bin'
[1.479s] INFO:colcon.colcon_core.shell:Creating package script '/SLAM/ros_ws/install/sllidar_ros2/share/sllidar_ros2/package.ps1'
[1.480s] INFO:colcon.colcon_core.shell:Creating package descriptor '/SLAM/ros_ws/install/sllidar_ros2/share/sllidar_ros2/package.dsv'
[1.480s] INFO:colcon.colcon_core.shell:Creating package script '/SLAM/ros_ws/install/sllidar_ros2/share/sllidar_ros2/package.sh'
[1.480s] INFO:colcon.colcon_core.shell:Creating package script '/SLAM/ros_ws/install/sllidar_ros2/share/sllidar_ros2/package.bash'
[1.481s] INFO:colcon.colcon_core.shell:Creating package script '/SLAM/ros_ws/install/sllidar_ros2/share/sllidar_ros2/package.zsh'
[1.481s] Level 1:colcon.colcon_core.environment:create_file_with_runtime_dependencies(/SLAM/ros_ws/install/sllidar_ros2/share/colcon-core/packages/sllidar_ros2)
[1.698s] DEBUG:colcon.colcon_core.event_handler.log_command:Invoking command in '/SLAM/ros_ws/build/astra_camera_msgs': CMAKE_PREFIX_PATH=${CMAKE_PREFIX_PATH}:/opt/ros/humble /usr/bin/cmake --install /SLAM/ros_ws/build/astra_camera_msgs
[1.750s] Level 1:colcon.colcon_core.environment:create_environment_scripts_only(astra_camera_msgs)
[1.750s] DEBUG:colcon.colcon_core.event_handler.log_command:Invoked command in '/SLAM/ros_ws/build/astra_camera_msgs' returned '0': CMAKE_PREFIX_PATH=${CMAKE_PREFIX_PATH}:/opt/ros/humble /usr/bin/cmake --install /SLAM/ros_ws/build/astra_camera_msgs
[1.761s] Level 1:colcon.colcon_core.environment:checking '/SLAM/ros_ws/install/astra_camera_msgs' for CMake module files
[1.762s] Level 1:colcon.colcon_core.environment:checking '/SLAM/ros_ws/install/astra_camera_msgs' for CMake config files
[1.764s] Level 1:colcon.colcon_core.shell:create_environment_hook('astra_camera_msgs', 'cmake_prefix_path')
[1.775s] INFO:colcon.colcon_core.shell:Creating environment hook '/SLAM/ros_ws/install/astra_camera_msgs/share/astra_camera_msgs/hook/cmake_prefix_path.ps1'
[1.775s] INFO:colcon.colcon_core.shell:Creating environment descriptor '/SLAM/ros_ws/install/astra_camera_msgs/share/astra_camera_msgs/hook/cmake_prefix_path.dsv'
[1.775s] INFO:colcon.colcon_core.shell:Creating environment hook '/SLAM/ros_ws/install/astra_camera_msgs/share/astra_camera_msgs/hook/cmake_prefix_path.sh'
[1.776s] Level 1:colcon.colcon_core.environment:checking '/SLAM/ros_ws/install/astra_camera_msgs/lib'
[1.776s] Level 1:colcon.colcon_core.shell:create_environment_hook('astra_camera_msgs', 'ld_library_path_lib')
[1.786s] INFO:colcon.colcon_core.shell:Creating environment hook '/SLAM/ros_ws/install/astra_camera_msgs/share/astra_camera_msgs/hook/ld_library_path_lib.ps1'
[1.787s] INFO:colcon.colcon_core.shell:Creating environment descriptor '/SLAM/ros_ws/install/astra_camera_msgs/share/astra_camera_msgs/hook/ld_library_path_lib.dsv'
[1.787s] INFO:colcon.colcon_core.shell:Creating environment hook '/SLAM/ros_ws/install/astra_camera_msgs/share/astra_camera_msgs/hook/ld_library_path_lib.sh'
[1.787s] Level 1:colcon.colcon_core.environment:checking '/SLAM/ros_ws/install/astra_camera_msgs/bin'
[1.787s] Level 1:colcon.colcon_core.environment:checking '/SLAM/ros_ws/install/astra_camera_msgs/lib/pkgconfig/astra_camera_msgs.pc'
[1.787s] Level 1:colcon.colcon_core.environment:checking '/SLAM/ros_ws/install/astra_camera_msgs/lib/python3.10/site-packages'
[1.788s] Level 1:colcon.colcon_core.environment:checking '/SLAM/ros_ws/install/astra_camera_msgs/bin'
[1.799s] INFO:colcon.colcon_core.shell:Creating package script '/SLAM/ros_ws/install/astra_camera_msgs/share/astra_camera_msgs/package.ps1'
[1.799s] INFO:colcon.colcon_core.shell:Creating package descriptor '/SLAM/ros_ws/install/astra_camera_msgs/share/astra_camera_msgs/package.dsv'
[1.799s] INFO:colcon.colcon_core.shell:Creating package script '/SLAM/ros_ws/install/astra_camera_msgs/share/astra_camera_msgs/package.sh'
[1.800s] INFO:colcon.colcon_core.shell:Creating package script '/SLAM/ros_ws/install/astra_camera_msgs/share/astra_camera_msgs/package.bash'
[1.800s] INFO:colcon.colcon_core.shell:Creating package script '/SLAM/ros_ws/install/astra_camera_msgs/share/astra_camera_msgs/package.zsh'
[1.800s] Level 1:colcon.colcon_core.environment:create_file_with_runtime_dependencies(/SLAM/ros_ws/install/astra_camera_msgs/share/colcon-core/packages/astra_camera_msgs)
[2.106s] Level 1:colcon.colcon_core.environment:create_environment_scripts_only(astra_camera_msgs)
[2.116s] Level 1:colcon.colcon_core.environment:checking '/SLAM/ros_ws/install/astra_camera_msgs' for CMake module files
[2.117s] Level 1:colcon.colcon_core.environment:checking '/SLAM/ros_ws/install/astra_camera_msgs' for CMake config files
[2.119s] Level 1:colcon.colcon_core.shell:create_environment_hook('astra_camera_msgs', 'cmake_prefix_path')
[2.129s] INFO:colcon.colcon_core.shell:Creating environment hook '/SLAM/ros_ws/install/astra_camera_msgs/share/astra_camera_msgs/hook/cmake_prefix_path.ps1'
[2.129s] INFO:colcon.colcon_core.shell:Creating environment descriptor '/SLAM/ros_ws/install/astra_camera_msgs/share/astra_camera_msgs/hook/cmake_prefix_path.dsv'
[2.129s] INFO:colcon.colcon_core.shell:Creating environment hook '/SLAM/ros_ws/install/astra_camera_msgs/share/astra_camera_msgs/hook/cmake_prefix_path.sh'
[2.130s] Level 1:colcon.colcon_core.environment:checking '/SLAM/ros_ws/install/astra_camera_msgs/lib'
[2.130s] Level 1:colcon.colcon_core.shell:create_environment_hook('astra_camera_msgs', 'ld_library_path_lib')
[2.140s] INFO:colcon.colcon_core.shell:Creating environment hook '/SLAM/ros_ws/install/astra_camera_msgs/share/astra_camera_msgs/hook/ld_library_path_lib.ps1'
[2.140s] INFO:colcon.colcon_core.shell:Creating environment descriptor '/SLAM/ros_ws/install/astra_camera_msgs/share/astra_camera_msgs/hook/ld_library_path_lib.dsv'
[2.140s] INFO:colcon.colcon_core.shell:Creating environment hook '/SLAM/ros_ws/install/astra_camera_msgs/share/astra_camera_msgs/hook/ld_library_path_lib.sh'
[2.141s] Level 1:colcon.colcon_core.environment:checking '/SLAM/ros_ws/install/astra_camera_msgs/bin'
[2.141s] Level 1:colcon.colcon_core.environment:checking '/SLAM/ros_ws/install/astra_camera_msgs/lib/pkgconfig/astra_camera_msgs.pc'
[2.141s] Level 1:colcon.colcon_core.environment:checking '/SLAM/ros_ws/install/astra_camera_msgs/lib/python3.10/site-packages'
[2.141s] Level 1:colcon.colcon_core.environment:checking '/SLAM/ros_ws/install/astra_camera_msgs/bin'
[2.151s] INFO:colcon.colcon_core.shell:Creating package script '/SLAM/ros_ws/install/astra_camera_msgs/share/astra_camera_msgs/package.ps1'
[2.152s] INFO:colcon.colcon_core.shell:Creating package descriptor '/SLAM/ros_ws/install/astra_camera_msgs/share/astra_camera_msgs/package.dsv'
[2.152s] INFO:colcon.colcon_core.shell:Creating package script '/SLAM/ros_ws/install/astra_camera_msgs/share/astra_camera_msgs/package.sh'
[2.152s] INFO:colcon.colcon_core.shell:Creating package script '/SLAM/ros_ws/install/astra_camera_msgs/share/astra_camera_msgs/package.bash'
[2.153s] INFO:colcon.colcon_core.shell:Creating package script '/SLAM/ros_ws/install/astra_camera_msgs/share/astra_camera_msgs/package.zsh'
[2.153s] Level 1:colcon.colcon_core.environment:create_file_with_runtime_dependencies(/SLAM/ros_ws/install/astra_camera_msgs/share/colcon-core/packages/astra_camera_msgs)
[2.153s] INFO:colcon.colcon_ros.task.ament_cmake.build:Building ROS package in '/SLAM/ros_ws/src/ros2_astra_camera/astra_camera' with build type 'ament_cmake'
[2.153s] INFO:colcon.colcon_cmake.task.cmake.build:Building CMake package in '/SLAM/ros_ws/src/ros2_astra_camera/astra_camera'
[2.164s] INFO:colcon.colcon_core.shell:Skip shell extension 'powershell' for command environment: Not usable outside of PowerShell
[2.164s] DEBUG:colcon.colcon_core.shell:Skip shell extension 'dsv' for command environment
[2.217s] DEBUG:colcon.colcon_core.event_handler.log_command:Invoking command in '/SLAM/ros_ws/build/astra_camera': CMAKE_PREFIX_PATH=/SLAM/ros_ws/install/astra_camera_msgs:/SLAM/ros_ws/install/sllidar_ros2:/SLAM/ros_ws/install/orbbec_description:/SLAM/ros_ws/install/orbbec_camera:/SLAM/ros_ws/install/orbbec_camera_msgs:/SLAM/ros_ws/install/magic_enum:/SLAM/ros_ws/install/libuvc:/SLAM/ros_ws/install/glog:/SLAM/ros_ws/install/astra_camera:/opt/ros/humble LD_LIBRARY_PATH=/SLAM/ros_ws/install/astra_camera_msgs/lib:/SLAM/ros_ws/install/orbbec_camera/lib:/SLAM/ros_ws/install/orbbec_camera_msgs/lib:/SLAM/ros_ws/install/libuvc/lib:/SLAM/ros_ws/install/glog/lib:/SLAM/ros_ws/install/astra_camera/lib:/opt/ros/humble/opt/rviz_ogre_vendor/lib:/opt/ros/humble/lib/x86_64-linux-gnu:/opt/ros/humble/lib /usr/bin/cmake --build /SLAM/ros_ws/build/astra_camera -- -j16 -l16
[2.408s] DEBUG:colcon.colcon_core.event_handler.log_command:Invoked command in '/SLAM/ros_ws/build/astra_camera' returned '0': CMAKE_PREFIX_PATH=/SLAM/ros_ws/install/astra_camera_msgs:/SLAM/ros_ws/install/sllidar_ros2:/SLAM/ros_ws/install/orbbec_description:/SLAM/ros_ws/install/orbbec_camera:/SLAM/ros_ws/install/orbbec_camera_msgs:/SLAM/ros_ws/install/magic_enum:/SLAM/ros_ws/install/libuvc:/SLAM/ros_ws/install/glog:/SLAM/ros_ws/install/astra_camera:/opt/ros/humble LD_LIBRARY_PATH=/SLAM/ros_ws/install/astra_camera_msgs/lib:/SLAM/ros_ws/install/orbbec_camera/lib:/SLAM/ros_ws/install/orbbec_camera_msgs/lib:/SLAM/ros_ws/install/libuvc/lib:/SLAM/ros_ws/install/glog/lib:/SLAM/ros_ws/install/astra_camera/lib:/opt/ros/humble/opt/rviz_ogre_vendor/lib:/opt/ros/humble/lib/x86_64-linux-gnu:/opt/ros/humble/lib /usr/bin/cmake --build /SLAM/ros_ws/build/astra_camera -- -j16 -l16
[2.484s] DEBUG:colcon.colcon_core.event_handler.log_command:Invoking command in '/SLAM/ros_ws/build/astra_camera': CMAKE_PREFIX_PATH=/SLAM/ros_ws/install/astra_camera_msgs:/SLAM/ros_ws/install/sllidar_ros2:/SLAM/ros_ws/install/orbbec_description:/SLAM/ros_ws/install/orbbec_camera:/SLAM/ros_ws/install/orbbec_camera_msgs:/SLAM/ros_ws/install/magic_enum:/SLAM/ros_ws/install/libuvc:/SLAM/ros_ws/install/glog:/SLAM/ros_ws/install/astra_camera:/opt/ros/humble LD_LIBRARY_PATH=/SLAM/ros_ws/install/astra_camera_msgs/lib:/SLAM/ros_ws/install/orbbec_camera/lib:/SLAM/ros_ws/install/orbbec_camera_msgs/lib:/SLAM/ros_ws/install/libuvc/lib:/SLAM/ros_ws/install/glog/lib:/SLAM/ros_ws/install/astra_camera/lib:/opt/ros/humble/opt/rviz_ogre_vendor/lib:/opt/ros/humble/lib/x86_64-linux-gnu:/opt/ros/humble/lib /usr/bin/cmake --install /SLAM/ros_ws/build/astra_camera
[2.497s] Level 1:colcon.colcon_core.environment:create_environment_scripts_only(astra_camera)
[2.498s] DEBUG:colcon.colcon_core.event_handler.log_command:Invoked command in '/SLAM/ros_ws/build/astra_camera' returned '0': CMAKE_PREFIX_PATH=/SLAM/ros_ws/install/astra_camera_msgs:/SLAM/ros_ws/install/sllidar_ros2:/SLAM/ros_ws/install/orbbec_description:/SLAM/ros_ws/install/orbbec_camera:/SLAM/ros_ws/install/orbbec_camera_msgs:/SLAM/ros_ws/install/magic_enum:/SLAM/ros_ws/install/libuvc:/SLAM/ros_ws/install/glog:/SLAM/ros_ws/install/astra_camera:/opt/ros/humble LD_LIBRARY_PATH=/SLAM/ros_ws/install/astra_camera_msgs/lib:/SLAM/ros_ws/install/orbbec_camera/lib:/SLAM/ros_ws/install/orbbec_camera_msgs/lib:/SLAM/ros_ws/install/libuvc/lib:/SLAM/ros_ws/install/glog/lib:/SLAM/ros_ws/install/astra_camera/lib:/opt/ros/humble/opt/rviz_ogre_vendor/lib:/opt/ros/humble/lib/x86_64-linux-gnu:/opt/ros/humble/lib /usr/bin/cmake --install /SLAM/ros_ws/build/astra_camera
[2.510s] Level 1:colcon.colcon_core.environment:checking '/SLAM/ros_ws/install/astra_camera' for CMake module files
[2.511s] Level 1:colcon.colcon_core.environment:checking '/SLAM/ros_ws/install/astra_camera' for CMake config files
[2.513s] Level 1:colcon.colcon_core.shell:create_environment_hook('astra_camera', 'cmake_prefix_path')
[2.524s] INFO:colcon.colcon_core.shell:Creating environment hook '/SLAM/ros_ws/install/astra_camera/share/astra_camera/hook/cmake_prefix_path.ps1'
[2.525s] INFO:colcon.colcon_core.shell:Creating environment descriptor '/SLAM/ros_ws/install/astra_camera/share/astra_camera/hook/cmake_prefix_path.dsv'
[2.525s] INFO:colcon.colcon_core.shell:Creating environment hook '/SLAM/ros_ws/install/astra_camera/share/astra_camera/hook/cmake_prefix_path.sh'
[2.526s] Level 1:colcon.colcon_core.environment:checking '/SLAM/ros_ws/install/astra_camera/lib'
[2.526s] Level 1:colcon.colcon_core.shell:create_environment_hook('astra_camera', 'ld_library_path_lib')
[2.538s] INFO:colcon.colcon_core.shell:Creating environment hook '/SLAM/ros_ws/install/astra_camera/share/astra_camera/hook/ld_library_path_lib.ps1'
[2.539s] INFO:colcon.colcon_core.shell:Creating environment descriptor '/SLAM/ros_ws/install/astra_camera/share/astra_camera/hook/ld_library_path_lib.dsv'
[2.539s] INFO:colcon.colcon_core.shell:Creating environment hook '/SLAM/ros_ws/install/astra_camera/share/astra_camera/hook/ld_library_path_lib.sh'
[2.539s] Level 1:colcon.colcon_core.environment:checking '/SLAM/ros_ws/install/astra_camera/bin'
[2.539s] Level 1:colcon.colcon_core.environment:checking '/SLAM/ros_ws/install/astra_camera/lib/pkgconfig/astra_camera.pc'
[2.540s] Level 1:colcon.colcon_core.environment:checking '/SLAM/ros_ws/install/astra_camera/lib/python3.10/site-packages'
[2.540s] Level 1:colcon.colcon_core.environment:checking '/SLAM/ros_ws/install/astra_camera/bin'
[2.551s] INFO:colcon.colcon_core.shell:Creating package script '/SLAM/ros_ws/install/astra_camera/share/astra_camera/package.ps1'
[2.551s] INFO:colcon.colcon_core.shell:Creating package descriptor '/SLAM/ros_ws/install/astra_camera/share/astra_camera/package.dsv'
[2.551s] INFO:colcon.colcon_core.shell:Creating package script '/SLAM/ros_ws/install/astra_camera/share/astra_camera/package.sh'
[2.552s] INFO:colcon.colcon_core.shell:Creating package script '/SLAM/ros_ws/install/astra_camera/share/astra_camera/package.bash'
[2.552s] INFO:colcon.colcon_core.shell:Creating package script '/SLAM/ros_ws/install/astra_camera/share/astra_camera/package.zsh'
[2.552s] Level 1:colcon.colcon_core.environment:create_file_with_runtime_dependencies(/SLAM/ros_ws/install/astra_camera/share/colcon-core/packages/astra_camera)
[2.640s] Level 1:colcon.colcon_core.environment:create_environment_scripts_only(astra_camera)
[2.651s] Level 1:colcon.colcon_core.environment:checking '/SLAM/ros_ws/install/astra_camera' for CMake module files
[2.651s] Level 1:colcon.colcon_core.environment:checking '/SLAM/ros_ws/install/astra_camera' for CMake config files
[2.653s] Level 1:colcon.colcon_core.shell:create_environment_hook('astra_camera', 'cmake_prefix_path')
[2.663s] INFO:colcon.colcon_core.shell:Creating environment hook '/SLAM/ros_ws/install/astra_camera/share/astra_camera/hook/cmake_prefix_path.ps1'
[2.664s] INFO:colcon.colcon_core.shell:Creating environment descriptor '/SLAM/ros_ws/install/astra_camera/share/astra_camera/hook/cmake_prefix_path.dsv'
[2.664s] INFO:colcon.colcon_core.shell:Creating environment hook '/SLAM/ros_ws/install/astra_camera/share/astra_camera/hook/cmake_prefix_path.sh'
[2.665s] Level 1:colcon.colcon_core.environment:checking '/SLAM/ros_ws/install/astra_camera/lib'
[2.665s] Level 1:colcon.colcon_core.shell:create_environment_hook('astra_camera', 'ld_library_path_lib')
[2.675s] INFO:colcon.colcon_core.shell:Creating environment hook '/SLAM/ros_ws/install/astra_camera/share/astra_camera/hook/ld_library_path_lib.ps1'
[2.675s] INFO:colcon.colcon_core.shell:Creating environment descriptor '/SLAM/ros_ws/install/astra_camera/share/astra_camera/hook/ld_library_path_lib.dsv'
[2.676s] INFO:colcon.colcon_core.shell:Creating environment hook '/SLAM/ros_ws/install/astra_camera/share/astra_camera/hook/ld_library_path_lib.sh'
[2.676s] Level 1:colcon.colcon_core.environment:checking '/SLAM/ros_ws/install/astra_camera/bin'
[2.676s] Level 1:colcon.colcon_core.environment:checking '/SLAM/ros_ws/install/astra_camera/lib/pkgconfig/astra_camera.pc'
[2.676s] Level 1:colcon.colcon_core.environment:checking '/SLAM/ros_ws/install/astra_camera/lib/python3.10/site-packages'
[2.676s] Level 1:colcon.colcon_core.environment:checking '/SLAM/ros_ws/install/astra_camera/bin'
[2.687s] INFO:colcon.colcon_core.shell:Creating package script '/SLAM/ros_ws/install/astra_camera/share/astra_camera/package.ps1'
[2.688s] INFO:colcon.colcon_core.shell:Creating package descriptor '/SLAM/ros_ws/install/astra_camera/share/astra_camera/package.dsv'
[2.688s] INFO:colcon.colcon_core.shell:Creating package script '/SLAM/ros_ws/install/astra_camera/share/astra_camera/package.sh'
[2.688s] INFO:colcon.colcon_core.shell:Creating package script '/SLAM/ros_ws/install/astra_camera/share/astra_camera/package.bash'
[2.689s] INFO:colcon.colcon_core.shell:Creating package script '/SLAM/ros_ws/install/astra_camera/share/astra_camera/package.zsh'
[2.689s] Level 1:colcon.colcon_core.environment:create_file_with_runtime_dependencies(/SLAM/ros_ws/install/astra_camera/share/colcon-core/packages/astra_camera)
[2.689s] DEBUG:colcon.colcon_parallel_executor.executor.parallel:closing loop
[2.689s] DEBUG:colcon.colcon_parallel_executor.executor.parallel:loop closed
[2.690s] DEBUG:colcon.colcon_parallel_executor.executor.parallel:run_until_complete finished with '0'
[2.690s] DEBUG:colcon.colcon_core.event_reactor:joining thread
[2.709s] INFO:colcon.colcon_core.plugin_system:Skipping extension 'colcon_notification.desktop_notification.notify_send': Could not find 'notify-send'
[2.709s] INFO:colcon.colcon_core.plugin_system:Skipping extension 'colcon_notification.desktop_notification.terminal_notifier': Not used on non-Darwin systems
[2.709s] INFO:colcon.colcon_core.plugin_system:Skipping extension 'colcon_notification.desktop_notification.win32': Not used on non-Windows systems
[2.709s] INFO:colcon.colcon_notification.desktop_notification:Sending desktop notification using 'notify2'
[2.712s] DEBUG:colcon.colcon_notification.desktop_notification.notify2:Failed to initialize notify2: org.freedesktop.DBus.Error.Spawn.ExecFailed: /usr/bin/dbus-launch terminated abnormally without any error message
[2.713s] DEBUG:colcon.colcon_core.event_reactor:joined thread
[2.725s] INFO:colcon.colcon_core.shell:Creating prefix script '/SLAM/ros_ws/install/local_setup.ps1'
[2.725s] INFO:colcon.colcon_core.shell:Creating prefix util module '/SLAM/ros_ws/install/_local_setup_util_ps1.py'
[2.726s] INFO:colcon.colcon_core.shell:Creating prefix chain script '/SLAM/ros_ws/install/setup.ps1'
[2.748s] INFO:colcon.colcon_core.shell:Creating prefix script '/SLAM/ros_ws/install/local_setup.sh'
[2.749s] INFO:colcon.colcon_core.shell:Creating prefix util module '/SLAM/ros_ws/install/_local_setup_util_sh.py'
[2.749s] INFO:colcon.colcon_core.shell:Creating prefix chain script '/SLAM/ros_ws/install/setup.sh'
[2.763s] INFO:colcon.colcon_core.shell:Creating prefix script '/SLAM/ros_ws/install/local_setup.bash'
[2.764s] INFO:colcon.colcon_core.shell:Creating prefix chain script '/SLAM/ros_ws/install/setup.bash'
[2.779s] INFO:colcon.colcon_core.shell:Creating prefix script '/SLAM/ros_ws/install/local_setup.zsh'
[2.779s] INFO:colcon.colcon_core.shell:Creating prefix chain script '/SLAM/ros_ws/install/setup.zsh'
