[0.405s] Invoking command in '/SLAM/ros_ws/build/image_rotate': CMAKE_PREFIX_PATH=/opt/ros/humble /usr/bin/cmake /SLAM/ros_ws/src/image_pipeline/image_rotate -DCMAKE_BUILD_TYPE=Release -DAMENT_CMAKE_SYMLINK_INSTALL=1 -DCMAKE_INSTALL_PREFIX=/SLAM/ros_ws/install/image_rotate
[0.701s] -- Found ament_cmake_auto: 1.3.6 (/opt/ros/humble/share/ament_cmake_auto/cmake)
[0.701s] -- Override CMake install command with custom implementation using symlinks instead of copying resources
[0.701s] -- Found rosidl_generator_c: 3.1.5 (/opt/ros/humble/share/rosidl_generator_c/cmake)
[0.702s] -- Found rosidl_adapter: 3.1.5 (/opt/ros/humble/share/rosidl_adapter/cmake)
[0.702s] -- Found rosidl_generator_cpp: 3.1.5 (/opt/ros/humble/share/rosidl_generator_cpp/cmake)
[0.704s] -- Using all available rosidl_typesupport_c: rosidl_typesupport_fastrtps_c;rosidl_typesupport_introspection_c
[0.711s] -- Using all available rosidl_typesupport_cpp: rosidl_typesupport_fastrtps_cpp;rosidl_typesupport_introspection_cpp
[0.971s] -- Found rmw_implementation_cmake: 6.1.1 (/opt/ros/humble/share/rmw_implementation_cmake/cmake)
[0.972s] -- Found rmw_fastrtps_cpp: 6.2.5 (/opt/ros/humble/share/rmw_fastrtps_cpp/cmake)
[1.165s] -- Using RMW implementation 'rmw_fastrtps_cpp' as default
[1.489s] -- Found eigen3_cmake_module: 0.1.1 (/opt/ros/humble/share/eigen3_cmake_module/cmake)
[1.491s] -- Ensuring Eigen3 include directory is part of orocos-kdl CMake target
[1.910s] -- Found ament_lint_auto: 0.12.9 (/opt/ros/humble/share/ament_lint_auto/cmake)
[1.927s] -- Added test 'copyright' to check source files copyright and LICENSE
[1.929s] -- Added test 'cppcheck' to perform static code analysis on C / C++ code
[1.929s] -- Configured cppcheck include dirs: /SLAM/ros_ws/src/image_pipeline/image_rotate/include
[1.929s] -- Configured cppcheck exclude dirs and/or files: 
[1.931s] -- Added test 'cpplint' to check C / C++ code against the Google style
[1.931s] -- Configured cpplint exclude dirs and/or files: 
[1.932s] -- Added test 'flake8' to check Python code syntax and style conventions
[1.932s] -- Added test 'lint_cmake' to check CMake code style
[1.933s] -- Added test 'pep257' to check Python code against some of the docstring style conventions in PEP 257
[1.935s] -- Added test 'uncrustify' to check C / C++ code style
[1.935s] -- Configured uncrustify additional arguments: 
[1.935s] -- Added test 'xmllint' to check XML markup files
[1.939s] -- Configuring done
[1.990s] -- Generating done
[1.993s] -- Build files have been written to: /SLAM/ros_ws/build/image_rotate
[2.116s] Invoked command in '/SLAM/ros_ws/build/image_rotate' returned '0': CMAKE_PREFIX_PATH=/opt/ros/humble /usr/bin/cmake /SLAM/ros_ws/src/image_pipeline/image_rotate -DCMAKE_BUILD_TYPE=Release -DAMENT_CMAKE_SYMLINK_INSTALL=1 -DCMAKE_INSTALL_PREFIX=/SLAM/ros_ws/install/image_rotate
[2.117s] Invoking command in '/SLAM/ros_ws/build/image_rotate': CMAKE_PREFIX_PATH=/opt/ros/humble /usr/bin/cmake --build /SLAM/ros_ws/build/image_rotate -- -j16 -l16
[2.172s] [35m[1mConsolidate compiler generated dependencies of target image_rotate[0m
[2.209s] [ 50%] Built target image_rotate
[2.228s] [35m[1mConsolidate compiler generated dependencies of target image_rotate_bin[0m
[2.264s] [100%] Built target image_rotate_bin
[2.378s] Invoked command in '/SLAM/ros_ws/build/image_rotate' returned '0': CMAKE_PREFIX_PATH=/opt/ros/humble /usr/bin/cmake --build /SLAM/ros_ws/build/image_rotate -- -j16 -l16
[2.459s] Invoking command in '/SLAM/ros_ws/build/image_rotate': CMAKE_PREFIX_PATH=/opt/ros/humble /usr/bin/cmake --install /SLAM/ros_ws/build/image_rotate
[2.466s] -- Install configuration: "Release"
[2.466s] -- Execute custom install script
[2.466s] -- Up-to-date symlink: /SLAM/ros_ws/install/image_rotate/include/image_rotate/image_rotate_node.hpp
[2.466s] -- Up-to-date symlink: /SLAM/ros_ws/install/image_rotate/include/image_rotate/visibility.h
[2.466s] -- Up-to-date symlink: /SLAM/ros_ws/install/image_rotate/share/image_rotate/environment/library_path.sh
[2.467s] -- Up-to-date symlink: /SLAM/ros_ws/install/image_rotate/share/image_rotate/environment/library_path.dsv
[2.467s] -- Up-to-date symlink: /SLAM/ros_ws/install/image_rotate/lib/libimage_rotate.so
[2.467s] -- Up-to-date symlink: /SLAM/ros_ws/install/image_rotate/lib/image_rotate/image_rotate
[2.467s] -- Up-to-date symlink: /SLAM/ros_ws/install/image_rotate/share/image_rotate/launch/image_rotate.launch.py
[2.467s] -- Up-to-date symlink: /SLAM/ros_ws/install/image_rotate/share/ament_index/resource_index/package_run_dependencies/image_rotate
[2.467s] -- Up-to-date symlink: /SLAM/ros_ws/install/image_rotate/share/ament_index/resource_index/parent_prefix_path/image_rotate
[2.468s] -- Up-to-date symlink: /SLAM/ros_ws/install/image_rotate/share/image_rotate/environment/ament_prefix_path.sh
[2.468s] -- Up-to-date symlink: /SLAM/ros_ws/install/image_rotate/share/image_rotate/environment/ament_prefix_path.dsv
[2.468s] -- Up-to-date symlink: /SLAM/ros_ws/install/image_rotate/share/image_rotate/environment/path.sh
[2.468s] -- Up-to-date symlink: /SLAM/ros_ws/install/image_rotate/share/image_rotate/environment/path.dsv
[2.468s] -- Up-to-date symlink: /SLAM/ros_ws/install/image_rotate/share/image_rotate/local_setup.bash
[2.468s] -- Up-to-date symlink: /SLAM/ros_ws/install/image_rotate/share/image_rotate/local_setup.sh
[2.469s] -- Up-to-date symlink: /SLAM/ros_ws/install/image_rotate/share/image_rotate/local_setup.zsh
[2.469s] -- Up-to-date symlink: /SLAM/ros_ws/install/image_rotate/share/image_rotate/local_setup.dsv
[2.469s] -- Symlinking: /SLAM/ros_ws/install/image_rotate/share/image_rotate/package.dsv
[2.477s] -- Up-to-date symlink: /SLAM/ros_ws/install/image_rotate/share/ament_index/resource_index/packages/image_rotate
[2.477s] -- Up-to-date symlink: /SLAM/ros_ws/install/image_rotate/share/ament_index/resource_index/rclcpp_components/image_rotate
[2.478s] -- Up-to-date symlink: /SLAM/ros_ws/install/image_rotate/share/image_rotate/cmake/ament_cmake_export_dependencies-extras.cmake
[2.478s] -- Up-to-date symlink: /SLAM/ros_ws/install/image_rotate/share/image_rotate/cmake/ament_cmake_export_include_directories-extras.cmake
[2.478s] -- Up-to-date symlink: /SLAM/ros_ws/install/image_rotate/share/image_rotate/cmake/ament_cmake_export_libraries-extras.cmake
[2.478s] -- Up-to-date symlink: /SLAM/ros_ws/install/image_rotate/share/image_rotate/cmake/image_rotateConfig.cmake
[2.478s] -- Up-to-date symlink: /SLAM/ros_ws/install/image_rotate/share/image_rotate/cmake/image_rotateConfig-version.cmake
[2.478s] -- Up-to-date symlink: /SLAM/ros_ws/install/image_rotate/share/image_rotate/package.xml
[2.481s] Invoked command in '/SLAM/ros_ws/build/image_rotate' returned '0': CMAKE_PREFIX_PATH=/opt/ros/humble /usr/bin/cmake --install /SLAM/ros_ws/build/image_rotate
