[0.389s] Invoking command in '/SLAM/ros_ws/build/libuvc': /usr/bin/cmake --build /SLAM/ros_ws/build/libuvc -- -j16 -l16
[0.459s] [ 45%] Built target uvc
[0.463s] [ 90%] Built target uvc_static
[0.500s] [100%] Built target example
[0.713s] Invoked command in '/SLAM/ros_ws/build/libuvc' returned '0': /usr/bin/cmake --build /SLAM/ros_ws/build/libuvc -- -j16 -l16
[0.981s] Invoking command in '/SLAM/ros_ws/build/libuvc': /usr/bin/cmake --install /SLAM/ros_ws/build/libuvc
[1.012s] -- Install configuration: "Release"
[1.016s] -- Up-to-date: /SLAM/ros_ws/install/libuvc/lib/libuvc.so.0.0.7
[1.016s] -- Up-to-date: /SLAM/ros_ws/install/libuvc/lib/libuvc.so.0
[1.016s] -- Up-to-date: /SLAM/ros_ws/install/libuvc/lib/libuvc.so
[1.016s] -- Up-to-date: /SLAM/ros_ws/install/libuvc/include/libuvc/libuvc.h
[1.022s] -- Up-to-date: /SLAM/ros_ws/install/libuvc/include/libuvc/libuvc_config.h
[1.022s] -- Up-to-date: /SLAM/ros_ws/install/libuvc/lib/libuvc.a
[1.022s] -- Up-to-date: /SLAM/ros_ws/install/libuvc/include/libuvc/libuvc.h
[1.022s] -- Up-to-date: /SLAM/ros_ws/install/libuvc/include/libuvc/libuvc_config.h
[1.022s] -- Up-to-date: /SLAM/ros_ws/install/libuvc/lib/cmake/libuvc/libuvcTargets.cmake
[1.023s] -- Up-to-date: /SLAM/ros_ws/install/libuvc/lib/cmake/libuvc/libuvcTargets-release.cmake
[1.023s] -- Up-to-date: /SLAM/ros_ws/install/libuvc/lib/cmake/libuvc/FindLibUSB.cmake
[1.023s] -- Up-to-date: /SLAM/ros_ws/install/libuvc/lib/cmake/libuvc/FindJpegPkg.cmake
[1.024s] -- Up-to-date: /SLAM/ros_ws/install/libuvc/lib/cmake/libuvc/libuvcConfigVersion.cmake
[1.024s] -- Up-to-date: /SLAM/ros_ws/install/libuvc/lib/pkgconfig/libuvc.pc
[1.024s] -- Up-to-date: /SLAM/ros_ws/install/libuvc/lib/cmake/libuvc/libuvcConfig.cmake
[1.226s] Invoked command in '/SLAM/ros_ws/build/libuvc' returned '0': /usr/bin/cmake --install /SLAM/ros_ws/build/libuvc
