[0.404s] Invoking command in '/SLAM/ros_ws/build/astra_camera_msgs': CMAKE_PREFIX_PATH=${CMAKE_PREFIX_PATH}:/SLAM/ros_ws/install/camera_calibration:/opt/ros/humble /usr/bin/cmake --build /SLAM/ros_ws/build/astra_camera_msgs -- -j16 -l16
[0.738s] [  1%] Built target astra_camera_msgs__cpp
[0.739s] [ 12%] Built target astra_camera_msgs__rosidl_generator_c
[0.739s] [ 12%] Built target ament_cmake_python_copy_astra_camera_msgs
[0.739s] [ 24%] Built target astra_camera_msgs__rosidl_typesupport_cpp
[0.739s] [ 78%] Built target astra_camera_msgs__rosidl_typesupport_introspection_c
[0.739s] [ 78%] Built target astra_camera_msgs__rosidl_typesupport_c
[0.739s] [ 78%] Built target astra_camera_msgs__rosidl_typesupport_fastrtps_c
[0.739s] [ 80%] Built target astra_camera_msgs__rosidl_typesupport_introspection_cpp
[0.739s] [ 82%] Built target astra_camera_msgs__rosidl_typesupport_fastrtps_cpp
[0.740s] [ 82%] Built target astra_camera_msgs
[0.740s] [ 83%] Built target astra_camera_msgs__py
[0.740s] [ 93%] Built target astra_camera_msgs__rosidl_generator_py
[0.740s] [100%] Built target astra_camera_msgs__rosidl_typesupport_fastrtps_c__pyext
[0.740s] [100%] Built target astra_camera_msgs__rosidl_typesupport_c__pyext
[0.740s] [100%] Built target astra_camera_msgs__rosidl_typesupport_introspection_c__pyext
[0.761s] running egg_info
[0.761s] writing astra_camera_msgs.egg-info/PKG-INFO
[0.762s] writing dependency_links to astra_camera_msgs.egg-info/dependency_links.txt
[0.762s] writing top-level names to astra_camera_msgs.egg-info/top_level.txt
[0.764s] reading manifest file 'astra_camera_msgs.egg-info/SOURCES.txt'
[0.765s] writing manifest file 'astra_camera_msgs.egg-info/SOURCES.txt'
[0.829s] [100%] Built target ament_cmake_python_build_astra_camera_msgs_egg
[0.945s] Invoked command in '/SLAM/ros_ws/build/astra_camera_msgs' returned '0': CMAKE_PREFIX_PATH=${CMAKE_PREFIX_PATH}:/SLAM/ros_ws/install/camera_calibration:/opt/ros/humble /usr/bin/cmake --build /SLAM/ros_ws/build/astra_camera_msgs -- -j16 -l16
[1.560s] Invoking command in '/SLAM/ros_ws/build/astra_camera_msgs': CMAKE_PREFIX_PATH=${CMAKE_PREFIX_PATH}:/SLAM/ros_ws/install/camera_calibration:/opt/ros/humble /usr/bin/cmake --install /SLAM/ros_ws/build/astra_camera_msgs
[1.651s] -- Install configuration: ""
[1.652s] -- Up-to-date: /SLAM/ros_ws/install/astra_camera_msgs/share/ament_index/resource_index/rosidl_interfaces/astra_camera_msgs
[1.652s] -- Up-to-date: /SLAM/ros_ws/install/astra_camera_msgs/include/astra_camera_msgs/astra_camera_msgs
[1.653s] -- Up-to-date: /SLAM/ros_ws/install/astra_camera_msgs/include/astra_camera_msgs/astra_camera_msgs/msg
[1.653s] -- Up-to-date: /SLAM/ros_ws/install/astra_camera_msgs/include/astra_camera_msgs/astra_camera_msgs/msg/rosidl_generator_c__visibility_control.h
[1.653s] -- Up-to-date: /SLAM/ros_ws/install/astra_camera_msgs/include/astra_camera_msgs/astra_camera_msgs/msg/extrinsics.h
[1.653s] -- Up-to-date: /SLAM/ros_ws/install/astra_camera_msgs/include/astra_camera_msgs/astra_camera_msgs/msg/detail
[1.653s] -- Up-to-date: /SLAM/ros_ws/install/astra_camera_msgs/include/astra_camera_msgs/astra_camera_msgs/msg/detail/device_info__struct.h
[1.654s] -- Up-to-date: /SLAM/ros_ws/install/astra_camera_msgs/include/astra_camera_msgs/astra_camera_msgs/msg/detail/extrinsics__functions.c
[1.654s] -- Up-to-date: /SLAM/ros_ws/install/astra_camera_msgs/include/astra_camera_msgs/astra_camera_msgs/msg/detail/device_info__type_support.h
[1.654s] -- Up-to-date: /SLAM/ros_ws/install/astra_camera_msgs/include/astra_camera_msgs/astra_camera_msgs/msg/detail/metadata__type_support.h
[1.655s] -- Up-to-date: /SLAM/ros_ws/install/astra_camera_msgs/include/astra_camera_msgs/astra_camera_msgs/msg/detail/metadata__functions.h
[1.655s] -- Up-to-date: /SLAM/ros_ws/install/astra_camera_msgs/include/astra_camera_msgs/astra_camera_msgs/msg/detail/metadata__functions.c
[1.655s] -- Up-to-date: /SLAM/ros_ws/install/astra_camera_msgs/include/astra_camera_msgs/astra_camera_msgs/msg/detail/device_info__functions.c
[1.655s] -- Up-to-date: /SLAM/ros_ws/install/astra_camera_msgs/include/astra_camera_msgs/astra_camera_msgs/msg/detail/extrinsics__struct.h
[1.655s] -- Up-to-date: /SLAM/ros_ws/install/astra_camera_msgs/include/astra_camera_msgs/astra_camera_msgs/msg/detail/extrinsics__functions.h
[1.655s] -- Up-to-date: /SLAM/ros_ws/install/astra_camera_msgs/include/astra_camera_msgs/astra_camera_msgs/msg/detail/device_info__functions.h
[1.656s] -- Up-to-date: /SLAM/ros_ws/install/astra_camera_msgs/include/astra_camera_msgs/astra_camera_msgs/msg/detail/extrinsics__type_support.h
[1.657s] -- Up-to-date: /SLAM/ros_ws/install/astra_camera_msgs/include/astra_camera_msgs/astra_camera_msgs/msg/detail/metadata__struct.h
[1.657s] -- Up-to-date: /SLAM/ros_ws/install/astra_camera_msgs/include/astra_camera_msgs/astra_camera_msgs/msg/device_info.h
[1.658s] -- Up-to-date: /SLAM/ros_ws/install/astra_camera_msgs/include/astra_camera_msgs/astra_camera_msgs/msg/metadata.h
[1.658s] -- Up-to-date: /SLAM/ros_ws/install/astra_camera_msgs/include/astra_camera_msgs/astra_camera_msgs/srv
[1.658s] -- Up-to-date: /SLAM/ros_ws/install/astra_camera_msgs/include/astra_camera_msgs/astra_camera_msgs/srv/get_camera_info.h
[1.658s] -- Up-to-date: /SLAM/ros_ws/install/astra_camera_msgs/include/astra_camera_msgs/astra_camera_msgs/srv/get_camera_params.h
[1.658s] -- Up-to-date: /SLAM/ros_ws/install/astra_camera_msgs/include/astra_camera_msgs/astra_camera_msgs/srv/get_device_info.h
[1.658s] -- Up-to-date: /SLAM/ros_ws/install/astra_camera_msgs/include/astra_camera_msgs/astra_camera_msgs/srv/get_int32.h
[1.658s] -- Up-to-date: /SLAM/ros_ws/install/astra_camera_msgs/include/astra_camera_msgs/astra_camera_msgs/srv/get_string.h
[1.659s] -- Up-to-date: /SLAM/ros_ws/install/astra_camera_msgs/include/astra_camera_msgs/astra_camera_msgs/srv/detail
[1.659s] -- Up-to-date: /SLAM/ros_ws/install/astra_camera_msgs/include/astra_camera_msgs/astra_camera_msgs/srv/detail/get_device_info__type_support.h
[1.659s] -- Up-to-date: /SLAM/ros_ws/install/astra_camera_msgs/include/astra_camera_msgs/astra_camera_msgs/srv/detail/get_camera_params__type_support.h
[1.659s] -- Up-to-date: /SLAM/ros_ws/install/astra_camera_msgs/include/astra_camera_msgs/astra_camera_msgs/srv/detail/get_string__struct.h
[1.659s] -- Up-to-date: /SLAM/ros_ws/install/astra_camera_msgs/include/astra_camera_msgs/astra_camera_msgs/srv/detail/get_camera_params__functions.h
[1.659s] -- Up-to-date: /SLAM/ros_ws/install/astra_camera_msgs/include/astra_camera_msgs/astra_camera_msgs/srv/detail/get_device_info__functions.h
[1.659s] -- Up-to-date: /SLAM/ros_ws/install/astra_camera_msgs/include/astra_camera_msgs/astra_camera_msgs/srv/detail/get_string__functions.h
[1.659s] -- Up-to-date: /SLAM/ros_ws/install/astra_camera_msgs/include/astra_camera_msgs/astra_camera_msgs/srv/detail/get_int32__functions.c
[1.660s] -- Up-to-date: /SLAM/ros_ws/install/astra_camera_msgs/include/astra_camera_msgs/astra_camera_msgs/srv/detail/get_int32__functions.h
[1.660s] -- Up-to-date: /SLAM/ros_ws/install/astra_camera_msgs/include/astra_camera_msgs/astra_camera_msgs/srv/detail/set_int32__type_support.h
[1.660s] -- Up-to-date: /SLAM/ros_ws/install/astra_camera_msgs/include/astra_camera_msgs/astra_camera_msgs/srv/detail/get_string__functions.c
[1.660s] -- Up-to-date: /SLAM/ros_ws/install/astra_camera_msgs/include/astra_camera_msgs/astra_camera_msgs/srv/detail/get_int32__struct.h
[1.660s] -- Up-to-date: /SLAM/ros_ws/install/astra_camera_msgs/include/astra_camera_msgs/astra_camera_msgs/srv/detail/get_string__type_support.h
[1.660s] -- Up-to-date: /SLAM/ros_ws/install/astra_camera_msgs/include/astra_camera_msgs/astra_camera_msgs/srv/detail/get_camera_params__struct.h
[1.660s] -- Up-to-date: /SLAM/ros_ws/install/astra_camera_msgs/include/astra_camera_msgs/astra_camera_msgs/srv/detail/get_camera_info__functions.h
[1.660s] -- Up-to-date: /SLAM/ros_ws/install/astra_camera_msgs/include/astra_camera_msgs/astra_camera_msgs/srv/detail/get_camera_info__struct.h
[1.660s] -- Up-to-date: /SLAM/ros_ws/install/astra_camera_msgs/include/astra_camera_msgs/astra_camera_msgs/srv/detail/get_int32__type_support.h
[1.661s] -- Up-to-date: /SLAM/ros_ws/install/astra_camera_msgs/include/astra_camera_msgs/astra_camera_msgs/srv/detail/get_camera_info__functions.c
[1.661s] -- Up-to-date: /SLAM/ros_ws/install/astra_camera_msgs/include/astra_camera_msgs/astra_camera_msgs/srv/detail/get_device_info__functions.c
[1.661s] -- Up-to-date: /SLAM/ros_ws/install/astra_camera_msgs/include/astra_camera_msgs/astra_camera_msgs/srv/detail/set_int32__struct.h
[1.661s] -- Up-to-date: /SLAM/ros_ws/install/astra_camera_msgs/include/astra_camera_msgs/astra_camera_msgs/srv/detail/get_device_info__struct.h
[1.662s] -- Up-to-date: /SLAM/ros_ws/install/astra_camera_msgs/include/astra_camera_msgs/astra_camera_msgs/srv/detail/set_int32__functions.h
[1.662s] -- Up-to-date: /SLAM/ros_ws/install/astra_camera_msgs/include/astra_camera_msgs/astra_camera_msgs/srv/detail/get_camera_info__type_support.h
[1.662s] -- Up-to-date: /SLAM/ros_ws/install/astra_camera_msgs/include/astra_camera_msgs/astra_camera_msgs/srv/detail/get_camera_params__functions.c
[1.662s] -- Up-to-date: /SLAM/ros_ws/install/astra_camera_msgs/include/astra_camera_msgs/astra_camera_msgs/srv/detail/set_int32__functions.c
[1.662s] -- Up-to-date: /SLAM/ros_ws/install/astra_camera_msgs/include/astra_camera_msgs/astra_camera_msgs/srv/set_int32.h
[1.662s] -- Up-to-date: /SLAM/ros_ws/install/astra_camera_msgs/share/astra_camera_msgs/environment/library_path.sh
[1.663s] -- Up-to-date: /SLAM/ros_ws/install/astra_camera_msgs/share/astra_camera_msgs/environment/library_path.dsv
[1.663s] -- Up-to-date: /SLAM/ros_ws/install/astra_camera_msgs/lib/libastra_camera_msgs__rosidl_generator_c.so
[1.664s] -- Up-to-date: /SLAM/ros_ws/install/astra_camera_msgs/include/astra_camera_msgs/astra_camera_msgs
[1.664s] -- Up-to-date: /SLAM/ros_ws/install/astra_camera_msgs/include/astra_camera_msgs/astra_camera_msgs/msg
[1.664s] -- Up-to-date: /SLAM/ros_ws/install/astra_camera_msgs/include/astra_camera_msgs/astra_camera_msgs/msg/rosidl_typesupport_fastrtps_c__visibility_control.h
[1.664s] -- Up-to-date: /SLAM/ros_ws/install/astra_camera_msgs/include/astra_camera_msgs/astra_camera_msgs/msg/detail
[1.665s] -- Up-to-date: /SLAM/ros_ws/install/astra_camera_msgs/include/astra_camera_msgs/astra_camera_msgs/msg/detail/metadata__rosidl_typesupport_fastrtps_c.h
[1.665s] -- Up-to-date: /SLAM/ros_ws/install/astra_camera_msgs/include/astra_camera_msgs/astra_camera_msgs/msg/detail/extrinsics__rosidl_typesupport_fastrtps_c.h
[1.665s] -- Up-to-date: /SLAM/ros_ws/install/astra_camera_msgs/include/astra_camera_msgs/astra_camera_msgs/msg/detail/device_info__rosidl_typesupport_fastrtps_c.h
[1.665s] -- Up-to-date: /SLAM/ros_ws/install/astra_camera_msgs/include/astra_camera_msgs/astra_camera_msgs/srv
[1.665s] -- Up-to-date: /SLAM/ros_ws/install/astra_camera_msgs/include/astra_camera_msgs/astra_camera_msgs/srv/detail
[1.665s] -- Up-to-date: /SLAM/ros_ws/install/astra_camera_msgs/include/astra_camera_msgs/astra_camera_msgs/srv/detail/set_int32__rosidl_typesupport_fastrtps_c.h
[1.665s] -- Up-to-date: /SLAM/ros_ws/install/astra_camera_msgs/include/astra_camera_msgs/astra_camera_msgs/srv/detail/get_string__rosidl_typesupport_fastrtps_c.h
[1.665s] -- Up-to-date: /SLAM/ros_ws/install/astra_camera_msgs/include/astra_camera_msgs/astra_camera_msgs/srv/detail/get_device_info__rosidl_typesupport_fastrtps_c.h
[1.665s] -- Up-to-date: /SLAM/ros_ws/install/astra_camera_msgs/include/astra_camera_msgs/astra_camera_msgs/srv/detail/get_camera_params__rosidl_typesupport_fastrtps_c.h
[1.666s] -- Up-to-date: /SLAM/ros_ws/install/astra_camera_msgs/include/astra_camera_msgs/astra_camera_msgs/srv/detail/get_camera_info__rosidl_typesupport_fastrtps_c.h
[1.666s] -- Up-to-date: /SLAM/ros_ws/install/astra_camera_msgs/include/astra_camera_msgs/astra_camera_msgs/srv/detail/get_int32__rosidl_typesupport_fastrtps_c.h
[1.666s] -- Up-to-date: /SLAM/ros_ws/install/astra_camera_msgs/lib/libastra_camera_msgs__rosidl_typesupport_fastrtps_c.so
[1.666s] -- Up-to-date: /SLAM/ros_ws/install/astra_camera_msgs/include/astra_camera_msgs/astra_camera_msgs
[1.666s] -- Up-to-date: /SLAM/ros_ws/install/astra_camera_msgs/include/astra_camera_msgs/astra_camera_msgs/msg
[1.667s] -- Up-to-date: /SLAM/ros_ws/install/astra_camera_msgs/include/astra_camera_msgs/astra_camera_msgs/msg/detail
[1.667s] -- Up-to-date: /SLAM/ros_ws/install/astra_camera_msgs/include/astra_camera_msgs/astra_camera_msgs/msg/detail/extrinsics__type_support.c
[1.667s] -- Up-to-date: /SLAM/ros_ws/install/astra_camera_msgs/include/astra_camera_msgs/astra_camera_msgs/msg/detail/device_info__rosidl_typesupport_introspection_c.h
[1.668s] -- Up-to-date: /SLAM/ros_ws/install/astra_camera_msgs/include/astra_camera_msgs/astra_camera_msgs/msg/detail/extrinsics__rosidl_typesupport_introspection_c.h
[1.668s] -- Up-to-date: /SLAM/ros_ws/install/astra_camera_msgs/include/astra_camera_msgs/astra_camera_msgs/msg/detail/metadata__rosidl_typesupport_introspection_c.h
[1.668s] -- Up-to-date: /SLAM/ros_ws/install/astra_camera_msgs/include/astra_camera_msgs/astra_camera_msgs/msg/detail/metadata__type_support.c
[1.668s] -- Up-to-date: /SLAM/ros_ws/install/astra_camera_msgs/include/astra_camera_msgs/astra_camera_msgs/msg/detail/device_info__type_support.c
[1.669s] -- Up-to-date: /SLAM/ros_ws/install/astra_camera_msgs/include/astra_camera_msgs/astra_camera_msgs/msg/rosidl_typesupport_introspection_c__visibility_control.h
[1.669s] -- Up-to-date: /SLAM/ros_ws/install/astra_camera_msgs/include/astra_camera_msgs/astra_camera_msgs/srv
[1.669s] -- Up-to-date: /SLAM/ros_ws/install/astra_camera_msgs/include/astra_camera_msgs/astra_camera_msgs/srv/detail
[1.669s] -- Up-to-date: /SLAM/ros_ws/install/astra_camera_msgs/include/astra_camera_msgs/astra_camera_msgs/srv/detail/get_string__type_support.c
[1.670s] -- Up-to-date: /SLAM/ros_ws/install/astra_camera_msgs/include/astra_camera_msgs/astra_camera_msgs/srv/detail/get_string__rosidl_typesupport_introspection_c.h
[1.670s] -- Up-to-date: /SLAM/ros_ws/install/astra_camera_msgs/include/astra_camera_msgs/astra_camera_msgs/srv/detail/get_camera_params__type_support.c
[1.670s] -- Up-to-date: /SLAM/ros_ws/install/astra_camera_msgs/include/astra_camera_msgs/astra_camera_msgs/srv/detail/get_camera_info__rosidl_typesupport_introspection_c.h
[1.670s] -- Up-to-date: /SLAM/ros_ws/install/astra_camera_msgs/include/astra_camera_msgs/astra_camera_msgs/srv/detail/get_device_info__type_support.c
[1.670s] -- Up-to-date: /SLAM/ros_ws/install/astra_camera_msgs/include/astra_camera_msgs/astra_camera_msgs/srv/detail/get_int32__type_support.c
[1.671s] -- Up-to-date: /SLAM/ros_ws/install/astra_camera_msgs/include/astra_camera_msgs/astra_camera_msgs/srv/detail/get_camera_info__type_support.c
[1.671s] -- Up-to-date: /SLAM/ros_ws/install/astra_camera_msgs/include/astra_camera_msgs/astra_camera_msgs/srv/detail/get_device_info__rosidl_typesupport_introspection_c.h
[1.671s] -- Up-to-date: /SLAM/ros_ws/install/astra_camera_msgs/include/astra_camera_msgs/astra_camera_msgs/srv/detail/get_camera_params__rosidl_typesupport_introspection_c.h
[1.671s] -- Up-to-date: /SLAM/ros_ws/install/astra_camera_msgs/include/astra_camera_msgs/astra_camera_msgs/srv/detail/get_int32__rosidl_typesupport_introspection_c.h
[1.672s] -- Up-to-date: /SLAM/ros_ws/install/astra_camera_msgs/include/astra_camera_msgs/astra_camera_msgs/srv/detail/set_int32__rosidl_typesupport_introspection_c.h
[1.672s] -- Up-to-date: /SLAM/ros_ws/install/astra_camera_msgs/include/astra_camera_msgs/astra_camera_msgs/srv/detail/set_int32__type_support.c
[1.672s] -- Up-to-date: /SLAM/ros_ws/install/astra_camera_msgs/lib/libastra_camera_msgs__rosidl_typesupport_introspection_c.so
[1.672s] -- Up-to-date: /SLAM/ros_ws/install/astra_camera_msgs/lib/libastra_camera_msgs__rosidl_typesupport_c.so
[1.673s] -- Up-to-date: /SLAM/ros_ws/install/astra_camera_msgs/include/astra_camera_msgs/astra_camera_msgs
[1.673s] -- Up-to-date: /SLAM/ros_ws/install/astra_camera_msgs/include/astra_camera_msgs/astra_camera_msgs/msg
[1.673s] -- Up-to-date: /SLAM/ros_ws/install/astra_camera_msgs/include/astra_camera_msgs/astra_camera_msgs/msg/metadata.hpp
[1.673s] -- Up-to-date: /SLAM/ros_ws/install/astra_camera_msgs/include/astra_camera_msgs/astra_camera_msgs/msg/extrinsics.hpp
[1.674s] -- Up-to-date: /SLAM/ros_ws/install/astra_camera_msgs/include/astra_camera_msgs/astra_camera_msgs/msg/device_info.hpp
[1.674s] -- Up-to-date: /SLAM/ros_ws/install/astra_camera_msgs/include/astra_camera_msgs/astra_camera_msgs/msg/detail
[1.674s] -- Up-to-date: /SLAM/ros_ws/install/astra_camera_msgs/include/astra_camera_msgs/astra_camera_msgs/msg/detail/device_info__builder.hpp
[1.674s] -- Up-to-date: /SLAM/ros_ws/install/astra_camera_msgs/include/astra_camera_msgs/astra_camera_msgs/msg/detail/metadata__traits.hpp
[1.675s] -- Up-to-date: /SLAM/ros_ws/install/astra_camera_msgs/include/astra_camera_msgs/astra_camera_msgs/msg/detail/extrinsics__builder.hpp
[1.675s] -- Up-to-date: /SLAM/ros_ws/install/astra_camera_msgs/include/astra_camera_msgs/astra_camera_msgs/msg/detail/metadata__struct.hpp
[1.675s] -- Up-to-date: /SLAM/ros_ws/install/astra_camera_msgs/include/astra_camera_msgs/astra_camera_msgs/msg/detail/extrinsics__traits.hpp
[1.675s] -- Up-to-date: /SLAM/ros_ws/install/astra_camera_msgs/include/astra_camera_msgs/astra_camera_msgs/msg/detail/metadata__builder.hpp
[1.675s] -- Up-to-date: /SLAM/ros_ws/install/astra_camera_msgs/include/astra_camera_msgs/astra_camera_msgs/msg/detail/device_info__struct.hpp
[1.676s] -- Up-to-date: /SLAM/ros_ws/install/astra_camera_msgs/include/astra_camera_msgs/astra_camera_msgs/msg/detail/device_info__traits.hpp
[1.676s] -- Up-to-date: /SLAM/ros_ws/install/astra_camera_msgs/include/astra_camera_msgs/astra_camera_msgs/msg/detail/extrinsics__struct.hpp
[1.677s] -- Up-to-date: /SLAM/ros_ws/install/astra_camera_msgs/include/astra_camera_msgs/astra_camera_msgs/srv
[1.677s] -- Up-to-date: /SLAM/ros_ws/install/astra_camera_msgs/include/astra_camera_msgs/astra_camera_msgs/srv/set_int32.hpp
[1.677s] -- Up-to-date: /SLAM/ros_ws/install/astra_camera_msgs/include/astra_camera_msgs/astra_camera_msgs/srv/get_string.hpp
[1.678s] -- Up-to-date: /SLAM/ros_ws/install/astra_camera_msgs/include/astra_camera_msgs/astra_camera_msgs/srv/get_int32.hpp
[1.678s] -- Up-to-date: /SLAM/ros_ws/install/astra_camera_msgs/include/astra_camera_msgs/astra_camera_msgs/srv/get_camera_info.hpp
[1.679s] -- Up-to-date: /SLAM/ros_ws/install/astra_camera_msgs/include/astra_camera_msgs/astra_camera_msgs/srv/get_device_info.hpp
[1.679s] -- Up-to-date: /SLAM/ros_ws/install/astra_camera_msgs/include/astra_camera_msgs/astra_camera_msgs/srv/detail
[1.679s] -- Up-to-date: /SLAM/ros_ws/install/astra_camera_msgs/include/astra_camera_msgs/astra_camera_msgs/srv/detail/get_camera_params__traits.hpp
[1.680s] -- Up-to-date: /SLAM/ros_ws/install/astra_camera_msgs/include/astra_camera_msgs/astra_camera_msgs/srv/detail/get_camera_params__builder.hpp
[1.680s] -- Up-to-date: /SLAM/ros_ws/install/astra_camera_msgs/include/astra_camera_msgs/astra_camera_msgs/srv/detail/get_camera_info__builder.hpp
[1.680s] -- Up-to-date: /SLAM/ros_ws/install/astra_camera_msgs/include/astra_camera_msgs/astra_camera_msgs/srv/detail/get_camera_params__struct.hpp
[1.680s] -- Up-to-date: /SLAM/ros_ws/install/astra_camera_msgs/include/astra_camera_msgs/astra_camera_msgs/srv/detail/get_device_info__builder.hpp
[1.681s] -- Up-to-date: /SLAM/ros_ws/install/astra_camera_msgs/include/astra_camera_msgs/astra_camera_msgs/srv/detail/get_string__builder.hpp
[1.681s] -- Up-to-date: /SLAM/ros_ws/install/astra_camera_msgs/include/astra_camera_msgs/astra_camera_msgs/srv/detail/set_int32__struct.hpp
[1.681s] -- Up-to-date: /SLAM/ros_ws/install/astra_camera_msgs/include/astra_camera_msgs/astra_camera_msgs/srv/detail/get_device_info__traits.hpp
[1.682s] -- Up-to-date: /SLAM/ros_ws/install/astra_camera_msgs/include/astra_camera_msgs/astra_camera_msgs/srv/detail/get_camera_info__traits.hpp
[1.683s] -- Up-to-date: /SLAM/ros_ws/install/astra_camera_msgs/include/astra_camera_msgs/astra_camera_msgs/srv/detail/get_string__traits.hpp
[1.683s] -- Up-to-date: /SLAM/ros_ws/install/astra_camera_msgs/include/astra_camera_msgs/astra_camera_msgs/srv/detail/set_int32__traits.hpp
[1.684s] -- Up-to-date: /SLAM/ros_ws/install/astra_camera_msgs/include/astra_camera_msgs/astra_camera_msgs/srv/detail/get_string__struct.hpp
[1.684s] -- Up-to-date: /SLAM/ros_ws/install/astra_camera_msgs/include/astra_camera_msgs/astra_camera_msgs/srv/detail/get_device_info__struct.hpp
[1.685s] -- Up-to-date: /SLAM/ros_ws/install/astra_camera_msgs/include/astra_camera_msgs/astra_camera_msgs/srv/detail/set_int32__builder.hpp
[1.685s] -- Up-to-date: /SLAM/ros_ws/install/astra_camera_msgs/include/astra_camera_msgs/astra_camera_msgs/srv/detail/get_int32__struct.hpp
[1.686s] -- Up-to-date: /SLAM/ros_ws/install/astra_camera_msgs/include/astra_camera_msgs/astra_camera_msgs/srv/detail/get_camera_info__struct.hpp
[1.686s] -- Up-to-date: /SLAM/ros_ws/install/astra_camera_msgs/include/astra_camera_msgs/astra_camera_msgs/srv/detail/get_int32__traits.hpp
[1.687s] -- Up-to-date: /SLAM/ros_ws/install/astra_camera_msgs/include/astra_camera_msgs/astra_camera_msgs/srv/detail/get_int32__builder.hpp
[1.687s] -- Up-to-date: /SLAM/ros_ws/install/astra_camera_msgs/include/astra_camera_msgs/astra_camera_msgs/srv/get_camera_params.hpp
[1.687s] -- Up-to-date: /SLAM/ros_ws/install/astra_camera_msgs/include/astra_camera_msgs/astra_camera_msgs
[1.688s] -- Up-to-date: /SLAM/ros_ws/install/astra_camera_msgs/include/astra_camera_msgs/astra_camera_msgs/msg
[1.689s] -- Up-to-date: /SLAM/ros_ws/install/astra_camera_msgs/include/astra_camera_msgs/astra_camera_msgs/msg/rosidl_typesupport_fastrtps_cpp__visibility_control.h
[1.689s] -- Up-to-date: /SLAM/ros_ws/install/astra_camera_msgs/include/astra_camera_msgs/astra_camera_msgs/msg/detail
[1.690s] -- Up-to-date: /SLAM/ros_ws/install/astra_camera_msgs/include/astra_camera_msgs/astra_camera_msgs/msg/detail/device_info__rosidl_typesupport_fastrtps_cpp.hpp
[1.690s] -- Up-to-date: /SLAM/ros_ws/install/astra_camera_msgs/include/astra_camera_msgs/astra_camera_msgs/msg/detail/metadata__rosidl_typesupport_fastrtps_cpp.hpp
[1.690s] -- Up-to-date: /SLAM/ros_ws/install/astra_camera_msgs/include/astra_camera_msgs/astra_camera_msgs/msg/detail/extrinsics__rosidl_typesupport_fastrtps_cpp.hpp
[1.691s] -- Up-to-date: /SLAM/ros_ws/install/astra_camera_msgs/include/astra_camera_msgs/astra_camera_msgs/msg/detail/dds_fastrtps
[1.691s] -- Up-to-date: /SLAM/ros_ws/install/astra_camera_msgs/include/astra_camera_msgs/astra_camera_msgs/srv
[1.692s] -- Up-to-date: /SLAM/ros_ws/install/astra_camera_msgs/include/astra_camera_msgs/astra_camera_msgs/srv/detail
[1.692s] -- Up-to-date: /SLAM/ros_ws/install/astra_camera_msgs/include/astra_camera_msgs/astra_camera_msgs/srv/detail/get_int32__rosidl_typesupport_fastrtps_cpp.hpp
[1.692s] -- Up-to-date: /SLAM/ros_ws/install/astra_camera_msgs/include/astra_camera_msgs/astra_camera_msgs/srv/detail/set_int32__rosidl_typesupport_fastrtps_cpp.hpp
[1.693s] -- Up-to-date: /SLAM/ros_ws/install/astra_camera_msgs/include/astra_camera_msgs/astra_camera_msgs/srv/detail/get_camera_params__rosidl_typesupport_fastrtps_cpp.hpp
[1.694s] -- Up-to-date: /SLAM/ros_ws/install/astra_camera_msgs/include/astra_camera_msgs/astra_camera_msgs/srv/detail/get_string__rosidl_typesupport_fastrtps_cpp.hpp
[1.694s] -- Up-to-date: /SLAM/ros_ws/install/astra_camera_msgs/include/astra_camera_msgs/astra_camera_msgs/srv/detail/dds_fastrtps
[1.695s] -- Up-to-date: /SLAM/ros_ws/install/astra_camera_msgs/include/astra_camera_msgs/astra_camera_msgs/srv/detail/get_device_info__rosidl_typesupport_fastrtps_cpp.hpp
[1.698s] -- Up-to-date: /SLAM/ros_ws/install/astra_camera_msgs/include/astra_camera_msgs/astra_camera_msgs/srv/detail/get_camera_info__rosidl_typesupport_fastrtps_cpp.hpp
[1.698s] -- Up-to-date: /SLAM/ros_ws/install/astra_camera_msgs/lib/libastra_camera_msgs__rosidl_typesupport_fastrtps_cpp.so
[1.699s] -- Up-to-date: /SLAM/ros_ws/install/astra_camera_msgs/include/astra_camera_msgs/astra_camera_msgs
[1.699s] -- Up-to-date: /SLAM/ros_ws/install/astra_camera_msgs/include/astra_camera_msgs/astra_camera_msgs/msg
[1.700s] -- Up-to-date: /SLAM/ros_ws/install/astra_camera_msgs/include/astra_camera_msgs/astra_camera_msgs/msg/detail
[1.700s] -- Up-to-date: /SLAM/ros_ws/install/astra_camera_msgs/include/astra_camera_msgs/astra_camera_msgs/msg/detail/extrinsics__type_support.cpp
[1.700s] -- Up-to-date: /SLAM/ros_ws/install/astra_camera_msgs/include/astra_camera_msgs/astra_camera_msgs/msg/detail/metadata__rosidl_typesupport_introspection_cpp.hpp
[1.701s] -- Up-to-date: /SLAM/ros_ws/install/astra_camera_msgs/include/astra_camera_msgs/astra_camera_msgs/msg/detail/device_info__rosidl_typesupport_introspection_cpp.hpp
[1.701s] -- Up-to-date: /SLAM/ros_ws/install/astra_camera_msgs/include/astra_camera_msgs/astra_camera_msgs/msg/detail/metadata__type_support.cpp
[1.701s] -- Up-to-date: /SLAM/ros_ws/install/astra_camera_msgs/include/astra_camera_msgs/astra_camera_msgs/msg/detail/extrinsics__rosidl_typesupport_introspection_cpp.hpp
[1.702s] -- Up-to-date: /SLAM/ros_ws/install/astra_camera_msgs/include/astra_camera_msgs/astra_camera_msgs/msg/detail/device_info__type_support.cpp
[1.702s] -- Up-to-date: /SLAM/ros_ws/install/astra_camera_msgs/include/astra_camera_msgs/astra_camera_msgs/srv
[1.702s] -- Up-to-date: /SLAM/ros_ws/install/astra_camera_msgs/include/astra_camera_msgs/astra_camera_msgs/srv/detail
[1.702s] -- Up-to-date: /SLAM/ros_ws/install/astra_camera_msgs/include/astra_camera_msgs/astra_camera_msgs/srv/detail/set_int32__type_support.cpp
[1.703s] -- Up-to-date: /SLAM/ros_ws/install/astra_camera_msgs/include/astra_camera_msgs/astra_camera_msgs/srv/detail/get_string__rosidl_typesupport_introspection_cpp.hpp
[1.703s] -- Up-to-date: /SLAM/ros_ws/install/astra_camera_msgs/include/astra_camera_msgs/astra_camera_msgs/srv/detail/get_string__type_support.cpp
[1.703s] -- Up-to-date: /SLAM/ros_ws/install/astra_camera_msgs/include/astra_camera_msgs/astra_camera_msgs/srv/detail/get_camera_params__type_support.cpp
[1.703s] -- Up-to-date: /SLAM/ros_ws/install/astra_camera_msgs/include/astra_camera_msgs/astra_camera_msgs/srv/detail/get_camera_params__rosidl_typesupport_introspection_cpp.hpp
[1.703s] -- Up-to-date: /SLAM/ros_ws/install/astra_camera_msgs/include/astra_camera_msgs/astra_camera_msgs/srv/detail/set_int32__rosidl_typesupport_introspection_cpp.hpp
[1.704s] -- Up-to-date: /SLAM/ros_ws/install/astra_camera_msgs/include/astra_camera_msgs/astra_camera_msgs/srv/detail/get_device_info__type_support.cpp
[1.704s] -- Up-to-date: /SLAM/ros_ws/install/astra_camera_msgs/include/astra_camera_msgs/astra_camera_msgs/srv/detail/get_camera_info__rosidl_typesupport_introspection_cpp.hpp
[1.704s] -- Up-to-date: /SLAM/ros_ws/install/astra_camera_msgs/include/astra_camera_msgs/astra_camera_msgs/srv/detail/get_camera_info__type_support.cpp
[1.705s] -- Up-to-date: /SLAM/ros_ws/install/astra_camera_msgs/include/astra_camera_msgs/astra_camera_msgs/srv/detail/get_int32__rosidl_typesupport_introspection_cpp.hpp
[1.705s] -- Up-to-date: /SLAM/ros_ws/install/astra_camera_msgs/include/astra_camera_msgs/astra_camera_msgs/srv/detail/get_int32__type_support.cpp
[1.706s] -- Up-to-date: /SLAM/ros_ws/install/astra_camera_msgs/include/astra_camera_msgs/astra_camera_msgs/srv/detail/get_device_info__rosidl_typesupport_introspection_cpp.hpp
[1.706s] -- Up-to-date: /SLAM/ros_ws/install/astra_camera_msgs/lib/libastra_camera_msgs__rosidl_typesupport_introspection_cpp.so
[1.706s] -- Up-to-date: /SLAM/ros_ws/install/astra_camera_msgs/lib/libastra_camera_msgs__rosidl_typesupport_cpp.so
[1.707s] -- Up-to-date: /SLAM/ros_ws/install/astra_camera_msgs/share/astra_camera_msgs/environment/pythonpath.sh
[1.707s] -- Up-to-date: /SLAM/ros_ws/install/astra_camera_msgs/share/astra_camera_msgs/environment/pythonpath.dsv
[1.707s] -- Up-to-date: /SLAM/ros_ws/install/astra_camera_msgs/local/lib/python3.10/dist-packages/astra_camera_msgs-1.0.1-py3.10.egg-info
[1.708s] -- Installing: /SLAM/ros_ws/install/astra_camera_msgs/local/lib/python3.10/dist-packages/astra_camera_msgs-1.0.1-py3.10.egg-info/PKG-INFO
[1.708s] -- Installing: /SLAM/ros_ws/install/astra_camera_msgs/local/lib/python3.10/dist-packages/astra_camera_msgs-1.0.1-py3.10.egg-info/dependency_links.txt
[1.708s] -- Installing: /SLAM/ros_ws/install/astra_camera_msgs/local/lib/python3.10/dist-packages/astra_camera_msgs-1.0.1-py3.10.egg-info/top_level.txt
[1.709s] -- Installing: /SLAM/ros_ws/install/astra_camera_msgs/local/lib/python3.10/dist-packages/astra_camera_msgs-1.0.1-py3.10.egg-info/SOURCES.txt
[1.709s] -- Up-to-date: /SLAM/ros_ws/install/astra_camera_msgs/local/lib/python3.10/dist-packages/astra_camera_msgs
[1.709s] -- Up-to-date: /SLAM/ros_ws/install/astra_camera_msgs/local/lib/python3.10/dist-packages/astra_camera_msgs/astra_camera_msgs_s__rosidl_typesupport_fastrtps_c.cpython-310-x86_64-linux-gnu.so
[1.710s] -- Up-to-date: /SLAM/ros_ws/install/astra_camera_msgs/local/lib/python3.10/dist-packages/astra_camera_msgs/libastra_camera_msgs__rosidl_generator_py.so
[1.710s] -- Up-to-date: /SLAM/ros_ws/install/astra_camera_msgs/local/lib/python3.10/dist-packages/astra_camera_msgs/astra_camera_msgs_s__rosidl_typesupport_c.cpython-310-x86_64-linux-gnu.so
[1.710s] -- Up-to-date: /SLAM/ros_ws/install/astra_camera_msgs/local/lib/python3.10/dist-packages/astra_camera_msgs/msg
[1.710s] -- Up-to-date: /SLAM/ros_ws/install/astra_camera_msgs/local/lib/python3.10/dist-packages/astra_camera_msgs/msg/_device_info.py
[1.711s] -- Up-to-date: /SLAM/ros_ws/install/astra_camera_msgs/local/lib/python3.10/dist-packages/astra_camera_msgs/msg/_device_info_s.c
[1.711s] -- Up-to-date: /SLAM/ros_ws/install/astra_camera_msgs/local/lib/python3.10/dist-packages/astra_camera_msgs/msg/_metadata.py
[1.711s] -- Up-to-date: /SLAM/ros_ws/install/astra_camera_msgs/local/lib/python3.10/dist-packages/astra_camera_msgs/msg/_extrinsics.py
[1.712s] -- Up-to-date: /SLAM/ros_ws/install/astra_camera_msgs/local/lib/python3.10/dist-packages/astra_camera_msgs/msg/_metadata_s.c
[1.712s] -- Up-to-date: /SLAM/ros_ws/install/astra_camera_msgs/local/lib/python3.10/dist-packages/astra_camera_msgs/msg/_extrinsics_s.c
[1.712s] -- Up-to-date: /SLAM/ros_ws/install/astra_camera_msgs/local/lib/python3.10/dist-packages/astra_camera_msgs/msg/__init__.py
[1.713s] -- Up-to-date: /SLAM/ros_ws/install/astra_camera_msgs/local/lib/python3.10/dist-packages/astra_camera_msgs/_astra_camera_msgs_s.ep.rosidl_typesupport_c.c
[1.713s] -- Up-to-date: /SLAM/ros_ws/install/astra_camera_msgs/local/lib/python3.10/dist-packages/astra_camera_msgs/_astra_camera_msgs_s.ep.rosidl_typesupport_introspection_c.c
[1.713s] -- Up-to-date: /SLAM/ros_ws/install/astra_camera_msgs/local/lib/python3.10/dist-packages/astra_camera_msgs/_astra_camera_msgs_s.ep.rosidl_typesupport_fastrtps_c.c
[1.714s] -- Up-to-date: /SLAM/ros_ws/install/astra_camera_msgs/local/lib/python3.10/dist-packages/astra_camera_msgs/srv
[1.714s] -- Up-to-date: /SLAM/ros_ws/install/astra_camera_msgs/local/lib/python3.10/dist-packages/astra_camera_msgs/srv/_get_int32.py
[1.714s] -- Up-to-date: /SLAM/ros_ws/install/astra_camera_msgs/local/lib/python3.10/dist-packages/astra_camera_msgs/srv/_set_int32_s.c
[1.714s] -- Up-to-date: /SLAM/ros_ws/install/astra_camera_msgs/local/lib/python3.10/dist-packages/astra_camera_msgs/srv/_set_int32.py
[1.714s] -- Up-to-date: /SLAM/ros_ws/install/astra_camera_msgs/local/lib/python3.10/dist-packages/astra_camera_msgs/srv/_get_string.py
[1.715s] -- Up-to-date: /SLAM/ros_ws/install/astra_camera_msgs/local/lib/python3.10/dist-packages/astra_camera_msgs/srv/_get_camera_info.py
[1.715s] -- Up-to-date: /SLAM/ros_ws/install/astra_camera_msgs/local/lib/python3.10/dist-packages/astra_camera_msgs/srv/_get_camera_params.py
[1.715s] -- Up-to-date: /SLAM/ros_ws/install/astra_camera_msgs/local/lib/python3.10/dist-packages/astra_camera_msgs/srv/_get_string_s.c
[1.715s] -- Up-to-date: /SLAM/ros_ws/install/astra_camera_msgs/local/lib/python3.10/dist-packages/astra_camera_msgs/srv/_get_camera_params_s.c
[1.715s] -- Up-to-date: /SLAM/ros_ws/install/astra_camera_msgs/local/lib/python3.10/dist-packages/astra_camera_msgs/srv/_get_camera_info_s.c
[1.715s] -- Up-to-date: /SLAM/ros_ws/install/astra_camera_msgs/local/lib/python3.10/dist-packages/astra_camera_msgs/srv/_get_int32_s.c
[1.715s] -- Up-to-date: /SLAM/ros_ws/install/astra_camera_msgs/local/lib/python3.10/dist-packages/astra_camera_msgs/srv/__init__.py
[1.715s] -- Up-to-date: /SLAM/ros_ws/install/astra_camera_msgs/local/lib/python3.10/dist-packages/astra_camera_msgs/srv/_get_device_info.py
[1.716s] -- Up-to-date: /SLAM/ros_ws/install/astra_camera_msgs/local/lib/python3.10/dist-packages/astra_camera_msgs/srv/_get_device_info_s.c
[1.716s] -- Up-to-date: /SLAM/ros_ws/install/astra_camera_msgs/local/lib/python3.10/dist-packages/astra_camera_msgs/astra_camera_msgs_s__rosidl_typesupport_introspection_c.cpython-310-x86_64-linux-gnu.so
[1.716s] -- Up-to-date: /SLAM/ros_ws/install/astra_camera_msgs/local/lib/python3.10/dist-packages/astra_camera_msgs/__init__.py
[1.717s] Listing '/SLAM/ros_ws/install/astra_camera_msgs/local/lib/python3.10/dist-packages/astra_camera_msgs'...
[1.717s] Listing '/SLAM/ros_ws/install/astra_camera_msgs/local/lib/python3.10/dist-packages/astra_camera_msgs/msg'...
[1.718s] Listing '/SLAM/ros_ws/install/astra_camera_msgs/local/lib/python3.10/dist-packages/astra_camera_msgs/srv'...
[1.727s] -- Up-to-date: /SLAM/ros_ws/install/astra_camera_msgs/local/lib/python3.10/dist-packages/astra_camera_msgs/astra_camera_msgs_s__rosidl_typesupport_fastrtps_c.cpython-310-x86_64-linux-gnu.so
[1.730s] -- Up-to-date: /SLAM/ros_ws/install/astra_camera_msgs/local/lib/python3.10/dist-packages/astra_camera_msgs/astra_camera_msgs_s__rosidl_typesupport_introspection_c.cpython-310-x86_64-linux-gnu.so
[1.731s] -- Up-to-date: /SLAM/ros_ws/install/astra_camera_msgs/local/lib/python3.10/dist-packages/astra_camera_msgs/astra_camera_msgs_s__rosidl_typesupport_c.cpython-310-x86_64-linux-gnu.so
[1.732s] -- Up-to-date: /SLAM/ros_ws/install/astra_camera_msgs/lib/libastra_camera_msgs__rosidl_generator_py.so
[1.732s] -- Up-to-date: /SLAM/ros_ws/install/astra_camera_msgs/share/astra_camera_msgs/msg/DeviceInfo.idl
[1.732s] -- Up-to-date: /SLAM/ros_ws/install/astra_camera_msgs/share/astra_camera_msgs/msg/Extrinsics.idl
[1.733s] -- Up-to-date: /SLAM/ros_ws/install/astra_camera_msgs/share/astra_camera_msgs/msg/Metadata.idl
[1.733s] -- Up-to-date: /SLAM/ros_ws/install/astra_camera_msgs/share/astra_camera_msgs/srv/GetDeviceInfo.idl
[1.733s] -- Up-to-date: /SLAM/ros_ws/install/astra_camera_msgs/share/astra_camera_msgs/srv/GetCameraInfo.idl
[1.734s] -- Up-to-date: /SLAM/ros_ws/install/astra_camera_msgs/share/astra_camera_msgs/srv/GetCameraParams.idl
[1.734s] -- Up-to-date: /SLAM/ros_ws/install/astra_camera_msgs/share/astra_camera_msgs/srv/GetInt32.idl
[1.735s] -- Up-to-date: /SLAM/ros_ws/install/astra_camera_msgs/share/astra_camera_msgs/srv/GetString.idl
[1.735s] -- Up-to-date: /SLAM/ros_ws/install/astra_camera_msgs/share/astra_camera_msgs/srv/SetInt32.idl
[1.735s] -- Up-to-date: /SLAM/ros_ws/install/astra_camera_msgs/share/astra_camera_msgs/msg/DeviceInfo.msg
[1.735s] -- Up-to-date: /SLAM/ros_ws/install/astra_camera_msgs/share/astra_camera_msgs/msg/Extrinsics.msg
[1.735s] -- Up-to-date: /SLAM/ros_ws/install/astra_camera_msgs/share/astra_camera_msgs/msg/Metadata.msg
[1.735s] -- Up-to-date: /SLAM/ros_ws/install/astra_camera_msgs/share/astra_camera_msgs/srv/GetDeviceInfo.srv
[1.736s] -- Up-to-date: /SLAM/ros_ws/install/astra_camera_msgs/share/astra_camera_msgs/srv/GetDeviceInfo_Request.msg
[1.736s] -- Up-to-date: /SLAM/ros_ws/install/astra_camera_msgs/share/astra_camera_msgs/srv/GetDeviceInfo_Response.msg
[1.737s] -- Up-to-date: /SLAM/ros_ws/install/astra_camera_msgs/share/astra_camera_msgs/srv/GetCameraInfo.srv
[1.737s] -- Up-to-date: /SLAM/ros_ws/install/astra_camera_msgs/share/astra_camera_msgs/srv/GetCameraInfo_Request.msg
[1.737s] -- Up-to-date: /SLAM/ros_ws/install/astra_camera_msgs/share/astra_camera_msgs/srv/GetCameraInfo_Response.msg
[1.737s] -- Up-to-date: /SLAM/ros_ws/install/astra_camera_msgs/share/astra_camera_msgs/srv/GetCameraParams.srv
[1.738s] -- Up-to-date: /SLAM/ros_ws/install/astra_camera_msgs/share/astra_camera_msgs/srv/GetCameraParams_Request.msg
[1.738s] -- Up-to-date: /SLAM/ros_ws/install/astra_camera_msgs/share/astra_camera_msgs/srv/GetCameraParams_Response.msg
[1.738s] -- Up-to-date: /SLAM/ros_ws/install/astra_camera_msgs/share/astra_camera_msgs/srv/GetInt32.srv
[1.739s] -- Up-to-date: /SLAM/ros_ws/install/astra_camera_msgs/share/astra_camera_msgs/srv/GetInt32_Request.msg
[1.739s] -- Up-to-date: /SLAM/ros_ws/install/astra_camera_msgs/share/astra_camera_msgs/srv/GetInt32_Response.msg
[1.740s] -- Up-to-date: /SLAM/ros_ws/install/astra_camera_msgs/share/astra_camera_msgs/srv/GetString.srv
[1.740s] -- Up-to-date: /SLAM/ros_ws/install/astra_camera_msgs/share/astra_camera_msgs/srv/GetString_Request.msg
[1.740s] -- Up-to-date: /SLAM/ros_ws/install/astra_camera_msgs/share/astra_camera_msgs/srv/GetString_Response.msg
[1.740s] -- Up-to-date: /SLAM/ros_ws/install/astra_camera_msgs/share/astra_camera_msgs/srv/SetInt32.srv
[1.741s] -- Up-to-date: /SLAM/ros_ws/install/astra_camera_msgs/share/astra_camera_msgs/srv/SetInt32_Request.msg
[1.741s] -- Up-to-date: /SLAM/ros_ws/install/astra_camera_msgs/share/astra_camera_msgs/srv/SetInt32_Response.msg
[1.741s] -- Up-to-date: /SLAM/ros_ws/install/astra_camera_msgs/share/ament_index/resource_index/package_run_dependencies/astra_camera_msgs
[1.741s] -- Up-to-date: /SLAM/ros_ws/install/astra_camera_msgs/share/ament_index/resource_index/parent_prefix_path/astra_camera_msgs
[1.741s] -- Up-to-date: /SLAM/ros_ws/install/astra_camera_msgs/share/astra_camera_msgs/environment/ament_prefix_path.sh
[1.742s] -- Up-to-date: /SLAM/ros_ws/install/astra_camera_msgs/share/astra_camera_msgs/environment/ament_prefix_path.dsv
[1.742s] -- Up-to-date: /SLAM/ros_ws/install/astra_camera_msgs/share/astra_camera_msgs/environment/path.sh
[1.742s] -- Up-to-date: /SLAM/ros_ws/install/astra_camera_msgs/share/astra_camera_msgs/environment/path.dsv
[1.742s] -- Up-to-date: /SLAM/ros_ws/install/astra_camera_msgs/share/astra_camera_msgs/local_setup.bash
[1.742s] -- Up-to-date: /SLAM/ros_ws/install/astra_camera_msgs/share/astra_camera_msgs/local_setup.sh
[1.743s] -- Up-to-date: /SLAM/ros_ws/install/astra_camera_msgs/share/astra_camera_msgs/local_setup.zsh
[1.743s] -- Up-to-date: /SLAM/ros_ws/install/astra_camera_msgs/share/astra_camera_msgs/local_setup.dsv
[1.743s] -- Installing: /SLAM/ros_ws/install/astra_camera_msgs/share/astra_camera_msgs/package.dsv
[1.743s] -- Up-to-date: /SLAM/ros_ws/install/astra_camera_msgs/share/ament_index/resource_index/packages/astra_camera_msgs
[1.744s] -- Up-to-date: /SLAM/ros_ws/install/astra_camera_msgs/share/astra_camera_msgs/cmake/export_astra_camera_msgs__rosidl_generator_cExport.cmake
[1.744s] -- Up-to-date: /SLAM/ros_ws/install/astra_camera_msgs/share/astra_camera_msgs/cmake/export_astra_camera_msgs__rosidl_generator_cExport-noconfig.cmake
[1.744s] -- Up-to-date: /SLAM/ros_ws/install/astra_camera_msgs/share/astra_camera_msgs/cmake/export_astra_camera_msgs__rosidl_typesupport_fastrtps_cExport.cmake
[1.745s] -- Up-to-date: /SLAM/ros_ws/install/astra_camera_msgs/share/astra_camera_msgs/cmake/export_astra_camera_msgs__rosidl_typesupport_fastrtps_cExport-noconfig.cmake
[1.745s] -- Up-to-date: /SLAM/ros_ws/install/astra_camera_msgs/share/astra_camera_msgs/cmake/astra_camera_msgs__rosidl_typesupport_introspection_cExport.cmake
[1.745s] -- Up-to-date: /SLAM/ros_ws/install/astra_camera_msgs/share/astra_camera_msgs/cmake/astra_camera_msgs__rosidl_typesupport_introspection_cExport-noconfig.cmake
[1.746s] -- Up-to-date: /SLAM/ros_ws/install/astra_camera_msgs/share/astra_camera_msgs/cmake/astra_camera_msgs__rosidl_typesupport_cExport.cmake
[1.746s] -- Up-to-date: /SLAM/ros_ws/install/astra_camera_msgs/share/astra_camera_msgs/cmake/astra_camera_msgs__rosidl_typesupport_cExport-noconfig.cmake
[1.746s] -- Up-to-date: /SLAM/ros_ws/install/astra_camera_msgs/share/astra_camera_msgs/cmake/export_astra_camera_msgs__rosidl_generator_cppExport.cmake
[1.747s] -- Up-to-date: /SLAM/ros_ws/install/astra_camera_msgs/share/astra_camera_msgs/cmake/export_astra_camera_msgs__rosidl_typesupport_fastrtps_cppExport.cmake
[1.747s] -- Up-to-date: /SLAM/ros_ws/install/astra_camera_msgs/share/astra_camera_msgs/cmake/export_astra_camera_msgs__rosidl_typesupport_fastrtps_cppExport-noconfig.cmake
[1.747s] -- Up-to-date: /SLAM/ros_ws/install/astra_camera_msgs/share/astra_camera_msgs/cmake/astra_camera_msgs__rosidl_typesupport_introspection_cppExport.cmake
[1.748s] -- Up-to-date: /SLAM/ros_ws/install/astra_camera_msgs/share/astra_camera_msgs/cmake/astra_camera_msgs__rosidl_typesupport_introspection_cppExport-noconfig.cmake
[1.748s] -- Up-to-date: /SLAM/ros_ws/install/astra_camera_msgs/share/astra_camera_msgs/cmake/astra_camera_msgs__rosidl_typesupport_cppExport.cmake
[1.748s] -- Up-to-date: /SLAM/ros_ws/install/astra_camera_msgs/share/astra_camera_msgs/cmake/astra_camera_msgs__rosidl_typesupport_cppExport-noconfig.cmake
[1.749s] -- Up-to-date: /SLAM/ros_ws/install/astra_camera_msgs/share/astra_camera_msgs/cmake/export_astra_camera_msgs__rosidl_generator_pyExport.cmake
[1.749s] -- Up-to-date: /SLAM/ros_ws/install/astra_camera_msgs/share/astra_camera_msgs/cmake/export_astra_camera_msgs__rosidl_generator_pyExport-noconfig.cmake
[1.749s] -- Up-to-date: /SLAM/ros_ws/install/astra_camera_msgs/share/astra_camera_msgs/cmake/rosidl_cmake-extras.cmake
[1.750s] -- Up-to-date: /SLAM/ros_ws/install/astra_camera_msgs/share/astra_camera_msgs/cmake/ament_cmake_export_dependencies-extras.cmake
[1.750s] -- Up-to-date: /SLAM/ros_ws/install/astra_camera_msgs/share/astra_camera_msgs/cmake/ament_cmake_export_include_directories-extras.cmake
[1.750s] -- Up-to-date: /SLAM/ros_ws/install/astra_camera_msgs/share/astra_camera_msgs/cmake/ament_cmake_export_libraries-extras.cmake
[1.750s] -- Up-to-date: /SLAM/ros_ws/install/astra_camera_msgs/share/astra_camera_msgs/cmake/ament_cmake_export_targets-extras.cmake
[1.751s] -- Up-to-date: /SLAM/ros_ws/install/astra_camera_msgs/share/astra_camera_msgs/cmake/rosidl_cmake_export_typesupport_targets-extras.cmake
[1.751s] -- Up-to-date: /SLAM/ros_ws/install/astra_camera_msgs/share/astra_camera_msgs/cmake/rosidl_cmake_export_typesupport_libraries-extras.cmake
[1.751s] -- Up-to-date: /SLAM/ros_ws/install/astra_camera_msgs/share/astra_camera_msgs/cmake/astra_camera_msgsConfig.cmake
[1.751s] -- Up-to-date: /SLAM/ros_ws/install/astra_camera_msgs/share/astra_camera_msgs/cmake/astra_camera_msgsConfig-version.cmake
[1.752s] -- Up-to-date: /SLAM/ros_ws/install/astra_camera_msgs/share/astra_camera_msgs/package.xml
[1.908s] Invoked command in '/SLAM/ros_ws/build/astra_camera_msgs' returned '0': CMAKE_PREFIX_PATH=${CMAKE_PREFIX_PATH}:/SLAM/ros_ws/install/camera_calibration:/opt/ros/humble /usr/bin/cmake --install /SLAM/ros_ws/build/astra_camera_msgs
