[0.048s] Invoking command in '/SLAM/ros_ws/build/pal_gazebo_worlds': CMAKE_PREFIX_PATH=/opt/ros/humble /usr/bin/cmake --build /SLAM/ros_ws/build/pal_gazebo_worlds -- -j16 -l16
[0.093s] Invoked command in '/SLAM/ros_ws/build/pal_gazebo_worlds' returned '0': CMAKE_PREFIX_PATH=/opt/ros/humble /usr/bin/cmake --build /SLAM/ros_ws/build/pal_gazebo_worlds -- -j16 -l16
[0.131s] Invoking command in '/SLAM/ros_ws/build/pal_gazebo_worlds': CMAKE_PREFIX_PATH=/opt/ros/humble /usr/bin/cmake --install /SLAM/ros_ws/build/pal_gazebo_worlds
[0.140s] -- Install configuration: ""
[0.141s] -- Execute custom install script
[0.142s] -- Up-to-date symlink: /SLAM/ros_ws/install/pal_gazebo_worlds/share/pal_gazebo_worlds/config/gazebo_params.yaml
[0.142s] -- Up-to-date symlink: /SLAM/ros_ws/install/pal_gazebo_worlds/share/pal_gazebo_worlds/launch/pal_gazebo.launch.py
[0.148s] -- Up-to-date symlink: /SLAM/ros_ws/install/pal_gazebo_worlds/share/pal_gazebo_worlds/models/arm_chair/arm_chair.sdf
[0.148s] -- Up-to-date symlink: /SLAM/ros_ws/install/pal_gazebo_worlds/share/pal_gazebo_worlds/models/arm_chair/meshes/arm_chair.stl
[0.148s] -- Up-to-date symlink: /SLAM/ros_ws/install/pal_gazebo_worlds/share/pal_gazebo_worlds/models/arm_chair/model.config
[0.148s] -- Up-to-date symlink: /SLAM/ros_ws/install/pal_gazebo_worlds/share/pal_gazebo_worlds/models/aruco_board/aruco_board.sdf
[0.149s] -- Symlinking: /SLAM/ros_ws/install/pal_gazebo_worlds/share/pal_gazebo_worlds/models/aruco_board/material/scripts/aruco_board.material
[0.160s] -- Symlinking: /SLAM/ros_ws/install/pal_gazebo_worlds/share/pal_gazebo_worlds/models/aruco_board/material/textures/aruco_board.png
[0.170s] -- Symlinking: /SLAM/ros_ws/install/pal_gazebo_worlds/share/pal_gazebo_worlds/models/aruco_board/model.config
[0.180s] -- Symlinking: /SLAM/ros_ws/install/pal_gazebo_worlds/share/pal_gazebo_worlds/models/aruco_cube/aruco_cube.sdf
[0.190s] -- Symlinking: /SLAM/ros_ws/install/pal_gazebo_worlds/share/pal_gazebo_worlds/models/aruco_cube/meshes/aruco_cube_5cm.dae
[0.200s] -- Symlinking: /SLAM/ros_ws/install/pal_gazebo_worlds/share/pal_gazebo_worlds/models/aruco_cube/meshes/aruco_cube_6cm.dae
[0.212s] -- Symlinking: /SLAM/ros_ws/install/pal_gazebo_worlds/share/pal_gazebo_worlds/models/aruco_cube/meshes/aruco_cube_8cm.dae
[0.222s] -- Symlinking: /SLAM/ros_ws/install/pal_gazebo_worlds/share/pal_gazebo_worlds/models/aruco_cube/meshes/marker582.png
[0.233s] -- Symlinking: /SLAM/ros_ws/install/pal_gazebo_worlds/share/pal_gazebo_worlds/models/aruco_cube/meshes/marker582_small_margin.png
[0.243s] -- Symlinking: /SLAM/ros_ws/install/pal_gazebo_worlds/share/pal_gazebo_worlds/models/aruco_cube/model.config
[0.253s] -- Symlinking: /SLAM/ros_ws/install/pal_gazebo_worlds/share/pal_gazebo_worlds/models/aruco_marker_250_6x6_1/aruco_marker_250_6x6.sdf
[0.263s] -- Symlinking: /SLAM/ros_ws/install/pal_gazebo_worlds/share/pal_gazebo_worlds/models/aruco_marker_250_6x6_1/material/scripts/aruco_marker_250_6x6.material
[0.274s] -- Symlinking: /SLAM/ros_ws/install/pal_gazebo_worlds/share/pal_gazebo_worlds/models/aruco_marker_250_6x6_1/material/textures/Aruco_6x6_250_0.png
[0.284s] -- Symlinking: /SLAM/ros_ws/install/pal_gazebo_worlds/share/pal_gazebo_worlds/models/aruco_marker_250_6x6_1/model.config
[0.294s] -- Symlinking: /SLAM/ros_ws/install/pal_gazebo_worlds/share/pal_gazebo_worlds/models/aruco_marker_250_6x6_2/aruco_marker_250_6x6.sdf
[0.305s] -- Symlinking: /SLAM/ros_ws/install/pal_gazebo_worlds/share/pal_gazebo_worlds/models/aruco_marker_250_6x6_2/material/scripts/aruco_marker_250_6x6.material
[0.318s] -- Symlinking: /SLAM/ros_ws/install/pal_gazebo_worlds/share/pal_gazebo_worlds/models/aruco_marker_250_6x6_2/material/textures/Aruco_6x6_250_1.png
[0.330s] -- Symlinking: /SLAM/ros_ws/install/pal_gazebo_worlds/share/pal_gazebo_worlds/models/aruco_marker_250_6x6_2/model.config
[0.341s] -- Symlinking: /SLAM/ros_ws/install/pal_gazebo_worlds/share/pal_gazebo_worlds/models/aruco_marker_250_6x6_3/aruco_marker_250_6x6.sdf
[0.353s] -- Symlinking: /SLAM/ros_ws/install/pal_gazebo_worlds/share/pal_gazebo_worlds/models/aruco_marker_250_6x6_3/material/scripts/aruco_marker_250_6x6.material
[0.370s] -- Symlinking: /SLAM/ros_ws/install/pal_gazebo_worlds/share/pal_gazebo_worlds/models/aruco_marker_250_6x6_3/material/textures/Aruco_6x6_250_2.png
[0.384s] -- Symlinking: /SLAM/ros_ws/install/pal_gazebo_worlds/share/pal_gazebo_worlds/models/aruco_marker_250_6x6_3/model.config
[0.401s] -- Symlinking: /SLAM/ros_ws/install/pal_gazebo_worlds/share/pal_gazebo_worlds/models/aruco_marker_250_6x6_4/aruco_marker_250_6x6.sdf
[0.413s] -- Symlinking: /SLAM/ros_ws/install/pal_gazebo_worlds/share/pal_gazebo_worlds/models/aruco_marker_250_6x6_4/material/scripts/aruco_marker_250_6x6.material
[0.426s] -- Symlinking: /SLAM/ros_ws/install/pal_gazebo_worlds/share/pal_gazebo_worlds/models/aruco_marker_250_6x6_4/material/textures/Aruco_6x6_250_3.png
[0.440s] -- Symlinking: /SLAM/ros_ws/install/pal_gazebo_worlds/share/pal_gazebo_worlds/models/aruco_marker_250_6x6_4/model.config
[0.452s] -- Symlinking: /SLAM/ros_ws/install/pal_gazebo_worlds/share/pal_gazebo_worlds/models/aruco_marker_6cm_238/aruco_marker_6cm.sdf
[0.463s] -- Symlinking: /SLAM/ros_ws/install/pal_gazebo_worlds/share/pal_gazebo_worlds/models/aruco_marker_6cm_238/material/scripts/aruco_marker_original.material
[0.476s] -- Symlinking: /SLAM/ros_ws/install/pal_gazebo_worlds/share/pal_gazebo_worlds/models/aruco_marker_6cm_238/material/textures/Aruco_6cm_238.png
[0.487s] -- Symlinking: /SLAM/ros_ws/install/pal_gazebo_worlds/share/pal_gazebo_worlds/models/aruco_marker_6cm_238/model.config
[0.497s] -- Symlinking: /SLAM/ros_ws/install/pal_gazebo_worlds/share/pal_gazebo_worlds/models/aruco_marker_6cm_26/aruco_marker_6cm.sdf
[0.507s] -- Symlinking: /SLAM/ros_ws/install/pal_gazebo_worlds/share/pal_gazebo_worlds/models/aruco_marker_6cm_26/material/scripts/aruco_marker_original.material
[0.521s] -- Symlinking: /SLAM/ros_ws/install/pal_gazebo_worlds/share/pal_gazebo_worlds/models/aruco_marker_6cm_26/material/textures/Aruco_6cm_26.png
[0.533s] -- Symlinking: /SLAM/ros_ws/install/pal_gazebo_worlds/share/pal_gazebo_worlds/models/aruco_marker_6cm_26/model.config
[0.544s] -- Symlinking: /SLAM/ros_ws/install/pal_gazebo_worlds/share/pal_gazebo_worlds/models/aruco_marker_6cm_582/aruco_marker_6cm.sdf
[0.554s] -- Symlinking: /SLAM/ros_ws/install/pal_gazebo_worlds/share/pal_gazebo_worlds/models/aruco_marker_6cm_582/material/scripts/aruco_marker_original.material
[0.565s] -- Symlinking: /SLAM/ros_ws/install/pal_gazebo_worlds/share/pal_gazebo_worlds/models/aruco_marker_6cm_582/material/textures/Aruco_6cm_582.png
[0.576s] -- Symlinking: /SLAM/ros_ws/install/pal_gazebo_worlds/share/pal_gazebo_worlds/models/aruco_marker_6cm_582/model.config
[0.586s] -- Symlinking: /SLAM/ros_ws/install/pal_gazebo_worlds/share/pal_gazebo_worlds/models/aruco_marker_6cm_63/aruco_marker_6cm.sdf
[0.597s] -- Symlinking: /SLAM/ros_ws/install/pal_gazebo_worlds/share/pal_gazebo_worlds/models/aruco_marker_6cm_63/material/scripts/aruco_marker_original.material
[0.608s] -- Symlinking: /SLAM/ros_ws/install/pal_gazebo_worlds/share/pal_gazebo_worlds/models/aruco_marker_6cm_63/material/textures/Aruco_6cm_63.png
[0.620s] -- Symlinking: /SLAM/ros_ws/install/pal_gazebo_worlds/share/pal_gazebo_worlds/models/aruco_marker_6cm_63/model.config
[0.631s] -- Symlinking: /SLAM/ros_ws/install/pal_gazebo_worlds/share/pal_gazebo_worlds/models/aruco_marker_9cm_238/aruco_marker_9cm.sdf
[0.641s] -- Symlinking: /SLAM/ros_ws/install/pal_gazebo_worlds/share/pal_gazebo_worlds/models/aruco_marker_9cm_238/material/scripts/aruco_marker_original.material
[0.652s] -- Symlinking: /SLAM/ros_ws/install/pal_gazebo_worlds/share/pal_gazebo_worlds/models/aruco_marker_9cm_238/material/textures/Aruco_9cm_238.png
[0.662s] -- Symlinking: /SLAM/ros_ws/install/pal_gazebo_worlds/share/pal_gazebo_worlds/models/aruco_marker_9cm_238/model.config
[0.673s] -- Symlinking: /SLAM/ros_ws/install/pal_gazebo_worlds/share/pal_gazebo_worlds/models/aruco_marker_9cm_26/aruco_marker_9cm.sdf
[0.683s] -- Symlinking: /SLAM/ros_ws/install/pal_gazebo_worlds/share/pal_gazebo_worlds/models/aruco_marker_9cm_26/material/scripts/aruco_marker_original.material
[0.694s] -- Symlinking: /SLAM/ros_ws/install/pal_gazebo_worlds/share/pal_gazebo_worlds/models/aruco_marker_9cm_26/material/textures/Aruco_9cm_26.png
[0.704s] -- Symlinking: /SLAM/ros_ws/install/pal_gazebo_worlds/share/pal_gazebo_worlds/models/aruco_marker_9cm_26/model.config
[0.717s] -- Symlinking: /SLAM/ros_ws/install/pal_gazebo_worlds/share/pal_gazebo_worlds/models/aruco_marker_9cm_582/aruco_marker_9cm.sdf
[0.728s] -- Symlinking: /SLAM/ros_ws/install/pal_gazebo_worlds/share/pal_gazebo_worlds/models/aruco_marker_9cm_582/material/scripts/aruco_marker_original.material
[0.738s] -- Symlinking: /SLAM/ros_ws/install/pal_gazebo_worlds/share/pal_gazebo_worlds/models/aruco_marker_9cm_582/material/textures/Aruco_9cm_582.png
[0.748s] -- Symlinking: /SLAM/ros_ws/install/pal_gazebo_worlds/share/pal_gazebo_worlds/models/aruco_marker_9cm_582/model.config
[0.758s] -- Symlinking: /SLAM/ros_ws/install/pal_gazebo_worlds/share/pal_gazebo_worlds/models/aruco_marker_9cm_63/aruco_marker_9cm.sdf
[0.768s] -- Symlinking: /SLAM/ros_ws/install/pal_gazebo_worlds/share/pal_gazebo_worlds/models/aruco_marker_9cm_63/material/scripts/aruco_marker_original.material
[0.778s] -- Symlinking: /SLAM/ros_ws/install/pal_gazebo_worlds/share/pal_gazebo_worlds/models/aruco_marker_9cm_63/material/textures/Aruco_9cm_63.png
[0.789s] -- Symlinking: /SLAM/ros_ws/install/pal_gazebo_worlds/share/pal_gazebo_worlds/models/aruco_marker_9cm_63/model.config
[0.799s] -- Symlinking: /SLAM/ros_ws/install/pal_gazebo_worlds/share/pal_gazebo_worlds/models/aruco_marker_original_238/aruco_marker_original.sdf
[0.811s] -- Symlinking: /SLAM/ros_ws/install/pal_gazebo_worlds/share/pal_gazebo_worlds/models/aruco_marker_original_238/material/scripts/aruco_marker_original.material
[0.823s] -- Symlinking: /SLAM/ros_ws/install/pal_gazebo_worlds/share/pal_gazebo_worlds/models/aruco_marker_original_238/material/textures/Aruco_original_238.png
[0.834s] -- Symlinking: /SLAM/ros_ws/install/pal_gazebo_worlds/share/pal_gazebo_worlds/models/aruco_marker_original_238/model.config
[0.844s] -- Symlinking: /SLAM/ros_ws/install/pal_gazebo_worlds/share/pal_gazebo_worlds/models/aruco_marker_original_26/aruco_marker_original.sdf
[0.855s] -- Symlinking: /SLAM/ros_ws/install/pal_gazebo_worlds/share/pal_gazebo_worlds/models/aruco_marker_original_26/material/scripts/aruco_marker_original.material
[0.866s] -- Symlinking: /SLAM/ros_ws/install/pal_gazebo_worlds/share/pal_gazebo_worlds/models/aruco_marker_original_26/material/textures/Aruco_original_26.png
[0.877s] -- Symlinking: /SLAM/ros_ws/install/pal_gazebo_worlds/share/pal_gazebo_worlds/models/aruco_marker_original_26/model.config
[0.889s] -- Symlinking: /SLAM/ros_ws/install/pal_gazebo_worlds/share/pal_gazebo_worlds/models/aruco_marker_original_582/aruco_marker_original.sdf
[0.900s] -- Symlinking: /SLAM/ros_ws/install/pal_gazebo_worlds/share/pal_gazebo_worlds/models/aruco_marker_original_582/material/scripts/aruco_marker_original.material
[0.914s] -- Symlinking: /SLAM/ros_ws/install/pal_gazebo_worlds/share/pal_gazebo_worlds/models/aruco_marker_original_582/material/textures/Aruco_original_582.png
[0.924s] -- Symlinking: /SLAM/ros_ws/install/pal_gazebo_worlds/share/pal_gazebo_worlds/models/aruco_marker_original_582/model.config
[0.934s] -- Symlinking: /SLAM/ros_ws/install/pal_gazebo_worlds/share/pal_gazebo_worlds/models/aruco_marker_original_63/aruco_marker_original.sdf
[0.943s] -- Symlinking: /SLAM/ros_ws/install/pal_gazebo_worlds/share/pal_gazebo_worlds/models/aruco_marker_original_63/material/scripts/aruco_marker_original.material
[0.954s] -- Symlinking: /SLAM/ros_ws/install/pal_gazebo_worlds/share/pal_gazebo_worlds/models/aruco_marker_original_63/material/textures/Aruco_original_63.png
[0.963s] -- Symlinking: /SLAM/ros_ws/install/pal_gazebo_worlds/share/pal_gazebo_worlds/models/aruco_marker_original_63/model.config
[0.972s] -- Symlinking: /SLAM/ros_ws/install/pal_gazebo_worlds/share/pal_gazebo_worlds/models/bauman/README
[0.982s] -- Symlinking: /SLAM/ros_ws/install/pal_gazebo_worlds/share/pal_gazebo_worlds/models/bauman/bauman_walls.png
[0.993s] -- Symlinking: /SLAM/ros_ws/install/pal_gazebo_worlds/share/pal_gazebo_worlds/models/bauman/model.config
[1.003s] -- Symlinking: /SLAM/ros_ws/install/pal_gazebo_worlds/share/pal_gazebo_worlds/models/bauman/model.sdf
[1.015s] -- Symlinking: /SLAM/ros_ws/install/pal_gazebo_worlds/share/pal_gazebo_worlds/models/bench/bench.sdf
[1.027s] -- Symlinking: /SLAM/ros_ws/install/pal_gazebo_worlds/share/pal_gazebo_worlds/models/bench/meshes/bench.stl
[1.040s] -- Symlinking: /SLAM/ros_ws/install/pal_gazebo_worlds/share/pal_gazebo_worlds/models/bench/model.config
[1.051s] -- Symlinking: /SLAM/ros_ws/install/pal_gazebo_worlds/share/pal_gazebo_worlds/models/bifrutas_tropical_can/bifrutas_tropical_can.sdf
[1.062s] -- Symlinking: /SLAM/ros_ws/install/pal_gazebo_worlds/share/pal_gazebo_worlds/models/bifrutas_tropical_can/material/scripts/bifrutas_tropical_can.material
[1.073s] -- Symlinking: /SLAM/ros_ws/install/pal_gazebo_worlds/share/pal_gazebo_worlds/models/bifrutas_tropical_can/material/textures/bifrutas_tropical_can.jpg
[1.083s] -- Symlinking: /SLAM/ros_ws/install/pal_gazebo_worlds/share/pal_gazebo_worlds/models/bifrutas_tropical_can/model.config
[1.094s] -- Symlinking: /SLAM/ros_ws/install/pal_gazebo_worlds/share/pal_gazebo_worlds/models/biscuits_pack/biscuits_pack.sdf
[1.104s] -- Symlinking: /SLAM/ros_ws/install/pal_gazebo_worlds/share/pal_gazebo_worlds/models/biscuits_pack/material/scripts/pringles.material
[1.117s] -- Symlinking: /SLAM/ros_ws/install/pal_gazebo_worlds/share/pal_gazebo_worlds/models/biscuits_pack/material/textures/biscuits_pack.jpg
[1.127s] -- Symlinking: /SLAM/ros_ws/install/pal_gazebo_worlds/share/pal_gazebo_worlds/models/biscuits_pack/model.config
[1.137s] -- Symlinking: /SLAM/ros_ws/install/pal_gazebo_worlds/share/pal_gazebo_worlds/models/box_with_handles/box_with_handles.sdf
[1.149s] -- Symlinking: /SLAM/ros_ws/install/pal_gazebo_worlds/share/pal_gazebo_worlds/models/box_with_handles/material/scripts/aruco_marker_original.material
[1.159s] -- Symlinking: /SLAM/ros_ws/install/pal_gazebo_worlds/share/pal_gazebo_worlds/models/box_with_handles/material/textures/Aruco_original_582.png
[1.170s] -- Symlinking: /SLAM/ros_ws/install/pal_gazebo_worlds/share/pal_gazebo_worlds/models/box_with_handles/model.config
[1.180s] -- Symlinking: /SLAM/ros_ws/install/pal_gazebo_worlds/share/pal_gazebo_worlds/models/brick_box_3x1x3/materials/scripts/brick_box.material
[1.191s] -- Symlinking: /SLAM/ros_ws/install/pal_gazebo_worlds/share/pal_gazebo_worlds/models/brick_box_3x1x3/materials/textures/simple_box.png
[1.201s] -- Symlinking: /SLAM/ros_ws/install/pal_gazebo_worlds/share/pal_gazebo_worlds/models/brick_box_3x1x3/meshes/simple_box.dae
[1.215s] -- Symlinking: /SLAM/ros_ws/install/pal_gazebo_worlds/share/pal_gazebo_worlds/models/brick_box_3x1x3/model-1_3.sdf
[1.226s] -- Symlinking: /SLAM/ros_ws/install/pal_gazebo_worlds/share/pal_gazebo_worlds/models/brick_box_3x1x3/model-1_4.sdf
[1.238s] -- Symlinking: /SLAM/ros_ws/install/pal_gazebo_worlds/share/pal_gazebo_worlds/models/brick_box_3x1x3/model.config
[1.248s] -- Symlinking: /SLAM/ros_ws/install/pal_gazebo_worlds/share/pal_gazebo_worlds/models/brick_box_3x1x3/model.sdf
[1.259s] -- Symlinking: /SLAM/ros_ws/install/pal_gazebo_worlds/share/pal_gazebo_worlds/models/citizen_extras_female_02/images/_01_-_Default1noCulling.JPG
[1.269s] -- Symlinking: /SLAM/ros_ws/install/pal_gazebo_worlds/share/pal_gazebo_worlds/models/citizen_extras_female_02/images/_02_-_Default1noCulling.JPG
[1.279s] -- Symlinking: /SLAM/ros_ws/install/pal_gazebo_worlds/share/pal_gazebo_worlds/models/citizen_extras_female_02/images/_03_-_Default1noCulling.JPG
[1.289s] -- Symlinking: /SLAM/ros_ws/install/pal_gazebo_worlds/share/pal_gazebo_worlds/models/citizen_extras_female_02/meshes/mesh.dae
[1.298s] -- Symlinking: /SLAM/ros_ws/install/pal_gazebo_worlds/share/pal_gazebo_worlds/models/citizen_extras_female_02/model.config
[1.309s] -- Symlinking: /SLAM/ros_ws/install/pal_gazebo_worlds/share/pal_gazebo_worlds/models/citizen_extras_female_02/model.sdf
[1.321s] -- Symlinking: /SLAM/ros_ws/install/pal_gazebo_worlds/share/pal_gazebo_worlds/models/citizen_extras_female_03/images/Material__1noCulling.JPG
[1.331s] -- Symlinking: /SLAM/ros_ws/install/pal_gazebo_worlds/share/pal_gazebo_worlds/models/citizen_extras_female_03/images/Material__2noCulling.JPG
[1.341s] -- Symlinking: /SLAM/ros_ws/install/pal_gazebo_worlds/share/pal_gazebo_worlds/models/citizen_extras_female_03/images/_03_-_Default1noCulling.JPG
[1.351s] -- Symlinking: /SLAM/ros_ws/install/pal_gazebo_worlds/share/pal_gazebo_worlds/models/citizen_extras_female_03/meshes/mesh.dae
[1.362s] -- Symlinking: /SLAM/ros_ws/install/pal_gazebo_worlds/share/pal_gazebo_worlds/models/citizen_extras_female_03/model.config
[1.372s] -- Symlinking: /SLAM/ros_ws/install/pal_gazebo_worlds/share/pal_gazebo_worlds/models/citizen_extras_female_03/model.sdf
[1.382s] -- Symlinking: /SLAM/ros_ws/install/pal_gazebo_worlds/share/pal_gazebo_worlds/models/citizen_extras_male_03/images/Material__1noCulling.JPG
[1.392s] -- Symlinking: /SLAM/ros_ws/install/pal_gazebo_worlds/share/pal_gazebo_worlds/models/citizen_extras_male_03/images/hair1noCulling.JPG
[1.402s] -- Symlinking: /SLAM/ros_ws/install/pal_gazebo_worlds/share/pal_gazebo_worlds/models/citizen_extras_male_03/images/hrad1noCulling.JPG
[1.413s] -- Symlinking: /SLAM/ros_ws/install/pal_gazebo_worlds/share/pal_gazebo_worlds/models/citizen_extras_male_03/meshes/mesh.dae
[1.425s] -- Symlinking: /SLAM/ros_ws/install/pal_gazebo_worlds/share/pal_gazebo_worlds/models/citizen_extras_male_03/model.config
[1.437s] -- Symlinking: /SLAM/ros_ws/install/pal_gazebo_worlds/share/pal_gazebo_worlds/models/citizen_extras_male_03/model.sdf
[1.448s] -- Symlinking: /SLAM/ros_ws/install/pal_gazebo_worlds/share/pal_gazebo_worlds/models/closet/closet.sdf
[1.458s] -- Symlinking: /SLAM/ros_ws/install/pal_gazebo_worlds/share/pal_gazebo_worlds/models/closet/meshes/closet.stl
[1.470s] -- Symlinking: /SLAM/ros_ws/install/pal_gazebo_worlds/share/pal_gazebo_worlds/models/closet/model.config
[1.482s] -- Symlinking: /SLAM/ros_ws/install/pal_gazebo_worlds/share/pal_gazebo_worlds/models/cocacola/cocacola.sdf
[1.495s] -- Symlinking: /SLAM/ros_ws/install/pal_gazebo_worlds/share/pal_gazebo_worlds/models/cocacola/material/scripts/cocacola.material
[1.507s] -- Symlinking: /SLAM/ros_ws/install/pal_gazebo_worlds/share/pal_gazebo_worlds/models/cocacola/material/textures/cocacola.jpg
[1.521s] -- Symlinking: /SLAM/ros_ws/install/pal_gazebo_worlds/share/pal_gazebo_worlds/models/cocacola/model.config
[1.534s] -- Symlinking: /SLAM/ros_ws/install/pal_gazebo_worlds/share/pal_gazebo_worlds/models/coke_can_slim/coke_can_slim.sdf
[1.547s] -- Symlinking: /SLAM/ros_ws/install/pal_gazebo_worlds/share/pal_gazebo_worlds/models/coke_can_slim/material/scripts/coke_can_slim.material
[1.560s] -- Symlinking: /SLAM/ros_ws/install/pal_gazebo_worlds/share/pal_gazebo_worlds/models/coke_can_slim/material/textures/coke_can_slim.jpg
[1.573s] -- Symlinking: /SLAM/ros_ws/install/pal_gazebo_worlds/share/pal_gazebo_worlds/models/coke_can_slim/model.config
[1.585s] -- Symlinking: /SLAM/ros_ws/install/pal_gazebo_worlds/share/pal_gazebo_worlds/models/database.config
[1.597s] -- Symlinking: /SLAM/ros_ws/install/pal_gazebo_worlds/share/pal_gazebo_worlds/models/dining_chair/dining_chair.sdf
[1.609s] -- Symlinking: /SLAM/ros_ws/install/pal_gazebo_worlds/share/pal_gazebo_worlds/models/dining_chair/meshes/dining_chair.stl
[1.622s] -- Symlinking: /SLAM/ros_ws/install/pal_gazebo_worlds/share/pal_gazebo_worlds/models/dining_chair/model.config
[1.633s] -- Symlinking: /SLAM/ros_ws/install/pal_gazebo_worlds/share/pal_gazebo_worlds/models/dock1/dock1.sdf
[1.644s] -- Symlinking: /SLAM/ros_ws/install/pal_gazebo_worlds/share/pal_gazebo_worlds/models/dock1/meshes/dock1.dae
[1.655s] -- Symlinking: /SLAM/ros_ws/install/pal_gazebo_worlds/share/pal_gazebo_worlds/models/dock1/model.config
[1.665s] -- Symlinking: /SLAM/ros_ws/install/pal_gazebo_worlds/share/pal_gazebo_worlds/models/door_obstacle/door_obstacle.sdf
[1.677s] -- Symlinking: /SLAM/ros_ws/install/pal_gazebo_worlds/share/pal_gazebo_worlds/models/door_obstacle/model.config
[1.689s] -- Symlinking: /SLAM/ros_ws/install/pal_gazebo_worlds/share/pal_gazebo_worlds/models/floor_lamp/floor_lamp.sdf
[1.700s] -- Symlinking: /SLAM/ros_ws/install/pal_gazebo_worlds/share/pal_gazebo_worlds/models/floor_lamp/meshes/floor_lamp.stl
[1.713s] -- Symlinking: /SLAM/ros_ws/install/pal_gazebo_worlds/share/pal_gazebo_worlds/models/floor_lamp/model.config
[1.728s] -- Symlinking: /SLAM/ros_ws/install/pal_gazebo_worlds/share/pal_gazebo_worlds/models/goetz_sofa/goetz_sofa.sdf
[1.739s] -- Symlinking: /SLAM/ros_ws/install/pal_gazebo_worlds/share/pal_gazebo_worlds/models/goetz_sofa/materials/textures/texture0.jpg
[1.754s] -- Symlinking: /SLAM/ros_ws/install/pal_gazebo_worlds/share/pal_gazebo_worlds/models/goetz_sofa/meshes/goetz_sofa.dae
[1.768s] -- Symlinking: /SLAM/ros_ws/install/pal_gazebo_worlds/share/pal_gazebo_worlds/models/goetz_sofa/model.config
[1.781s] -- Symlinking: /SLAM/ros_ws/install/pal_gazebo_worlds/share/pal_gazebo_worlds/models/green_ball/materials/scripts/ball.material
[1.792s] -- Symlinking: /SLAM/ros_ws/install/pal_gazebo_worlds/share/pal_gazebo_worlds/models/green_ball/model.config
[1.804s] -- Symlinking: /SLAM/ros_ws/install/pal_gazebo_worlds/share/pal_gazebo_worlds/models/green_ball/model.sdf
[1.816s] -- Symlinking: /SLAM/ros_ws/install/pal_gazebo_worlds/share/pal_gazebo_worlds/models/green_cube/green_cube.sdf
[1.829s] -- Symlinking: /SLAM/ros_ws/install/pal_gazebo_worlds/share/pal_gazebo_worlds/models/green_cube/model.config
[1.841s] -- Symlinking: /SLAM/ros_ws/install/pal_gazebo_worlds/share/pal_gazebo_worlds/models/green_rectangle/green_rectangle.sdf
[1.853s] -- Symlinking: /SLAM/ros_ws/install/pal_gazebo_worlds/share/pal_gazebo_worlds/models/green_rectangle/model.config
[1.864s] -- Symlinking: /SLAM/ros_ws/install/pal_gazebo_worlds/share/pal_gazebo_worlds/models/ground_plane/model-1_2.sdf
[1.877s] -- Symlinking: /SLAM/ros_ws/install/pal_gazebo_worlds/share/pal_gazebo_worlds/models/ground_plane/model-1_3.sdf
[1.888s] -- Symlinking: /SLAM/ros_ws/install/pal_gazebo_worlds/share/pal_gazebo_worlds/models/ground_plane/model-1_4.sdf
[1.899s] -- Symlinking: /SLAM/ros_ws/install/pal_gazebo_worlds/share/pal_gazebo_worlds/models/ground_plane/model.config
[1.911s] -- Symlinking: /SLAM/ros_ws/install/pal_gazebo_worlds/share/pal_gazebo_worlds/models/ground_plane/model.sdf
[1.924s] -- Symlinking: /SLAM/ros_ws/install/pal_gazebo_worlds/share/pal_gazebo_worlds/models/hospital_flat_map/hospital_flat_map.sdf
[1.935s] -- Symlinking: /SLAM/ros_ws/install/pal_gazebo_worlds/share/pal_gazebo_worlds/models/hospital_flat_map/meshes/hospital_flat_map.stl
[1.947s] -- Symlinking: /SLAM/ros_ws/install/pal_gazebo_worlds/share/pal_gazebo_worlds/models/hospital_flat_map/model.config
[1.959s] -- Symlinking: /SLAM/ros_ws/install/pal_gazebo_worlds/share/pal_gazebo_worlds/models/hospital_map/hospital_map.sdf
[1.971s] -- Symlinking: /SLAM/ros_ws/install/pal_gazebo_worlds/share/pal_gazebo_worlds/models/hospital_map/meshes/g1.stl
[1.982s] -- Symlinking: /SLAM/ros_ws/install/pal_gazebo_worlds/share/pal_gazebo_worlds/models/hospital_map/meshes/g2.stl
[1.994s] -- Symlinking: /SLAM/ros_ws/install/pal_gazebo_worlds/share/pal_gazebo_worlds/models/hospital_map/meshes/g3.stl
[2.005s] -- Symlinking: /SLAM/ros_ws/install/pal_gazebo_worlds/share/pal_gazebo_worlds/models/hospital_map/meshes/g4.stl
[2.017s] -- Symlinking: /SLAM/ros_ws/install/pal_gazebo_worlds/share/pal_gazebo_worlds/models/hospital_map/meshes/g5.stl
[2.029s] -- Symlinking: /SLAM/ros_ws/install/pal_gazebo_worlds/share/pal_gazebo_worlds/models/hospital_map/meshes/g6.stl
[2.042s] -- Symlinking: /SLAM/ros_ws/install/pal_gazebo_worlds/share/pal_gazebo_worlds/models/hospital_map/meshes/g7.stl
[2.054s] -- Symlinking: /SLAM/ros_ws/install/pal_gazebo_worlds/share/pal_gazebo_worlds/models/hospital_map/meshes/gr1.stl
[2.067s] -- Symlinking: /SLAM/ros_ws/install/pal_gazebo_worlds/share/pal_gazebo_worlds/models/hospital_map/meshes/gr2.stl
[2.080s] -- Symlinking: /SLAM/ros_ws/install/pal_gazebo_worlds/share/pal_gazebo_worlds/models/hospital_map/meshes/gr3.stl
[2.094s] -- Symlinking: /SLAM/ros_ws/install/pal_gazebo_worlds/share/pal_gazebo_worlds/models/hospital_map/meshes/gr4.stl
[2.108s] -- Symlinking: /SLAM/ros_ws/install/pal_gazebo_worlds/share/pal_gazebo_worlds/models/hospital_map/meshes/gr5.stl
[2.123s] -- Symlinking: /SLAM/ros_ws/install/pal_gazebo_worlds/share/pal_gazebo_worlds/models/hospital_map/meshes/gr6.stl
[2.139s] -- Symlinking: /SLAM/ros_ws/install/pal_gazebo_worlds/share/pal_gazebo_worlds/models/hospital_map/meshes/hospital_map.stl
[2.158s] -- Symlinking: /SLAM/ros_ws/install/pal_gazebo_worlds/share/pal_gazebo_worlds/models/hospital_map/meshes/w1.stl
[2.175s] -- Symlinking: /SLAM/ros_ws/install/pal_gazebo_worlds/share/pal_gazebo_worlds/models/hospital_map/meshes/w2.stl
[2.192s] -- Symlinking: /SLAM/ros_ws/install/pal_gazebo_worlds/share/pal_gazebo_worlds/models/hospital_map/meshes/w3.stl
[2.206s] -- Symlinking: /SLAM/ros_ws/install/pal_gazebo_worlds/share/pal_gazebo_worlds/models/hospital_map/meshes/w4.stl
[2.218s] -- Symlinking: /SLAM/ros_ws/install/pal_gazebo_worlds/share/pal_gazebo_worlds/models/hospital_map/meshes/w5.stl
[2.232s] -- Symlinking: /SLAM/ros_ws/install/pal_gazebo_worlds/share/pal_gazebo_worlds/models/hospital_map/meshes/w6.stl
[2.246s] -- Symlinking: /SLAM/ros_ws/install/pal_gazebo_worlds/share/pal_gazebo_worlds/models/hospital_map/meshes/w7.stl
[2.257s] -- Symlinking: /SLAM/ros_ws/install/pal_gazebo_worlds/share/pal_gazebo_worlds/models/hospital_map/meshes/wr1.stl
[2.270s] -- Symlinking: /SLAM/ros_ws/install/pal_gazebo_worlds/share/pal_gazebo_worlds/models/hospital_map/meshes/wr2.stl
[2.281s] -- Symlinking: /SLAM/ros_ws/install/pal_gazebo_worlds/share/pal_gazebo_worlds/models/hospital_map/meshes/wr3.stl
[2.292s] -- Symlinking: /SLAM/ros_ws/install/pal_gazebo_worlds/share/pal_gazebo_worlds/models/hospital_map/meshes/wr4.stl
[2.303s] -- Symlinking: /SLAM/ros_ws/install/pal_gazebo_worlds/share/pal_gazebo_worlds/models/hospital_map/meshes/wr5.stl
[2.315s] -- Symlinking: /SLAM/ros_ws/install/pal_gazebo_worlds/share/pal_gazebo_worlds/models/hospital_map/meshes/wr6.stl
[2.327s] -- Symlinking: /SLAM/ros_ws/install/pal_gazebo_worlds/share/pal_gazebo_worlds/models/hospital_map/model.config
[2.337s] -- Symlinking: /SLAM/ros_ws/install/pal_gazebo_worlds/share/pal_gazebo_worlds/models/ideal_sun/model.config
[2.349s] -- Symlinking: /SLAM/ros_ws/install/pal_gazebo_worlds/share/pal_gazebo_worlds/models/ideal_sun/model.sdf
[2.361s] -- Symlinking: /SLAM/ros_ws/install/pal_gazebo_worlds/share/pal_gazebo_worlds/models/ikea_ektorp_chair/meshes/IKE06001.JPG
[2.371s] -- Symlinking: /SLAM/ros_ws/install/pal_gazebo_worlds/share/pal_gazebo_worlds/models/ikea_ektorp_chair/meshes/mesh.dae
[2.383s] -- Symlinking: /SLAM/ros_ws/install/pal_gazebo_worlds/share/pal_gazebo_worlds/models/ikea_ektorp_chair/model.config
[2.396s] -- Symlinking: /SLAM/ros_ws/install/pal_gazebo_worlds/share/pal_gazebo_worlds/models/ikea_ektorp_chair/model.sdf
[2.407s] -- Symlinking: /SLAM/ros_ws/install/pal_gazebo_worlds/share/pal_gazebo_worlds/models/ikea_folke_chair/meshes/mesh.dae
[2.419s] -- Symlinking: /SLAM/ros_ws/install/pal_gazebo_worlds/share/pal_gazebo_worlds/models/ikea_folke_chair/meshes/notexture.png
[2.431s] -- Symlinking: /SLAM/ros_ws/install/pal_gazebo_worlds/share/pal_gazebo_worlds/models/ikea_folke_chair/meshes/texture.png
[2.442s] -- Symlinking: /SLAM/ros_ws/install/pal_gazebo_worlds/share/pal_gazebo_worlds/models/ikea_folke_chair/model.config
[2.453s] -- Symlinking: /SLAM/ros_ws/install/pal_gazebo_worlds/share/pal_gazebo_worlds/models/ikea_folke_chair/model.sdf
[2.464s] -- Symlinking: /SLAM/ros_ws/install/pal_gazebo_worlds/share/pal_gazebo_worlds/models/ikea_harry_chair/meshes/body.png
[2.477s] -- Symlinking: /SLAM/ros_ws/install/pal_gazebo_worlds/share/pal_gazebo_worlds/models/ikea_harry_chair/meshes/legs.png
[2.488s] -- Symlinking: /SLAM/ros_ws/install/pal_gazebo_worlds/share/pal_gazebo_worlds/models/ikea_harry_chair/meshes/mesh.dae
[2.500s] -- Symlinking: /SLAM/ros_ws/install/pal_gazebo_worlds/share/pal_gazebo_worlds/models/ikea_harry_chair/model.config
[2.512s] -- Symlinking: /SLAM/ros_ws/install/pal_gazebo_worlds/share/pal_gazebo_worlds/models/ikea_harry_chair/model.sdf
[2.525s] -- Symlinking: /SLAM/ros_ws/install/pal_gazebo_worlds/share/pal_gazebo_worlds/models/ikea_stefan_chair/meshes/mesh.dae
[2.538s] -- Symlinking: /SLAM/ros_ws/install/pal_gazebo_worlds/share/pal_gazebo_worlds/models/ikea_stefan_chair/model.config
[2.551s] -- Symlinking: /SLAM/ros_ws/install/pal_gazebo_worlds/share/pal_gazebo_worlds/models/ikea_stefan_chair/model.sdf
[2.563s] -- Symlinking: /SLAM/ros_ws/install/pal_gazebo_worlds/share/pal_gazebo_worlds/models/ikea_urban_chair/meshes/mesh.dae
[2.574s] -- Symlinking: /SLAM/ros_ws/install/pal_gazebo_worlds/share/pal_gazebo_worlds/models/ikea_urban_chair/meshes/notexture.png
[2.586s] -- Symlinking: /SLAM/ros_ws/install/pal_gazebo_worlds/share/pal_gazebo_worlds/models/ikea_urban_chair/model.config
[2.598s] -- Symlinking: /SLAM/ros_ws/install/pal_gazebo_worlds/share/pal_gazebo_worlds/models/ikea_urban_chair/model.sdf
[2.609s] -- Symlinking: /SLAM/ros_ws/install/pal_gazebo_worlds/share/pal_gazebo_worlds/models/kitchen_chair/kitchen_chair.sdf
[2.620s] -- Symlinking: /SLAM/ros_ws/install/pal_gazebo_worlds/share/pal_gazebo_worlds/models/kitchen_chair/meshes/kitchen_chair.stl
[2.632s] -- Symlinking: /SLAM/ros_ws/install/pal_gazebo_worlds/share/pal_gazebo_worlds/models/kitchen_chair/model.config
[2.643s] -- Symlinking: /SLAM/ros_ws/install/pal_gazebo_worlds/share/pal_gazebo_worlds/models/kitchen_table/kitchen_table.sdf
[2.654s] -- Symlinking: /SLAM/ros_ws/install/pal_gazebo_worlds/share/pal_gazebo_worlds/models/kitchen_table/meshes/kitchen_table.stl
[2.665s] -- Symlinking: /SLAM/ros_ws/install/pal_gazebo_worlds/share/pal_gazebo_worlds/models/kitchen_table/model.config
[2.674s] -- Symlinking: /SLAM/ros_ws/install/pal_gazebo_worlds/share/pal_gazebo_worlds/models/lamp/lamp.sdf
[2.685s] -- Symlinking: /SLAM/ros_ws/install/pal_gazebo_worlds/share/pal_gazebo_worlds/models/lamp/meshes/lamp.stl
[2.696s] -- Symlinking: /SLAM/ros_ws/install/pal_gazebo_worlds/share/pal_gazebo_worlds/models/lamp/model.config
[2.707s] -- Symlinking: /SLAM/ros_ws/install/pal_gazebo_worlds/share/pal_gazebo_worlds/models/macrolink_small_table/model.config
[2.721s] -- Symlinking: /SLAM/ros_ws/install/pal_gazebo_worlds/share/pal_gazebo_worlds/models/macrolink_small_table/table.sdf
[2.736s] -- Symlinking: /SLAM/ros_ws/install/pal_gazebo_worlds/share/pal_gazebo_worlds/models/macrolink_table/model.config
[2.747s] -- Symlinking: /SLAM/ros_ws/install/pal_gazebo_worlds/share/pal_gazebo_worlds/models/macrolink_table/table.sdf
[2.758s] -- Symlinking: /SLAM/ros_ws/install/pal_gazebo_worlds/share/pal_gazebo_worlds/models/marker26_8cm/marker26_8cm.sdf
[2.770s] -- Symlinking: /SLAM/ros_ws/install/pal_gazebo_worlds/share/pal_gazebo_worlds/models/marker26_8cm/material/scripts/marker26_8cm.material
[2.781s] -- Symlinking: /SLAM/ros_ws/install/pal_gazebo_worlds/share/pal_gazebo_worlds/models/marker26_8cm/material/textures/aruco-26_8cm.png
[2.793s] -- Symlinking: /SLAM/ros_ws/install/pal_gazebo_worlds/share/pal_gazebo_worlds/models/marker26_8cm/model.config
[2.804s] -- Symlinking: /SLAM/ros_ws/install/pal_gazebo_worlds/share/pal_gazebo_worlds/models/pal_poster/material/scripts/pal_poster.material
[2.815s] -- Symlinking: /SLAM/ros_ws/install/pal_gazebo_worlds/share/pal_gazebo_worlds/models/pal_poster/material/textures/pal_poster.jpg
[2.826s] -- Symlinking: /SLAM/ros_ws/install/pal_gazebo_worlds/share/pal_gazebo_worlds/models/pal_poster/model.config
[2.837s] -- Symlinking: /SLAM/ros_ws/install/pal_gazebo_worlds/share/pal_gazebo_worlds/models/pal_poster/pal_poster.sdf
[2.848s] -- Symlinking: /SLAM/ros_ws/install/pal_gazebo_worlds/share/pal_gazebo_worlds/models/pal_textured_object/material/scripts/pal_textured_object.material
[2.859s] -- Symlinking: /SLAM/ros_ws/install/pal_gazebo_worlds/share/pal_gazebo_worlds/models/pal_textured_object/material/textures/pal_textured_object.png
[2.871s] -- Symlinking: /SLAM/ros_ws/install/pal_gazebo_worlds/share/pal_gazebo_worlds/models/pal_textured_object/model.config
[2.882s] -- Symlinking: /SLAM/ros_ws/install/pal_gazebo_worlds/share/pal_gazebo_worlds/models/pal_textured_object/pal_textured_object.sdf
[2.895s] -- Symlinking: /SLAM/ros_ws/install/pal_gazebo_worlds/share/pal_gazebo_worlds/models/pringles/material/scripts/pringles.material
[2.906s] -- Symlinking: /SLAM/ros_ws/install/pal_gazebo_worlds/share/pal_gazebo_worlds/models/pringles/material/textures/pringles.jpg
[2.918s] -- Symlinking: /SLAM/ros_ws/install/pal_gazebo_worlds/share/pal_gazebo_worlds/models/pringles/model.config
[2.929s] -- Symlinking: /SLAM/ros_ws/install/pal_gazebo_worlds/share/pal_gazebo_worlds/models/pringles/pringles.sdf
[2.940s] -- Symlinking: /SLAM/ros_ws/install/pal_gazebo_worlds/share/pal_gazebo_worlds/models/pringles2/material/scripts/pringles2.material
[2.951s] -- Symlinking: /SLAM/ros_ws/install/pal_gazebo_worlds/share/pal_gazebo_worlds/models/pringles2/material/textures/pringles2.jpg
[2.961s] -- Symlinking: /SLAM/ros_ws/install/pal_gazebo_worlds/share/pal_gazebo_worlds/models/pringles2/model.config
[2.974s] -- Symlinking: /SLAM/ros_ws/install/pal_gazebo_worlds/share/pal_gazebo_worlds/models/pringles2/pringles2.sdf
[2.984s] -- Symlinking: /SLAM/ros_ws/install/pal_gazebo_worlds/share/pal_gazebo_worlds/models/reemc_bookshelf/bookshelf.sdf
[2.995s] -- Symlinking: /SLAM/ros_ws/install/pal_gazebo_worlds/share/pal_gazebo_worlds/models/reemc_bookshelf/model.config
[3.008s] -- Symlinking: /SLAM/ros_ws/install/pal_gazebo_worlds/share/pal_gazebo_worlds/models/reemc_cabinet/cabinet.sdf
[3.020s] -- Symlinking: /SLAM/ros_ws/install/pal_gazebo_worlds/share/pal_gazebo_worlds/models/reemc_cabinet/model.config
[3.032s] -- Symlinking: /SLAM/ros_ws/install/pal_gazebo_worlds/share/pal_gazebo_worlds/models/reemc_table/model.config
[3.044s] -- Symlinking: /SLAM/ros_ws/install/pal_gazebo_worlds/share/pal_gazebo_worlds/models/reemc_table/table.sdf
[3.057s] -- Symlinking: /SLAM/ros_ws/install/pal_gazebo_worlds/share/pal_gazebo_worlds/models/reemc_textured_object/meshes/mesh.dae
[3.069s] -- Symlinking: /SLAM/ros_ws/install/pal_gazebo_worlds/share/pal_gazebo_worlds/models/reemc_textured_object/meshes/texture.jpg
[3.081s] -- Symlinking: /SLAM/ros_ws/install/pal_gazebo_worlds/share/pal_gazebo_worlds/models/reemc_textured_object/model.config
[3.093s] -- Symlinking: /SLAM/ros_ws/install/pal_gazebo_worlds/share/pal_gazebo_worlds/models/reemc_textured_object/model.sdf
[3.104s] -- Symlinking: /SLAM/ros_ws/install/pal_gazebo_worlds/share/pal_gazebo_worlds/models/reemc_textured_object_nograv/model.config
[3.116s] -- Symlinking: /SLAM/ros_ws/install/pal_gazebo_worlds/share/pal_gazebo_worlds/models/reemc_textured_object_nograv/model.sdf
[3.128s] -- Symlinking: /SLAM/ros_ws/install/pal_gazebo_worlds/share/pal_gazebo_worlds/models/reemc_walls/model.config
[3.138s] -- Symlinking: /SLAM/ros_ws/install/pal_gazebo_worlds/share/pal_gazebo_worlds/models/reemc_walls/walls.sdf
[3.150s] -- Symlinking: /SLAM/ros_ws/install/pal_gazebo_worlds/share/pal_gazebo_worlds/models/reviews_table/meshes/reviews_table.stl
[3.160s] -- Symlinking: /SLAM/ros_ws/install/pal_gazebo_worlds/share/pal_gazebo_worlds/models/reviews_table/model.config
[3.171s] -- Symlinking: /SLAM/ros_ws/install/pal_gazebo_worlds/share/pal_gazebo_worlds/models/reviews_table/reviews_table.sdf
[3.181s] -- Symlinking: /SLAM/ros_ws/install/pal_gazebo_worlds/share/pal_gazebo_worlds/models/robocup_walls_70cm_doors/house_walls.sdf
[3.192s] -- Symlinking: /SLAM/ros_ws/install/pal_gazebo_worlds/share/pal_gazebo_worlds/models/robocup_walls_70cm_doors/meshes/robocup_house.stl
[3.203s] -- Symlinking: /SLAM/ros_ws/install/pal_gazebo_worlds/share/pal_gazebo_worlds/models/robocup_walls_70cm_doors/model.config
[3.214s] -- Symlinking: /SLAM/ros_ws/install/pal_gazebo_worlds/share/pal_gazebo_worlds/models/rockin_camp/README
[3.225s] -- Symlinking: /SLAM/ros_ws/install/pal_gazebo_worlds/share/pal_gazebo_worlds/models/rockin_camp/model.config
[3.236s] -- Symlinking: /SLAM/ros_ws/install/pal_gazebo_worlds/share/pal_gazebo_worlds/models/rockin_camp/model.sdf
[3.247s] -- Symlinking: /SLAM/ros_ws/install/pal_gazebo_worlds/share/pal_gazebo_worlds/models/rockin_camp/rockin_camp.png
[3.258s] -- Symlinking: /SLAM/ros_ws/install/pal_gazebo_worlds/share/pal_gazebo_worlds/models/sideboard/meshes/sideboard.stl
[3.269s] -- Symlinking: /SLAM/ros_ws/install/pal_gazebo_worlds/share/pal_gazebo_worlds/models/sideboard/model.config
[3.281s] -- Symlinking: /SLAM/ros_ws/install/pal_gazebo_worlds/share/pal_gazebo_worlds/models/sideboard/sideboard.sdf
[3.291s] -- Symlinking: /SLAM/ros_ws/install/pal_gazebo_worlds/share/pal_gazebo_worlds/models/slippery_patch/material/scripts/slippery_patch.material
[3.302s] -- Symlinking: /SLAM/ros_ws/install/pal_gazebo_worlds/share/pal_gazebo_worlds/models/slippery_patch/material/textures/slippery_patch.jpg
[3.314s] -- Symlinking: /SLAM/ros_ws/install/pal_gazebo_worlds/share/pal_gazebo_worlds/models/slippery_patch/model.config
[3.324s] -- Symlinking: /SLAM/ros_ws/install/pal_gazebo_worlds/share/pal_gazebo_worlds/models/slippery_patch/slippery_patch.sdf
[3.336s] -- Symlinking: /SLAM/ros_ws/install/pal_gazebo_worlds/share/pal_gazebo_worlds/models/small_cylinder/model.config
[3.349s] -- Symlinking: /SLAM/ros_ws/install/pal_gazebo_worlds/share/pal_gazebo_worlds/models/small_cylinder/small_cylinder.sdf
[3.361s] -- Symlinking: /SLAM/ros_ws/install/pal_gazebo_worlds/share/pal_gazebo_worlds/models/sofa/meshes/sofa.stl
[3.371s] -- Symlinking: /SLAM/ros_ws/install/pal_gazebo_worlds/share/pal_gazebo_worlds/models/sofa/model.config
[3.381s] -- Symlinking: /SLAM/ros_ws/install/pal_gazebo_worlds/share/pal_gazebo_worlds/models/sofa/sofa.sdf
[3.392s] -- Symlinking: /SLAM/ros_ws/install/pal_gazebo_worlds/share/pal_gazebo_worlds/models/sprite/material/scripts/sprite.material
[3.403s] -- Symlinking: /SLAM/ros_ws/install/pal_gazebo_worlds/share/pal_gazebo_worlds/models/sprite/material/textures/sprite.jpg
[3.414s] -- Symlinking: /SLAM/ros_ws/install/pal_gazebo_worlds/share/pal_gazebo_worlds/models/sprite/model.config
[3.424s] -- Symlinking: /SLAM/ros_ws/install/pal_gazebo_worlds/share/pal_gazebo_worlds/models/sprite/sprite.sdf
[3.434s] -- Symlinking: /SLAM/ros_ws/install/pal_gazebo_worlds/share/pal_gazebo_worlds/models/sun/model-1_2.sdf
[3.444s] -- Symlinking: /SLAM/ros_ws/install/pal_gazebo_worlds/share/pal_gazebo_worlds/models/sun/model-1_3.sdf
[3.454s] -- Symlinking: /SLAM/ros_ws/install/pal_gazebo_worlds/share/pal_gazebo_worlds/models/sun/model-1_4.sdf
[3.466s] -- Symlinking: /SLAM/ros_ws/install/pal_gazebo_worlds/share/pal_gazebo_worlds/models/sun/model.config
[3.480s] -- Symlinking: /SLAM/ros_ws/install/pal_gazebo_worlds/share/pal_gazebo_worlds/models/sun/model.sdf
[3.494s] -- Symlinking: /SLAM/ros_ws/install/pal_gazebo_worlds/share/pal_gazebo_worlds/models/table_0m8/model.config
[3.508s] -- Symlinking: /SLAM/ros_ws/install/pal_gazebo_worlds/share/pal_gazebo_worlds/models/table_0m8/table.sdf
[3.523s] -- Symlinking: /SLAM/ros_ws/install/pal_gazebo_worlds/share/pal_gazebo_worlds/models/table_1m/model.config
[3.534s] -- Symlinking: /SLAM/ros_ws/install/pal_gazebo_worlds/share/pal_gazebo_worlds/models/table_1m/table_1m.sdf
[3.547s] -- Symlinking: /SLAM/ros_ws/install/pal_gazebo_worlds/share/pal_gazebo_worlds/models/test2/meshes/test2.dae
[3.561s] -- Symlinking: /SLAM/ros_ws/install/pal_gazebo_worlds/share/pal_gazebo_worlds/models/test2/model.config
[3.574s] -- Symlinking: /SLAM/ros_ws/install/pal_gazebo_worlds/share/pal_gazebo_worlds/models/test2/test2.sdf
[3.590s] -- Symlinking: /SLAM/ros_ws/install/pal_gazebo_worlds/share/pal_gazebo_worlds/models/testing_room/README
[3.603s] -- Symlinking: /SLAM/ros_ws/install/pal_gazebo_worlds/share/pal_gazebo_worlds/models/testing_room/model.config
[3.617s] -- Symlinking: /SLAM/ros_ws/install/pal_gazebo_worlds/share/pal_gazebo_worlds/models/testing_room/model.sdf
[3.631s] -- Symlinking: /SLAM/ros_ws/install/pal_gazebo_worlds/share/pal_gazebo_worlds/models/testing_room/testing_room.png
[3.643s] -- Symlinking: /SLAM/ros_ws/install/pal_gazebo_worlds/share/pal_gazebo_worlds/models/tv/meshes/tv.stl
[3.653s] -- Symlinking: /SLAM/ros_ws/install/pal_gazebo_worlds/share/pal_gazebo_worlds/models/tv/model.config
[3.664s] -- Symlinking: /SLAM/ros_ws/install/pal_gazebo_worlds/share/pal_gazebo_worlds/models/tv/tv.sdf
[3.677s] -- Symlinking: /SLAM/ros_ws/install/pal_gazebo_worlds/share/pal_gazebo_worlds/models/wall_with_reem_photo/material/scripts/ball.material
[3.690s] -- Symlinking: /SLAM/ros_ws/install/pal_gazebo_worlds/share/pal_gazebo_worlds/models/wall_with_reem_photo/material/scripts/wallWithREEMphoto.material
[3.701s] -- Symlinking: /SLAM/ros_ws/install/pal_gazebo_worlds/share/pal_gazebo_worlds/models/wall_with_reem_photo/material/textures/REEM_photo0.jpg
[3.713s] -- Symlinking: /SLAM/ros_ws/install/pal_gazebo_worlds/share/pal_gazebo_worlds/models/wall_with_reem_photo/model.config
[3.726s] -- Symlinking: /SLAM/ros_ws/install/pal_gazebo_worlds/share/pal_gazebo_worlds/models/wall_with_reem_photo/model.sdf
[3.739s] -- Symlinking: /SLAM/ros_ws/install/pal_gazebo_worlds/share/pal_gazebo_worlds/models/wardrobe/meshes/wardrobe.stl
[3.751s] -- Symlinking: /SLAM/ros_ws/install/pal_gazebo_worlds/share/pal_gazebo_worlds/models/wardrobe/model.config
[3.763s] -- Symlinking: /SLAM/ros_ws/install/pal_gazebo_worlds/share/pal_gazebo_worlds/models/wardrobe/wardrobe.sdf
[3.775s] -- Symlinking: /SLAM/ros_ws/install/pal_gazebo_worlds/share/pal_gazebo_worlds/models/willowgarage/materials/textures/Carpet_Berber_Pattern_Gray_.png
[3.785s] -- Symlinking: /SLAM/ros_ws/install/pal_gazebo_worlds/share/pal_gazebo_worlds/models/willowgarage/materials/textures/Stone_Brushed_Khaki_.png
[3.797s] -- Symlinking: /SLAM/ros_ws/install/pal_gazebo_worlds/share/pal_gazebo_worlds/models/willowgarage/materials/textures/Wood_Bamboo_Medium_.png
[3.809s] -- Symlinking: /SLAM/ros_ws/install/pal_gazebo_worlds/share/pal_gazebo_worlds/models/willowgarage/materials/textures/Wood_Cherry_Original_.png
[3.819s] -- Symlinking: /SLAM/ros_ws/install/pal_gazebo_worlds/share/pal_gazebo_worlds/models/willowgarage/materials/textures/__Wood_Bamboo_Medium_1.png
[3.831s] -- Symlinking: /SLAM/ros_ws/install/pal_gazebo_worlds/share/pal_gazebo_worlds/models/willowgarage/materials/textures/__auto_12.png
[3.842s] -- Symlinking: /SLAM/ros_ws/install/pal_gazebo_worlds/share/pal_gazebo_worlds/models/willowgarage/materials/textures/__auto_2.png
[3.852s] -- Symlinking: /SLAM/ros_ws/install/pal_gazebo_worlds/share/pal_gazebo_worlds/models/willowgarage/meshes/willowgarage_collision.dae
[3.862s] -- Symlinking: /SLAM/ros_ws/install/pal_gazebo_worlds/share/pal_gazebo_worlds/models/willowgarage/meshes/willowgarage_visual.dae
[3.875s] -- Symlinking: /SLAM/ros_ws/install/pal_gazebo_worlds/share/pal_gazebo_worlds/worlds/aruco.world
[3.885s] -- Symlinking: /SLAM/ros_ws/install/pal_gazebo_worlds/share/pal_gazebo_worlds/worlds/ball.world
[3.896s] -- Symlinking: /SLAM/ros_ws/install/pal_gazebo_worlds/share/pal_gazebo_worlds/worlds/cabinet_grasping.world
[3.907s] -- Symlinking: /SLAM/ros_ws/install/pal_gazebo_worlds/share/pal_gazebo_worlds/worlds/calibration_room.world
[3.918s] -- Symlinking: /SLAM/ros_ws/install/pal_gazebo_worlds/share/pal_gazebo_worlds/worlds/chairs.world
[3.928s] -- Symlinking: /SLAM/ros_ws/install/pal_gazebo_worlds/share/pal_gazebo_worlds/worlds/corridor_110cm.world
[3.938s] -- Symlinking: /SLAM/ros_ws/install/pal_gazebo_worlds/share/pal_gazebo_worlds/worlds/corridor_60cm.world
[3.949s] -- Symlinking: /SLAM/ros_ws/install/pal_gazebo_worlds/share/pal_gazebo_worlds/worlds/corridor_70cm.world
[3.959s] -- Symlinking: /SLAM/ros_ws/install/pal_gazebo_worlds/share/pal_gazebo_worlds/worlds/corridor_85cm.world
[3.970s] -- Symlinking: /SLAM/ros_ws/install/pal_gazebo_worlds/share/pal_gazebo_worlds/worlds/dock_and_aruco.world
[3.980s] -- Symlinking: /SLAM/ros_ws/install/pal_gazebo_worlds/share/pal_gazebo_worlds/worlds/dock_station.world
[3.990s] -- Symlinking: /SLAM/ros_ws/install/pal_gazebo_worlds/share/pal_gazebo_worlds/worlds/docker_chair.world
[4.001s] -- Symlinking: /SLAM/ros_ws/install/pal_gazebo_worlds/share/pal_gazebo_worlds/worlds/door_obstacle.world
[4.010s] -- Symlinking: /SLAM/ros_ws/install/pal_gazebo_worlds/share/pal_gazebo_worlds/worlds/empty.world
[4.020s] -- Symlinking: /SLAM/ros_ws/install/pal_gazebo_worlds/share/pal_gazebo_worlds/worlds/empty_room.world
[4.030s] -- Symlinking: /SLAM/ros_ws/install/pal_gazebo_worlds/share/pal_gazebo_worlds/worlds/factory.world
[4.040s] -- Symlinking: /SLAM/ros_ws/install/pal_gazebo_worlds/share/pal_gazebo_worlds/worlds/featured.world
[4.050s] -- Symlinking: /SLAM/ros_ws/install/pal_gazebo_worlds/share/pal_gazebo_worlds/worlds/footstep_obstacle.world
[4.061s] -- Symlinking: /SLAM/ros_ws/install/pal_gazebo_worlds/share/pal_gazebo_worlds/worlds/hit_table.world
[4.072s] -- Symlinking: /SLAM/ros_ws/install/pal_gazebo_worlds/share/pal_gazebo_worlds/worlds/home.world
[4.083s] -- Symlinking: /SLAM/ros_ws/install/pal_gazebo_worlds/share/pal_gazebo_worlds/worlds/hospital.world
[4.093s] -- Symlinking: /SLAM/ros_ws/install/pal_gazebo_worlds/share/pal_gazebo_worlds/worlds/hospital_flat.world
[4.103s] -- Symlinking: /SLAM/ros_ws/install/pal_gazebo_worlds/share/pal_gazebo_worlds/worlds/look_to_point.world
[4.116s] -- Symlinking: /SLAM/ros_ws/install/pal_gazebo_worlds/share/pal_gazebo_worlds/worlds/low_sun_empty.world
[4.127s] -- Symlinking: /SLAM/ros_ws/install/pal_gazebo_worlds/share/pal_gazebo_worlds/worlds/memmo_simple.world
[4.137s] -- Symlinking: /SLAM/ros_ws/install/pal_gazebo_worlds/share/pal_gazebo_worlds/worlds/narrow_passage.world
[4.148s] -- Symlinking: /SLAM/ros_ws/install/pal_gazebo_worlds/share/pal_gazebo_worlds/worlds/objects_on_table.world
[4.159s] -- Symlinking: /SLAM/ros_ws/install/pal_gazebo_worlds/share/pal_gazebo_worlds/worlds/pal_office.world
[4.170s] -- Symlinking: /SLAM/ros_ws/install/pal_gazebo_worlds/share/pal_gazebo_worlds/worlds/pal_textured_object.world
[4.180s] -- Symlinking: /SLAM/ros_ws/install/pal_gazebo_worlds/share/pal_gazebo_worlds/worlds/passage_110cm.world
[4.191s] -- Symlinking: /SLAM/ros_ws/install/pal_gazebo_worlds/share/pal_gazebo_worlds/worlds/passage_60cm.world
[4.202s] -- Symlinking: /SLAM/ros_ws/install/pal_gazebo_worlds/share/pal_gazebo_worlds/worlds/passage_70cm.world
[4.213s] -- Symlinking: /SLAM/ros_ws/install/pal_gazebo_worlds/share/pal_gazebo_worlds/worlds/pg_demo.world
[4.224s] -- Symlinking: /SLAM/ros_ws/install/pal_gazebo_worlds/share/pal_gazebo_worlds/worlds/pick.world
[4.234s] -- Symlinking: /SLAM/ros_ws/install/pal_gazebo_worlds/share/pal_gazebo_worlds/worlds/pick_place_cabinet.world
[4.245s] -- Symlinking: /SLAM/ros_ws/install/pal_gazebo_worlds/share/pal_gazebo_worlds/worlds/pick_place_close_demo.world
[4.255s] -- Symlinking: /SLAM/ros_ws/install/pal_gazebo_worlds/share/pal_gazebo_worlds/worlds/pick_place_demo.world
[4.266s] -- Symlinking: /SLAM/ros_ws/install/pal_gazebo_worlds/share/pal_gazebo_worlds/worlds/reemc.world
[4.276s] -- Symlinking: /SLAM/ros_ws/install/pal_gazebo_worlds/share/pal_gazebo_worlds/worlds/reemc_indoor.world
[4.287s] -- Symlinking: /SLAM/ros_ws/install/pal_gazebo_worlds/share/pal_gazebo_worlds/worlds/simple_office.world
[4.297s] -- Symlinking: /SLAM/ros_ws/install/pal_gazebo_worlds/share/pal_gazebo_worlds/worlds/simple_office_with_people.world
[4.308s] -- Symlinking: /SLAM/ros_ws/install/pal_gazebo_worlds/share/pal_gazebo_worlds/worlds/simple_ramp.world
[4.319s] -- Symlinking: /SLAM/ros_ws/install/pal_gazebo_worlds/share/pal_gazebo_worlds/worlds/small_factory.world
[4.329s] -- Symlinking: /SLAM/ros_ws/install/pal_gazebo_worlds/share/pal_gazebo_worlds/worlds/small_office.world
[4.340s] -- Symlinking: /SLAM/ros_ws/install/pal_gazebo_worlds/share/pal_gazebo_worlds/worlds/small_office_door_obstacle.world
[4.351s] -- Symlinking: /SLAM/ros_ws/install/pal_gazebo_worlds/share/pal_gazebo_worlds/worlds/small_office_inventory.world
[4.362s] -- Symlinking: /SLAM/ros_ws/install/pal_gazebo_worlds/share/pal_gazebo_worlds/worlds/small_textured_office.world
[4.372s] -- Symlinking: /SLAM/ros_ws/install/pal_gazebo_worlds/share/pal_gazebo_worlds/worlds/socmcs.world
[4.383s] -- Symlinking: /SLAM/ros_ws/install/pal_gazebo_worlds/share/pal_gazebo_worlds/worlds/stairs.world
[4.394s] -- Symlinking: /SLAM/ros_ws/install/pal_gazebo_worlds/share/pal_gazebo_worlds/worlds/stamping_demo.world
[4.405s] -- Symlinking: /SLAM/ros_ws/install/pal_gazebo_worlds/share/pal_gazebo_worlds/worlds/t_shaped.world
[4.416s] -- Symlinking: /SLAM/ros_ws/install/pal_gazebo_worlds/share/pal_gazebo_worlds/worlds/tabletop_cube.world
[4.427s] -- Symlinking: /SLAM/ros_ws/install/pal_gazebo_worlds/share/pal_gazebo_worlds/worlds/tabletop_cylinder.world
[4.438s] -- Symlinking: /SLAM/ros_ws/install/pal_gazebo_worlds/share/pal_gazebo_worlds/worlds/tutorial_office.world
[4.449s] -- Symlinking: /SLAM/ros_ws/install/pal_gazebo_worlds/share/pal_gazebo_worlds/worlds/voronoi_graph.world
[4.459s] -- Symlinking: /SLAM/ros_ws/install/pal_gazebo_worlds/share/pal_gazebo_worlds/worlds/willow_garage.world
[4.470s] -- Symlinking: /SLAM/ros_ws/install/pal_gazebo_worlds/share/pal_gazebo_worlds/worlds/world_wall_REEM_photo.world
[4.481s] -- Symlinking: /SLAM/ros_ws/install/pal_gazebo_worlds/share/pal_gazebo_worlds/urdf/chessboard/chessboard.gazebo.xacro
[4.492s] -- Symlinking: /SLAM/ros_ws/install/pal_gazebo_worlds/share/pal_gazebo_worlds/urdf/chessboard/chessboard.urdf.xacro
[4.503s] -- Symlinking: /SLAM/ros_ws/install/pal_gazebo_worlds/share/pal_gazebo_worlds/urdf/chessboard/chessboard_example.urdf.xacro
[4.514s] -- Symlinking: /SLAM/ros_ws/install/pal_gazebo_worlds/share/pal_gazebo_worlds/urdf/simple_box.urdf
[4.525s] -- Symlinking: /SLAM/ros_ws/install/pal_gazebo_worlds/share/pal_gazebo_worlds/meshes/chessboard/chessboard.dae
[4.536s] -- Symlinking: /SLAM/ros_ws/install/pal_gazebo_worlds/share/pal_gazebo_worlds/meshes/chessboard/chessboard.png
[4.547s] -- Symlinking: /SLAM/ros_ws/install/pal_gazebo_worlds/share/ament_index/resource_index/package_run_dependencies/pal_gazebo_worlds
[4.559s] -- Symlinking: /SLAM/ros_ws/install/pal_gazebo_worlds/share/ament_index/resource_index/parent_prefix_path/pal_gazebo_worlds
[4.570s] -- Symlinking: /SLAM/ros_ws/install/pal_gazebo_worlds/share/pal_gazebo_worlds/environment/ament_prefix_path.sh
[4.582s] -- Symlinking: /SLAM/ros_ws/install/pal_gazebo_worlds/share/pal_gazebo_worlds/environment/ament_prefix_path.dsv
[4.594s] -- Symlinking: /SLAM/ros_ws/install/pal_gazebo_worlds/share/pal_gazebo_worlds/environment/path.sh
[4.605s] -- Symlinking: /SLAM/ros_ws/install/pal_gazebo_worlds/share/pal_gazebo_worlds/environment/path.dsv
[4.616s] -- Symlinking: /SLAM/ros_ws/install/pal_gazebo_worlds/share/pal_gazebo_worlds/local_setup.bash
[4.627s] -- Symlinking: /SLAM/ros_ws/install/pal_gazebo_worlds/share/pal_gazebo_worlds/local_setup.sh
[4.639s] -- Symlinking: /SLAM/ros_ws/install/pal_gazebo_worlds/share/pal_gazebo_worlds/local_setup.zsh
[4.650s] -- Symlinking: /SLAM/ros_ws/install/pal_gazebo_worlds/share/pal_gazebo_worlds/local_setup.dsv
[4.660s] -- Symlinking: /SLAM/ros_ws/install/pal_gazebo_worlds/share/pal_gazebo_worlds/package.dsv
[4.671s] -- Symlinking: /SLAM/ros_ws/install/pal_gazebo_worlds/share/ament_index/resource_index/packages/pal_gazebo_worlds
[4.682s] -- Symlinking: /SLAM/ros_ws/install/pal_gazebo_worlds/share/pal_gazebo_worlds/cmake/pal_gazebo_worldsConfig.cmake
[4.692s] -- Symlinking: /SLAM/ros_ws/install/pal_gazebo_worlds/share/pal_gazebo_worlds/cmake/pal_gazebo_worldsConfig-version.cmake
[4.703s] -- Symlinking: /SLAM/ros_ws/install/pal_gazebo_worlds/share/pal_gazebo_worlds/package.xml
[4.718s] Invoked command in '/SLAM/ros_ws/build/pal_gazebo_worlds' returned '0': CMAKE_PREFIX_PATH=/opt/ros/humble /usr/bin/cmake --install /SLAM/ros_ws/build/pal_gazebo_worlds
