[0.000000] (-) TimerEvent: {}
[0.000621] (-) JobUnselected: {'identifier': 'astra_camera'}
[0.000914] (-) JobUnselected: {'identifier': 'astra_camera_msgs'}
[0.001052] (-) JobUnselected: {'identifier': 'br2_basics'}
[0.001110] (-) JobUnselected: {'identifier': 'br2_bt_bumpgo'}
[0.001201] (-) JobUnselected: {'identifier': 'br2_bt_patrolling'}
[0.001223] (-) JobUnselected: {'identifier': 'br2_fsm_bumpgo_cpp'}
[0.001241] (-) JobUnselected: {'identifier': 'br2_fsm_bumpgo_py'}
[0.001284] (-) JobUnselected: {'identifier': 'br2_navigation'}
[0.001304] (-) JobUnselected: {'identifier': 'br2_tf2_detector'}
[0.001333] (-) JobUnselected: {'identifier': 'br2_tiago'}
[0.001429] (-) JobUnselected: {'identifier': 'br2_tracking'}
[0.001492] (-) JobUnselected: {'identifier': 'br2_tracking_msgs'}
[0.001543] (-) JobUnselected: {'identifier': 'br2_vff_avoidance'}
[0.001560] (-) JobUnselected: {'identifier': 'camera_calibration'}
[0.001576] (-) JobUnselected: {'identifier': 'depth_image_proc'}
[0.001605] (-) JobUnselected: {'identifier': 'groot'}
[0.001723] (-) JobUnselected: {'identifier': 'hey5_description'}
[0.001743] (-) JobUnselected: {'identifier': 'image_pipeline'}
[0.001776] (-) JobUnselected: {'identifier': 'image_proc'}
[0.001797] (-) JobUnselected: {'identifier': 'image_publisher'}
[0.001881] (-) JobUnselected: {'identifier': 'image_rotate'}
[0.001899] (-) JobUnselected: {'identifier': 'image_view'}
[0.001916] (-) JobUnselected: {'identifier': 'my_robot_controller'}
[0.001952] (-) JobUnselected: {'identifier': 'pal_gazebo_worlds'}
[0.002081] (-) JobUnselected: {'identifier': 'pal_gripper'}
[0.002101] (-) JobUnselected: {'identifier': 'pal_gripper_controller_configuration'}
[0.002122] (-) JobUnselected: {'identifier': 'pal_gripper_description'}
[0.002153] (-) JobUnselected: {'identifier': 'pmb2_2dnav'}
[0.002174] (-) JobUnselected: {'identifier': 'pmb2_bringup'}
[0.002191] (-) JobUnselected: {'identifier': 'pmb2_controller_configuration'}
[0.002295] (-) JobUnselected: {'identifier': 'pmb2_description'}
[0.002313] (-) JobUnselected: {'identifier': 'pmb2_laser_sensors'}
[0.002347] (-) JobUnselected: {'identifier': 'pmb2_maps'}
[0.002365] (-) JobUnselected: {'identifier': 'pmb2_navigation'}
[0.002461] (-) JobUnselected: {'identifier': 'pmb2_robot'}
[0.002479] (-) JobUnselected: {'identifier': 'rf2o_laser_odometry'}
[0.002511] (-) JobUnselected: {'identifier': 'rplidar_ros'}
[0.002531] (-) JobUnselected: {'identifier': 'rtabmap'}
[0.002664] (-) JobUnselected: {'identifier': 'rtabmap_conversions'}
[0.002683] (-) JobUnselected: {'identifier': 'rtabmap_demos'}
[0.002715] (-) JobUnselected: {'identifier': 'rtabmap_examples'}
[0.002733] (-) JobUnselected: {'identifier': 'rtabmap_launch'}
[0.002820] (-) JobUnselected: {'identifier': 'rtabmap_msgs'}
[0.002839] (-) JobUnselected: {'identifier': 'rtabmap_odom'}
[0.002858] (-) JobUnselected: {'identifier': 'rtabmap_python'}
[0.002888] (-) JobUnselected: {'identifier': 'rtabmap_ros'}
[0.002957] (-) JobUnselected: {'identifier': 'rtabmap_rviz_plugins'}
[0.002975] (-) JobUnselected: {'identifier': 'rtabmap_slam'}
[0.002993] (-) JobUnselected: {'identifier': 'rtabmap_sync'}
[0.003021] (-) JobUnselected: {'identifier': 'rtabmap_util'}
[0.003085] (-) JobUnselected: {'identifier': 'rtabmap_viz'}
[0.003103] (-) JobUnselected: {'identifier': 'slam_toolbox'}
[0.003120] (-) JobUnselected: {'identifier': 'sllidar_ros2'}
[0.003147] (-) JobUnselected: {'identifier': 'stereo_image_proc'}
[0.003163] (-) JobUnselected: {'identifier': 'tiago_2dnav'}
[0.003243] (-) JobUnselected: {'identifier': 'tiago_bringup'}
[0.003261] (-) JobUnselected: {'identifier': 'tiago_controller_configuration'}
[0.003278] (-) JobUnselected: {'identifier': 'tiago_description'}
[0.003307] (-) JobUnselected: {'identifier': 'tiago_gazebo'}
[0.003325] (-) JobUnselected: {'identifier': 'tiago_laser_sensors'}
[0.003386] (-) JobUnselected: {'identifier': 'tiago_moveit_config'}
[0.003438] (-) JobUnselected: {'identifier': 'tiago_navigation'}
[0.003455] (-) JobUnselected: {'identifier': 'tiago_robot'}
[0.003471] (-) JobUnselected: {'identifier': 'tiago_simulation'}
[0.003497] (-) JobUnselected: {'identifier': 'tracetools_image_pipeline'}
[0.003513] (-) JobUnselected: {'identifier': 'tutourial_intefaces'}
[0.003575] (-) JobUnselected: {'identifier': 'urdf_test'}
[0.003596] (launch_pal) JobQueued: {'identifier': 'launch_pal', 'dependencies': OrderedDict()}
[0.003620] (launch_pal) JobStarted: {'identifier': 'launch_pal'}
[0.099659] (-) TimerEvent: {}
[0.199945] (-) TimerEvent: {}
[0.300254] (-) TimerEvent: {}
[0.400557] (-) TimerEvent: {}
[0.500906] (-) TimerEvent: {}
[0.601208] (-) TimerEvent: {}
[0.701688] (-) TimerEvent: {}
[0.776856] (launch_pal) Command: {'cmd': ['/usr/bin/python3', 'setup.py', 'develop', '--editable', '--build-directory', '/SLAM/ros_ws/build/launch_pal/build', '--no-deps', 'install_data'], 'cwd': '/SLAM/ros_ws/build/launch_pal', 'env': {'HOSTNAME': 'acer', 'GIT_ASKPASS': '/home/ros/.vscode-server/bin/0ee08df0cf4527e40edc9aa28f4b5bd38bbff2b2/extensions/git/dist/askpass.sh', 'SHLVL': '2', 'LD_LIBRARY_PATH': '/usr/lib/x86_64-linux-gnu/gazebo-11/plugins:/opt/ros/humble/opt/rviz_ogre_vendor/lib:/opt/ros/humble/lib/x86_64-linux-gnu:/opt/ros/humble/lib', 'BROWSER': '/home/ros/.vscode-server/bin/0ee08df0cf4527e40edc9aa28f4b5bd38bbff2b2/bin/helpers/browser.sh', 'HOME': '/home/ros', 'TERM_PROGRAM_VERSION': '1.85.1', 'VSCODE_IPC_HOOK_CLI': '/tmp/vscode-ipc-f75ace74-3a63-4e17-9c42-2d0b6a46ea6c.sock', 'ROS_PYTHON_VERSION': '3', 'VSCODE_GIT_ASKPASS_MAIN': '/home/ros/.vscode-server/bin/0ee08df0cf4527e40edc9aa28f4b5bd38bbff2b2/extensions/git/dist/askpass-main.js', 'VSCODE_GIT_ASKPASS_NODE': '/home/ros/.vscode-server/bin/0ee08df0cf4527e40edc9aa28f4b5bd38bbff2b2/node', 'COLORTERM': 'truecolor', 'REMOTE_CONTAINERS': 'true', 'ROS_DISTRO': 'humble', 'REMOTE_CONTAINERS_IPC': '/tmp/vscode-remote-containers-ipc-50c619c6-2daf-4bfc-b140-aa6923d4a067.sock', '_': '/usr/bin/colcon', 'ROS_VERSION': '2', 'TERM': 'xterm-256color', 'ROS_LOCALHOST_ONLY': '0', 'PATH': '/home/ros/.vscode-server/bin/0ee08df0cf4527e40edc9aa28f4b5bd38bbff2b2/bin/remote-cli:/opt/ros/humble/bin:/usr/local/sbin:/usr/local/bin:/usr/sbin:/usr/bin:/sbin:/bin', 'REMOTE_CONTAINERS_SOCKETS': '["/tmp/vscode-ssh-auth-50c619c6-2daf-4bfc-b140-aa6923d4a067.sock","/tmp/.X11-unix/X0","/home/ros/.gnupg/S.gpg-agent"]', 'DISPLAY': ':1', 'LANG': 'C.UTF-8', 'VSCODE_GIT_IPC_HANDLE': '/tmp/vscode-git-f5e5d8950f.sock', 'TERM_PROGRAM': 'vscode', 'SSH_AUTH_SOCK': '/tmp/vscode-ssh-auth-50c619c6-2daf-4bfc-b140-aa6923d4a067.sock', 'AMENT_PREFIX_PATH': '/opt/ros/humble', 'REMOTE_CONTAINERS_DISPLAY_SOCK': '/tmp/.X11-unix/X0', 'SHELL': '/bin/bash', 'VSCODE_GIT_ASKPASS_EXTRA_ARGS': '', 'PWD': '/SLAM/ros_ws/build/launch_pal', 'LC_ALL': 'C.UTF-8', 'PYTHONPATH': '/SLAM/ros_ws/build/launch_pal/prefix_override:/SLAM/ros_ws/install/launch_pal/lib/python3.10/site-packages:/opt/ros/humble/lib/python3.10/site-packages:/opt/ros/humble/local/lib/python3.10/dist-packages', 'COLCON': '1'}, 'shell': False}
[0.801807] (-) TimerEvent: {}
[0.902233] (-) TimerEvent: {}
[1.002572] (launch_pal) StdoutLine: {'line': b'running develop\n'}
[1.002804] (-) TimerEvent: {}
[1.004541] (launch_pal) StderrLine: {'line': b'/usr/lib/python3/dist-packages/setuptools/command/easy_install.py:158: EasyInstallDeprecationWarning: easy_install command is deprecated. Use build and pip and other standards-based tools.\n'}
[1.004689] (launch_pal) StderrLine: {'line': b'  warnings.warn(\n'}
[1.006012] (launch_pal) StderrLine: {'line': b'/usr/lib/python3/dist-packages/setuptools/command/install.py:34: SetuptoolsDeprecationWarning: setup.py install is deprecated. Use build and pip and other standards-based tools.\n'}
[1.006127] (launch_pal) StderrLine: {'line': b'  warnings.warn(\n'}
[1.102914] (-) TimerEvent: {}
[1.131332] (launch_pal) StdoutLine: {'line': b'running egg_info\n'}
[1.131545] (launch_pal) StdoutLine: {'line': b'writing launch_pal.egg-info/PKG-INFO\n'}
[1.131684] (launch_pal) StdoutLine: {'line': b'writing dependency_links to launch_pal.egg-info/dependency_links.txt\n'}
[1.131808] (launch_pal) StdoutLine: {'line': b'writing entry points to launch_pal.egg-info/entry_points.txt\n'}
[1.131920] (launch_pal) StdoutLine: {'line': b'writing requirements to launch_pal.egg-info/requires.txt\n'}
[1.132005] (launch_pal) StdoutLine: {'line': b'writing top-level names to launch_pal.egg-info/top_level.txt\n'}
[1.134095] (launch_pal) StdoutLine: {'line': b"reading manifest file 'launch_pal.egg-info/SOURCES.txt'\n"}
[1.135508] (launch_pal) StdoutLine: {'line': b"writing manifest file 'launch_pal.egg-info/SOURCES.txt'\n"}
[1.136886] (launch_pal) StdoutLine: {'line': b'running build_ext\n'}
[1.137095] (launch_pal) StdoutLine: {'line': b'Creating /SLAM/ros_ws/install/launch_pal/lib/python3.10/site-packages/launch-pal.egg-link (link to .)\n'}
[1.137863] (launch_pal) StdoutLine: {'line': b'\n'}
[1.137965] (launch_pal) StdoutLine: {'line': b'Installed /SLAM/ros_ws/build/launch_pal\n'}
[1.138031] (launch_pal) StdoutLine: {'line': b'running install_data\n'}
[1.171270] (launch_pal) CommandEnded: {'returncode': 0}
[1.203026] (-) TimerEvent: {}
[1.244709] (launch_pal) JobEnded: {'identifier': 'launch_pal', 'rc': 0}
[1.245306] (-) EventReactorShutdown: {}
