[0.394s] Invoking command in '/SLAM/ros_ws/build/image_view': CMAKE_PREFIX_PATH=/opt/ros/humble /usr/bin/cmake --build /SLAM/ros_ws/build/image_view -- -j16 -l16
[0.422s] -- Found ament_cmake_auto: 1.3.6 (/opt/ros/humble/share/ament_cmake_auto/cmake)
[0.694s] -- Found rosidl_generator_c: 3.1.5 (/opt/ros/humble/share/rosidl_generator_c/cmake)
[0.696s] -- Found rosidl_adapter: 3.1.5 (/opt/ros/humble/share/rosidl_adapter/cmake)
[0.702s] -- Found rosidl_generator_cpp: 3.1.5 (/opt/ros/humble/share/rosidl_generator_cpp/cmake)
[0.713s] -- Using all available rosidl_typesupport_c: rosidl_typesupport_fastrtps_c;rosidl_typesupport_introspection_c
[0.730s] -- Using all available rosidl_typesupport_cpp: rosidl_typesupport_fastrtps_cpp;rosidl_typesupport_introspection_cpp
[0.819s] -- Found rmw_implementation_cmake: 6.1.1 (/opt/ros/humble/share/rmw_implementation_cmake/cmake)
[0.819s] -- Found rmw_fastrtps_cpp: 6.2.5 (/opt/ros/humble/share/rmw_fastrtps_cpp/cmake)
[1.001s] -- Using RMW implementation 'rmw_fastrtps_cpp' as default
[1.579s] -- Found ament_lint_auto: 0.12.9 (/opt/ros/humble/share/ament_lint_auto/cmake)
[1.590s] -- Added test 'copyright' to check source files copyright and LICENSE
[1.592s] -- Added test 'cppcheck' to perform static code analysis on C / C++ code
[1.593s] -- Configured cppcheck include dirs: /SLAM/ros_ws/src/image_pipeline/image_view/include
[1.593s] -- Configured cppcheck exclude dirs and/or files: 
[1.595s] -- Added test 'cpplint' to check C / C++ code against the Google style
[1.595s] -- Configured cpplint exclude dirs and/or files: 
[1.596s] -- Added test 'lint_cmake' to check CMake code style
[1.598s] -- Added test 'uncrustify' to check C / C++ code style
[1.598s] -- Configured uncrustify additional arguments: 
[1.598s] -- Added test 'xmllint' to check XML markup files
[1.602s] -- Configuring done
[1.672s] -- Generating done
[1.675s] -- Build files have been written to: /SLAM/ros_ws/build/image_view
[1.714s] [35m[1mConsolidate compiler generated dependencies of target image_view_nodes[0m
[1.776s] [  5%] [32mBuilding CXX object CMakeFiles/image_view_nodes.dir/src/disparity_view_node.cpp.o[0m
[1.802s] [ 10%] [32mBuilding CXX object CMakeFiles/image_view_nodes.dir/src/extract_images_node.cpp.o[0m
[1.802s] [ 15%] [32mBuilding CXX object CMakeFiles/image_view_nodes.dir/src/image_view_node.cpp.o[0m
[1.802s] [ 21%] [32mBuilding CXX object CMakeFiles/image_view_nodes.dir/src/image_saver_node.cpp.o[0m
[1.803s] [ 26%] [32mBuilding CXX object CMakeFiles/image_view_nodes.dir/src/stereo_view_node.cpp.o[0m
[1.806s] [ 31%] [32mBuilding CXX object CMakeFiles/image_view_nodes.dir/src/video_recorder_node.cpp.o[0m
[23.157s] [ 36%] [32m[1mLinking CXX shared library libimage_view_nodes.so[0m
[24.439s] [ 36%] Built target image_view_nodes
[24.453s] [35m[1mConsolidate compiler generated dependencies of target video_recorder[0m
[24.453s] [35m[1mConsolidate compiler generated dependencies of target disparity_view[0m
[24.454s] [35m[1mConsolidate compiler generated dependencies of target image_saver[0m
[24.454s] [35m[1mConsolidate compiler generated dependencies of target extract_images[0m
[24.454s] [35m[1mConsolidate compiler generated dependencies of target image_view[0m
[24.457s] [35m[1mConsolidate compiler generated dependencies of target stereo_view[0m
[24.490s] [ 42%] [32mBuilding CXX object CMakeFiles/disparity_view.dir/src/disparity_view.cpp.o[0m
[24.491s] [ 47%] [32mBuilding CXX object CMakeFiles/video_recorder.dir/src/video_recorder.cpp.o[0m
[24.496s] [ 52%] [32mBuilding CXX object CMakeFiles/extract_images.dir/src/extract_images.cpp.o[0m
[24.501s] [ 57%] [32mBuilding CXX object CMakeFiles/image_view.dir/src/image_view.cpp.o[0m
[24.505s] [ 63%] [32mBuilding CXX object CMakeFiles/stereo_view.dir/src/stereo_view.cpp.o[0m
[24.511s] [ 68%] [32mBuilding CXX object CMakeFiles/image_saver.dir/src/image_saver.cpp.o[0m
[28.485s] [ 73%] [32m[1mLinking CXX executable extract_images[0m
[28.535s] [ 78%] [32m[1mLinking CXX executable disparity_view[0m
[28.564s] [ 84%] [32m[1mLinking CXX executable video_recorder[0m
[28.942s] [ 89%] [32m[1mLinking CXX executable image_saver[0m
[29.192s] [ 94%] [32m[1mLinking CXX executable stereo_view[0m
[29.238s] [100%] [32m[1mLinking CXX executable image_view[0m
[30.431s] [100%] Built target extract_images
[30.547s] [100%] Built target video_recorder
[30.600s] [100%] Built target disparity_view
[30.809s] [100%] Built target image_saver
[30.860s] [100%] Built target stereo_view
[30.909s] [100%] Built target image_view
[30.921s] Invoked command in '/SLAM/ros_ws/build/image_view' returned '0': CMAKE_PREFIX_PATH=/opt/ros/humble /usr/bin/cmake --build /SLAM/ros_ws/build/image_view -- -j16 -l16
[30.982s] Invoking command in '/SLAM/ros_ws/build/image_view': CMAKE_PREFIX_PATH=/opt/ros/humble /usr/bin/cmake --install /SLAM/ros_ws/build/image_view
[30.989s] -- Install configuration: ""
[30.990s] -- Up-to-date: /SLAM/ros_ws/install/image_view/include
[30.990s] -- Up-to-date: /SLAM/ros_ws/install/image_view/include/image_view
[30.990s] -- Installing: /SLAM/ros_ws/install/image_view/include/image_view/stereo_view_node.hpp
[30.990s] -- Installing: /SLAM/ros_ws/install/image_view/include/image_view/extract_images_node.hpp
[30.990s] -- Installing: /SLAM/ros_ws/install/image_view/include/image_view/image_saver_node.hpp
[30.990s] -- Installing: /SLAM/ros_ws/install/image_view/include/image_view/disparity_view_node.hpp
[30.990s] -- Installing: /SLAM/ros_ws/install/image_view/include/image_view/image_view_node.hpp
[30.990s] -- Installing: /SLAM/ros_ws/install/image_view/include/image_view/video_recorder_node.hpp
[30.991s] -- Up-to-date: /SLAM/ros_ws/install/image_view/share/image_view/environment/library_path.sh
[30.991s] -- Installing: /SLAM/ros_ws/install/image_view/share/image_view/environment/library_path.dsv
[30.992s] -- Installing: /SLAM/ros_ws/install/image_view/lib/libimage_view_nodes.so
[31.009s] -- Set runtime path of "/SLAM/ros_ws/install/image_view/lib/libimage_view_nodes.so" to ""
[31.010s] -- Installing: /SLAM/ros_ws/install/image_view/lib/image_view/disparity_view
[31.011s] -- Set runtime path of "/SLAM/ros_ws/install/image_view/lib/image_view/disparity_view" to ""
[31.012s] -- Installing: /SLAM/ros_ws/install/image_view/lib/image_view/image_view
[31.012s] -- Set runtime path of "/SLAM/ros_ws/install/image_view/lib/image_view/image_view" to ""
[31.013s] -- Installing: /SLAM/ros_ws/install/image_view/lib/image_view/stereo_view
[31.014s] -- Set runtime path of "/SLAM/ros_ws/install/image_view/lib/image_view/stereo_view" to ""
[31.014s] -- Installing: /SLAM/ros_ws/install/image_view/lib/image_view/extract_images
[31.015s] -- Set runtime path of "/SLAM/ros_ws/install/image_view/lib/image_view/extract_images" to ""
[31.016s] -- Installing: /SLAM/ros_ws/install/image_view/lib/image_view/image_saver
[31.016s] -- Set runtime path of "/SLAM/ros_ws/install/image_view/lib/image_view/image_saver" to ""
[31.017s] -- Installing: /SLAM/ros_ws/install/image_view/lib/image_view/video_recorder
[31.018s] -- Set runtime path of "/SLAM/ros_ws/install/image_view/lib/image_view/video_recorder" to ""
[31.018s] -- Up-to-date: /SLAM/ros_ws/install/image_view/share/ament_index/resource_index/package_run_dependencies/image_view
[31.018s] -- Installing: /SLAM/ros_ws/install/image_view/share/ament_index/resource_index/parent_prefix_path/image_view
[31.018s] -- Up-to-date: /SLAM/ros_ws/install/image_view/share/image_view/environment/ament_prefix_path.sh
[31.018s] -- Installing: /SLAM/ros_ws/install/image_view/share/image_view/environment/ament_prefix_path.dsv
[31.018s] -- Up-to-date: /SLAM/ros_ws/install/image_view/share/image_view/environment/path.sh
[31.018s] -- Installing: /SLAM/ros_ws/install/image_view/share/image_view/environment/path.dsv
[31.019s] -- Up-to-date: /SLAM/ros_ws/install/image_view/share/image_view/local_setup.bash
[31.019s] -- Up-to-date: /SLAM/ros_ws/install/image_view/share/image_view/local_setup.sh
[31.019s] -- Up-to-date: /SLAM/ros_ws/install/image_view/share/image_view/local_setup.zsh
[31.019s] -- Installing: /SLAM/ros_ws/install/image_view/share/image_view/local_setup.dsv
[31.019s] -- Installing: /SLAM/ros_ws/install/image_view/share/image_view/package.dsv
[31.019s] -- Up-to-date: /SLAM/ros_ws/install/image_view/share/ament_index/resource_index/packages/image_view
[31.019s] -- Up-to-date: /SLAM/ros_ws/install/image_view/share/ament_index/resource_index/rclcpp_components/image_view
[31.019s] -- Up-to-date: /SLAM/ros_ws/install/image_view/share/image_view/cmake/ament_cmake_export_dependencies-extras.cmake
[31.019s] -- Up-to-date: /SLAM/ros_ws/install/image_view/share/image_view/cmake/ament_cmake_export_include_directories-extras.cmake
[31.019s] -- Up-to-date: /SLAM/ros_ws/install/image_view/share/image_view/cmake/ament_cmake_export_libraries-extras.cmake
[31.019s] -- Up-to-date: /SLAM/ros_ws/install/image_view/share/image_view/cmake/image_viewConfig.cmake
[31.020s] -- Up-to-date: /SLAM/ros_ws/install/image_view/share/image_view/cmake/image_viewConfig-version.cmake
[31.020s] -- Installing: /SLAM/ros_ws/install/image_view/share/image_view/package.xml
[31.022s] Invoked command in '/SLAM/ros_ws/build/image_view' returned '0': CMAKE_PREFIX_PATH=/opt/ros/humble /usr/bin/cmake --install /SLAM/ros_ws/build/image_view
