[0.077s] Invoking command in '/SLAM/ros_ws/build/image_proc': AMENT_PREFIX_PATH=/SLAM/ros_ws/install/tracetools_image_pipeline:${AMENT_PREFIX_PATH} CMAKE_PREFIX_PATH=/SLAM/ros_ws/install/tracetools_image_pipeline:/opt/ros/humble LD_LIBRARY_PATH=/SLAM/ros_ws/install/tracetools_image_pipeline/lib:${LD_LIBRARY_PATH} /usr/bin/cmake /SLAM/ros_ws/src/image_pipeline/image_proc -DCMAKE_BUILD_TYPE=Release -DAMENT_CMAKE_SYMLINK_INSTALL=1 -DCMAKE_INSTALL_PREFIX=/SLAM/ros_ws/install/image_proc
[0.475s] -- Found ament_cmake_auto: 1.3.6 (/opt/ros/humble/share/ament_cmake_auto/cmake)
[0.475s] -- Override CMake install command with custom implementation using symlinks instead of copying resources
[0.475s] -- Found rosidl_generator_c: 3.1.5 (/opt/ros/humble/share/rosidl_generator_c/cmake)
[0.475s] -- Found rosidl_adapter: 3.1.5 (/opt/ros/humble/share/rosidl_adapter/cmake)
[0.475s] -- Found rosidl_generator_cpp: 3.1.5 (/opt/ros/humble/share/rosidl_generator_cpp/cmake)
[0.475s] -- Using all available rosidl_typesupport_c: rosidl_typesupport_fastrtps_c;rosidl_typesupport_introspection_c
[0.475s] -- Using all available rosidl_typesupport_cpp: rosidl_typesupport_fastrtps_cpp;rosidl_typesupport_introspection_cpp
[0.802s] -- Found rmw_implementation_cmake: 6.1.1 (/opt/ros/humble/share/rmw_implementation_cmake/cmake)
[0.803s] -- Found rmw_fastrtps_cpp: 6.2.5 (/opt/ros/humble/share/rmw_fastrtps_cpp/cmake)
[1.022s] -- Using RMW implementation 'rmw_fastrtps_cpp' as default
[1.318s] -- Found ament_lint_auto: 0.12.9 (/opt/ros/humble/share/ament_lint_auto/cmake)
[1.330s] -- Added test 'copyright' to check source files copyright and LICENSE
[1.332s] -- Added test 'cppcheck' to perform static code analysis on C / C++ code
[1.332s] -- Configured cppcheck include dirs: /SLAM/ros_ws/src/image_pipeline/image_proc/include
[1.332s] -- Configured cppcheck exclude dirs and/or files: 
[1.334s] -- Added test 'cpplint' to check C / C++ code against the Google style
[1.334s] -- Configured cpplint exclude dirs and/or files: 
[1.335s] -- Added test 'flake8' to check Python code syntax and style conventions
[1.336s] -- Added test 'lint_cmake' to check CMake code style
[1.336s] -- Added test 'pep257' to check Python code against some of the docstring style conventions in PEP 257
[1.338s] -- Added test 'uncrustify' to check C / C++ code style
[1.338s] -- Configured uncrustify additional arguments: 
[1.338s] -- Added test 'xmllint' to check XML markup files
[1.342s] -- Configuring done
[1.422s] -- Generating done
[1.425s] -- Build files have been written to: /SLAM/ros_ws/build/image_proc
[1.470s] Invoked command in '/SLAM/ros_ws/build/image_proc' returned '0': AMENT_PREFIX_PATH=/SLAM/ros_ws/install/tracetools_image_pipeline:${AMENT_PREFIX_PATH} CMAKE_PREFIX_PATH=/SLAM/ros_ws/install/tracetools_image_pipeline:/opt/ros/humble LD_LIBRARY_PATH=/SLAM/ros_ws/install/tracetools_image_pipeline/lib:${LD_LIBRARY_PATH} /usr/bin/cmake /SLAM/ros_ws/src/image_pipeline/image_proc -DCMAKE_BUILD_TYPE=Release -DAMENT_CMAKE_SYMLINK_INSTALL=1 -DCMAKE_INSTALL_PREFIX=/SLAM/ros_ws/install/image_proc
[1.471s] Invoking command in '/SLAM/ros_ws/build/image_proc': AMENT_PREFIX_PATH=/SLAM/ros_ws/install/tracetools_image_pipeline:${AMENT_PREFIX_PATH} CMAKE_PREFIX_PATH=/SLAM/ros_ws/install/tracetools_image_pipeline:/opt/ros/humble LD_LIBRARY_PATH=/SLAM/ros_ws/install/tracetools_image_pipeline/lib:${LD_LIBRARY_PATH} /usr/bin/cmake --build /SLAM/ros_ws/build/image_proc -- -j16 -l16
[1.523s] [35m[1mConsolidate compiler generated dependencies of target image_proc[0m
[1.544s] [ 13%] Built target image_proc
[1.559s] [35m[1mConsolidate compiler generated dependencies of target rectify[0m
[1.584s] [ 26%] Built target rectify
[1.596s] [35m[1mConsolidate compiler generated dependencies of target debayer[0m
[1.625s] [ 46%] Built target debayer
[1.636s] [35m[1mConsolidate compiler generated dependencies of target resize[0m
[1.663s] [ 60%] Built target resize
[1.675s] [35m[1mConsolidate compiler generated dependencies of target crop_decimate[0m
[1.722s] [ 73%] Built target crop_decimate
[1.722s] [35m[1mConsolidate compiler generated dependencies of target crop_non_zero[0m
[1.745s] [ 86%] Built target crop_non_zero
[1.757s] [35m[1mConsolidate compiler generated dependencies of target image_proc_exe[0m
[1.780s] [100%] Built target image_proc_exe
[1.795s] Invoked command in '/SLAM/ros_ws/build/image_proc' returned '0': AMENT_PREFIX_PATH=/SLAM/ros_ws/install/tracetools_image_pipeline:${AMENT_PREFIX_PATH} CMAKE_PREFIX_PATH=/SLAM/ros_ws/install/tracetools_image_pipeline:/opt/ros/humble LD_LIBRARY_PATH=/SLAM/ros_ws/install/tracetools_image_pipeline/lib:${LD_LIBRARY_PATH} /usr/bin/cmake --build /SLAM/ros_ws/build/image_proc -- -j16 -l16
[1.841s] Invoking command in '/SLAM/ros_ws/build/image_proc': AMENT_PREFIX_PATH=/SLAM/ros_ws/install/tracetools_image_pipeline:${AMENT_PREFIX_PATH} CMAKE_PREFIX_PATH=/SLAM/ros_ws/install/tracetools_image_pipeline:/opt/ros/humble LD_LIBRARY_PATH=/SLAM/ros_ws/install/tracetools_image_pipeline/lib:${LD_LIBRARY_PATH} /usr/bin/cmake --install /SLAM/ros_ws/build/image_proc
[1.848s] -- Install configuration: "Release"
[1.849s] -- Execute custom install script
[1.849s] -- Up-to-date symlink: /SLAM/ros_ws/install/image_proc/bin/image_proc
[1.849s] -- Up-to-date symlink: /SLAM/ros_ws/install/image_proc/include/image_proc/crop_decimate.hpp
[1.849s] -- Up-to-date symlink: /SLAM/ros_ws/install/image_proc/include/image_proc/crop_non_zero.hpp
[1.849s] -- Up-to-date symlink: /SLAM/ros_ws/install/image_proc/include/image_proc/debayer.hpp
[1.849s] -- Up-to-date symlink: /SLAM/ros_ws/install/image_proc/include/image_proc/edge_aware.hpp
[1.849s] -- Up-to-date symlink: /SLAM/ros_ws/install/image_proc/include/image_proc/processor.hpp
[1.849s] -- Up-to-date symlink: /SLAM/ros_ws/install/image_proc/include/image_proc/rectify.hpp
[1.850s] -- Up-to-date symlink: /SLAM/ros_ws/install/image_proc/include/image_proc/resize.hpp
[1.850s] -- Up-to-date symlink: /SLAM/ros_ws/install/image_proc/include/image_proc/utils.hpp
[1.850s] -- Up-to-date symlink: /SLAM/ros_ws/install/image_proc/share/image_proc/environment/library_path.sh
[1.850s] -- Up-to-date symlink: /SLAM/ros_ws/install/image_proc/share/image_proc/environment/library_path.dsv
[1.851s] -- Up-to-date symlink: /SLAM/ros_ws/install/image_proc/lib/libimage_proc.so
[1.851s] -- Up-to-date symlink: /SLAM/ros_ws/install/image_proc/lib/librectify.so
[1.851s] -- Up-to-date symlink: /SLAM/ros_ws/install/image_proc/lib/libdebayer.so
[1.852s] -- Up-to-date symlink: /SLAM/ros_ws/install/image_proc/lib/libresize.so
[1.852s] -- Up-to-date symlink: /SLAM/ros_ws/install/image_proc/lib/libcrop_decimate.so
[1.852s] -- Up-to-date symlink: /SLAM/ros_ws/install/image_proc/lib/libcrop_non_zero.so
[1.853s] -- Up-to-date symlink: /SLAM/ros_ws/install/image_proc/lib/image_proc/image_proc
[1.853s] -- Up-to-date symlink: /SLAM/ros_ws/install/image_proc/share/image_proc/launch/image_proc.launch.py
[1.853s] -- Up-to-date symlink: /SLAM/ros_ws/install/image_proc/share/ament_index/resource_index/package_run_dependencies/image_proc
[1.853s] -- Up-to-date symlink: /SLAM/ros_ws/install/image_proc/share/ament_index/resource_index/parent_prefix_path/image_proc
[1.854s] -- Up-to-date symlink: /SLAM/ros_ws/install/image_proc/share/image_proc/environment/ament_prefix_path.sh
[1.854s] -- Up-to-date symlink: /SLAM/ros_ws/install/image_proc/share/image_proc/environment/ament_prefix_path.dsv
[1.854s] -- Up-to-date symlink: /SLAM/ros_ws/install/image_proc/share/image_proc/environment/path.sh
[1.854s] -- Up-to-date symlink: /SLAM/ros_ws/install/image_proc/share/image_proc/environment/path.dsv
[1.855s] -- Up-to-date symlink: /SLAM/ros_ws/install/image_proc/share/image_proc/local_setup.bash
[1.855s] -- Up-to-date symlink: /SLAM/ros_ws/install/image_proc/share/image_proc/local_setup.sh
[1.855s] -- Up-to-date symlink: /SLAM/ros_ws/install/image_proc/share/image_proc/local_setup.zsh
[1.855s] -- Up-to-date symlink: /SLAM/ros_ws/install/image_proc/share/image_proc/local_setup.dsv
[1.855s] -- Symlinking: /SLAM/ros_ws/install/image_proc/share/image_proc/package.dsv
[1.863s] -- Up-to-date symlink: /SLAM/ros_ws/install/image_proc/share/ament_index/resource_index/packages/image_proc
[1.863s] -- Up-to-date symlink: /SLAM/ros_ws/install/image_proc/share/ament_index/resource_index/rclcpp_components/image_proc
[1.863s] -- Up-to-date symlink: /SLAM/ros_ws/install/image_proc/share/image_proc/cmake/ament_cmake_export_dependencies-extras.cmake
[1.864s] -- Up-to-date symlink: /SLAM/ros_ws/install/image_proc/share/image_proc/cmake/ament_cmake_export_include_directories-extras.cmake
[1.864s] -- Up-to-date symlink: /SLAM/ros_ws/install/image_proc/share/image_proc/cmake/ament_cmake_export_libraries-extras.cmake
[1.864s] -- Up-to-date symlink: /SLAM/ros_ws/install/image_proc/share/image_proc/cmake/image_procConfig.cmake
[1.864s] -- Up-to-date symlink: /SLAM/ros_ws/install/image_proc/share/image_proc/cmake/image_procConfig-version.cmake
[1.864s] -- Up-to-date symlink: /SLAM/ros_ws/install/image_proc/share/image_proc/package.xml
[1.907s] Invoked command in '/SLAM/ros_ws/build/image_proc' returned '0': AMENT_PREFIX_PATH=/SLAM/ros_ws/install/tracetools_image_pipeline:${AMENT_PREFIX_PATH} CMAKE_PREFIX_PATH=/SLAM/ros_ws/install/tracetools_image_pipeline:/opt/ros/humble LD_LIBRARY_PATH=/SLAM/ros_ws/install/tracetools_image_pipeline/lib:${LD_LIBRARY_PATH} /usr/bin/cmake --install /SLAM/ros_ws/build/image_proc
