[0.440s] Invoking command in '/SLAM/ros_ws/build/image_view': CMAKE_PREFIX_PATH=/opt/ros/humble /usr/bin/cmake --build /SLAM/ros_ws/build/image_view
[0.728s] [ 36%] Built target image_view_nodes
[0.728s] [ 47%] Built target disparity_view
[0.728s] [ 73%] Built target extract_images
[0.728s] [ 78%] Built target stereo_view
[0.728s] [ 78%] Built target image_view
[0.728s] [ 94%] Built target image_saver
[0.728s] [100%] Built target video_recorder
[0.732s] Invoked command in '/SLAM/ros_ws/build/image_view' returned '0': CMAKE_PREFIX_PATH=/opt/ros/humble /usr/bin/cmake --build /SLAM/ros_ws/build/image_view
[0.788s] Invoking command in '/SLAM/ros_ws/build/image_view': CMAKE_PREFIX_PATH=/opt/ros/humble /usr/bin/cmake --install /SLAM/ros_ws/build/image_view
[0.804s] -- Install configuration: "Release"
[0.805s] -- Execute custom install script
[0.805s] -- Up-to-date symlink: /SLAM/ros_ws/install/image_view/include/image_view/disparity_view_node.hpp
[0.805s] -- Up-to-date symlink: /SLAM/ros_ws/install/image_view/include/image_view/extract_images_node.hpp
[0.805s] -- Up-to-date symlink: /SLAM/ros_ws/install/image_view/include/image_view/image_saver_node.hpp
[0.806s] -- Up-to-date symlink: /SLAM/ros_ws/install/image_view/include/image_view/image_view_node.hpp
[0.806s] -- Up-to-date symlink: /SLAM/ros_ws/install/image_view/include/image_view/stereo_view_node.hpp
[0.806s] -- Up-to-date symlink: /SLAM/ros_ws/install/image_view/include/image_view/video_recorder_node.hpp
[0.806s] -- Up-to-date symlink: /SLAM/ros_ws/install/image_view/share/image_view/environment/library_path.sh
[0.807s] -- Up-to-date symlink: /SLAM/ros_ws/install/image_view/share/image_view/environment/library_path.dsv
[0.807s] -- Up-to-date symlink: /SLAM/ros_ws/install/image_view/lib/libimage_view_nodes.so
[0.807s] -- Up-to-date symlink: /SLAM/ros_ws/install/image_view/lib/image_view/disparity_view
[0.808s] -- Up-to-date symlink: /SLAM/ros_ws/install/image_view/lib/image_view/image_view
[0.808s] -- Up-to-date symlink: /SLAM/ros_ws/install/image_view/lib/image_view/stereo_view
[0.808s] -- Up-to-date symlink: /SLAM/ros_ws/install/image_view/lib/image_view/extract_images
[0.808s] -- Up-to-date symlink: /SLAM/ros_ws/install/image_view/lib/image_view/image_saver
[0.809s] -- Up-to-date symlink: /SLAM/ros_ws/install/image_view/lib/image_view/video_recorder
[0.809s] -- Up-to-date symlink: /SLAM/ros_ws/install/image_view/share/ament_index/resource_index/package_run_dependencies/image_view
[0.809s] -- Up-to-date symlink: /SLAM/ros_ws/install/image_view/share/ament_index/resource_index/parent_prefix_path/image_view
[0.809s] -- Up-to-date symlink: /SLAM/ros_ws/install/image_view/share/image_view/environment/ament_prefix_path.sh
[0.810s] -- Up-to-date symlink: /SLAM/ros_ws/install/image_view/share/image_view/environment/ament_prefix_path.dsv
[0.810s] -- Up-to-date symlink: /SLAM/ros_ws/install/image_view/share/image_view/environment/path.sh
[0.810s] -- Up-to-date symlink: /SLAM/ros_ws/install/image_view/share/image_view/environment/path.dsv
[0.810s] -- Up-to-date symlink: /SLAM/ros_ws/install/image_view/share/image_view/local_setup.bash
[0.810s] -- Up-to-date symlink: /SLAM/ros_ws/install/image_view/share/image_view/local_setup.sh
[0.811s] -- Up-to-date symlink: /SLAM/ros_ws/install/image_view/share/image_view/local_setup.zsh
[0.811s] -- Up-to-date symlink: /SLAM/ros_ws/install/image_view/share/image_view/local_setup.dsv
[0.811s] -- Symlinking: /SLAM/ros_ws/install/image_view/share/image_view/package.dsv
[0.817s] -- Up-to-date symlink: /SLAM/ros_ws/install/image_view/share/ament_index/resource_index/packages/image_view
[0.818s] -- Up-to-date symlink: /SLAM/ros_ws/install/image_view/share/ament_index/resource_index/rclcpp_components/image_view
[0.818s] -- Up-to-date symlink: /SLAM/ros_ws/install/image_view/share/image_view/cmake/ament_cmake_export_dependencies-extras.cmake
[0.818s] -- Up-to-date symlink: /SLAM/ros_ws/install/image_view/share/image_view/cmake/ament_cmake_export_include_directories-extras.cmake
[0.819s] -- Up-to-date symlink: /SLAM/ros_ws/install/image_view/share/image_view/cmake/ament_cmake_export_libraries-extras.cmake
[0.819s] -- Up-to-date symlink: /SLAM/ros_ws/install/image_view/share/image_view/cmake/image_viewConfig.cmake
[0.819s] -- Up-to-date symlink: /SLAM/ros_ws/install/image_view/share/image_view/cmake/image_viewConfig-version.cmake
[0.819s] -- Up-to-date symlink: /SLAM/ros_ws/install/image_view/share/image_view/package.xml
[1.082s] Invoked command in '/SLAM/ros_ws/build/image_view' returned '0': CMAKE_PREFIX_PATH=/opt/ros/humble /usr/bin/cmake --install /SLAM/ros_ws/build/image_view
