[0.195s] Invoking command in '/home/khanh/Documents/microros_ws/build/micro_ros_utilities': CMAKE_PREFIX_PATH=${CMAKE_PREFIX_PATH}:/opt/ros/humble /usr/bin/cmake /home/khanh/Documents/microros_ws/src/uros/micro_ros_utilities -DBUILD_TESTING=OFF -DBUILD_SHARED_LIBS=ON -DCMAKE_INSTALL_PREFIX=/home/khanh/Documents/microros_ws/install/micro_ros_utilities
[0.246s] -- The C compiler identification is GNU 11.4.0
[0.302s] -- The CXX compiler identification is GNU 11.4.0
[0.312s] -- Detecting C compiler ABI info
[0.396s] -- Detecting C compiler ABI info - done
[0.405s] -- Check for working C compiler: /usr/bin/cc - skipped
[0.405s] -- Detecting C compile features
[0.406s] -- Detecting C compile features - done
[0.409s] -- Detecting CXX compiler ABI info
[0.507s] -- Detecting CXX compiler ABI info - done
[0.515s] -- Check for working CXX compiler: /usr/bin/c++ - skipped
[0.516s] -- Detecting CXX compile features
[0.516s] -- Detecting CXX compile features - done
[0.517s] -- Found ament_cmake: 1.3.6 (/opt/ros/humble/share/ament_cmake/cmake)
[0.731s] -- Found Python3: /usr/bin/python3.10 (found version "3.10.12") found components: Interpreter 
[0.843s] -- Found rosidl_typesupport_introspection_c: 3.1.5 (/opt/ros/humble/share/rosidl_typesupport_introspection_c/cmake)
[0.851s] -- Found rosidl_adapter: 3.1.5 (/opt/ros/humble/share/rosidl_adapter/cmake)
[0.946s] -- Configuring done
[0.953s] -- Generating done
[0.955s] -- Build files have been written to: /home/khanh/Documents/microros_ws/build/micro_ros_utilities
[0.965s] Invoked command in '/home/khanh/Documents/microros_ws/build/micro_ros_utilities' returned '0': CMAKE_PREFIX_PATH=${CMAKE_PREFIX_PATH}:/opt/ros/humble /usr/bin/cmake /home/khanh/Documents/microros_ws/src/uros/micro_ros_utilities -DBUILD_TESTING=OFF -DBUILD_SHARED_LIBS=ON -DCMAKE_INSTALL_PREFIX=/home/khanh/Documents/microros_ws/install/micro_ros_utilities
[0.966s] Invoking command in '/home/khanh/Documents/microros_ws/build/micro_ros_utilities': CMAKE_PREFIX_PATH=${CMAKE_PREFIX_PATH}:/opt/ros/humble /usr/bin/cmake --build /home/khanh/Documents/microros_ws/build/micro_ros_utilities -- -j16 -l16
[1.050s] [ 33%] [32mBuilding C object CMakeFiles/micro_ros_utilities.dir/src/string_utilities.c.o[0m
[1.064s] [ 66%] [32mBuilding C object CMakeFiles/micro_ros_utilities.dir/src/type_utilities.c.o[0m
[1.184s] [100%] [32m[1mLinking C shared library libmicro_ros_utilities.so[0m
[1.344s] [100%] Built target micro_ros_utilities
[1.369s] Invoked command in '/home/khanh/Documents/microros_ws/build/micro_ros_utilities' returned '0': CMAKE_PREFIX_PATH=${CMAKE_PREFIX_PATH}:/opt/ros/humble /usr/bin/cmake --build /home/khanh/Documents/microros_ws/build/micro_ros_utilities -- -j16 -l16
[1.526s] Invoking command in '/home/khanh/Documents/microros_ws/build/micro_ros_utilities': CMAKE_PREFIX_PATH=${CMAKE_PREFIX_PATH}:/opt/ros/humble /usr/bin/cmake --install /home/khanh/Documents/microros_ws/build/micro_ros_utilities
[1.538s] -- Install configuration: ""
[1.538s] -- Installing: /home/khanh/Documents/microros_ws/install/micro_ros_utilities/include
[1.538s] -- Installing: /home/khanh/Documents/microros_ws/install/micro_ros_utilities/include/micro_ros_utilities
[1.539s] -- Installing: /home/khanh/Documents/microros_ws/install/micro_ros_utilities/include/micro_ros_utilities/visibility_control.h
[1.539s] -- Installing: /home/khanh/Documents/microros_ws/install/micro_ros_utilities/include/micro_ros_utilities/type_utilities.h
[1.539s] -- Installing: /home/khanh/Documents/microros_ws/install/micro_ros_utilities/include/micro_ros_utilities/string_utilities.h
[1.539s] -- Installing: /home/khanh/Documents/microros_ws/install/micro_ros_utilities/lib/libmicro_ros_utilities.so
[1.539s] -- Set runtime path of "/home/khanh/Documents/microros_ws/install/micro_ros_utilities/lib/libmicro_ros_utilities.so" to ""
[1.540s] -- Installing: /home/khanh/Documents/microros_ws/install/micro_ros_utilities/share/micro_ros_utilities/environment/library_path.sh
[1.540s] -- Installing: /home/khanh/Documents/microros_ws/install/micro_ros_utilities/share/micro_ros_utilities/environment/library_path.dsv
[1.540s] -- Installing: /home/khanh/Documents/microros_ws/install/micro_ros_utilities/share/ament_index/resource_index/package_run_dependencies/micro_ros_utilities
[1.540s] -- Installing: /home/khanh/Documents/microros_ws/install/micro_ros_utilities/share/ament_index/resource_index/parent_prefix_path/micro_ros_utilities
[1.541s] -- Installing: /home/khanh/Documents/microros_ws/install/micro_ros_utilities/share/micro_ros_utilities/environment/ament_prefix_path.sh
[1.541s] -- Installing: /home/khanh/Documents/microros_ws/install/micro_ros_utilities/share/micro_ros_utilities/environment/ament_prefix_path.dsv
[1.541s] -- Installing: /home/khanh/Documents/microros_ws/install/micro_ros_utilities/share/micro_ros_utilities/environment/path.sh
[1.541s] -- Installing: /home/khanh/Documents/microros_ws/install/micro_ros_utilities/share/micro_ros_utilities/environment/path.dsv
[1.541s] -- Installing: /home/khanh/Documents/microros_ws/install/micro_ros_utilities/share/micro_ros_utilities/local_setup.bash
[1.541s] -- Installing: /home/khanh/Documents/microros_ws/install/micro_ros_utilities/share/micro_ros_utilities/local_setup.sh
[1.542s] -- Installing: /home/khanh/Documents/microros_ws/install/micro_ros_utilities/share/micro_ros_utilities/local_setup.zsh
[1.542s] -- Installing: /home/khanh/Documents/microros_ws/install/micro_ros_utilities/share/micro_ros_utilities/local_setup.dsv
[1.542s] -- Installing: /home/khanh/Documents/microros_ws/install/micro_ros_utilities/share/micro_ros_utilities/package.dsv
[1.542s] -- Installing: /home/khanh/Documents/microros_ws/install/micro_ros_utilities/share/ament_index/resource_index/packages/micro_ros_utilities
[1.542s] -- Installing: /home/khanh/Documents/microros_ws/install/micro_ros_utilities/share/micro_ros_utilities/cmake/ament_cmake_export_include_directories-extras.cmake
[1.543s] -- Installing: /home/khanh/Documents/microros_ws/install/micro_ros_utilities/share/micro_ros_utilities/cmake/ament_cmake_export_libraries-extras.cmake
[1.543s] -- Installing: /home/khanh/Documents/microros_ws/install/micro_ros_utilities/share/micro_ros_utilities/cmake/ament_cmake_export_dependencies-extras.cmake
[1.543s] -- Installing: /home/khanh/Documents/microros_ws/install/micro_ros_utilities/share/micro_ros_utilities/cmake/micro_ros_utilitiesConfig.cmake
[1.543s] -- Installing: /home/khanh/Documents/microros_ws/install/micro_ros_utilities/share/micro_ros_utilities/cmake/micro_ros_utilitiesConfig-version.cmake
[1.543s] -- Installing: /home/khanh/Documents/microros_ws/install/micro_ros_utilities/share/micro_ros_utilities/package.xml
[1.547s] Invoked command in '/home/khanh/Documents/microros_ws/build/micro_ros_utilities' returned '0': CMAKE_PREFIX_PATH=${CMAKE_PREFIX_PATH}:/opt/ros/humble /usr/bin/cmake --install /home/khanh/Documents/microros_ws/build/micro_ros_utilities
