[5.071s] Invoking command in '/SLAM/ros_ws/build/examples_rclpy_minimal_client': PYTHONPATH=/SLAM/ros_ws/build/examples_rclpy_minimal_client/prefix_override:/SLAM/ros_ws/install/examples_rclpy_minimal_client/lib/python3.10/site-packages:${PYTHONPATH} /usr/bin/python3 setup.py develop --editable --build-directory /SLAM/ros_ws/build/examples_rclpy_minimal_client/build --no-deps install_data
[5.489s] /usr/lib/python3/dist-packages/setuptools/dist.py:723: UserWarning: Usage of dash-separated 'script-dir' will not be supported in future versions. Please use the underscore name 'script_dir' instead
[5.489s]   warnings.warn(
[5.551s] running develop
[5.552s] /usr/lib/python3/dist-packages/setuptools/command/easy_install.py:158: EasyInstallDeprecationWarning: easy_install command is deprecated. Use build and pip and other standards-based tools.
[5.552s]   warnings.warn(
[5.555s] /usr/lib/python3/dist-packages/setuptools/command/install.py:34: SetuptoolsDeprecationWarning: setup.py install is deprecated. Use build and pip and other standards-based tools.
[5.555s]   warnings.warn(
[5.836s] running egg_info
[5.836s] creating examples_rclpy_minimal_client.egg-info
[5.836s] writing examples_rclpy_minimal_client.egg-info/PKG-INFO
[5.836s] writing dependency_links to examples_rclpy_minimal_client.egg-info/dependency_links.txt
[5.836s] writing entry points to examples_rclpy_minimal_client.egg-info/entry_points.txt
[5.836s] writing requirements to examples_rclpy_minimal_client.egg-info/requires.txt
[5.837s] writing top-level names to examples_rclpy_minimal_client.egg-info/top_level.txt
[5.837s] writing manifest file 'examples_rclpy_minimal_client.egg-info/SOURCES.txt'
[5.837s] reading manifest file 'examples_rclpy_minimal_client.egg-info/SOURCES.txt'
[5.837s] writing manifest file 'examples_rclpy_minimal_client.egg-info/SOURCES.txt'
[5.837s] running build_ext
[5.837s] Creating /SLAM/ros_ws/install/examples_rclpy_minimal_client/lib/python3.10/site-packages/examples-rclpy-minimal-client.egg-link (link to .)
[5.838s] Installing client script to /SLAM/ros_ws/install/examples_rclpy_minimal_client/lib/examples_rclpy_minimal_client
[5.838s] Installing client_async script to /SLAM/ros_ws/install/examples_rclpy_minimal_client/lib/examples_rclpy_minimal_client
[5.841s] Installing client_async_callback script to /SLAM/ros_ws/install/examples_rclpy_minimal_client/lib/examples_rclpy_minimal_client
[5.841s] Installing client_async_member_function script to /SLAM/ros_ws/install/examples_rclpy_minimal_client/lib/examples_rclpy_minimal_client
[5.841s] 
[5.841s] Installed /SLAM/ros_ws/build/examples_rclpy_minimal_client
[5.841s] running install_data
[5.841s] creating /SLAM/ros_ws/install/examples_rclpy_minimal_client/share/ament_index
[5.841s] creating /SLAM/ros_ws/install/examples_rclpy_minimal_client/share/ament_index/resource_index
[5.842s] creating /SLAM/ros_ws/install/examples_rclpy_minimal_client/share/ament_index/resource_index/packages
[5.842s] copying resource/examples_rclpy_minimal_client -> /SLAM/ros_ws/install/examples_rclpy_minimal_client/share/ament_index/resource_index/packages
[5.842s] copying package.xml -> /SLAM/ros_ws/install/examples_rclpy_minimal_client/share/examples_rclpy_minimal_client
[6.165s] Invoked command in '/SLAM/ros_ws/build/examples_rclpy_minimal_client' returned '0': PYTHONPATH=/SLAM/ros_ws/build/examples_rclpy_minimal_client/prefix_override:/SLAM/ros_ws/install/examples_rclpy_minimal_client/lib/python3.10/site-packages:${PYTHONPATH} /usr/bin/python3 setup.py develop --editable --build-directory /SLAM/ros_ws/build/examples_rclpy_minimal_client/build --no-deps install_data
