[43.870s] Invoking command in '/SLAM/ros_ws/build/astra_camera': AMENT_PREFIX_PATH=/SLAM/ros_ws/install/image_publisher:/SLAM/ros_ws/install/astra_camera_msgs:${AMENT_PREFIX_PATH} CMAKE_PREFIX_PATH=/SLAM/ros_ws/install/image_publisher:/SLAM/ros_ws/install/astra_camera_msgs:/opt/ros/humble LD_LIBRARY_PATH=/SLAM/ros_ws/install/image_publisher/lib:/SLAM/ros_ws/install/astra_camera_msgs/lib:${LD_LIBRARY_PATH} PYTHONPATH=/SLAM/ros_ws/install/astra_camera_msgs/local/lib/python3.10/dist-packages:${PYTHONPATH} /usr/bin/cmake /SLAM/ros_ws/src/ros2_astra_camera/astra_camera -DCMAKE_INSTALL_PREFIX=/SLAM/ros_ws/install/astra_camera
[44.342s] -- The C compiler identification is GNU 11.4.0
[44.791s] -- The CXX compiler identification is GNU 11.4.0
[44.847s] -- Detecting C compiler ABI info
[91.337s] -- Detecting C compiler ABI info - done
[91.346s] -- Check for working C compiler: /usr/bin/cc - skipped
[91.353s] -- Detecting C compile features
[91.355s] -- Detecting C compile features - done
[91.382s] -- Detecting CXX compiler ABI info
[92.793s] -- Detecting CXX compiler ABI info - done
[92.828s] -- Check for working CXX compiler: /usr/bin/c++ - skipped
[92.836s] -- Detecting CXX compile features
[92.848s] -- Detecting CXX compile features - done
[92.898s] -- Found ament_cmake: 1.3.6 (/opt/ros/humble/share/ament_cmake/cmake)
[93.371s] -- Found Python3: /usr/bin/python3.10 (found version "3.10.12") found components: Interpreter 
[93.658s] -- Found ament_index_cpp: 1.4.0 (/opt/ros/humble/share/ament_index_cpp/cmake)
[93.663s] -- Found astra_camera_msgs: 1.0.1 (/SLAM/ros_ws/install/astra_camera_msgs/share/astra_camera_msgs/cmake)
[93.834s] -- Found rosidl_generator_c: 3.1.5 (/opt/ros/humble/share/rosidl_generator_c/cmake)
[93.856s] -- Found rosidl_adapter: 3.1.5 (/opt/ros/humble/share/rosidl_adapter/cmake)
[93.885s] -- Found rosidl_generator_cpp: 3.1.5 (/opt/ros/humble/share/rosidl_generator_cpp/cmake)
[93.969s] -- Using all available rosidl_typesupport_c: rosidl_typesupport_fastrtps_c;rosidl_typesupport_introspection_c
[94.071s] -- Using all available rosidl_typesupport_cpp: rosidl_typesupport_fastrtps_cpp;rosidl_typesupport_introspection_cpp
[95.495s] -- Found camera_info_manager: 3.1.7 (/opt/ros/humble/share/camera_info_manager/cmake)
[95.832s] -- Found rmw_implementation_cmake: 6.1.1 (/opt/ros/humble/share/rmw_implementation_cmake/cmake)
[95.852s] -- Found rmw_fastrtps_cpp: 6.2.5 (/opt/ros/humble/share/rmw_fastrtps_cpp/cmake)
[96.595s] -- Found OpenSSL: /usr/lib/x86_64-linux-gnu/libcrypto.so (found version "3.0.2")  
[96.712s] -- Found FastRTPS: /opt/ros/humble/include  
[96.944s] -- Using RMW implementation 'rmw_fastrtps_cpp' as default
[97.006s] -- Looking for pthread.h
[97.564s] -- Looking for pthread.h - found
[97.564s] -- Performing Test CMAKE_HAVE_LIBC_PTHREAD
[98.045s] -- Performing Test CMAKE_HAVE_LIBC_PTHREAD - Success
[98.045s] -- Found Threads: TRUE  
[98.779s] -- Found class_loader: 2.2.0 (/opt/ros/humble/share/class_loader/cmake)
[98.845s] -- Found cv_bridge: 3.2.1 (/opt/ros/humble/share/cv_bridge/cmake)
[98.928s] -- Found message_filters: 4.3.3 (/opt/ros/humble/share/message_filters/cmake)
[99.016s] -- Found image_geometry: 3.2.1 (/opt/ros/humble/share/image_geometry/cmake)
[99.040s] -- Found image_publisher: 3.0.0 (/SLAM/ros_ws/install/image_publisher/share/image_publisher/cmake)
[99.557s] -- Found OpenCV: /usr (found version "4.5.4") 
[99.579s] -- Found std_srvs: 4.2.3 (/opt/ros/humble/share/std_srvs/cmake)
[99.656s] -- Found tf2: 0.25.5 (/opt/ros/humble/share/tf2/cmake)
[99.705s] -- Found tf2_eigen: 0.25.5 (/opt/ros/humble/share/tf2_eigen/cmake)
[100.552s] -- Found tf2_sensor_msgs: 0.25.5 (/opt/ros/humble/share/tf2_sensor_msgs/cmake)
[100.657s] -- Found PkgConfig: /usr/bin/pkg-config (found version "0.29.2") 
[100.658s] -- Checking for one of the modules 'libuvc'
[101.114s] -- Checking for one of the modules 'libglog'
[101.669s] -- ORRBEC Machine : x86_64
[101.669s] 
[101.669s] -- ORRBEC Machine Bits : 64
[101.669s] 
[101.669s] -- ORRBEC : x64
[102.284s] -- Found ament_lint_auto: 0.12.9 (/opt/ros/humble/share/ament_lint_auto/cmake)
[102.467s] -- Configuring done
[102.710s] -- Generating done
[102.715s] -- Build files have been written to: /SLAM/ros_ws/build/astra_camera
[102.752s] Invoked command in '/SLAM/ros_ws/build/astra_camera' returned '0': AMENT_PREFIX_PATH=/SLAM/ros_ws/install/image_publisher:/SLAM/ros_ws/install/astra_camera_msgs:${AMENT_PREFIX_PATH} CMAKE_PREFIX_PATH=/SLAM/ros_ws/install/image_publisher:/SLAM/ros_ws/install/astra_camera_msgs:/opt/ros/humble LD_LIBRARY_PATH=/SLAM/ros_ws/install/image_publisher/lib:/SLAM/ros_ws/install/astra_camera_msgs/lib:${LD_LIBRARY_PATH} PYTHONPATH=/SLAM/ros_ws/install/astra_camera_msgs/local/lib/python3.10/dist-packages:${PYTHONPATH} /usr/bin/cmake /SLAM/ros_ws/src/ros2_astra_camera/astra_camera -DCMAKE_INSTALL_PREFIX=/SLAM/ros_ws/install/astra_camera
[102.753s] Invoking command in '/SLAM/ros_ws/build/astra_camera': AMENT_PREFIX_PATH=/SLAM/ros_ws/install/image_publisher:/SLAM/ros_ws/install/astra_camera_msgs:${AMENT_PREFIX_PATH} CMAKE_PREFIX_PATH=/SLAM/ros_ws/install/image_publisher:/SLAM/ros_ws/install/astra_camera_msgs:/opt/ros/humble LD_LIBRARY_PATH=/SLAM/ros_ws/install/image_publisher/lib:/SLAM/ros_ws/install/astra_camera_msgs/lib:${LD_LIBRARY_PATH} PYTHONPATH=/SLAM/ros_ws/install/astra_camera_msgs/local/lib/python3.10/dist-packages:${PYTHONPATH} /usr/bin/cmake --build /SLAM/ros_ws/build/astra_camera -- -j16 -l16
[102.875s] [  5%] [32mBuilding CXX object CMakeFiles/astra_camera.dir/src/point_cloud_proc/point_cloud_xyz.cpp.o[0m
[117.920s] [ 10%] [32mBuilding CXX object CMakeFiles/astra_camera.dir/src/uvc_camera_driver.cpp.o[0m
[134.676s] [ 15%] [32mBuilding CXX object CMakeFiles/astra_camera.dir/src/utils.cpp.o[0m
[139.010s] [ 21%] [32mBuilding CXX object CMakeFiles/astra_camera.dir/src/ros_service.cpp.o[0m
[145.740s] gmake[2]: *** [CMakeFiles/astra_camera.dir/build.make:202: CMakeFiles/astra_camera.dir/src/ros_service.cpp.o] Interrupt
[145.741s] gmake[1]: *** [CMakeFiles/Makefile2:143: CMakeFiles/astra_camera.dir/all] Interrupt
[145.741s] gmake: *** [Makefile:146: all] Interrupt
