[0.554s] Invoking command in '/SLAM/ros_ws/build/image_publisher': CMAKE_PREFIX_PATH=${CMAKE_PREFIX_PATH}:/SLAM/ros_ws/install/camera_calibration:/opt/ros/humble /usr/bin/cmake /SLAM/ros_ws/src/image_pipeline/image_publisher -DCMAKE_BUILD_TYPE=Release -DCMAKE_INSTALL_PREFIX=/SLAM/ros_ws/install/image_publisher
[0.821s] -- Found ament_cmake_auto: 1.3.6 (/opt/ros/humble/share/ament_cmake_auto/cmake)
[0.822s] -- Found rosidl_generator_c: 3.1.5 (/opt/ros/humble/share/rosidl_generator_c/cmake)
[0.822s] -- Found rosidl_adapter: 3.1.5 (/opt/ros/humble/share/rosidl_adapter/cmake)
[0.822s] -- Found rosidl_generator_cpp: 3.1.5 (/opt/ros/humble/share/rosidl_generator_cpp/cmake)
[0.823s] -- Using all available rosidl_typesupport_c: rosidl_typesupport_fastrtps_c;rosidl_typesupport_introspection_c
[0.823s] -- Using all available rosidl_typesupport_cpp: rosidl_typesupport_fastrtps_cpp;rosidl_typesupport_introspection_cpp
[0.897s] -- Found rmw_implementation_cmake: 6.1.1 (/opt/ros/humble/share/rmw_implementation_cmake/cmake)
[0.899s] -- Found rmw_fastrtps_cpp: 6.2.5 (/opt/ros/humble/share/rmw_fastrtps_cpp/cmake)
[1.138s] -- Using RMW implementation 'rmw_fastrtps_cpp' as default
[1.934s] -- opencv version 4.5.4
[1.960s] -- Found ament_lint_auto: 0.12.9 (/opt/ros/humble/share/ament_lint_auto/cmake)
[2.004s] -- Added test 'copyright' to check source files copyright and LICENSE
[2.005s] -- Added test 'cppcheck' to perform static code analysis on C / C++ code
[2.005s] -- Configured cppcheck include dirs: /SLAM/ros_ws/src/image_pipeline/image_publisher/include
[2.006s] -- Configured cppcheck exclude dirs and/or files: 
[2.006s] -- Added test 'cpplint' to check C / C++ code against the Google style
[2.006s] -- Configured cpplint exclude dirs and/or files: 
[2.006s] -- Added test 'flake8' to check Python code syntax and style conventions
[2.007s] -- Added test 'lint_cmake' to check CMake code style
[2.007s] -- Added test 'pep257' to check Python code against some of the docstring style conventions in PEP 257
[2.007s] -- Added test 'uncrustify' to check C / C++ code style
[2.007s] -- Configured uncrustify additional arguments: 
[2.008s] -- Added test 'xmllint' to check XML markup files
[2.023s] -- Configuring done
[2.102s] -- Generating done
[2.105s] -- Build files have been written to: /SLAM/ros_ws/build/image_publisher
[2.145s] Invoked command in '/SLAM/ros_ws/build/image_publisher' returned '0': CMAKE_PREFIX_PATH=${CMAKE_PREFIX_PATH}:/SLAM/ros_ws/install/camera_calibration:/opt/ros/humble /usr/bin/cmake /SLAM/ros_ws/src/image_pipeline/image_publisher -DCMAKE_BUILD_TYPE=Release -DCMAKE_INSTALL_PREFIX=/SLAM/ros_ws/install/image_publisher
[2.146s] Invoking command in '/SLAM/ros_ws/build/image_publisher': CMAKE_PREFIX_PATH=${CMAKE_PREFIX_PATH}:/SLAM/ros_ws/install/camera_calibration:/opt/ros/humble /usr/bin/cmake --build /SLAM/ros_ws/build/image_publisher -- -j16 -l16
[2.274s] [35m[1mConsolidate compiler generated dependencies of target image_publisher[0m
[2.319s] [ 25%] [32mBuilding CXX object CMakeFiles/image_publisher.dir/src/image_publisher.cpp.o[0m
