[0.417s] Invoking command in '/SLAM/ros_ws/build/image_publisher': CMAKE_PREFIX_PATH=/opt/ros/humble /usr/bin/cmake --build /SLAM/ros_ws/build/image_publisher -- -j16 -l16
[0.712s] [ 25%] [32mBuilding CXX object CMakeFiles/image_publisher.dir/src/image_publisher.cpp.o[0m
[14.795s] [ 50%] [32m[1mLinking CXX shared library libimage_publisher.so[0m
[15.302s] [ 50%] Built target image_publisher
[15.326s] [35m[1mConsolidate compiler generated dependencies of target image_publisher_node[0m
[15.394s] [ 75%] [32mBuilding CXX object CMakeFiles/image_publisher_node.dir/src/image_publisher_node.cpp.o[0m
[21.188s] [100%] [32m[1mLinking CXX executable image_publisher_node[0m
[22.139s] [100%] Built target image_publisher_node
[22.165s] Invoked command in '/SLAM/ros_ws/build/image_publisher' returned '0': CMAKE_PREFIX_PATH=/opt/ros/humble /usr/bin/cmake --build /SLAM/ros_ws/build/image_publisher -- -j16 -l16
[22.211s] Invoking command in '/SLAM/ros_ws/build/image_publisher': CMAKE_PREFIX_PATH=/opt/ros/humble /usr/bin/cmake --install /SLAM/ros_ws/build/image_publisher
[22.221s] -- Install configuration: "Release"
[22.221s] -- Up-to-date: /SLAM/ros_ws/install/image_publisher/include
[22.221s] -- Up-to-date: /SLAM/ros_ws/install/image_publisher/include/image_publisher
[22.221s] -- Up-to-date: /SLAM/ros_ws/install/image_publisher/include/image_publisher/image_publisher.hpp
[22.222s] -- Up-to-date: /SLAM/ros_ws/install/image_publisher/include/image_publisher/visibility.h
[22.222s] -- Up-to-date: /SLAM/ros_ws/install/image_publisher/share/image_publisher/environment/library_path.sh
[22.222s] -- Installing: /SLAM/ros_ws/install/image_publisher/share/image_publisher/environment/library_path.dsv
[22.222s] -- Installing: /SLAM/ros_ws/install/image_publisher/lib/libimage_publisher.so
[22.223s] -- Set runtime path of "/SLAM/ros_ws/install/image_publisher/lib/libimage_publisher.so" to ""
[22.224s] -- Installing: /SLAM/ros_ws/install/image_publisher/lib/image_publisher/image_publisher_node
[22.225s] -- Set runtime path of "/SLAM/ros_ws/install/image_publisher/lib/image_publisher/image_publisher_node" to ""
[22.225s] -- Up-to-date: /SLAM/ros_ws/install/image_publisher/share/image_publisher/launch
[22.225s] -- Up-to-date: /SLAM/ros_ws/install/image_publisher/share/image_publisher/launch/splash.png
[22.225s] -- Up-to-date: /SLAM/ros_ws/install/image_publisher/share/image_publisher/launch/image_publisher_file.launch.py
[22.226s] -- Up-to-date: /SLAM/ros_ws/install/image_publisher/share/image_publisher/launch/image_publisher_mono.launch.py
[22.226s] -- Up-to-date: /SLAM/ros_ws/install/image_publisher/share/image_publisher/launch/image_publisher_stereo.launch.py
[22.226s] -- Up-to-date: /SLAM/ros_ws/install/image_publisher/share/ament_index/resource_index/package_run_dependencies/image_publisher
[22.227s] -- Installing: /SLAM/ros_ws/install/image_publisher/share/ament_index/resource_index/parent_prefix_path/image_publisher
[22.227s] -- Up-to-date: /SLAM/ros_ws/install/image_publisher/share/image_publisher/environment/ament_prefix_path.sh
[22.228s] -- Installing: /SLAM/ros_ws/install/image_publisher/share/image_publisher/environment/ament_prefix_path.dsv
[22.229s] -- Up-to-date: /SLAM/ros_ws/install/image_publisher/share/image_publisher/environment/path.sh
[22.230s] -- Installing: /SLAM/ros_ws/install/image_publisher/share/image_publisher/environment/path.dsv
[22.230s] -- Up-to-date: /SLAM/ros_ws/install/image_publisher/share/image_publisher/local_setup.bash
[22.230s] -- Up-to-date: /SLAM/ros_ws/install/image_publisher/share/image_publisher/local_setup.sh
[22.230s] -- Up-to-date: /SLAM/ros_ws/install/image_publisher/share/image_publisher/local_setup.zsh
[22.230s] -- Installing: /SLAM/ros_ws/install/image_publisher/share/image_publisher/local_setup.dsv
[22.231s] -- Installing: /SLAM/ros_ws/install/image_publisher/share/image_publisher/package.dsv
[22.231s] -- Up-to-date: /SLAM/ros_ws/install/image_publisher/share/ament_index/resource_index/packages/image_publisher
[22.231s] -- Up-to-date: /SLAM/ros_ws/install/image_publisher/share/ament_index/resource_index/rclcpp_components/image_publisher
[22.231s] -- Up-to-date: /SLAM/ros_ws/install/image_publisher/share/image_publisher/cmake/ament_cmake_export_dependencies-extras.cmake
[22.231s] -- Up-to-date: /SLAM/ros_ws/install/image_publisher/share/image_publisher/cmake/ament_cmake_export_include_directories-extras.cmake
[22.231s] -- Up-to-date: /SLAM/ros_ws/install/image_publisher/share/image_publisher/cmake/ament_cmake_export_libraries-extras.cmake
[22.232s] -- Up-to-date: /SLAM/ros_ws/install/image_publisher/share/image_publisher/cmake/image_publisherConfig.cmake
[22.232s] -- Up-to-date: /SLAM/ros_ws/install/image_publisher/share/image_publisher/cmake/image_publisherConfig-version.cmake
[22.232s] -- Up-to-date: /SLAM/ros_ws/install/image_publisher/share/image_publisher/package.xml
[22.239s] Invoked command in '/SLAM/ros_ws/build/image_publisher' returned '0': CMAKE_PREFIX_PATH=/opt/ros/humble /usr/bin/cmake --install /SLAM/ros_ws/build/image_publisher
