[0.710s] DEBUG:colcon:Command line arguments: ['/usr/bin/colcon', 'build', '--packages-up-to', 'micro_ros_agent', '--cmake-args', '-DUAGENT_BUILD_EXECUTABLE=OFF', '-DUAGENT_P2P_PROFILE=OFF', '--no-warn-unused-cli']
[0.710s] DEBUG:colcon:Parsed command line arguments: Namespace(log_base=None, log_level=None, verb_name='build', build_base='build', install_base='install', merge_install=False, symlink_install=False, test_result_base=None, continue_on_error=False, executor='parallel', parallel_workers=16, event_handlers=None, ignore_user_meta=False, metas=['./colcon.meta'], base_paths=['.'], packages_ignore=None, packages_ignore_regex=None, paths=None, packages_up_to=['micro_ros_agent'], packages_up_to_regex=None, packages_above=None, packages_above_and_dependencies=None, packages_above_depth=None, packages_select_by_dep=None, packages_skip_by_dep=None, packages_skip_up_to=None, packages_select_build_failed=False, packages_skip_build_finished=False, packages_select_test_failures=False, packages_skip_test_passed=False, packages_select=None, packages_skip=None, packages_select_regex=None, packages_skip_regex=None, packages_start=None, packages_end=None, allow_overriding=[], cmake_args=['-DUAGENT_BUILD_EXECUTABLE=OFF', '-DUAGENT_P2P_PROFILE=OFF', '--no-warn-unused-cli'], cmake_target=None, cmake_target_skip_unavailable=False, cmake_clean_cache=False, cmake_clean_first=False, cmake_force_configure=False, ament_cmake_args=None, catkin_cmake_args=None, catkin_skip_building_tests=False, verb_parser=<colcon_defaults.argument_parser.defaults.DefaultArgumentsDecorator object at 0x7f1675a7e3b0>, verb_extension=<colcon_core.verb.build.BuildVerb object at 0x7f1675a7f4f0>, main=<bound method BuildVerb.main of <colcon_core.verb.build.BuildVerb object at 0x7f1675a7f4f0>>)
[0.751s] Level 1:colcon.colcon_core.package_discovery:discover_packages(colcon_meta) check parameters
[0.751s] Level 1:colcon.colcon_core.package_discovery:discover_packages(recursive) check parameters
[0.751s] Level 1:colcon.colcon_core.package_discovery:discover_packages(ignore) check parameters
[0.751s] Level 1:colcon.colcon_core.package_discovery:discover_packages(path) check parameters
[0.751s] Level 1:colcon.colcon_core.package_discovery:discover_packages(colcon_meta) discover
[0.751s] Level 1:colcon.colcon_core.package_discovery:discover_packages(recursive) discover
[0.751s] INFO:colcon.colcon_core.package_discovery:Crawling recursively for packages in '/home/khanh/Documents/microros_ws'
[0.751s] Level 1:colcon.colcon_core.package_identification:_identify(.) by extensions ['ignore', 'ignore_ament_install']
[0.752s] Level 1:colcon.colcon_core.package_identification:_identify(.) by extension 'ignore'
[0.752s] Level 1:colcon.colcon_core.package_identification:_identify(.) by extension 'ignore_ament_install'
[0.752s] Level 1:colcon.colcon_core.package_identification:_identify(.) by extensions ['colcon_pkg']
[0.752s] Level 1:colcon.colcon_core.package_identification:_identify(.) by extension 'colcon_pkg'
[0.752s] Level 1:colcon.colcon_core.package_identification:_identify(.) by extensions ['colcon_meta']
[0.752s] Level 1:colcon.colcon_core.package_identification:_identify(.) by extension 'colcon_meta'
[0.752s] Level 1:colcon.colcon_core.package_identification:_identify(.) by extensions ['ros']
[0.752s] Level 1:colcon.colcon_core.package_identification:_identify(.) by extension 'ros'
[0.760s] Level 1:colcon.colcon_core.package_identification:_identify(.) by extensions ['cmake', 'python']
[0.760s] Level 1:colcon.colcon_core.package_identification:_identify(.) by extension 'cmake'
[0.760s] Level 1:colcon.colcon_core.package_identification:_identify(.) by extension 'python'
[0.760s] Level 1:colcon.colcon_core.package_identification:_identify(.) by extensions ['python_setup_py']
[0.760s] Level 1:colcon.colcon_core.package_identification:_identify(.) by extension 'python_setup_py'
[0.760s] Level 1:colcon.colcon_core.package_identification:_identify(build) by extensions ['ignore', 'ignore_ament_install']
[0.760s] Level 1:colcon.colcon_core.package_identification:_identify(build) by extension 'ignore'
[0.760s] Level 1:colcon.colcon_core.package_identification:_identify(build) ignored
[0.760s] Level 1:colcon.colcon_core.package_identification:_identify(install) by extensions ['ignore', 'ignore_ament_install']
[0.760s] Level 1:colcon.colcon_core.package_identification:_identify(install) by extension 'ignore'
[0.760s] Level 1:colcon.colcon_core.package_identification:_identify(install) ignored
[0.760s] Level 1:colcon.colcon_core.package_identification:_identify(log) by extensions ['ignore', 'ignore_ament_install']
[0.760s] Level 1:colcon.colcon_core.package_identification:_identify(log) by extension 'ignore'
[0.760s] Level 1:colcon.colcon_core.package_identification:_identify(log) ignored
[0.760s] Level 1:colcon.colcon_core.package_identification:_identify(src) by extensions ['ignore', 'ignore_ament_install']
[0.760s] Level 1:colcon.colcon_core.package_identification:_identify(src) by extension 'ignore'
[0.761s] Level 1:colcon.colcon_core.package_identification:_identify(src) by extension 'ignore_ament_install'
[0.761s] Level 1:colcon.colcon_core.package_identification:_identify(src) by extensions ['colcon_pkg']
[0.761s] Level 1:colcon.colcon_core.package_identification:_identify(src) by extension 'colcon_pkg'
[0.761s] Level 1:colcon.colcon_core.package_identification:_identify(src) by extensions ['colcon_meta']
[0.761s] Level 1:colcon.colcon_core.package_identification:_identify(src) by extension 'colcon_meta'
[0.761s] Level 1:colcon.colcon_core.package_identification:_identify(src) by extensions ['ros']
[0.761s] Level 1:colcon.colcon_core.package_identification:_identify(src) by extension 'ros'
[0.761s] Level 1:colcon.colcon_core.package_identification:_identify(src) by extensions ['cmake', 'python']
[0.761s] Level 1:colcon.colcon_core.package_identification:_identify(src) by extension 'cmake'
[0.761s] Level 1:colcon.colcon_core.package_identification:_identify(src) by extension 'python'
[0.761s] Level 1:colcon.colcon_core.package_identification:_identify(src) by extensions ['python_setup_py']
[0.761s] Level 1:colcon.colcon_core.package_identification:_identify(src) by extension 'python_setup_py'
[0.761s] Level 1:colcon.colcon_core.package_identification:_identify(src/micro_ros_setup) by extensions ['ignore', 'ignore_ament_install']
[0.761s] Level 1:colcon.colcon_core.package_identification:_identify(src/micro_ros_setup) by extension 'ignore'
[0.761s] Level 1:colcon.colcon_core.package_identification:_identify(src/micro_ros_setup) by extension 'ignore_ament_install'
[0.761s] Level 1:colcon.colcon_core.package_identification:_identify(src/micro_ros_setup) by extensions ['colcon_pkg']
[0.761s] Level 1:colcon.colcon_core.package_identification:_identify(src/micro_ros_setup) by extension 'colcon_pkg'
[0.761s] Level 1:colcon.colcon_core.package_identification:_identify(src/micro_ros_setup) by extensions ['colcon_meta']
[0.761s] Level 1:colcon.colcon_core.package_identification:_identify(src/micro_ros_setup) by extension 'colcon_meta'
[0.761s] Level 1:colcon.colcon_core.package_identification:_identify(src/micro_ros_setup) by extensions ['ros']
[0.761s] Level 1:colcon.colcon_core.package_identification:_identify(src/micro_ros_setup) by extension 'ros'
[0.763s] DEBUG:colcon.colcon_core.package_identification:Package 'src/micro_ros_setup' with type 'ros.ament_cmake' and name 'micro_ros_setup'
[0.763s] Level 1:colcon.colcon_core.package_identification:_identify(src/uros) by extensions ['ignore', 'ignore_ament_install']
[0.763s] Level 1:colcon.colcon_core.package_identification:_identify(src/uros) by extension 'ignore'
[0.763s] Level 1:colcon.colcon_core.package_identification:_identify(src/uros) by extension 'ignore_ament_install'
[0.763s] Level 1:colcon.colcon_core.package_identification:_identify(src/uros) by extensions ['colcon_pkg']
[0.763s] Level 1:colcon.colcon_core.package_identification:_identify(src/uros) by extension 'colcon_pkg'
[0.763s] Level 1:colcon.colcon_core.package_identification:_identify(src/uros) by extensions ['colcon_meta']
[0.764s] Level 1:colcon.colcon_core.package_identification:_identify(src/uros) by extension 'colcon_meta'
[0.764s] Level 1:colcon.colcon_core.package_identification:_identify(src/uros) by extensions ['ros']
[0.764s] Level 1:colcon.colcon_core.package_identification:_identify(src/uros) by extension 'ros'
[0.764s] Level 1:colcon.colcon_core.package_identification:_identify(src/uros) by extensions ['cmake', 'python']
[0.764s] Level 1:colcon.colcon_core.package_identification:_identify(src/uros) by extension 'cmake'
[0.764s] Level 1:colcon.colcon_core.package_identification:_identify(src/uros) by extension 'python'
[0.764s] Level 1:colcon.colcon_core.package_identification:_identify(src/uros) by extensions ['python_setup_py']
[0.764s] Level 1:colcon.colcon_core.package_identification:_identify(src/uros) by extension 'python_setup_py'
[0.764s] Level 1:colcon.colcon_core.package_identification:_identify(src/uros/micro-ROS-Agent) by extensions ['ignore', 'ignore_ament_install']
[0.764s] Level 1:colcon.colcon_core.package_identification:_identify(src/uros/micro-ROS-Agent) by extension 'ignore'
[0.764s] Level 1:colcon.colcon_core.package_identification:_identify(src/uros/micro-ROS-Agent) by extension 'ignore_ament_install'
[0.764s] Level 1:colcon.colcon_core.package_identification:_identify(src/uros/micro-ROS-Agent) by extensions ['colcon_pkg']
[0.764s] Level 1:colcon.colcon_core.package_identification:_identify(src/uros/micro-ROS-Agent) by extension 'colcon_pkg'
[0.764s] Level 1:colcon.colcon_core.package_identification:_identify(src/uros/micro-ROS-Agent) by extensions ['colcon_meta']
[0.764s] Level 1:colcon.colcon_core.package_identification:_identify(src/uros/micro-ROS-Agent) by extension 'colcon_meta'
[0.764s] Level 1:colcon.colcon_core.package_identification:_identify(src/uros/micro-ROS-Agent) by extensions ['ros']
[0.764s] Level 1:colcon.colcon_core.package_identification:_identify(src/uros/micro-ROS-Agent) by extension 'ros'
[0.764s] Level 1:colcon.colcon_core.package_identification:_identify(src/uros/micro-ROS-Agent) by extensions ['cmake', 'python']
[0.764s] Level 1:colcon.colcon_core.package_identification:_identify(src/uros/micro-ROS-Agent) by extension 'cmake'
[0.764s] Level 1:colcon.colcon_core.package_identification:_identify(src/uros/micro-ROS-Agent) by extension 'python'
[0.764s] Level 1:colcon.colcon_core.package_identification:_identify(src/uros/micro-ROS-Agent) by extensions ['python_setup_py']
[0.764s] Level 1:colcon.colcon_core.package_identification:_identify(src/uros/micro-ROS-Agent) by extension 'python_setup_py'
[0.765s] Level 1:colcon.colcon_core.package_identification:_identify(src/uros/micro-ROS-Agent/micro_ros_agent) by extensions ['ignore', 'ignore_ament_install']
[0.765s] Level 1:colcon.colcon_core.package_identification:_identify(src/uros/micro-ROS-Agent/micro_ros_agent) by extension 'ignore'
[0.765s] Level 1:colcon.colcon_core.package_identification:_identify(src/uros/micro-ROS-Agent/micro_ros_agent) by extension 'ignore_ament_install'
[0.765s] Level 1:colcon.colcon_core.package_identification:_identify(src/uros/micro-ROS-Agent/micro_ros_agent) by extensions ['colcon_pkg']
[0.765s] Level 1:colcon.colcon_core.package_identification:_identify(src/uros/micro-ROS-Agent/micro_ros_agent) by extension 'colcon_pkg'
[0.765s] Level 1:colcon.colcon_core.package_identification:_identify(src/uros/micro-ROS-Agent/micro_ros_agent) by extensions ['colcon_meta']
[0.765s] Level 1:colcon.colcon_core.package_identification:_identify(src/uros/micro-ROS-Agent/micro_ros_agent) by extension 'colcon_meta'
[0.765s] Level 1:colcon.colcon_core.package_identification:_identify(src/uros/micro-ROS-Agent/micro_ros_agent) by extensions ['ros']
[0.765s] Level 1:colcon.colcon_core.package_identification:_identify(src/uros/micro-ROS-Agent/micro_ros_agent) by extension 'ros'
[0.766s] DEBUG:colcon.colcon_core.package_identification:Package 'src/uros/micro-ROS-Agent/micro_ros_agent' with type 'ros.ament_cmake' and name 'micro_ros_agent'
[0.766s] Level 1:colcon.colcon_core.package_identification:_identify(src/uros/micro-ROS-Agent/snap) by extensions ['ignore', 'ignore_ament_install']
[0.766s] Level 1:colcon.colcon_core.package_identification:_identify(src/uros/micro-ROS-Agent/snap) by extension 'ignore'
[0.766s] Level 1:colcon.colcon_core.package_identification:_identify(src/uros/micro-ROS-Agent/snap) by extension 'ignore_ament_install'
[0.766s] Level 1:colcon.colcon_core.package_identification:_identify(src/uros/micro-ROS-Agent/snap) by extensions ['colcon_pkg']
[0.766s] Level 1:colcon.colcon_core.package_identification:_identify(src/uros/micro-ROS-Agent/snap) by extension 'colcon_pkg'
[0.766s] Level 1:colcon.colcon_core.package_identification:_identify(src/uros/micro-ROS-Agent/snap) by extensions ['colcon_meta']
[0.766s] Level 1:colcon.colcon_core.package_identification:_identify(src/uros/micro-ROS-Agent/snap) by extension 'colcon_meta'
[0.766s] Level 1:colcon.colcon_core.package_identification:_identify(src/uros/micro-ROS-Agent/snap) by extensions ['ros']
[0.766s] Level 1:colcon.colcon_core.package_identification:_identify(src/uros/micro-ROS-Agent/snap) by extension 'ros'
[0.766s] Level 1:colcon.colcon_core.package_identification:_identify(src/uros/micro-ROS-Agent/snap) by extensions ['cmake', 'python']
[0.766s] Level 1:colcon.colcon_core.package_identification:_identify(src/uros/micro-ROS-Agent/snap) by extension 'cmake'
[0.766s] Level 1:colcon.colcon_core.package_identification:_identify(src/uros/micro-ROS-Agent/snap) by extension 'python'
[0.766s] Level 1:colcon.colcon_core.package_identification:_identify(src/uros/micro-ROS-Agent/snap) by extensions ['python_setup_py']
[0.766s] Level 1:colcon.colcon_core.package_identification:_identify(src/uros/micro-ROS-Agent/snap) by extension 'python_setup_py'
[0.766s] Level 1:colcon.colcon_core.package_identification:_identify(src/uros/micro-ROS-Agent/snap/hooks) by extensions ['ignore', 'ignore_ament_install']
[0.766s] Level 1:colcon.colcon_core.package_identification:_identify(src/uros/micro-ROS-Agent/snap/hooks) by extension 'ignore'
[0.766s] Level 1:colcon.colcon_core.package_identification:_identify(src/uros/micro-ROS-Agent/snap/hooks) by extension 'ignore_ament_install'
[0.767s] Level 1:colcon.colcon_core.package_identification:_identify(src/uros/micro-ROS-Agent/snap/hooks) by extensions ['colcon_pkg']
[0.767s] Level 1:colcon.colcon_core.package_identification:_identify(src/uros/micro-ROS-Agent/snap/hooks) by extension 'colcon_pkg'
[0.767s] Level 1:colcon.colcon_core.package_identification:_identify(src/uros/micro-ROS-Agent/snap/hooks) by extensions ['colcon_meta']
[0.767s] Level 1:colcon.colcon_core.package_identification:_identify(src/uros/micro-ROS-Agent/snap/hooks) by extension 'colcon_meta'
[0.767s] Level 1:colcon.colcon_core.package_identification:_identify(src/uros/micro-ROS-Agent/snap/hooks) by extensions ['ros']
[0.767s] Level 1:colcon.colcon_core.package_identification:_identify(src/uros/micro-ROS-Agent/snap/hooks) by extension 'ros'
[0.767s] Level 1:colcon.colcon_core.package_identification:_identify(src/uros/micro-ROS-Agent/snap/hooks) by extensions ['cmake', 'python']
[0.767s] Level 1:colcon.colcon_core.package_identification:_identify(src/uros/micro-ROS-Agent/snap/hooks) by extension 'cmake'
[0.767s] Level 1:colcon.colcon_core.package_identification:_identify(src/uros/micro-ROS-Agent/snap/hooks) by extension 'python'
[0.767s] Level 1:colcon.colcon_core.package_identification:_identify(src/uros/micro-ROS-Agent/snap/hooks) by extensions ['python_setup_py']
[0.767s] Level 1:colcon.colcon_core.package_identification:_identify(src/uros/micro-ROS-Agent/snap/hooks) by extension 'python_setup_py'
[0.767s] Level 1:colcon.colcon_core.package_identification:_identify(src/uros/micro-ROS-Agent/snap/local) by extensions ['ignore', 'ignore_ament_install']
[0.767s] Level 1:colcon.colcon_core.package_identification:_identify(src/uros/micro-ROS-Agent/snap/local) by extension 'ignore'
[0.767s] Level 1:colcon.colcon_core.package_identification:_identify(src/uros/micro-ROS-Agent/snap/local) by extension 'ignore_ament_install'
[0.767s] Level 1:colcon.colcon_core.package_identification:_identify(src/uros/micro-ROS-Agent/snap/local) by extensions ['colcon_pkg']
[0.767s] Level 1:colcon.colcon_core.package_identification:_identify(src/uros/micro-ROS-Agent/snap/local) by extension 'colcon_pkg'
[0.767s] Level 1:colcon.colcon_core.package_identification:_identify(src/uros/micro-ROS-Agent/snap/local) by extensions ['colcon_meta']
[0.767s] Level 1:colcon.colcon_core.package_identification:_identify(src/uros/micro-ROS-Agent/snap/local) by extension 'colcon_meta'
[0.767s] Level 1:colcon.colcon_core.package_identification:_identify(src/uros/micro-ROS-Agent/snap/local) by extensions ['ros']
[0.767s] Level 1:colcon.colcon_core.package_identification:_identify(src/uros/micro-ROS-Agent/snap/local) by extension 'ros'
[0.767s] Level 1:colcon.colcon_core.package_identification:_identify(src/uros/micro-ROS-Agent/snap/local) by extensions ['cmake', 'python']
[0.767s] Level 1:colcon.colcon_core.package_identification:_identify(src/uros/micro-ROS-Agent/snap/local) by extension 'cmake'
[0.768s] Level 1:colcon.colcon_core.package_identification:_identify(src/uros/micro-ROS-Agent/snap/local) by extension 'python'
[0.768s] Level 1:colcon.colcon_core.package_identification:_identify(src/uros/micro-ROS-Agent/snap/local) by extensions ['python_setup_py']
[0.768s] Level 1:colcon.colcon_core.package_identification:_identify(src/uros/micro-ROS-Agent/snap/local) by extension 'python_setup_py'
[0.768s] Level 1:colcon.colcon_core.package_identification:_identify(src/uros/micro_ros_msgs) by extensions ['ignore', 'ignore_ament_install']
[0.768s] Level 1:colcon.colcon_core.package_identification:_identify(src/uros/micro_ros_msgs) by extension 'ignore'
[0.768s] Level 1:colcon.colcon_core.package_identification:_identify(src/uros/micro_ros_msgs) by extension 'ignore_ament_install'
[0.768s] Level 1:colcon.colcon_core.package_identification:_identify(src/uros/micro_ros_msgs) by extensions ['colcon_pkg']
[0.768s] Level 1:colcon.colcon_core.package_identification:_identify(src/uros/micro_ros_msgs) by extension 'colcon_pkg'
[0.768s] Level 1:colcon.colcon_core.package_identification:_identify(src/uros/micro_ros_msgs) by extensions ['colcon_meta']
[0.768s] Level 1:colcon.colcon_core.package_identification:_identify(src/uros/micro_ros_msgs) by extension 'colcon_meta'
[0.768s] Level 1:colcon.colcon_core.package_identification:_identify(src/uros/micro_ros_msgs) by extensions ['ros']
[0.768s] Level 1:colcon.colcon_core.package_identification:_identify(src/uros/micro_ros_msgs) by extension 'ros'
[0.768s] DEBUG:colcon.colcon_core.package_identification:Package 'src/uros/micro_ros_msgs' with type 'ros.ament_cmake' and name 'micro_ros_msgs'
[0.768s] Level 1:colcon.colcon_core.package_discovery:discover_packages(recursive) using defaults
[0.768s] Level 1:colcon.colcon_core.package_discovery:discover_packages(ignore) discover
[0.768s] Level 1:colcon.colcon_core.package_discovery:discover_packages(ignore) using defaults
[0.768s] Level 1:colcon.colcon_core.package_discovery:discover_packages(path) discover
[0.768s] Level 1:colcon.colcon_core.package_discovery:discover_packages(path) using defaults
[0.815s] INFO:colcon.colcon_core.package_selection:Skipping package 'micro_ros_setup' in 'src/micro_ros_setup'
[0.836s] Level 1:colcon.colcon_core.package_discovery:discover_packages(prefix_path) check parameters
[0.836s] Level 1:colcon.colcon_core.package_discovery:discover_packages(prefix_path) discover
[0.858s] DEBUG:colcon.colcon_installed_package_information.package_discovery:Found 1 installed packages in /home/khanh/Documents/microros_ws/install
[0.868s] DEBUG:colcon.colcon_installed_package_information.package_discovery:Found 270 installed packages in /opt/ros/humble
[0.869s] Level 1:colcon.colcon_core.package_discovery:discover_packages(prefix_path) using defaults
[0.934s] Level 5:colcon.colcon_core.verb:set package 'micro_ros_msgs' build argument 'cmake_args' from command line to '['-DUAGENT_BUILD_EXECUTABLE=OFF', '-DUAGENT_P2P_PROFILE=OFF', '--no-warn-unused-cli']'
[0.935s] Level 5:colcon.colcon_core.verb:set package 'micro_ros_msgs' build argument 'cmake_target' from command line to 'None'
[0.935s] Level 5:colcon.colcon_core.verb:set package 'micro_ros_msgs' build argument 'cmake_target_skip_unavailable' from command line to 'False'
[0.935s] Level 5:colcon.colcon_core.verb:set package 'micro_ros_msgs' build argument 'cmake_clean_cache' from command line to 'False'
[0.935s] Level 5:colcon.colcon_core.verb:set package 'micro_ros_msgs' build argument 'cmake_clean_first' from command line to 'False'
[0.935s] Level 5:colcon.colcon_core.verb:set package 'micro_ros_msgs' build argument 'cmake_force_configure' from command line to 'False'
[0.935s] Level 5:colcon.colcon_core.verb:set package 'micro_ros_msgs' build argument 'ament_cmake_args' from command line to 'None'
[0.935s] Level 5:colcon.colcon_core.verb:set package 'micro_ros_msgs' build argument 'catkin_cmake_args' from command line to 'None'
[0.935s] Level 5:colcon.colcon_core.verb:set package 'micro_ros_msgs' build argument 'catkin_skip_building_tests' from command line to 'False'
[0.935s] DEBUG:colcon.colcon_core.verb:Building package 'micro_ros_msgs' with the following arguments: {'ament_cmake_args': None, 'build_base': '/home/khanh/Documents/microros_ws/build/micro_ros_msgs', 'catkin_cmake_args': None, 'catkin_skip_building_tests': False, 'cmake_args': ['-DUAGENT_BUILD_EXECUTABLE=OFF', '-DUAGENT_P2P_PROFILE=OFF', '--no-warn-unused-cli'], 'cmake_clean_cache': False, 'cmake_clean_first': False, 'cmake_force_configure': False, 'cmake_target': None, 'cmake_target_skip_unavailable': False, 'install_base': '/home/khanh/Documents/microros_ws/install/micro_ros_msgs', 'merge_install': False, 'path': '/home/khanh/Documents/microros_ws/src/uros/micro_ros_msgs', 'symlink_install': False, 'test_result_base': None}
[0.945s] Level 5:colcon.colcon_core.verb:set package 'micro_ros_agent' build argument 'cmake_args' from command line to '['-DUAGENT_BUILD_EXECUTABLE=OFF', '-DUAGENT_P2P_PROFILE=OFF', '--no-warn-unused-cli']'
[0.945s] Level 5:colcon.colcon_core.verb:set package 'micro_ros_agent' build argument 'cmake_target' from command line to 'None'
[0.945s] Level 5:colcon.colcon_core.verb:set package 'micro_ros_agent' build argument 'cmake_target_skip_unavailable' from command line to 'False'
[0.945s] Level 5:colcon.colcon_core.verb:set package 'micro_ros_agent' build argument 'cmake_clean_cache' from command line to 'False'
[0.945s] Level 5:colcon.colcon_core.verb:set package 'micro_ros_agent' build argument 'cmake_clean_first' from command line to 'False'
[0.945s] Level 5:colcon.colcon_core.verb:set package 'micro_ros_agent' build argument 'cmake_force_configure' from command line to 'False'
[0.945s] Level 5:colcon.colcon_core.verb:set package 'micro_ros_agent' build argument 'ament_cmake_args' from command line to 'None'
[0.945s] Level 5:colcon.colcon_core.verb:set package 'micro_ros_agent' build argument 'catkin_cmake_args' from command line to 'None'
[0.945s] Level 5:colcon.colcon_core.verb:set package 'micro_ros_agent' build argument 'catkin_skip_building_tests' from command line to 'False'
[0.945s] DEBUG:colcon.colcon_core.verb:Building package 'micro_ros_agent' with the following arguments: {'ament_cmake_args': None, 'build_base': '/home/khanh/Documents/microros_ws/build/micro_ros_agent', 'catkin_cmake_args': None, 'catkin_skip_building_tests': False, 'cmake_args': ['-DUAGENT_BUILD_EXECUTABLE=OFF', '-DUAGENT_P2P_PROFILE=OFF', '--no-warn-unused-cli'], 'cmake_clean_cache': False, 'cmake_clean_first': False, 'cmake_force_configure': False, 'cmake_target': None, 'cmake_target_skip_unavailable': False, 'install_base': '/home/khanh/Documents/microros_ws/install/micro_ros_agent', 'merge_install': False, 'path': '/home/khanh/Documents/microros_ws/src/uros/micro-ROS-Agent/micro_ros_agent', 'symlink_install': False, 'test_result_base': None}
[0.955s] INFO:colcon.colcon_core.executor:Executing jobs using 'parallel' executor
[0.966s] DEBUG:colcon.colcon_parallel_executor.executor.parallel:run_until_complete
[0.966s] INFO:colcon.colcon_ros.task.ament_cmake.build:Building ROS package in '/home/khanh/Documents/microros_ws/src/uros/micro_ros_msgs' with build type 'ament_cmake'
[0.966s] INFO:colcon.colcon_cmake.task.cmake.build:Building CMake package in '/home/khanh/Documents/microros_ws/src/uros/micro_ros_msgs'
[0.977s] INFO:colcon.colcon_core.plugin_system:Skipping extension 'colcon_core.shell.bat': Not used on non-Windows systems
[0.977s] INFO:colcon.colcon_core.shell:Skip shell extension 'powershell' for command environment: Not usable outside of PowerShell
[0.978s] DEBUG:colcon.colcon_core.shell:Skip shell extension 'dsv' for command environment
[1.014s] DEBUG:colcon.colcon_core.event_handler.log_command:Invoking command in '/home/khanh/Documents/microros_ws/build/micro_ros_msgs': CMAKE_PREFIX_PATH=${CMAKE_PREFIX_PATH}:/opt/ros/humble /usr/bin/cmake /home/khanh/Documents/microros_ws/src/uros/micro_ros_msgs -DUAGENT_BUILD_EXECUTABLE=OFF -DUAGENT_P2P_PROFILE=OFF --no-warn-unused-cli -DCMAKE_INSTALL_PREFIX=/home/khanh/Documents/microros_ws/install/micro_ros_msgs
[2.176s] DEBUG:colcon.colcon_core.event_handler.log_command:Invoked command in '/home/khanh/Documents/microros_ws/build/micro_ros_msgs' returned '0': CMAKE_PREFIX_PATH=${CMAKE_PREFIX_PATH}:/opt/ros/humble /usr/bin/cmake /home/khanh/Documents/microros_ws/src/uros/micro_ros_msgs -DUAGENT_BUILD_EXECUTABLE=OFF -DUAGENT_P2P_PROFILE=OFF --no-warn-unused-cli -DCMAKE_INSTALL_PREFIX=/home/khanh/Documents/microros_ws/install/micro_ros_msgs
[2.178s] DEBUG:colcon.colcon_core.event_handler.log_command:Invoking command in '/home/khanh/Documents/microros_ws/build/micro_ros_msgs': CMAKE_PREFIX_PATH=${CMAKE_PREFIX_PATH}:/opt/ros/humble /usr/bin/cmake --build /home/khanh/Documents/microros_ws/build/micro_ros_msgs -- -j16 -l16
[4.289s] DEBUG:colcon.colcon_core.event_handler.log_command:Invoked command in '/home/khanh/Documents/microros_ws/build/micro_ros_msgs' returned '0': CMAKE_PREFIX_PATH=${CMAKE_PREFIX_PATH}:/opt/ros/humble /usr/bin/cmake --build /home/khanh/Documents/microros_ws/build/micro_ros_msgs -- -j16 -l16
[4.394s] DEBUG:colcon.colcon_core.event_handler.log_command:Invoking command in '/home/khanh/Documents/microros_ws/build/micro_ros_msgs': CMAKE_PREFIX_PATH=${CMAKE_PREFIX_PATH}:/opt/ros/humble /usr/bin/cmake --install /home/khanh/Documents/microros_ws/build/micro_ros_msgs
[4.457s] Level 1:colcon.colcon_core.environment:create_environment_scripts_only(micro_ros_msgs)
[4.458s] DEBUG:colcon.colcon_core.event_handler.log_command:Invoked command in '/home/khanh/Documents/microros_ws/build/micro_ros_msgs' returned '0': CMAKE_PREFIX_PATH=${CMAKE_PREFIX_PATH}:/opt/ros/humble /usr/bin/cmake --install /home/khanh/Documents/microros_ws/build/micro_ros_msgs
[4.469s] Level 1:colcon.colcon_core.environment:checking '/home/khanh/Documents/microros_ws/install/micro_ros_msgs' for CMake module files
[4.470s] Level 1:colcon.colcon_core.environment:checking '/home/khanh/Documents/microros_ws/install/micro_ros_msgs' for CMake config files
[4.470s] Level 1:colcon.colcon_core.shell:create_environment_hook('micro_ros_msgs', 'cmake_prefix_path')
[4.480s] INFO:colcon.colcon_core.shell:Creating environment hook '/home/khanh/Documents/microros_ws/install/micro_ros_msgs/share/micro_ros_msgs/hook/cmake_prefix_path.ps1'
[4.481s] INFO:colcon.colcon_core.shell:Creating environment descriptor '/home/khanh/Documents/microros_ws/install/micro_ros_msgs/share/micro_ros_msgs/hook/cmake_prefix_path.dsv'
[4.481s] INFO:colcon.colcon_core.shell:Creating environment hook '/home/khanh/Documents/microros_ws/install/micro_ros_msgs/share/micro_ros_msgs/hook/cmake_prefix_path.sh'
[4.482s] Level 1:colcon.colcon_core.environment:checking '/home/khanh/Documents/microros_ws/install/micro_ros_msgs/lib'
[4.482s] Level 1:colcon.colcon_core.shell:create_environment_hook('micro_ros_msgs', 'ld_library_path_lib')
[4.494s] INFO:colcon.colcon_core.shell:Creating environment hook '/home/khanh/Documents/microros_ws/install/micro_ros_msgs/share/micro_ros_msgs/hook/ld_library_path_lib.ps1'
[4.494s] INFO:colcon.colcon_core.shell:Creating environment descriptor '/home/khanh/Documents/microros_ws/install/micro_ros_msgs/share/micro_ros_msgs/hook/ld_library_path_lib.dsv'
[4.494s] INFO:colcon.colcon_core.shell:Creating environment hook '/home/khanh/Documents/microros_ws/install/micro_ros_msgs/share/micro_ros_msgs/hook/ld_library_path_lib.sh'
[4.495s] Level 1:colcon.colcon_core.environment:checking '/home/khanh/Documents/microros_ws/install/micro_ros_msgs/bin'
[4.495s] Level 1:colcon.colcon_core.environment:checking '/home/khanh/Documents/microros_ws/install/micro_ros_msgs/lib/pkgconfig/micro_ros_msgs.pc'
[4.495s] Level 1:colcon.colcon_core.environment:checking '/home/khanh/Documents/microros_ws/install/micro_ros_msgs/lib/python3.10/site-packages'
[4.495s] Level 1:colcon.colcon_core.environment:checking '/home/khanh/Documents/microros_ws/install/micro_ros_msgs/bin'
[4.505s] INFO:colcon.colcon_core.shell:Creating package script '/home/khanh/Documents/microros_ws/install/micro_ros_msgs/share/micro_ros_msgs/package.ps1'
[4.506s] INFO:colcon.colcon_core.shell:Creating package descriptor '/home/khanh/Documents/microros_ws/install/micro_ros_msgs/share/micro_ros_msgs/package.dsv'
[4.506s] INFO:colcon.colcon_core.shell:Creating package script '/home/khanh/Documents/microros_ws/install/micro_ros_msgs/share/micro_ros_msgs/package.sh'
[4.507s] INFO:colcon.colcon_core.shell:Creating package script '/home/khanh/Documents/microros_ws/install/micro_ros_msgs/share/micro_ros_msgs/package.bash'
[4.507s] INFO:colcon.colcon_core.shell:Creating package script '/home/khanh/Documents/microros_ws/install/micro_ros_msgs/share/micro_ros_msgs/package.zsh'
[4.508s] Level 1:colcon.colcon_core.environment:create_file_with_runtime_dependencies(/home/khanh/Documents/microros_ws/install/micro_ros_msgs/share/colcon-core/packages/micro_ros_msgs)
[4.612s] Level 1:colcon.colcon_core.environment:create_environment_scripts_only(micro_ros_msgs)
[4.622s] Level 1:colcon.colcon_core.environment:checking '/home/khanh/Documents/microros_ws/install/micro_ros_msgs' for CMake module files
[4.623s] Level 1:colcon.colcon_core.environment:checking '/home/khanh/Documents/microros_ws/install/micro_ros_msgs' for CMake config files
[4.624s] Level 1:colcon.colcon_core.shell:create_environment_hook('micro_ros_msgs', 'cmake_prefix_path')
[4.634s] INFO:colcon.colcon_core.shell:Creating environment hook '/home/khanh/Documents/microros_ws/install/micro_ros_msgs/share/micro_ros_msgs/hook/cmake_prefix_path.ps1'
[4.634s] INFO:colcon.colcon_core.shell:Creating environment descriptor '/home/khanh/Documents/microros_ws/install/micro_ros_msgs/share/micro_ros_msgs/hook/cmake_prefix_path.dsv'
[4.634s] INFO:colcon.colcon_core.shell:Creating environment hook '/home/khanh/Documents/microros_ws/install/micro_ros_msgs/share/micro_ros_msgs/hook/cmake_prefix_path.sh'
[4.635s] Level 1:colcon.colcon_core.environment:checking '/home/khanh/Documents/microros_ws/install/micro_ros_msgs/lib'
[4.635s] Level 1:colcon.colcon_core.shell:create_environment_hook('micro_ros_msgs', 'ld_library_path_lib')
[4.645s] INFO:colcon.colcon_core.shell:Creating environment hook '/home/khanh/Documents/microros_ws/install/micro_ros_msgs/share/micro_ros_msgs/hook/ld_library_path_lib.ps1'
[4.645s] INFO:colcon.colcon_core.shell:Creating environment descriptor '/home/khanh/Documents/microros_ws/install/micro_ros_msgs/share/micro_ros_msgs/hook/ld_library_path_lib.dsv'
[4.646s] INFO:colcon.colcon_core.shell:Creating environment hook '/home/khanh/Documents/microros_ws/install/micro_ros_msgs/share/micro_ros_msgs/hook/ld_library_path_lib.sh'
[4.646s] Level 1:colcon.colcon_core.environment:checking '/home/khanh/Documents/microros_ws/install/micro_ros_msgs/bin'
[4.646s] Level 1:colcon.colcon_core.environment:checking '/home/khanh/Documents/microros_ws/install/micro_ros_msgs/lib/pkgconfig/micro_ros_msgs.pc'
[4.646s] Level 1:colcon.colcon_core.environment:checking '/home/khanh/Documents/microros_ws/install/micro_ros_msgs/lib/python3.10/site-packages'
[4.646s] Level 1:colcon.colcon_core.environment:checking '/home/khanh/Documents/microros_ws/install/micro_ros_msgs/bin'
[4.657s] INFO:colcon.colcon_core.shell:Creating package script '/home/khanh/Documents/microros_ws/install/micro_ros_msgs/share/micro_ros_msgs/package.ps1'
[4.657s] INFO:colcon.colcon_core.shell:Creating package descriptor '/home/khanh/Documents/microros_ws/install/micro_ros_msgs/share/micro_ros_msgs/package.dsv'
[4.657s] INFO:colcon.colcon_core.shell:Creating package script '/home/khanh/Documents/microros_ws/install/micro_ros_msgs/share/micro_ros_msgs/package.sh'
[4.658s] INFO:colcon.colcon_core.shell:Creating package script '/home/khanh/Documents/microros_ws/install/micro_ros_msgs/share/micro_ros_msgs/package.bash'
[4.658s] INFO:colcon.colcon_core.shell:Creating package script '/home/khanh/Documents/microros_ws/install/micro_ros_msgs/share/micro_ros_msgs/package.zsh'
[4.658s] Level 1:colcon.colcon_core.environment:create_file_with_runtime_dependencies(/home/khanh/Documents/microros_ws/install/micro_ros_msgs/share/colcon-core/packages/micro_ros_msgs)
[4.658s] INFO:colcon.colcon_ros.task.ament_cmake.build:Building ROS package in '/home/khanh/Documents/microros_ws/src/uros/micro-ROS-Agent/micro_ros_agent' with build type 'ament_cmake'
[4.659s] INFO:colcon.colcon_cmake.task.cmake.build:Building CMake package in '/home/khanh/Documents/microros_ws/src/uros/micro-ROS-Agent/micro_ros_agent'
[4.669s] INFO:colcon.colcon_core.shell:Skip shell extension 'powershell' for command environment: Not usable outside of PowerShell
[4.669s] DEBUG:colcon.colcon_core.shell:Skip shell extension 'dsv' for command environment
[4.707s] DEBUG:colcon.colcon_core.event_handler.log_command:Invoking command in '/home/khanh/Documents/microros_ws/build/micro_ros_agent': AMENT_PREFIX_PATH=/home/khanh/Documents/microros_ws/install/micro_ros_msgs:${AMENT_PREFIX_PATH} CMAKE_PREFIX_PATH=/home/khanh/Documents/microros_ws/install/micro_ros_msgs:/home/khanh/Documents/microros_ws/install/micro_ros_setup:/opt/ros/humble LD_LIBRARY_PATH=/home/khanh/Documents/microros_ws/install/micro_ros_msgs/lib:${LD_LIBRARY_PATH} PYTHONPATH=/home/khanh/Documents/microros_ws/install/micro_ros_msgs/local/lib/python3.10/dist-packages:${PYTHONPATH} /usr/bin/cmake /home/khanh/Documents/microros_ws/src/uros/micro-ROS-Agent/micro_ros_agent -DUAGENT_BUILD_EXECUTABLE=OFF -DUAGENT_P2P_PROFILE=OFF --no-warn-unused-cli -DCMAKE_INSTALL_PREFIX=/home/khanh/Documents/microros_ws/install/micro_ros_agent
[4.990s] DEBUG:colcon.colcon_core.event_handler.log_command:Invoked command in '/home/khanh/Documents/microros_ws/build/micro_ros_agent' returned '0': AMENT_PREFIX_PATH=/home/khanh/Documents/microros_ws/install/micro_ros_msgs:${AMENT_PREFIX_PATH} CMAKE_PREFIX_PATH=/home/khanh/Documents/microros_ws/install/micro_ros_msgs:/home/khanh/Documents/microros_ws/install/micro_ros_setup:/opt/ros/humble LD_LIBRARY_PATH=/home/khanh/Documents/microros_ws/install/micro_ros_msgs/lib:${LD_LIBRARY_PATH} PYTHONPATH=/home/khanh/Documents/microros_ws/install/micro_ros_msgs/local/lib/python3.10/dist-packages:${PYTHONPATH} /usr/bin/cmake /home/khanh/Documents/microros_ws/src/uros/micro-ROS-Agent/micro_ros_agent -DUAGENT_BUILD_EXECUTABLE=OFF -DUAGENT_P2P_PROFILE=OFF --no-warn-unused-cli -DCMAKE_INSTALL_PREFIX=/home/khanh/Documents/microros_ws/install/micro_ros_agent
[4.991s] DEBUG:colcon.colcon_core.event_handler.log_command:Invoking command in '/home/khanh/Documents/microros_ws/build/micro_ros_agent': AMENT_PREFIX_PATH=/home/khanh/Documents/microros_ws/install/micro_ros_msgs:${AMENT_PREFIX_PATH} CMAKE_PREFIX_PATH=/home/khanh/Documents/microros_ws/install/micro_ros_msgs:/home/khanh/Documents/microros_ws/install/micro_ros_setup:/opt/ros/humble LD_LIBRARY_PATH=/home/khanh/Documents/microros_ws/install/micro_ros_msgs/lib:${LD_LIBRARY_PATH} PYTHONPATH=/home/khanh/Documents/microros_ws/install/micro_ros_msgs/local/lib/python3.10/dist-packages:${PYTHONPATH} /usr/bin/cmake --build /home/khanh/Documents/microros_ws/build/micro_ros_agent -- -j16 -l16
[31.880s] DEBUG:colcon.colcon_core.event_handler.log_command:Invoked command in '/home/khanh/Documents/microros_ws/build/micro_ros_agent' returned '0': AMENT_PREFIX_PATH=/home/khanh/Documents/microros_ws/install/micro_ros_msgs:${AMENT_PREFIX_PATH} CMAKE_PREFIX_PATH=/home/khanh/Documents/microros_ws/install/micro_ros_msgs:/home/khanh/Documents/microros_ws/install/micro_ros_setup:/opt/ros/humble LD_LIBRARY_PATH=/home/khanh/Documents/microros_ws/install/micro_ros_msgs/lib:${LD_LIBRARY_PATH} PYTHONPATH=/home/khanh/Documents/microros_ws/install/micro_ros_msgs/local/lib/python3.10/dist-packages:${PYTHONPATH} /usr/bin/cmake --build /home/khanh/Documents/microros_ws/build/micro_ros_agent -- -j16 -l16
[31.915s] DEBUG:colcon.colcon_core.event_handler.log_command:Invoking command in '/home/khanh/Documents/microros_ws/build/micro_ros_agent': AMENT_PREFIX_PATH=/home/khanh/Documents/microros_ws/install/micro_ros_msgs:${AMENT_PREFIX_PATH} CMAKE_PREFIX_PATH=/home/khanh/Documents/microros_ws/install/micro_ros_msgs:/home/khanh/Documents/microros_ws/install/micro_ros_setup:/opt/ros/humble LD_LIBRARY_PATH=/home/khanh/Documents/microros_ws/install/micro_ros_msgs/lib:${LD_LIBRARY_PATH} PYTHONPATH=/home/khanh/Documents/microros_ws/install/micro_ros_msgs/local/lib/python3.10/dist-packages:${PYTHONPATH} /usr/bin/cmake --install /home/khanh/Documents/microros_ws/build/micro_ros_agent
[31.928s] Level 1:colcon.colcon_core.environment:create_environment_scripts_only(micro_ros_agent)
[31.928s] DEBUG:colcon.colcon_core.event_handler.log_command:Invoked command in '/home/khanh/Documents/microros_ws/build/micro_ros_agent' returned '0': AMENT_PREFIX_PATH=/home/khanh/Documents/microros_ws/install/micro_ros_msgs:${AMENT_PREFIX_PATH} CMAKE_PREFIX_PATH=/home/khanh/Documents/microros_ws/install/micro_ros_msgs:/home/khanh/Documents/microros_ws/install/micro_ros_setup:/opt/ros/humble LD_LIBRARY_PATH=/home/khanh/Documents/microros_ws/install/micro_ros_msgs/lib:${LD_LIBRARY_PATH} PYTHONPATH=/home/khanh/Documents/microros_ws/install/micro_ros_msgs/local/lib/python3.10/dist-packages:${PYTHONPATH} /usr/bin/cmake --install /home/khanh/Documents/microros_ws/build/micro_ros_agent
[31.939s] Level 1:colcon.colcon_core.environment:checking '/home/khanh/Documents/microros_ws/install/micro_ros_agent' for CMake module files
[31.940s] Level 1:colcon.colcon_core.environment:checking '/home/khanh/Documents/microros_ws/install/micro_ros_agent' for CMake config files
[31.941s] Level 1:colcon.colcon_core.shell:create_environment_hook('micro_ros_agent', 'cmake_prefix_path')
[31.951s] INFO:colcon.colcon_core.shell:Creating environment hook '/home/khanh/Documents/microros_ws/install/micro_ros_agent/share/micro_ros_agent/hook/cmake_prefix_path.ps1'
[31.951s] INFO:colcon.colcon_core.shell:Creating environment descriptor '/home/khanh/Documents/microros_ws/install/micro_ros_agent/share/micro_ros_agent/hook/cmake_prefix_path.dsv'
[31.952s] INFO:colcon.colcon_core.shell:Creating environment hook '/home/khanh/Documents/microros_ws/install/micro_ros_agent/share/micro_ros_agent/hook/cmake_prefix_path.sh'
[31.952s] Level 1:colcon.colcon_core.environment:checking '/home/khanh/Documents/microros_ws/install/micro_ros_agent/lib'
[31.952s] Level 1:colcon.colcon_core.shell:create_environment_hook('micro_ros_agent', 'ld_library_path_lib')
[31.962s] INFO:colcon.colcon_core.shell:Creating environment hook '/home/khanh/Documents/microros_ws/install/micro_ros_agent/share/micro_ros_agent/hook/ld_library_path_lib.ps1'
[31.962s] INFO:colcon.colcon_core.shell:Creating environment descriptor '/home/khanh/Documents/microros_ws/install/micro_ros_agent/share/micro_ros_agent/hook/ld_library_path_lib.dsv'
[31.962s] INFO:colcon.colcon_core.shell:Creating environment hook '/home/khanh/Documents/microros_ws/install/micro_ros_agent/share/micro_ros_agent/hook/ld_library_path_lib.sh'
[31.963s] Level 1:colcon.colcon_core.environment:checking '/home/khanh/Documents/microros_ws/install/micro_ros_agent/bin'
[31.963s] Level 1:colcon.colcon_core.environment:checking '/home/khanh/Documents/microros_ws/install/micro_ros_agent/lib/pkgconfig/micro_ros_agent.pc'
[31.963s] Level 1:colcon.colcon_core.environment:checking '/home/khanh/Documents/microros_ws/install/micro_ros_agent/lib/python3.10/site-packages'
[31.963s] Level 1:colcon.colcon_core.environment:checking '/home/khanh/Documents/microros_ws/install/micro_ros_agent/bin'
[31.974s] INFO:colcon.colcon_core.shell:Creating package script '/home/khanh/Documents/microros_ws/install/micro_ros_agent/share/micro_ros_agent/package.ps1'
[31.974s] INFO:colcon.colcon_core.shell:Creating package descriptor '/home/khanh/Documents/microros_ws/install/micro_ros_agent/share/micro_ros_agent/package.dsv'
[31.975s] INFO:colcon.colcon_core.shell:Creating package script '/home/khanh/Documents/microros_ws/install/micro_ros_agent/share/micro_ros_agent/package.sh'
[31.975s] INFO:colcon.colcon_core.shell:Creating package script '/home/khanh/Documents/microros_ws/install/micro_ros_agent/share/micro_ros_agent/package.bash'
[31.975s] INFO:colcon.colcon_core.shell:Creating package script '/home/khanh/Documents/microros_ws/install/micro_ros_agent/share/micro_ros_agent/package.zsh'
[31.976s] Level 1:colcon.colcon_core.environment:create_file_with_runtime_dependencies(/home/khanh/Documents/microros_ws/install/micro_ros_agent/share/colcon-core/packages/micro_ros_agent)
[32.031s] Level 1:colcon.colcon_core.environment:create_environment_scripts_only(micro_ros_agent)
[32.043s] Level 1:colcon.colcon_core.environment:checking '/home/khanh/Documents/microros_ws/install/micro_ros_agent' for CMake module files
[32.043s] Level 1:colcon.colcon_core.environment:checking '/home/khanh/Documents/microros_ws/install/micro_ros_agent' for CMake config files
[32.044s] Level 1:colcon.colcon_core.shell:create_environment_hook('micro_ros_agent', 'cmake_prefix_path')
[32.055s] INFO:colcon.colcon_core.shell:Creating environment hook '/home/khanh/Documents/microros_ws/install/micro_ros_agent/share/micro_ros_agent/hook/cmake_prefix_path.ps1'
[32.055s] INFO:colcon.colcon_core.shell:Creating environment descriptor '/home/khanh/Documents/microros_ws/install/micro_ros_agent/share/micro_ros_agent/hook/cmake_prefix_path.dsv'
[32.055s] INFO:colcon.colcon_core.shell:Creating environment hook '/home/khanh/Documents/microros_ws/install/micro_ros_agent/share/micro_ros_agent/hook/cmake_prefix_path.sh'
[32.056s] Level 1:colcon.colcon_core.environment:checking '/home/khanh/Documents/microros_ws/install/micro_ros_agent/lib'
[32.056s] Level 1:colcon.colcon_core.shell:create_environment_hook('micro_ros_agent', 'ld_library_path_lib')
[32.066s] INFO:colcon.colcon_core.shell:Creating environment hook '/home/khanh/Documents/microros_ws/install/micro_ros_agent/share/micro_ros_agent/hook/ld_library_path_lib.ps1'
[32.066s] INFO:colcon.colcon_core.shell:Creating environment descriptor '/home/khanh/Documents/microros_ws/install/micro_ros_agent/share/micro_ros_agent/hook/ld_library_path_lib.dsv'
[32.067s] INFO:colcon.colcon_core.shell:Creating environment hook '/home/khanh/Documents/microros_ws/install/micro_ros_agent/share/micro_ros_agent/hook/ld_library_path_lib.sh'
[32.067s] Level 1:colcon.colcon_core.environment:checking '/home/khanh/Documents/microros_ws/install/micro_ros_agent/bin'
[32.067s] Level 1:colcon.colcon_core.environment:checking '/home/khanh/Documents/microros_ws/install/micro_ros_agent/lib/pkgconfig/micro_ros_agent.pc'
[32.067s] Level 1:colcon.colcon_core.environment:checking '/home/khanh/Documents/microros_ws/install/micro_ros_agent/lib/python3.10/site-packages'
[32.067s] Level 1:colcon.colcon_core.environment:checking '/home/khanh/Documents/microros_ws/install/micro_ros_agent/bin'
[32.079s] INFO:colcon.colcon_core.shell:Creating package script '/home/khanh/Documents/microros_ws/install/micro_ros_agent/share/micro_ros_agent/package.ps1'
[32.079s] INFO:colcon.colcon_core.shell:Creating package descriptor '/home/khanh/Documents/microros_ws/install/micro_ros_agent/share/micro_ros_agent/package.dsv'
[32.080s] INFO:colcon.colcon_core.shell:Creating package script '/home/khanh/Documents/microros_ws/install/micro_ros_agent/share/micro_ros_agent/package.sh'
[32.080s] INFO:colcon.colcon_core.shell:Creating package script '/home/khanh/Documents/microros_ws/install/micro_ros_agent/share/micro_ros_agent/package.bash'
[32.080s] INFO:colcon.colcon_core.shell:Creating package script '/home/khanh/Documents/microros_ws/install/micro_ros_agent/share/micro_ros_agent/package.zsh'
[32.081s] Level 1:colcon.colcon_core.environment:create_file_with_runtime_dependencies(/home/khanh/Documents/microros_ws/install/micro_ros_agent/share/colcon-core/packages/micro_ros_agent)
[32.081s] DEBUG:colcon.colcon_parallel_executor.executor.parallel:closing loop
[32.081s] DEBUG:colcon.colcon_parallel_executor.executor.parallel:loop closed
[32.081s] DEBUG:colcon.colcon_parallel_executor.executor.parallel:run_until_complete finished with '0'
[32.081s] DEBUG:colcon.colcon_core.event_reactor:joining thread
[32.097s] INFO:colcon.colcon_core.plugin_system:Skipping extension 'colcon_notification.desktop_notification.terminal_notifier': Not used on non-Darwin systems
[32.097s] INFO:colcon.colcon_core.plugin_system:Skipping extension 'colcon_notification.desktop_notification.win32': Not used on non-Windows systems
[32.097s] INFO:colcon.colcon_notification.desktop_notification:Sending desktop notification using 'notify2'
[32.106s] DEBUG:colcon.colcon_core.event_reactor:joined thread
[32.117s] INFO:colcon.colcon_core.shell:Creating prefix script '/home/khanh/Documents/microros_ws/install/local_setup.ps1'
[32.118s] INFO:colcon.colcon_core.shell:Creating prefix util module '/home/khanh/Documents/microros_ws/install/_local_setup_util_ps1.py'
[32.119s] INFO:colcon.colcon_core.shell:Creating prefix chain script '/home/khanh/Documents/microros_ws/install/setup.ps1'
[32.129s] INFO:colcon.colcon_core.shell:Creating prefix script '/home/khanh/Documents/microros_ws/install/local_setup.sh'
[32.130s] INFO:colcon.colcon_core.shell:Creating prefix util module '/home/khanh/Documents/microros_ws/install/_local_setup_util_sh.py'
[32.130s] INFO:colcon.colcon_core.shell:Creating prefix chain script '/home/khanh/Documents/microros_ws/install/setup.sh'
[32.141s] INFO:colcon.colcon_core.shell:Creating prefix script '/home/khanh/Documents/microros_ws/install/local_setup.bash'
[32.142s] INFO:colcon.colcon_core.shell:Creating prefix chain script '/home/khanh/Documents/microros_ws/install/setup.bash'
[32.153s] INFO:colcon.colcon_core.shell:Creating prefix script '/home/khanh/Documents/microros_ws/install/local_setup.zsh'
[32.153s] INFO:colcon.colcon_core.shell:Creating prefix chain script '/home/khanh/Documents/microros_ws/install/setup.zsh'
