[0.105s] Invoking command in '/SLAM/ros_ws/build/astra_camera': AMENT_PREFIX_PATH=/SLAM/ros_ws/install/astra_camera_msgs:${AMENT_PREFIX_PATH} CMAKE_PREFIX_PATH=/SLAM/ros_ws/install/astra_camera_msgs:/opt/ros/humble LD_LIBRARY_PATH=/SLAM/ros_ws/install/astra_camera_msgs/lib:${LD_LIBRARY_PATH} PYTHONPATH=/SLAM/ros_ws/install/astra_camera_msgs/local/lib/python3.10/dist-packages:${PYTHONPATH} /usr/bin/cmake --build /SLAM/ros_ws/build/astra_camera -- -j16 -l16
[0.191s] [ 87%] Built target astra_camera
[0.222s] [100%] Built target list_devices_node
[0.236s] Invoked command in '/SLAM/ros_ws/build/astra_camera' returned '0': AMENT_PREFIX_PATH=/SLAM/ros_ws/install/astra_camera_msgs:${AMENT_PREFIX_PATH} CMAKE_PREFIX_PATH=/SLAM/ros_ws/install/astra_camera_msgs:/opt/ros/humble LD_LIBRARY_PATH=/SLAM/ros_ws/install/astra_camera_msgs/lib:${LD_LIBRARY_PATH} PYTHONPATH=/SLAM/ros_ws/install/astra_camera_msgs/local/lib/python3.10/dist-packages:${PYTHONPATH} /usr/bin/cmake --build /SLAM/ros_ws/build/astra_camera -- -j16 -l16
[0.297s] Invoking command in '/SLAM/ros_ws/build/astra_camera': AMENT_PREFIX_PATH=/SLAM/ros_ws/install/astra_camera_msgs:${AMENT_PREFIX_PATH} CMAKE_PREFIX_PATH=/SLAM/ros_ws/install/astra_camera_msgs:/opt/ros/humble LD_LIBRARY_PATH=/SLAM/ros_ws/install/astra_camera_msgs/lib:${LD_LIBRARY_PATH} PYTHONPATH=/SLAM/ros_ws/install/astra_camera_msgs/local/lib/python3.10/dist-packages:${PYTHONPATH} /usr/bin/cmake --install /SLAM/ros_ws/build/astra_camera
[0.305s] -- Install configuration: "Debug"
[0.305s] -- Up-to-date: /SLAM/ros_ws/install/astra_camera/lib//OpenNI2
[0.305s] -- Up-to-date: /SLAM/ros_ws/install/astra_camera/lib//OpenNI2/Drivers
[0.305s] -- Up-to-date: /SLAM/ros_ws/install/astra_camera/include
[0.306s] -- Up-to-date: /SLAM/ros_ws/install/astra_camera/include/astra_camera
[0.306s] -- Up-to-date: /SLAM/ros_ws/install/astra_camera/include/astra_camera/point_cloud_proc
[0.306s] -- Up-to-date: /SLAM/ros_ws/install/astra_camera/include/openni2
[0.306s] -- Up-to-date: /SLAM/ros_ws/install/astra_camera/include/openni2/openni2_redist
[0.306s] -- Up-to-date: /SLAM/ros_ws/install/astra_camera/include/openni2/openni2_redist/arm64
[0.306s] -- Up-to-date: /SLAM/ros_ws/install/astra_camera/include/openni2/openni2_redist/arm64/OpenNI2
[0.306s] -- Up-to-date: /SLAM/ros_ws/install/astra_camera/include/openni2/openni2_redist/arm64/OpenNI2/Drivers
[0.307s] -- Up-to-date: /SLAM/ros_ws/install/astra_camera/include/openni2/openni2_redist/x64
[0.307s] -- Up-to-date: /SLAM/ros_ws/install/astra_camera/include/openni2/openni2_redist/x64/OpenNI2
[0.307s] -- Up-to-date: /SLAM/ros_ws/install/astra_camera/include/openni2/openni2_redist/x64/OpenNI2/Drivers
[0.307s] -- Up-to-date: /SLAM/ros_ws/install/astra_camera/include/openni2/openni2_redist/arm
[0.307s] -- Up-to-date: /SLAM/ros_ws/install/astra_camera/include/openni2/openni2_redist/arm/OpenNI2
[0.307s] -- Up-to-date: /SLAM/ros_ws/install/astra_camera/include/openni2/openni2_redist/arm/OpenNI2/Drivers
[0.307s] -- Up-to-date: /SLAM/ros_ws/install/astra_camera/include/openni2/Linux-Arm
[0.307s] -- Up-to-date: /SLAM/ros_ws/install/astra_camera/include/openni2/Driver
[0.307s] -- Up-to-date: /SLAM/ros_ws/install/astra_camera/include/openni2/Win32
[0.308s] -- Up-to-date: /SLAM/ros_ws/install/astra_camera/include/openni2/Android-Arm
[0.308s] -- Up-to-date: /SLAM/ros_ws/install/astra_camera/include/openni2/Linux-x86
[0.308s] -- Up-to-date: /SLAM/ros_ws/install/astra_camera/include/openni2/MacOSX
[0.308s] -- Up-to-date: /SLAM/ros_ws/install/astra_camera/share/astra_camera//launch
[0.308s] -- Up-to-date: /SLAM/ros_ws/install/astra_camera/share/astra_camera//config
[0.308s] -- Up-to-date: /SLAM/ros_ws/install/astra_camera/share/astra_camera//params
[0.308s] -- Up-to-date: /SLAM/ros_ws/install/astra_camera/share/astra_camera//rviz
[0.308s] -- Installing: /SLAM/ros_ws/install/astra_camera/share/astra_camera/package.dsv
[0.310s] Invoked command in '/SLAM/ros_ws/build/astra_camera' returned '0': AMENT_PREFIX_PATH=/SLAM/ros_ws/install/astra_camera_msgs:${AMENT_PREFIX_PATH} CMAKE_PREFIX_PATH=/SLAM/ros_ws/install/astra_camera_msgs:/opt/ros/humble LD_LIBRARY_PATH=/SLAM/ros_ws/install/astra_camera_msgs/lib:${LD_LIBRARY_PATH} PYTHONPATH=/SLAM/ros_ws/install/astra_camera_msgs/local/lib/python3.10/dist-packages:${PYTHONPATH} /usr/bin/cmake --install /SLAM/ros_ws/build/astra_camera
