[0.000000] (-) TimerEvent: {}
[0.000394] (-) JobUnselected: {'identifier': 'astra_camera'}
[0.000443] (-) JobUnselected: {'identifier': 'astra_camera_msgs'}
[0.000468] (-) JobUnselected: {'identifier': 'br2_basics'}
[0.000738] (-) JobUnselected: {'identifier': 'br2_bt_bumpgo'}
[0.000895] (-) JobUnselected: {'identifier': 'br2_bt_patrolling'}
[0.000990] (-) JobUnselected: {'identifier': 'br2_fsm_bumpgo_cpp'}
[0.001034] (-) JobUnselected: {'identifier': 'br2_fsm_bumpgo_py'}
[0.001103] (-) JobUnselected: {'identifier': 'br2_navigation'}
[0.001121] (-) JobUnselected: {'identifier': 'br2_tf2_detector'}
[0.001139] (-) JobUnselected: {'identifier': 'br2_tiago'}
[0.001176] (-) JobUnselected: {'identifier': 'br2_tracking'}
[0.001193] (-) JobUnselected: {'identifier': 'br2_tracking_msgs'}
[0.001219] (-) JobUnselected: {'identifier': 'br2_vff_avoidance'}
[0.001294] (-) JobUnselected: {'identifier': 'camera_calibration'}
[0.001350] (-) JobUnselected: {'identifier': 'depth_image_proc'}
[0.001398] (-) JobUnselected: {'identifier': 'groot'}
[0.001415] (-) JobUnselected: {'identifier': 'hey5_description'}
[0.001433] (-) JobUnselected: {'identifier': 'image_pipeline'}
[0.001467] (-) JobUnselected: {'identifier': 'image_proc'}
[0.001486] (-) JobUnselected: {'identifier': 'image_publisher'}
[0.001585] (-) JobUnselected: {'identifier': 'image_rotate'}
[0.001603] (-) JobUnselected: {'identifier': 'image_view'}
[0.001624] (-) JobUnselected: {'identifier': 'launch_pal'}
[0.001654] (-) JobUnselected: {'identifier': 'my_robot_controller'}
[0.001671] (-) JobUnselected: {'identifier': 'pal_gazebo_worlds'}
[0.001737] (-) JobUnselected: {'identifier': 'pal_gripper'}
[0.001760] (-) JobUnselected: {'identifier': 'pal_gripper_controller_configuration'}
[0.001776] (-) JobUnselected: {'identifier': 'pal_gripper_description'}
[0.001793] (-) JobUnselected: {'identifier': 'pmb2_2dnav'}
[0.001819] (-) JobUnselected: {'identifier': 'pmb2_bringup'}
[0.001835] (-) JobUnselected: {'identifier': 'pmb2_controller_configuration'}
[0.001933] (-) JobUnselected: {'identifier': 'pmb2_description'}
[0.001950] (-) JobUnselected: {'identifier': 'pmb2_laser_sensors'}
[0.001967] (-) JobUnselected: {'identifier': 'pmb2_maps'}
[0.001995] (-) JobUnselected: {'identifier': 'pmb2_navigation'}
[0.002012] (-) JobUnselected: {'identifier': 'pmb2_robot'}
[0.002090] (-) JobUnselected: {'identifier': 'rf2o_laser_odometry'}
[0.002107] (-) JobUnselected: {'identifier': 'rplidar_ros'}
[0.002123] (-) JobUnselected: {'identifier': 'rtabmap'}
[0.002152] (-) JobUnselected: {'identifier': 'rtabmap_conversions'}
[0.002233] (-) JobUnselected: {'identifier': 'rtabmap_demos'}
[0.002251] (-) JobUnselected: {'identifier': 'rtabmap_examples'}
[0.002274] (-) JobUnselected: {'identifier': 'rtabmap_launch'}
[0.002292] (-) JobUnselected: {'identifier': 'rtabmap_msgs'}
[0.002317] (-) JobUnselected: {'identifier': 'rtabmap_odom'}
[0.002333] (-) JobUnselected: {'identifier': 'rtabmap_python'}
[0.002438] (-) JobUnselected: {'identifier': 'rtabmap_ros'}
[0.002455] (-) JobUnselected: {'identifier': 'rtabmap_rviz_plugins'}
[0.002471] (-) JobUnselected: {'identifier': 'rtabmap_slam'}
[0.002512] (-) JobUnselected: {'identifier': 'rtabmap_sync'}
[0.002585] (-) JobUnselected: {'identifier': 'rtabmap_util'}
[0.002602] (-) JobUnselected: {'identifier': 'rtabmap_viz'}
[0.002618] (-) JobUnselected: {'identifier': 'slam_toolbox'}
[0.002646] (-) JobUnselected: {'identifier': 'sllidar_ros2'}
[0.002662] (-) JobUnselected: {'identifier': 'stereo_image_proc'}
[0.002722] (-) JobUnselected: {'identifier': 'tiago_2dnav'}
[0.002739] (-) JobUnselected: {'identifier': 'tiago_bringup'}
[0.002755] (-) JobUnselected: {'identifier': 'tiago_controller_configuration'}
[0.002772] (-) JobUnselected: {'identifier': 'tiago_description'}
[0.002797] (-) JobUnselected: {'identifier': 'tiago_laser_sensors'}
[0.002814] (-) JobUnselected: {'identifier': 'tiago_moveit_config'}
[0.002877] (-) JobUnselected: {'identifier': 'tiago_navigation'}
[0.002894] (-) JobUnselected: {'identifier': 'tiago_robot'}
[0.002910] (-) JobUnselected: {'identifier': 'tracetools_image_pipeline'}
[0.002934] (-) JobUnselected: {'identifier': 'tutourial_intefaces'}
[0.002951] (-) JobUnselected: {'identifier': 'urdf_test'}
[0.003028] (tiago_gazebo) JobQueued: {'identifier': 'tiago_gazebo', 'dependencies': OrderedDict([('launch_pal', '/SLAM/ros_ws/install/launch_pal'), ('pal_gazebo_worlds', '/SLAM/ros_ws/install/pal_gazebo_worlds'), ('pal_gripper_controller_configuration', '/SLAM/ros_ws/install/pal_gripper_controller_configuration'), ('pmb2_laser_sensors', '/SLAM/ros_ws/install/pmb2_laser_sensors'), ('pmb2_maps', '/SLAM/ros_ws/install/pmb2_maps'), ('pal_gripper_description', '/SLAM/ros_ws/install/pal_gripper_description'), ('pmb2_2dnav', '/SLAM/ros_ws/install/pmb2_2dnav'), ('pmb2_controller_configuration', '/SLAM/ros_ws/install/pmb2_controller_configuration'), ('tiago_controller_configuration', '/SLAM/ros_ws/install/tiago_controller_configuration'), ('pmb2_description', '/SLAM/ros_ws/install/pmb2_description'), ('tiago_2dnav', '/SLAM/ros_ws/install/tiago_2dnav'), ('tiago_description', '/SLAM/ros_ws/install/tiago_description'), ('tiago_bringup', '/SLAM/ros_ws/install/tiago_bringup'), ('tiago_moveit_config', '/SLAM/ros_ws/install/tiago_moveit_config')])}
[0.003071] (tiago_simulation) JobQueued: {'identifier': 'tiago_simulation', 'dependencies': OrderedDict([('launch_pal', '/SLAM/ros_ws/install/launch_pal'), ('pal_gazebo_worlds', '/SLAM/ros_ws/install/pal_gazebo_worlds'), ('pal_gripper_controller_configuration', '/SLAM/ros_ws/install/pal_gripper_controller_configuration'), ('pmb2_laser_sensors', '/SLAM/ros_ws/install/pmb2_laser_sensors'), ('pmb2_maps', '/SLAM/ros_ws/install/pmb2_maps'), ('pal_gripper_description', '/SLAM/ros_ws/install/pal_gripper_description'), ('pmb2_2dnav', '/SLAM/ros_ws/install/pmb2_2dnav'), ('pmb2_controller_configuration', '/SLAM/ros_ws/install/pmb2_controller_configuration'), ('tiago_controller_configuration', '/SLAM/ros_ws/install/tiago_controller_configuration'), ('pmb2_description', '/SLAM/ros_ws/install/pmb2_description'), ('tiago_2dnav', '/SLAM/ros_ws/install/tiago_2dnav'), ('tiago_description', '/SLAM/ros_ws/install/tiago_description'), ('tiago_bringup', '/SLAM/ros_ws/install/tiago_bringup'), ('tiago_moveit_config', '/SLAM/ros_ws/install/tiago_moveit_config'), ('tiago_gazebo', '/SLAM/ros_ws/install/tiago_gazebo')])}
[0.003116] (tiago_gazebo) JobStarted: {'identifier': 'tiago_gazebo'}
[0.064465] (tiago_gazebo) JobProgress: {'identifier': 'tiago_gazebo', 'progress': 'cmake'}
[0.065222] (tiago_gazebo) JobProgress: {'identifier': 'tiago_gazebo', 'progress': 'build'}
[0.065977] (tiago_gazebo) Command: {'cmd': ['/usr/bin/cmake', '--build', '/SLAM/ros_ws/build/tiago_gazebo', '--', '-j16', '-l16'], 'cwd': '/SLAM/ros_ws/build/tiago_gazebo', 'env': OrderedDict([('HOSTNAME', 'acer'), ('GIT_ASKPASS', '/home/ros/.vscode-server/bin/0ee08df0cf4527e40edc9aa28f4b5bd38bbff2b2/extensions/git/dist/askpass.sh'), ('SHLVL', '2'), ('LD_LIBRARY_PATH', '/usr/lib/x86_64-linux-gnu/gazebo-11/plugins:/opt/ros/humble/opt/rviz_ogre_vendor/lib:/opt/ros/humble/lib/x86_64-linux-gnu:/opt/ros/humble/lib'), ('BROWSER', '/home/ros/.vscode-server/bin/0ee08df0cf4527e40edc9aa28f4b5bd38bbff2b2/bin/helpers/browser.sh'), ('HOME', '/home/ros'), ('TERM_PROGRAM_VERSION', '1.85.1'), ('VSCODE_IPC_HOOK_CLI', '/tmp/vscode-ipc-f75ace74-3a63-4e17-9c42-2d0b6a46ea6c.sock'), ('ROS_PYTHON_VERSION', '3'), ('VSCODE_GIT_ASKPASS_MAIN', '/home/ros/.vscode-server/bin/0ee08df0cf4527e40edc9aa28f4b5bd38bbff2b2/extensions/git/dist/askpass-main.js'), ('VSCODE_GIT_ASKPASS_NODE', '/home/ros/.vscode-server/bin/0ee08df0cf4527e40edc9aa28f4b5bd38bbff2b2/node'), ('COLORTERM', 'truecolor'), ('REMOTE_CONTAINERS', 'true'), ('ROS_DISTRO', 'humble'), ('REMOTE_CONTAINERS_IPC', '/tmp/vscode-remote-containers-ipc-50c619c6-2daf-4bfc-b140-aa6923d4a067.sock'), ('_', '/usr/bin/colcon'), ('ROS_VERSION', '2'), ('TERM', 'xterm-256color'), ('ROS_LOCALHOST_ONLY', '0'), ('PATH', '/home/ros/.vscode-server/bin/0ee08df0cf4527e40edc9aa28f4b5bd38bbff2b2/bin/remote-cli:/opt/ros/humble/bin:/usr/local/sbin:/usr/local/bin:/usr/sbin:/usr/bin:/sbin:/bin'), ('REMOTE_CONTAINERS_SOCKETS', '["/tmp/vscode-ssh-auth-50c619c6-2daf-4bfc-b140-aa6923d4a067.sock","/tmp/.X11-unix/X0","/home/ros/.gnupg/S.gpg-agent"]'), ('DISPLAY', ':1'), ('LANG', 'C.UTF-8'), ('VSCODE_GIT_IPC_HANDLE', '/tmp/vscode-git-f5e5d8950f.sock'), ('TERM_PROGRAM', 'vscode'), ('SSH_AUTH_SOCK', '/tmp/vscode-ssh-auth-50c619c6-2daf-4bfc-b140-aa6923d4a067.sock'), ('AMENT_PREFIX_PATH', '/SLAM/ros_ws/install/tiago_moveit_config:/SLAM/ros_ws/install/tiago_bringup:/SLAM/ros_ws/install/tiago_description:/SLAM/ros_ws/install/tiago_2dnav:/SLAM/ros_ws/install/pmb2_description:/SLAM/ros_ws/install/tiago_controller_configuration:/SLAM/ros_ws/install/pmb2_controller_configuration:/SLAM/ros_ws/install/pmb2_2dnav:/SLAM/ros_ws/install/pal_gripper_description:/SLAM/ros_ws/install/pmb2_maps:/SLAM/ros_ws/install/pmb2_laser_sensors:/SLAM/ros_ws/install/pal_gripper_controller_configuration:/SLAM/ros_ws/install/pal_gazebo_worlds:/SLAM/ros_ws/install/launch_pal:/opt/ros/humble'), ('REMOTE_CONTAINERS_DISPLAY_SOCK', '/tmp/.X11-unix/X0'), ('SHELL', '/bin/bash'), ('VSCODE_GIT_ASKPASS_EXTRA_ARGS', ''), ('PWD', '/SLAM/ros_ws/build/tiago_gazebo'), ('LC_ALL', 'C.UTF-8'), ('PYTHONPATH', '/SLAM/ros_ws/install/tiago_description/local/lib/python3.10/dist-packages:/SLAM/ros_ws/install/pmb2_description/local/lib/python3.10/dist-packages:/SLAM/ros_ws/build/launch_pal:/SLAM/ros_ws/install/launch_pal/lib/python3.10/site-packages:/opt/ros/humble/lib/python3.10/site-packages:/opt/ros/humble/local/lib/python3.10/dist-packages'), ('COLCON', '1'), ('CMAKE_PREFIX_PATH', '/SLAM/ros_ws/install/tiago_moveit_config:/SLAM/ros_ws/install/tiago_bringup:/SLAM/ros_ws/install/tiago_description:/SLAM/ros_ws/install/tiago_2dnav:/SLAM/ros_ws/install/pmb2_description:/SLAM/ros_ws/install/tiago_controller_configuration:/SLAM/ros_ws/install/pmb2_controller_configuration:/SLAM/ros_ws/install/pmb2_2dnav:/SLAM/ros_ws/install/pal_gripper_description:/SLAM/ros_ws/install/pmb2_maps:/SLAM/ros_ws/install/pmb2_laser_sensors:/SLAM/ros_ws/install/pal_gripper_controller_configuration:/SLAM/ros_ws/install/pal_gazebo_worlds:/opt/ros/humble')]), 'shell': False}
[0.099713] (-) TimerEvent: {}
[0.116933] (tiago_gazebo) CommandEnded: {'returncode': 0}
[0.142324] (tiago_gazebo) JobProgress: {'identifier': 'tiago_gazebo', 'progress': 'install'}
[0.151923] (tiago_gazebo) Command: {'cmd': ['/usr/bin/cmake', '--install', '/SLAM/ros_ws/build/tiago_gazebo'], 'cwd': '/SLAM/ros_ws/build/tiago_gazebo', 'env': OrderedDict([('HOSTNAME', 'acer'), ('GIT_ASKPASS', '/home/ros/.vscode-server/bin/0ee08df0cf4527e40edc9aa28f4b5bd38bbff2b2/extensions/git/dist/askpass.sh'), ('SHLVL', '2'), ('LD_LIBRARY_PATH', '/usr/lib/x86_64-linux-gnu/gazebo-11/plugins:/opt/ros/humble/opt/rviz_ogre_vendor/lib:/opt/ros/humble/lib/x86_64-linux-gnu:/opt/ros/humble/lib'), ('BROWSER', '/home/ros/.vscode-server/bin/0ee08df0cf4527e40edc9aa28f4b5bd38bbff2b2/bin/helpers/browser.sh'), ('HOME', '/home/ros'), ('TERM_PROGRAM_VERSION', '1.85.1'), ('VSCODE_IPC_HOOK_CLI', '/tmp/vscode-ipc-f75ace74-3a63-4e17-9c42-2d0b6a46ea6c.sock'), ('ROS_PYTHON_VERSION', '3'), ('VSCODE_GIT_ASKPASS_MAIN', '/home/ros/.vscode-server/bin/0ee08df0cf4527e40edc9aa28f4b5bd38bbff2b2/extensions/git/dist/askpass-main.js'), ('VSCODE_GIT_ASKPASS_NODE', '/home/ros/.vscode-server/bin/0ee08df0cf4527e40edc9aa28f4b5bd38bbff2b2/node'), ('COLORTERM', 'truecolor'), ('REMOTE_CONTAINERS', 'true'), ('ROS_DISTRO', 'humble'), ('REMOTE_CONTAINERS_IPC', '/tmp/vscode-remote-containers-ipc-50c619c6-2daf-4bfc-b140-aa6923d4a067.sock'), ('_', '/usr/bin/colcon'), ('ROS_VERSION', '2'), ('TERM', 'xterm-256color'), ('ROS_LOCALHOST_ONLY', '0'), ('PATH', '/home/ros/.vscode-server/bin/0ee08df0cf4527e40edc9aa28f4b5bd38bbff2b2/bin/remote-cli:/opt/ros/humble/bin:/usr/local/sbin:/usr/local/bin:/usr/sbin:/usr/bin:/sbin:/bin'), ('REMOTE_CONTAINERS_SOCKETS', '["/tmp/vscode-ssh-auth-50c619c6-2daf-4bfc-b140-aa6923d4a067.sock","/tmp/.X11-unix/X0","/home/ros/.gnupg/S.gpg-agent"]'), ('DISPLAY', ':1'), ('LANG', 'C.UTF-8'), ('VSCODE_GIT_IPC_HANDLE', '/tmp/vscode-git-f5e5d8950f.sock'), ('TERM_PROGRAM', 'vscode'), ('SSH_AUTH_SOCK', '/tmp/vscode-ssh-auth-50c619c6-2daf-4bfc-b140-aa6923d4a067.sock'), ('AMENT_PREFIX_PATH', '/SLAM/ros_ws/install/tiago_moveit_config:/SLAM/ros_ws/install/tiago_bringup:/SLAM/ros_ws/install/tiago_description:/SLAM/ros_ws/install/tiago_2dnav:/SLAM/ros_ws/install/pmb2_description:/SLAM/ros_ws/install/tiago_controller_configuration:/SLAM/ros_ws/install/pmb2_controller_configuration:/SLAM/ros_ws/install/pmb2_2dnav:/SLAM/ros_ws/install/pal_gripper_description:/SLAM/ros_ws/install/pmb2_maps:/SLAM/ros_ws/install/pmb2_laser_sensors:/SLAM/ros_ws/install/pal_gripper_controller_configuration:/SLAM/ros_ws/install/pal_gazebo_worlds:/SLAM/ros_ws/install/launch_pal:/opt/ros/humble'), ('REMOTE_CONTAINERS_DISPLAY_SOCK', '/tmp/.X11-unix/X0'), ('SHELL', '/bin/bash'), ('VSCODE_GIT_ASKPASS_EXTRA_ARGS', ''), ('PWD', '/SLAM/ros_ws/build/tiago_gazebo'), ('LC_ALL', 'C.UTF-8'), ('PYTHONPATH', '/SLAM/ros_ws/install/tiago_description/local/lib/python3.10/dist-packages:/SLAM/ros_ws/install/pmb2_description/local/lib/python3.10/dist-packages:/SLAM/ros_ws/build/launch_pal:/SLAM/ros_ws/install/launch_pal/lib/python3.10/site-packages:/opt/ros/humble/lib/python3.10/site-packages:/opt/ros/humble/local/lib/python3.10/dist-packages'), ('COLCON', '1'), ('CMAKE_PREFIX_PATH', '/SLAM/ros_ws/install/tiago_moveit_config:/SLAM/ros_ws/install/tiago_bringup:/SLAM/ros_ws/install/tiago_description:/SLAM/ros_ws/install/tiago_2dnav:/SLAM/ros_ws/install/pmb2_description:/SLAM/ros_ws/install/tiago_controller_configuration:/SLAM/ros_ws/install/pmb2_controller_configuration:/SLAM/ros_ws/install/pmb2_2dnav:/SLAM/ros_ws/install/pal_gripper_description:/SLAM/ros_ws/install/pmb2_maps:/SLAM/ros_ws/install/pmb2_laser_sensors:/SLAM/ros_ws/install/pal_gripper_controller_configuration:/SLAM/ros_ws/install/pal_gazebo_worlds:/opt/ros/humble')]), 'shell': False}
[0.161359] (tiago_gazebo) StdoutLine: {'line': b'-- Install configuration: ""\n'}
[0.161671] (tiago_gazebo) StdoutLine: {'line': b'-- Execute custom install script\n'}
[0.161854] (tiago_gazebo) StdoutLine: {'line': b'-- Up-to-date symlink: /SLAM/ros_ws/install/tiago_gazebo/lib/tiago_gazebo/tuck_arm.py\n'}
[0.162265] (tiago_gazebo) StdoutLine: {'line': b'-- Up-to-date symlink: /SLAM/ros_ws/install/tiago_gazebo/share/tiago_gazebo/launch/tiago_gazebo.launch.py\n'}
[0.162364] (tiago_gazebo) StdoutLine: {'line': b'-- Up-to-date symlink: /SLAM/ros_ws/install/tiago_gazebo/share/tiago_gazebo/launch/tiago_spawn.launch.py\n'}
[0.162515] (tiago_gazebo) StdoutLine: {'line': b'-- Up-to-date symlink: /SLAM/ros_ws/install/tiago_gazebo/share/ament_index/resource_index/package_run_dependencies/tiago_gazebo\n'}
[0.162665] (tiago_gazebo) StdoutLine: {'line': b'-- Up-to-date symlink: /SLAM/ros_ws/install/tiago_gazebo/share/ament_index/resource_index/parent_prefix_path/tiago_gazebo\n'}
[0.162819] (tiago_gazebo) StdoutLine: {'line': b'-- Up-to-date symlink: /SLAM/ros_ws/install/tiago_gazebo/share/tiago_gazebo/environment/ament_prefix_path.sh\n'}
[0.162968] (tiago_gazebo) StdoutLine: {'line': b'-- Up-to-date symlink: /SLAM/ros_ws/install/tiago_gazebo/share/tiago_gazebo/environment/ament_prefix_path.dsv\n'}
[0.163130] (tiago_gazebo) StdoutLine: {'line': b'-- Up-to-date symlink: /SLAM/ros_ws/install/tiago_gazebo/share/tiago_gazebo/environment/path.sh\n'}
[0.163286] (tiago_gazebo) StdoutLine: {'line': b'-- Up-to-date symlink: /SLAM/ros_ws/install/tiago_gazebo/share/tiago_gazebo/environment/path.dsv\n'}
[0.163446] (tiago_gazebo) StdoutLine: {'line': b'-- Up-to-date symlink: /SLAM/ros_ws/install/tiago_gazebo/share/tiago_gazebo/local_setup.bash\n'}
[0.163587] (tiago_gazebo) StdoutLine: {'line': b'-- Up-to-date symlink: /SLAM/ros_ws/install/tiago_gazebo/share/tiago_gazebo/local_setup.sh\n'}
[0.163731] (tiago_gazebo) StdoutLine: {'line': b'-- Up-to-date symlink: /SLAM/ros_ws/install/tiago_gazebo/share/tiago_gazebo/local_setup.zsh\n'}
[0.163881] (tiago_gazebo) StdoutLine: {'line': b'-- Up-to-date symlink: /SLAM/ros_ws/install/tiago_gazebo/share/tiago_gazebo/local_setup.dsv\n'}
[0.163986] (tiago_gazebo) StdoutLine: {'line': b'-- Symlinking: /SLAM/ros_ws/install/tiago_gazebo/share/tiago_gazebo/package.dsv\n'}
[0.175409] (tiago_gazebo) StdoutLine: {'line': b'-- Up-to-date symlink: /SLAM/ros_ws/install/tiago_gazebo/share/ament_index/resource_index/packages/tiago_gazebo\n'}
[0.175678] (tiago_gazebo) StdoutLine: {'line': b'-- Up-to-date symlink: /SLAM/ros_ws/install/tiago_gazebo/share/tiago_gazebo/cmake/tiago_gazeboConfig.cmake\n'}
[0.175769] (tiago_gazebo) StdoutLine: {'line': b'-- Up-to-date symlink: /SLAM/ros_ws/install/tiago_gazebo/share/tiago_gazebo/cmake/tiago_gazeboConfig-version.cmake\n'}
[0.175881] (tiago_gazebo) StdoutLine: {'line': b'-- Up-to-date symlink: /SLAM/ros_ws/install/tiago_gazebo/share/tiago_gazebo/package.xml\n'}
[0.179309] (tiago_gazebo) CommandEnded: {'returncode': 0}
[0.199828] (-) TimerEvent: {}
[0.345396] (-) TimerEvent: {}
[0.385715] (tiago_gazebo) JobEnded: {'identifier': 'tiago_gazebo', 'rc': 0}
[0.386598] (tiago_simulation) JobStarted: {'identifier': 'tiago_simulation'}
[0.445594] (-) TimerEvent: {}
[0.447737] (tiago_simulation) JobProgress: {'identifier': 'tiago_simulation', 'progress': 'cmake'}
[0.448361] (tiago_simulation) JobProgress: {'identifier': 'tiago_simulation', 'progress': 'build'}
[0.448710] (tiago_simulation) Command: {'cmd': ['/usr/bin/cmake', '--build', '/SLAM/ros_ws/build/tiago_simulation', '--', '-j16', '-l16'], 'cwd': '/SLAM/ros_ws/build/tiago_simulation', 'env': OrderedDict([('HOSTNAME', 'acer'), ('GIT_ASKPASS', '/home/ros/.vscode-server/bin/0ee08df0cf4527e40edc9aa28f4b5bd38bbff2b2/extensions/git/dist/askpass.sh'), ('SHLVL', '2'), ('LD_LIBRARY_PATH', '/usr/lib/x86_64-linux-gnu/gazebo-11/plugins:/opt/ros/humble/opt/rviz_ogre_vendor/lib:/opt/ros/humble/lib/x86_64-linux-gnu:/opt/ros/humble/lib'), ('BROWSER', '/home/ros/.vscode-server/bin/0ee08df0cf4527e40edc9aa28f4b5bd38bbff2b2/bin/helpers/browser.sh'), ('HOME', '/home/ros'), ('TERM_PROGRAM_VERSION', '1.85.1'), ('VSCODE_IPC_HOOK_CLI', '/tmp/vscode-ipc-f75ace74-3a63-4e17-9c42-2d0b6a46ea6c.sock'), ('ROS_PYTHON_VERSION', '3'), ('VSCODE_GIT_ASKPASS_MAIN', '/home/ros/.vscode-server/bin/0ee08df0cf4527e40edc9aa28f4b5bd38bbff2b2/extensions/git/dist/askpass-main.js'), ('VSCODE_GIT_ASKPASS_NODE', '/home/ros/.vscode-server/bin/0ee08df0cf4527e40edc9aa28f4b5bd38bbff2b2/node'), ('COLORTERM', 'truecolor'), ('REMOTE_CONTAINERS', 'true'), ('ROS_DISTRO', 'humble'), ('REMOTE_CONTAINERS_IPC', '/tmp/vscode-remote-containers-ipc-50c619c6-2daf-4bfc-b140-aa6923d4a067.sock'), ('_', '/usr/bin/colcon'), ('ROS_VERSION', '2'), ('TERM', 'xterm-256color'), ('ROS_LOCALHOST_ONLY', '0'), ('PATH', '/home/ros/.vscode-server/bin/0ee08df0cf4527e40edc9aa28f4b5bd38bbff2b2/bin/remote-cli:/opt/ros/humble/bin:/usr/local/sbin:/usr/local/bin:/usr/sbin:/usr/bin:/sbin:/bin'), ('REMOTE_CONTAINERS_SOCKETS', '["/tmp/vscode-ssh-auth-50c619c6-2daf-4bfc-b140-aa6923d4a067.sock","/tmp/.X11-unix/X0","/home/ros/.gnupg/S.gpg-agent"]'), ('DISPLAY', ':1'), ('LANG', 'C.UTF-8'), ('VSCODE_GIT_IPC_HANDLE', '/tmp/vscode-git-f5e5d8950f.sock'), ('TERM_PROGRAM', 'vscode'), ('SSH_AUTH_SOCK', '/tmp/vscode-ssh-auth-50c619c6-2daf-4bfc-b140-aa6923d4a067.sock'), ('AMENT_PREFIX_PATH', '/SLAM/ros_ws/install/tiago_gazebo:/SLAM/ros_ws/install/tiago_moveit_config:/SLAM/ros_ws/install/tiago_bringup:/SLAM/ros_ws/install/tiago_description:/SLAM/ros_ws/install/tiago_2dnav:/SLAM/ros_ws/install/pmb2_description:/SLAM/ros_ws/install/tiago_controller_configuration:/SLAM/ros_ws/install/pmb2_controller_configuration:/SLAM/ros_ws/install/pmb2_2dnav:/SLAM/ros_ws/install/pal_gripper_description:/SLAM/ros_ws/install/pmb2_maps:/SLAM/ros_ws/install/pmb2_laser_sensors:/SLAM/ros_ws/install/pal_gripper_controller_configuration:/SLAM/ros_ws/install/pal_gazebo_worlds:/SLAM/ros_ws/install/launch_pal:/opt/ros/humble'), ('REMOTE_CONTAINERS_DISPLAY_SOCK', '/tmp/.X11-unix/X0'), ('SHELL', '/bin/bash'), ('VSCODE_GIT_ASKPASS_EXTRA_ARGS', ''), ('PWD', '/SLAM/ros_ws/build/tiago_simulation'), ('LC_ALL', 'C.UTF-8'), ('PYTHONPATH', '/SLAM/ros_ws/install/tiago_description/local/lib/python3.10/dist-packages:/SLAM/ros_ws/install/pmb2_description/local/lib/python3.10/dist-packages:/SLAM/ros_ws/build/launch_pal:/SLAM/ros_ws/install/launch_pal/lib/python3.10/site-packages:/opt/ros/humble/lib/python3.10/site-packages:/opt/ros/humble/local/lib/python3.10/dist-packages'), ('COLCON', '1'), ('CMAKE_PREFIX_PATH', '/SLAM/ros_ws/install/tiago_gazebo:/SLAM/ros_ws/install/tiago_moveit_config:/SLAM/ros_ws/install/tiago_bringup:/SLAM/ros_ws/install/tiago_description:/SLAM/ros_ws/install/tiago_2dnav:/SLAM/ros_ws/install/pmb2_description:/SLAM/ros_ws/install/tiago_controller_configuration:/SLAM/ros_ws/install/pmb2_controller_configuration:/SLAM/ros_ws/install/pmb2_2dnav:/SLAM/ros_ws/install/pal_gripper_description:/SLAM/ros_ws/install/pmb2_maps:/SLAM/ros_ws/install/pmb2_laser_sensors:/SLAM/ros_ws/install/pal_gripper_controller_configuration:/SLAM/ros_ws/install/pal_gazebo_worlds:/opt/ros/humble')]), 'shell': False}
[0.502544] (tiago_simulation) CommandEnded: {'returncode': 0}
[0.528841] (tiago_simulation) JobProgress: {'identifier': 'tiago_simulation', 'progress': 'install'}
[0.529221] (tiago_simulation) Command: {'cmd': ['/usr/bin/cmake', '--install', '/SLAM/ros_ws/build/tiago_simulation'], 'cwd': '/SLAM/ros_ws/build/tiago_simulation', 'env': OrderedDict([('HOSTNAME', 'acer'), ('GIT_ASKPASS', '/home/ros/.vscode-server/bin/0ee08df0cf4527e40edc9aa28f4b5bd38bbff2b2/extensions/git/dist/askpass.sh'), ('SHLVL', '2'), ('LD_LIBRARY_PATH', '/usr/lib/x86_64-linux-gnu/gazebo-11/plugins:/opt/ros/humble/opt/rviz_ogre_vendor/lib:/opt/ros/humble/lib/x86_64-linux-gnu:/opt/ros/humble/lib'), ('BROWSER', '/home/ros/.vscode-server/bin/0ee08df0cf4527e40edc9aa28f4b5bd38bbff2b2/bin/helpers/browser.sh'), ('HOME', '/home/ros'), ('TERM_PROGRAM_VERSION', '1.85.1'), ('VSCODE_IPC_HOOK_CLI', '/tmp/vscode-ipc-f75ace74-3a63-4e17-9c42-2d0b6a46ea6c.sock'), ('ROS_PYTHON_VERSION', '3'), ('VSCODE_GIT_ASKPASS_MAIN', '/home/ros/.vscode-server/bin/0ee08df0cf4527e40edc9aa28f4b5bd38bbff2b2/extensions/git/dist/askpass-main.js'), ('VSCODE_GIT_ASKPASS_NODE', '/home/ros/.vscode-server/bin/0ee08df0cf4527e40edc9aa28f4b5bd38bbff2b2/node'), ('COLORTERM', 'truecolor'), ('REMOTE_CONTAINERS', 'true'), ('ROS_DISTRO', 'humble'), ('REMOTE_CONTAINERS_IPC', '/tmp/vscode-remote-containers-ipc-50c619c6-2daf-4bfc-b140-aa6923d4a067.sock'), ('_', '/usr/bin/colcon'), ('ROS_VERSION', '2'), ('TERM', 'xterm-256color'), ('ROS_LOCALHOST_ONLY', '0'), ('PATH', '/home/ros/.vscode-server/bin/0ee08df0cf4527e40edc9aa28f4b5bd38bbff2b2/bin/remote-cli:/opt/ros/humble/bin:/usr/local/sbin:/usr/local/bin:/usr/sbin:/usr/bin:/sbin:/bin'), ('REMOTE_CONTAINERS_SOCKETS', '["/tmp/vscode-ssh-auth-50c619c6-2daf-4bfc-b140-aa6923d4a067.sock","/tmp/.X11-unix/X0","/home/ros/.gnupg/S.gpg-agent"]'), ('DISPLAY', ':1'), ('LANG', 'C.UTF-8'), ('VSCODE_GIT_IPC_HANDLE', '/tmp/vscode-git-f5e5d8950f.sock'), ('TERM_PROGRAM', 'vscode'), ('SSH_AUTH_SOCK', '/tmp/vscode-ssh-auth-50c619c6-2daf-4bfc-b140-aa6923d4a067.sock'), ('AMENT_PREFIX_PATH', '/SLAM/ros_ws/install/tiago_gazebo:/SLAM/ros_ws/install/tiago_moveit_config:/SLAM/ros_ws/install/tiago_bringup:/SLAM/ros_ws/install/tiago_description:/SLAM/ros_ws/install/tiago_2dnav:/SLAM/ros_ws/install/pmb2_description:/SLAM/ros_ws/install/tiago_controller_configuration:/SLAM/ros_ws/install/pmb2_controller_configuration:/SLAM/ros_ws/install/pmb2_2dnav:/SLAM/ros_ws/install/pal_gripper_description:/SLAM/ros_ws/install/pmb2_maps:/SLAM/ros_ws/install/pmb2_laser_sensors:/SLAM/ros_ws/install/pal_gripper_controller_configuration:/SLAM/ros_ws/install/pal_gazebo_worlds:/SLAM/ros_ws/install/launch_pal:/opt/ros/humble'), ('REMOTE_CONTAINERS_DISPLAY_SOCK', '/tmp/.X11-unix/X0'), ('SHELL', '/bin/bash'), ('VSCODE_GIT_ASKPASS_EXTRA_ARGS', ''), ('PWD', '/SLAM/ros_ws/build/tiago_simulation'), ('LC_ALL', 'C.UTF-8'), ('PYTHONPATH', '/SLAM/ros_ws/install/tiago_description/local/lib/python3.10/dist-packages:/SLAM/ros_ws/install/pmb2_description/local/lib/python3.10/dist-packages:/SLAM/ros_ws/build/launch_pal:/SLAM/ros_ws/install/launch_pal/lib/python3.10/site-packages:/opt/ros/humble/lib/python3.10/site-packages:/opt/ros/humble/local/lib/python3.10/dist-packages'), ('COLCON', '1'), ('CMAKE_PREFIX_PATH', '/SLAM/ros_ws/install/tiago_gazebo:/SLAM/ros_ws/install/tiago_moveit_config:/SLAM/ros_ws/install/tiago_bringup:/SLAM/ros_ws/install/tiago_description:/SLAM/ros_ws/install/tiago_2dnav:/SLAM/ros_ws/install/pmb2_description:/SLAM/ros_ws/install/tiago_controller_configuration:/SLAM/ros_ws/install/pmb2_controller_configuration:/SLAM/ros_ws/install/pmb2_2dnav:/SLAM/ros_ws/install/pal_gripper_description:/SLAM/ros_ws/install/pmb2_maps:/SLAM/ros_ws/install/pmb2_laser_sensors:/SLAM/ros_ws/install/pal_gripper_controller_configuration:/SLAM/ros_ws/install/pal_gazebo_worlds:/opt/ros/humble')]), 'shell': False}
[0.538313] (tiago_simulation) StdoutLine: {'line': b'-- Install configuration: ""\n'}
[0.538658] (tiago_simulation) StdoutLine: {'line': b'-- Execute custom install script\n'}
[0.538826] (tiago_simulation) StdoutLine: {'line': b'-- Up-to-date symlink: /SLAM/ros_ws/install/tiago_simulation/share/ament_index/resource_index/package_run_dependencies/tiago_simulation\n'}
[0.538982] (tiago_simulation) StdoutLine: {'line': b'-- Up-to-date symlink: /SLAM/ros_ws/install/tiago_simulation/share/ament_index/resource_index/parent_prefix_path/tiago_simulation\n'}
[0.539140] (tiago_simulation) StdoutLine: {'line': b'-- Up-to-date symlink: /SLAM/ros_ws/install/tiago_simulation/share/tiago_simulation/environment/ament_prefix_path.sh\n'}
[0.539280] (tiago_simulation) StdoutLine: {'line': b'-- Up-to-date symlink: /SLAM/ros_ws/install/tiago_simulation/share/tiago_simulation/environment/ament_prefix_path.dsv\n'}
[0.539536] (tiago_simulation) StdoutLine: {'line': b'-- Up-to-date symlink: /SLAM/ros_ws/install/tiago_simulation/share/tiago_simulation/environment/path.sh\n'}
[0.539634] (tiago_simulation) StdoutLine: {'line': b'-- Up-to-date symlink: /SLAM/ros_ws/install/tiago_simulation/share/tiago_simulation/environment/path.dsv\n'}
[0.539785] (tiago_simulation) StdoutLine: {'line': b'-- Up-to-date symlink: /SLAM/ros_ws/install/tiago_simulation/share/tiago_simulation/local_setup.bash\n'}
[0.539914] (tiago_simulation) StdoutLine: {'line': b'-- Up-to-date symlink: /SLAM/ros_ws/install/tiago_simulation/share/tiago_simulation/local_setup.sh\n'}
[0.540012] (tiago_simulation) StdoutLine: {'line': b'-- Up-to-date symlink: /SLAM/ros_ws/install/tiago_simulation/share/tiago_simulation/local_setup.zsh\n'}
[0.540157] (tiago_simulation) StdoutLine: {'line': b'-- Up-to-date symlink: /SLAM/ros_ws/install/tiago_simulation/share/tiago_simulation/local_setup.dsv\n'}
[0.540247] (tiago_simulation) StdoutLine: {'line': b'-- Symlinking: /SLAM/ros_ws/install/tiago_simulation/share/tiago_simulation/package.dsv\n'}
[0.545675] (-) TimerEvent: {}
[0.552028] (tiago_simulation) StdoutLine: {'line': b'-- Up-to-date symlink: /SLAM/ros_ws/install/tiago_simulation/share/ament_index/resource_index/packages/tiago_simulation\n'}
[0.552386] (tiago_simulation) StdoutLine: {'line': b'-- Up-to-date symlink: /SLAM/ros_ws/install/tiago_simulation/share/tiago_simulation/cmake/tiago_simulationConfig.cmake\n'}
[0.552492] (tiago_simulation) StdoutLine: {'line': b'-- Up-to-date symlink: /SLAM/ros_ws/install/tiago_simulation/share/tiago_simulation/cmake/tiago_simulationConfig-version.cmake\n'}
[0.552594] (tiago_simulation) StdoutLine: {'line': b'-- Up-to-date symlink: /SLAM/ros_ws/install/tiago_simulation/share/tiago_simulation/package.xml\n'}
[0.555538] (tiago_simulation) CommandEnded: {'returncode': 0}
[0.645774] (-) TimerEvent: {}
[0.686799] (tiago_simulation) JobEnded: {'identifier': 'tiago_simulation', 'rc': 0}
[0.687438] (-) EventReactorShutdown: {}
