[0.000000] (-) TimerEvent: {}
[0.000591] (-) JobUnselected: {'identifier': 'astra_camera'}
[0.000644] (-) JobUnselected: {'identifier': 'astra_camera_msgs'}
[0.000706] (-) JobUnselected: {'identifier': 'camera_calibration'}
[0.000802] (-) JobUnselected: {'identifier': 'depth_image_proc'}
[0.000869] (-) JobUnselected: {'identifier': 'image_pipeline'}
[0.000891] (-) JobUnselected: {'identifier': 'image_proc'}
[0.000927] (-) JobUnselected: {'identifier': 'image_publisher'}
[0.001000] (-) JobUnselected: {'identifier': 'image_rotate'}
[0.001067] (-) JobUnselected: {'identifier': 'image_view'}
[0.001085] (-) JobUnselected: {'identifier': 'my_robot_controller'}
[0.001117] (-) JobUnselected: {'identifier': 'rplidar_ros'}
[0.001195] (-) JobUnselected: {'identifier': 'rtabmap'}
[0.001251] (-) JobUnselected: {'identifier': 'rtabmap_conversions'}
[0.001284] (-) JobUnselected: {'identifier': 'rtabmap_demos'}
[0.001365] (-) JobUnselected: {'identifier': 'rtabmap_examples'}
[0.001397] (-) JobUnselected: {'identifier': 'rtabmap_launch'}
[0.001441] (-) JobUnselected: {'identifier': 'rtabmap_msgs'}
[0.001458] (-) JobUnselected: {'identifier': 'rtabmap_odom'}
[0.001488] (-) JobUnselected: {'identifier': 'rtabmap_python'}
[0.001553] (-) JobUnselected: {'identifier': 'rtabmap_ros'}
[0.001600] (-) JobUnselected: {'identifier': 'rtabmap_rviz_plugins'}
[0.001644] (-) JobUnselected: {'identifier': 'rtabmap_slam'}
[0.001660] (-) JobUnselected: {'identifier': 'rtabmap_sync'}
[0.001688] (-) JobUnselected: {'identifier': 'rtabmap_util'}
[0.001768] (-) JobUnselected: {'identifier': 'rtabmap_viz'}
[0.001783] (-) JobUnselected: {'identifier': 'sllidar_ros2'}
[0.001797] (-) JobUnselected: {'identifier': 'stereo_image_proc'}
[0.001822] (-) JobUnselected: {'identifier': 'tracetools_image_pipeline'}
[0.001836] (-) JobUnselected: {'identifier': 'tutourial_intefaces'}
[0.001893] (slam_toolbox) JobQueued: {'identifier': 'slam_toolbox', 'dependencies': OrderedDict()}
[0.001911] (slam_toolbox) JobStarted: {'identifier': 'slam_toolbox'}
[0.056923] (slam_toolbox) JobProgress: {'identifier': 'slam_toolbox', 'progress': 'cmake'}
[0.057815] (slam_toolbox) JobProgress: {'identifier': 'slam_toolbox', 'progress': 'build'}
[0.058462] (slam_toolbox) Command: {'cmd': ['/usr/bin/cmake', '--build', '/SLAM/ros_ws/build/slam_toolbox', '--', '-j16', '-l16'], 'cwd': '/SLAM/ros_ws/build/slam_toolbox', 'env': OrderedDict([('HOSTNAME', 'acer'), ('ROS_PACKAGE_PATH', '/SLAM/ros_ws/install/rtabmap_msgs/share'), ('GIT_ASKPASS', '/home/ros/.vscode-server/bin/0ee08df0cf4527e40edc9aa28f4b5bd38bbff2b2/extensions/git/dist/askpass.sh'), ('SHLVL', '2'), ('LD_LIBRARY_PATH', '/SLAM/ros_ws/install/slam_toolbox/lib:/SLAM/ros_ws/install/tutourial_intefaces/lib:/SLAM/ros_ws/install/stereo_image_proc/lib:/SLAM/ros_ws/install/image_proc/lib:/SLAM/ros_ws/install/tracetools_image_pipeline/lib:/SLAM/ros_ws/install/rtabmap_slam/lib:/SLAM/ros_ws/install/rtabmap_odom/lib:/SLAM/ros_ws/install/rtabmap_util/lib:/SLAM/ros_ws/install/rtabmap_sync/lib:/SLAM/ros_ws/install/rtabmap_rviz_plugins/lib:/SLAM/ros_ws/install/rtabmap_conversions/lib:/SLAM/ros_ws/install/rtabmap_msgs/lib:/SLAM/ros_ws/install/rtabmap/lib:/SLAM/ros_ws/install/more_interfaces/lib:/SLAM/ros_ws/install/image_view/lib:/SLAM/ros_ws/install/image_rotate/lib:/SLAM/ros_ws/install/astra_camera/lib:/SLAM/ros_ws/install/image_publisher/lib:/SLAM/ros_ws/install/depth_image_proc/lib:/SLAM/ros_ws/install/astra_camera_msgs/lib:/usr/lib/x86_64-linux-gnu/gazebo-11/plugins:/opt/ros/humble/opt/rviz_ogre_vendor/lib:/opt/ros/humble/lib/x86_64-linux-gnu:/opt/ros/humble/lib'), ('BROWSER', '/home/ros/.vscode-server/bin/0ee08df0cf4527e40edc9aa28f4b5bd38bbff2b2/bin/helpers/browser.sh'), ('HOME', '/home/ros'), ('OLDPWD', '/home/ros'), ('TERM_PROGRAM_VERSION', '1.85.1'), ('VSCODE_IPC_HOOK_CLI', '/tmp/vscode-ipc-d0b63d51-ee47-4cc3-9763-957d3a0a55dc.sock'), ('ROS_PYTHON_VERSION', '3'), ('VSCODE_GIT_ASKPASS_MAIN', '/home/ros/.vscode-server/bin/0ee08df0cf4527e40edc9aa28f4b5bd38bbff2b2/extensions/git/dist/askpass-main.js'), ('VSCODE_GIT_ASKPASS_NODE', '/home/ros/.vscode-server/bin/0ee08df0cf4527e40edc9aa28f4b5bd38bbff2b2/node'), ('COLORTERM', 'truecolor'), ('REMOTE_CONTAINERS', 'true'), ('COLCON_PREFIX_PATH', '/SLAM/ros_ws/install'), ('ROS_DISTRO', 'humble'), ('REMOTE_CONTAINERS_IPC', '/tmp/vscode-remote-containers-ipc-528dfde9-9f14-41fd-a482-5dab64c06cbc.sock'), ('_', '/usr/bin/colcon'), ('ROS_VERSION', '2'), ('PKG_CONFIG_PATH', '/SLAM/ros_ws/install/rtabmap_msgs/lib/x86_64-linux-gnu/pkgconfig:/SLAM/ros_ws/install/rtabmap_msgs/lib/pkgconfig:/SLAM/ros_ws/install/rtabmap/lib/x86_64-linux-gnu/pkgconfig:/SLAM/ros_ws/install/rtabmap/lib/pkgconfig'), ('TERM', 'xterm-256color'), ('ROS_LOCALHOST_ONLY', '0'), ('PATH', '/SLAM/ros_ws/install/image_proc/bin:/SLAM/ros_ws/install/rtabmap/bin:/home/ros/.vscode-server/bin/0ee08df0cf4527e40edc9aa28f4b5bd38bbff2b2/bin/remote-cli:/opt/ros/humble/bin:/usr/local/sbin:/usr/local/bin:/usr/sbin:/usr/bin:/sbin:/bin'), ('REMOTE_CONTAINERS_SOCKETS', '["/tmp/vscode-ssh-auth-528dfde9-9f14-41fd-a482-5dab64c06cbc.sock","/tmp/.X11-unix/X0","/home/ros/.gnupg/S.gpg-agent"]'), ('DISPLAY', ':1'), ('LANG', 'C.UTF-8'), ('VSCODE_GIT_IPC_HANDLE', '/tmp/vscode-git-300c5a9faf.sock'), ('TERM_PROGRAM', 'vscode'), ('SSH_AUTH_SOCK', '/tmp/vscode-ssh-auth-528dfde9-9f14-41fd-a482-5dab64c06cbc.sock'), ('AMENT_PREFIX_PATH', '/SLAM/ros_ws/install/slam_toolbox:/SLAM/ros_ws/install/tutourial_intefaces:/SLAM/ros_ws/install/image_pipeline:/SLAM/ros_ws/install/stereo_image_proc:/SLAM/ros_ws/install/image_proc:/SLAM/ros_ws/install/tracetools_image_pipeline:/SLAM/ros_ws/install/sllidar_ros2:/SLAM/ros_ws/install/rtabmap_ros:/SLAM/ros_ws/install/rtabmap_launch:/SLAM/ros_ws/install/rtabmap_examples:/SLAM/ros_ws/install/rtabmap_demos:/SLAM/ros_ws/install/rtabmap_viz:/SLAM/ros_ws/install/rtabmap_slam:/SLAM/ros_ws/install/rtabmap_odom:/SLAM/ros_ws/install/rtabmap_util:/SLAM/ros_ws/install/rtabmap_sync:/SLAM/ros_ws/install/rtabmap_rviz_plugins:/SLAM/ros_ws/install/rtabmap_python:/SLAM/ros_ws/install/rtabmap_conversions:/SLAM/ros_ws/install/rplidar_ros:/SLAM/ros_ws/install/my_robot_controller:/SLAM/ros_ws/install/more_interfaces:/SLAM/ros_ws/install/image_view:/SLAM/ros_ws/install/image_rotate:/SLAM/ros_ws/install/astra_camera:/SLAM/ros_ws/install/image_publisher:/SLAM/ros_ws/install/depth_image_proc:/SLAM/ros_ws/install/cpp_srvcli:/SLAM/ros_ws/install/cpp_pubsub:/SLAM/ros_ws/install/camera_calibration:/SLAM/ros_ws/install/astra_camera_msgs:/opt/ros/humble'), ('REMOTE_CONTAINERS_DISPLAY_SOCK', '/tmp/.X11-unix/X0'), ('SHELL', '/bin/bash'), ('VSCODE_GIT_ASKPASS_EXTRA_ARGS', ''), ('PWD', '/SLAM/ros_ws/build/slam_toolbox'), ('LC_ALL', 'C.UTF-8'), ('PYTHONPATH', '/SLAM/ros_ws/install/slam_toolbox/local/lib/python3.10/dist-packages:/SLAM/ros_ws/install/tutourial_intefaces/local/lib/python3.10/dist-packages:/SLAM/ros_ws/build/rtabmap_python:/SLAM/ros_ws/install/rtabmap_python/lib/python3.10/site-packages:/SLAM/ros_ws/install/rtabmap_msgs/local/lib/python3.10/dist-packages:/SLAM/ros_ws/build/my_robot_controller:/SLAM/ros_ws/install/my_robot_controller/lib/python3.10/site-packages:/SLAM/ros_ws/install/more_interfaces/local/lib/python3.10/dist-packages:/SLAM/ros_ws/build/camera_calibration/src:/SLAM/ros_ws/install/camera_calibration/lib/python3.10/site-packages:/SLAM/ros_ws/install/astra_camera_msgs/local/lib/python3.10/dist-packages:/opt/ros/humble/lib/python3.10/site-packages:/opt/ros/humble/local/lib/python3.10/dist-packages'), ('COLCON', '1'), ('CMAKE_PREFIX_PATH', '/SLAM/ros_ws/install/slam_toolbox:/SLAM/ros_ws/install/tutourial_intefaces:/SLAM/ros_ws/install/image_pipeline:/SLAM/ros_ws/install/stereo_image_proc:/SLAM/ros_ws/install/image_proc:/SLAM/ros_ws/install/tracetools_image_pipeline:/SLAM/ros_ws/install/sllidar_ros2:/SLAM/ros_ws/install/rtabmap_ros:/SLAM/ros_ws/install/rtabmap_launch:/SLAM/ros_ws/install/rtabmap_examples:/SLAM/ros_ws/install/rtabmap_demos:/SLAM/ros_ws/install/rtabmap_viz:/SLAM/ros_ws/install/rtabmap_slam:/SLAM/ros_ws/install/rtabmap_odom:/SLAM/ros_ws/install/rtabmap_util:/SLAM/ros_ws/install/rtabmap_sync:/SLAM/ros_ws/install/rtabmap_rviz_plugins:/SLAM/ros_ws/install/rtabmap_conversions:/SLAM/ros_ws/install/rtabmap_python:/SLAM/ros_ws/install/my_robot_controller:/SLAM/ros_ws/install/camera_calibration:/opt/ros/humble:/SLAM/ros_ws/install/rtabmap_msgs:/SLAM/ros_ws/install/rtabmap:/SLAM/ros_ws/install/rplidar_ros:/SLAM/ros_ws/install/more_interfaces:/SLAM/ros_ws/install/image_view:/SLAM/ros_ws/install/image_rotate:/SLAM/ros_ws/install/astra_camera:/SLAM/ros_ws/install/image_publisher:/SLAM/ros_ws/install/depth_image_proc:/SLAM/ros_ws/install/cpp_srvcli:/SLAM/ros_ws/install/cpp_pubsub:/SLAM/ros_ws/install/astra_camera_msgs')]), 'shell': False}
[0.099756] (-) TimerEvent: {}
[0.137417] (slam_toolbox) StdoutLine: {'line': b'[  1%] Built target slam_toolbox__cpp\n'}
[0.138634] (slam_toolbox) StdoutLine: {'line': b'[ 10%] Built target slam_toolbox__rosidl_generator_c\n'}
[0.149853] (slam_toolbox) StdoutLine: {'line': b'[ 10%] Built target ament_cmake_python_symlink_slam_toolbox\n'}
[0.153001] (slam_toolbox) StdoutLine: {'line': b'[ 12%] Built target kartoSlamToolbox\n'}
[0.169181] (slam_toolbox) StdoutLine: {'line': b'[ 20%] Built target slam_toolbox__rosidl_typesupport_c\n'}
[0.170012] (slam_toolbox) StdoutLine: {'line': b'[ 36%] Built target slam_toolbox__rosidl_typesupport_introspection_c\n'}
[0.170131] (slam_toolbox) StdoutLine: {'line': b'[ 36%] Built target slam_toolbox__rosidl_typesupport_introspection_cpp\n'}
[0.170355] (slam_toolbox) StdoutLine: {'line': b'[ 44%] Built target slam_toolbox__rosidl_typesupport_cpp\n'}
[0.170654] (slam_toolbox) StdoutLine: {'line': b'[ 53%] Built target slam_toolbox__rosidl_typesupport_fastrtps_cpp\n'}
[0.172005] (slam_toolbox) StdoutLine: {'line': b'[ 62%] Built target slam_toolbox__rosidl_typesupport_fastrtps_c\n'}
[0.199854] (-) TimerEvent: {}
[0.202150] (slam_toolbox) StdoutLine: {'line': b'[ 62%] Built target slam_toolbox\n'}
[0.216433] (slam_toolbox) StdoutLine: {'line': b'[ 64%] Built target SlamToolboxPlugin\n'}
[0.219170] (slam_toolbox) StdoutLine: {'line': b'[ 66%] Built target ceres_solver_plugin\n'}
[0.230706] (slam_toolbox) StdoutLine: {'line': b'[ 71%] Built target toolbox_common\n'}
[0.232379] (slam_toolbox) StdoutLine: {'line': b'[ 71%] Built target slam_toolbox__py\n'}
[0.267693] (slam_toolbox) StdoutLine: {'line': b'[ 79%] Built target slam_toolbox__rosidl_generator_py\n'}
[0.279241] (slam_toolbox) StdoutLine: {'line': b'[ 85%] Built target localization_slam_toolbox\n'}
[0.279526] (slam_toolbox) StdoutLine: {'line': b'[ 85%] Built target merge_maps_kinematic\n'}
[0.279609] (slam_toolbox) StdoutLine: {'line': b'[ 85%] Built target sync_slam_toolbox\n'}
[0.279686] (slam_toolbox) StdoutLine: {'line': b'[ 86%] Built target async_slam_toolbox\n'}
[0.280452] (slam_toolbox) StdoutLine: {'line': b'[ 87%] Built target lifelong_slam_toolbox\n'}
[0.299307] (slam_toolbox) StdoutLine: {'line': b'[ 89%] Built target slam_toolbox__rosidl_typesupport_c__pyext\n'}
[0.299565] (slam_toolbox) StdoutLine: {'line': b'[ 90%] Built target slam_toolbox__rosidl_typesupport_fastrtps_c__pyext\n'}
[0.299701] (slam_toolbox) StdoutLine: {'line': b'[ 92%] Built target slam_toolbox__rosidl_typesupport_introspection_c__pyext\n'}
[0.299916] (-) TimerEvent: {}
[0.333730] (slam_toolbox) StdoutLine: {'line': b'[ 94%] Built target localization_slam_toolbox_node\n'}
[0.334198] (slam_toolbox) StdoutLine: {'line': b'[ 95%] Built target async_slam_toolbox_node\n'}
[0.335425] (slam_toolbox) StdoutLine: {'line': b'[ 96%] Built target sync_slam_toolbox_node\n'}
[0.341622] (slam_toolbox) StdoutLine: {'line': b'[ 98%] Built target lifelong_slam_toolbox_node\n'}
[0.347038] (slam_toolbox) StdoutLine: {'line': b'[ 99%] Built target map_and_localization_slam_toolbox\n'}
[0.380862] (slam_toolbox) StdoutLine: {'line': b'running egg_info\n'}
[0.381374] (slam_toolbox) StdoutLine: {'line': b'writing slam_toolbox.egg-info/PKG-INFO\n'}
[0.381544] (slam_toolbox) StdoutLine: {'line': b'writing dependency_links to slam_toolbox.egg-info/dependency_links.txt\n'}
[0.381685] (slam_toolbox) StdoutLine: {'line': b'writing top-level names to slam_toolbox.egg-info/top_level.txt\n'}
[0.383527] (slam_toolbox) StdoutLine: {'line': b"reading manifest file 'slam_toolbox.egg-info/SOURCES.txt'\n"}
[0.384080] (slam_toolbox) StdoutLine: {'line': b"writing manifest file 'slam_toolbox.egg-info/SOURCES.txt'\n"}
[0.400051] (-) TimerEvent: {}
[0.400434] (slam_toolbox) StdoutLine: {'line': b'[100%] Built target map_and_localization_slam_toolbox_node\n'}
[0.412534] (slam_toolbox) StdoutLine: {'line': b'[100%] Built target ament_cmake_python_build_slam_toolbox_egg\n'}
[0.429322] (slam_toolbox) CommandEnded: {'returncode': 0}
[0.500123] (-) TimerEvent: {}
[0.600418] (-) TimerEvent: {}
[0.700643] (-) TimerEvent: {}
[0.800872] (-) TimerEvent: {}
[0.901112] (-) TimerEvent: {}
[0.992506] (slam_toolbox) JobProgress: {'identifier': 'slam_toolbox', 'progress': 'install'}
[1.001192] (-) TimerEvent: {}
[1.004467] (slam_toolbox) Command: {'cmd': ['/usr/bin/cmake', '--install', '/SLAM/ros_ws/build/slam_toolbox'], 'cwd': '/SLAM/ros_ws/build/slam_toolbox', 'env': OrderedDict([('HOSTNAME', 'acer'), ('ROS_PACKAGE_PATH', '/SLAM/ros_ws/install/rtabmap_msgs/share'), ('GIT_ASKPASS', '/home/ros/.vscode-server/bin/0ee08df0cf4527e40edc9aa28f4b5bd38bbff2b2/extensions/git/dist/askpass.sh'), ('SHLVL', '2'), ('LD_LIBRARY_PATH', '/SLAM/ros_ws/install/slam_toolbox/lib:/SLAM/ros_ws/install/tutourial_intefaces/lib:/SLAM/ros_ws/install/stereo_image_proc/lib:/SLAM/ros_ws/install/image_proc/lib:/SLAM/ros_ws/install/tracetools_image_pipeline/lib:/SLAM/ros_ws/install/rtabmap_slam/lib:/SLAM/ros_ws/install/rtabmap_odom/lib:/SLAM/ros_ws/install/rtabmap_util/lib:/SLAM/ros_ws/install/rtabmap_sync/lib:/SLAM/ros_ws/install/rtabmap_rviz_plugins/lib:/SLAM/ros_ws/install/rtabmap_conversions/lib:/SLAM/ros_ws/install/rtabmap_msgs/lib:/SLAM/ros_ws/install/rtabmap/lib:/SLAM/ros_ws/install/more_interfaces/lib:/SLAM/ros_ws/install/image_view/lib:/SLAM/ros_ws/install/image_rotate/lib:/SLAM/ros_ws/install/astra_camera/lib:/SLAM/ros_ws/install/image_publisher/lib:/SLAM/ros_ws/install/depth_image_proc/lib:/SLAM/ros_ws/install/astra_camera_msgs/lib:/usr/lib/x86_64-linux-gnu/gazebo-11/plugins:/opt/ros/humble/opt/rviz_ogre_vendor/lib:/opt/ros/humble/lib/x86_64-linux-gnu:/opt/ros/humble/lib'), ('BROWSER', '/home/ros/.vscode-server/bin/0ee08df0cf4527e40edc9aa28f4b5bd38bbff2b2/bin/helpers/browser.sh'), ('HOME', '/home/ros'), ('OLDPWD', '/home/ros'), ('TERM_PROGRAM_VERSION', '1.85.1'), ('VSCODE_IPC_HOOK_CLI', '/tmp/vscode-ipc-d0b63d51-ee47-4cc3-9763-957d3a0a55dc.sock'), ('ROS_PYTHON_VERSION', '3'), ('VSCODE_GIT_ASKPASS_MAIN', '/home/ros/.vscode-server/bin/0ee08df0cf4527e40edc9aa28f4b5bd38bbff2b2/extensions/git/dist/askpass-main.js'), ('VSCODE_GIT_ASKPASS_NODE', '/home/ros/.vscode-server/bin/0ee08df0cf4527e40edc9aa28f4b5bd38bbff2b2/node'), ('COLORTERM', 'truecolor'), ('REMOTE_CONTAINERS', 'true'), ('COLCON_PREFIX_PATH', '/SLAM/ros_ws/install'), ('ROS_DISTRO', 'humble'), ('REMOTE_CONTAINERS_IPC', '/tmp/vscode-remote-containers-ipc-528dfde9-9f14-41fd-a482-5dab64c06cbc.sock'), ('_', '/usr/bin/colcon'), ('ROS_VERSION', '2'), ('PKG_CONFIG_PATH', '/SLAM/ros_ws/install/rtabmap_msgs/lib/x86_64-linux-gnu/pkgconfig:/SLAM/ros_ws/install/rtabmap_msgs/lib/pkgconfig:/SLAM/ros_ws/install/rtabmap/lib/x86_64-linux-gnu/pkgconfig:/SLAM/ros_ws/install/rtabmap/lib/pkgconfig'), ('TERM', 'xterm-256color'), ('ROS_LOCALHOST_ONLY', '0'), ('PATH', '/SLAM/ros_ws/install/image_proc/bin:/SLAM/ros_ws/install/rtabmap/bin:/home/ros/.vscode-server/bin/0ee08df0cf4527e40edc9aa28f4b5bd38bbff2b2/bin/remote-cli:/opt/ros/humble/bin:/usr/local/sbin:/usr/local/bin:/usr/sbin:/usr/bin:/sbin:/bin'), ('REMOTE_CONTAINERS_SOCKETS', '["/tmp/vscode-ssh-auth-528dfde9-9f14-41fd-a482-5dab64c06cbc.sock","/tmp/.X11-unix/X0","/home/ros/.gnupg/S.gpg-agent"]'), ('DISPLAY', ':1'), ('LANG', 'C.UTF-8'), ('VSCODE_GIT_IPC_HANDLE', '/tmp/vscode-git-300c5a9faf.sock'), ('TERM_PROGRAM', 'vscode'), ('SSH_AUTH_SOCK', '/tmp/vscode-ssh-auth-528dfde9-9f14-41fd-a482-5dab64c06cbc.sock'), ('AMENT_PREFIX_PATH', '/SLAM/ros_ws/install/slam_toolbox:/SLAM/ros_ws/install/tutourial_intefaces:/SLAM/ros_ws/install/image_pipeline:/SLAM/ros_ws/install/stereo_image_proc:/SLAM/ros_ws/install/image_proc:/SLAM/ros_ws/install/tracetools_image_pipeline:/SLAM/ros_ws/install/sllidar_ros2:/SLAM/ros_ws/install/rtabmap_ros:/SLAM/ros_ws/install/rtabmap_launch:/SLAM/ros_ws/install/rtabmap_examples:/SLAM/ros_ws/install/rtabmap_demos:/SLAM/ros_ws/install/rtabmap_viz:/SLAM/ros_ws/install/rtabmap_slam:/SLAM/ros_ws/install/rtabmap_odom:/SLAM/ros_ws/install/rtabmap_util:/SLAM/ros_ws/install/rtabmap_sync:/SLAM/ros_ws/install/rtabmap_rviz_plugins:/SLAM/ros_ws/install/rtabmap_python:/SLAM/ros_ws/install/rtabmap_conversions:/SLAM/ros_ws/install/rplidar_ros:/SLAM/ros_ws/install/my_robot_controller:/SLAM/ros_ws/install/more_interfaces:/SLAM/ros_ws/install/image_view:/SLAM/ros_ws/install/image_rotate:/SLAM/ros_ws/install/astra_camera:/SLAM/ros_ws/install/image_publisher:/SLAM/ros_ws/install/depth_image_proc:/SLAM/ros_ws/install/cpp_srvcli:/SLAM/ros_ws/install/cpp_pubsub:/SLAM/ros_ws/install/camera_calibration:/SLAM/ros_ws/install/astra_camera_msgs:/opt/ros/humble'), ('REMOTE_CONTAINERS_DISPLAY_SOCK', '/tmp/.X11-unix/X0'), ('SHELL', '/bin/bash'), ('VSCODE_GIT_ASKPASS_EXTRA_ARGS', ''), ('PWD', '/SLAM/ros_ws/build/slam_toolbox'), ('LC_ALL', 'C.UTF-8'), ('PYTHONPATH', '/SLAM/ros_ws/install/slam_toolbox/local/lib/python3.10/dist-packages:/SLAM/ros_ws/install/tutourial_intefaces/local/lib/python3.10/dist-packages:/SLAM/ros_ws/build/rtabmap_python:/SLAM/ros_ws/install/rtabmap_python/lib/python3.10/site-packages:/SLAM/ros_ws/install/rtabmap_msgs/local/lib/python3.10/dist-packages:/SLAM/ros_ws/build/my_robot_controller:/SLAM/ros_ws/install/my_robot_controller/lib/python3.10/site-packages:/SLAM/ros_ws/install/more_interfaces/local/lib/python3.10/dist-packages:/SLAM/ros_ws/build/camera_calibration/src:/SLAM/ros_ws/install/camera_calibration/lib/python3.10/site-packages:/SLAM/ros_ws/install/astra_camera_msgs/local/lib/python3.10/dist-packages:/opt/ros/humble/lib/python3.10/site-packages:/opt/ros/humble/local/lib/python3.10/dist-packages'), ('COLCON', '1'), ('CMAKE_PREFIX_PATH', '/SLAM/ros_ws/install/slam_toolbox:/SLAM/ros_ws/install/tutourial_intefaces:/SLAM/ros_ws/install/image_pipeline:/SLAM/ros_ws/install/stereo_image_proc:/SLAM/ros_ws/install/image_proc:/SLAM/ros_ws/install/tracetools_image_pipeline:/SLAM/ros_ws/install/sllidar_ros2:/SLAM/ros_ws/install/rtabmap_ros:/SLAM/ros_ws/install/rtabmap_launch:/SLAM/ros_ws/install/rtabmap_examples:/SLAM/ros_ws/install/rtabmap_demos:/SLAM/ros_ws/install/rtabmap_viz:/SLAM/ros_ws/install/rtabmap_slam:/SLAM/ros_ws/install/rtabmap_odom:/SLAM/ros_ws/install/rtabmap_util:/SLAM/ros_ws/install/rtabmap_sync:/SLAM/ros_ws/install/rtabmap_rviz_plugins:/SLAM/ros_ws/install/rtabmap_conversions:/SLAM/ros_ws/install/rtabmap_python:/SLAM/ros_ws/install/my_robot_controller:/SLAM/ros_ws/install/camera_calibration:/opt/ros/humble:/SLAM/ros_ws/install/rtabmap_msgs:/SLAM/ros_ws/install/rtabmap:/SLAM/ros_ws/install/rplidar_ros:/SLAM/ros_ws/install/more_interfaces:/SLAM/ros_ws/install/image_view:/SLAM/ros_ws/install/image_rotate:/SLAM/ros_ws/install/astra_camera:/SLAM/ros_ws/install/image_publisher:/SLAM/ros_ws/install/depth_image_proc:/SLAM/ros_ws/install/cpp_srvcli:/SLAM/ros_ws/install/cpp_pubsub:/SLAM/ros_ws/install/astra_camera_msgs')]), 'shell': False}
[1.014880] (slam_toolbox) StdoutLine: {'line': b'-- Install configuration: "Release"\n'}
[1.015422] (slam_toolbox) StdoutLine: {'line': b'-- Execute custom install script\n'}
[1.015790] (slam_toolbox) StdoutLine: {'line': b'-- Up-to-date symlink: /SLAM/ros_ws/install/slam_toolbox/include//karto_sdk/Karto.h\n'}
[1.015905] (slam_toolbox) StdoutLine: {'line': b'-- Up-to-date symlink: /SLAM/ros_ws/install/slam_toolbox/include//karto_sdk/Macros.h\n'}
[1.016017] (slam_toolbox) StdoutLine: {'line': b'-- Up-to-date symlink: /SLAM/ros_ws/install/slam_toolbox/include//karto_sdk/Mapper.h\n'}
[1.016122] (slam_toolbox) StdoutLine: {'line': b'-- Up-to-date symlink: /SLAM/ros_ws/install/slam_toolbox/include//karto_sdk/Math.h\n'}
[1.016229] (slam_toolbox) StdoutLine: {'line': b'-- Up-to-date symlink: /SLAM/ros_ws/install/slam_toolbox/include//karto_sdk/Types.h\n'}
[1.016347] (slam_toolbox) StdoutLine: {'line': b'-- Up-to-date symlink: /SLAM/ros_ws/install/slam_toolbox/include//karto_sdk/nanoflann.hpp\n'}
[1.016450] (slam_toolbox) StdoutLine: {'line': b'-- Up-to-date symlink: /SLAM/ros_ws/install/slam_toolbox/include//karto_sdk/nanoflann_adaptors.h\n'}
[1.016611] (slam_toolbox) StdoutLine: {'line': b'-- Up-to-date symlink: /SLAM/ros_ws/install/slam_toolbox/share/ament_index/resource_index/rosidl_interfaces/slam_toolbox\n'}
[1.017258] (slam_toolbox) StdoutLine: {'line': b'-- Up-to-date symlink: /SLAM/ros_ws/install/slam_toolbox/include/slam_toolbox/slam_toolbox/msg/rosidl_generator_c__visibility_control.h\n'}
[1.017375] (slam_toolbox) StdoutLine: {'line': b'-- Up-to-date symlink: /SLAM/ros_ws/install/slam_toolbox/include/slam_toolbox/slam_toolbox/srv/add_submap.h\n'}
[1.017507] (slam_toolbox) StdoutLine: {'line': b'-- Up-to-date symlink: /SLAM/ros_ws/install/slam_toolbox/include/slam_toolbox/slam_toolbox/srv/clear.h\n'}
[1.017637] (slam_toolbox) StdoutLine: {'line': b'-- Up-to-date symlink: /SLAM/ros_ws/install/slam_toolbox/include/slam_toolbox/slam_toolbox/srv/clear_queue.h\n'}
[1.017730] (slam_toolbox) StdoutLine: {'line': b'-- Up-to-date symlink: /SLAM/ros_ws/install/slam_toolbox/include/slam_toolbox/slam_toolbox/srv/deserialize_pose_graph.h\n'}
[1.017870] (slam_toolbox) StdoutLine: {'line': b'-- Up-to-date symlink: /SLAM/ros_ws/install/slam_toolbox/include/slam_toolbox/slam_toolbox/srv/detail/add_submap__functions.h\n'}
[1.017989] (slam_toolbox) StdoutLine: {'line': b'-- Up-to-date symlink: /SLAM/ros_ws/install/slam_toolbox/include/slam_toolbox/slam_toolbox/srv/detail/add_submap__struct.h\n'}
[1.018103] (slam_toolbox) StdoutLine: {'line': b'-- Up-to-date symlink: /SLAM/ros_ws/install/slam_toolbox/include/slam_toolbox/slam_toolbox/srv/detail/add_submap__type_support.h\n'}
[1.018225] (slam_toolbox) StdoutLine: {'line': b'-- Up-to-date symlink: /SLAM/ros_ws/install/slam_toolbox/include/slam_toolbox/slam_toolbox/srv/detail/clear__functions.h\n'}
[1.018336] (slam_toolbox) StdoutLine: {'line': b'-- Up-to-date symlink: /SLAM/ros_ws/install/slam_toolbox/include/slam_toolbox/slam_toolbox/srv/detail/clear__struct.h\n'}
[1.018443] (slam_toolbox) StdoutLine: {'line': b'-- Up-to-date symlink: /SLAM/ros_ws/install/slam_toolbox/include/slam_toolbox/slam_toolbox/srv/detail/clear__type_support.h\n'}
[1.018559] (slam_toolbox) StdoutLine: {'line': b'-- Up-to-date symlink: /SLAM/ros_ws/install/slam_toolbox/include/slam_toolbox/slam_toolbox/srv/detail/clear_queue__functions.h\n'}
[1.018665] (slam_toolbox) StdoutLine: {'line': b'-- Up-to-date symlink: /SLAM/ros_ws/install/slam_toolbox/include/slam_toolbox/slam_toolbox/srv/detail/clear_queue__struct.h\n'}
[1.018775] (slam_toolbox) StdoutLine: {'line': b'-- Up-to-date symlink: /SLAM/ros_ws/install/slam_toolbox/include/slam_toolbox/slam_toolbox/srv/detail/clear_queue__type_support.h\n'}
[1.018996] (slam_toolbox) StdoutLine: {'line': b'-- Up-to-date symlink: /SLAM/ros_ws/install/slam_toolbox/include/slam_toolbox/slam_toolbox/srv/detail/deserialize_pose_graph__functions.h\n'}
[1.019114] (slam_toolbox) StdoutLine: {'line': b'-- Up-to-date symlink: /SLAM/ros_ws/install/slam_toolbox/include/slam_toolbox/slam_toolbox/srv/detail/deserialize_pose_graph__struct.h\n'}
[1.019225] (slam_toolbox) StdoutLine: {'line': b'-- Up-to-date symlink: /SLAM/ros_ws/install/slam_toolbox/include/slam_toolbox/slam_toolbox/srv/detail/deserialize_pose_graph__type_support.h\n'}
[1.019339] (slam_toolbox) StdoutLine: {'line': b'-- Up-to-date symlink: /SLAM/ros_ws/install/slam_toolbox/include/slam_toolbox/slam_toolbox/srv/detail/loop_closure__functions.h\n'}
[1.019454] (slam_toolbox) StdoutLine: {'line': b'-- Up-to-date symlink: /SLAM/ros_ws/install/slam_toolbox/include/slam_toolbox/slam_toolbox/srv/detail/loop_closure__struct.h\n'}
[1.019567] (slam_toolbox) StdoutLine: {'line': b'-- Up-to-date symlink: /SLAM/ros_ws/install/slam_toolbox/include/slam_toolbox/slam_toolbox/srv/detail/loop_closure__type_support.h\n'}
[1.019686] (slam_toolbox) StdoutLine: {'line': b'-- Up-to-date symlink: /SLAM/ros_ws/install/slam_toolbox/include/slam_toolbox/slam_toolbox/srv/detail/merge_maps__functions.h\n'}
[1.019803] (slam_toolbox) StdoutLine: {'line': b'-- Up-to-date symlink: /SLAM/ros_ws/install/slam_toolbox/include/slam_toolbox/slam_toolbox/srv/detail/merge_maps__struct.h\n'}
[1.019929] (slam_toolbox) StdoutLine: {'line': b'-- Up-to-date symlink: /SLAM/ros_ws/install/slam_toolbox/include/slam_toolbox/slam_toolbox/srv/detail/merge_maps__type_support.h\n'}
[1.020043] (slam_toolbox) StdoutLine: {'line': b'-- Up-to-date symlink: /SLAM/ros_ws/install/slam_toolbox/include/slam_toolbox/slam_toolbox/srv/detail/pause__functions.h\n'}
[1.020155] (slam_toolbox) StdoutLine: {'line': b'-- Up-to-date symlink: /SLAM/ros_ws/install/slam_toolbox/include/slam_toolbox/slam_toolbox/srv/detail/pause__struct.h\n'}
[1.020267] (slam_toolbox) StdoutLine: {'line': b'-- Up-to-date symlink: /SLAM/ros_ws/install/slam_toolbox/include/slam_toolbox/slam_toolbox/srv/detail/pause__type_support.h\n'}
[1.020377] (slam_toolbox) StdoutLine: {'line': b'-- Up-to-date symlink: /SLAM/ros_ws/install/slam_toolbox/include/slam_toolbox/slam_toolbox/srv/detail/save_map__functions.h\n'}
[1.020489] (slam_toolbox) StdoutLine: {'line': b'-- Up-to-date symlink: /SLAM/ros_ws/install/slam_toolbox/include/slam_toolbox/slam_toolbox/srv/detail/save_map__struct.h\n'}
[1.020601] (slam_toolbox) StdoutLine: {'line': b'-- Up-to-date symlink: /SLAM/ros_ws/install/slam_toolbox/include/slam_toolbox/slam_toolbox/srv/detail/save_map__type_support.h\n'}
[1.020715] (slam_toolbox) StdoutLine: {'line': b'-- Up-to-date symlink: /SLAM/ros_ws/install/slam_toolbox/include/slam_toolbox/slam_toolbox/srv/detail/serialize_pose_graph__functions.h\n'}
[1.020828] (slam_toolbox) StdoutLine: {'line': b'-- Up-to-date symlink: /SLAM/ros_ws/install/slam_toolbox/include/slam_toolbox/slam_toolbox/srv/detail/serialize_pose_graph__struct.h\n'}
[1.020940] (slam_toolbox) StdoutLine: {'line': b'-- Up-to-date symlink: /SLAM/ros_ws/install/slam_toolbox/include/slam_toolbox/slam_toolbox/srv/detail/serialize_pose_graph__type_support.h\n'}
[1.021053] (slam_toolbox) StdoutLine: {'line': b'-- Up-to-date symlink: /SLAM/ros_ws/install/slam_toolbox/include/slam_toolbox/slam_toolbox/srv/detail/toggle_interactive__functions.h\n'}
[1.021166] (slam_toolbox) StdoutLine: {'line': b'-- Up-to-date symlink: /SLAM/ros_ws/install/slam_toolbox/include/slam_toolbox/slam_toolbox/srv/detail/toggle_interactive__struct.h\n'}
[1.021286] (slam_toolbox) StdoutLine: {'line': b'-- Up-to-date symlink: /SLAM/ros_ws/install/slam_toolbox/include/slam_toolbox/slam_toolbox/srv/detail/toggle_interactive__type_support.h\n'}
[1.021395] (slam_toolbox) StdoutLine: {'line': b'-- Up-to-date symlink: /SLAM/ros_ws/install/slam_toolbox/include/slam_toolbox/slam_toolbox/srv/loop_closure.h\n'}
[1.021502] (slam_toolbox) StdoutLine: {'line': b'-- Up-to-date symlink: /SLAM/ros_ws/install/slam_toolbox/include/slam_toolbox/slam_toolbox/srv/merge_maps.h\n'}
[1.021611] (slam_toolbox) StdoutLine: {'line': b'-- Up-to-date symlink: /SLAM/ros_ws/install/slam_toolbox/include/slam_toolbox/slam_toolbox/srv/pause.h\n'}
[1.021717] (slam_toolbox) StdoutLine: {'line': b'-- Up-to-date symlink: /SLAM/ros_ws/install/slam_toolbox/include/slam_toolbox/slam_toolbox/srv/save_map.h\n'}
[1.021825] (slam_toolbox) StdoutLine: {'line': b'-- Up-to-date symlink: /SLAM/ros_ws/install/slam_toolbox/include/slam_toolbox/slam_toolbox/srv/serialize_pose_graph.h\n'}
[1.021933] (slam_toolbox) StdoutLine: {'line': b'-- Up-to-date symlink: /SLAM/ros_ws/install/slam_toolbox/include/slam_toolbox/slam_toolbox/srv/toggle_interactive.h\n'}
[1.022113] (slam_toolbox) StdoutLine: {'line': b'-- Up-to-date symlink: /SLAM/ros_ws/install/slam_toolbox/share/slam_toolbox/environment/library_path.sh\n'}
[1.022243] (slam_toolbox) StdoutLine: {'line': b'-- Up-to-date symlink: /SLAM/ros_ws/install/slam_toolbox/share/slam_toolbox/environment/library_path.dsv\n'}
[1.022852] (slam_toolbox) StdoutLine: {'line': b'-- Up-to-date symlink: /SLAM/ros_ws/install/slam_toolbox/include/slam_toolbox/slam_toolbox/msg/rosidl_typesupport_fastrtps_c__visibility_control.h\n'}
[1.022971] (slam_toolbox) StdoutLine: {'line': b'-- Up-to-date symlink: /SLAM/ros_ws/install/slam_toolbox/include/slam_toolbox/slam_toolbox/srv/detail/add_submap__rosidl_typesupport_fastrtps_c.h\n'}
[1.023085] (slam_toolbox) StdoutLine: {'line': b'-- Up-to-date symlink: /SLAM/ros_ws/install/slam_toolbox/include/slam_toolbox/slam_toolbox/srv/detail/clear__rosidl_typesupport_fastrtps_c.h\n'}
[1.023199] (slam_toolbox) StdoutLine: {'line': b'-- Up-to-date symlink: /SLAM/ros_ws/install/slam_toolbox/include/slam_toolbox/slam_toolbox/srv/detail/clear_queue__rosidl_typesupport_fastrtps_c.h\n'}
[1.023321] (slam_toolbox) StdoutLine: {'line': b'-- Up-to-date symlink: /SLAM/ros_ws/install/slam_toolbox/include/slam_toolbox/slam_toolbox/srv/detail/deserialize_pose_graph__rosidl_typesupport_fastrtps_c.h\n'}
[1.023438] (slam_toolbox) StdoutLine: {'line': b'-- Up-to-date symlink: /SLAM/ros_ws/install/slam_toolbox/include/slam_toolbox/slam_toolbox/srv/detail/loop_closure__rosidl_typesupport_fastrtps_c.h\n'}
[1.023558] (slam_toolbox) StdoutLine: {'line': b'-- Up-to-date symlink: /SLAM/ros_ws/install/slam_toolbox/include/slam_toolbox/slam_toolbox/srv/detail/merge_maps__rosidl_typesupport_fastrtps_c.h\n'}
[1.023673] (slam_toolbox) StdoutLine: {'line': b'-- Up-to-date symlink: /SLAM/ros_ws/install/slam_toolbox/include/slam_toolbox/slam_toolbox/srv/detail/pause__rosidl_typesupport_fastrtps_c.h\n'}
[1.023786] (slam_toolbox) StdoutLine: {'line': b'-- Up-to-date symlink: /SLAM/ros_ws/install/slam_toolbox/include/slam_toolbox/slam_toolbox/srv/detail/save_map__rosidl_typesupport_fastrtps_c.h\n'}
[1.023900] (slam_toolbox) StdoutLine: {'line': b'-- Up-to-date symlink: /SLAM/ros_ws/install/slam_toolbox/include/slam_toolbox/slam_toolbox/srv/detail/serialize_pose_graph__rosidl_typesupport_fastrtps_c.h\n'}
[1.024020] (slam_toolbox) StdoutLine: {'line': b'-- Up-to-date symlink: /SLAM/ros_ws/install/slam_toolbox/include/slam_toolbox/slam_toolbox/srv/detail/toggle_interactive__rosidl_typesupport_fastrtps_c.h\n'}
[1.024552] (slam_toolbox) StdoutLine: {'line': b'-- Up-to-date symlink: /SLAM/ros_ws/install/slam_toolbox/include/slam_toolbox/slam_toolbox/srv/add_submap.hpp\n'}
[1.024663] (slam_toolbox) StdoutLine: {'line': b'-- Up-to-date symlink: /SLAM/ros_ws/install/slam_toolbox/include/slam_toolbox/slam_toolbox/srv/clear.hpp\n'}
[1.024771] (slam_toolbox) StdoutLine: {'line': b'-- Up-to-date symlink: /SLAM/ros_ws/install/slam_toolbox/include/slam_toolbox/slam_toolbox/srv/clear_queue.hpp\n'}
[1.024881] (slam_toolbox) StdoutLine: {'line': b'-- Up-to-date symlink: /SLAM/ros_ws/install/slam_toolbox/include/slam_toolbox/slam_toolbox/srv/deserialize_pose_graph.hpp\n'}
[1.024993] (slam_toolbox) StdoutLine: {'line': b'-- Up-to-date symlink: /SLAM/ros_ws/install/slam_toolbox/include/slam_toolbox/slam_toolbox/srv/detail/add_submap__builder.hpp\n'}
[1.025109] (slam_toolbox) StdoutLine: {'line': b'-- Up-to-date symlink: /SLAM/ros_ws/install/slam_toolbox/include/slam_toolbox/slam_toolbox/srv/detail/add_submap__struct.hpp\n'}
[1.025220] (slam_toolbox) StdoutLine: {'line': b'-- Up-to-date symlink: /SLAM/ros_ws/install/slam_toolbox/include/slam_toolbox/slam_toolbox/srv/detail/add_submap__traits.hpp\n'}
[1.025332] (slam_toolbox) StdoutLine: {'line': b'-- Up-to-date symlink: /SLAM/ros_ws/install/slam_toolbox/include/slam_toolbox/slam_toolbox/srv/detail/clear__builder.hpp\n'}
[1.025444] (slam_toolbox) StdoutLine: {'line': b'-- Up-to-date symlink: /SLAM/ros_ws/install/slam_toolbox/include/slam_toolbox/slam_toolbox/srv/detail/clear__struct.hpp\n'}
[1.025557] (slam_toolbox) StdoutLine: {'line': b'-- Up-to-date symlink: /SLAM/ros_ws/install/slam_toolbox/include/slam_toolbox/slam_toolbox/srv/detail/clear__traits.hpp\n'}
[1.025669] (slam_toolbox) StdoutLine: {'line': b'-- Up-to-date symlink: /SLAM/ros_ws/install/slam_toolbox/include/slam_toolbox/slam_toolbox/srv/detail/clear_queue__builder.hpp\n'}
[1.025781] (slam_toolbox) StdoutLine: {'line': b'-- Up-to-date symlink: /SLAM/ros_ws/install/slam_toolbox/include/slam_toolbox/slam_toolbox/srv/detail/clear_queue__struct.hpp\n'}
[1.025903] (slam_toolbox) StdoutLine: {'line': b'-- Up-to-date symlink: /SLAM/ros_ws/install/slam_toolbox/include/slam_toolbox/slam_toolbox/srv/detail/clear_queue__traits.hpp\n'}
[1.026017] (slam_toolbox) StdoutLine: {'line': b'-- Up-to-date symlink: /SLAM/ros_ws/install/slam_toolbox/include/slam_toolbox/slam_toolbox/srv/detail/deserialize_pose_graph__builder.hpp\n'}
[1.026130] (slam_toolbox) StdoutLine: {'line': b'-- Up-to-date symlink: /SLAM/ros_ws/install/slam_toolbox/include/slam_toolbox/slam_toolbox/srv/detail/deserialize_pose_graph__struct.hpp\n'}
[1.026243] (slam_toolbox) StdoutLine: {'line': b'-- Up-to-date symlink: /SLAM/ros_ws/install/slam_toolbox/include/slam_toolbox/slam_toolbox/srv/detail/deserialize_pose_graph__traits.hpp\n'}
[1.026356] (slam_toolbox) StdoutLine: {'line': b'-- Up-to-date symlink: /SLAM/ros_ws/install/slam_toolbox/include/slam_toolbox/slam_toolbox/srv/detail/loop_closure__builder.hpp\n'}
[1.026469] (slam_toolbox) StdoutLine: {'line': b'-- Up-to-date symlink: /SLAM/ros_ws/install/slam_toolbox/include/slam_toolbox/slam_toolbox/srv/detail/loop_closure__struct.hpp\n'}
[1.026582] (slam_toolbox) StdoutLine: {'line': b'-- Up-to-date symlink: /SLAM/ros_ws/install/slam_toolbox/include/slam_toolbox/slam_toolbox/srv/detail/loop_closure__traits.hpp\n'}
[1.026701] (slam_toolbox) StdoutLine: {'line': b'-- Up-to-date symlink: /SLAM/ros_ws/install/slam_toolbox/include/slam_toolbox/slam_toolbox/srv/detail/merge_maps__builder.hpp\n'}
[1.026812] (slam_toolbox) StdoutLine: {'line': b'-- Up-to-date symlink: /SLAM/ros_ws/install/slam_toolbox/include/slam_toolbox/slam_toolbox/srv/detail/merge_maps__struct.hpp\n'}
[1.026934] (slam_toolbox) StdoutLine: {'line': b'-- Up-to-date symlink: /SLAM/ros_ws/install/slam_toolbox/include/slam_toolbox/slam_toolbox/srv/detail/merge_maps__traits.hpp\n'}
[1.027046] (slam_toolbox) StdoutLine: {'line': b'-- Up-to-date symlink: /SLAM/ros_ws/install/slam_toolbox/include/slam_toolbox/slam_toolbox/srv/detail/pause__builder.hpp\n'}
[1.027158] (slam_toolbox) StdoutLine: {'line': b'-- Up-to-date symlink: /SLAM/ros_ws/install/slam_toolbox/include/slam_toolbox/slam_toolbox/srv/detail/pause__struct.hpp\n'}
[1.027269] (slam_toolbox) StdoutLine: {'line': b'-- Up-to-date symlink: /SLAM/ros_ws/install/slam_toolbox/include/slam_toolbox/slam_toolbox/srv/detail/pause__traits.hpp\n'}
[1.027379] (slam_toolbox) StdoutLine: {'line': b'-- Up-to-date symlink: /SLAM/ros_ws/install/slam_toolbox/include/slam_toolbox/slam_toolbox/srv/detail/save_map__builder.hpp\n'}
[1.027490] (slam_toolbox) StdoutLine: {'line': b'-- Up-to-date symlink: /SLAM/ros_ws/install/slam_toolbox/include/slam_toolbox/slam_toolbox/srv/detail/save_map__struct.hpp\n'}
[1.027602] (slam_toolbox) StdoutLine: {'line': b'-- Up-to-date symlink: /SLAM/ros_ws/install/slam_toolbox/include/slam_toolbox/slam_toolbox/srv/detail/save_map__traits.hpp\n'}
[1.027713] (slam_toolbox) StdoutLine: {'line': b'-- Up-to-date symlink: /SLAM/ros_ws/install/slam_toolbox/include/slam_toolbox/slam_toolbox/srv/detail/serialize_pose_graph__builder.hpp\n'}
[1.027827] (slam_toolbox) StdoutLine: {'line': b'-- Up-to-date symlink: /SLAM/ros_ws/install/slam_toolbox/include/slam_toolbox/slam_toolbox/srv/detail/serialize_pose_graph__struct.hpp\n'}
[1.027939] (slam_toolbox) StdoutLine: {'line': b'-- Up-to-date symlink: /SLAM/ros_ws/install/slam_toolbox/include/slam_toolbox/slam_toolbox/srv/detail/serialize_pose_graph__traits.hpp\n'}
[1.028060] (slam_toolbox) StdoutLine: {'line': b'-- Up-to-date symlink: /SLAM/ros_ws/install/slam_toolbox/include/slam_toolbox/slam_toolbox/srv/detail/toggle_interactive__builder.hpp\n'}
[1.028166] (slam_toolbox) StdoutLine: {'line': b'-- Up-to-date symlink: /SLAM/ros_ws/install/slam_toolbox/include/slam_toolbox/slam_toolbox/srv/detail/toggle_interactive__struct.hpp\n'}
[1.028278] (slam_toolbox) StdoutLine: {'line': b'-- Up-to-date symlink: /SLAM/ros_ws/install/slam_toolbox/include/slam_toolbox/slam_toolbox/srv/detail/toggle_interactive__traits.hpp\n'}
[1.028388] (slam_toolbox) StdoutLine: {'line': b'-- Up-to-date symlink: /SLAM/ros_ws/install/slam_toolbox/include/slam_toolbox/slam_toolbox/srv/loop_closure.hpp\n'}
[1.028496] (slam_toolbox) StdoutLine: {'line': b'-- Up-to-date symlink: /SLAM/ros_ws/install/slam_toolbox/include/slam_toolbox/slam_toolbox/srv/merge_maps.hpp\n'}
[1.028605] (slam_toolbox) StdoutLine: {'line': b'-- Up-to-date symlink: /SLAM/ros_ws/install/slam_toolbox/include/slam_toolbox/slam_toolbox/srv/pause.hpp\n'}
[1.028711] (slam_toolbox) StdoutLine: {'line': b'-- Up-to-date symlink: /SLAM/ros_ws/install/slam_toolbox/include/slam_toolbox/slam_toolbox/srv/save_map.hpp\n'}
[1.028824] (slam_toolbox) StdoutLine: {'line': b'-- Up-to-date symlink: /SLAM/ros_ws/install/slam_toolbox/include/slam_toolbox/slam_toolbox/srv/serialize_pose_graph.hpp\n'}
[1.028944] (slam_toolbox) StdoutLine: {'line': b'-- Up-to-date symlink: /SLAM/ros_ws/install/slam_toolbox/include/slam_toolbox/slam_toolbox/srv/toggle_interactive.hpp\n'}
[1.029550] (slam_toolbox) StdoutLine: {'line': b'-- Up-to-date symlink: /SLAM/ros_ws/install/slam_toolbox/include/slam_toolbox/slam_toolbox/msg/rosidl_typesupport_fastrtps_cpp__visibility_control.h\n'}
[1.029664] (slam_toolbox) StdoutLine: {'line': b'-- Up-to-date symlink: /SLAM/ros_ws/install/slam_toolbox/include/slam_toolbox/slam_toolbox/srv/detail/add_submap__rosidl_typesupport_fastrtps_cpp.hpp\n'}
[1.029778] (slam_toolbox) StdoutLine: {'line': b'-- Up-to-date symlink: /SLAM/ros_ws/install/slam_toolbox/include/slam_toolbox/slam_toolbox/srv/detail/clear__rosidl_typesupport_fastrtps_cpp.hpp\n'}
[1.029893] (slam_toolbox) StdoutLine: {'line': b'-- Up-to-date symlink: /SLAM/ros_ws/install/slam_toolbox/include/slam_toolbox/slam_toolbox/srv/detail/clear_queue__rosidl_typesupport_fastrtps_cpp.hpp\n'}
[1.030011] (slam_toolbox) StdoutLine: {'line': b'-- Up-to-date symlink: /SLAM/ros_ws/install/slam_toolbox/include/slam_toolbox/slam_toolbox/srv/detail/deserialize_pose_graph__rosidl_typesupport_fastrtps_cpp.hpp\n'}
[1.030126] (slam_toolbox) StdoutLine: {'line': b'-- Up-to-date symlink: /SLAM/ros_ws/install/slam_toolbox/include/slam_toolbox/slam_toolbox/srv/detail/loop_closure__rosidl_typesupport_fastrtps_cpp.hpp\n'}
[1.030243] (slam_toolbox) StdoutLine: {'line': b'-- Up-to-date symlink: /SLAM/ros_ws/install/slam_toolbox/include/slam_toolbox/slam_toolbox/srv/detail/merge_maps__rosidl_typesupport_fastrtps_cpp.hpp\n'}
[1.030357] (slam_toolbox) StdoutLine: {'line': b'-- Up-to-date symlink: /SLAM/ros_ws/install/slam_toolbox/include/slam_toolbox/slam_toolbox/srv/detail/pause__rosidl_typesupport_fastrtps_cpp.hpp\n'}
[1.030470] (slam_toolbox) StdoutLine: {'line': b'-- Up-to-date symlink: /SLAM/ros_ws/install/slam_toolbox/include/slam_toolbox/slam_toolbox/srv/detail/save_map__rosidl_typesupport_fastrtps_cpp.hpp\n'}
[1.030585] (slam_toolbox) StdoutLine: {'line': b'-- Up-to-date symlink: /SLAM/ros_ws/install/slam_toolbox/include/slam_toolbox/slam_toolbox/srv/detail/serialize_pose_graph__rosidl_typesupport_fastrtps_cpp.hpp\n'}
[1.030702] (slam_toolbox) StdoutLine: {'line': b'-- Up-to-date symlink: /SLAM/ros_ws/install/slam_toolbox/include/slam_toolbox/slam_toolbox/srv/detail/toggle_interactive__rosidl_typesupport_fastrtps_cpp.hpp\n'}
[1.031131] (slam_toolbox) StdoutLine: {'line': b'-- Up-to-date symlink: /SLAM/ros_ws/install/slam_toolbox/include/slam_toolbox/slam_toolbox/msg/rosidl_typesupport_introspection_c__visibility_control.h\n'}
[1.031246] (slam_toolbox) StdoutLine: {'line': b'-- Up-to-date symlink: /SLAM/ros_ws/install/slam_toolbox/include/slam_toolbox/slam_toolbox/srv/detail/add_submap__rosidl_typesupport_introspection_c.h\n'}
[1.031361] (slam_toolbox) StdoutLine: {'line': b'-- Up-to-date symlink: /SLAM/ros_ws/install/slam_toolbox/include/slam_toolbox/slam_toolbox/srv/detail/clear__rosidl_typesupport_introspection_c.h\n'}
[1.031474] (slam_toolbox) StdoutLine: {'line': b'-- Up-to-date symlink: /SLAM/ros_ws/install/slam_toolbox/include/slam_toolbox/slam_toolbox/srv/detail/clear_queue__rosidl_typesupport_introspection_c.h\n'}
[1.031597] (slam_toolbox) StdoutLine: {'line': b'-- Up-to-date symlink: /SLAM/ros_ws/install/slam_toolbox/include/slam_toolbox/slam_toolbox/srv/detail/deserialize_pose_graph__rosidl_typesupport_introspection_c.h\n'}
[1.031712] (slam_toolbox) StdoutLine: {'line': b'-- Up-to-date symlink: /SLAM/ros_ws/install/slam_toolbox/include/slam_toolbox/slam_toolbox/srv/detail/loop_closure__rosidl_typesupport_introspection_c.h\n'}
[1.031825] (slam_toolbox) StdoutLine: {'line': b'-- Up-to-date symlink: /SLAM/ros_ws/install/slam_toolbox/include/slam_toolbox/slam_toolbox/srv/detail/merge_maps__rosidl_typesupport_introspection_c.h\n'}
[1.031942] (slam_toolbox) StdoutLine: {'line': b'-- Up-to-date symlink: /SLAM/ros_ws/install/slam_toolbox/include/slam_toolbox/slam_toolbox/srv/detail/pause__rosidl_typesupport_introspection_c.h\n'}
[1.032054] (slam_toolbox) StdoutLine: {'line': b'-- Up-to-date symlink: /SLAM/ros_ws/install/slam_toolbox/include/slam_toolbox/slam_toolbox/srv/detail/save_map__rosidl_typesupport_introspection_c.h\n'}
[1.032168] (slam_toolbox) StdoutLine: {'line': b'-- Up-to-date symlink: /SLAM/ros_ws/install/slam_toolbox/include/slam_toolbox/slam_toolbox/srv/detail/serialize_pose_graph__rosidl_typesupport_introspection_c.h\n'}
[1.032284] (slam_toolbox) StdoutLine: {'line': b'-- Up-to-date symlink: /SLAM/ros_ws/install/slam_toolbox/include/slam_toolbox/slam_toolbox/srv/detail/toggle_interactive__rosidl_typesupport_introspection_c.h\n'}
[1.032658] (slam_toolbox) StdoutLine: {'line': b'-- Up-to-date symlink: /SLAM/ros_ws/install/slam_toolbox/include/slam_toolbox/slam_toolbox/srv/detail/add_submap__rosidl_typesupport_introspection_cpp.hpp\n'}
[1.032774] (slam_toolbox) StdoutLine: {'line': b'-- Up-to-date symlink: /SLAM/ros_ws/install/slam_toolbox/include/slam_toolbox/slam_toolbox/srv/detail/clear__rosidl_typesupport_introspection_cpp.hpp\n'}
[1.032889] (slam_toolbox) StdoutLine: {'line': b'-- Up-to-date symlink: /SLAM/ros_ws/install/slam_toolbox/include/slam_toolbox/slam_toolbox/srv/detail/clear_queue__rosidl_typesupport_introspection_cpp.hpp\n'}
[1.033004] (slam_toolbox) StdoutLine: {'line': b'-- Up-to-date symlink: /SLAM/ros_ws/install/slam_toolbox/include/slam_toolbox/slam_toolbox/srv/detail/deserialize_pose_graph__rosidl_typesupport_introspection_cpp.hpp\n'}
[1.033118] (slam_toolbox) StdoutLine: {'line': b'-- Up-to-date symlink: /SLAM/ros_ws/install/slam_toolbox/include/slam_toolbox/slam_toolbox/srv/detail/loop_closure__rosidl_typesupport_introspection_cpp.hpp\n'}
[1.033232] (slam_toolbox) StdoutLine: {'line': b'-- Up-to-date symlink: /SLAM/ros_ws/install/slam_toolbox/include/slam_toolbox/slam_toolbox/srv/detail/merge_maps__rosidl_typesupport_introspection_cpp.hpp\n'}
[1.033345] (slam_toolbox) StdoutLine: {'line': b'-- Up-to-date symlink: /SLAM/ros_ws/install/slam_toolbox/include/slam_toolbox/slam_toolbox/srv/detail/pause__rosidl_typesupport_introspection_cpp.hpp\n'}
[1.033457] (slam_toolbox) StdoutLine: {'line': b'-- Up-to-date symlink: /SLAM/ros_ws/install/slam_toolbox/include/slam_toolbox/slam_toolbox/srv/detail/save_map__rosidl_typesupport_introspection_cpp.hpp\n'}
[1.033569] (slam_toolbox) StdoutLine: {'line': b'-- Up-to-date symlink: /SLAM/ros_ws/install/slam_toolbox/include/slam_toolbox/slam_toolbox/srv/detail/serialize_pose_graph__rosidl_typesupport_introspection_cpp.hpp\n'}
[1.033682] (slam_toolbox) StdoutLine: {'line': b'-- Up-to-date symlink: /SLAM/ros_ws/install/slam_toolbox/include/slam_toolbox/slam_toolbox/srv/detail/toggle_interactive__rosidl_typesupport_introspection_cpp.hpp\n'}
[1.033820] (slam_toolbox) StdoutLine: {'line': b'-- Up-to-date symlink: /SLAM/ros_ws/install/slam_toolbox/share/slam_toolbox/environment/pythonpath.sh\n'}
[1.033951] (slam_toolbox) StdoutLine: {'line': b'-- Up-to-date symlink: /SLAM/ros_ws/install/slam_toolbox/share/slam_toolbox/environment/pythonpath.dsv\n'}
[1.034192] (slam_toolbox) StdoutLine: {'line': b'-- Up-to-date symlink: /SLAM/ros_ws/install/slam_toolbox/local/lib/python3.10/dist-packages/slam_toolbox-2.7.0-py3.10.egg-info/PKG-INFO\n'}
[1.034305] (slam_toolbox) StdoutLine: {'line': b'-- Up-to-date symlink: /SLAM/ros_ws/install/slam_toolbox/local/lib/python3.10/dist-packages/slam_toolbox-2.7.0-py3.10.egg-info/SOURCES.txt\n'}
[1.034418] (slam_toolbox) StdoutLine: {'line': b'-- Up-to-date symlink: /SLAM/ros_ws/install/slam_toolbox/local/lib/python3.10/dist-packages/slam_toolbox-2.7.0-py3.10.egg-info/dependency_links.txt\n'}
[1.034528] (slam_toolbox) StdoutLine: {'line': b'-- Up-to-date symlink: /SLAM/ros_ws/install/slam_toolbox/local/lib/python3.10/dist-packages/slam_toolbox-2.7.0-py3.10.egg-info/top_level.txt\n'}
[1.035271] (slam_toolbox) StdoutLine: {'line': b'-- Up-to-date symlink: /SLAM/ros_ws/install/slam_toolbox/local/lib/python3.10/dist-packages/slam_toolbox/__init__.py\n'}
[1.035379] (slam_toolbox) StdoutLine: {'line': b'-- Up-to-date symlink: /SLAM/ros_ws/install/slam_toolbox/local/lib/python3.10/dist-packages/slam_toolbox/_slam_toolbox_s.ep.rosidl_typesupport_c.c\n'}
[1.035489] (slam_toolbox) StdoutLine: {'line': b'-- Up-to-date symlink: /SLAM/ros_ws/install/slam_toolbox/local/lib/python3.10/dist-packages/slam_toolbox/_slam_toolbox_s.ep.rosidl_typesupport_fastrtps_c.c\n'}
[1.035596] (slam_toolbox) StdoutLine: {'line': b'-- Up-to-date symlink: /SLAM/ros_ws/install/slam_toolbox/local/lib/python3.10/dist-packages/slam_toolbox/_slam_toolbox_s.ep.rosidl_typesupport_introspection_c.c\n'}
[1.035705] (slam_toolbox) StdoutLine: {'line': b'-- Up-to-date symlink: /SLAM/ros_ws/install/slam_toolbox/local/lib/python3.10/dist-packages/slam_toolbox/libslam_toolbox__rosidl_generator_py.so\n'}
[1.035812] (slam_toolbox) StdoutLine: {'line': b'-- Up-to-date symlink: /SLAM/ros_ws/install/slam_toolbox/local/lib/python3.10/dist-packages/slam_toolbox/slam_toolbox_s__rosidl_typesupport_c.cpython-310-x86_64-linux-gnu.so\n'}
[1.035921] (slam_toolbox) StdoutLine: {'line': b'-- Up-to-date symlink: /SLAM/ros_ws/install/slam_toolbox/local/lib/python3.10/dist-packages/slam_toolbox/slam_toolbox_s__rosidl_typesupport_fastrtps_c.cpython-310-x86_64-linux-gnu.so\n'}
[1.036031] (slam_toolbox) StdoutLine: {'line': b'-- Up-to-date symlink: /SLAM/ros_ws/install/slam_toolbox/local/lib/python3.10/dist-packages/slam_toolbox/slam_toolbox_s__rosidl_typesupport_introspection_c.cpython-310-x86_64-linux-gnu.so\n'}
[1.036143] (slam_toolbox) StdoutLine: {'line': b'-- Up-to-date symlink: /SLAM/ros_ws/install/slam_toolbox/local/lib/python3.10/dist-packages/slam_toolbox/srv/__init__.py\n'}
[1.036256] (slam_toolbox) StdoutLine: {'line': b'-- Up-to-date symlink: /SLAM/ros_ws/install/slam_toolbox/local/lib/python3.10/dist-packages/slam_toolbox/srv/_add_submap.py\n'}
[1.036377] (slam_toolbox) StdoutLine: {'line': b'-- Up-to-date symlink: /SLAM/ros_ws/install/slam_toolbox/local/lib/python3.10/dist-packages/slam_toolbox/srv/_add_submap_s.c\n'}
[1.036488] (slam_toolbox) StdoutLine: {'line': b'-- Up-to-date symlink: /SLAM/ros_ws/install/slam_toolbox/local/lib/python3.10/dist-packages/slam_toolbox/srv/_clear.py\n'}
[1.036601] (slam_toolbox) StdoutLine: {'line': b'-- Up-to-date symlink: /SLAM/ros_ws/install/slam_toolbox/local/lib/python3.10/dist-packages/slam_toolbox/srv/_clear_queue.py\n'}
[1.036711] (slam_toolbox) StdoutLine: {'line': b'-- Up-to-date symlink: /SLAM/ros_ws/install/slam_toolbox/local/lib/python3.10/dist-packages/slam_toolbox/srv/_clear_queue_s.c\n'}
[1.036822] (slam_toolbox) StdoutLine: {'line': b'-- Up-to-date symlink: /SLAM/ros_ws/install/slam_toolbox/local/lib/python3.10/dist-packages/slam_toolbox/srv/_clear_s.c\n'}
[1.036933] (slam_toolbox) StdoutLine: {'line': b'-- Up-to-date symlink: /SLAM/ros_ws/install/slam_toolbox/local/lib/python3.10/dist-packages/slam_toolbox/srv/_deserialize_pose_graph.py\n'}
[1.037044] (slam_toolbox) StdoutLine: {'line': b'-- Up-to-date symlink: /SLAM/ros_ws/install/slam_toolbox/local/lib/python3.10/dist-packages/slam_toolbox/srv/_deserialize_pose_graph_s.c\n'}
[1.037154] (slam_toolbox) StdoutLine: {'line': b'-- Up-to-date symlink: /SLAM/ros_ws/install/slam_toolbox/local/lib/python3.10/dist-packages/slam_toolbox/srv/_loop_closure.py\n'}
[1.037264] (slam_toolbox) StdoutLine: {'line': b'-- Up-to-date symlink: /SLAM/ros_ws/install/slam_toolbox/local/lib/python3.10/dist-packages/slam_toolbox/srv/_loop_closure_s.c\n'}
[1.037375] (slam_toolbox) StdoutLine: {'line': b'-- Up-to-date symlink: /SLAM/ros_ws/install/slam_toolbox/local/lib/python3.10/dist-packages/slam_toolbox/srv/_merge_maps.py\n'}
[1.037485] (slam_toolbox) StdoutLine: {'line': b'-- Up-to-date symlink: /SLAM/ros_ws/install/slam_toolbox/local/lib/python3.10/dist-packages/slam_toolbox/srv/_merge_maps_s.c\n'}
[1.037595] (slam_toolbox) StdoutLine: {'line': b'-- Up-to-date symlink: /SLAM/ros_ws/install/slam_toolbox/local/lib/python3.10/dist-packages/slam_toolbox/srv/_pause.py\n'}
[1.037705] (slam_toolbox) StdoutLine: {'line': b'-- Up-to-date symlink: /SLAM/ros_ws/install/slam_toolbox/local/lib/python3.10/dist-packages/slam_toolbox/srv/_pause_s.c\n'}
[1.037817] (slam_toolbox) StdoutLine: {'line': b'-- Up-to-date symlink: /SLAM/ros_ws/install/slam_toolbox/local/lib/python3.10/dist-packages/slam_toolbox/srv/_save_map.py\n'}
[1.037929] (slam_toolbox) StdoutLine: {'line': b'-- Up-to-date symlink: /SLAM/ros_ws/install/slam_toolbox/local/lib/python3.10/dist-packages/slam_toolbox/srv/_save_map_s.c\n'}
[1.038042] (slam_toolbox) StdoutLine: {'line': b'-- Up-to-date symlink: /SLAM/ros_ws/install/slam_toolbox/local/lib/python3.10/dist-packages/slam_toolbox/srv/_serialize_pose_graph.py\n'}
[1.038153] (slam_toolbox) StdoutLine: {'line': b'-- Up-to-date symlink: /SLAM/ros_ws/install/slam_toolbox/local/lib/python3.10/dist-packages/slam_toolbox/srv/_serialize_pose_graph_s.c\n'}
[1.038262] (slam_toolbox) StdoutLine: {'line': b'-- Up-to-date symlink: /SLAM/ros_ws/install/slam_toolbox/local/lib/python3.10/dist-packages/slam_toolbox/srv/_toggle_interactive.py\n'}
[1.038370] (slam_toolbox) StdoutLine: {'line': b'-- Up-to-date symlink: /SLAM/ros_ws/install/slam_toolbox/local/lib/python3.10/dist-packages/slam_toolbox/srv/_toggle_interactive_s.c\n'}
[1.038603] (slam_toolbox) StdoutLine: {'line': b'-- Up-to-date symlink: /SLAM/ros_ws/install/slam_toolbox/local/lib/python3.10/dist-packages/slam_toolbox/slam_toolbox_s__rosidl_typesupport_fastrtps_c.cpython-310-x86_64-linux-gnu.so\n'}
[1.038800] (slam_toolbox) StdoutLine: {'line': b'-- Up-to-date symlink: /SLAM/ros_ws/install/slam_toolbox/local/lib/python3.10/dist-packages/slam_toolbox/slam_toolbox_s__rosidl_typesupport_introspection_c.cpython-310-x86_64-linux-gnu.so\n'}
[1.039191] (slam_toolbox) StdoutLine: {'line': b'-- Up-to-date symlink: /SLAM/ros_ws/install/slam_toolbox/local/lib/python3.10/dist-packages/slam_toolbox/slam_toolbox_s__rosidl_typesupport_c.cpython-310-x86_64-linux-gnu.so\n'}
[1.039360] (slam_toolbox) StdoutLine: {'line': b'-- Up-to-date symlink: /SLAM/ros_ws/install/slam_toolbox/share/slam_toolbox/srv/Pause.idl\n'}
[1.039540] (slam_toolbox) StdoutLine: {'line': b'-- Up-to-date symlink: /SLAM/ros_ws/install/slam_toolbox/share/slam_toolbox/srv/ClearQueue.idl\n'}
[1.039668] (slam_toolbox) StdoutLine: {'line': b'-- Up-to-date symlink: /SLAM/ros_ws/install/slam_toolbox/share/slam_toolbox/srv/ToggleInteractive.idl\n'}
[1.039786] (slam_toolbox) StdoutLine: {'line': b'-- Up-to-date symlink: /SLAM/ros_ws/install/slam_toolbox/share/slam_toolbox/srv/Clear.idl\n'}
[1.039900] (slam_toolbox) StdoutLine: {'line': b'-- Up-to-date symlink: /SLAM/ros_ws/install/slam_toolbox/share/slam_toolbox/srv/SaveMap.idl\n'}
[1.040028] (slam_toolbox) StdoutLine: {'line': b'-- Up-to-date symlink: /SLAM/ros_ws/install/slam_toolbox/share/slam_toolbox/srv/LoopClosure.idl\n'}
[1.040146] (slam_toolbox) StdoutLine: {'line': b'-- Up-to-date symlink: /SLAM/ros_ws/install/slam_toolbox/share/slam_toolbox/srv/MergeMaps.idl\n'}
[1.040271] (slam_toolbox) StdoutLine: {'line': b'-- Up-to-date symlink: /SLAM/ros_ws/install/slam_toolbox/share/slam_toolbox/srv/AddSubmap.idl\n'}
[1.040390] (slam_toolbox) StdoutLine: {'line': b'-- Up-to-date symlink: /SLAM/ros_ws/install/slam_toolbox/share/slam_toolbox/srv/DeserializePoseGraph.idl\n'}
[1.040507] (slam_toolbox) StdoutLine: {'line': b'-- Up-to-date symlink: /SLAM/ros_ws/install/slam_toolbox/share/slam_toolbox/srv/SerializePoseGraph.idl\n'}
[1.040620] (slam_toolbox) StdoutLine: {'line': b'-- Up-to-date symlink: /SLAM/ros_ws/install/slam_toolbox/share/slam_toolbox/srvs/Pause.srv\n'}
[1.040736] (slam_toolbox) StdoutLine: {'line': b'-- Up-to-date symlink: /SLAM/ros_ws/install/slam_toolbox/share/slam_toolbox/srvs/Pause_Request.msg\n'}
[1.040849] (slam_toolbox) StdoutLine: {'line': b'-- Up-to-date symlink: /SLAM/ros_ws/install/slam_toolbox/share/slam_toolbox/srvs/Pause_Response.msg\n'}
[1.040959] (slam_toolbox) StdoutLine: {'line': b'-- Up-to-date symlink: /SLAM/ros_ws/install/slam_toolbox/share/slam_toolbox/srvs/ClearQueue.srv\n'}
[1.041071] (slam_toolbox) StdoutLine: {'line': b'-- Up-to-date symlink: /SLAM/ros_ws/install/slam_toolbox/share/slam_toolbox/srvs/ClearQueue_Request.msg\n'}
[1.041198] (slam_toolbox) StdoutLine: {'line': b'-- Up-to-date symlink: /SLAM/ros_ws/install/slam_toolbox/share/slam_toolbox/srvs/ClearQueue_Response.msg\n'}
[1.041306] (slam_toolbox) StdoutLine: {'line': b'-- Up-to-date symlink: /SLAM/ros_ws/install/slam_toolbox/share/slam_toolbox/srvs/ToggleInteractive.srv\n'}
[1.041418] (slam_toolbox) StdoutLine: {'line': b'-- Up-to-date symlink: /SLAM/ros_ws/install/slam_toolbox/share/slam_toolbox/srvs/ToggleInteractive_Request.msg\n'}
[1.041530] (slam_toolbox) StdoutLine: {'line': b'-- Up-to-date symlink: /SLAM/ros_ws/install/slam_toolbox/share/slam_toolbox/srvs/ToggleInteractive_Response.msg\n'}
[1.041639] (slam_toolbox) StdoutLine: {'line': b'-- Up-to-date symlink: /SLAM/ros_ws/install/slam_toolbox/share/slam_toolbox/srvs/Clear.srv\n'}
[1.041752] (slam_toolbox) StdoutLine: {'line': b'-- Up-to-date symlink: /SLAM/ros_ws/install/slam_toolbox/share/slam_toolbox/srvs/Clear_Request.msg\n'}
[1.041863] (slam_toolbox) StdoutLine: {'line': b'-- Up-to-date symlink: /SLAM/ros_ws/install/slam_toolbox/share/slam_toolbox/srvs/Clear_Response.msg\n'}
[1.041980] (slam_toolbox) StdoutLine: {'line': b'-- Up-to-date symlink: /SLAM/ros_ws/install/slam_toolbox/share/slam_toolbox/srvs/SaveMap.srv\n'}
[1.042094] (slam_toolbox) StdoutLine: {'line': b'-- Up-to-date symlink: /SLAM/ros_ws/install/slam_toolbox/share/slam_toolbox/srvs/SaveMap_Request.msg\n'}
[1.042206] (slam_toolbox) StdoutLine: {'line': b'-- Up-to-date symlink: /SLAM/ros_ws/install/slam_toolbox/share/slam_toolbox/srvs/SaveMap_Response.msg\n'}
[1.042324] (slam_toolbox) StdoutLine: {'line': b'-- Up-to-date symlink: /SLAM/ros_ws/install/slam_toolbox/share/slam_toolbox/srvs/LoopClosure.srv\n'}
[1.042439] (slam_toolbox) StdoutLine: {'line': b'-- Up-to-date symlink: /SLAM/ros_ws/install/slam_toolbox/share/slam_toolbox/srvs/LoopClosure_Request.msg\n'}
[1.042553] (slam_toolbox) StdoutLine: {'line': b'-- Up-to-date symlink: /SLAM/ros_ws/install/slam_toolbox/share/slam_toolbox/srvs/LoopClosure_Response.msg\n'}
[1.042661] (slam_toolbox) StdoutLine: {'line': b'-- Up-to-date symlink: /SLAM/ros_ws/install/slam_toolbox/share/slam_toolbox/srvs/MergeMaps.srv\n'}
[1.042773] (slam_toolbox) StdoutLine: {'line': b'-- Up-to-date symlink: /SLAM/ros_ws/install/slam_toolbox/share/slam_toolbox/srvs/MergeMaps_Request.msg\n'}
[1.042905] (slam_toolbox) StdoutLine: {'line': b'-- Up-to-date symlink: /SLAM/ros_ws/install/slam_toolbox/share/slam_toolbox/srvs/MergeMaps_Response.msg\n'}
[1.043018] (slam_toolbox) StdoutLine: {'line': b'-- Up-to-date symlink: /SLAM/ros_ws/install/slam_toolbox/share/slam_toolbox/srvs/AddSubmap.srv\n'}
[1.043130] (slam_toolbox) StdoutLine: {'line': b'-- Up-to-date symlink: /SLAM/ros_ws/install/slam_toolbox/share/slam_toolbox/srvs/AddSubmap_Request.msg\n'}
[1.043242] (slam_toolbox) StdoutLine: {'line': b'-- Up-to-date symlink: /SLAM/ros_ws/install/slam_toolbox/share/slam_toolbox/srvs/AddSubmap_Response.msg\n'}
[1.043350] (slam_toolbox) StdoutLine: {'line': b'-- Up-to-date symlink: /SLAM/ros_ws/install/slam_toolbox/share/slam_toolbox/srvs/DeserializePoseGraph.srv\n'}
[1.043463] (slam_toolbox) StdoutLine: {'line': b'-- Up-to-date symlink: /SLAM/ros_ws/install/slam_toolbox/share/slam_toolbox/srvs/DeserializePoseGraph_Request.msg\n'}
[1.043574] (slam_toolbox) StdoutLine: {'line': b'-- Up-to-date symlink: /SLAM/ros_ws/install/slam_toolbox/share/slam_toolbox/srvs/DeserializePoseGraph_Response.msg\n'}
[1.043683] (slam_toolbox) StdoutLine: {'line': b'-- Up-to-date symlink: /SLAM/ros_ws/install/slam_toolbox/share/slam_toolbox/srvs/SerializePoseGraph.srv\n'}
[1.043797] (slam_toolbox) StdoutLine: {'line': b'-- Up-to-date symlink: /SLAM/ros_ws/install/slam_toolbox/share/slam_toolbox/srvs/SerializePoseGraph_Request.msg\n'}
[1.043915] (slam_toolbox) StdoutLine: {'line': b'-- Up-to-date symlink: /SLAM/ros_ws/install/slam_toolbox/share/slam_toolbox/srvs/SerializePoseGraph_Response.msg\n'}
[1.044023] (slam_toolbox) StdoutLine: {'line': b'-- Up-to-date symlink: /SLAM/ros_ws/install/slam_toolbox/share/slam_toolbox//rviz_plugins.xml\n'}
[1.044137] (slam_toolbox) StdoutLine: {'line': b'-- Up-to-date symlink: /SLAM/ros_ws/install/slam_toolbox/share/slam_toolbox//solver_plugins.xml\n'}
[1.044358] (slam_toolbox) StdoutLine: {'line': b'-- Up-to-date symlink: /SLAM/ros_ws/install/slam_toolbox/lib/slam_toolbox/async_slam_toolbox_node\n'}
[1.044484] (slam_toolbox) StdoutLine: {'line': b'-- Up-to-date symlink: /SLAM/ros_ws/install/slam_toolbox/lib/slam_toolbox/sync_slam_toolbox_node\n'}
[1.044604] (slam_toolbox) StdoutLine: {'line': b'-- Up-to-date symlink: /SLAM/ros_ws/install/slam_toolbox/lib/slam_toolbox/localization_slam_toolbox_node\n'}
[1.044711] (slam_toolbox) StdoutLine: {'line': b'-- Up-to-date symlink: /SLAM/ros_ws/install/slam_toolbox/lib/slam_toolbox/map_and_localization_slam_toolbox_node\n'}
[1.044816] (slam_toolbox) StdoutLine: {'line': b'-- Up-to-date symlink: /SLAM/ros_ws/install/slam_toolbox/lib/slam_toolbox/lifelong_slam_toolbox_node\n'}
[1.044932] (slam_toolbox) StdoutLine: {'line': b'-- Up-to-date symlink: /SLAM/ros_ws/install/slam_toolbox/lib/slam_toolbox/merge_maps_kinematic\n'}
[1.045038] (slam_toolbox) StdoutLine: {'line': b'-- Up-to-date symlink: /SLAM/ros_ws/install/slam_toolbox/lib/libtoolbox_common.so\n'}
[1.045145] (slam_toolbox) StdoutLine: {'line': b'-- Up-to-date symlink: /SLAM/ros_ws/install/slam_toolbox/lib/libSlamToolboxPlugin.so\n'}
[1.045244] (slam_toolbox) StdoutLine: {'line': b'-- Up-to-date symlink: /SLAM/ros_ws/install/slam_toolbox/lib/libceres_solver_plugin.so\n'}
[1.045343] (slam_toolbox) StdoutLine: {'line': b'-- Up-to-date symlink: /SLAM/ros_ws/install/slam_toolbox/lib/libasync_slam_toolbox.so\n'}
[1.045442] (slam_toolbox) StdoutLine: {'line': b'-- Up-to-date symlink: /SLAM/ros_ws/install/slam_toolbox/lib/libsync_slam_toolbox.so\n'}
[1.045542] (slam_toolbox) StdoutLine: {'line': b'-- Up-to-date symlink: /SLAM/ros_ws/install/slam_toolbox/lib/liblocalization_slam_toolbox.so\n'}
[1.045642] (slam_toolbox) StdoutLine: {'line': b'-- Up-to-date symlink: /SLAM/ros_ws/install/slam_toolbox/lib/liblifelong_slam_toolbox.so\n'}
[1.045742] (slam_toolbox) StdoutLine: {'line': b'-- Up-to-date symlink: /SLAM/ros_ws/install/slam_toolbox/lib/libmap_and_localization_slam_toolbox.so\n'}
[1.045847] (slam_toolbox) StdoutLine: {'line': b'-- Up-to-date symlink: /SLAM/ros_ws/install/slam_toolbox/lib/libkartoSlamToolbox.so\n'}
[1.046210] (slam_toolbox) StdoutLine: {'line': b'-- Up-to-date symlink: /SLAM/ros_ws/install/slam_toolbox/include/slam_toolbox/experimental/slam_toolbox_lifelong.hpp\n'}
[1.046305] (slam_toolbox) StdoutLine: {'line': b'-- Up-to-date symlink: /SLAM/ros_ws/install/slam_toolbox/include/slam_toolbox/experimental/slam_toolbox_map_and_localization.hpp\n'}
[1.046392] (slam_toolbox) StdoutLine: {'line': b'-- Up-to-date symlink: /SLAM/ros_ws/install/slam_toolbox/include/slam_toolbox/get_pose_helper.hpp\n'}
[1.046477] (slam_toolbox) StdoutLine: {'line': b'-- Up-to-date symlink: /SLAM/ros_ws/install/slam_toolbox/include/slam_toolbox/laser_utils.hpp\n'}
[1.046563] (slam_toolbox) StdoutLine: {'line': b'-- Up-to-date symlink: /SLAM/ros_ws/install/slam_toolbox/include/slam_toolbox/loop_closure_assistant.hpp\n'}
[1.046648] (slam_toolbox) StdoutLine: {'line': b'-- Up-to-date symlink: /SLAM/ros_ws/install/slam_toolbox/include/slam_toolbox/map_saver.hpp\n'}
[1.046736] (slam_toolbox) StdoutLine: {'line': b'-- Up-to-date symlink: /SLAM/ros_ws/install/slam_toolbox/include/slam_toolbox/merge_maps_kinematic.hpp\n'}
[1.046820] (slam_toolbox) StdoutLine: {'line': b'-- Up-to-date symlink: /SLAM/ros_ws/install/slam_toolbox/include/slam_toolbox/serialization.hpp\n'}
[1.046923] (slam_toolbox) StdoutLine: {'line': b'-- Up-to-date symlink: /SLAM/ros_ws/install/slam_toolbox/include/slam_toolbox/slam_mapper.hpp\n'}
[1.047009] (slam_toolbox) StdoutLine: {'line': b'-- Up-to-date symlink: /SLAM/ros_ws/install/slam_toolbox/include/slam_toolbox/slam_toolbox_async.hpp\n'}
[1.047093] (slam_toolbox) StdoutLine: {'line': b'-- Up-to-date symlink: /SLAM/ros_ws/install/slam_toolbox/include/slam_toolbox/slam_toolbox_common.hpp\n'}
[1.047176] (slam_toolbox) StdoutLine: {'line': b'-- Up-to-date symlink: /SLAM/ros_ws/install/slam_toolbox/include/slam_toolbox/slam_toolbox_localization.hpp\n'}
[1.047260] (slam_toolbox) StdoutLine: {'line': b'-- Up-to-date symlink: /SLAM/ros_ws/install/slam_toolbox/include/slam_toolbox/slam_toolbox_sync.hpp\n'}
[1.047343] (slam_toolbox) StdoutLine: {'line': b'-- Up-to-date symlink: /SLAM/ros_ws/install/slam_toolbox/include/slam_toolbox/snap_utils.hpp\n'}
[1.047427] (slam_toolbox) StdoutLine: {'line': b'-- Up-to-date symlink: /SLAM/ros_ws/install/slam_toolbox/include/slam_toolbox/toolbox_msgs.hpp\n'}
[1.047510] (slam_toolbox) StdoutLine: {'line': b'-- Up-to-date symlink: /SLAM/ros_ws/install/slam_toolbox/include/slam_toolbox/toolbox_types.hpp\n'}
[1.047593] (slam_toolbox) StdoutLine: {'line': b'-- Up-to-date symlink: /SLAM/ros_ws/install/slam_toolbox/include/slam_toolbox/visualization_utils.hpp\n'}
[1.047877] (slam_toolbox) StdoutLine: {'line': b'-- Up-to-date symlink: /SLAM/ros_ws/install/slam_toolbox/share/slam_toolbox/launch/localization_launch.py\n'}
[1.047986] (slam_toolbox) StdoutLine: {'line': b'-- Up-to-date symlink: /SLAM/ros_ws/install/slam_toolbox/share/slam_toolbox/launch/merge_maps_kinematic_launch.py\n'}
[1.048070] (slam_toolbox) StdoutLine: {'line': b'-- Up-to-date symlink: /SLAM/ros_ws/install/slam_toolbox/share/slam_toolbox/launch/offline_launch.py\n'}
[1.048153] (slam_toolbox) StdoutLine: {'line': b'-- Up-to-date symlink: /SLAM/ros_ws/install/slam_toolbox/share/slam_toolbox/launch/online_async_launch.py\n'}
[1.048234] (slam_toolbox) StdoutLine: {'line': b'-- Up-to-date symlink: /SLAM/ros_ws/install/slam_toolbox/share/slam_toolbox/launch/online_sync_launch.py\n'}
[1.048463] (slam_toolbox) StdoutLine: {'line': b'-- Up-to-date symlink: /SLAM/ros_ws/install/slam_toolbox/share/slam_toolbox/config/mapper_params_lifelong.yaml\n'}
[1.048549] (slam_toolbox) StdoutLine: {'line': b'-- Up-to-date symlink: /SLAM/ros_ws/install/slam_toolbox/share/slam_toolbox/config/mapper_params_localization.yaml\n'}
[1.048635] (slam_toolbox) StdoutLine: {'line': b'-- Up-to-date symlink: /SLAM/ros_ws/install/slam_toolbox/share/slam_toolbox/config/mapper_params_offline.yaml\n'}
[1.048717] (slam_toolbox) StdoutLine: {'line': b'-- Up-to-date symlink: /SLAM/ros_ws/install/slam_toolbox/share/slam_toolbox/config/mapper_params_online_async.yaml\n'}
[1.048800] (slam_toolbox) StdoutLine: {'line': b'-- Up-to-date symlink: /SLAM/ros_ws/install/slam_toolbox/share/slam_toolbox/config/mapper_params_online_sync.yaml\n'}
[1.048883] (slam_toolbox) StdoutLine: {'line': b'-- Up-to-date symlink: /SLAM/ros_ws/install/slam_toolbox/share/slam_toolbox/config/slam_toolbox_default.rviz\n'}
[1.048997] (slam_toolbox) StdoutLine: {'line': b'-- Up-to-date symlink: /SLAM/ros_ws/install/slam_toolbox/share/solver_plugins.xml\n'}
[1.049079] (slam_toolbox) StdoutLine: {'line': b'-- Up-to-date symlink: /SLAM/ros_ws/install/slam_toolbox/share/rviz_plugins.xml\n'}
[1.049212] (slam_toolbox) StdoutLine: {'line': b'-- Up-to-date symlink: /SLAM/ros_ws/install/slam_toolbox/share/ament_index/resource_index/package_run_dependencies/slam_toolbox\n'}
[1.049340] (slam_toolbox) StdoutLine: {'line': b'-- Up-to-date symlink: /SLAM/ros_ws/install/slam_toolbox/share/ament_index/resource_index/parent_prefix_path/slam_toolbox\n'}
[1.049482] (slam_toolbox) StdoutLine: {'line': b'-- Up-to-date symlink: /SLAM/ros_ws/install/slam_toolbox/share/slam_toolbox/environment/ament_prefix_path.sh\n'}
[1.049596] (slam_toolbox) StdoutLine: {'line': b'-- Up-to-date symlink: /SLAM/ros_ws/install/slam_toolbox/share/slam_toolbox/environment/ament_prefix_path.dsv\n'}
[1.049730] (slam_toolbox) StdoutLine: {'line': b'-- Up-to-date symlink: /SLAM/ros_ws/install/slam_toolbox/share/slam_toolbox/environment/path.sh\n'}
[1.049842] (slam_toolbox) StdoutLine: {'line': b'-- Up-to-date symlink: /SLAM/ros_ws/install/slam_toolbox/share/slam_toolbox/environment/path.dsv\n'}
[1.049954] (slam_toolbox) StdoutLine: {'line': b'-- Up-to-date symlink: /SLAM/ros_ws/install/slam_toolbox/share/slam_toolbox/local_setup.bash\n'}
[1.050063] (slam_toolbox) StdoutLine: {'line': b'-- Up-to-date symlink: /SLAM/ros_ws/install/slam_toolbox/share/slam_toolbox/local_setup.sh\n'}
[1.050170] (slam_toolbox) StdoutLine: {'line': b'-- Up-to-date symlink: /SLAM/ros_ws/install/slam_toolbox/share/slam_toolbox/local_setup.zsh\n'}
[1.050280] (slam_toolbox) StdoutLine: {'line': b'-- Up-to-date symlink: /SLAM/ros_ws/install/slam_toolbox/share/slam_toolbox/local_setup.dsv\n'}
[1.050357] (slam_toolbox) StdoutLine: {'line': b'-- Symlinking: /SLAM/ros_ws/install/slam_toolbox/share/slam_toolbox/package.dsv\n'}
[1.061915] (slam_toolbox) StdoutLine: {'line': b'-- Up-to-date symlink: /SLAM/ros_ws/install/slam_toolbox/share/ament_index/resource_index/packages/slam_toolbox\n'}
[1.062076] (slam_toolbox) StdoutLine: {'line': b'-- Up-to-date symlink: /SLAM/ros_ws/install/slam_toolbox/share/ament_index/resource_index/rviz_common__pluginlib__plugin/slam_toolbox\n'}
[1.062228] (slam_toolbox) StdoutLine: {'line': b'-- Up-to-date symlink: /SLAM/ros_ws/install/slam_toolbox/share/ament_index/resource_index/slam_toolbox__pluginlib__plugin/slam_toolbox\n'}
[1.062390] (slam_toolbox) StdoutLine: {'line': b'-- Up-to-date symlink: /SLAM/ros_ws/install/slam_toolbox/share/ament_index/resource_index/rclcpp_components/slam_toolbox\n'}
[1.062533] (slam_toolbox) StdoutLine: {'line': b'-- Up-to-date symlink: /SLAM/ros_ws/install/slam_toolbox/share/slam_toolbox/cmake/rosidl_cmake-extras.cmake\n'}
[1.062673] (slam_toolbox) StdoutLine: {'line': b'-- Up-to-date symlink: /SLAM/ros_ws/install/slam_toolbox/share/slam_toolbox/cmake/ament_cmake_export_dependencies-extras.cmake\n'}
[1.062814] (slam_toolbox) StdoutLine: {'line': b'-- Up-to-date symlink: /SLAM/ros_ws/install/slam_toolbox/share/slam_toolbox/cmake/ament_cmake_export_include_directories-extras.cmake\n'}
[1.062983] (slam_toolbox) StdoutLine: {'line': b'-- Up-to-date symlink: /SLAM/ros_ws/install/slam_toolbox/share/slam_toolbox/cmake/ament_cmake_export_libraries-extras.cmake\n'}
[1.063096] (slam_toolbox) StdoutLine: {'line': b'-- Up-to-date symlink: /SLAM/ros_ws/install/slam_toolbox/share/slam_toolbox/cmake/ament_cmake_export_targets-extras.cmake\n'}
[1.063208] (slam_toolbox) StdoutLine: {'line': b'-- Up-to-date symlink: /SLAM/ros_ws/install/slam_toolbox/share/slam_toolbox/cmake/rosidl_cmake_export_typesupport_targets-extras.cmake\n'}
[1.063318] (slam_toolbox) StdoutLine: {'line': b'-- Up-to-date symlink: /SLAM/ros_ws/install/slam_toolbox/share/slam_toolbox/cmake/rosidl_cmake_export_typesupport_libraries-extras.cmake\n'}
[1.063432] (slam_toolbox) StdoutLine: {'line': b'-- Up-to-date symlink: /SLAM/ros_ws/install/slam_toolbox/share/slam_toolbox/cmake/slam_toolboxConfig.cmake\n'}
[1.063518] (slam_toolbox) StdoutLine: {'line': b'-- Up-to-date symlink: /SLAM/ros_ws/install/slam_toolbox/share/slam_toolbox/cmake/slam_toolboxConfig-version.cmake\n'}
[1.063625] (slam_toolbox) StdoutLine: {'line': b'-- Up-to-date symlink: /SLAM/ros_ws/install/slam_toolbox/share/slam_toolbox/package.xml\n'}
[1.063839] (slam_toolbox) StdoutLine: {'line': b'-- Up-to-date: /SLAM/ros_ws/install/slam_toolbox/lib/libslam_toolbox__rosidl_generator_c.so\n'}
[1.064115] (slam_toolbox) StdoutLine: {'line': b'-- Up-to-date: /SLAM/ros_ws/install/slam_toolbox/lib/libslam_toolbox__rosidl_typesupport_fastrtps_c.so\n'}
[1.064384] (slam_toolbox) StdoutLine: {'line': b'-- Up-to-date: /SLAM/ros_ws/install/slam_toolbox/lib/libslam_toolbox__rosidl_typesupport_fastrtps_cpp.so\n'}
[1.064641] (slam_toolbox) StdoutLine: {'line': b'-- Up-to-date: /SLAM/ros_ws/install/slam_toolbox/lib/libslam_toolbox__rosidl_typesupport_introspection_c.so\n'}
[1.064878] (slam_toolbox) StdoutLine: {'line': b'-- Up-to-date: /SLAM/ros_ws/install/slam_toolbox/lib/libslam_toolbox__rosidl_typesupport_c.so\n'}
[1.065120] (slam_toolbox) StdoutLine: {'line': b'-- Up-to-date: /SLAM/ros_ws/install/slam_toolbox/lib/libslam_toolbox__rosidl_typesupport_introspection_cpp.so\n'}
[1.065376] (slam_toolbox) StdoutLine: {'line': b'-- Up-to-date: /SLAM/ros_ws/install/slam_toolbox/lib/libslam_toolbox__rosidl_typesupport_cpp.so\n'}
[1.095564] (slam_toolbox) StdoutLine: {'line': b"Listing '/SLAM/ros_ws/install/slam_toolbox/local/lib/python3.10/dist-packages/slam_toolbox'...\n"}
[1.095722] (slam_toolbox) StdoutLine: {'line': b"Listing '/SLAM/ros_ws/install/slam_toolbox/local/lib/python3.10/dist-packages/slam_toolbox/srv'...\n"}
[1.098883] (slam_toolbox) StdoutLine: {'line': b'-- Up-to-date: /SLAM/ros_ws/install/slam_toolbox/lib/libslam_toolbox__rosidl_generator_py.so\n'}
[1.099036] (slam_toolbox) StdoutLine: {'line': b'-- Up-to-date: /SLAM/ros_ws/install/slam_toolbox/share/slam_toolbox/cmake/export_slam_toolbox__rosidl_generator_cExport.cmake\n'}
[1.099155] (slam_toolbox) StdoutLine: {'line': b'-- Up-to-date: /SLAM/ros_ws/install/slam_toolbox/share/slam_toolbox/cmake/export_slam_toolbox__rosidl_generator_cExport-release.cmake\n'}
[1.099281] (slam_toolbox) StdoutLine: {'line': b'-- Up-to-date: /SLAM/ros_ws/install/slam_toolbox/share/slam_toolbox/cmake/export_slam_toolbox__rosidl_typesupport_fastrtps_cExport.cmake\n'}
[1.099396] (slam_toolbox) StdoutLine: {'line': b'-- Up-to-date: /SLAM/ros_ws/install/slam_toolbox/share/slam_toolbox/cmake/export_slam_toolbox__rosidl_typesupport_fastrtps_cExport-release.cmake\n'}
[1.099511] (slam_toolbox) StdoutLine: {'line': b'-- Up-to-date: /SLAM/ros_ws/install/slam_toolbox/share/slam_toolbox/cmake/export_slam_toolbox__rosidl_generator_cppExport.cmake\n'}
[1.099624] (slam_toolbox) StdoutLine: {'line': b'-- Up-to-date: /SLAM/ros_ws/install/slam_toolbox/share/slam_toolbox/cmake/export_slam_toolbox__rosidl_typesupport_fastrtps_cppExport.cmake\n'}
[1.099759] (slam_toolbox) StdoutLine: {'line': b'-- Up-to-date: /SLAM/ros_ws/install/slam_toolbox/share/slam_toolbox/cmake/export_slam_toolbox__rosidl_typesupport_fastrtps_cppExport-release.cmake\n'}
[1.099844] (slam_toolbox) StdoutLine: {'line': b'-- Up-to-date: /SLAM/ros_ws/install/slam_toolbox/share/slam_toolbox/cmake/slam_toolbox__rosidl_typesupport_introspection_cExport.cmake\n'}
[1.099950] (slam_toolbox) StdoutLine: {'line': b'-- Up-to-date: /SLAM/ros_ws/install/slam_toolbox/share/slam_toolbox/cmake/slam_toolbox__rosidl_typesupport_introspection_cExport-release.cmake\n'}
[1.100003] (slam_toolbox) StdoutLine: {'line': b'-- Up-to-date: /SLAM/ros_ws/install/slam_toolbox/share/slam_toolbox/cmake/slam_toolbox__rosidl_typesupport_cExport.cmake\n'}
[1.100054] (slam_toolbox) StdoutLine: {'line': b'-- Up-to-date: /SLAM/ros_ws/install/slam_toolbox/share/slam_toolbox/cmake/slam_toolbox__rosidl_typesupport_cExport-release.cmake\n'}
[1.100104] (slam_toolbox) StdoutLine: {'line': b'-- Up-to-date: /SLAM/ros_ws/install/slam_toolbox/share/slam_toolbox/cmake/slam_toolbox__rosidl_typesupport_introspection_cppExport.cmake\n'}
[1.100154] (slam_toolbox) StdoutLine: {'line': b'-- Up-to-date: /SLAM/ros_ws/install/slam_toolbox/share/slam_toolbox/cmake/slam_toolbox__rosidl_typesupport_introspection_cppExport-release.cmake\n'}
[1.100203] (slam_toolbox) StdoutLine: {'line': b'-- Up-to-date: /SLAM/ros_ws/install/slam_toolbox/share/slam_toolbox/cmake/slam_toolbox__rosidl_typesupport_cppExport.cmake\n'}
[1.100252] (slam_toolbox) StdoutLine: {'line': b'-- Up-to-date: /SLAM/ros_ws/install/slam_toolbox/share/slam_toolbox/cmake/slam_toolbox__rosidl_typesupport_cppExport-release.cmake\n'}
[1.100299] (slam_toolbox) StdoutLine: {'line': b'-- Up-to-date: /SLAM/ros_ws/install/slam_toolbox/share/slam_toolbox/cmake/export_slam_toolbox__rosidl_generator_pyExport.cmake\n'}
[1.100346] (slam_toolbox) StdoutLine: {'line': b'-- Up-to-date: /SLAM/ros_ws/install/slam_toolbox/share/slam_toolbox/cmake/export_slam_toolbox__rosidl_generator_pyExport-release.cmake\n'}
[1.100401] (slam_toolbox) StdoutLine: {'line': b'-- Up-to-date: /SLAM/ros_ws/install/slam_toolbox/share/slam_toolbox/cmake/SlamToolboxPluginExport.cmake\n'}
[1.100448] (slam_toolbox) StdoutLine: {'line': b'-- Up-to-date: /SLAM/ros_ws/install/slam_toolbox/share/slam_toolbox/cmake/SlamToolboxPluginExport-release.cmake\n'}
[1.101248] (-) TimerEvent: {}
[1.102175] (slam_toolbox) CommandEnded: {'returncode': 0}
[1.201359] (-) TimerEvent: {}
[1.301592] (-) TimerEvent: {}
[1.401849] (-) TimerEvent: {}
[1.502118] (-) TimerEvent: {}
[1.602367] (-) TimerEvent: {}
[1.702611] (-) TimerEvent: {}
[1.779346] (slam_toolbox) JobEnded: {'identifier': 'slam_toolbox', 'rc': 0}
[1.779871] (-) EventReactorShutdown: {}
