[0.303s] Invoking command in '/SLAM/ros_ws/build/astra_camera_msgs': CMAKE_PREFIX_PATH=/opt/ros/humble /usr/bin/cmake --build /SLAM/ros_ws/build/astra_camera_msgs -- -j16 -l16
[0.914s] [  1%] Built target astra_camera_msgs__cpp
[0.915s] [  1%] Built target ament_cmake_python_symlink_astra_camera_msgs
[0.915s] [ 12%] Built target astra_camera_msgs__rosidl_typesupport_introspection_cpp
[0.915s] running egg_info
[0.915s] writing astra_camera_msgs.egg-info/PKG-INFO
[0.915s] writing dependency_links to astra_camera_msgs.egg-info/dependency_links.txt
[0.918s] writing top-level names to astra_camera_msgs.egg-info/top_level.txt
[0.918s] reading manifest file 'astra_camera_msgs.egg-info/SOURCES.txt'
[0.919s] writing manifest file 'astra_camera_msgs.egg-info/SOURCES.txt'
[0.919s] [ 12%] Built target ament_cmake_python_build_astra_camera_msgs_egg
[0.919s] [ 24%] Built target astra_camera_msgs__rosidl_typesupport_fastrtps_cpp
[0.920s] [ 35%] Built target astra_camera_msgs__rosidl_typesupport_cpp
[0.920s] [ 47%] Built target astra_camera_msgs__rosidl_generator_c
[0.921s] [ 58%] Built target astra_camera_msgs__rosidl_typesupport_fastrtps_c
[0.923s] [ 70%] Built target astra_camera_msgs__rosidl_typesupport_c
[0.923s] [ 82%] Built target astra_camera_msgs__rosidl_typesupport_introspection_c
[0.923s] [ 82%] Built target astra_camera_msgs
[0.925s] [ 83%] Built target astra_camera_msgs__py
[0.948s] [ 93%] Built target astra_camera_msgs__rosidl_generator_py
[0.979s] [ 95%] Built target astra_camera_msgs__rosidl_typesupport_fastrtps_c__pyext
[1.009s] [ 97%] Built target astra_camera_msgs__rosidl_typesupport_c__pyext
[1.038s] [100%] Built target astra_camera_msgs__rosidl_typesupport_introspection_c__pyext
[1.221s] Invoked command in '/SLAM/ros_ws/build/astra_camera_msgs' returned '0': CMAKE_PREFIX_PATH=/opt/ros/humble /usr/bin/cmake --build /SLAM/ros_ws/build/astra_camera_msgs -- -j16 -l16
[1.619s] Invoking command in '/SLAM/ros_ws/build/astra_camera_msgs': CMAKE_PREFIX_PATH=/opt/ros/humble /usr/bin/cmake --install /SLAM/ros_ws/build/astra_camera_msgs
[1.620s] -- Install configuration: "Release"
[1.621s] -- Execute custom install script
[1.622s] -- Up-to-date symlink: /SLAM/ros_ws/install/astra_camera_msgs/share/ament_index/resource_index/rosidl_interfaces/astra_camera_msgs
[1.623s] -- Up-to-date symlink: /SLAM/ros_ws/install/astra_camera_msgs/include/astra_camera_msgs/astra_camera_msgs/msg/detail/device_info__functions.h
[1.623s] -- Up-to-date symlink: /SLAM/ros_ws/install/astra_camera_msgs/include/astra_camera_msgs/astra_camera_msgs/msg/detail/device_info__struct.h
[1.624s] -- Up-to-date symlink: /SLAM/ros_ws/install/astra_camera_msgs/include/astra_camera_msgs/astra_camera_msgs/msg/detail/device_info__type_support.h
[1.624s] -- Up-to-date symlink: /SLAM/ros_ws/install/astra_camera_msgs/include/astra_camera_msgs/astra_camera_msgs/msg/detail/extrinsics__functions.h
[1.625s] -- Up-to-date symlink: /SLAM/ros_ws/install/astra_camera_msgs/include/astra_camera_msgs/astra_camera_msgs/msg/detail/extrinsics__struct.h
[1.625s] -- Up-to-date symlink: /SLAM/ros_ws/install/astra_camera_msgs/include/astra_camera_msgs/astra_camera_msgs/msg/detail/extrinsics__type_support.h
[1.625s] -- Up-to-date symlink: /SLAM/ros_ws/install/astra_camera_msgs/include/astra_camera_msgs/astra_camera_msgs/msg/detail/metadata__functions.h
[1.626s] -- Up-to-date symlink: /SLAM/ros_ws/install/astra_camera_msgs/include/astra_camera_msgs/astra_camera_msgs/msg/detail/metadata__struct.h
[1.626s] -- Up-to-date symlink: /SLAM/ros_ws/install/astra_camera_msgs/include/astra_camera_msgs/astra_camera_msgs/msg/detail/metadata__type_support.h
[1.627s] -- Up-to-date symlink: /SLAM/ros_ws/install/astra_camera_msgs/include/astra_camera_msgs/astra_camera_msgs/msg/device_info.h
[1.627s] -- Up-to-date symlink: /SLAM/ros_ws/install/astra_camera_msgs/include/astra_camera_msgs/astra_camera_msgs/msg/extrinsics.h
[1.627s] -- Up-to-date symlink: /SLAM/ros_ws/install/astra_camera_msgs/include/astra_camera_msgs/astra_camera_msgs/msg/metadata.h
[1.627s] -- Up-to-date symlink: /SLAM/ros_ws/install/astra_camera_msgs/include/astra_camera_msgs/astra_camera_msgs/msg/rosidl_generator_c__visibility_control.h
[1.628s] -- Up-to-date symlink: /SLAM/ros_ws/install/astra_camera_msgs/include/astra_camera_msgs/astra_camera_msgs/srv/detail/get_camera_info__functions.h
[1.628s] -- Up-to-date symlink: /SLAM/ros_ws/install/astra_camera_msgs/include/astra_camera_msgs/astra_camera_msgs/srv/detail/get_camera_info__struct.h
[1.628s] -- Up-to-date symlink: /SLAM/ros_ws/install/astra_camera_msgs/include/astra_camera_msgs/astra_camera_msgs/srv/detail/get_camera_info__type_support.h
[1.629s] -- Up-to-date symlink: /SLAM/ros_ws/install/astra_camera_msgs/include/astra_camera_msgs/astra_camera_msgs/srv/detail/get_camera_params__functions.h
[1.629s] -- Up-to-date symlink: /SLAM/ros_ws/install/astra_camera_msgs/include/astra_camera_msgs/astra_camera_msgs/srv/detail/get_camera_params__struct.h
[1.629s] -- Up-to-date symlink: /SLAM/ros_ws/install/astra_camera_msgs/include/astra_camera_msgs/astra_camera_msgs/srv/detail/get_camera_params__type_support.h
[1.630s] -- Up-to-date symlink: /SLAM/ros_ws/install/astra_camera_msgs/include/astra_camera_msgs/astra_camera_msgs/srv/detail/get_device_info__functions.h
[1.630s] -- Up-to-date symlink: /SLAM/ros_ws/install/astra_camera_msgs/include/astra_camera_msgs/astra_camera_msgs/srv/detail/get_device_info__struct.h
[1.630s] -- Up-to-date symlink: /SLAM/ros_ws/install/astra_camera_msgs/include/astra_camera_msgs/astra_camera_msgs/srv/detail/get_device_info__type_support.h
[1.631s] -- Up-to-date symlink: /SLAM/ros_ws/install/astra_camera_msgs/include/astra_camera_msgs/astra_camera_msgs/srv/detail/get_int32__functions.h
[1.631s] -- Up-to-date symlink: /SLAM/ros_ws/install/astra_camera_msgs/include/astra_camera_msgs/astra_camera_msgs/srv/detail/get_int32__struct.h
[1.631s] -- Up-to-date symlink: /SLAM/ros_ws/install/astra_camera_msgs/include/astra_camera_msgs/astra_camera_msgs/srv/detail/get_int32__type_support.h
[1.633s] -- Up-to-date symlink: /SLAM/ros_ws/install/astra_camera_msgs/include/astra_camera_msgs/astra_camera_msgs/srv/detail/get_string__functions.h
[1.633s] -- Up-to-date symlink: /SLAM/ros_ws/install/astra_camera_msgs/include/astra_camera_msgs/astra_camera_msgs/srv/detail/get_string__struct.h
[1.634s] -- Up-to-date symlink: /SLAM/ros_ws/install/astra_camera_msgs/include/astra_camera_msgs/astra_camera_msgs/srv/detail/get_string__type_support.h
[1.634s] -- Up-to-date symlink: /SLAM/ros_ws/install/astra_camera_msgs/include/astra_camera_msgs/astra_camera_msgs/srv/detail/set_int32__functions.h
[1.634s] -- Up-to-date symlink: /SLAM/ros_ws/install/astra_camera_msgs/include/astra_camera_msgs/astra_camera_msgs/srv/detail/set_int32__struct.h
[1.635s] -- Up-to-date symlink: /SLAM/ros_ws/install/astra_camera_msgs/include/astra_camera_msgs/astra_camera_msgs/srv/detail/set_int32__type_support.h
[1.636s] -- Up-to-date symlink: /SLAM/ros_ws/install/astra_camera_msgs/include/astra_camera_msgs/astra_camera_msgs/srv/get_camera_info.h
[1.636s] -- Up-to-date symlink: /SLAM/ros_ws/install/astra_camera_msgs/include/astra_camera_msgs/astra_camera_msgs/srv/get_camera_params.h
[1.636s] -- Up-to-date symlink: /SLAM/ros_ws/install/astra_camera_msgs/include/astra_camera_msgs/astra_camera_msgs/srv/get_device_info.h
[1.637s] -- Up-to-date symlink: /SLAM/ros_ws/install/astra_camera_msgs/include/astra_camera_msgs/astra_camera_msgs/srv/get_int32.h
[1.637s] -- Up-to-date symlink: /SLAM/ros_ws/install/astra_camera_msgs/include/astra_camera_msgs/astra_camera_msgs/srv/get_string.h
[1.637s] -- Up-to-date symlink: /SLAM/ros_ws/install/astra_camera_msgs/include/astra_camera_msgs/astra_camera_msgs/srv/set_int32.h
[1.637s] -- Up-to-date symlink: /SLAM/ros_ws/install/astra_camera_msgs/share/astra_camera_msgs/environment/library_path.sh
[1.637s] -- Up-to-date symlink: /SLAM/ros_ws/install/astra_camera_msgs/share/astra_camera_msgs/environment/library_path.dsv
[1.638s] -- Up-to-date symlink: /SLAM/ros_ws/install/astra_camera_msgs/include/astra_camera_msgs/astra_camera_msgs/msg/detail/device_info__rosidl_typesupport_fastrtps_c.h
[1.638s] -- Up-to-date symlink: /SLAM/ros_ws/install/astra_camera_msgs/include/astra_camera_msgs/astra_camera_msgs/msg/detail/extrinsics__rosidl_typesupport_fastrtps_c.h
[1.638s] -- Up-to-date symlink: /SLAM/ros_ws/install/astra_camera_msgs/include/astra_camera_msgs/astra_camera_msgs/msg/detail/metadata__rosidl_typesupport_fastrtps_c.h
[1.639s] -- Up-to-date symlink: /SLAM/ros_ws/install/astra_camera_msgs/include/astra_camera_msgs/astra_camera_msgs/msg/rosidl_typesupport_fastrtps_c__visibility_control.h
[1.639s] -- Up-to-date symlink: /SLAM/ros_ws/install/astra_camera_msgs/include/astra_camera_msgs/astra_camera_msgs/srv/detail/get_camera_info__rosidl_typesupport_fastrtps_c.h
[1.640s] -- Up-to-date symlink: /SLAM/ros_ws/install/astra_camera_msgs/include/astra_camera_msgs/astra_camera_msgs/srv/detail/get_camera_params__rosidl_typesupport_fastrtps_c.h
[1.640s] -- Up-to-date symlink: /SLAM/ros_ws/install/astra_camera_msgs/include/astra_camera_msgs/astra_camera_msgs/srv/detail/get_device_info__rosidl_typesupport_fastrtps_c.h
[1.640s] -- Up-to-date symlink: /SLAM/ros_ws/install/astra_camera_msgs/include/astra_camera_msgs/astra_camera_msgs/srv/detail/get_int32__rosidl_typesupport_fastrtps_c.h
[1.641s] -- Up-to-date symlink: /SLAM/ros_ws/install/astra_camera_msgs/include/astra_camera_msgs/astra_camera_msgs/srv/detail/get_string__rosidl_typesupport_fastrtps_c.h
[1.641s] -- Up-to-date symlink: /SLAM/ros_ws/install/astra_camera_msgs/include/astra_camera_msgs/astra_camera_msgs/srv/detail/set_int32__rosidl_typesupport_fastrtps_c.h
[1.641s] -- Up-to-date symlink: /SLAM/ros_ws/install/astra_camera_msgs/include/astra_camera_msgs/astra_camera_msgs/msg/detail/device_info__rosidl_typesupport_introspection_c.h
[1.641s] -- Up-to-date symlink: /SLAM/ros_ws/install/astra_camera_msgs/include/astra_camera_msgs/astra_camera_msgs/msg/detail/extrinsics__rosidl_typesupport_introspection_c.h
[1.642s] -- Up-to-date symlink: /SLAM/ros_ws/install/astra_camera_msgs/include/astra_camera_msgs/astra_camera_msgs/msg/detail/metadata__rosidl_typesupport_introspection_c.h
[1.642s] -- Up-to-date symlink: /SLAM/ros_ws/install/astra_camera_msgs/include/astra_camera_msgs/astra_camera_msgs/msg/rosidl_typesupport_introspection_c__visibility_control.h
[1.642s] -- Up-to-date symlink: /SLAM/ros_ws/install/astra_camera_msgs/include/astra_camera_msgs/astra_camera_msgs/srv/detail/get_camera_info__rosidl_typesupport_introspection_c.h
[1.643s] -- Up-to-date symlink: /SLAM/ros_ws/install/astra_camera_msgs/include/astra_camera_msgs/astra_camera_msgs/srv/detail/get_camera_params__rosidl_typesupport_introspection_c.h
[1.643s] -- Up-to-date symlink: /SLAM/ros_ws/install/astra_camera_msgs/include/astra_camera_msgs/astra_camera_msgs/srv/detail/get_device_info__rosidl_typesupport_introspection_c.h
[1.643s] -- Up-to-date symlink: /SLAM/ros_ws/install/astra_camera_msgs/include/astra_camera_msgs/astra_camera_msgs/srv/detail/get_int32__rosidl_typesupport_introspection_c.h
[1.643s] -- Up-to-date symlink: /SLAM/ros_ws/install/astra_camera_msgs/include/astra_camera_msgs/astra_camera_msgs/srv/detail/get_string__rosidl_typesupport_introspection_c.h
[1.644s] -- Up-to-date symlink: /SLAM/ros_ws/install/astra_camera_msgs/include/astra_camera_msgs/astra_camera_msgs/srv/detail/set_int32__rosidl_typesupport_introspection_c.h
[1.644s] -- Up-to-date symlink: /SLAM/ros_ws/install/astra_camera_msgs/include/astra_camera_msgs/astra_camera_msgs/msg/detail/device_info__builder.hpp
[1.644s] -- Up-to-date symlink: /SLAM/ros_ws/install/astra_camera_msgs/include/astra_camera_msgs/astra_camera_msgs/msg/detail/device_info__struct.hpp
[1.645s] -- Up-to-date symlink: /SLAM/ros_ws/install/astra_camera_msgs/include/astra_camera_msgs/astra_camera_msgs/msg/detail/device_info__traits.hpp
[1.645s] -- Up-to-date symlink: /SLAM/ros_ws/install/astra_camera_msgs/include/astra_camera_msgs/astra_camera_msgs/msg/detail/extrinsics__builder.hpp
[1.645s] -- Up-to-date symlink: /SLAM/ros_ws/install/astra_camera_msgs/include/astra_camera_msgs/astra_camera_msgs/msg/detail/extrinsics__struct.hpp
[1.646s] -- Up-to-date symlink: /SLAM/ros_ws/install/astra_camera_msgs/include/astra_camera_msgs/astra_camera_msgs/msg/detail/extrinsics__traits.hpp
[1.646s] -- Up-to-date symlink: /SLAM/ros_ws/install/astra_camera_msgs/include/astra_camera_msgs/astra_camera_msgs/msg/detail/metadata__builder.hpp
[1.648s] -- Up-to-date symlink: /SLAM/ros_ws/install/astra_camera_msgs/include/astra_camera_msgs/astra_camera_msgs/msg/detail/metadata__struct.hpp
[1.648s] -- Up-to-date symlink: /SLAM/ros_ws/install/astra_camera_msgs/include/astra_camera_msgs/astra_camera_msgs/msg/detail/metadata__traits.hpp
[1.648s] -- Up-to-date symlink: /SLAM/ros_ws/install/astra_camera_msgs/include/astra_camera_msgs/astra_camera_msgs/msg/device_info.hpp
[1.648s] -- Up-to-date symlink: /SLAM/ros_ws/install/astra_camera_msgs/include/astra_camera_msgs/astra_camera_msgs/msg/extrinsics.hpp
[1.649s] -- Up-to-date symlink: /SLAM/ros_ws/install/astra_camera_msgs/include/astra_camera_msgs/astra_camera_msgs/msg/metadata.hpp
[1.649s] -- Up-to-date symlink: /SLAM/ros_ws/install/astra_camera_msgs/include/astra_camera_msgs/astra_camera_msgs/srv/detail/get_camera_info__builder.hpp
[1.649s] -- Up-to-date symlink: /SLAM/ros_ws/install/astra_camera_msgs/include/astra_camera_msgs/astra_camera_msgs/srv/detail/get_camera_info__struct.hpp
[1.649s] -- Up-to-date symlink: /SLAM/ros_ws/install/astra_camera_msgs/include/astra_camera_msgs/astra_camera_msgs/srv/detail/get_camera_info__traits.hpp
[1.650s] -- Up-to-date symlink: /SLAM/ros_ws/install/astra_camera_msgs/include/astra_camera_msgs/astra_camera_msgs/srv/detail/get_camera_params__builder.hpp
[1.650s] -- Up-to-date symlink: /SLAM/ros_ws/install/astra_camera_msgs/include/astra_camera_msgs/astra_camera_msgs/srv/detail/get_camera_params__struct.hpp
[1.650s] -- Up-to-date symlink: /SLAM/ros_ws/install/astra_camera_msgs/include/astra_camera_msgs/astra_camera_msgs/srv/detail/get_camera_params__traits.hpp
[1.650s] -- Up-to-date symlink: /SLAM/ros_ws/install/astra_camera_msgs/include/astra_camera_msgs/astra_camera_msgs/srv/detail/get_device_info__builder.hpp
[1.650s] -- Up-to-date symlink: /SLAM/ros_ws/install/astra_camera_msgs/include/astra_camera_msgs/astra_camera_msgs/srv/detail/get_device_info__struct.hpp
[1.651s] -- Up-to-date symlink: /SLAM/ros_ws/install/astra_camera_msgs/include/astra_camera_msgs/astra_camera_msgs/srv/detail/get_device_info__traits.hpp
[1.651s] -- Up-to-date symlink: /SLAM/ros_ws/install/astra_camera_msgs/include/astra_camera_msgs/astra_camera_msgs/srv/detail/get_int32__builder.hpp
[1.651s] -- Up-to-date symlink: /SLAM/ros_ws/install/astra_camera_msgs/include/astra_camera_msgs/astra_camera_msgs/srv/detail/get_int32__struct.hpp
[1.652s] -- Up-to-date symlink: /SLAM/ros_ws/install/astra_camera_msgs/include/astra_camera_msgs/astra_camera_msgs/srv/detail/get_int32__traits.hpp
[1.652s] -- Up-to-date symlink: /SLAM/ros_ws/install/astra_camera_msgs/include/astra_camera_msgs/astra_camera_msgs/srv/detail/get_string__builder.hpp
[1.652s] -- Up-to-date symlink: /SLAM/ros_ws/install/astra_camera_msgs/include/astra_camera_msgs/astra_camera_msgs/srv/detail/get_string__struct.hpp
[1.652s] -- Up-to-date symlink: /SLAM/ros_ws/install/astra_camera_msgs/include/astra_camera_msgs/astra_camera_msgs/srv/detail/get_string__traits.hpp
[1.653s] -- Up-to-date symlink: /SLAM/ros_ws/install/astra_camera_msgs/include/astra_camera_msgs/astra_camera_msgs/srv/detail/set_int32__builder.hpp
[1.653s] -- Up-to-date symlink: /SLAM/ros_ws/install/astra_camera_msgs/include/astra_camera_msgs/astra_camera_msgs/srv/detail/set_int32__struct.hpp
[1.653s] -- Up-to-date symlink: /SLAM/ros_ws/install/astra_camera_msgs/include/astra_camera_msgs/astra_camera_msgs/srv/detail/set_int32__traits.hpp
[1.653s] -- Up-to-date symlink: /SLAM/ros_ws/install/astra_camera_msgs/include/astra_camera_msgs/astra_camera_msgs/srv/get_camera_info.hpp
[1.653s] -- Up-to-date symlink: /SLAM/ros_ws/install/astra_camera_msgs/include/astra_camera_msgs/astra_camera_msgs/srv/get_camera_params.hpp
[1.654s] -- Up-to-date symlink: /SLAM/ros_ws/install/astra_camera_msgs/include/astra_camera_msgs/astra_camera_msgs/srv/get_device_info.hpp
[1.654s] -- Up-to-date symlink: /SLAM/ros_ws/install/astra_camera_msgs/include/astra_camera_msgs/astra_camera_msgs/srv/get_int32.hpp
[1.654s] -- Up-to-date symlink: /SLAM/ros_ws/install/astra_camera_msgs/include/astra_camera_msgs/astra_camera_msgs/srv/get_string.hpp
[1.655s] -- Up-to-date symlink: /SLAM/ros_ws/install/astra_camera_msgs/include/astra_camera_msgs/astra_camera_msgs/srv/set_int32.hpp
[1.655s] -- Up-to-date symlink: /SLAM/ros_ws/install/astra_camera_msgs/include/astra_camera_msgs/astra_camera_msgs/msg/detail/device_info__rosidl_typesupport_fastrtps_cpp.hpp
[1.655s] -- Up-to-date symlink: /SLAM/ros_ws/install/astra_camera_msgs/include/astra_camera_msgs/astra_camera_msgs/msg/detail/extrinsics__rosidl_typesupport_fastrtps_cpp.hpp
[1.655s] -- Up-to-date symlink: /SLAM/ros_ws/install/astra_camera_msgs/include/astra_camera_msgs/astra_camera_msgs/msg/detail/metadata__rosidl_typesupport_fastrtps_cpp.hpp
[1.656s] -- Up-to-date symlink: /SLAM/ros_ws/install/astra_camera_msgs/include/astra_camera_msgs/astra_camera_msgs/msg/rosidl_typesupport_fastrtps_cpp__visibility_control.h
[1.656s] -- Up-to-date symlink: /SLAM/ros_ws/install/astra_camera_msgs/include/astra_camera_msgs/astra_camera_msgs/srv/detail/get_camera_info__rosidl_typesupport_fastrtps_cpp.hpp
[1.656s] -- Up-to-date symlink: /SLAM/ros_ws/install/astra_camera_msgs/include/astra_camera_msgs/astra_camera_msgs/srv/detail/get_camera_params__rosidl_typesupport_fastrtps_cpp.hpp
[1.656s] -- Up-to-date symlink: /SLAM/ros_ws/install/astra_camera_msgs/include/astra_camera_msgs/astra_camera_msgs/srv/detail/get_device_info__rosidl_typesupport_fastrtps_cpp.hpp
[1.657s] -- Up-to-date symlink: /SLAM/ros_ws/install/astra_camera_msgs/include/astra_camera_msgs/astra_camera_msgs/srv/detail/get_int32__rosidl_typesupport_fastrtps_cpp.hpp
[1.657s] -- Up-to-date symlink: /SLAM/ros_ws/install/astra_camera_msgs/include/astra_camera_msgs/astra_camera_msgs/srv/detail/get_string__rosidl_typesupport_fastrtps_cpp.hpp
[1.657s] -- Up-to-date symlink: /SLAM/ros_ws/install/astra_camera_msgs/include/astra_camera_msgs/astra_camera_msgs/srv/detail/set_int32__rosidl_typesupport_fastrtps_cpp.hpp
[1.657s] -- Up-to-date symlink: /SLAM/ros_ws/install/astra_camera_msgs/include/astra_camera_msgs/astra_camera_msgs/msg/detail/device_info__rosidl_typesupport_introspection_cpp.hpp
[1.658s] -- Up-to-date symlink: /SLAM/ros_ws/install/astra_camera_msgs/include/astra_camera_msgs/astra_camera_msgs/msg/detail/extrinsics__rosidl_typesupport_introspection_cpp.hpp
[1.658s] -- Up-to-date symlink: /SLAM/ros_ws/install/astra_camera_msgs/include/astra_camera_msgs/astra_camera_msgs/msg/detail/metadata__rosidl_typesupport_introspection_cpp.hpp
[1.658s] -- Up-to-date symlink: /SLAM/ros_ws/install/astra_camera_msgs/include/astra_camera_msgs/astra_camera_msgs/srv/detail/get_camera_info__rosidl_typesupport_introspection_cpp.hpp
[1.659s] -- Up-to-date symlink: /SLAM/ros_ws/install/astra_camera_msgs/include/astra_camera_msgs/astra_camera_msgs/srv/detail/get_camera_params__rosidl_typesupport_introspection_cpp.hpp
[1.659s] -- Up-to-date symlink: /SLAM/ros_ws/install/astra_camera_msgs/include/astra_camera_msgs/astra_camera_msgs/srv/detail/get_device_info__rosidl_typesupport_introspection_cpp.hpp
[1.659s] -- Up-to-date symlink: /SLAM/ros_ws/install/astra_camera_msgs/include/astra_camera_msgs/astra_camera_msgs/srv/detail/get_int32__rosidl_typesupport_introspection_cpp.hpp
[1.660s] -- Up-to-date symlink: /SLAM/ros_ws/install/astra_camera_msgs/include/astra_camera_msgs/astra_camera_msgs/srv/detail/get_string__rosidl_typesupport_introspection_cpp.hpp
[1.660s] -- Up-to-date symlink: /SLAM/ros_ws/install/astra_camera_msgs/include/astra_camera_msgs/astra_camera_msgs/srv/detail/set_int32__rosidl_typesupport_introspection_cpp.hpp
[1.660s] -- Up-to-date symlink: /SLAM/ros_ws/install/astra_camera_msgs/share/astra_camera_msgs/environment/pythonpath.sh
[1.661s] -- Up-to-date symlink: /SLAM/ros_ws/install/astra_camera_msgs/share/astra_camera_msgs/environment/pythonpath.dsv
[1.661s] -- Up-to-date symlink: /SLAM/ros_ws/install/astra_camera_msgs/local/lib/python3.10/dist-packages/astra_camera_msgs-1.0.1-py3.10.egg-info/PKG-INFO
[1.661s] -- Up-to-date symlink: /SLAM/ros_ws/install/astra_camera_msgs/local/lib/python3.10/dist-packages/astra_camera_msgs-1.0.1-py3.10.egg-info/SOURCES.txt
[1.661s] -- Up-to-date symlink: /SLAM/ros_ws/install/astra_camera_msgs/local/lib/python3.10/dist-packages/astra_camera_msgs-1.0.1-py3.10.egg-info/dependency_links.txt
[1.662s] -- Up-to-date symlink: /SLAM/ros_ws/install/astra_camera_msgs/local/lib/python3.10/dist-packages/astra_camera_msgs-1.0.1-py3.10.egg-info/top_level.txt
[1.662s] -- Up-to-date symlink: /SLAM/ros_ws/install/astra_camera_msgs/local/lib/python3.10/dist-packages/astra_camera_msgs/__init__.py
[1.662s] -- Up-to-date symlink: /SLAM/ros_ws/install/astra_camera_msgs/local/lib/python3.10/dist-packages/astra_camera_msgs/_astra_camera_msgs_s.ep.rosidl_typesupport_c.c
[1.662s] -- Up-to-date symlink: /SLAM/ros_ws/install/astra_camera_msgs/local/lib/python3.10/dist-packages/astra_camera_msgs/_astra_camera_msgs_s.ep.rosidl_typesupport_fastrtps_c.c
[1.662s] -- Up-to-date symlink: /SLAM/ros_ws/install/astra_camera_msgs/local/lib/python3.10/dist-packages/astra_camera_msgs/_astra_camera_msgs_s.ep.rosidl_typesupport_introspection_c.c
[1.662s] -- Up-to-date symlink: /SLAM/ros_ws/install/astra_camera_msgs/local/lib/python3.10/dist-packages/astra_camera_msgs/astra_camera_msgs_s__rosidl_typesupport_c.cpython-310-x86_64-linux-gnu.so
[1.662s] -- Up-to-date symlink: /SLAM/ros_ws/install/astra_camera_msgs/local/lib/python3.10/dist-packages/astra_camera_msgs/astra_camera_msgs_s__rosidl_typesupport_fastrtps_c.cpython-310-x86_64-linux-gnu.so
[1.662s] -- Up-to-date symlink: /SLAM/ros_ws/install/astra_camera_msgs/local/lib/python3.10/dist-packages/astra_camera_msgs/astra_camera_msgs_s__rosidl_typesupport_introspection_c.cpython-310-x86_64-linux-gnu.so
[1.663s] -- Up-to-date symlink: /SLAM/ros_ws/install/astra_camera_msgs/local/lib/python3.10/dist-packages/astra_camera_msgs/libastra_camera_msgs__rosidl_generator_py.so
[1.663s] -- Up-to-date symlink: /SLAM/ros_ws/install/astra_camera_msgs/local/lib/python3.10/dist-packages/astra_camera_msgs/msg/__init__.py
[1.663s] -- Up-to-date symlink: /SLAM/ros_ws/install/astra_camera_msgs/local/lib/python3.10/dist-packages/astra_camera_msgs/msg/_device_info.py
[1.663s] -- Up-to-date symlink: /SLAM/ros_ws/install/astra_camera_msgs/local/lib/python3.10/dist-packages/astra_camera_msgs/msg/_device_info_s.c
[1.663s] -- Up-to-date symlink: /SLAM/ros_ws/install/astra_camera_msgs/local/lib/python3.10/dist-packages/astra_camera_msgs/msg/_extrinsics.py
[1.663s] -- Up-to-date symlink: /SLAM/ros_ws/install/astra_camera_msgs/local/lib/python3.10/dist-packages/astra_camera_msgs/msg/_extrinsics_s.c
[1.663s] -- Up-to-date symlink: /SLAM/ros_ws/install/astra_camera_msgs/local/lib/python3.10/dist-packages/astra_camera_msgs/msg/_metadata.py
[1.664s] -- Up-to-date symlink: /SLAM/ros_ws/install/astra_camera_msgs/local/lib/python3.10/dist-packages/astra_camera_msgs/msg/_metadata_s.c
[1.664s] -- Up-to-date symlink: /SLAM/ros_ws/install/astra_camera_msgs/local/lib/python3.10/dist-packages/astra_camera_msgs/srv/__init__.py
[1.664s] -- Up-to-date symlink: /SLAM/ros_ws/install/astra_camera_msgs/local/lib/python3.10/dist-packages/astra_camera_msgs/srv/_get_camera_info.py
[1.665s] -- Up-to-date symlink: /SLAM/ros_ws/install/astra_camera_msgs/local/lib/python3.10/dist-packages/astra_camera_msgs/srv/_get_camera_info_s.c
[1.665s] -- Up-to-date symlink: /SLAM/ros_ws/install/astra_camera_msgs/local/lib/python3.10/dist-packages/astra_camera_msgs/srv/_get_camera_params.py
[1.665s] -- Up-to-date symlink: /SLAM/ros_ws/install/astra_camera_msgs/local/lib/python3.10/dist-packages/astra_camera_msgs/srv/_get_camera_params_s.c
[1.665s] -- Up-to-date symlink: /SLAM/ros_ws/install/astra_camera_msgs/local/lib/python3.10/dist-packages/astra_camera_msgs/srv/_get_device_info.py
[1.665s] -- Up-to-date symlink: /SLAM/ros_ws/install/astra_camera_msgs/local/lib/python3.10/dist-packages/astra_camera_msgs/srv/_get_device_info_s.c
[1.665s] -- Up-to-date symlink: /SLAM/ros_ws/install/astra_camera_msgs/local/lib/python3.10/dist-packages/astra_camera_msgs/srv/_get_int32.py
[1.665s] -- Up-to-date symlink: /SLAM/ros_ws/install/astra_camera_msgs/local/lib/python3.10/dist-packages/astra_camera_msgs/srv/_get_int32_s.c
[1.666s] -- Up-to-date symlink: /SLAM/ros_ws/install/astra_camera_msgs/local/lib/python3.10/dist-packages/astra_camera_msgs/srv/_get_string.py
[1.666s] -- Up-to-date symlink: /SLAM/ros_ws/install/astra_camera_msgs/local/lib/python3.10/dist-packages/astra_camera_msgs/srv/_get_string_s.c
[1.666s] -- Up-to-date symlink: /SLAM/ros_ws/install/astra_camera_msgs/local/lib/python3.10/dist-packages/astra_camera_msgs/srv/_set_int32.py
[1.666s] -- Up-to-date symlink: /SLAM/ros_ws/install/astra_camera_msgs/local/lib/python3.10/dist-packages/astra_camera_msgs/srv/_set_int32_s.c
[1.666s] -- Up-to-date symlink: /SLAM/ros_ws/install/astra_camera_msgs/local/lib/python3.10/dist-packages/astra_camera_msgs/astra_camera_msgs_s__rosidl_typesupport_fastrtps_c.cpython-310-x86_64-linux-gnu.so
[1.666s] -- Up-to-date symlink: /SLAM/ros_ws/install/astra_camera_msgs/local/lib/python3.10/dist-packages/astra_camera_msgs/astra_camera_msgs_s__rosidl_typesupport_introspection_c.cpython-310-x86_64-linux-gnu.so
[1.666s] -- Up-to-date symlink: /SLAM/ros_ws/install/astra_camera_msgs/local/lib/python3.10/dist-packages/astra_camera_msgs/astra_camera_msgs_s__rosidl_typesupport_c.cpython-310-x86_64-linux-gnu.so
[1.666s] -- Up-to-date symlink: /SLAM/ros_ws/install/astra_camera_msgs/share/astra_camera_msgs/msg/DeviceInfo.idl
[1.666s] -- Up-to-date symlink: /SLAM/ros_ws/install/astra_camera_msgs/share/astra_camera_msgs/msg/Extrinsics.idl
[1.667s] -- Up-to-date symlink: /SLAM/ros_ws/install/astra_camera_msgs/share/astra_camera_msgs/msg/Metadata.idl
[1.667s] -- Up-to-date symlink: /SLAM/ros_ws/install/astra_camera_msgs/share/astra_camera_msgs/srv/GetDeviceInfo.idl
[1.667s] -- Up-to-date symlink: /SLAM/ros_ws/install/astra_camera_msgs/share/astra_camera_msgs/srv/GetCameraInfo.idl
[1.667s] -- Up-to-date symlink: /SLAM/ros_ws/install/astra_camera_msgs/share/astra_camera_msgs/srv/GetCameraParams.idl
[1.667s] -- Up-to-date symlink: /SLAM/ros_ws/install/astra_camera_msgs/share/astra_camera_msgs/srv/GetInt32.idl
[1.667s] -- Up-to-date symlink: /SLAM/ros_ws/install/astra_camera_msgs/share/astra_camera_msgs/srv/GetString.idl
[1.667s] -- Up-to-date symlink: /SLAM/ros_ws/install/astra_camera_msgs/share/astra_camera_msgs/srv/SetInt32.idl
[1.668s] -- Up-to-date symlink: /SLAM/ros_ws/install/astra_camera_msgs/share/astra_camera_msgs/msg/DeviceInfo.msg
[1.668s] -- Up-to-date symlink: /SLAM/ros_ws/install/astra_camera_msgs/share/astra_camera_msgs/msg/Extrinsics.msg
[1.668s] -- Up-to-date symlink: /SLAM/ros_ws/install/astra_camera_msgs/share/astra_camera_msgs/msg/Metadata.msg
[1.668s] -- Up-to-date symlink: /SLAM/ros_ws/install/astra_camera_msgs/share/astra_camera_msgs/srv/GetDeviceInfo.srv
[1.668s] -- Up-to-date symlink: /SLAM/ros_ws/install/astra_camera_msgs/share/astra_camera_msgs/srv/GetDeviceInfo_Request.msg
[1.668s] -- Up-to-date symlink: /SLAM/ros_ws/install/astra_camera_msgs/share/astra_camera_msgs/srv/GetDeviceInfo_Response.msg
[1.669s] -- Up-to-date symlink: /SLAM/ros_ws/install/astra_camera_msgs/share/astra_camera_msgs/srv/GetCameraInfo.srv
[1.669s] -- Up-to-date symlink: /SLAM/ros_ws/install/astra_camera_msgs/share/astra_camera_msgs/srv/GetCameraInfo_Request.msg
[1.669s] -- Up-to-date symlink: /SLAM/ros_ws/install/astra_camera_msgs/share/astra_camera_msgs/srv/GetCameraInfo_Response.msg
[1.669s] -- Up-to-date symlink: /SLAM/ros_ws/install/astra_camera_msgs/share/astra_camera_msgs/srv/GetCameraParams.srv
[1.669s] -- Up-to-date symlink: /SLAM/ros_ws/install/astra_camera_msgs/share/astra_camera_msgs/srv/GetCameraParams_Request.msg
[1.669s] -- Up-to-date symlink: /SLAM/ros_ws/install/astra_camera_msgs/share/astra_camera_msgs/srv/GetCameraParams_Response.msg
[1.669s] -- Up-to-date symlink: /SLAM/ros_ws/install/astra_camera_msgs/share/astra_camera_msgs/srv/GetInt32.srv
[1.670s] -- Up-to-date symlink: /SLAM/ros_ws/install/astra_camera_msgs/share/astra_camera_msgs/srv/GetInt32_Request.msg
[1.670s] -- Up-to-date symlink: /SLAM/ros_ws/install/astra_camera_msgs/share/astra_camera_msgs/srv/GetInt32_Response.msg
[1.670s] -- Up-to-date symlink: /SLAM/ros_ws/install/astra_camera_msgs/share/astra_camera_msgs/srv/GetString.srv
[1.670s] -- Up-to-date symlink: /SLAM/ros_ws/install/astra_camera_msgs/share/astra_camera_msgs/srv/GetString_Request.msg
[1.670s] -- Up-to-date symlink: /SLAM/ros_ws/install/astra_camera_msgs/share/astra_camera_msgs/srv/GetString_Response.msg
[1.670s] -- Up-to-date symlink: /SLAM/ros_ws/install/astra_camera_msgs/share/astra_camera_msgs/srv/SetInt32.srv
[1.670s] -- Up-to-date symlink: /SLAM/ros_ws/install/astra_camera_msgs/share/astra_camera_msgs/srv/SetInt32_Request.msg
[1.671s] -- Up-to-date symlink: /SLAM/ros_ws/install/astra_camera_msgs/share/astra_camera_msgs/srv/SetInt32_Response.msg
[1.671s] -- Up-to-date symlink: /SLAM/ros_ws/install/astra_camera_msgs/share/ament_index/resource_index/package_run_dependencies/astra_camera_msgs
[1.671s] -- Up-to-date symlink: /SLAM/ros_ws/install/astra_camera_msgs/share/ament_index/resource_index/parent_prefix_path/astra_camera_msgs
[1.671s] -- Up-to-date symlink: /SLAM/ros_ws/install/astra_camera_msgs/share/astra_camera_msgs/environment/ament_prefix_path.sh
[1.672s] -- Up-to-date symlink: /SLAM/ros_ws/install/astra_camera_msgs/share/astra_camera_msgs/environment/ament_prefix_path.dsv
[1.672s] -- Up-to-date symlink: /SLAM/ros_ws/install/astra_camera_msgs/share/astra_camera_msgs/environment/path.sh
[1.672s] -- Up-to-date symlink: /SLAM/ros_ws/install/astra_camera_msgs/share/astra_camera_msgs/environment/path.dsv
[1.672s] -- Up-to-date symlink: /SLAM/ros_ws/install/astra_camera_msgs/share/astra_camera_msgs/local_setup.bash
[1.672s] -- Up-to-date symlink: /SLAM/ros_ws/install/astra_camera_msgs/share/astra_camera_msgs/local_setup.sh
[1.673s] -- Up-to-date symlink: /SLAM/ros_ws/install/astra_camera_msgs/share/astra_camera_msgs/local_setup.zsh
[1.673s] -- Up-to-date symlink: /SLAM/ros_ws/install/astra_camera_msgs/share/astra_camera_msgs/local_setup.dsv
[1.673s] -- Symlinking: /SLAM/ros_ws/install/astra_camera_msgs/share/astra_camera_msgs/package.dsv
[1.681s] -- Up-to-date symlink: /SLAM/ros_ws/install/astra_camera_msgs/share/ament_index/resource_index/packages/astra_camera_msgs
[1.682s] -- Up-to-date symlink: /SLAM/ros_ws/install/astra_camera_msgs/share/astra_camera_msgs/cmake/rosidl_cmake-extras.cmake
[1.682s] -- Up-to-date symlink: /SLAM/ros_ws/install/astra_camera_msgs/share/astra_camera_msgs/cmake/ament_cmake_export_dependencies-extras.cmake
[1.682s] -- Up-to-date symlink: /SLAM/ros_ws/install/astra_camera_msgs/share/astra_camera_msgs/cmake/ament_cmake_export_include_directories-extras.cmake
[1.682s] -- Up-to-date symlink: /SLAM/ros_ws/install/astra_camera_msgs/share/astra_camera_msgs/cmake/ament_cmake_export_libraries-extras.cmake
[1.683s] -- Up-to-date symlink: /SLAM/ros_ws/install/astra_camera_msgs/share/astra_camera_msgs/cmake/ament_cmake_export_targets-extras.cmake
[1.683s] -- Up-to-date symlink: /SLAM/ros_ws/install/astra_camera_msgs/share/astra_camera_msgs/cmake/rosidl_cmake_export_typesupport_targets-extras.cmake
[1.683s] -- Up-to-date symlink: /SLAM/ros_ws/install/astra_camera_msgs/share/astra_camera_msgs/cmake/rosidl_cmake_export_typesupport_libraries-extras.cmake
[1.683s] -- Up-to-date symlink: /SLAM/ros_ws/install/astra_camera_msgs/share/astra_camera_msgs/cmake/astra_camera_msgsConfig.cmake
[1.684s] -- Up-to-date symlink: /SLAM/ros_ws/install/astra_camera_msgs/share/astra_camera_msgs/cmake/astra_camera_msgsConfig-version.cmake
[1.684s] -- Up-to-date symlink: /SLAM/ros_ws/install/astra_camera_msgs/share/astra_camera_msgs/package.xml
[1.685s] -- Up-to-date: /SLAM/ros_ws/install/astra_camera_msgs/lib/libastra_camera_msgs__rosidl_generator_c.so
[1.686s] -- Up-to-date: /SLAM/ros_ws/install/astra_camera_msgs/lib/libastra_camera_msgs__rosidl_typesupport_fastrtps_c.so
[1.687s] -- Up-to-date: /SLAM/ros_ws/install/astra_camera_msgs/lib/libastra_camera_msgs__rosidl_typesupport_introspection_c.so
[1.688s] -- Up-to-date: /SLAM/ros_ws/install/astra_camera_msgs/lib/libastra_camera_msgs__rosidl_typesupport_c.so
[1.689s] -- Up-to-date: /SLAM/ros_ws/install/astra_camera_msgs/lib/libastra_camera_msgs__rosidl_typesupport_fastrtps_cpp.so
[1.692s] -- Up-to-date: /SLAM/ros_ws/install/astra_camera_msgs/lib/libastra_camera_msgs__rosidl_typesupport_introspection_cpp.so
[1.693s] -- Up-to-date: /SLAM/ros_ws/install/astra_camera_msgs/lib/libastra_camera_msgs__rosidl_typesupport_cpp.so
[1.737s] Listing '/SLAM/ros_ws/install/astra_camera_msgs/local/lib/python3.10/dist-packages/astra_camera_msgs'...
[1.737s] Listing '/SLAM/ros_ws/install/astra_camera_msgs/local/lib/python3.10/dist-packages/astra_camera_msgs/msg'...
[1.738s] Listing '/SLAM/ros_ws/install/astra_camera_msgs/local/lib/python3.10/dist-packages/astra_camera_msgs/srv'...
[1.744s] -- Up-to-date: /SLAM/ros_ws/install/astra_camera_msgs/lib/libastra_camera_msgs__rosidl_generator_py.so
[1.745s] -- Up-to-date: /SLAM/ros_ws/install/astra_camera_msgs/share/astra_camera_msgs/cmake/export_astra_camera_msgs__rosidl_generator_cExport.cmake
[1.745s] -- Up-to-date: /SLAM/ros_ws/install/astra_camera_msgs/share/astra_camera_msgs/cmake/export_astra_camera_msgs__rosidl_generator_cExport-release.cmake
[1.745s] -- Up-to-date: /SLAM/ros_ws/install/astra_camera_msgs/share/astra_camera_msgs/cmake/export_astra_camera_msgs__rosidl_typesupport_fastrtps_cExport.cmake
[1.746s] -- Up-to-date: /SLAM/ros_ws/install/astra_camera_msgs/share/astra_camera_msgs/cmake/export_astra_camera_msgs__rosidl_typesupport_fastrtps_cExport-release.cmake
[1.746s] -- Up-to-date: /SLAM/ros_ws/install/astra_camera_msgs/share/astra_camera_msgs/cmake/astra_camera_msgs__rosidl_typesupport_introspection_cExport.cmake
[1.746s] -- Up-to-date: /SLAM/ros_ws/install/astra_camera_msgs/share/astra_camera_msgs/cmake/astra_camera_msgs__rosidl_typesupport_introspection_cExport-release.cmake
[1.747s] -- Up-to-date: /SLAM/ros_ws/install/astra_camera_msgs/share/astra_camera_msgs/cmake/astra_camera_msgs__rosidl_typesupport_cExport.cmake
[1.747s] -- Up-to-date: /SLAM/ros_ws/install/astra_camera_msgs/share/astra_camera_msgs/cmake/astra_camera_msgs__rosidl_typesupport_cExport-release.cmake
[1.747s] -- Up-to-date: /SLAM/ros_ws/install/astra_camera_msgs/share/astra_camera_msgs/cmake/export_astra_camera_msgs__rosidl_generator_cppExport.cmake
[1.748s] -- Up-to-date: /SLAM/ros_ws/install/astra_camera_msgs/share/astra_camera_msgs/cmake/export_astra_camera_msgs__rosidl_typesupport_fastrtps_cppExport.cmake
[1.748s] -- Up-to-date: /SLAM/ros_ws/install/astra_camera_msgs/share/astra_camera_msgs/cmake/export_astra_camera_msgs__rosidl_typesupport_fastrtps_cppExport-release.cmake
[1.748s] -- Up-to-date: /SLAM/ros_ws/install/astra_camera_msgs/share/astra_camera_msgs/cmake/astra_camera_msgs__rosidl_typesupport_introspection_cppExport.cmake
[1.748s] -- Up-to-date: /SLAM/ros_ws/install/astra_camera_msgs/share/astra_camera_msgs/cmake/astra_camera_msgs__rosidl_typesupport_introspection_cppExport-release.cmake
[1.749s] -- Up-to-date: /SLAM/ros_ws/install/astra_camera_msgs/share/astra_camera_msgs/cmake/astra_camera_msgs__rosidl_typesupport_cppExport.cmake
[1.749s] -- Up-to-date: /SLAM/ros_ws/install/astra_camera_msgs/share/astra_camera_msgs/cmake/astra_camera_msgs__rosidl_typesupport_cppExport-release.cmake
[1.749s] -- Up-to-date: /SLAM/ros_ws/install/astra_camera_msgs/share/astra_camera_msgs/cmake/export_astra_camera_msgs__rosidl_generator_pyExport.cmake
[1.749s] -- Up-to-date: /SLAM/ros_ws/install/astra_camera_msgs/share/astra_camera_msgs/cmake/export_astra_camera_msgs__rosidl_generator_pyExport-release.cmake
[1.905s] Invoked command in '/SLAM/ros_ws/build/astra_camera_msgs' returned '0': CMAKE_PREFIX_PATH=/opt/ros/humble /usr/bin/cmake --install /SLAM/ros_ws/build/astra_camera_msgs
