[0.157s] Invoking command in '/home/khanh/Documents/microros_ws/build/rosidl_typesupport_microxrcedds_c': CMAKE_PREFIX_PATH=/home/khanh/Documents/microros_ws/install/microcdr:/home/khanh/Documents/microros_ws/install/rosidl_typesupport_microxrcedds_cpp:/home/khanh/Documents/microros_ws/install/rosidl_typesupport_microxrcedds_c:/home/khanh/Documents/microros_ws/install/micro_ros_setup:/home/khanh/Documents/microros_ws/install/micro_ros_agent:/home/khanh/Documents/microros_ws/install/micro_ros_msgs:/opt/ros/humble LD_LIBRARY_PATH=/home/khanh/Documents/microros_ws/install/microcdr/lib:/home/khanh/Documents/microros_ws/install/rosidl_typesupport_microxrcedds_cpp/lib:/home/khanh/Documents/microros_ws/install/rosidl_typesupport_microxrcedds_c/lib:/home/khanh/Documents/microros_ws/install/micro_ros_agent/lib:/home/khanh/Documents/microros_ws/install/micro_ros_msgs/lib:/opt/ros/humble/opt/rviz_ogre_vendor/lib:/opt/ros/humble/lib/x86_64-linux-gnu:/opt/ros/humble/lib /usr/bin/cmake --build /home/khanh/Documents/microros_ws/build/rosidl_typesupport_microxrcedds_c -- -j16 -l16
[0.231s] [100%] Built target rosidl_typesupport_microxrcedds_c
[0.241s] [100%] Built target ament_cmake_python_copy_rosidl_typesupport_microxrcedds_c
[0.524s] running egg_info
[0.525s] writing rosidl_typesupport_microxrcedds_c.egg-info/PKG-INFO
[0.526s] writing dependency_links to rosidl_typesupport_microxrcedds_c.egg-info/dependency_links.txt
[0.526s] writing top-level names to rosidl_typesupport_microxrcedds_c.egg-info/top_level.txt
[0.529s] reading manifest file 'rosidl_typesupport_microxrcedds_c.egg-info/SOURCES.txt'
[0.529s] writing manifest file 'rosidl_typesupport_microxrcedds_c.egg-info/SOURCES.txt'
[0.577s] [100%] Built target ament_cmake_python_build_rosidl_typesupport_microxrcedds_c_egg
[0.598s] Invoked command in '/home/khanh/Documents/microros_ws/build/rosidl_typesupport_microxrcedds_c' returned '0': CMAKE_PREFIX_PATH=/home/khanh/Documents/microros_ws/install/microcdr:/home/khanh/Documents/microros_ws/install/rosidl_typesupport_microxrcedds_cpp:/home/khanh/Documents/microros_ws/install/rosidl_typesupport_microxrcedds_c:/home/khanh/Documents/microros_ws/install/micro_ros_setup:/home/khanh/Documents/microros_ws/install/micro_ros_agent:/home/khanh/Documents/microros_ws/install/micro_ros_msgs:/opt/ros/humble LD_LIBRARY_PATH=/home/khanh/Documents/microros_ws/install/microcdr/lib:/home/khanh/Documents/microros_ws/install/rosidl_typesupport_microxrcedds_cpp/lib:/home/khanh/Documents/microros_ws/install/rosidl_typesupport_microxrcedds_c/lib:/home/khanh/Documents/microros_ws/install/micro_ros_agent/lib:/home/khanh/Documents/microros_ws/install/micro_ros_msgs/lib:/opt/ros/humble/opt/rviz_ogre_vendor/lib:/opt/ros/humble/lib/x86_64-linux-gnu:/opt/ros/humble/lib /usr/bin/cmake --build /home/khanh/Documents/microros_ws/build/rosidl_typesupport_microxrcedds_c -- -j16 -l16
[0.652s] Invoking command in '/home/khanh/Documents/microros_ws/build/rosidl_typesupport_microxrcedds_c': CMAKE_PREFIX_PATH=/home/khanh/Documents/microros_ws/install/microcdr:/home/khanh/Documents/microros_ws/install/rosidl_typesupport_microxrcedds_cpp:/home/khanh/Documents/microros_ws/install/rosidl_typesupport_microxrcedds_c:/home/khanh/Documents/microros_ws/install/micro_ros_setup:/home/khanh/Documents/microros_ws/install/micro_ros_agent:/home/khanh/Documents/microros_ws/install/micro_ros_msgs:/opt/ros/humble LD_LIBRARY_PATH=/home/khanh/Documents/microros_ws/install/microcdr/lib:/home/khanh/Documents/microros_ws/install/rosidl_typesupport_microxrcedds_cpp/lib:/home/khanh/Documents/microros_ws/install/rosidl_typesupport_microxrcedds_c/lib:/home/khanh/Documents/microros_ws/install/micro_ros_agent/lib:/home/khanh/Documents/microros_ws/install/micro_ros_msgs/lib:/opt/ros/humble/opt/rviz_ogre_vendor/lib:/opt/ros/humble/lib/x86_64-linux-gnu:/opt/ros/humble/lib /usr/bin/cmake --install /home/khanh/Documents/microros_ws/build/rosidl_typesupport_microxrcedds_c
[0.670s] -- Install configuration: ""
[0.670s] -- Up-to-date: /home/khanh/Documents/microros_ws/install/rosidl_typesupport_microxrcedds_c/share/rosidl_typesupport_microxrcedds_c/environment/pythonpath.sh
[0.671s] -- Up-to-date: /home/khanh/Documents/microros_ws/install/rosidl_typesupport_microxrcedds_c/share/rosidl_typesupport_microxrcedds_c/environment/pythonpath.dsv
[0.671s] -- Up-to-date: /home/khanh/Documents/microros_ws/install/rosidl_typesupport_microxrcedds_c/local/lib/python3.10/dist-packages/rosidl_typesupport_microxrcedds_c-3.0.1-py3.10.egg-info
[0.671s] -- Installing: /home/khanh/Documents/microros_ws/install/rosidl_typesupport_microxrcedds_c/local/lib/python3.10/dist-packages/rosidl_typesupport_microxrcedds_c-3.0.1-py3.10.egg-info/PKG-INFO
[0.677s] -- Installing: /home/khanh/Documents/microros_ws/install/rosidl_typesupport_microxrcedds_c/local/lib/python3.10/dist-packages/rosidl_typesupport_microxrcedds_c-3.0.1-py3.10.egg-info/dependency_links.txt
[0.677s] -- Installing: /home/khanh/Documents/microros_ws/install/rosidl_typesupport_microxrcedds_c/local/lib/python3.10/dist-packages/rosidl_typesupport_microxrcedds_c-3.0.1-py3.10.egg-info/top_level.txt
[0.678s] -- Installing: /home/khanh/Documents/microros_ws/install/rosidl_typesupport_microxrcedds_c/local/lib/python3.10/dist-packages/rosidl_typesupport_microxrcedds_c-3.0.1-py3.10.egg-info/SOURCES.txt
[0.679s] -- Up-to-date: /home/khanh/Documents/microros_ws/install/rosidl_typesupport_microxrcedds_c/local/lib/python3.10/dist-packages/rosidl_typesupport_microxrcedds_c
[0.679s] -- Up-to-date: /home/khanh/Documents/microros_ws/install/rosidl_typesupport_microxrcedds_c/local/lib/python3.10/dist-packages/rosidl_typesupport_microxrcedds_c/__init__.py
[0.755s] Listing '/home/khanh/Documents/microros_ws/install/rosidl_typesupport_microxrcedds_c/local/lib/python3.10/dist-packages/rosidl_typesupport_microxrcedds_c'...
[0.767s] -- Up-to-date: /home/khanh/Documents/microros_ws/install/rosidl_typesupport_microxrcedds_c/share/rosidl_typesupport_microxrcedds_c/environment/library_path.sh
[0.767s] -- Up-to-date: /home/khanh/Documents/microros_ws/install/rosidl_typesupport_microxrcedds_c/share/rosidl_typesupport_microxrcedds_c/environment/library_path.dsv
[0.768s] -- Up-to-date: /home/khanh/Documents/microros_ws/install/rosidl_typesupport_microxrcedds_c/share/ament_index/resource_index/rosidl_typesupport_c/rosidl_typesupport_microxrcedds_c
[0.768s] -- Up-to-date: /home/khanh/Documents/microros_ws/install/rosidl_typesupport_microxrcedds_c/share/ament_index/resource_index/package_run_dependencies/rosidl_typesupport_microxrcedds_c
[0.768s] -- Up-to-date: /home/khanh/Documents/microros_ws/install/rosidl_typesupport_microxrcedds_c/share/ament_index/resource_index/parent_prefix_path/rosidl_typesupport_microxrcedds_c
[0.769s] -- Up-to-date: /home/khanh/Documents/microros_ws/install/rosidl_typesupport_microxrcedds_c/share/rosidl_typesupport_microxrcedds_c/environment/ament_prefix_path.sh
[0.769s] -- Up-to-date: /home/khanh/Documents/microros_ws/install/rosidl_typesupport_microxrcedds_c/share/rosidl_typesupport_microxrcedds_c/environment/ament_prefix_path.dsv
[0.769s] -- Up-to-date: /home/khanh/Documents/microros_ws/install/rosidl_typesupport_microxrcedds_c/share/rosidl_typesupport_microxrcedds_c/environment/path.sh
[0.769s] -- Up-to-date: /home/khanh/Documents/microros_ws/install/rosidl_typesupport_microxrcedds_c/share/rosidl_typesupport_microxrcedds_c/environment/path.dsv
[0.770s] -- Up-to-date: /home/khanh/Documents/microros_ws/install/rosidl_typesupport_microxrcedds_c/share/rosidl_typesupport_microxrcedds_c/local_setup.bash
[0.770s] -- Up-to-date: /home/khanh/Documents/microros_ws/install/rosidl_typesupport_microxrcedds_c/share/rosidl_typesupport_microxrcedds_c/local_setup.sh
[0.770s] -- Up-to-date: /home/khanh/Documents/microros_ws/install/rosidl_typesupport_microxrcedds_c/share/rosidl_typesupport_microxrcedds_c/local_setup.zsh
[0.770s] -- Up-to-date: /home/khanh/Documents/microros_ws/install/rosidl_typesupport_microxrcedds_c/share/rosidl_typesupport_microxrcedds_c/local_setup.dsv
[0.770s] -- Installing: /home/khanh/Documents/microros_ws/install/rosidl_typesupport_microxrcedds_c/share/rosidl_typesupport_microxrcedds_c/package.dsv
[0.771s] -- Up-to-date: /home/khanh/Documents/microros_ws/install/rosidl_typesupport_microxrcedds_c/share/ament_index/resource_index/packages/rosidl_typesupport_microxrcedds_c
[0.771s] -- Up-to-date: /home/khanh/Documents/microros_ws/install/rosidl_typesupport_microxrcedds_c/share/rosidl_typesupport_microxrcedds_c/cmake/rosidl_typesupport_microxrcedds_cExport.cmake
[0.771s] -- Up-to-date: /home/khanh/Documents/microros_ws/install/rosidl_typesupport_microxrcedds_c/share/rosidl_typesupport_microxrcedds_c/cmake/rosidl_typesupport_microxrcedds_cExport-noconfig.cmake
[0.771s] -- Up-to-date: /home/khanh/Documents/microros_ws/install/rosidl_typesupport_microxrcedds_c/share/rosidl_typesupport_microxrcedds_c/cmake/rosidl_typesupport_microxrcedds_c-extras.cmake
[0.771s] -- Up-to-date: /home/khanh/Documents/microros_ws/install/rosidl_typesupport_microxrcedds_c/share/rosidl_typesupport_microxrcedds_c/cmake/ament_cmake_export_dependencies-extras.cmake
[0.771s] -- Up-to-date: /home/khanh/Documents/microros_ws/install/rosidl_typesupport_microxrcedds_c/share/rosidl_typesupport_microxrcedds_c/cmake/ament_cmake_export_include_directories-extras.cmake
[0.772s] -- Up-to-date: /home/khanh/Documents/microros_ws/install/rosidl_typesupport_microxrcedds_c/share/rosidl_typesupport_microxrcedds_c/cmake/ament_cmake_export_libraries-extras.cmake
[0.772s] -- Up-to-date: /home/khanh/Documents/microros_ws/install/rosidl_typesupport_microxrcedds_c/share/rosidl_typesupport_microxrcedds_c/cmake/ament_cmake_export_targets-extras.cmake
[0.772s] -- Up-to-date: /home/khanh/Documents/microros_ws/install/rosidl_typesupport_microxrcedds_c/share/rosidl_typesupport_microxrcedds_c/cmake/rosidl_typesupport_microxrcedds_cConfig.cmake
[0.772s] -- Up-to-date: /home/khanh/Documents/microros_ws/install/rosidl_typesupport_microxrcedds_c/share/rosidl_typesupport_microxrcedds_c/cmake/rosidl_typesupport_microxrcedds_cConfig-version.cmake
[0.772s] -- Up-to-date: /home/khanh/Documents/microros_ws/install/rosidl_typesupport_microxrcedds_c/share/rosidl_typesupport_microxrcedds_c/package.xml
[0.772s] -- Up-to-date: /home/khanh/Documents/microros_ws/install/rosidl_typesupport_microxrcedds_c/lib/rosidl_typesupport_microxrcedds_c/rosidl_typesupport_microxrcedds_c
[0.772s] -- Up-to-date: /home/khanh/Documents/microros_ws/install/rosidl_typesupport_microxrcedds_c/share/rosidl_typesupport_microxrcedds_c/cmake
[0.772s] -- Up-to-date: /home/khanh/Documents/microros_ws/install/rosidl_typesupport_microxrcedds_c/share/rosidl_typesupport_microxrcedds_c/cmake/rosidl_typesupport_microxrcedds_c_generate_interfaces.cmake
[0.773s] -- Up-to-date: /home/khanh/Documents/microros_ws/install/rosidl_typesupport_microxrcedds_c/share/rosidl_typesupport_microxrcedds_c/resource
[0.773s] -- Up-to-date: /home/khanh/Documents/microros_ws/install/rosidl_typesupport_microxrcedds_c/share/rosidl_typesupport_microxrcedds_c/resource/msg__rosidl_typesupport_microxrcedds_c.h.em
[0.774s] -- Up-to-date: /home/khanh/Documents/microros_ws/install/rosidl_typesupport_microxrcedds_c/share/rosidl_typesupport_microxrcedds_c/resource/srv__rosidl_typesupport_microxrcedds_c.h.em
[0.775s] -- Up-to-date: /home/khanh/Documents/microros_ws/install/rosidl_typesupport_microxrcedds_c/share/rosidl_typesupport_microxrcedds_c/resource/srv__type_support_c.c.em
[0.775s] -- Up-to-date: /home/khanh/Documents/microros_ws/install/rosidl_typesupport_microxrcedds_c/share/rosidl_typesupport_microxrcedds_c/resource/msg__type_support_c.c.em
[0.776s] -- Up-to-date: /home/khanh/Documents/microros_ws/install/rosidl_typesupport_microxrcedds_c/share/rosidl_typesupport_microxrcedds_c/resource/idl__rosidl_typesupport_microxrcedds_c.h.em
[0.776s] -- Up-to-date: /home/khanh/Documents/microros_ws/install/rosidl_typesupport_microxrcedds_c/share/rosidl_typesupport_microxrcedds_c/resource/idl__type_support_c.c.em
[0.776s] -- Up-to-date: /home/khanh/Documents/microros_ws/install/rosidl_typesupport_microxrcedds_c/share/rosidl_typesupport_microxrcedds_c/resource/rosidl_typesupport_microxrcedds_c__visibility_control.h.in
[0.776s] -- Up-to-date: /home/khanh/Documents/microros_ws/install/rosidl_typesupport_microxrcedds_c/include
[0.776s] -- Up-to-date: /home/khanh/Documents/microros_ws/install/rosidl_typesupport_microxrcedds_c/include/rosidl_typesupport_microxrcedds_c
[0.777s] -- Up-to-date: /home/khanh/Documents/microros_ws/install/rosidl_typesupport_microxrcedds_c/include/rosidl_typesupport_microxrcedds_c/visibility_control.h
[0.777s] -- Up-to-date: /home/khanh/Documents/microros_ws/install/rosidl_typesupport_microxrcedds_c/include/rosidl_typesupport_microxrcedds_c/service_type_support.h
[0.777s] -- Up-to-date: /home/khanh/Documents/microros_ws/install/rosidl_typesupport_microxrcedds_c/include/rosidl_typesupport_microxrcedds_c/identifier.h
[0.777s] -- Up-to-date: /home/khanh/Documents/microros_ws/install/rosidl_typesupport_microxrcedds_c/include/rosidl_typesupport_microxrcedds_c/message_type_support.h
[0.777s] -- Up-to-date: /home/khanh/Documents/microros_ws/install/rosidl_typesupport_microxrcedds_c/lib/librosidl_typesupport_microxrcedds_c.so
[0.778s] Invoked command in '/home/khanh/Documents/microros_ws/build/rosidl_typesupport_microxrcedds_c' returned '0': CMAKE_PREFIX_PATH=/home/khanh/Documents/microros_ws/install/microcdr:/home/khanh/Documents/microros_ws/install/rosidl_typesupport_microxrcedds_cpp:/home/khanh/Documents/microros_ws/install/rosidl_typesupport_microxrcedds_c:/home/khanh/Documents/microros_ws/install/micro_ros_setup:/home/khanh/Documents/microros_ws/install/micro_ros_agent:/home/khanh/Documents/microros_ws/install/micro_ros_msgs:/opt/ros/humble LD_LIBRARY_PATH=/home/khanh/Documents/microros_ws/install/microcdr/lib:/home/khanh/Documents/microros_ws/install/rosidl_typesupport_microxrcedds_cpp/lib:/home/khanh/Documents/microros_ws/install/rosidl_typesupport_microxrcedds_c/lib:/home/khanh/Documents/microros_ws/install/micro_ros_agent/lib:/home/khanh/Documents/microros_ws/install/micro_ros_msgs/lib:/opt/ros/humble/opt/rviz_ogre_vendor/lib:/opt/ros/humble/lib/x86_64-linux-gnu:/opt/ros/humble/lib /usr/bin/cmake --install /home/khanh/Documents/microros_ws/build/rosidl_typesupport_microxrcedds_c
