[0.984s] Invoking command in '/SLAM/ros_ws/src/image_pipeline/camera_calibration': PYTHONPATH=/SLAM/ros_ws/build/camera_calibration/prefix_override:/SLAM/ros_ws/install/camera_calibration/lib/python3.10/site-packages:${PYTHONPATH} /usr/bin/python3 setup.py egg_info --egg-base ../../../build/camera_calibration build --build-base /SLAM/ros_ws/build/camera_calibration/build install --record /SLAM/ros_ws/build/camera_calibration/install.log --single-version-externally-managed
[1.190s] running egg_info
[1.190s] writing ../../../build/camera_calibration/camera_calibration.egg-info/PKG-INFO
[1.191s] writing dependency_links to ../../../build/camera_calibration/camera_calibration.egg-info/dependency_links.txt
[1.191s] writing entry points to ../../../build/camera_calibration/camera_calibration.egg-info/entry_points.txt
[1.191s] writing requirements to ../../../build/camera_calibration/camera_calibration.egg-info/requires.txt
[1.191s] writing top-level names to ../../../build/camera_calibration/camera_calibration.egg-info/top_level.txt
[1.193s] reading manifest file '../../../build/camera_calibration/camera_calibration.egg-info/SOURCES.txt'
[1.194s] writing manifest file '../../../build/camera_calibration/camera_calibration.egg-info/SOURCES.txt'
[1.194s] running build
[1.194s] running build_py
[1.195s] copying src/camera_calibration/camera_calibrator.py -> /SLAM/ros_ws/build/camera_calibration/build/lib/camera_calibration
[1.195s] copying src/camera_calibration/camera_checker.py -> /SLAM/ros_ws/build/camera_calibration/build/lib/camera_calibration
[1.195s] copying src/camera_calibration/__init__.py -> /SLAM/ros_ws/build/camera_calibration/build/lib/camera_calibration
[1.195s] copying src/camera_calibration/calibrator.py -> /SLAM/ros_ws/build/camera_calibration/build/lib/camera_calibration
[1.196s] copying src/camera_calibration/nodes/cameracheck.py -> /SLAM/ros_ws/build/camera_calibration/build/lib/camera_calibration/nodes
[1.196s] copying src/camera_calibration/nodes/cameracalibrator.py -> /SLAM/ros_ws/build/camera_calibration/build/lib/camera_calibration/nodes
[1.196s] copying src/camera_calibration/nodes/__init__.py -> /SLAM/ros_ws/build/camera_calibration/build/lib/camera_calibration/nodes
[1.197s] running install
[1.197s] /usr/lib/python3/dist-packages/setuptools/command/install.py:34: SetuptoolsDeprecationWarning: setup.py install is deprecated. Use build and pip and other standards-based tools.
[1.197s]   warnings.warn(
[1.197s] running install_lib
[1.198s] copying /SLAM/ros_ws/build/camera_calibration/build/lib/camera_calibration/camera_calibrator.py -> /SLAM/ros_ws/install/camera_calibration/lib/python3.10/site-packages/camera_calibration
[1.199s] copying /SLAM/ros_ws/build/camera_calibration/build/lib/camera_calibration/camera_checker.py -> /SLAM/ros_ws/install/camera_calibration/lib/python3.10/site-packages/camera_calibration
[1.199s] copying /SLAM/ros_ws/build/camera_calibration/build/lib/camera_calibration/__init__.py -> /SLAM/ros_ws/install/camera_calibration/lib/python3.10/site-packages/camera_calibration
[1.199s] copying /SLAM/ros_ws/build/camera_calibration/build/lib/camera_calibration/nodes/cameracheck.py -> /SLAM/ros_ws/install/camera_calibration/lib/python3.10/site-packages/camera_calibration/nodes
[1.199s] copying /SLAM/ros_ws/build/camera_calibration/build/lib/camera_calibration/nodes/cameracalibrator.py -> /SLAM/ros_ws/install/camera_calibration/lib/python3.10/site-packages/camera_calibration/nodes
[1.199s] copying /SLAM/ros_ws/build/camera_calibration/build/lib/camera_calibration/nodes/__init__.py -> /SLAM/ros_ws/install/camera_calibration/lib/python3.10/site-packages/camera_calibration/nodes
[1.200s] copying /SLAM/ros_ws/build/camera_calibration/build/lib/camera_calibration/calibrator.py -> /SLAM/ros_ws/install/camera_calibration/lib/python3.10/site-packages/camera_calibration
[1.200s] byte-compiling /SLAM/ros_ws/install/camera_calibration/lib/python3.10/site-packages/camera_calibration/camera_calibrator.py to camera_calibrator.cpython-310.pyc
[1.205s] byte-compiling /SLAM/ros_ws/install/camera_calibration/lib/python3.10/site-packages/camera_calibration/camera_checker.py to camera_checker.cpython-310.pyc
[1.207s] byte-compiling /SLAM/ros_ws/install/camera_calibration/lib/python3.10/site-packages/camera_calibration/__init__.py to __init__.cpython-310.pyc
[1.207s] byte-compiling /SLAM/ros_ws/install/camera_calibration/lib/python3.10/site-packages/camera_calibration/nodes/cameracheck.py to cameracheck.cpython-310.pyc
[1.207s] byte-compiling /SLAM/ros_ws/install/camera_calibration/lib/python3.10/site-packages/camera_calibration/nodes/cameracalibrator.py to cameracalibrator.cpython-310.pyc
[1.209s] byte-compiling /SLAM/ros_ws/install/camera_calibration/lib/python3.10/site-packages/camera_calibration/nodes/__init__.py to __init__.cpython-310.pyc
[1.209s] byte-compiling /SLAM/ros_ws/install/camera_calibration/lib/python3.10/site-packages/camera_calibration/calibrator.py to calibrator.cpython-310.pyc
[1.223s] running install_data
[1.223s] copying resource/camera_calibration -> /SLAM/ros_ws/install/camera_calibration/share/ament_index/resource_index/packages
[1.223s] copying package.xml -> /SLAM/ros_ws/install/camera_calibration/share/camera_calibration
[1.224s] running install_egg_info
[1.225s] removing '/SLAM/ros_ws/install/camera_calibration/lib/python3.10/site-packages/camera_calibration-3.0.0-py3.10.egg-info' (and everything under it)
[1.226s] Copying ../../../build/camera_calibration/camera_calibration.egg-info to /SLAM/ros_ws/install/camera_calibration/lib/python3.10/site-packages/camera_calibration-3.0.0-py3.10.egg-info
[1.228s] running install_scripts
[1.245s] Installing cameracalibrator script to /SLAM/ros_ws/install/camera_calibration/lib/camera_calibration
[1.246s] Installing cameracheck script to /SLAM/ros_ws/install/camera_calibration/lib/camera_calibration
[1.246s] writing list of installed files to '/SLAM/ros_ws/build/camera_calibration/install.log'
[1.391s] Invoked command in '/SLAM/ros_ws/src/image_pipeline/camera_calibration' returned '0': PYTHONPATH=/SLAM/ros_ws/build/camera_calibration/prefix_override:/SLAM/ros_ws/install/camera_calibration/lib/python3.10/site-packages:${PYTHONPATH} /usr/bin/python3 setup.py egg_info --egg-base ../../../build/camera_calibration build --build-base /SLAM/ros_ws/build/camera_calibration/build install --record /SLAM/ros_ws/build/camera_calibration/install.log --single-version-externally-managed
