[0.000000] (-) TimerEvent: {}
[0.000245] (-) JobUnselected: {'identifier': 'astra_camera'}
[0.000289] (-) JobUnselected: {'identifier': 'astra_camera_msgs'}
[0.000311] (-) JobUnselected: {'identifier': 'camera_calibration'}
[0.000367] (-) JobUnselected: {'identifier': 'depth_image_proc'}
[0.000483] (-) JobUnselected: {'identifier': 'image_pipeline'}
[0.000514] (-) JobUnselected: {'identifier': 'image_proc'}
[0.000544] (-) JobUnselected: {'identifier': 'image_publisher'}
[0.000620] (-) JobUnselected: {'identifier': 'image_rotate'}
[0.000679] (-) JobUnselected: {'identifier': 'image_view'}
[0.000731] (-) JobUnselected: {'identifier': 'rtabmap_conversions'}
[0.000763] (-) JobUnselected: {'identifier': 'rtabmap_demos'}
[0.000868] (-) JobUnselected: {'identifier': 'rtabmap_examples'}
[0.000916] (-) JobUnselected: {'identifier': 'rtabmap_launch'}
[0.000971] (-) JobUnselected: {'identifier': 'rtabmap_msgs'}
[0.000986] (-) JobUnselected: {'identifier': 'rtabmap_odom'}
[0.001012] (-) JobUnselected: {'identifier': 'rtabmap_python'}
[0.001091] (-) JobUnselected: {'identifier': 'rtabmap_ros'}
[0.001108] (-) JobUnselected: {'identifier': 'rtabmap_rviz_plugins'}
[0.001145] (-) JobUnselected: {'identifier': 'rtabmap_slam'}
[0.001212] (-) JobUnselected: {'identifier': 'rtabmap_sync'}
[0.001227] (-) JobUnselected: {'identifier': 'rtabmap_util'}
[0.001241] (-) JobUnselected: {'identifier': 'rtabmap_viz'}
[0.001320] (-) JobUnselected: {'identifier': 'sllidar_ros2'}
[0.001334] (-) JobUnselected: {'identifier': 'stereo_image_proc'}
[0.001359] (-) JobUnselected: {'identifier': 'tracetools_image_pipeline'}
[0.001448] (rtabmap) JobQueued: {'identifier': 'rtabmap', 'dependencies': OrderedDict()}
[0.001475] (rtabmap) JobStarted: {'identifier': 'rtabmap'}
[0.040045] (rtabmap) JobProgress: {'identifier': 'rtabmap', 'progress': 'cmake'}
[0.041737] (rtabmap) JobProgress: {'identifier': 'rtabmap', 'progress': 'build'}
[0.042389] (rtabmap) Command: {'cmd': ['/usr/bin/cmake', '--build', '/SLAM/ros_ws/build/rtabmap'], 'cwd': '/SLAM/ros_ws/build/rtabmap', 'env': OrderedDict([('HOSTNAME', 'acer'), ('GIT_ASKPASS', '/home/ros/.vscode-server/bin/0ee08df0cf4527e40edc9aa28f4b5bd38bbff2b2/extensions/git/dist/askpass.sh'), ('SHLVL', '2'), ('LD_LIBRARY_PATH', '/usr/lib/x86_64-linux-gnu/gazebo-11/plugins:/opt/ros/humble/opt/rviz_ogre_vendor/lib:/opt/ros/humble/lib/x86_64-linux-gnu:/opt/ros/humble/lib'), ('BROWSER', '/home/ros/.vscode-server/bin/0ee08df0cf4527e40edc9aa28f4b5bd38bbff2b2/bin/helpers/browser.sh'), ('HOME', '/home/ros'), ('OLDPWD', '/SLAM'), ('TERM_PROGRAM_VERSION', '1.85.1'), ('VSCODE_IPC_HOOK_CLI', '/tmp/vscode-ipc-b767ac96-efed-4f0f-95be-a2aa688262b3.sock'), ('ROS_PYTHON_VERSION', '3'), ('VSCODE_GIT_ASKPASS_MAIN', '/home/ros/.vscode-server/bin/0ee08df0cf4527e40edc9aa28f4b5bd38bbff2b2/extensions/git/dist/askpass-main.js'), ('VSCODE_GIT_ASKPASS_NODE', '/home/ros/.vscode-server/bin/0ee08df0cf4527e40edc9aa28f4b5bd38bbff2b2/node'), ('MAKEFLAGS', '-j6'), ('COLORTERM', 'truecolor'), ('REMOTE_CONTAINERS', 'true'), ('ROS_DISTRO', 'humble'), ('REMOTE_CONTAINERS_IPC', '/tmp/vscode-remote-containers-ipc-9ab2f5d1-353e-48b2-a529-a74e9f1ed1d2.sock'), ('_', '/usr/bin/colcon'), ('ROS_VERSION', '2'), ('TERM', 'xterm-256color'), ('ROS_LOCALHOST_ONLY', '0'), ('PATH', '/home/ros/.vscode-server/bin/0ee08df0cf4527e40edc9aa28f4b5bd38bbff2b2/bin/remote-cli:/opt/ros/humble/bin:/usr/local/sbin:/usr/local/bin:/usr/sbin:/usr/bin:/sbin:/bin'), ('REMOTE_CONTAINERS_SOCKETS', '["/tmp/vscode-ssh-auth-9ab2f5d1-353e-48b2-a529-a74e9f1ed1d2.sock","/tmp/.X11-unix/X0","/home/ros/.gnupg/S.gpg-agent"]'), ('DISPLAY', ':1'), ('LANG', 'C.UTF-8'), ('VSCODE_GIT_IPC_HANDLE', '/tmp/vscode-git-300c5a9faf.sock'), ('TERM_PROGRAM', 'vscode'), ('SSH_AUTH_SOCK', '/tmp/vscode-ssh-auth-9ab2f5d1-353e-48b2-a529-a74e9f1ed1d2.sock'), ('AMENT_PREFIX_PATH', '/opt/ros/humble'), ('REMOTE_CONTAINERS_DISPLAY_SOCK', '/tmp/.X11-unix/X0'), ('SHELL', '/bin/bash'), ('VSCODE_GIT_ASKPASS_EXTRA_ARGS', ''), ('PWD', '/SLAM/ros_ws/build/rtabmap'), ('LC_ALL', 'C.UTF-8'), ('PYTHONPATH', '/opt/ros/humble/lib/python3.10/site-packages:/opt/ros/humble/local/lib/python3.10/dist-packages'), ('COLCON', '1'), ('CMAKE_PREFIX_PATH', '/opt/ros/humble')]), 'shell': False}
[0.099464] (-) TimerEvent: {}
[0.104432] (rtabmap) StdoutLine: {'line': b'[  5%] Built target rtabmap_utilite\n'}
[0.128690] (rtabmap) StdoutLine: {'line': b'[  5%] Built target res_tool\n'}
[0.199575] (-) TimerEvent: {}
[0.299853] (-) TimerEvent: {}
[0.326106] (rtabmap) StdoutLine: {'line': b'[ 56%] Built target rtabmap_core\n'}
[0.347535] (rtabmap) StdoutLine: {'line': b'[ 56%] \x1b[34m\x1b[1mAutomatic MOC and UIC for target rtabmap_gui\x1b[0m\n'}
[0.349767] (rtabmap) StdoutLine: {'line': b'[ 57%] Built target imagesJoiner\n'}
[0.352497] (rtabmap) StdoutLine: {'line': b'[ 59%] Built target stereoEval\n'}
[0.352660] (rtabmap) StdoutLine: {'line': b'[ 59%] Built target camera\n'}
[0.352838] (rtabmap) StdoutLine: {'line': b'[ 60%] Built target consoleApp\n'}
[0.357896] (rtabmap) StdoutLine: {'line': b'[ 60%] Built target extractObject\n'}
[0.374300] (rtabmap) StdoutLine: {'line': b'[ 61%] Built target recovery\n'}
[0.378484] (rtabmap) StdoutLine: {'line': b'[ 62%] Built target kitti_dataset\n'}
[0.380661] (rtabmap) StdoutLine: {'line': b'[ 63%] Built target euroc_dataset\n'}
[0.381451] (rtabmap) StdoutLine: {'line': b'[ 64%] Built target rgbd_dataset\n'}
[0.388342] (rtabmap) StdoutLine: {'line': b'[ 65%] Built target reprocess\n'}
[0.399949] (-) TimerEvent: {}
[0.404765] (rtabmap) StdoutLine: {'line': b'[ 66%] Built target detectMoreLoopClosures\n'}
[0.408462] (rtabmap) StdoutLine: {'line': b'[ 69%] Built target export\n'}
[0.408740] (rtabmap) StdoutLine: {'line': b'[ 69%] Built target info\n'}
[0.408825] (rtabmap) StdoutLine: {'line': b'[ 69%] Built target cleanupLocalGrids\n'}
[0.418337] (rtabmap) StdoutLine: {'line': b'[ 70%] Built target globalBundleAdjustment\n'}
[0.428901] (rtabmap) StdoutLine: {'line': b'[ 70%] Built target rtabmap_gui_autogen\n'}
[0.500046] (-) TimerEvent: {}
[0.515661] (rtabmap) StdoutLine: {'line': b'[ 87%] Built target rtabmap_gui\n'}
[0.548609] (rtabmap) StdoutLine: {'line': b'[ 92%] Built target databaseViewer\n'}
[0.548829] (rtabmap) StdoutLine: {'line': b'[ 92%] Built target epipolar_geometry\n'}
[0.548916] (rtabmap) StdoutLine: {'line': b'[ 92%] Built target odometryViewer\n'}
[0.548994] (rtabmap) StdoutLine: {'line': b'[ 92%] Built target rtabmap_app\n'}
[0.549071] (rtabmap) StdoutLine: {'line': b'[ 92%] Built target report\n'}
[0.549178] (rtabmap) StdoutLine: {'line': b'[ 93%] Built target rgbd_camera\n'}
[0.572000] (rtabmap) StdoutLine: {'line': b'[ 95%] \x1b[34m\x1b[1mAutomatic MOC and UIC for target wifi_mapping\x1b[0m\n'}
[0.572215] (rtabmap) StdoutLine: {'line': b'[ 95%] \x1b[34m\x1b[1mAutomatic MOC and UIC for target rgbd_mapping\x1b[0m\n'}
[0.579856] (rtabmap) StdoutLine: {'line': b'[ 95%] Built target bow_mapping\n'}
[0.580356] (rtabmap) StdoutLine: {'line': b'[ 95%] Built target dataRecorder\n'}
[0.581354] (rtabmap) StdoutLine: {'line': b'[ 96%] Built target matcher\n'}
[0.581694] (rtabmap) StdoutLine: {'line': b'[ 97%] Built target calibration\n'}
[0.593335] (rtabmap) StdoutLine: {'line': b'[ 97%] Built target rgbd_mapping_autogen\n'}
[0.595076] (rtabmap) StdoutLine: {'line': b'[ 97%] Built target wifi_mapping_autogen\n'}
[0.600055] (rtabmap) StdoutLine: {'line': b'[ 97%] \x1b[34m\x1b[1mAutomatic MOC and UIC for target noEventsExample\x1b[0m\n'}
[0.600186] (-) TimerEvent: {}
[0.621620] (rtabmap) StdoutLine: {'line': b'[ 97%] Built target noEventsExample_autogen\n'}
[0.632088] (rtabmap) StdoutLine: {'line': b'[ 98%] Built target wifi_mapping\n'}
[0.632596] (rtabmap) StdoutLine: {'line': b'[ 99%] Built target rgbd_mapping\n'}
[0.659369] (rtabmap) StdoutLine: {'line': b'[100%] Built target noEventsExample\n'}
[0.673133] (rtabmap) CommandEnded: {'returncode': 0}
[0.700308] (-) TimerEvent: {}
[0.728346] (rtabmap) JobProgress: {'identifier': 'rtabmap', 'progress': 'install'}
[0.737146] (rtabmap) Command: {'cmd': ['/usr/bin/cmake', '--install', '/SLAM/ros_ws/build/rtabmap'], 'cwd': '/SLAM/ros_ws/build/rtabmap', 'env': OrderedDict([('HOSTNAME', 'acer'), ('GIT_ASKPASS', '/home/ros/.vscode-server/bin/0ee08df0cf4527e40edc9aa28f4b5bd38bbff2b2/extensions/git/dist/askpass.sh'), ('SHLVL', '2'), ('LD_LIBRARY_PATH', '/usr/lib/x86_64-linux-gnu/gazebo-11/plugins:/opt/ros/humble/opt/rviz_ogre_vendor/lib:/opt/ros/humble/lib/x86_64-linux-gnu:/opt/ros/humble/lib'), ('BROWSER', '/home/ros/.vscode-server/bin/0ee08df0cf4527e40edc9aa28f4b5bd38bbff2b2/bin/helpers/browser.sh'), ('HOME', '/home/ros'), ('OLDPWD', '/SLAM'), ('TERM_PROGRAM_VERSION', '1.85.1'), ('VSCODE_IPC_HOOK_CLI', '/tmp/vscode-ipc-b767ac96-efed-4f0f-95be-a2aa688262b3.sock'), ('ROS_PYTHON_VERSION', '3'), ('VSCODE_GIT_ASKPASS_MAIN', '/home/ros/.vscode-server/bin/0ee08df0cf4527e40edc9aa28f4b5bd38bbff2b2/extensions/git/dist/askpass-main.js'), ('VSCODE_GIT_ASKPASS_NODE', '/home/ros/.vscode-server/bin/0ee08df0cf4527e40edc9aa28f4b5bd38bbff2b2/node'), ('MAKEFLAGS', '-j6'), ('COLORTERM', 'truecolor'), ('REMOTE_CONTAINERS', 'true'), ('ROS_DISTRO', 'humble'), ('REMOTE_CONTAINERS_IPC', '/tmp/vscode-remote-containers-ipc-9ab2f5d1-353e-48b2-a529-a74e9f1ed1d2.sock'), ('_', '/usr/bin/colcon'), ('ROS_VERSION', '2'), ('TERM', 'xterm-256color'), ('ROS_LOCALHOST_ONLY', '0'), ('PATH', '/home/ros/.vscode-server/bin/0ee08df0cf4527e40edc9aa28f4b5bd38bbff2b2/bin/remote-cli:/opt/ros/humble/bin:/usr/local/sbin:/usr/local/bin:/usr/sbin:/usr/bin:/sbin:/bin'), ('REMOTE_CONTAINERS_SOCKETS', '["/tmp/vscode-ssh-auth-9ab2f5d1-353e-48b2-a529-a74e9f1ed1d2.sock","/tmp/.X11-unix/X0","/home/ros/.gnupg/S.gpg-agent"]'), ('DISPLAY', ':1'), ('LANG', 'C.UTF-8'), ('VSCODE_GIT_IPC_HANDLE', '/tmp/vscode-git-300c5a9faf.sock'), ('TERM_PROGRAM', 'vscode'), ('SSH_AUTH_SOCK', '/tmp/vscode-ssh-auth-9ab2f5d1-353e-48b2-a529-a74e9f1ed1d2.sock'), ('AMENT_PREFIX_PATH', '/opt/ros/humble'), ('REMOTE_CONTAINERS_DISPLAY_SOCK', '/tmp/.X11-unix/X0'), ('SHELL', '/bin/bash'), ('VSCODE_GIT_ASKPASS_EXTRA_ARGS', ''), ('PWD', '/SLAM/ros_ws/build/rtabmap'), ('LC_ALL', 'C.UTF-8'), ('PYTHONPATH', '/opt/ros/humble/lib/python3.10/site-packages:/opt/ros/humble/local/lib/python3.10/dist-packages'), ('COLCON', '1'), ('CMAKE_PREFIX_PATH', '/opt/ros/humble')]), 'shell': False}
[0.745527] (rtabmap) StdoutLine: {'line': b'-- Install configuration: "Release"\n'}
[0.745897] (rtabmap) StdoutLine: {'line': b'-- Up-to-date: /SLAM/ros_ws/install/rtabmap/lib/rtabmap-0.21/RTABMapTargets.cmake\n'}
[0.746065] (rtabmap) StdoutLine: {'line': b'-- Up-to-date: /SLAM/ros_ws/install/rtabmap/lib/rtabmap-0.21/RTABMapConfig.cmake\n'}
[0.746144] (rtabmap) StdoutLine: {'line': b'-- Up-to-date: /SLAM/ros_ws/install/rtabmap/lib/rtabmap-0.21/RTABMapConfigVersion.cmake\n'}
[0.746227] (rtabmap) StdoutLine: {'line': b'-- Up-to-date: /SLAM/ros_ws/install/rtabmap/share/rtabmap/package.xml\n'}
[0.746750] (rtabmap) StdoutLine: {'line': b'-- Up-to-date: /SLAM/ros_ws/install/rtabmap/lib/librtabmap_utilite.so.0.21.4\n'}
[0.746854] (rtabmap) StdoutLine: {'line': b'-- Up-to-date: /SLAM/ros_ws/install/rtabmap/lib/librtabmap_utilite.so.0.21\n'}
[0.746938] (rtabmap) StdoutLine: {'line': b'-- Up-to-date: /SLAM/ros_ws/install/rtabmap/lib/librtabmap_utilite.so\n'}
[0.747018] (rtabmap) StdoutLine: {'line': b'-- Up-to-date: /SLAM/ros_ws/install/rtabmap/include/rtabmap-0.21/rtabmap\n'}
[0.747107] (rtabmap) StdoutLine: {'line': b'-- Up-to-date: /SLAM/ros_ws/install/rtabmap/include/rtabmap-0.21/rtabmap/utilite\n'}
[0.747197] (rtabmap) StdoutLine: {'line': b'-- Up-to-date: /SLAM/ros_ws/install/rtabmap/include/rtabmap-0.21/rtabmap/utilite/UDirectory.h\n'}
[0.747279] (rtabmap) StdoutLine: {'line': b'-- Up-to-date: /SLAM/ros_ws/install/rtabmap/include/rtabmap-0.21/rtabmap/utilite/UMath.h\n'}
[0.747361] (rtabmap) StdoutLine: {'line': b'-- Up-to-date: /SLAM/ros_ws/install/rtabmap/include/rtabmap-0.21/rtabmap/utilite/UEventsHandler.h\n'}
[0.747444] (rtabmap) StdoutLine: {'line': b'-- Up-to-date: /SLAM/ros_ws/install/rtabmap/include/rtabmap-0.21/rtabmap/utilite/UEvent.h\n'}
[0.747533] (rtabmap) StdoutLine: {'line': b'-- Up-to-date: /SLAM/ros_ws/install/rtabmap/include/rtabmap-0.21/rtabmap/utilite/UThread.h\n'}
[0.747615] (rtabmap) StdoutLine: {'line': b'-- Up-to-date: /SLAM/ros_ws/install/rtabmap/include/rtabmap-0.21/rtabmap/utilite/USemaphore.h\n'}
[0.747699] (rtabmap) StdoutLine: {'line': b'-- Up-to-date: /SLAM/ros_ws/install/rtabmap/include/rtabmap-0.21/rtabmap/utilite/UEventsSender.h\n'}
[0.747766] (rtabmap) StdoutLine: {'line': b'-- Up-to-date: /SLAM/ros_ws/install/rtabmap/include/rtabmap-0.21/rtabmap/utilite/UVariant.h\n'}
[0.747831] (rtabmap) StdoutLine: {'line': b'-- Up-to-date: /SLAM/ros_ws/install/rtabmap/include/rtabmap-0.21/rtabmap/utilite/UStl.h\n'}
[0.747881] (rtabmap) StdoutLine: {'line': b'-- Up-to-date: /SLAM/ros_ws/install/rtabmap/include/rtabmap-0.21/rtabmap/utilite/UMutex.h\n'}
[0.747941] (rtabmap) StdoutLine: {'line': b'-- Up-to-date: /SLAM/ros_ws/install/rtabmap/include/rtabmap-0.21/rtabmap/utilite/UException.h\n'}
[0.748005] (rtabmap) StdoutLine: {'line': b'-- Up-to-date: /SLAM/ros_ws/install/rtabmap/include/rtabmap-0.21/rtabmap/utilite/UThreadNode.h\n'}
[0.748057] (rtabmap) StdoutLine: {'line': b'-- Up-to-date: /SLAM/ros_ws/install/rtabmap/include/rtabmap-0.21/rtabmap/utilite/Win32\n'}
[0.748106] (rtabmap) StdoutLine: {'line': b'-- Up-to-date: /SLAM/ros_ws/install/rtabmap/include/rtabmap-0.21/rtabmap/utilite/Win32/UThreadC.h\n'}
[0.748156] (rtabmap) StdoutLine: {'line': b'-- Up-to-date: /SLAM/ros_ws/install/rtabmap/include/rtabmap-0.21/rtabmap/utilite/Win32/UWin32.h\n'}
[0.748205] (rtabmap) StdoutLine: {'line': b'-- Up-to-date: /SLAM/ros_ws/install/rtabmap/include/rtabmap-0.21/rtabmap/utilite/UFile.h\n'}
[0.748256] (rtabmap) StdoutLine: {'line': b'-- Up-to-date: /SLAM/ros_ws/install/rtabmap/include/rtabmap-0.21/rtabmap/utilite/Posix\n'}
[0.748305] (rtabmap) StdoutLine: {'line': b'-- Up-to-date: /SLAM/ros_ws/install/rtabmap/include/rtabmap-0.21/rtabmap/utilite/Posix/UThreadC.h\n'}
[0.748354] (rtabmap) StdoutLine: {'line': b'-- Up-to-date: /SLAM/ros_ws/install/rtabmap/include/rtabmap-0.21/rtabmap/utilite/UConversion.h\n'}
[0.748402] (rtabmap) StdoutLine: {'line': b'-- Up-to-date: /SLAM/ros_ws/install/rtabmap/include/rtabmap-0.21/rtabmap/utilite/UtiLite.h\n'}
[0.748452] (rtabmap) StdoutLine: {'line': b'-- Up-to-date: /SLAM/ros_ws/install/rtabmap/include/rtabmap-0.21/rtabmap/utilite/UProcessInfo.h\n'}
[0.748520] (rtabmap) StdoutLine: {'line': b'-- Up-to-date: /SLAM/ros_ws/install/rtabmap/include/rtabmap-0.21/rtabmap/utilite/UDestroyer.h\n'}
[0.748571] (rtabmap) StdoutLine: {'line': b'-- Up-to-date: /SLAM/ros_ws/install/rtabmap/include/rtabmap-0.21/rtabmap/utilite/ULogger.h\n'}
[0.748621] (rtabmap) StdoutLine: {'line': b'-- Up-to-date: /SLAM/ros_ws/install/rtabmap/include/rtabmap-0.21/rtabmap/utilite/UEventsManager.h\n'}
[0.748669] (rtabmap) StdoutLine: {'line': b'-- Up-to-date: /SLAM/ros_ws/install/rtabmap/include/rtabmap-0.21/rtabmap/utilite/UThreadC.h\n'}
[0.748718] (rtabmap) StdoutLine: {'line': b'-- Up-to-date: /SLAM/ros_ws/install/rtabmap/include/rtabmap-0.21/rtabmap/utilite/UObjDeletionThread.h\n'}
[0.748768] (rtabmap) StdoutLine: {'line': b'-- Up-to-date: /SLAM/ros_ws/install/rtabmap/include/rtabmap-0.21/rtabmap/utilite/UTimer.h\n'}
[0.748816] (rtabmap) StdoutLine: {'line': b'-- Up-to-date: /SLAM/ros_ws/install/rtabmap/include/rtabmap-0.21/rtabmap\n'}
[0.748878] (rtabmap) StdoutLine: {'line': b'-- Up-to-date: /SLAM/ros_ws/install/rtabmap/include/rtabmap-0.21/rtabmap/utilite\n'}
[0.748946] (rtabmap) StdoutLine: {'line': b'-- Up-to-date: /SLAM/ros_ws/install/rtabmap/include/rtabmap-0.21/rtabmap/utilite/utilite_export.h\n'}
[0.748996] (rtabmap) StdoutLine: {'line': b'-- Up-to-date: /SLAM/ros_ws/install/rtabmap/lib/rtabmap-0.21/RTABMap_utiliteTargets.cmake\n'}
[0.749045] (rtabmap) StdoutLine: {'line': b'-- Up-to-date: /SLAM/ros_ws/install/rtabmap/lib/rtabmap-0.21/RTABMap_utiliteTargets-release.cmake\n'}
[0.749093] (rtabmap) StdoutLine: {'line': b'-- Up-to-date: /SLAM/ros_ws/install/rtabmap/bin/rtabmap-res_tool-0.3.0\n'}
[0.749143] (rtabmap) StdoutLine: {'line': b'-- Up-to-date: /SLAM/ros_ws/install/rtabmap/bin/rtabmap-res_tool\n'}
[0.749889] (rtabmap) StdoutLine: {'line': b'-- Up-to-date: /SLAM/ros_ws/install/rtabmap/lib/librtabmap_core.so.0.21.4\n'}
[0.749963] (rtabmap) StdoutLine: {'line': b'-- Up-to-date: /SLAM/ros_ws/install/rtabmap/lib/librtabmap_core.so.0.21\n'}
[0.750137] (rtabmap) StdoutLine: {'line': b'-- Up-to-date: /SLAM/ros_ws/install/rtabmap/lib/librtabmap_core.so\n'}
[0.750205] (rtabmap) StdoutLine: {'line': b'-- Up-to-date: /SLAM/ros_ws/install/rtabmap/include/rtabmap-0.21/rtabmap\n'}
[0.750269] (rtabmap) StdoutLine: {'line': b'-- Up-to-date: /SLAM/ros_ws/install/rtabmap/include/rtabmap-0.21/rtabmap/core\n'}
[0.750340] (rtabmap) StdoutLine: {'line': b'-- Up-to-date: /SLAM/ros_ws/install/rtabmap/include/rtabmap-0.21/rtabmap/core/util3d.h\n'}
[0.750422] (rtabmap) StdoutLine: {'line': b'-- Up-to-date: /SLAM/ros_ws/install/rtabmap/include/rtabmap-0.21/rtabmap/core/Registration.h\n'}
[0.750500] (rtabmap) StdoutLine: {'line': b'-- Up-to-date: /SLAM/ros_ws/install/rtabmap/include/rtabmap-0.21/rtabmap/core/ProgressState.h\n'}
[0.750569] (rtabmap) StdoutLine: {'line': b'-- Up-to-date: /SLAM/ros_ws/install/rtabmap/include/rtabmap-0.21/rtabmap/core/Camera.h\n'}
[0.750650] (rtabmap) StdoutLine: {'line': b'-- Up-to-date: /SLAM/ros_ws/install/rtabmap/include/rtabmap-0.21/rtabmap/core/BayesFilter.h\n'}
[0.750738] (rtabmap) StdoutLine: {'line': b'-- Up-to-date: /SLAM/ros_ws/install/rtabmap/include/rtabmap-0.21/rtabmap/core/PythonInterface.h\n'}
[0.750811] (rtabmap) StdoutLine: {'line': b'-- Up-to-date: /SLAM/ros_ws/install/rtabmap/include/rtabmap-0.21/rtabmap/core/optimizer\n'}
[0.750892] (rtabmap) StdoutLine: {'line': b'-- Up-to-date: /SLAM/ros_ws/install/rtabmap/include/rtabmap-0.21/rtabmap/core/optimizer/OptimizerGTSAM.h\n'}
[0.750969] (rtabmap) StdoutLine: {'line': b'-- Up-to-date: /SLAM/ros_ws/install/rtabmap/include/rtabmap-0.21/rtabmap/core/optimizer/OptimizerCVSBA.h\n'}
[0.751034] (rtabmap) StdoutLine: {'line': b'-- Up-to-date: /SLAM/ros_ws/install/rtabmap/include/rtabmap-0.21/rtabmap/core/optimizer/OptimizerG2O.h\n'}
[0.751123] (rtabmap) StdoutLine: {'line': b'-- Up-to-date: /SLAM/ros_ws/install/rtabmap/include/rtabmap-0.21/rtabmap/core/optimizer/OptimizerCeres.h\n'}
[0.751216] (rtabmap) StdoutLine: {'line': b'-- Up-to-date: /SLAM/ros_ws/install/rtabmap/include/rtabmap-0.21/rtabmap/core/optimizer/OptimizerTORO.h\n'}
[0.751297] (rtabmap) StdoutLine: {'line': b'-- Up-to-date: /SLAM/ros_ws/install/rtabmap/include/rtabmap-0.21/rtabmap/core/UserDataEvent.h\n'}
[0.751386] (rtabmap) StdoutLine: {'line': b'-- Up-to-date: /SLAM/ros_ws/install/rtabmap/include/rtabmap-0.21/rtabmap/core/util2d.h\n'}
[0.751469] (rtabmap) StdoutLine: {'line': b'-- Up-to-date: /SLAM/ros_ws/install/rtabmap/include/rtabmap-0.21/rtabmap/core/global_map\n'}
[0.751549] (rtabmap) StdoutLine: {'line': b'-- Up-to-date: /SLAM/ros_ws/install/rtabmap/include/rtabmap-0.21/rtabmap/core/global_map/CloudMap.h\n'}
[0.751633] (rtabmap) StdoutLine: {'line': b'-- Up-to-date: /SLAM/ros_ws/install/rtabmap/include/rtabmap-0.21/rtabmap/core/global_map/GridMap.h\n'}
[0.751714] (rtabmap) StdoutLine: {'line': b'-- Up-to-date: /SLAM/ros_ws/install/rtabmap/include/rtabmap-0.21/rtabmap/core/global_map/OccupancyGrid.h\n'}
[0.751789] (rtabmap) StdoutLine: {'line': b'-- Up-to-date: /SLAM/ros_ws/install/rtabmap/include/rtabmap-0.21/rtabmap/core/global_map/OctoMap.h\n'}
[0.751875] (rtabmap) StdoutLine: {'line': b'-- Up-to-date: /SLAM/ros_ws/install/rtabmap/include/rtabmap-0.21/rtabmap/core/OdometryThread.h\n'}
[0.751939] (rtabmap) StdoutLine: {'line': b'-- Up-to-date: /SLAM/ros_ws/install/rtabmap/include/rtabmap-0.21/rtabmap/core/impl\n'}
[0.752022] (rtabmap) StdoutLine: {'line': b'-- Up-to-date: /SLAM/ros_ws/install/rtabmap/include/rtabmap-0.21/rtabmap/core/impl/LocalMapMaker.hpp\n'}
[0.752095] (rtabmap) StdoutLine: {'line': b'-- Up-to-date: /SLAM/ros_ws/install/rtabmap/include/rtabmap-0.21/rtabmap/core/impl/util3d_surface.hpp\n'}
[0.752178] (rtabmap) StdoutLine: {'line': b'-- Up-to-date: /SLAM/ros_ws/install/rtabmap/include/rtabmap-0.21/rtabmap/core/impl/util3d_mapping.hpp\n'}
[0.752264] (rtabmap) StdoutLine: {'line': b'-- Up-to-date: /SLAM/ros_ws/install/rtabmap/include/rtabmap-0.21/rtabmap/core/impl/util3d.hpp\n'}
[0.752343] (rtabmap) StdoutLine: {'line': b'-- Up-to-date: /SLAM/ros_ws/install/rtabmap/include/rtabmap-0.21/rtabmap/core/RegistrationIcp.h\n'}
[0.752420] (rtabmap) StdoutLine: {'line': b'-- Up-to-date: /SLAM/ros_ws/install/rtabmap/include/rtabmap-0.21/rtabmap/core/SensorData.h\n'}
[0.752515] (rtabmap) StdoutLine: {'line': b'-- Up-to-date: /SLAM/ros_ws/install/rtabmap/include/rtabmap-0.21/rtabmap/core/CameraEvent.h\n'}
[0.752595] (rtabmap) StdoutLine: {'line': b'-- Up-to-date: /SLAM/ros_ws/install/rtabmap/include/rtabmap-0.21/rtabmap/core/util3d_correspondences.h\n'}
[0.752677] (rtabmap) StdoutLine: {'line': b'-- Up-to-date: /SLAM/ros_ws/install/rtabmap/include/rtabmap-0.21/rtabmap/core/Signature.h\n'}
[0.752763] (rtabmap) StdoutLine: {'line': b'-- Up-to-date: /SLAM/ros_ws/install/rtabmap/include/rtabmap-0.21/rtabmap/core/FlannIndex.h\n'}
[0.752844] (rtabmap) StdoutLine: {'line': b'-- Up-to-date: /SLAM/ros_ws/install/rtabmap/include/rtabmap-0.21/rtabmap/core/util3d_features.h\n'}
[0.752916] (rtabmap) StdoutLine: {'line': b'-- Up-to-date: /SLAM/ros_ws/install/rtabmap/include/rtabmap-0.21/rtabmap/core/GPS.h\n'}
[0.752995] (rtabmap) StdoutLine: {'line': b'-- Up-to-date: /SLAM/ros_ws/install/rtabmap/include/rtabmap-0.21/rtabmap/core/OdometryEvent.h\n'}
[0.753079] (rtabmap) StdoutLine: {'line': b'-- Up-to-date: /SLAM/ros_ws/install/rtabmap/include/rtabmap-0.21/rtabmap/core/IMU.h\n'}
[0.753160] (rtabmap) StdoutLine: {'line': b'-- Up-to-date: /SLAM/ros_ws/install/rtabmap/include/rtabmap-0.21/rtabmap/core/util3d_surface.h\n'}
[0.753249] (rtabmap) StdoutLine: {'line': b'-- Up-to-date: /SLAM/ros_ws/install/rtabmap/include/rtabmap-0.21/rtabmap/core/ParamEvent.h\n'}
[0.753327] (rtabmap) StdoutLine: {'line': b'-- Up-to-date: /SLAM/ros_ws/install/rtabmap/include/rtabmap-0.21/rtabmap/core/Image.h\n'}
[0.753396] (rtabmap) StdoutLine: {'line': b'-- Up-to-date: /SLAM/ros_ws/install/rtabmap/include/rtabmap-0.21/rtabmap/core/util3d_transforms.h\n'}
[0.753477] (rtabmap) StdoutLine: {'line': b'-- Up-to-date: /SLAM/ros_ws/install/rtabmap/include/rtabmap-0.21/rtabmap/core/Compression.h\n'}
[0.753548] (rtabmap) StdoutLine: {'line': b'-- Up-to-date: /SLAM/ros_ws/install/rtabmap/include/rtabmap-0.21/rtabmap/core/util3d_motion_estimation.h\n'}
[0.753632] (rtabmap) StdoutLine: {'line': b'-- Up-to-date: /SLAM/ros_ws/install/rtabmap/include/rtabmap-0.21/rtabmap/core/Rtabmap.h\n'}
[0.753711] (rtabmap) StdoutLine: {'line': b'-- Up-to-date: /SLAM/ros_ws/install/rtabmap/include/rtabmap-0.21/rtabmap/core/GlobalDescriptor.h\n'}
[0.753943] (rtabmap) StdoutLine: {'line': b'-- Up-to-date: /SLAM/ros_ws/install/rtabmap/include/rtabmap-0.21/rtabmap/core/GlobalMap.h\n'}
[0.754033] (rtabmap) StdoutLine: {'line': b'-- Up-to-date: /SLAM/ros_ws/install/rtabmap/include/rtabmap-0.21/rtabmap/core/Parameters.h\n'}
[0.754120] (rtabmap) StdoutLine: {'line': b'-- Up-to-date: /SLAM/ros_ws/install/rtabmap/include/rtabmap-0.21/rtabmap/core/Transform.h\n'}
[0.754176] (rtabmap) StdoutLine: {'line': b'-- Up-to-date: /SLAM/ros_ws/install/rtabmap/include/rtabmap-0.21/rtabmap/core/DBReader.h\n'}
[0.754233] (rtabmap) StdoutLine: {'line': b'-- Up-to-date: /SLAM/ros_ws/install/rtabmap/include/rtabmap-0.21/rtabmap/core/LaserScan.h\n'}
[0.754285] (rtabmap) StdoutLine: {'line': b'-- Up-to-date: /SLAM/ros_ws/install/rtabmap/include/rtabmap-0.21/rtabmap/core/Statistics.h\n'}
[0.754335] (rtabmap) StdoutLine: {'line': b'-- Up-to-date: /SLAM/ros_ws/install/rtabmap/include/rtabmap-0.21/rtabmap/core/CameraRGBD.h\n'}
[0.754385] (rtabmap) StdoutLine: {'line': b'-- Up-to-date: /SLAM/ros_ws/install/rtabmap/include/rtabmap-0.21/rtabmap/core/DBDriver.h\n'}
[0.754434] (rtabmap) StdoutLine: {'line': b'-- Up-to-date: /SLAM/ros_ws/install/rtabmap/include/rtabmap-0.21/rtabmap/core/StereoCameraModel.h\n'}
[0.754503] (rtabmap) StdoutLine: {'line': b'-- Up-to-date: /SLAM/ros_ws/install/rtabmap/include/rtabmap-0.21/rtabmap/core/DBDriverSqlite3.h\n'}
[0.754573] (rtabmap) StdoutLine: {'line': b'-- Up-to-date: /SLAM/ros_ws/install/rtabmap/include/rtabmap-0.21/rtabmap/core/Optimizer.h\n'}
[0.754627] (rtabmap) StdoutLine: {'line': b'-- Up-to-date: /SLAM/ros_ws/install/rtabmap/include/rtabmap-0.21/rtabmap/core/CameraStereo.h\n'}
[0.754684] (rtabmap) StdoutLine: {'line': b'-- Up-to-date: /SLAM/ros_ws/install/rtabmap/include/rtabmap-0.21/rtabmap/core/util3d_filtering.h\n'}
[0.754735] (rtabmap) StdoutLine: {'line': b'-- Up-to-date: /SLAM/ros_ws/install/rtabmap/include/rtabmap-0.21/rtabmap/core/GeodeticCoords.h\n'}
[0.754784] (rtabmap) StdoutLine: {'line': b'-- Up-to-date: /SLAM/ros_ws/install/rtabmap/include/rtabmap-0.21/rtabmap/core/RtabmapEvent.h\n'}
[0.754834] (rtabmap) StdoutLine: {'line': b'-- Up-to-date: /SLAM/ros_ws/install/rtabmap/include/rtabmap-0.21/rtabmap/core/Landmark.h\n'}
[0.754883] (rtabmap) StdoutLine: {'line': b'-- Up-to-date: /SLAM/ros_ws/install/rtabmap/include/rtabmap-0.21/rtabmap/core/OdometryInfo.h\n'}
[0.754932] (rtabmap) StdoutLine: {'line': b'-- Up-to-date: /SLAM/ros_ws/install/rtabmap/include/rtabmap-0.21/rtabmap/core/IMUFilter.h\n'}
[0.754982] (rtabmap) StdoutLine: {'line': b'-- Up-to-date: /SLAM/ros_ws/install/rtabmap/include/rtabmap-0.21/rtabmap/core/Recovery.h\n'}
[0.755031] (rtabmap) StdoutLine: {'line': b'-- Up-to-date: /SLAM/ros_ws/install/rtabmap/include/rtabmap-0.21/rtabmap/core/MarkerDetector.h\n'}
[0.755081] (rtabmap) StdoutLine: {'line': b'-- Up-to-date: /SLAM/ros_ws/install/rtabmap/include/rtabmap-0.21/rtabmap/core/Graph.h\n'}
[0.755131] (rtabmap) StdoutLine: {'line': b'-- Up-to-date: /SLAM/ros_ws/install/rtabmap/include/rtabmap-0.21/rtabmap/core/Link.h\n'}
[0.755179] (rtabmap) StdoutLine: {'line': b'-- Up-to-date: /SLAM/ros_ws/install/rtabmap/include/rtabmap-0.21/rtabmap/core/Memory.h\n'}
[0.755228] (rtabmap) StdoutLine: {'line': b'-- Up-to-date: /SLAM/ros_ws/install/rtabmap/include/rtabmap-0.21/rtabmap/core/LocalGrid.h\n'}
[0.755276] (rtabmap) StdoutLine: {'line': b'-- Up-to-date: /SLAM/ros_ws/install/rtabmap/include/rtabmap-0.21/rtabmap/core/stereo\n'}
[0.755325] (rtabmap) StdoutLine: {'line': b'-- Up-to-date: /SLAM/ros_ws/install/rtabmap/include/rtabmap-0.21/rtabmap/core/stereo/stereoRectifyFisheye.h\n'}
[0.755374] (rtabmap) StdoutLine: {'line': b'-- Up-to-date: /SLAM/ros_ws/install/rtabmap/include/rtabmap-0.21/rtabmap/core/stereo/StereoBM.h\n'}
[0.755423] (rtabmap) StdoutLine: {'line': b'-- Up-to-date: /SLAM/ros_ws/install/rtabmap/include/rtabmap-0.21/rtabmap/core/stereo/StereoSGBM.h\n'}
[0.755495] (rtabmap) StdoutLine: {'line': b'-- Up-to-date: /SLAM/ros_ws/install/rtabmap/include/rtabmap-0.21/rtabmap/core/GainCompensator.h\n'}
[0.755551] (rtabmap) StdoutLine: {'line': b'-- Up-to-date: /SLAM/ros_ws/install/rtabmap/include/rtabmap-0.21/rtabmap/core/Odometry.h\n'}
[0.755603] (rtabmap) StdoutLine: {'line': b'-- Up-to-date: /SLAM/ros_ws/install/rtabmap/include/rtabmap-0.21/rtabmap/core/RegistrationInfo.h\n'}
[0.755653] (rtabmap) StdoutLine: {'line': b'-- Up-to-date: /SLAM/ros_ws/install/rtabmap/include/rtabmap-0.21/rtabmap/core/util3d_mapping.h\n'}
[0.755703] (rtabmap) StdoutLine: {'line': b'-- Up-to-date: /SLAM/ros_ws/install/rtabmap/include/rtabmap-0.21/rtabmap/core/StereoDense.h\n'}
[0.755778] (rtabmap) StdoutLine: {'line': b'-- Up-to-date: /SLAM/ros_ws/install/rtabmap/include/rtabmap-0.21/rtabmap/core/OccupancyGrid.h\n'}
[0.755851] (rtabmap) StdoutLine: {'line': b'-- Up-to-date: /SLAM/ros_ws/install/rtabmap/include/rtabmap-0.21/rtabmap/core/odometry\n'}
[0.755923] (rtabmap) StdoutLine: {'line': b'-- Up-to-date: /SLAM/ros_ws/install/rtabmap/include/rtabmap-0.21/rtabmap/core/odometry/OdometryFovis.h\n'}
[0.756002] (rtabmap) StdoutLine: {'line': b'-- Up-to-date: /SLAM/ros_ws/install/rtabmap/include/rtabmap-0.21/rtabmap/core/odometry/OdometryOpen3D.h\n'}
[0.756083] (rtabmap) StdoutLine: {'line': b'-- Up-to-date: /SLAM/ros_ws/install/rtabmap/include/rtabmap-0.21/rtabmap/core/odometry/OdometryMono.h\n'}
[0.756169] (rtabmap) StdoutLine: {'line': b'-- Up-to-date: /SLAM/ros_ws/install/rtabmap/include/rtabmap-0.21/rtabmap/core/odometry/OdometryLOAM.h\n'}
[0.756250] (rtabmap) StdoutLine: {'line': b'-- Up-to-date: /SLAM/ros_ws/install/rtabmap/include/rtabmap-0.21/rtabmap/core/odometry/OdometryOkvis.h\n'}
[0.756343] (rtabmap) StdoutLine: {'line': b'-- Up-to-date: /SLAM/ros_ws/install/rtabmap/include/rtabmap-0.21/rtabmap/core/odometry/OdometryF2M.h\n'}
[0.756421] (rtabmap) StdoutLine: {'line': b'-- Up-to-date: /SLAM/ros_ws/install/rtabmap/include/rtabmap-0.21/rtabmap/core/odometry/OdometryF2F.h\n'}
[0.756502] (rtabmap) StdoutLine: {'line': b'-- Up-to-date: /SLAM/ros_ws/install/rtabmap/include/rtabmap-0.21/rtabmap/core/odometry/OdometryVINS.h\n'}
[0.756580] (rtabmap) StdoutLine: {'line': b'-- Up-to-date: /SLAM/ros_ws/install/rtabmap/include/rtabmap-0.21/rtabmap/core/odometry/OdometryMSCKF.h\n'}
[0.756652] (rtabmap) StdoutLine: {'line': b'-- Up-to-date: /SLAM/ros_ws/install/rtabmap/include/rtabmap-0.21/rtabmap/core/odometry/OdometryORBSLAM3.h\n'}
[0.756731] (rtabmap) StdoutLine: {'line': b'-- Up-to-date: /SLAM/ros_ws/install/rtabmap/include/rtabmap-0.21/rtabmap/core/odometry/OdometryDVO.h\n'}
[0.756808] (rtabmap) StdoutLine: {'line': b'-- Up-to-date: /SLAM/ros_ws/install/rtabmap/include/rtabmap-0.21/rtabmap/core/odometry/OdometryViso2.h\n'}
[0.756874] (rtabmap) StdoutLine: {'line': b'-- Up-to-date: /SLAM/ros_ws/install/rtabmap/include/rtabmap-0.21/rtabmap/core/odometry/OdometryORBSLAM2.h\n'}
[0.756951] (rtabmap) StdoutLine: {'line': b'-- Up-to-date: /SLAM/ros_ws/install/rtabmap/include/rtabmap-0.21/rtabmap/core/odometry/OdometryOpenVINS.h\n'}
[0.757046] (rtabmap) StdoutLine: {'line': b'-- Up-to-date: /SLAM/ros_ws/install/rtabmap/include/rtabmap-0.21/rtabmap/core/odometry/OdometryFLOAM.h\n'}
[0.757099] (rtabmap) StdoutLine: {'line': b'-- Up-to-date: /SLAM/ros_ws/install/rtabmap/include/rtabmap-0.21/rtabmap/core/CameraRGB.h\n'}
[0.757149] (rtabmap) StdoutLine: {'line': b'-- Up-to-date: /SLAM/ros_ws/install/rtabmap/include/rtabmap-0.21/rtabmap/core/CameraThread.h\n'}
[0.757198] (rtabmap) StdoutLine: {'line': b'-- Up-to-date: /SLAM/ros_ws/install/rtabmap/include/rtabmap-0.21/rtabmap/core/VisualWord.h\n'}
[0.757250] (rtabmap) StdoutLine: {'line': b'-- Up-to-date: /SLAM/ros_ws/install/rtabmap/include/rtabmap-0.21/rtabmap/core/Stereo.h\n'}
[0.757300] (rtabmap) StdoutLine: {'line': b'-- Up-to-date: /SLAM/ros_ws/install/rtabmap/include/rtabmap-0.21/rtabmap/core/camera\n'}
[0.757361] (rtabmap) StdoutLine: {'line': b'-- Up-to-date: /SLAM/ros_ws/install/rtabmap/include/rtabmap-0.21/rtabmap/core/camera/CameraRealSense2.h\n'}
[0.757422] (rtabmap) StdoutLine: {'line': b'-- Up-to-date: /SLAM/ros_ws/install/rtabmap/include/rtabmap-0.21/rtabmap/core/camera/CameraStereoFlyCapture2.h\n'}
[0.757474] (rtabmap) StdoutLine: {'line': b'-- Up-to-date: /SLAM/ros_ws/install/rtabmap/include/rtabmap-0.21/rtabmap/core/camera/CameraFreenect2.h\n'}
[0.757528] (rtabmap) StdoutLine: {'line': b'-- Up-to-date: /SLAM/ros_ws/install/rtabmap/include/rtabmap-0.21/rtabmap/core/camera/CameraOpenNICV.h\n'}
[0.757578] (rtabmap) StdoutLine: {'line': b'-- Up-to-date: /SLAM/ros_ws/install/rtabmap/include/rtabmap-0.21/rtabmap/core/camera/CameraK4W2.h\n'}
[0.757627] (rtabmap) StdoutLine: {'line': b'-- Up-to-date: /SLAM/ros_ws/install/rtabmap/include/rtabmap-0.21/rtabmap/core/camera/CameraK4A.h\n'}
[0.757676] (rtabmap) StdoutLine: {'line': b'-- Up-to-date: /SLAM/ros_ws/install/rtabmap/include/rtabmap-0.21/rtabmap/core/camera/CameraOpenni.h\n'}
[0.757724] (rtabmap) StdoutLine: {'line': b'-- Up-to-date: /SLAM/ros_ws/install/rtabmap/include/rtabmap-0.21/rtabmap/core/camera/CameraStereoTara.h\n'}
[0.757774] (rtabmap) StdoutLine: {'line': b'-- Up-to-date: /SLAM/ros_ws/install/rtabmap/include/rtabmap-0.21/rtabmap/core/camera/CameraStereoZed.h\n'}
[0.757863] (rtabmap) StdoutLine: {'line': b'-- Up-to-date: /SLAM/ros_ws/install/rtabmap/include/rtabmap-0.21/rtabmap/core/camera/CameraDepthAI.h\n'}
[0.757941] (rtabmap) StdoutLine: {'line': b'-- Up-to-date: /SLAM/ros_ws/install/rtabmap/include/rtabmap-0.21/rtabmap/core/camera/CameraStereoDC1394.h\n'}
[0.757995] (rtabmap) StdoutLine: {'line': b'-- Up-to-date: /SLAM/ros_ws/install/rtabmap/include/rtabmap-0.21/rtabmap/core/camera/CameraStereoImages.h\n'}
[0.758047] (rtabmap) StdoutLine: {'line': b'-- Up-to-date: /SLAM/ros_ws/install/rtabmap/include/rtabmap-0.21/rtabmap/core/camera/CameraImages.h\n'}
[0.758103] (rtabmap) StdoutLine: {'line': b'-- Up-to-date: /SLAM/ros_ws/install/rtabmap/include/rtabmap-0.21/rtabmap/core/camera/CameraRealSense.h\n'}
[0.758165] (rtabmap) StdoutLine: {'line': b'-- Up-to-date: /SLAM/ros_ws/install/rtabmap/include/rtabmap-0.21/rtabmap/core/camera/CameraStereoZedOC.h\n'}
[0.758215] (rtabmap) StdoutLine: {'line': b'-- Up-to-date: /SLAM/ros_ws/install/rtabmap/include/rtabmap-0.21/rtabmap/core/camera/CameraRGBDImages.h\n'}
[0.758265] (rtabmap) StdoutLine: {'line': b'-- Up-to-date: /SLAM/ros_ws/install/rtabmap/include/rtabmap-0.21/rtabmap/core/camera/CameraFreenect.h\n'}
[0.758314] (rtabmap) StdoutLine: {'line': b'-- Up-to-date: /SLAM/ros_ws/install/rtabmap/include/rtabmap-0.21/rtabmap/core/camera/CameraVideo.h\n'}
[0.758362] (rtabmap) StdoutLine: {'line': b'-- Up-to-date: /SLAM/ros_ws/install/rtabmap/include/rtabmap-0.21/rtabmap/core/camera/CameraStereoVideo.h\n'}
[0.758426] (rtabmap) StdoutLine: {'line': b'-- Up-to-date: /SLAM/ros_ws/install/rtabmap/include/rtabmap-0.21/rtabmap/core/camera/CameraMyntEye.h\n'}
[0.758476] (rtabmap) StdoutLine: {'line': b'-- Up-to-date: /SLAM/ros_ws/install/rtabmap/include/rtabmap-0.21/rtabmap/core/camera/CameraOpenNI2.h\n'}
[0.758526] (rtabmap) StdoutLine: {'line': b'-- Up-to-date: /SLAM/ros_ws/install/rtabmap/include/rtabmap-0.21/rtabmap/core/ParticleFilter.h\n'}
[0.758574] (rtabmap) StdoutLine: {'line': b'-- Up-to-date: /SLAM/ros_ws/install/rtabmap/include/rtabmap-0.21/rtabmap/core/clams\n'}
[0.758623] (rtabmap) StdoutLine: {'line': b'-- Up-to-date: /SLAM/ros_ws/install/rtabmap/include/rtabmap-0.21/rtabmap/core/clams/frame_projector.h\n'}
[0.758673] (rtabmap) StdoutLine: {'line': b'-- Up-to-date: /SLAM/ros_ws/install/rtabmap/include/rtabmap-0.21/rtabmap/core/clams/discrete_depth_distortion_model.h\n'}
[0.758722] (rtabmap) StdoutLine: {'line': b'-- Up-to-date: /SLAM/ros_ws/install/rtabmap/include/rtabmap-0.21/rtabmap/core/clams/slam_calibrator.h\n'}
[0.758770] (rtabmap) StdoutLine: {'line': b'-- Up-to-date: /SLAM/ros_ws/install/rtabmap/include/rtabmap-0.21/rtabmap/core/Features2d.h\n'}
[0.758818] (rtabmap) StdoutLine: {'line': b'-- Up-to-date: /SLAM/ros_ws/install/rtabmap/include/rtabmap-0.21/rtabmap/core/IMUThread.h\n'}
[0.758866] (rtabmap) StdoutLine: {'line': b'-- Up-to-date: /SLAM/ros_ws/install/rtabmap/include/rtabmap-0.21/rtabmap/core/VWDictionary.h\n'}
[0.758914] (rtabmap) StdoutLine: {'line': b'-- Up-to-date: /SLAM/ros_ws/install/rtabmap/include/rtabmap-0.21/rtabmap/core/EpipolarGeometry.h\n'}
[0.758965] (rtabmap) StdoutLine: {'line': b'-- Up-to-date: /SLAM/ros_ws/install/rtabmap/include/rtabmap-0.21/rtabmap/core/RegistrationVis.h\n'}
[0.759019] (rtabmap) StdoutLine: {'line': b'-- Up-to-date: /SLAM/ros_ws/install/rtabmap/include/rtabmap-0.21/rtabmap/core/RtabmapThread.h\n'}
[0.759070] (rtabmap) StdoutLine: {'line': b'-- Up-to-date: /SLAM/ros_ws/install/rtabmap/include/rtabmap-0.21/rtabmap/core/OctoMap.h\n'}
[0.759118] (rtabmap) StdoutLine: {'line': b'-- Up-to-date: /SLAM/ros_ws/install/rtabmap/include/rtabmap-0.21/rtabmap/core/util3d_registration.h\n'}
[0.759168] (rtabmap) StdoutLine: {'line': b'-- Up-to-date: /SLAM/ros_ws/install/rtabmap/include/rtabmap-0.21/rtabmap/core/CameraModel.h\n'}
[0.759220] (rtabmap) StdoutLine: {'line': b'-- Up-to-date: /SLAM/ros_ws/install/rtabmap/include/rtabmap-0.21/rtabmap/core/LocalGridMaker.h\n'}
[0.759269] (rtabmap) StdoutLine: {'line': b'-- Up-to-date: /SLAM/ros_ws/install/rtabmap/include/rtabmap-0.21/rtabmap/core/CameraInfo.h\n'}
[0.759318] (rtabmap) StdoutLine: {'line': b'-- Up-to-date: /SLAM/ros_ws/install/rtabmap/include/rtabmap-0.21/rtabmap/core/PDALWriter.h\n'}
[0.759366] (rtabmap) StdoutLine: {'line': b'-- Up-to-date: /SLAM/ros_ws/install/rtabmap/include/rtabmap-0.21/rtabmap/core/EnvSensor.h\n'}
[0.759414] (rtabmap) StdoutLine: {'line': b'-- Up-to-date: /SLAM/ros_ws/install/rtabmap/include/rtabmap-0.21/rtabmap\n'}
[0.759463] (rtabmap) StdoutLine: {'line': b'-- Up-to-date: /SLAM/ros_ws/install/rtabmap/include/rtabmap-0.21/rtabmap/core\n'}
[0.759527] (rtabmap) StdoutLine: {'line': b'-- Up-to-date: /SLAM/ros_ws/install/rtabmap/include/rtabmap-0.21/rtabmap/core/Version.h\n'}
[0.759588] (rtabmap) StdoutLine: {'line': b'-- Up-to-date: /SLAM/ros_ws/install/rtabmap/include/rtabmap-0.21/rtabmap/core/rtabmap_core_export.h\n'}
[0.759639] (rtabmap) StdoutLine: {'line': b'-- Up-to-date: /SLAM/ros_ws/install/rtabmap/lib/rtabmap-0.21/RTABMap_coreTargets.cmake\n'}
[0.759690] (rtabmap) StdoutLine: {'line': b'-- Up-to-date: /SLAM/ros_ws/install/rtabmap/lib/rtabmap-0.21/RTABMap_coreTargets-release.cmake\n'}
[0.759738] (rtabmap) StdoutLine: {'line': b'-- Up-to-date: /SLAM/ros_ws/install/rtabmap/lib/librtabmap_gui.so.0.21.4\n'}
[0.759789] (rtabmap) StdoutLine: {'line': b'-- Up-to-date: /SLAM/ros_ws/install/rtabmap/lib/librtabmap_gui.so.0.21\n'}
[0.759837] (rtabmap) StdoutLine: {'line': b'-- Up-to-date: /SLAM/ros_ws/install/rtabmap/lib/librtabmap_gui.so\n'}
[0.759886] (rtabmap) StdoutLine: {'line': b'-- Up-to-date: /SLAM/ros_ws/install/rtabmap/include/rtabmap-0.21/rtabmap\n'}
[0.759934] (rtabmap) StdoutLine: {'line': b'-- Up-to-date: /SLAM/ros_ws/install/rtabmap/include/rtabmap-0.21/rtabmap/gui\n'}
[0.759982] (rtabmap) StdoutLine: {'line': b'-- Up-to-date: /SLAM/ros_ws/install/rtabmap/include/rtabmap-0.21/rtabmap/gui/EditDepthArea.h\n'}
[0.760032] (rtabmap) StdoutLine: {'line': b'-- Up-to-date: /SLAM/ros_ws/install/rtabmap/include/rtabmap-0.21/rtabmap/gui/ProgressDialog.h\n'}
[0.760080] (rtabmap) StdoutLine: {'line': b'-- Up-to-date: /SLAM/ros_ws/install/rtabmap/include/rtabmap-0.21/rtabmap/gui/LoopClosureViewer.h\n'}
[0.760128] (rtabmap) StdoutLine: {'line': b'-- Up-to-date: /SLAM/ros_ws/install/rtabmap/include/rtabmap-0.21/rtabmap/gui/ExportCloudsDialog.h\n'}
[0.760177] (rtabmap) StdoutLine: {'line': b'-- Up-to-date: /SLAM/ros_ws/install/rtabmap/include/rtabmap-0.21/rtabmap/gui/CloudViewerCellPicker.h\n'}
[0.760226] (rtabmap) StdoutLine: {'line': b'-- Up-to-date: /SLAM/ros_ws/install/rtabmap/include/rtabmap-0.21/rtabmap/gui/PreferencesDialog.h\n'}
[0.760276] (rtabmap) StdoutLine: {'line': b'-- Up-to-date: /SLAM/ros_ws/install/rtabmap/include/rtabmap-0.21/rtabmap/gui/MultiSessionLocSubView.h\n'}
[0.760325] (rtabmap) StdoutLine: {'line': b'-- Up-to-date: /SLAM/ros_ws/install/rtabmap/include/rtabmap-0.21/rtabmap/gui/TexturingState.h\n'}
[0.760384] (rtabmap) StdoutLine: {'line': b'-- Up-to-date: /SLAM/ros_ws/install/rtabmap/include/rtabmap-0.21/rtabmap/gui/CameraViewer.h\n'}
[0.760433] (rtabmap) StdoutLine: {'line': b'-- Up-to-date: /SLAM/ros_ws/install/rtabmap/include/rtabmap-0.21/rtabmap/gui/RecoveryState.h\n'}
[0.760482] (rtabmap) StdoutLine: {'line': b'-- Up-to-date: /SLAM/ros_ws/install/rtabmap/include/rtabmap-0.21/rtabmap/gui/ExportDialog.h\n'}
[0.760530] (rtabmap) StdoutLine: {'line': b'-- Up-to-date: /SLAM/ros_ws/install/rtabmap/include/rtabmap-0.21/rtabmap/gui/ParametersToolBox.h\n'}
[0.760581] (rtabmap) StdoutLine: {'line': b'-- Up-to-date: /SLAM/ros_ws/install/rtabmap/include/rtabmap-0.21/rtabmap/gui/MapVisibilityWidget.h\n'}
[0.760631] (rtabmap) StdoutLine: {'line': b'-- Up-to-date: /SLAM/ros_ws/install/rtabmap/include/rtabmap-0.21/rtabmap/gui/ImageView.h\n'}
[0.760681] (rtabmap) StdoutLine: {'line': b'-- Up-to-date: /SLAM/ros_ws/install/rtabmap/include/rtabmap-0.21/rtabmap/gui/ExportBundlerDialog.h\n'}
[0.760730] (rtabmap) StdoutLine: {'line': b'-- Up-to-date: /SLAM/ros_ws/install/rtabmap/include/rtabmap-0.21/rtabmap/gui/GraphViewer.h\n'}
[0.760778] (rtabmap) StdoutLine: {'line': b'-- Up-to-date: /SLAM/ros_ws/install/rtabmap/include/rtabmap-0.21/rtabmap/gui/MultiSessionLocWidget.h\n'}
[0.760840] (rtabmap) StdoutLine: {'line': b'-- Up-to-date: /SLAM/ros_ws/install/rtabmap/include/rtabmap-0.21/rtabmap/gui/AboutDialog.h\n'}
[0.760895] (rtabmap) StdoutLine: {'line': b'-- Up-to-date: /SLAM/ros_ws/install/rtabmap/include/rtabmap-0.21/rtabmap/gui/EditMapArea.h\n'}
[0.760946] (rtabmap) StdoutLine: {'line': b'-- Up-to-date: /SLAM/ros_ws/install/rtabmap/include/rtabmap-0.21/rtabmap/gui/CloudViewer.h\n'}
[0.760995] (rtabmap) StdoutLine: {'line': b'-- Up-to-date: /SLAM/ros_ws/install/rtabmap/include/rtabmap-0.21/rtabmap/gui/DatabaseViewer.h\n'}
[0.761051] (rtabmap) StdoutLine: {'line': b'-- Up-to-date: /SLAM/ros_ws/install/rtabmap/include/rtabmap-0.21/rtabmap/gui/KeypointItem.h\n'}
[0.761102] (rtabmap) StdoutLine: {'line': b'-- Up-to-date: /SLAM/ros_ws/install/rtabmap/include/rtabmap-0.21/rtabmap/gui/LinkRefiningDialog.h\n'}
[0.761156] (rtabmap) StdoutLine: {'line': b'-- Up-to-date: /SLAM/ros_ws/install/rtabmap/include/rtabmap-0.21/rtabmap/gui/PostProcessingDialog.h\n'}
[0.761207] (rtabmap) StdoutLine: {'line': b'-- Up-to-date: /SLAM/ros_ws/install/rtabmap/include/rtabmap-0.21/rtabmap/gui/OdometryViewer.h\n'}
[0.761256] (rtabmap) StdoutLine: {'line': b'-- Up-to-date: /SLAM/ros_ws/install/rtabmap/include/rtabmap-0.21/rtabmap/gui/DepthCalibrationDialog.h\n'}
[0.761304] (rtabmap) StdoutLine: {'line': b'-- Up-to-date: /SLAM/ros_ws/install/rtabmap/include/rtabmap-0.21/rtabmap/gui/CreateSimpleCalibrationDialog.h\n'}
[0.761352] (rtabmap) StdoutLine: {'line': b'-- Up-to-date: /SLAM/ros_ws/install/rtabmap/include/rtabmap-0.21/rtabmap/gui/StatsToolBox.h\n'}
[0.761403] (rtabmap) StdoutLine: {'line': b'-- Up-to-date: /SLAM/ros_ws/install/rtabmap/include/rtabmap-0.21/rtabmap/gui/CloudViewerInteractorStyle.h\n'}
[0.761452] (rtabmap) StdoutLine: {'line': b'-- Up-to-date: /SLAM/ros_ws/install/rtabmap/include/rtabmap-0.21/rtabmap/gui/DataRecorder.h\n'}
[0.761500] (rtabmap) StdoutLine: {'line': b'-- Up-to-date: /SLAM/ros_ws/install/rtabmap/include/rtabmap-0.21/rtabmap/gui/EditConstraintDialog.h\n'}
[0.761549] (rtabmap) StdoutLine: {'line': b'-- Up-to-date: /SLAM/ros_ws/install/rtabmap/include/rtabmap-0.21/rtabmap/gui/PdfPlot.h\n'}
[0.761597] (rtabmap) StdoutLine: {'line': b'-- Up-to-date: /SLAM/ros_ws/install/rtabmap/include/rtabmap-0.21/rtabmap/gui/CalibrationDialog.h\n'}
[0.761646] (rtabmap) StdoutLine: {'line': b'-- Up-to-date: /SLAM/ros_ws/install/rtabmap/include/rtabmap-0.21/rtabmap/gui/MainWindow.h\n'}
[0.761694] (rtabmap) StdoutLine: {'line': b'-- Up-to-date: /SLAM/ros_ws/install/rtabmap/include/rtabmap-0.21/rtabmap/gui/ConsoleWidget.h\n'}
[0.761741] (rtabmap) StdoutLine: {'line': b'-- Up-to-date: /SLAM/ros_ws/install/rtabmap/include/rtabmap-0.21/rtabmap/utilite\n'}
[0.761789] (rtabmap) StdoutLine: {'line': b'-- Up-to-date: /SLAM/ros_ws/install/rtabmap/include/rtabmap-0.21/rtabmap/utilite/UCv2Qt.h\n'}
[0.761881] (rtabmap) StdoutLine: {'line': b'-- Up-to-date: /SLAM/ros_ws/install/rtabmap/include/rtabmap-0.21/rtabmap/utilite/UImageView.h\n'}
[0.761940] (rtabmap) StdoutLine: {'line': b'-- Up-to-date: /SLAM/ros_ws/install/rtabmap/include/rtabmap-0.21/rtabmap/utilite/UPlot.h\n'}
[0.761991] (rtabmap) StdoutLine: {'line': b'-- Up-to-date: /SLAM/ros_ws/install/rtabmap/include/rtabmap-0.21/rtabmap\n'}
[0.762042] (rtabmap) StdoutLine: {'line': b'-- Up-to-date: /SLAM/ros_ws/install/rtabmap/include/rtabmap-0.21/rtabmap/gui\n'}
[0.762091] (rtabmap) StdoutLine: {'line': b'-- Up-to-date: /SLAM/ros_ws/install/rtabmap/include/rtabmap-0.21/rtabmap/gui/rtabmap_gui_export.h\n'}
[0.762140] (rtabmap) StdoutLine: {'line': b'-- Up-to-date: /SLAM/ros_ws/install/rtabmap/lib/rtabmap-0.21/RTABMap_guiTargets.cmake\n'}
[0.762188] (rtabmap) StdoutLine: {'line': b'-- Up-to-date: /SLAM/ros_ws/install/rtabmap/lib/rtabmap-0.21/RTABMap_guiTargets-release.cmake\n'}
[0.762239] (rtabmap) StdoutLine: {'line': b'-- Up-to-date: /SLAM/ros_ws/install/rtabmap/bin/rtabmap\n'}
[0.762289] (rtabmap) StdoutLine: {'line': b'-- Up-to-date: /SLAM/ros_ws/install/rtabmap/bin/rtabmap-console\n'}
[0.762339] (rtabmap) StdoutLine: {'line': b'-- Up-to-date: /SLAM/ros_ws/install/rtabmap/bin/rtabmap-extractObject\n'}
[0.762388] (rtabmap) StdoutLine: {'line': b'-- Up-to-date: /SLAM/ros_ws/install/rtabmap/bin/rtabmap-camera\n'}
[0.762798] (rtabmap) StdoutLine: {'line': b'-- Up-to-date: /SLAM/ros_ws/install/rtabmap/bin/rtabmap-kitti_dataset\n'}
[0.763771] (rtabmap) StdoutLine: {'line': b'-- Up-to-date: /SLAM/ros_ws/install/rtabmap/bin/rtabmap-rgbd_dataset\n'}
[0.764845] (rtabmap) StdoutLine: {'line': b'-- Up-to-date: /SLAM/ros_ws/install/rtabmap/bin/rtabmap-euroc_dataset\n'}
[0.765631] (rtabmap) StdoutLine: {'line': b'-- Up-to-date: /SLAM/ros_ws/install/rtabmap/bin/rtabmap-recovery\n'}
[0.766514] (rtabmap) StdoutLine: {'line': b'-- Up-to-date: /SLAM/ros_ws/install/rtabmap/bin/rtabmap-reprocess\n'}
[0.767404] (rtabmap) StdoutLine: {'line': b'-- Up-to-date: /SLAM/ros_ws/install/rtabmap/bin/rtabmap-detectMoreLoopClosures\n'}
[0.768566] (rtabmap) StdoutLine: {'line': b'-- Up-to-date: /SLAM/ros_ws/install/rtabmap/bin/rtabmap-export\n'}
[0.769543] (rtabmap) StdoutLine: {'line': b'-- Up-to-date: /SLAM/ros_ws/install/rtabmap/bin/rtabmap-report\n'}
[0.770585] (rtabmap) StdoutLine: {'line': b'-- Up-to-date: /SLAM/ros_ws/install/rtabmap/bin/rtabmap-info\n'}
[0.771560] (rtabmap) StdoutLine: {'line': b'-- Up-to-date: /SLAM/ros_ws/install/rtabmap/bin/rtabmap-cleanupLocalGrids\n'}
[0.772542] (rtabmap) StdoutLine: {'line': b'-- Up-to-date: /SLAM/ros_ws/install/rtabmap/bin/rtabmap-globalBundleAdjustment\n'}
[0.773617] (rtabmap) StdoutLine: {'line': b'-- Up-to-date: /SLAM/ros_ws/install/rtabmap/bin/rtabmap-rgbd_camera\n'}
[0.774529] (rtabmap) StdoutLine: {'line': b'-- Up-to-date: /SLAM/ros_ws/install/rtabmap/bin/rtabmap-databaseViewer\n'}
[0.775740] (rtabmap) StdoutLine: {'line': b'-- Up-to-date: /SLAM/ros_ws/install/rtabmap/bin/rtabmap-odometryViewer\n'}
[0.776732] (rtabmap) StdoutLine: {'line': b'-- Up-to-date: /SLAM/ros_ws/install/rtabmap/bin/rtabmap-dataRecorder\n'}
[0.777855] (rtabmap) StdoutLine: {'line': b'-- Up-to-date: /SLAM/ros_ws/install/rtabmap/bin/rtabmap-calibration\n'}
[0.780810] (rtabmap) CommandEnded: {'returncode': 0}
[0.800395] (-) TimerEvent: {}
[0.900627] (-) TimerEvent: {}
[0.934973] (rtabmap) JobEnded: {'identifier': 'rtabmap', 'rc': 0}
[0.935504] (-) EventReactorShutdown: {}
