[0.412s] Invoking command in '/SLAM/ros_ws/build/libuvc': /usr/bin/cmake --build /SLAM/ros_ws/build/libuvc -- -j16 -l16
[0.467s] [35m[1mConsolidate compiler generated dependencies of target uvc[0m
[0.470s] [35m[1mConsolidate compiler generated dependencies of target uvc_static[0m
[0.501s] [ 45%] Built target uvc_static
[0.516s] [ 90%] Built target uvc
[0.546s] [35m[1mConsolidate compiler generated dependencies of target example[0m
[0.568s] [100%] Built target example
[0.694s] Invoked command in '/SLAM/ros_ws/build/libuvc' returned '0': /usr/bin/cmake --build /SLAM/ros_ws/build/libuvc -- -j16 -l16
[1.582s] Invoking command in '/SLAM/ros_ws/build/libuvc': /usr/bin/cmake --install /SLAM/ros_ws/build/libuvc
[1.643s] -- Install configuration: "Release"
[1.645s] -- Up-to-date: /SLAM/ros_ws/install/libuvc/lib/libuvc.so.0.0.7
[1.645s] -- Up-to-date: /SLAM/ros_ws/install/libuvc/lib/libuvc.so.0
[1.647s] -- Up-to-date: /SLAM/ros_ws/install/libuvc/lib/libuvc.so
[1.648s] -- Up-to-date: /SLAM/ros_ws/install/libuvc/include/libuvc/libuvc.h
[1.648s] -- Up-to-date: /SLAM/ros_ws/install/libuvc/include/libuvc/libuvc_config.h
[1.648s] -- Up-to-date: /SLAM/ros_ws/install/libuvc/lib/libuvc.a
[1.659s] -- Up-to-date: /SLAM/ros_ws/install/libuvc/include/libuvc/libuvc.h
[1.659s] -- Up-to-date: /SLAM/ros_ws/install/libuvc/include/libuvc/libuvc_config.h
[1.659s] -- Up-to-date: /SLAM/ros_ws/install/libuvc/lib/cmake/libuvc/libuvcTargets.cmake
[1.666s] -- Up-to-date: /SLAM/ros_ws/install/libuvc/lib/cmake/libuvc/libuvcTargets-release.cmake
[1.667s] -- Up-to-date: /SLAM/ros_ws/install/libuvc/lib/cmake/libuvc/FindLibUSB.cmake
[1.667s] -- Up-to-date: /SLAM/ros_ws/install/libuvc/lib/cmake/libuvc/FindJpegPkg.cmake
[1.668s] -- Up-to-date: /SLAM/ros_ws/install/libuvc/lib/cmake/libuvc/libuvcConfigVersion.cmake
[1.668s] -- Up-to-date: /SLAM/ros_ws/install/libuvc/lib/pkgconfig/libuvc.pc
[1.668s] -- Up-to-date: /SLAM/ros_ws/install/libuvc/lib/cmake/libuvc/libuvcConfig.cmake
[1.679s] Invoked command in '/SLAM/ros_ws/build/libuvc' returned '0': /usr/bin/cmake --install /SLAM/ros_ws/build/libuvc
