[0.516s] Invoking command in '/SLAM/ros_ws/build/image_view': CMAKE_PREFIX_PATH=${CMAKE_PREFIX_PATH}:/SLAM/ros_ws/install/camera_calibration:/opt/ros/humble /usr/bin/cmake /SLAM/ros_ws/src/image_pipeline/image_view -DCMAKE_INSTALL_PREFIX=/SLAM/ros_ws/install/image_view
[0.615s] -- The C compiler identification is GNU 11.4.0
[0.734s] -- The CXX compiler identification is GNU 11.4.0
[0.747s] -- Detecting C compiler ABI info
[0.900s] -- Detecting C compiler ABI info - done
[0.911s] -- Check for working C compiler: /usr/bin/cc - skipped
[0.912s] -- Detecting C compile features
[0.912s] -- Detecting C compile features - done
[0.917s] -- Detecting CXX compiler ABI info
[1.079s] -- Detecting CXX compiler ABI info - done
[1.092s] -- Check for working CXX compiler: /usr/bin/c++ - skipped
[1.092s] -- Detecting CXX compile features
[1.093s] -- Detecting CXX compile features - done
[1.101s] -- Found ament_cmake_auto: 1.3.6 (/opt/ros/humble/share/ament_cmake_auto/cmake)
[1.403s] -- Found Python3: /usr/bin/python3.10 (found version "3.10.12") found components: Interpreter 
[2.009s] -- Found rosidl_generator_c: 3.1.5 (/opt/ros/humble/share/rosidl_generator_c/cmake)
[2.023s] -- Found rosidl_adapter: 3.1.5 (/opt/ros/humble/share/rosidl_adapter/cmake)
[2.041s] -- Found rosidl_generator_cpp: 3.1.5 (/opt/ros/humble/share/rosidl_generator_cpp/cmake)
[2.065s] -- Using all available rosidl_typesupport_c: rosidl_typesupport_fastrtps_c;rosidl_typesupport_introspection_c
[2.096s] -- Using all available rosidl_typesupport_cpp: rosidl_typesupport_fastrtps_cpp;rosidl_typesupport_introspection_cpp
[2.207s] -- Found rmw_implementation_cmake: 6.1.1 (/opt/ros/humble/share/rmw_implementation_cmake/cmake)
[2.217s] -- Found rmw_fastrtps_cpp: 6.2.5 (/opt/ros/humble/share/rmw_fastrtps_cpp/cmake)
[2.375s] -- Found OpenSSL: /usr/lib/x86_64-linux-gnu/libcrypto.so (found version "3.0.2")  
[2.419s] -- Found FastRTPS: /opt/ros/humble/include  
[2.519s] -- Using RMW implementation 'rmw_fastrtps_cpp' as default
[2.545s] -- Looking for pthread.h
[2.639s] -- Looking for pthread.h - found
[2.639s] -- Performing Test CMAKE_HAVE_LIBC_PTHREAD
[2.733s] -- Performing Test CMAKE_HAVE_LIBC_PTHREAD - Success
[2.734s] -- Found Threads: TRUE  
[3.828s] -- Found Boost: /usr/lib/x86_64-linux-gnu/cmake/Boost-1.74.0/BoostConfig.cmake (found version "1.74.0")  
[3.838s] -- Found OpenCV: /usr (found version "4.5.4") 
[3.962s] -- Found ament_lint_auto: 0.12.9 (/opt/ros/humble/share/ament_lint_auto/cmake)
[4.061s] -- Added test 'copyright' to check source files copyright and LICENSE
[4.066s] -- Added test 'cppcheck' to perform static code analysis on C / C++ code
[4.068s] -- Configured cppcheck include dirs: /SLAM/ros_ws/src/image_pipeline/image_view/include
[4.068s] -- Configured cppcheck exclude dirs and/or files: 
[4.072s] -- Added test 'cpplint' to check C / C++ code against the Google style
[4.072s] -- Configured cpplint exclude dirs and/or files: 
[4.075s] -- Added test 'lint_cmake' to check CMake code style
[4.079s] -- Added test 'uncrustify' to check C / C++ code style
[4.079s] -- Configured uncrustify additional arguments: 
[4.081s] -- Added test 'xmllint' to check XML markup files
[4.087s] -- Configuring done
[4.297s] -- Generating done
[4.313s] -- Build files have been written to: /SLAM/ros_ws/build/image_view
[4.366s] Invoked command in '/SLAM/ros_ws/build/image_view' returned '0': CMAKE_PREFIX_PATH=${CMAKE_PREFIX_PATH}:/SLAM/ros_ws/install/camera_calibration:/opt/ros/humble /usr/bin/cmake /SLAM/ros_ws/src/image_pipeline/image_view -DCMAKE_INSTALL_PREFIX=/SLAM/ros_ws/install/image_view
[4.367s] Invoking command in '/SLAM/ros_ws/build/image_view': CMAKE_PREFIX_PATH=${CMAKE_PREFIX_PATH}:/SLAM/ros_ws/install/camera_calibration:/opt/ros/humble /usr/bin/cmake --build /SLAM/ros_ws/build/image_view -- -j16 -l16
[4.682s] [  5%] [32mBuilding CXX object CMakeFiles/image_view_nodes.dir/src/extract_images_node.cpp.o[0m
[4.682s] [ 10%] [32mBuilding CXX object CMakeFiles/image_view_nodes.dir/src/disparity_view_node.cpp.o[0m
[4.700s] [ 15%] [32mBuilding CXX object CMakeFiles/image_view_nodes.dir/src/video_recorder_node.cpp.o[0m
[4.710s] [ 21%] [32mBuilding CXX object CMakeFiles/image_view_nodes.dir/src/image_saver_node.cpp.o[0m
[4.711s] [ 26%] [32mBuilding CXX object CMakeFiles/image_view_nodes.dir/src/image_view_node.cpp.o[0m
[4.733s] [ 31%] [32mBuilding CXX object CMakeFiles/image_view_nodes.dir/src/stereo_view_node.cpp.o[0m
[35.863s] [ 36%] [32m[1mLinking CXX shared library libimage_view_nodes.so[0m
[37.177s] [ 36%] Built target image_view_nodes
[37.212s] [ 57%] [32mBuilding CXX object CMakeFiles/stereo_view.dir/src/stereo_view.cpp.o[0m
[37.213s] [ 57%] [32mBuilding CXX object CMakeFiles/image_saver.dir/src/image_saver.cpp.o[0m
[37.213s] [ 57%] [32mBuilding CXX object CMakeFiles/image_view.dir/src/image_view.cpp.o[0m
[37.213s] [ 57%] [32mBuilding CXX object CMakeFiles/disparity_view.dir/src/disparity_view.cpp.o[0m
[37.218s] [ 68%] [32mBuilding CXX object CMakeFiles/video_recorder.dir/src/video_recorder.cpp.o[0m
[37.218s] [ 68%] [32mBuilding CXX object CMakeFiles/extract_images.dir/src/extract_images.cpp.o[0m
[41.048s] [ 73%] [32m[1mLinking CXX executable disparity_view[0m
[41.128s] [ 78%] [32m[1mLinking CXX executable extract_images[0m
[41.134s] [ 84%] [32m[1mLinking CXX executable image_saver[0m
[41.808s] [ 89%] [32m[1mLinking CXX executable stereo_view[0m
[41.874s] [ 94%] [32m[1mLinking CXX executable video_recorder[0m
[42.269s] [100%] [32m[1mLinking CXX executable image_view[0m
[42.549s] [100%] Built target disparity_view
[42.673s] [100%] Built target image_saver
[42.694s] [100%] Built target extract_images
[43.053s] [100%] Built target video_recorder
[43.075s] [100%] Built target stereo_view
[43.176s] [100%] Built target image_view
