[0.000000] (-) TimerEvent: {}
[0.000408] (-) JobUnselected: {'identifier': 'astra_camera'}
[0.000894] (-) JobUnselected: {'identifier': 'astra_camera_msgs'}
[0.000941] (sllidar_ros2) JobQueued: {'identifier': 'sllidar_ros2', 'dependencies': OrderedDict()}
[0.000973] (sllidar_ros2) JobStarted: {'identifier': 'sllidar_ros2'}
[0.041800] (sllidar_ros2) JobProgress: {'identifier': 'sllidar_ros2', 'progress': 'cmake'}
[0.042444] (sllidar_ros2) Command: {'cmd': ['/usr/bin/cmake', '/SLAM/ros_ws/src/sllidar_ros2', '-DCMAKE_INSTALL_PREFIX=/SLAM/ros_ws/install/sllidar_ros2'], 'cwd': '/SLAM/ros_ws/build/sllidar_ros2', 'env': OrderedDict([('HOSTNAME', 'acer'), ('GIT_ASKPASS', '/home/ros/.vscode-server/bin/0ee08df0cf4527e40edc9aa28f4b5bd38bbff2b2/extensions/git/dist/askpass.sh'), ('SHLVL', '2'), ('LD_LIBRARY_PATH', '/opt/ros/humble/opt/rviz_ogre_vendor/lib:/opt/ros/humble/lib/x86_64-linux-gnu:/opt/ros/humble/lib'), ('BROWSER', '/home/ros/.vscode-server/bin/0ee08df0cf4527e40edc9aa28f4b5bd38bbff2b2/bin/helpers/browser.sh'), ('HOME', '/home/ros'), ('OLDPWD', '/SLAM/ros_ws/src/sllidar_ros2'), ('TERM_PROGRAM_VERSION', '1.85.1'), ('VSCODE_IPC_HOOK_CLI', '/tmp/vscode-ipc-7a8f63e0-e012-4be7-b4c3-074d0f4230a8.sock'), ('ROS_PYTHON_VERSION', '3'), ('VSCODE_GIT_ASKPASS_MAIN', '/home/ros/.vscode-server/bin/0ee08df0cf4527e40edc9aa28f4b5bd38bbff2b2/extensions/git/dist/askpass-main.js'), ('VSCODE_GIT_ASKPASS_NODE', '/home/ros/.vscode-server/bin/0ee08df0cf4527e40edc9aa28f4b5bd38bbff2b2/node'), ('COLORTERM', 'truecolor'), ('REMOTE_CONTAINERS', 'true'), ('ROS_DISTRO', 'humble'), ('REMOTE_CONTAINERS_IPC', '/tmp/vscode-remote-containers-ipc-2fd6cb4c-da3f-44d4-8ed6-b0e9c79b8520.sock'), ('_', '/usr/bin/colcon'), ('ROS_VERSION', '2'), ('TERM', 'xterm-256color'), ('ROS_LOCALHOST_ONLY', '0'), ('PATH', '/home/ros/.vscode-server/bin/0ee08df0cf4527e40edc9aa28f4b5bd38bbff2b2/bin/remote-cli:/opt/ros/humble/bin:/usr/local/sbin:/usr/local/bin:/usr/sbin:/usr/bin:/sbin:/bin'), ('REMOTE_CONTAINERS_SOCKETS', '["/tmp/vscode-ssh-auth-2fd6cb4c-da3f-44d4-8ed6-b0e9c79b8520.sock","/tmp/.X11-unix/X10","/home/ros/.gnupg/S.gpg-agent"]'), ('DISPLAY', ':1'), ('LANG', 'C.UTF-8'), ('VSCODE_GIT_IPC_HANDLE', '/tmp/vscode-git-b0d69a0cdc.sock'), ('TERM_PROGRAM', 'vscode'), ('SSH_AUTH_SOCK', '/tmp/vscode-ssh-auth-2fd6cb4c-da3f-44d4-8ed6-b0e9c79b8520.sock'), ('AMENT_PREFIX_PATH', '/opt/ros/humble'), ('REMOTE_CONTAINERS_DISPLAY_SOCK', '/tmp/.X11-unix/X10'), ('SHELL', '/bin/bash'), ('VSCODE_GIT_ASKPASS_EXTRA_ARGS', ''), ('PWD', '/SLAM/ros_ws/build/sllidar_ros2'), ('LC_ALL', 'C.UTF-8'), ('PYTHONPATH', '/opt/ros/humble/lib/python3.10/site-packages:/opt/ros/humble/local/lib/python3.10/dist-packages'), ('COLCON', '1'), ('CMAKE_PREFIX_PATH', '/opt/ros/humble')]), 'shell': False}
[0.055247] (sllidar_ros2) StdoutLine: {'line': b'-- Found ament_cmake: 1.3.6 (/opt/ros/humble/share/ament_cmake/cmake)\n'}
[0.099991] (-) TimerEvent: {}
[0.159867] (sllidar_ros2) StdoutLine: {'line': b'-- Override CMake install command with custom implementation using symlinks instead of copying resources\n'}
[0.166681] (sllidar_ros2) StdoutLine: {'line': b'-- Found rclcpp: 16.0.7 (/opt/ros/humble/share/rclcpp/cmake)\n'}
[0.192006] (sllidar_ros2) StdoutLine: {'line': b'-- Found rosidl_generator_c: 3.1.5 (/opt/ros/humble/share/rosidl_generator_c/cmake)\n'}
[0.194181] (sllidar_ros2) StdoutLine: {'line': b'-- Found rosidl_adapter: 3.1.5 (/opt/ros/humble/share/rosidl_adapter/cmake)\n'}
[0.199088] (sllidar_ros2) StdoutLine: {'line': b'-- Found rosidl_generator_cpp: 3.1.5 (/opt/ros/humble/share/rosidl_generator_cpp/cmake)\n'}
[0.200068] (-) TimerEvent: {}
[0.208441] (sllidar_ros2) StdoutLine: {'line': b'-- Using all available rosidl_typesupport_c: rosidl_typesupport_fastrtps_c;rosidl_typesupport_introspection_c\n'}
[0.221966] (sllidar_ros2) StdoutLine: {'line': b'-- Using all available rosidl_typesupport_cpp: rosidl_typesupport_fastrtps_cpp;rosidl_typesupport_introspection_cpp\n'}
[0.267454] (sllidar_ros2) StdoutLine: {'line': b'-- Found rmw_implementation_cmake: 6.1.1 (/opt/ros/humble/share/rmw_implementation_cmake/cmake)\n'}
[0.268583] (sllidar_ros2) StdoutLine: {'line': b'-- Found rmw_fastrtps_cpp: 6.2.5 (/opt/ros/humble/share/rmw_fastrtps_cpp/cmake)\n'}
[0.300157] (-) TimerEvent: {}
[0.395487] (sllidar_ros2) StdoutLine: {'line': b"-- Using RMW implementation 'rmw_fastrtps_cpp' as default\n"}
[0.400239] (-) TimerEvent: {}
[0.500447] (-) TimerEvent: {}
[0.519259] (sllidar_ros2) StdoutLine: {'line': b'-- Found sensor_msgs: 4.2.3 (/opt/ros/humble/share/sensor_msgs/cmake)\n'}
[0.600544] (-) TimerEvent: {}
[0.615984] (sllidar_ros2) StdoutLine: {'line': b'-- Found std_srvs: 4.2.3 (/opt/ros/humble/share/std_srvs/cmake)\n'}
[0.683597] (sllidar_ros2) StdoutLine: {'line': b'-- Configuring done\n'}
[0.699060] (sllidar_ros2) StdoutLine: {'line': b'-- Generating done\n'}
[0.700563] (sllidar_ros2) StdoutLine: {'line': b'-- Build files have been written to: /SLAM/ros_ws/build/sllidar_ros2\n'}
[0.700646] (-) TimerEvent: {}
[0.707242] (sllidar_ros2) CommandEnded: {'returncode': 0}
[0.707798] (sllidar_ros2) JobProgress: {'identifier': 'sllidar_ros2', 'progress': 'build'}
[0.708520] (sllidar_ros2) Command: {'cmd': ['/usr/bin/cmake', '--build', '/SLAM/ros_ws/build/sllidar_ros2', '--', '-j16', '-l16'], 'cwd': '/SLAM/ros_ws/build/sllidar_ros2', 'env': OrderedDict([('HOSTNAME', 'acer'), ('GIT_ASKPASS', '/home/ros/.vscode-server/bin/0ee08df0cf4527e40edc9aa28f4b5bd38bbff2b2/extensions/git/dist/askpass.sh'), ('SHLVL', '2'), ('LD_LIBRARY_PATH', '/opt/ros/humble/opt/rviz_ogre_vendor/lib:/opt/ros/humble/lib/x86_64-linux-gnu:/opt/ros/humble/lib'), ('BROWSER', '/home/ros/.vscode-server/bin/0ee08df0cf4527e40edc9aa28f4b5bd38bbff2b2/bin/helpers/browser.sh'), ('HOME', '/home/ros'), ('OLDPWD', '/SLAM/ros_ws/src/sllidar_ros2'), ('TERM_PROGRAM_VERSION', '1.85.1'), ('VSCODE_IPC_HOOK_CLI', '/tmp/vscode-ipc-7a8f63e0-e012-4be7-b4c3-074d0f4230a8.sock'), ('ROS_PYTHON_VERSION', '3'), ('VSCODE_GIT_ASKPASS_MAIN', '/home/ros/.vscode-server/bin/0ee08df0cf4527e40edc9aa28f4b5bd38bbff2b2/extensions/git/dist/askpass-main.js'), ('VSCODE_GIT_ASKPASS_NODE', '/home/ros/.vscode-server/bin/0ee08df0cf4527e40edc9aa28f4b5bd38bbff2b2/node'), ('COLORTERM', 'truecolor'), ('REMOTE_CONTAINERS', 'true'), ('ROS_DISTRO', 'humble'), ('REMOTE_CONTAINERS_IPC', '/tmp/vscode-remote-containers-ipc-2fd6cb4c-da3f-44d4-8ed6-b0e9c79b8520.sock'), ('_', '/usr/bin/colcon'), ('ROS_VERSION', '2'), ('TERM', 'xterm-256color'), ('ROS_LOCALHOST_ONLY', '0'), ('PATH', '/home/ros/.vscode-server/bin/0ee08df0cf4527e40edc9aa28f4b5bd38bbff2b2/bin/remote-cli:/opt/ros/humble/bin:/usr/local/sbin:/usr/local/bin:/usr/sbin:/usr/bin:/sbin:/bin'), ('REMOTE_CONTAINERS_SOCKETS', '["/tmp/vscode-ssh-auth-2fd6cb4c-da3f-44d4-8ed6-b0e9c79b8520.sock","/tmp/.X11-unix/X10","/home/ros/.gnupg/S.gpg-agent"]'), ('DISPLAY', ':1'), ('LANG', 'C.UTF-8'), ('VSCODE_GIT_IPC_HANDLE', '/tmp/vscode-git-b0d69a0cdc.sock'), ('TERM_PROGRAM', 'vscode'), ('SSH_AUTH_SOCK', '/tmp/vscode-ssh-auth-2fd6cb4c-da3f-44d4-8ed6-b0e9c79b8520.sock'), ('AMENT_PREFIX_PATH', '/opt/ros/humble'), ('REMOTE_CONTAINERS_DISPLAY_SOCK', '/tmp/.X11-unix/X10'), ('SHELL', '/bin/bash'), ('VSCODE_GIT_ASKPASS_EXTRA_ARGS', ''), ('PWD', '/SLAM/ros_ws/build/sllidar_ros2'), ('LC_ALL', 'C.UTF-8'), ('PYTHONPATH', '/opt/ros/humble/lib/python3.10/site-packages:/opt/ros/humble/local/lib/python3.10/dist-packages'), ('COLCON', '1'), ('CMAKE_PREFIX_PATH', '/opt/ros/humble')]), 'shell': False}
[0.751037] (sllidar_ros2) StdoutLine: {'line': b'\x1b[35m\x1b[1mConsolidate compiler generated dependencies of target sllidar_client\x1b[0m\n'}
[0.753720] (sllidar_ros2) StdoutLine: {'line': b'\x1b[35m\x1b[1mConsolidate compiler generated dependencies of target sllidar_node\x1b[0m\n'}
[0.773017] (sllidar_ros2) StdoutLine: {'line': b'[ 10%] Built target sllidar_client\n'}
[0.794362] (sllidar_ros2) StdoutLine: {'line': b'[100%] Built target sllidar_node\n'}
[0.800736] (-) TimerEvent: {}
[0.805547] (sllidar_ros2) CommandEnded: {'returncode': 0}
[0.876105] (sllidar_ros2) JobProgress: {'identifier': 'sllidar_ros2', 'progress': 'install'}
[0.884846] (sllidar_ros2) Command: {'cmd': ['/usr/bin/cmake', '--install', '/SLAM/ros_ws/build/sllidar_ros2'], 'cwd': '/SLAM/ros_ws/build/sllidar_ros2', 'env': OrderedDict([('HOSTNAME', 'acer'), ('GIT_ASKPASS', '/home/ros/.vscode-server/bin/0ee08df0cf4527e40edc9aa28f4b5bd38bbff2b2/extensions/git/dist/askpass.sh'), ('SHLVL', '2'), ('LD_LIBRARY_PATH', '/opt/ros/humble/opt/rviz_ogre_vendor/lib:/opt/ros/humble/lib/x86_64-linux-gnu:/opt/ros/humble/lib'), ('BROWSER', '/home/ros/.vscode-server/bin/0ee08df0cf4527e40edc9aa28f4b5bd38bbff2b2/bin/helpers/browser.sh'), ('HOME', '/home/ros'), ('OLDPWD', '/SLAM/ros_ws/src/sllidar_ros2'), ('TERM_PROGRAM_VERSION', '1.85.1'), ('VSCODE_IPC_HOOK_CLI', '/tmp/vscode-ipc-7a8f63e0-e012-4be7-b4c3-074d0f4230a8.sock'), ('ROS_PYTHON_VERSION', '3'), ('VSCODE_GIT_ASKPASS_MAIN', '/home/ros/.vscode-server/bin/0ee08df0cf4527e40edc9aa28f4b5bd38bbff2b2/extensions/git/dist/askpass-main.js'), ('VSCODE_GIT_ASKPASS_NODE', '/home/ros/.vscode-server/bin/0ee08df0cf4527e40edc9aa28f4b5bd38bbff2b2/node'), ('COLORTERM', 'truecolor'), ('REMOTE_CONTAINERS', 'true'), ('ROS_DISTRO', 'humble'), ('REMOTE_CONTAINERS_IPC', '/tmp/vscode-remote-containers-ipc-2fd6cb4c-da3f-44d4-8ed6-b0e9c79b8520.sock'), ('_', '/usr/bin/colcon'), ('ROS_VERSION', '2'), ('TERM', 'xterm-256color'), ('ROS_LOCALHOST_ONLY', '0'), ('PATH', '/home/ros/.vscode-server/bin/0ee08df0cf4527e40edc9aa28f4b5bd38bbff2b2/bin/remote-cli:/opt/ros/humble/bin:/usr/local/sbin:/usr/local/bin:/usr/sbin:/usr/bin:/sbin:/bin'), ('REMOTE_CONTAINERS_SOCKETS', '["/tmp/vscode-ssh-auth-2fd6cb4c-da3f-44d4-8ed6-b0e9c79b8520.sock","/tmp/.X11-unix/X10","/home/ros/.gnupg/S.gpg-agent"]'), ('DISPLAY', ':1'), ('LANG', 'C.UTF-8'), ('VSCODE_GIT_IPC_HANDLE', '/tmp/vscode-git-b0d69a0cdc.sock'), ('TERM_PROGRAM', 'vscode'), ('SSH_AUTH_SOCK', '/tmp/vscode-ssh-auth-2fd6cb4c-da3f-44d4-8ed6-b0e9c79b8520.sock'), ('AMENT_PREFIX_PATH', '/opt/ros/humble'), ('REMOTE_CONTAINERS_DISPLAY_SOCK', '/tmp/.X11-unix/X10'), ('SHELL', '/bin/bash'), ('VSCODE_GIT_ASKPASS_EXTRA_ARGS', ''), ('PWD', '/SLAM/ros_ws/build/sllidar_ros2'), ('LC_ALL', 'C.UTF-8'), ('PYTHONPATH', '/opt/ros/humble/lib/python3.10/site-packages:/opt/ros/humble/local/lib/python3.10/dist-packages'), ('COLCON', '1'), ('CMAKE_PREFIX_PATH', '/opt/ros/humble')]), 'shell': False}
[0.892043] (sllidar_ros2) StdoutLine: {'line': b'-- Install configuration: ""\n'}
[0.892438] (sllidar_ros2) StdoutLine: {'line': b'-- Execute custom install script\n'}
[0.893032] (sllidar_ros2) StdoutLine: {'line': b'-- Up-to-date symlink: /SLAM/ros_ws/install/sllidar_ros2/share/sllidar_ros2/launch/sllidar_a1_launch.py\n'}
[0.893135] (sllidar_ros2) StdoutLine: {'line': b'-- Up-to-date symlink: /SLAM/ros_ws/install/sllidar_ros2/share/sllidar_ros2/launch/sllidar_a2m12_launch .py\n'}
[0.893227] (sllidar_ros2) StdoutLine: {'line': b'-- Up-to-date symlink: /SLAM/ros_ws/install/sllidar_ros2/share/sllidar_ros2/launch/sllidar_a2m7_launch.py\n'}
[0.893316] (sllidar_ros2) StdoutLine: {'line': b'-- Up-to-date symlink: /SLAM/ros_ws/install/sllidar_ros2/share/sllidar_ros2/launch/sllidar_a2m8_launch.py\n'}
[0.893409] (sllidar_ros2) StdoutLine: {'line': b'-- Up-to-date symlink: /SLAM/ros_ws/install/sllidar_ros2/share/sllidar_ros2/launch/sllidar_a3_launch.py\n'}
[0.893499] (sllidar_ros2) StdoutLine: {'line': b'-- Up-to-date symlink: /SLAM/ros_ws/install/sllidar_ros2/share/sllidar_ros2/launch/sllidar_c1_launch.py\n'}
[0.893584] (sllidar_ros2) StdoutLine: {'line': b'-- Up-to-date symlink: /SLAM/ros_ws/install/sllidar_ros2/share/sllidar_ros2/launch/sllidar_s1_launch.py\n'}
[0.893674] (sllidar_ros2) StdoutLine: {'line': b'-- Up-to-date symlink: /SLAM/ros_ws/install/sllidar_ros2/share/sllidar_ros2/launch/sllidar_s1_tcp_launch.py\n'}
[0.893763] (sllidar_ros2) StdoutLine: {'line': b'-- Up-to-date symlink: /SLAM/ros_ws/install/sllidar_ros2/share/sllidar_ros2/launch/sllidar_s2_launch.py\n'}
[0.893852] (sllidar_ros2) StdoutLine: {'line': b'-- Up-to-date symlink: /SLAM/ros_ws/install/sllidar_ros2/share/sllidar_ros2/launch/sllidar_s2e_launch.py\n'}
[0.893955] (sllidar_ros2) StdoutLine: {'line': b'-- Up-to-date symlink: /SLAM/ros_ws/install/sllidar_ros2/share/sllidar_ros2/launch/sllidar_s3_launch.py\n'}
[0.894042] (sllidar_ros2) StdoutLine: {'line': b'-- Up-to-date symlink: /SLAM/ros_ws/install/sllidar_ros2/share/sllidar_ros2/launch/sllidar_t1_launch.py\n'}
[0.894131] (sllidar_ros2) StdoutLine: {'line': b'-- Up-to-date symlink: /SLAM/ros_ws/install/sllidar_ros2/share/sllidar_ros2/launch/view_sllidar_a1_launch.py\n'}
[0.894220] (sllidar_ros2) StdoutLine: {'line': b'-- Up-to-date symlink: /SLAM/ros_ws/install/sllidar_ros2/share/sllidar_ros2/launch/view_sllidar_a2m12_launch.py\n'}
[0.894349] (sllidar_ros2) StdoutLine: {'line': b'-- Up-to-date symlink: /SLAM/ros_ws/install/sllidar_ros2/share/sllidar_ros2/launch/view_sllidar_a2m7_launch.py\n'}
[0.894456] (sllidar_ros2) StdoutLine: {'line': b'-- Up-to-date symlink: /SLAM/ros_ws/install/sllidar_ros2/share/sllidar_ros2/launch/view_sllidar_a2m8_launch.py\n'}
[0.894554] (sllidar_ros2) StdoutLine: {'line': b'-- Up-to-date symlink: /SLAM/ros_ws/install/sllidar_ros2/share/sllidar_ros2/launch/view_sllidar_a3_launch.py\n'}
[0.894651] (sllidar_ros2) StdoutLine: {'line': b'-- Up-to-date symlink: /SLAM/ros_ws/install/sllidar_ros2/share/sllidar_ros2/launch/view_sllidar_c1_launch.py\n'}
[0.894747] (sllidar_ros2) StdoutLine: {'line': b'-- Up-to-date symlink: /SLAM/ros_ws/install/sllidar_ros2/share/sllidar_ros2/launch/view_sllidar_s1_launch.py\n'}
[0.894843] (sllidar_ros2) StdoutLine: {'line': b'-- Up-to-date symlink: /SLAM/ros_ws/install/sllidar_ros2/share/sllidar_ros2/launch/view_sllidar_s1_tcp_launch.py\n'}
[0.894953] (sllidar_ros2) StdoutLine: {'line': b'-- Up-to-date symlink: /SLAM/ros_ws/install/sllidar_ros2/share/sllidar_ros2/launch/view_sllidar_s2_launch.py\n'}
[0.895049] (sllidar_ros2) StdoutLine: {'line': b'-- Up-to-date symlink: /SLAM/ros_ws/install/sllidar_ros2/share/sllidar_ros2/launch/view_sllidar_s2e_launch.py\n'}
[0.895144] (sllidar_ros2) StdoutLine: {'line': b'-- Up-to-date symlink: /SLAM/ros_ws/install/sllidar_ros2/share/sllidar_ros2/launch/view_sllidar_s3_launch.py\n'}
[0.895240] (sllidar_ros2) StdoutLine: {'line': b'-- Up-to-date symlink: /SLAM/ros_ws/install/sllidar_ros2/share/sllidar_ros2/launch/view_sllidar_t1_launch.py\n'}
[0.895433] (sllidar_ros2) StdoutLine: {'line': b'-- Up-to-date symlink: /SLAM/ros_ws/install/sllidar_ros2/share/sllidar_ros2/rviz/sllidar_ros2.rviz\n'}
[0.895638] (sllidar_ros2) StdoutLine: {'line': b'-- Up-to-date symlink: /SLAM/ros_ws/install/sllidar_ros2/lib/sllidar_ros2/sllidar_node\n'}
[0.895762] (sllidar_ros2) StdoutLine: {'line': b'-- Up-to-date symlink: /SLAM/ros_ws/install/sllidar_ros2/lib/sllidar_ros2/sllidar_client\n'}
[0.895919] (sllidar_ros2) StdoutLine: {'line': b'-- Up-to-date symlink: /SLAM/ros_ws/install/sllidar_ros2/share/ament_index/resource_index/package_run_dependencies/sllidar_ros2\n'}
[0.896064] (sllidar_ros2) StdoutLine: {'line': b'-- Up-to-date symlink: /SLAM/ros_ws/install/sllidar_ros2/share/ament_index/resource_index/parent_prefix_path/sllidar_ros2\n'}
[0.896217] (sllidar_ros2) StdoutLine: {'line': b'-- Up-to-date symlink: /SLAM/ros_ws/install/sllidar_ros2/share/sllidar_ros2/environment/ament_prefix_path.sh\n'}
[0.896346] (sllidar_ros2) StdoutLine: {'line': b'-- Up-to-date symlink: /SLAM/ros_ws/install/sllidar_ros2/share/sllidar_ros2/environment/ament_prefix_path.dsv\n'}
[0.896492] (sllidar_ros2) StdoutLine: {'line': b'-- Up-to-date symlink: /SLAM/ros_ws/install/sllidar_ros2/share/sllidar_ros2/environment/path.sh\n'}
[0.896619] (sllidar_ros2) StdoutLine: {'line': b'-- Up-to-date symlink: /SLAM/ros_ws/install/sllidar_ros2/share/sllidar_ros2/environment/path.dsv\n'}
[0.896743] (sllidar_ros2) StdoutLine: {'line': b'-- Up-to-date symlink: /SLAM/ros_ws/install/sllidar_ros2/share/sllidar_ros2/local_setup.bash\n'}
[0.896866] (sllidar_ros2) StdoutLine: {'line': b'-- Up-to-date symlink: /SLAM/ros_ws/install/sllidar_ros2/share/sllidar_ros2/local_setup.sh\n'}
[0.896990] (sllidar_ros2) StdoutLine: {'line': b'-- Up-to-date symlink: /SLAM/ros_ws/install/sllidar_ros2/share/sllidar_ros2/local_setup.zsh\n'}
[0.897113] (sllidar_ros2) StdoutLine: {'line': b'-- Up-to-date symlink: /SLAM/ros_ws/install/sllidar_ros2/share/sllidar_ros2/local_setup.dsv\n'}
[0.897204] (sllidar_ros2) StdoutLine: {'line': b'-- Symlinking: /SLAM/ros_ws/install/sllidar_ros2/share/sllidar_ros2/package.dsv\n'}
[0.900794] (-) TimerEvent: {}
[0.905498] (sllidar_ros2) StdoutLine: {'line': b'-- Up-to-date symlink: /SLAM/ros_ws/install/sllidar_ros2/share/ament_index/resource_index/packages/sllidar_ros2\n'}
[0.905655] (sllidar_ros2) StdoutLine: {'line': b'-- Up-to-date symlink: /SLAM/ros_ws/install/sllidar_ros2/share/sllidar_ros2/cmake/ament_cmake_export_dependencies-extras.cmake\n'}
[0.905811] (sllidar_ros2) StdoutLine: {'line': b'-- Up-to-date symlink: /SLAM/ros_ws/install/sllidar_ros2/share/sllidar_ros2/cmake/ament_cmake_export_include_directories-extras.cmake\n'}
[0.905966] (sllidar_ros2) StdoutLine: {'line': b'-- Up-to-date symlink: /SLAM/ros_ws/install/sllidar_ros2/share/sllidar_ros2/cmake/sllidar_ros2Config.cmake\n'}
[0.906087] (sllidar_ros2) StdoutLine: {'line': b'-- Up-to-date symlink: /SLAM/ros_ws/install/sllidar_ros2/share/sllidar_ros2/cmake/sllidar_ros2Config-version.cmake\n'}
[0.906230] (sllidar_ros2) StdoutLine: {'line': b'-- Up-to-date symlink: /SLAM/ros_ws/install/sllidar_ros2/share/sllidar_ros2/package.xml\n'}
[0.908198] (sllidar_ros2) CommandEnded: {'returncode': 0}
[1.000891] (-) TimerEvent: {}
[1.062727] (sllidar_ros2) JobEnded: {'identifier': 'sllidar_ros2', 'rc': 0}
[1.063303] (-) EventReactorShutdown: {}
