[0.205s] Invoking command in '/SLAM/ros_ws/build/image_proc': CMAKE_PREFIX_PATH=/SLAM/ros_ws/install/tracetools_image_pipeline:/SLAM/ros_ws/install/image_pipeline:/SLAM/ros_ws/install/stereo_image_proc:/SLAM/ros_ws/install/image_proc:/SLAM/ros_ws/install/sllidar_ros2:/SLAM/ros_ws/install/orbbec_description:/SLAM/ros_ws/install/orbbec_camera:/SLAM/ros_ws/install/orbbec_camera_msgs:/SLAM/ros_ws/install/magic_enum:/SLAM/ros_ws/install/libuvc:/SLAM/ros_ws/install/image_view:/SLAM/ros_ws/install/image_rotate:/SLAM/ros_ws/install/astra_camera:/SLAM/ros_ws/install/image_publisher:/SLAM/ros_ws/install/glog:/SLAM/ros_ws/install/depth_image_proc:/SLAM/ros_ws/install/astra_camera_msgs:/SLAM/ros_ws/install/camera_calibration:/opt/ros/humble LD_LIBRARY_PATH=/SLAM/ros_ws/install/tracetools_image_pipeline/lib:/SLAM/ros_ws/install/stereo_image_proc/lib:/SLAM/ros_ws/install/image_proc/lib:/SLAM/ros_ws/install/orbbec_camera/lib:/SLAM/ros_ws/install/orbbec_camera_msgs/lib:/SLAM/ros_ws/install/libuvc/lib:/SLAM/ros_ws/install/image_view/lib:/SLAM/ros_ws/install/image_rotate/lib:/SLAM/ros_ws/install/astra_camera/lib:/SLAM/ros_ws/install/image_publisher/lib:/SLAM/ros_ws/install/glog/lib:/SLAM/ros_ws/install/depth_image_proc/lib:/SLAM/ros_ws/install/astra_camera_msgs/lib:/opt/ros/humble/opt/rviz_ogre_vendor/lib:/opt/ros/humble/lib/x86_64-linux-gnu:/opt/ros/humble/lib /usr/bin/cmake --build /SLAM/ros_ws/build/image_proc -- -j16 -l16
[0.266s] [ 13%] Built target image_proc
[0.305s] [ 26%] Built target rectify
[0.342s] [ 46%] Built target debayer
[0.377s] [ 60%] Built target resize
[0.416s] [ 73%] Built target crop_decimate
[0.452s] [ 86%] Built target crop_non_zero
[0.487s] [100%] Built target image_proc_exe
[0.724s] Invoked command in '/SLAM/ros_ws/build/image_proc' returned '0': CMAKE_PREFIX_PATH=/SLAM/ros_ws/install/tracetools_image_pipeline:/SLAM/ros_ws/install/image_pipeline:/SLAM/ros_ws/install/stereo_image_proc:/SLAM/ros_ws/install/image_proc:/SLAM/ros_ws/install/sllidar_ros2:/SLAM/ros_ws/install/orbbec_description:/SLAM/ros_ws/install/orbbec_camera:/SLAM/ros_ws/install/orbbec_camera_msgs:/SLAM/ros_ws/install/magic_enum:/SLAM/ros_ws/install/libuvc:/SLAM/ros_ws/install/image_view:/SLAM/ros_ws/install/image_rotate:/SLAM/ros_ws/install/astra_camera:/SLAM/ros_ws/install/image_publisher:/SLAM/ros_ws/install/glog:/SLAM/ros_ws/install/depth_image_proc:/SLAM/ros_ws/install/astra_camera_msgs:/SLAM/ros_ws/install/camera_calibration:/opt/ros/humble LD_LIBRARY_PATH=/SLAM/ros_ws/install/tracetools_image_pipeline/lib:/SLAM/ros_ws/install/stereo_image_proc/lib:/SLAM/ros_ws/install/image_proc/lib:/SLAM/ros_ws/install/orbbec_camera/lib:/SLAM/ros_ws/install/orbbec_camera_msgs/lib:/SLAM/ros_ws/install/libuvc/lib:/SLAM/ros_ws/install/image_view/lib:/SLAM/ros_ws/install/image_rotate/lib:/SLAM/ros_ws/install/astra_camera/lib:/SLAM/ros_ws/install/image_publisher/lib:/SLAM/ros_ws/install/glog/lib:/SLAM/ros_ws/install/depth_image_proc/lib:/SLAM/ros_ws/install/astra_camera_msgs/lib:/opt/ros/humble/opt/rviz_ogre_vendor/lib:/opt/ros/humble/lib/x86_64-linux-gnu:/opt/ros/humble/lib /usr/bin/cmake --build /SLAM/ros_ws/build/image_proc -- -j16 -l16
[0.930s] Invoking command in '/SLAM/ros_ws/build/image_proc': CMAKE_PREFIX_PATH=/SLAM/ros_ws/install/tracetools_image_pipeline:/SLAM/ros_ws/install/image_pipeline:/SLAM/ros_ws/install/stereo_image_proc:/SLAM/ros_ws/install/image_proc:/SLAM/ros_ws/install/sllidar_ros2:/SLAM/ros_ws/install/orbbec_description:/SLAM/ros_ws/install/orbbec_camera:/SLAM/ros_ws/install/orbbec_camera_msgs:/SLAM/ros_ws/install/magic_enum:/SLAM/ros_ws/install/libuvc:/SLAM/ros_ws/install/image_view:/SLAM/ros_ws/install/image_rotate:/SLAM/ros_ws/install/astra_camera:/SLAM/ros_ws/install/image_publisher:/SLAM/ros_ws/install/glog:/SLAM/ros_ws/install/depth_image_proc:/SLAM/ros_ws/install/astra_camera_msgs:/SLAM/ros_ws/install/camera_calibration:/opt/ros/humble LD_LIBRARY_PATH=/SLAM/ros_ws/install/tracetools_image_pipeline/lib:/SLAM/ros_ws/install/stereo_image_proc/lib:/SLAM/ros_ws/install/image_proc/lib:/SLAM/ros_ws/install/orbbec_camera/lib:/SLAM/ros_ws/install/orbbec_camera_msgs/lib:/SLAM/ros_ws/install/libuvc/lib:/SLAM/ros_ws/install/image_view/lib:/SLAM/ros_ws/install/image_rotate/lib:/SLAM/ros_ws/install/astra_camera/lib:/SLAM/ros_ws/install/image_publisher/lib:/SLAM/ros_ws/install/glog/lib:/SLAM/ros_ws/install/depth_image_proc/lib:/SLAM/ros_ws/install/astra_camera_msgs/lib:/opt/ros/humble/opt/rviz_ogre_vendor/lib:/opt/ros/humble/lib/x86_64-linux-gnu:/opt/ros/humble/lib /usr/bin/cmake --install /SLAM/ros_ws/build/image_proc
[0.940s] -- Install configuration: "Release"
[0.941s] -- Up-to-date: /SLAM/ros_ws/install/image_proc/bin/image_proc
[0.941s] -- Up-to-date: /SLAM/ros_ws/install/image_proc/include
[0.941s] -- Up-to-date: /SLAM/ros_ws/install/image_proc/include/image_proc
[0.942s] -- Up-to-date: /SLAM/ros_ws/install/image_proc/include/image_proc/edge_aware.hpp
[0.942s] -- Up-to-date: /SLAM/ros_ws/install/image_proc/include/image_proc/processor.hpp
[0.942s] -- Up-to-date: /SLAM/ros_ws/install/image_proc/include/image_proc/crop_decimate.hpp
[0.943s] -- Up-to-date: /SLAM/ros_ws/install/image_proc/include/image_proc/debayer.hpp
[0.943s] -- Up-to-date: /SLAM/ros_ws/install/image_proc/include/image_proc/resize.hpp
[0.943s] -- Up-to-date: /SLAM/ros_ws/install/image_proc/include/image_proc/crop_non_zero.hpp
[0.943s] -- Up-to-date: /SLAM/ros_ws/install/image_proc/include/image_proc/rectify.hpp
[0.944s] -- Up-to-date: /SLAM/ros_ws/install/image_proc/include/image_proc/utils.hpp
[0.944s] -- Up-to-date: /SLAM/ros_ws/install/image_proc/share/image_proc/environment/library_path.sh
[0.944s] -- Up-to-date: /SLAM/ros_ws/install/image_proc/share/image_proc/environment/library_path.dsv
[0.945s] -- Up-to-date: /SLAM/ros_ws/install/image_proc/lib/libimage_proc.so
[0.945s] -- Up-to-date: /SLAM/ros_ws/install/image_proc/lib/librectify.so
[0.945s] -- Up-to-date: /SLAM/ros_ws/install/image_proc/lib/libdebayer.so
[0.946s] -- Up-to-date: /SLAM/ros_ws/install/image_proc/lib/libresize.so
[0.946s] -- Up-to-date: /SLAM/ros_ws/install/image_proc/lib/libcrop_decimate.so
[0.946s] -- Up-to-date: /SLAM/ros_ws/install/image_proc/lib/libcrop_non_zero.so
[0.946s] -- Up-to-date: /SLAM/ros_ws/install/image_proc/lib/image_proc/image_proc
[0.946s] -- Up-to-date: /SLAM/ros_ws/install/image_proc/share/image_proc/launch
[0.947s] -- Up-to-date: /SLAM/ros_ws/install/image_proc/share/image_proc/launch/image_proc.launch.py
[0.947s] -- Up-to-date: /SLAM/ros_ws/install/image_proc/share/ament_index/resource_index/package_run_dependencies/image_proc
[0.947s] -- Up-to-date: /SLAM/ros_ws/install/image_proc/share/ament_index/resource_index/parent_prefix_path/image_proc
[0.947s] -- Up-to-date: /SLAM/ros_ws/install/image_proc/share/image_proc/environment/ament_prefix_path.sh
[0.947s] -- Up-to-date: /SLAM/ros_ws/install/image_proc/share/image_proc/environment/ament_prefix_path.dsv
[0.948s] -- Up-to-date: /SLAM/ros_ws/install/image_proc/share/image_proc/environment/path.sh
[0.948s] -- Up-to-date: /SLAM/ros_ws/install/image_proc/share/image_proc/environment/path.dsv
[0.948s] -- Up-to-date: /SLAM/ros_ws/install/image_proc/share/image_proc/local_setup.bash
[0.948s] -- Up-to-date: /SLAM/ros_ws/install/image_proc/share/image_proc/local_setup.sh
[0.949s] -- Up-to-date: /SLAM/ros_ws/install/image_proc/share/image_proc/local_setup.zsh
[0.949s] -- Up-to-date: /SLAM/ros_ws/install/image_proc/share/image_proc/local_setup.dsv
[0.949s] -- Installing: /SLAM/ros_ws/install/image_proc/share/image_proc/package.dsv
[0.950s] -- Up-to-date: /SLAM/ros_ws/install/image_proc/share/ament_index/resource_index/packages/image_proc
[0.950s] -- Up-to-date: /SLAM/ros_ws/install/image_proc/share/ament_index/resource_index/rclcpp_components/image_proc
[0.950s] -- Up-to-date: /SLAM/ros_ws/install/image_proc/share/image_proc/cmake/ament_cmake_export_dependencies-extras.cmake
[0.952s] -- Up-to-date: /SLAM/ros_ws/install/image_proc/share/image_proc/cmake/ament_cmake_export_include_directories-extras.cmake
[0.952s] -- Up-to-date: /SLAM/ros_ws/install/image_proc/share/image_proc/cmake/ament_cmake_export_libraries-extras.cmake
[0.953s] -- Up-to-date: /SLAM/ros_ws/install/image_proc/share/image_proc/cmake/image_procConfig.cmake
[0.953s] -- Up-to-date: /SLAM/ros_ws/install/image_proc/share/image_proc/cmake/image_procConfig-version.cmake
[0.953s] -- Up-to-date: /SLAM/ros_ws/install/image_proc/share/image_proc/package.xml
[1.000s] Invoked command in '/SLAM/ros_ws/build/image_proc' returned '0': CMAKE_PREFIX_PATH=/SLAM/ros_ws/install/tracetools_image_pipeline:/SLAM/ros_ws/install/image_pipeline:/SLAM/ros_ws/install/stereo_image_proc:/SLAM/ros_ws/install/image_proc:/SLAM/ros_ws/install/sllidar_ros2:/SLAM/ros_ws/install/orbbec_description:/SLAM/ros_ws/install/orbbec_camera:/SLAM/ros_ws/install/orbbec_camera_msgs:/SLAM/ros_ws/install/magic_enum:/SLAM/ros_ws/install/libuvc:/SLAM/ros_ws/install/image_view:/SLAM/ros_ws/install/image_rotate:/SLAM/ros_ws/install/astra_camera:/SLAM/ros_ws/install/image_publisher:/SLAM/ros_ws/install/glog:/SLAM/ros_ws/install/depth_image_proc:/SLAM/ros_ws/install/astra_camera_msgs:/SLAM/ros_ws/install/camera_calibration:/opt/ros/humble LD_LIBRARY_PATH=/SLAM/ros_ws/install/tracetools_image_pipeline/lib:/SLAM/ros_ws/install/stereo_image_proc/lib:/SLAM/ros_ws/install/image_proc/lib:/SLAM/ros_ws/install/orbbec_camera/lib:/SLAM/ros_ws/install/orbbec_camera_msgs/lib:/SLAM/ros_ws/install/libuvc/lib:/SLAM/ros_ws/install/image_view/lib:/SLAM/ros_ws/install/image_rotate/lib:/SLAM/ros_ws/install/astra_camera/lib:/SLAM/ros_ws/install/image_publisher/lib:/SLAM/ros_ws/install/glog/lib:/SLAM/ros_ws/install/depth_image_proc/lib:/SLAM/ros_ws/install/astra_camera_msgs/lib:/opt/ros/humble/opt/rviz_ogre_vendor/lib:/opt/ros/humble/lib/x86_64-linux-gnu:/opt/ros/humble/lib /usr/bin/cmake --install /SLAM/ros_ws/build/image_proc
