[0.573s] Invoking command in '/SLAM/ros_ws/build/image_publisher': CMAKE_PREFIX_PATH=${CMAKE_PREFIX_PATH}:/SLAM/ros_ws/install/camera_calibration:/opt/ros/humble /usr/bin/cmake --build /SLAM/ros_ws/build/image_publisher -- -j16 -l16
[0.903s] -- Found ament_cmake_auto: 1.3.6 (/opt/ros/humble/share/ament_cmake_auto/cmake)
[0.903s] -- Found rosidl_generator_c: 3.1.5 (/opt/ros/humble/share/rosidl_generator_c/cmake)
[0.904s] -- Found rosidl_adapter: 3.1.5 (/opt/ros/humble/share/rosidl_adapter/cmake)
[0.904s] -- Found rosidl_generator_cpp: 3.1.5 (/opt/ros/humble/share/rosidl_generator_cpp/cmake)
[0.905s] -- Using all available rosidl_typesupport_c: rosidl_typesupport_fastrtps_c;rosidl_typesupport_introspection_c
[0.906s] -- Using all available rosidl_typesupport_cpp: rosidl_typesupport_fastrtps_cpp;rosidl_typesupport_introspection_cpp
[0.944s] -- Found rmw_implementation_cmake: 6.1.1 (/opt/ros/humble/share/rmw_implementation_cmake/cmake)
[0.946s] -- Found rmw_fastrtps_cpp: 6.2.5 (/opt/ros/humble/share/rmw_fastrtps_cpp/cmake)
[1.231s] -- Using RMW implementation 'rmw_fastrtps_cpp' as default
[1.704s] -- opencv version 4.5.4
[1.711s] -- Found ament_lint_auto: 0.12.9 (/opt/ros/humble/share/ament_lint_auto/cmake)
[1.721s] -- Added test 'copyright' to check source files copyright and LICENSE
[1.722s] -- Added test 'cppcheck' to perform static code analysis on C / C++ code
[1.723s] -- Configured cppcheck include dirs: /SLAM/ros_ws/src/image_pipeline/image_publisher/include
[1.723s] -- Configured cppcheck exclude dirs and/or files: 
[1.724s] -- Added test 'cpplint' to check C / C++ code against the Google style
[1.725s] -- Configured cpplint exclude dirs and/or files: 
[1.725s] -- Added test 'flake8' to check Python code syntax and style conventions
[1.725s] -- Added test 'lint_cmake' to check CMake code style
[1.725s] -- Added test 'pep257' to check Python code against some of the docstring style conventions in PEP 257
[1.726s] -- Added test 'uncrustify' to check C / C++ code style
[1.727s] -- Configured uncrustify additional arguments: 
[1.728s] -- Added test 'xmllint' to check XML markup files
[1.730s] -- Configuring done
[1.756s] -- Generating done
[1.758s] -- Build files have been written to: /SLAM/ros_ws/build/image_publisher
[1.794s] [35m[1mConsolidate compiler generated dependencies of target image_publisher[0m
[1.824s] [ 25%] [32mBuilding CXX object CMakeFiles/image_publisher.dir/src/image_publisher.cpp.o[0m
[13.233s] [ 50%] [32m[1mLinking CXX shared library libimage_publisher.so[0m
[13.864s] [ 50%] Built target image_publisher
[13.949s] [35m[1mConsolidate compiler generated dependencies of target image_publisher_node[0m
[14.076s] [ 75%] [32mBuilding CXX object CMakeFiles/image_publisher_node.dir/src/image_publisher_node.cpp.o[0m
[20.558s] [100%] [32m[1mLinking CXX executable image_publisher_node[0m
[21.508s] [100%] Built target image_publisher_node
[21.532s] Invoked command in '/SLAM/ros_ws/build/image_publisher' returned '0': CMAKE_PREFIX_PATH=${CMAKE_PREFIX_PATH}:/SLAM/ros_ws/install/camera_calibration:/opt/ros/humble /usr/bin/cmake --build /SLAM/ros_ws/build/image_publisher -- -j16 -l16
[21.593s] Invoking command in '/SLAM/ros_ws/build/image_publisher': CMAKE_PREFIX_PATH=${CMAKE_PREFIX_PATH}:/SLAM/ros_ws/install/camera_calibration:/opt/ros/humble /usr/bin/cmake --install /SLAM/ros_ws/build/image_publisher
[21.609s] -- Install configuration: "Release"
[21.609s] -- Up-to-date: /SLAM/ros_ws/install/image_publisher/include
[21.609s] -- Up-to-date: /SLAM/ros_ws/install/image_publisher/include/image_publisher
[21.609s] -- Installing: /SLAM/ros_ws/install/image_publisher/include/image_publisher/image_publisher.hpp
[21.610s] -- Installing: /SLAM/ros_ws/install/image_publisher/include/image_publisher/visibility.h
[21.611s] -- Up-to-date: /SLAM/ros_ws/install/image_publisher/share/image_publisher/environment/library_path.sh
[21.611s] -- Installing: /SLAM/ros_ws/install/image_publisher/share/image_publisher/environment/library_path.dsv
[21.611s] -- Installing: /SLAM/ros_ws/install/image_publisher/lib/libimage_publisher.so
[21.613s] -- Set runtime path of "/SLAM/ros_ws/install/image_publisher/lib/libimage_publisher.so" to ""
[21.613s] -- Installing: /SLAM/ros_ws/install/image_publisher/lib/image_publisher/image_publisher_node
[21.614s] -- Set runtime path of "/SLAM/ros_ws/install/image_publisher/lib/image_publisher/image_publisher_node" to ""
[21.614s] -- Up-to-date: /SLAM/ros_ws/install/image_publisher/share/image_publisher/launch
[21.614s] -- Installing: /SLAM/ros_ws/install/image_publisher/share/image_publisher/launch/splash.png
[21.615s] -- Installing: /SLAM/ros_ws/install/image_publisher/share/image_publisher/launch/image_publisher_file.launch.py
[21.615s] -- Installing: /SLAM/ros_ws/install/image_publisher/share/image_publisher/launch/image_publisher_mono.launch.py
[21.616s] -- Installing: /SLAM/ros_ws/install/image_publisher/share/image_publisher/launch/image_publisher_stereo.launch.py
[21.617s] -- Up-to-date: /SLAM/ros_ws/install/image_publisher/share/ament_index/resource_index/package_run_dependencies/image_publisher
[21.618s] -- Up-to-date: /SLAM/ros_ws/install/image_publisher/share/ament_index/resource_index/parent_prefix_path/image_publisher
[21.618s] -- Up-to-date: /SLAM/ros_ws/install/image_publisher/share/image_publisher/environment/ament_prefix_path.sh
[21.618s] -- Installing: /SLAM/ros_ws/install/image_publisher/share/image_publisher/environment/ament_prefix_path.dsv
[21.619s] -- Up-to-date: /SLAM/ros_ws/install/image_publisher/share/image_publisher/environment/path.sh
[21.619s] -- Installing: /SLAM/ros_ws/install/image_publisher/share/image_publisher/environment/path.dsv
[21.619s] -- Up-to-date: /SLAM/ros_ws/install/image_publisher/share/image_publisher/local_setup.bash
[21.619s] -- Up-to-date: /SLAM/ros_ws/install/image_publisher/share/image_publisher/local_setup.sh
[21.620s] -- Up-to-date: /SLAM/ros_ws/install/image_publisher/share/image_publisher/local_setup.zsh
[21.620s] -- Installing: /SLAM/ros_ws/install/image_publisher/share/image_publisher/local_setup.dsv
[21.620s] -- Installing: /SLAM/ros_ws/install/image_publisher/share/image_publisher/package.dsv
[21.621s] -- Up-to-date: /SLAM/ros_ws/install/image_publisher/share/ament_index/resource_index/packages/image_publisher
[21.621s] -- Up-to-date: /SLAM/ros_ws/install/image_publisher/share/ament_index/resource_index/rclcpp_components/image_publisher
[21.621s] -- Up-to-date: /SLAM/ros_ws/install/image_publisher/share/image_publisher/cmake/ament_cmake_export_dependencies-extras.cmake
[21.622s] -- Up-to-date: /SLAM/ros_ws/install/image_publisher/share/image_publisher/cmake/ament_cmake_export_include_directories-extras.cmake
[21.622s] -- Up-to-date: /SLAM/ros_ws/install/image_publisher/share/image_publisher/cmake/ament_cmake_export_libraries-extras.cmake
[21.622s] -- Up-to-date: /SLAM/ros_ws/install/image_publisher/share/image_publisher/cmake/image_publisherConfig.cmake
[21.622s] -- Up-to-date: /SLAM/ros_ws/install/image_publisher/share/image_publisher/cmake/image_publisherConfig-version.cmake
[21.622s] -- Installing: /SLAM/ros_ws/install/image_publisher/share/image_publisher/package.xml
[21.627s] Invoked command in '/SLAM/ros_ws/build/image_publisher' returned '0': CMAKE_PREFIX_PATH=${CMAKE_PREFIX_PATH}:/SLAM/ros_ws/install/camera_calibration:/opt/ros/humble /usr/bin/cmake --install /SLAM/ros_ws/build/image_publisher
