[0.085s] Invoking command in '/SLAM/ros_ws/build/orbbec_camera': AMENT_PREFIX_PATH=/SLAM/ros_ws/install/orbbec_camera_msgs:/SLAM/ros_ws/install/image_publisher:${AMENT_PREFIX_PATH} CMAKE_PREFIX_PATH=/SLAM/ros_ws/install/orbbec_camera_msgs:/SLAM/ros_ws/install/image_publisher:/opt/ros/humble LD_LIBRARY_PATH=/SLAM/ros_ws/install/orbbec_camera_msgs/lib:/SLAM/ros_ws/install/image_publisher/lib:${LD_LIBRARY_PATH} PYTHONPATH=/SLAM/ros_ws/install/orbbec_camera_msgs/local/lib/python3.10/dist-packages:${PYTHONPATH} /usr/bin/cmake /SLAM/ros_ws/src/OrbbecSDK_ROS2/orbbec_camera -DCMAKE_BUILD_TYPE=Release -DCMAKE_INSTALL_PREFIX=/SLAM/ros_ws/install/orbbec_camera
[0.108s] -- Found ament_cmake: 1.3.6 (/opt/ros/humble/share/ament_cmake/cmake)
[0.383s] -- Found ament_index_cpp: 1.4.0 (/opt/ros/humble/share/ament_index_cpp/cmake)
[0.386s] -- Found builtin_interfaces: 1.2.1 (/opt/ros/humble/share/builtin_interfaces/cmake)
[0.442s] -- Found rosidl_generator_c: 3.1.5 (/opt/ros/humble/share/rosidl_generator_c/cmake)
[0.448s] -- Found rosidl_adapter: 3.1.5 (/opt/ros/humble/share/rosidl_adapter/cmake)
[0.471s] -- Found rosidl_generator_cpp: 3.1.5 (/opt/ros/humble/share/rosidl_generator_cpp/cmake)
[0.492s] -- Using all available rosidl_typesupport_c: rosidl_typesupport_fastrtps_c;rosidl_typesupport_introspection_c
[0.525s] -- Using all available rosidl_typesupport_cpp: rosidl_typesupport_fastrtps_cpp;rosidl_typesupport_introspection_cpp
[0.546s] -- Found cv_bridge: 3.2.1 (/opt/ros/humble/share/cv_bridge/cmake)
[0.900s] -- Found camera_info_manager: 3.1.7 (/opt/ros/humble/share/camera_info_manager/cmake)
[0.984s] -- Found rmw_implementation_cmake: 6.1.1 (/opt/ros/humble/share/rmw_implementation_cmake/cmake)
[0.986s] -- Found rmw_fastrtps_cpp: 6.2.5 (/opt/ros/humble/share/rmw_fastrtps_cpp/cmake)
[1.185s] -- Using RMW implementation 'rmw_fastrtps_cpp' as default
[1.416s] -- Found image_transport: 3.1.7 (/opt/ros/humble/share/image_transport/cmake)
[1.482s] -- Found image_publisher: 3.0.0 (/opt/ros/humble/share/image_publisher/cmake)
[1.614s] -- Found orbbec_camera_msgs: 1.2.2 (/SLAM/ros_ws/install/orbbec_camera_msgs/share/orbbec_camera_msgs/cmake)
[1.755s] -- Found std_srvs: 4.2.3 (/opt/ros/humble/share/std_srvs/cmake)
[1.787s] -- Found tf2: 0.25.5 (/opt/ros/humble/share/tf2/cmake)
[1.802s] -- Found tf2_eigen: 0.25.5 (/opt/ros/humble/share/tf2_eigen/cmake)
[2.248s] -- Found tf2_sensor_msgs: 0.25.5 (/opt/ros/humble/share/tf2_sensor_msgs/cmake)
[2.297s] -- ORRBEC Machine : x86_64
[2.297s] 
[2.297s] -- ORRBEC Machine Bits : 64
[2.297s] 
[2.778s] -- Found ament_lint_auto: 0.12.9 (/opt/ros/humble/share/ament_lint_auto/cmake)
[2.938s] -- Configuring done
[3.119s] -- Generating done
[3.123s] -- Build files have been written to: /SLAM/ros_ws/build/orbbec_camera
[3.143s] Invoked command in '/SLAM/ros_ws/build/orbbec_camera' returned '0': AMENT_PREFIX_PATH=/SLAM/ros_ws/install/orbbec_camera_msgs:/SLAM/ros_ws/install/image_publisher:${AMENT_PREFIX_PATH} CMAKE_PREFIX_PATH=/SLAM/ros_ws/install/orbbec_camera_msgs:/SLAM/ros_ws/install/image_publisher:/opt/ros/humble LD_LIBRARY_PATH=/SLAM/ros_ws/install/orbbec_camera_msgs/lib:/SLAM/ros_ws/install/image_publisher/lib:${LD_LIBRARY_PATH} PYTHONPATH=/SLAM/ros_ws/install/orbbec_camera_msgs/local/lib/python3.10/dist-packages:${PYTHONPATH} /usr/bin/cmake /SLAM/ros_ws/src/OrbbecSDK_ROS2/orbbec_camera -DCMAKE_BUILD_TYPE=Release -DCMAKE_INSTALL_PREFIX=/SLAM/ros_ws/install/orbbec_camera
[3.150s] Invoking command in '/SLAM/ros_ws/build/orbbec_camera': AMENT_PREFIX_PATH=/SLAM/ros_ws/install/orbbec_camera_msgs:/SLAM/ros_ws/install/image_publisher:${AMENT_PREFIX_PATH} CMAKE_PREFIX_PATH=/SLAM/ros_ws/install/orbbec_camera_msgs:/SLAM/ros_ws/install/image_publisher:/opt/ros/humble LD_LIBRARY_PATH=/SLAM/ros_ws/install/orbbec_camera_msgs/lib:/SLAM/ros_ws/install/image_publisher/lib:${LD_LIBRARY_PATH} PYTHONPATH=/SLAM/ros_ws/install/orbbec_camera_msgs/local/lib/python3.10/dist-packages:${PYTHONPATH} /usr/bin/cmake --build /SLAM/ros_ws/build/orbbec_camera -- -j16 -l16
[3.235s] [35m[1mConsolidate compiler generated dependencies of target orbbec_camera_node[0m
[3.249s] [35m[1mConsolidate compiler generated dependencies of target orbbec_camera[0m
[3.280s] [ 11%] Built target orbbec_camera_node
[3.372s] [ 66%] Built target orbbec_camera
[3.403s] [35m[1mConsolidate compiler generated dependencies of target list_depth_work_mode_node[0m
[3.404s] [35m[1mConsolidate compiler generated dependencies of target list_devices_node[0m
[3.405s] [35m[1mConsolidate compiler generated dependencies of target list_camera_profile_mode_node[0m
[3.463s] [ 77%] Built target list_camera_profile_mode_node
[3.478s] [ 88%] Built target list_devices_node
[3.480s] [100%] Built target list_depth_work_mode_node
[3.514s] Invoked command in '/SLAM/ros_ws/build/orbbec_camera' returned '0': AMENT_PREFIX_PATH=/SLAM/ros_ws/install/orbbec_camera_msgs:/SLAM/ros_ws/install/image_publisher:${AMENT_PREFIX_PATH} CMAKE_PREFIX_PATH=/SLAM/ros_ws/install/orbbec_camera_msgs:/SLAM/ros_ws/install/image_publisher:/opt/ros/humble LD_LIBRARY_PATH=/SLAM/ros_ws/install/orbbec_camera_msgs/lib:/SLAM/ros_ws/install/image_publisher/lib:${LD_LIBRARY_PATH} PYTHONPATH=/SLAM/ros_ws/install/orbbec_camera_msgs/local/lib/python3.10/dist-packages:${PYTHONPATH} /usr/bin/cmake --build /SLAM/ros_ws/build/orbbec_camera -- -j16 -l16
[3.636s] Invoking command in '/SLAM/ros_ws/build/orbbec_camera': AMENT_PREFIX_PATH=/SLAM/ros_ws/install/orbbec_camera_msgs:/SLAM/ros_ws/install/image_publisher:${AMENT_PREFIX_PATH} CMAKE_PREFIX_PATH=/SLAM/ros_ws/install/orbbec_camera_msgs:/SLAM/ros_ws/install/image_publisher:/opt/ros/humble LD_LIBRARY_PATH=/SLAM/ros_ws/install/orbbec_camera_msgs/lib:/SLAM/ros_ws/install/image_publisher/lib:${LD_LIBRARY_PATH} PYTHONPATH=/SLAM/ros_ws/install/orbbec_camera_msgs/local/lib/python3.10/dist-packages:${PYTHONPATH} /usr/bin/cmake --install /SLAM/ros_ws/build/orbbec_camera
[3.650s] -- Install configuration: "Release"
[3.651s] -- Up-to-date: /SLAM/ros_ws/install/orbbec_camera/lib/orbbec_camera/orbbec_camera_node
[3.653s] -- Up-to-date: /SLAM/ros_ws/install/orbbec_camera/lib/liborbbec_camera.so
[3.663s] -- Up-to-date: /SLAM/ros_ws/install/orbbec_camera/include
[3.663s] -- Up-to-date: /SLAM/ros_ws/install/orbbec_camera/include/orbbec_camera
[3.663s] -- Up-to-date: /SLAM/ros_ws/install/orbbec_camera/include/orbbec_camera/rk_mpp_decoder.h
[3.664s] -- Up-to-date: /SLAM/ros_ws/install/orbbec_camera/include/orbbec_camera/constants.h
[3.664s] -- Up-to-date: /SLAM/ros_ws/install/orbbec_camera/include/orbbec_camera/dynamic_params.h
[3.664s] -- Up-to-date: /SLAM/ros_ws/install/orbbec_camera/include/orbbec_camera/ros_param_backend.h
[3.664s] -- Up-to-date: /SLAM/ros_ws/install/orbbec_camera/include/orbbec_camera/jetson_nv_decoder.h
[3.664s] -- Up-to-date: /SLAM/ros_ws/install/orbbec_camera/include/orbbec_camera/jpeg_decoder.h
[3.664s] -- Up-to-date: /SLAM/ros_ws/install/orbbec_camera/include/orbbec_camera/synced_imu_publisher.h
[3.664s] -- Up-to-date: /SLAM/ros_ws/install/orbbec_camera/include/orbbec_camera/utils.h
[3.664s] -- Up-to-date: /SLAM/ros_ws/install/orbbec_camera/include/orbbec_camera/ob_camera_node_driver.h
[3.665s] -- Up-to-date: /SLAM/ros_ws/install/orbbec_camera/include/orbbec_camera/d2c_viewer.h
[3.665s] -- Up-to-date: /SLAM/ros_ws/install/orbbec_camera/include/orbbec_camera/ob_camera_node.h
[3.665s] -- Up-to-date: /SLAM/ros_ws/install/orbbec_camera/include/magic_enum
[3.665s] -- Up-to-date: /SLAM/ros_ws/install/orbbec_camera/include/magic_enum/magic_enum.hpp
[3.665s] -- Up-to-date: /SLAM/ros_ws/install/orbbec_camera/share/orbbec_camera//launch
[3.666s] -- Up-to-date: /SLAM/ros_ws/install/orbbec_camera/share/orbbec_camera//launch/astra2.launch.py
[3.666s] -- Up-to-date: /SLAM/ros_ws/install/orbbec_camera/share/orbbec_camera//launch/dabai_dcw.launch.py
[3.666s] -- Up-to-date: /SLAM/ros_ws/install/orbbec_camera/share/orbbec_camera//launch/ob_camera.launch.py
[3.666s] -- Up-to-date: /SLAM/ros_ws/install/orbbec_camera/share/orbbec_camera//launch/gemini2VL.launch.py
[3.666s] -- Up-to-date: /SLAM/ros_ws/install/orbbec_camera/share/orbbec_camera//launch/gemini2XL.launch.py
[3.666s] -- Up-to-date: /SLAM/ros_ws/install/orbbec_camera/share/orbbec_camera//launch/astra_embedded_s.launch.py
[3.666s] -- Up-to-date: /SLAM/ros_ws/install/orbbec_camera/share/orbbec_camera//launch/dabai_d1.launch.py
[3.666s] -- Up-to-date: /SLAM/ros_ws/install/orbbec_camera/share/orbbec_camera//launch/dabai_dw.launch.py
[3.666s] -- Up-to-date: /SLAM/ros_ws/install/orbbec_camera/share/orbbec_camera//launch/astra_stereo_u3.launch.py
[3.667s] -- Up-to-date: /SLAM/ros_ws/install/orbbec_camera/share/orbbec_camera//launch/deeya.launch.py
[3.667s] -- Up-to-date: /SLAM/ros_ws/install/orbbec_camera/share/orbbec_camera//launch/gemini_e.launch.py
[3.667s] -- Up-to-date: /SLAM/ros_ws/install/orbbec_camera/share/orbbec_camera//launch/astra_adv.launch.py
[3.667s] -- Up-to-date: /SLAM/ros_ws/install/orbbec_camera/share/orbbec_camera//launch/dabai_max.launch.py
[3.667s] -- Up-to-date: /SLAM/ros_ws/install/orbbec_camera/share/orbbec_camera//launch/femto_mega.launch.py
[3.667s] -- Up-to-date: /SLAM/ros_ws/install/orbbec_camera/share/orbbec_camera//launch/femto_bolt.launch.py
[3.667s] -- Up-to-date: /SLAM/ros_ws/install/orbbec_camera/share/orbbec_camera//launch/femto.launch.py
[3.667s] -- Up-to-date: /SLAM/ros_ws/install/orbbec_camera/share/orbbec_camera//launch/gemini2L.launch.py
[3.667s] -- Up-to-date: /SLAM/ros_ws/install/orbbec_camera/share/orbbec_camera//launch/astra.launch.py
[3.668s] -- Up-to-date: /SLAM/ros_ws/install/orbbec_camera/share/orbbec_camera//launch/dabai.launch.py
[3.668s] -- Up-to-date: /SLAM/ros_ws/install/orbbec_camera/share/orbbec_camera//launch/gemini_e_lite.launch.py
[3.668s] -- Up-to-date: /SLAM/ros_ws/install/orbbec_camera/share/orbbec_camera//launch/dabai_dcw2.launch.py
[3.668s] -- Up-to-date: /SLAM/ros_ws/install/orbbec_camera/share/orbbec_camera//launch/multi_camera.launch.py
[3.668s] -- Up-to-date: /SLAM/ros_ws/install/orbbec_camera/share/orbbec_camera//launch/gemini2.launch.py
[3.668s] -- Up-to-date: /SLAM/ros_ws/install/orbbec_camera/share/orbbec_camera//launch/dabai_pro.launch.py
[3.668s] -- Up-to-date: /SLAM/ros_ws/install/orbbec_camera/share/orbbec_camera//config
[3.668s] -- Up-to-date: /SLAM/ros_ws/install/orbbec_camera/share/orbbec_camera//config/.gitkeep
[3.669s] -- Up-to-date: /SLAM/ros_ws/install/orbbec_camera/share/orbbec_camera//config/OrbbecSDKConfig_v1.0.xml
[3.669s] -- Up-to-date: /SLAM/ros_ws/install/orbbec_camera/share/orbbec_camera//config/depthfilter
[3.669s] -- Up-to-date: /SLAM/ros_ws/install/orbbec_camera/share/orbbec_camera//config/depthfilter/Gemini2_v1.7.json
[3.669s] -- Up-to-date: /SLAM/ros_ws/install/orbbec_camera/share/orbbec_camera//config/depthfilter/Openni_device.json
[3.669s] -- Up-to-date: /SLAM/ros_ws/install/orbbec_camera/include
[3.669s] -- Up-to-date: /SLAM/ros_ws/install/orbbec_camera/include/libobsensor
[3.669s] -- Up-to-date: /SLAM/ros_ws/install/orbbec_camera/include/libobsensor/ObSensor.h
[3.670s] -- Up-to-date: /SLAM/ros_ws/install/orbbec_camera/include/libobsensor/hpp
[3.670s] -- Up-to-date: /SLAM/ros_ws/install/orbbec_camera/include/libobsensor/hpp/Filter.hpp
[3.670s] -- Up-to-date: /SLAM/ros_ws/install/orbbec_camera/include/libobsensor/hpp/Context.hpp
[3.670s] -- Up-to-date: /SLAM/ros_ws/install/orbbec_camera/include/libobsensor/hpp/Pipeline.hpp
[3.670s] -- Up-to-date: /SLAM/ros_ws/install/orbbec_camera/include/libobsensor/hpp/Version.hpp
[3.670s] -- Up-to-date: /SLAM/ros_ws/install/orbbec_camera/include/libobsensor/hpp/Sensor.hpp
[3.670s] -- Up-to-date: /SLAM/ros_ws/install/orbbec_camera/include/libobsensor/hpp/RecordPlayback.hpp
[3.670s] -- Up-to-date: /SLAM/ros_ws/install/orbbec_camera/include/libobsensor/hpp/Utils.hpp
[3.671s] -- Up-to-date: /SLAM/ros_ws/install/orbbec_camera/include/libobsensor/hpp/Device.hpp
[3.671s] -- Up-to-date: /SLAM/ros_ws/install/orbbec_camera/include/libobsensor/hpp/Frame.hpp
[3.673s] -- Up-to-date: /SLAM/ros_ws/install/orbbec_camera/include/libobsensor/hpp/Error.hpp
[3.673s] -- Up-to-date: /SLAM/ros_ws/install/orbbec_camera/include/libobsensor/hpp/StreamProfile.hpp
[3.683s] -- Up-to-date: /SLAM/ros_ws/install/orbbec_camera/include/libobsensor/hpp/Types.hpp
[3.683s] -- Up-to-date: /SLAM/ros_ws/install/orbbec_camera/include/libobsensor/ObSensor.hpp
[3.684s] -- Up-to-date: /SLAM/ros_ws/install/orbbec_camera/include/libobsensor/h
[3.684s] -- Up-to-date: /SLAM/ros_ws/install/orbbec_camera/include/libobsensor/h/Pipeline.h
[3.684s] -- Up-to-date: /SLAM/ros_ws/install/orbbec_camera/include/libobsensor/h/Utils.h
[3.685s] -- Up-to-date: /SLAM/ros_ws/install/orbbec_camera/include/libobsensor/h/RecordPlayback.h
[3.685s] -- Up-to-date: /SLAM/ros_ws/install/orbbec_camera/include/libobsensor/h/Frame.h
[3.686s] -- Up-to-date: /SLAM/ros_ws/install/orbbec_camera/include/libobsensor/h/StreamProfile.h
[3.687s] -- Up-to-date: /SLAM/ros_ws/install/orbbec_camera/include/libobsensor/h/Version.h
[3.690s] -- Up-to-date: /SLAM/ros_ws/install/orbbec_camera/include/libobsensor/h/Error.h
[3.691s] -- Up-to-date: /SLAM/ros_ws/install/orbbec_camera/include/libobsensor/h/Device.h
[3.691s] -- Up-to-date: /SLAM/ros_ws/install/orbbec_camera/include/libobsensor/h/MultipleDevices.h
[3.691s] -- Up-to-date: /SLAM/ros_ws/install/orbbec_camera/include/libobsensor/h/Property.h
[3.691s] -- Up-to-date: /SLAM/ros_ws/install/orbbec_camera/include/libobsensor/h/Sensor.h
[3.692s] -- Up-to-date: /SLAM/ros_ws/install/orbbec_camera/include/libobsensor/h/ObTypes.h
[3.692s] -- Up-to-date: /SLAM/ros_ws/install/orbbec_camera/include/libobsensor/h/Context.h
[3.692s] -- Up-to-date: /SLAM/ros_ws/install/orbbec_camera/include/libobsensor/h/Filter.h
[3.694s] -- Up-to-date: /SLAM/ros_ws/install/orbbec_camera/lib/
[3.694s] -- Up-to-date: /SLAM/ros_ws/install/orbbec_camera/lib//libOrbbecSDK.so.1.9
[3.696s] -- Up-to-date: /SLAM/ros_ws/install/orbbec_camera/lib//libOrbbecSDK.so
[3.697s] -- Up-to-date: /SLAM/ros_ws/install/orbbec_camera/lib//libdepthengine.so.2.0
[3.697s] -- Up-to-date: /SLAM/ros_ws/install/orbbec_camera/lib//libOrbbecSDK.so.1.9.1
[3.697s] -- Up-to-date: /SLAM/ros_ws/install/orbbec_camera/lib//libdepthengine.so
[3.697s] -- Up-to-date: /SLAM/ros_ws/install/orbbec_camera/lib/orbbec_camera/list_devices_node
[3.698s] -- Up-to-date: /SLAM/ros_ws/install/orbbec_camera/lib/orbbec_camera/list_depth_work_mode_node
[3.698s] -- Up-to-date: /SLAM/ros_ws/install/orbbec_camera/lib/orbbec_camera/list_camera_profile_mode_node
[3.698s] -- Up-to-date: /SLAM/ros_ws/install/orbbec_camera/share/orbbec_camera/environment/library_path.sh
[3.698s] -- Installing: /SLAM/ros_ws/install/orbbec_camera/share/orbbec_camera/environment/library_path.dsv
[3.699s] -- Up-to-date: /SLAM/ros_ws/install/orbbec_camera/share/ament_index/resource_index/package_run_dependencies/orbbec_camera
[3.699s] -- Installing: /SLAM/ros_ws/install/orbbec_camera/share/ament_index/resource_index/parent_prefix_path/orbbec_camera
[3.699s] -- Up-to-date: /SLAM/ros_ws/install/orbbec_camera/share/orbbec_camera/environment/ament_prefix_path.sh
[3.699s] -- Installing: /SLAM/ros_ws/install/orbbec_camera/share/orbbec_camera/environment/ament_prefix_path.dsv
[3.699s] -- Up-to-date: /SLAM/ros_ws/install/orbbec_camera/share/orbbec_camera/environment/path.sh
[3.699s] -- Installing: /SLAM/ros_ws/install/orbbec_camera/share/orbbec_camera/environment/path.dsv
[3.700s] -- Up-to-date: /SLAM/ros_ws/install/orbbec_camera/share/orbbec_camera/local_setup.bash
[3.701s] -- Up-to-date: /SLAM/ros_ws/install/orbbec_camera/share/orbbec_camera/local_setup.sh
[3.701s] -- Up-to-date: /SLAM/ros_ws/install/orbbec_camera/share/orbbec_camera/local_setup.zsh
[3.701s] -- Installing: /SLAM/ros_ws/install/orbbec_camera/share/orbbec_camera/local_setup.dsv
[3.701s] -- Installing: /SLAM/ros_ws/install/orbbec_camera/share/orbbec_camera/package.dsv
[3.715s] -- Up-to-date: /SLAM/ros_ws/install/orbbec_camera/share/ament_index/resource_index/packages/orbbec_camera
[3.715s] -- Up-to-date: /SLAM/ros_ws/install/orbbec_camera/share/ament_index/resource_index/rclcpp_components/orbbec_camera
[3.715s] -- Up-to-date: /SLAM/ros_ws/install/orbbec_camera/share/orbbec_camera/cmake/ament_cmake_export_include_directories-extras.cmake
[3.715s] -- Up-to-date: /SLAM/ros_ws/install/orbbec_camera/share/orbbec_camera/cmake/ament_cmake_export_libraries-extras.cmake
[3.715s] -- Up-to-date: /SLAM/ros_ws/install/orbbec_camera/share/orbbec_camera/cmake/ament_cmake_export_dependencies-extras.cmake
[3.716s] -- Up-to-date: /SLAM/ros_ws/install/orbbec_camera/share/orbbec_camera/cmake/orbbec_cameraConfig.cmake
[3.716s] -- Up-to-date: /SLAM/ros_ws/install/orbbec_camera/share/orbbec_camera/cmake/orbbec_cameraConfig-version.cmake
[3.716s] -- Up-to-date: /SLAM/ros_ws/install/orbbec_camera/share/orbbec_camera/package.xml
[3.716s] Invoked command in '/SLAM/ros_ws/build/orbbec_camera' returned '0': AMENT_PREFIX_PATH=/SLAM/ros_ws/install/orbbec_camera_msgs:/SLAM/ros_ws/install/image_publisher:${AMENT_PREFIX_PATH} CMAKE_PREFIX_PATH=/SLAM/ros_ws/install/orbbec_camera_msgs:/SLAM/ros_ws/install/image_publisher:/opt/ros/humble LD_LIBRARY_PATH=/SLAM/ros_ws/install/orbbec_camera_msgs/lib:/SLAM/ros_ws/install/image_publisher/lib:${LD_LIBRARY_PATH} PYTHONPATH=/SLAM/ros_ws/install/orbbec_camera_msgs/local/lib/python3.10/dist-packages:${PYTHONPATH} /usr/bin/cmake --install /SLAM/ros_ws/build/orbbec_camera
