[0.063s] Invoking command in '/SLAM/ros_ws/build/orbbec_camera': CMAKE_PREFIX_PATH=/SLAM/ros_ws/install/orbbec_camera_msgs:/SLAM/ros_ws/install/sllidar_ros2:/SLAM/ros_ws/install/orbbec_description:/SLAM/ros_ws/install/orbbec_camera:/SLAM/ros_ws/install/magic_enum:/SLAM/ros_ws/install/libuvc:/SLAM/ros_ws/install/glog:/SLAM/ros_ws/install/astra_camera:/SLAM/ros_ws/install/astra_camera_msgs:/opt/ros/humble LD_LIBRARY_PATH=/SLAM/ros_ws/install/orbbec_camera_msgs/lib:/SLAM/ros_ws/install/orbbec_camera/lib:/SLAM/ros_ws/install/libuvc/lib:/SLAM/ros_ws/install/glog/lib:/SLAM/ros_ws/install/astra_camera/lib:/SLAM/ros_ws/install/astra_camera_msgs/lib:/opt/ros/humble/opt/rviz_ogre_vendor/lib:/opt/ros/humble/lib/x86_64-linux-gnu:/opt/ros/humble/lib /usr/bin/cmake --build /SLAM/ros_ws/build/orbbec_camera -- -j16 -l16
[0.112s] [35m[1mConsolidate compiler generated dependencies of target orbbec_camera_node[0m
[0.118s] [35m[1mConsolidate compiler generated dependencies of target orbbec_camera[0m
[0.138s] [ 11%] Built target orbbec_camera_node
[0.203s] [ 66%] Built target orbbec_camera
[0.219s] [35m[1mConsolidate compiler generated dependencies of target list_depth_work_mode_node[0m
[0.219s] [35m[1mConsolidate compiler generated dependencies of target list_devices_node[0m
[0.219s] [35m[1mConsolidate compiler generated dependencies of target list_camera_profile_mode_node[0m
[0.257s] [ 83%] Built target list_depth_work_mode_node
[0.258s] [ 88%] Built target list_camera_profile_mode_node
[0.258s] [100%] Built target list_devices_node
[0.276s] Invoked command in '/SLAM/ros_ws/build/orbbec_camera' returned '0': CMAKE_PREFIX_PATH=/SLAM/ros_ws/install/orbbec_camera_msgs:/SLAM/ros_ws/install/sllidar_ros2:/SLAM/ros_ws/install/orbbec_description:/SLAM/ros_ws/install/orbbec_camera:/SLAM/ros_ws/install/magic_enum:/SLAM/ros_ws/install/libuvc:/SLAM/ros_ws/install/glog:/SLAM/ros_ws/install/astra_camera:/SLAM/ros_ws/install/astra_camera_msgs:/opt/ros/humble LD_LIBRARY_PATH=/SLAM/ros_ws/install/orbbec_camera_msgs/lib:/SLAM/ros_ws/install/orbbec_camera/lib:/SLAM/ros_ws/install/libuvc/lib:/SLAM/ros_ws/install/glog/lib:/SLAM/ros_ws/install/astra_camera/lib:/SLAM/ros_ws/install/astra_camera_msgs/lib:/opt/ros/humble/opt/rviz_ogre_vendor/lib:/opt/ros/humble/lib/x86_64-linux-gnu:/opt/ros/humble/lib /usr/bin/cmake --build /SLAM/ros_ws/build/orbbec_camera -- -j16 -l16
[0.373s] Invoking command in '/SLAM/ros_ws/build/orbbec_camera': CMAKE_PREFIX_PATH=/SLAM/ros_ws/install/orbbec_camera_msgs:/SLAM/ros_ws/install/sllidar_ros2:/SLAM/ros_ws/install/orbbec_description:/SLAM/ros_ws/install/orbbec_camera:/SLAM/ros_ws/install/magic_enum:/SLAM/ros_ws/install/libuvc:/SLAM/ros_ws/install/glog:/SLAM/ros_ws/install/astra_camera:/SLAM/ros_ws/install/astra_camera_msgs:/opt/ros/humble LD_LIBRARY_PATH=/SLAM/ros_ws/install/orbbec_camera_msgs/lib:/SLAM/ros_ws/install/orbbec_camera/lib:/SLAM/ros_ws/install/libuvc/lib:/SLAM/ros_ws/install/glog/lib:/SLAM/ros_ws/install/astra_camera/lib:/SLAM/ros_ws/install/astra_camera_msgs/lib:/opt/ros/humble/opt/rviz_ogre_vendor/lib:/opt/ros/humble/lib/x86_64-linux-gnu:/opt/ros/humble/lib /usr/bin/cmake --install /SLAM/ros_ws/build/orbbec_camera
[0.382s] -- Install configuration: "Release"
[0.382s] -- Up-to-date: /SLAM/ros_ws/install/orbbec_camera/lib/orbbec_camera/orbbec_camera_node
[0.382s] -- Up-to-date: /SLAM/ros_ws/install/orbbec_camera/lib/liborbbec_camera.so
[0.382s] -- Up-to-date: /SLAM/ros_ws/install/orbbec_camera/include
[0.383s] -- Up-to-date: /SLAM/ros_ws/install/orbbec_camera/include/orbbec_camera
[0.383s] -- Up-to-date: /SLAM/ros_ws/install/orbbec_camera/include/orbbec_camera/rk_mpp_decoder.h
[0.383s] -- Up-to-date: /SLAM/ros_ws/install/orbbec_camera/include/orbbec_camera/constants.h
[0.383s] -- Up-to-date: /SLAM/ros_ws/install/orbbec_camera/include/orbbec_camera/dynamic_params.h
[0.383s] -- Up-to-date: /SLAM/ros_ws/install/orbbec_camera/include/orbbec_camera/ros_param_backend.h
[0.383s] -- Up-to-date: /SLAM/ros_ws/install/orbbec_camera/include/orbbec_camera/jetson_nv_decoder.h
[0.384s] -- Up-to-date: /SLAM/ros_ws/install/orbbec_camera/include/orbbec_camera/jpeg_decoder.h
[0.384s] -- Up-to-date: /SLAM/ros_ws/install/orbbec_camera/include/orbbec_camera/synced_imu_publisher.h
[0.384s] -- Up-to-date: /SLAM/ros_ws/install/orbbec_camera/include/orbbec_camera/utils.h
[0.384s] -- Up-to-date: /SLAM/ros_ws/install/orbbec_camera/include/orbbec_camera/ob_camera_node_driver.h
[0.384s] -- Up-to-date: /SLAM/ros_ws/install/orbbec_camera/include/orbbec_camera/d2c_viewer.h
[0.384s] -- Up-to-date: /SLAM/ros_ws/install/orbbec_camera/include/orbbec_camera/ob_camera_node.h
[0.384s] -- Up-to-date: /SLAM/ros_ws/install/orbbec_camera/include/magic_enum
[0.384s] -- Up-to-date: /SLAM/ros_ws/install/orbbec_camera/include/magic_enum/magic_enum.hpp
[0.385s] -- Up-to-date: /SLAM/ros_ws/install/orbbec_camera/share/orbbec_camera//launch
[0.385s] -- Up-to-date: /SLAM/ros_ws/install/orbbec_camera/share/orbbec_camera//launch/astra2.launch.py
[0.385s] -- Up-to-date: /SLAM/ros_ws/install/orbbec_camera/share/orbbec_camera//launch/dabai_dcw.launch.py
[0.385s] -- Up-to-date: /SLAM/ros_ws/install/orbbec_camera/share/orbbec_camera//launch/ob_camera.launch.py
[0.385s] -- Up-to-date: /SLAM/ros_ws/install/orbbec_camera/share/orbbec_camera//launch/gemini2VL.launch.py
[0.385s] -- Up-to-date: /SLAM/ros_ws/install/orbbec_camera/share/orbbec_camera//launch/gemini2XL.launch.py
[0.385s] -- Up-to-date: /SLAM/ros_ws/install/orbbec_camera/share/orbbec_camera//launch/astra_embedded_s.launch.py
[0.385s] -- Up-to-date: /SLAM/ros_ws/install/orbbec_camera/share/orbbec_camera//launch/dabai_d1.launch.py
[0.385s] -- Up-to-date: /SLAM/ros_ws/install/orbbec_camera/share/orbbec_camera//launch/dabai_dw.launch.py
[0.386s] -- Up-to-date: /SLAM/ros_ws/install/orbbec_camera/share/orbbec_camera//launch/astra_stereo_u3.launch.py
[0.386s] -- Up-to-date: /SLAM/ros_ws/install/orbbec_camera/share/orbbec_camera//launch/deeya.launch.py
[0.386s] -- Up-to-date: /SLAM/ros_ws/install/orbbec_camera/share/orbbec_camera//launch/gemini_e.launch.py
[0.386s] -- Up-to-date: /SLAM/ros_ws/install/orbbec_camera/share/orbbec_camera//launch/astra_adv.launch.py
[0.386s] -- Up-to-date: /SLAM/ros_ws/install/orbbec_camera/share/orbbec_camera//launch/dabai_max.launch.py
[0.386s] -- Up-to-date: /SLAM/ros_ws/install/orbbec_camera/share/orbbec_camera//launch/femto_mega.launch.py
[0.386s] -- Up-to-date: /SLAM/ros_ws/install/orbbec_camera/share/orbbec_camera//launch/femto_bolt.launch.py
[0.387s] -- Up-to-date: /SLAM/ros_ws/install/orbbec_camera/share/orbbec_camera//launch/femto.launch.py
[0.387s] -- Up-to-date: /SLAM/ros_ws/install/orbbec_camera/share/orbbec_camera//launch/gemini2L.launch.py
[0.387s] -- Installing: /SLAM/ros_ws/install/orbbec_camera/share/orbbec_camera//launch/astra.launch.py
[0.387s] -- Up-to-date: /SLAM/ros_ws/install/orbbec_camera/share/orbbec_camera//launch/dabai.launch.py
[0.387s] -- Up-to-date: /SLAM/ros_ws/install/orbbec_camera/share/orbbec_camera//launch/gemini_e_lite.launch.py
[0.387s] -- Up-to-date: /SLAM/ros_ws/install/orbbec_camera/share/orbbec_camera//launch/dabai_dcw2.launch.py
[0.387s] -- Up-to-date: /SLAM/ros_ws/install/orbbec_camera/share/orbbec_camera//launch/multi_camera.launch.py
[0.387s] -- Up-to-date: /SLAM/ros_ws/install/orbbec_camera/share/orbbec_camera//launch/gemini2.launch.py
[0.387s] -- Up-to-date: /SLAM/ros_ws/install/orbbec_camera/share/orbbec_camera//launch/dabai_pro.launch.py
[0.388s] -- Up-to-date: /SLAM/ros_ws/install/orbbec_camera/share/orbbec_camera//config
[0.388s] -- Up-to-date: /SLAM/ros_ws/install/orbbec_camera/share/orbbec_camera//config/.gitkeep
[0.388s] -- Up-to-date: /SLAM/ros_ws/install/orbbec_camera/share/orbbec_camera//config/OrbbecSDKConfig_v1.0.xml
[0.388s] -- Up-to-date: /SLAM/ros_ws/install/orbbec_camera/share/orbbec_camera//config/depthfilter
[0.388s] -- Up-to-date: /SLAM/ros_ws/install/orbbec_camera/share/orbbec_camera//config/depthfilter/Gemini2_v1.7.json
[0.389s] -- Up-to-date: /SLAM/ros_ws/install/orbbec_camera/share/orbbec_camera//config/depthfilter/Openni_device.json
[0.389s] -- Up-to-date: /SLAM/ros_ws/install/orbbec_camera/include
[0.389s] -- Up-to-date: /SLAM/ros_ws/install/orbbec_camera/include/libobsensor
[0.389s] -- Up-to-date: /SLAM/ros_ws/install/orbbec_camera/include/libobsensor/ObSensor.h
[0.389s] -- Up-to-date: /SLAM/ros_ws/install/orbbec_camera/include/libobsensor/hpp
[0.389s] -- Up-to-date: /SLAM/ros_ws/install/orbbec_camera/include/libobsensor/hpp/Filter.hpp
[0.389s] -- Up-to-date: /SLAM/ros_ws/install/orbbec_camera/include/libobsensor/hpp/Context.hpp
[0.389s] -- Up-to-date: /SLAM/ros_ws/install/orbbec_camera/include/libobsensor/hpp/Pipeline.hpp
[0.389s] -- Up-to-date: /SLAM/ros_ws/install/orbbec_camera/include/libobsensor/hpp/Version.hpp
[0.390s] -- Up-to-date: /SLAM/ros_ws/install/orbbec_camera/include/libobsensor/hpp/Sensor.hpp
[0.390s] -- Up-to-date: /SLAM/ros_ws/install/orbbec_camera/include/libobsensor/hpp/RecordPlayback.hpp
[0.390s] -- Up-to-date: /SLAM/ros_ws/install/orbbec_camera/include/libobsensor/hpp/Utils.hpp
[0.390s] -- Up-to-date: /SLAM/ros_ws/install/orbbec_camera/include/libobsensor/hpp/Device.hpp
[0.390s] -- Up-to-date: /SLAM/ros_ws/install/orbbec_camera/include/libobsensor/hpp/Frame.hpp
[0.390s] -- Up-to-date: /SLAM/ros_ws/install/orbbec_camera/include/libobsensor/hpp/Error.hpp
[0.390s] -- Up-to-date: /SLAM/ros_ws/install/orbbec_camera/include/libobsensor/hpp/StreamProfile.hpp
[0.390s] -- Up-to-date: /SLAM/ros_ws/install/orbbec_camera/include/libobsensor/hpp/Types.hpp
[0.390s] -- Up-to-date: /SLAM/ros_ws/install/orbbec_camera/include/libobsensor/ObSensor.hpp
[0.390s] -- Up-to-date: /SLAM/ros_ws/install/orbbec_camera/include/libobsensor/h
[0.391s] -- Up-to-date: /SLAM/ros_ws/install/orbbec_camera/include/libobsensor/h/Pipeline.h
[0.391s] -- Up-to-date: /SLAM/ros_ws/install/orbbec_camera/include/libobsensor/h/Utils.h
[0.391s] -- Up-to-date: /SLAM/ros_ws/install/orbbec_camera/include/libobsensor/h/RecordPlayback.h
[0.391s] -- Up-to-date: /SLAM/ros_ws/install/orbbec_camera/include/libobsensor/h/Frame.h
[0.391s] -- Up-to-date: /SLAM/ros_ws/install/orbbec_camera/include/libobsensor/h/StreamProfile.h
[0.391s] -- Up-to-date: /SLAM/ros_ws/install/orbbec_camera/include/libobsensor/h/Version.h
[0.392s] -- Up-to-date: /SLAM/ros_ws/install/orbbec_camera/include/libobsensor/h/Error.h
[0.392s] -- Up-to-date: /SLAM/ros_ws/install/orbbec_camera/include/libobsensor/h/Device.h
[0.392s] -- Up-to-date: /SLAM/ros_ws/install/orbbec_camera/include/libobsensor/h/MultipleDevices.h
[0.392s] -- Up-to-date: /SLAM/ros_ws/install/orbbec_camera/include/libobsensor/h/Property.h
[0.392s] -- Up-to-date: /SLAM/ros_ws/install/orbbec_camera/include/libobsensor/h/Sensor.h
[0.393s] -- Up-to-date: /SLAM/ros_ws/install/orbbec_camera/include/libobsensor/h/ObTypes.h
[0.393s] -- Up-to-date: /SLAM/ros_ws/install/orbbec_camera/include/libobsensor/h/Context.h
[0.393s] -- Up-to-date: /SLAM/ros_ws/install/orbbec_camera/include/libobsensor/h/Filter.h
[0.393s] -- Up-to-date: /SLAM/ros_ws/install/orbbec_camera/lib/
[0.394s] -- Up-to-date: /SLAM/ros_ws/install/orbbec_camera/lib//libOrbbecSDK.so.1.9
[0.394s] -- Up-to-date: /SLAM/ros_ws/install/orbbec_camera/lib//libOrbbecSDK.so
[0.394s] -- Up-to-date: /SLAM/ros_ws/install/orbbec_camera/lib//libdepthengine.so.2.0
[0.394s] -- Up-to-date: /SLAM/ros_ws/install/orbbec_camera/lib//libOrbbecSDK.so.1.9.1
[0.394s] -- Up-to-date: /SLAM/ros_ws/install/orbbec_camera/lib//libdepthengine.so
[0.394s] -- Up-to-date: /SLAM/ros_ws/install/orbbec_camera/lib/orbbec_camera/list_devices_node
[0.394s] -- Up-to-date: /SLAM/ros_ws/install/orbbec_camera/lib/orbbec_camera/list_depth_work_mode_node
[0.395s] -- Up-to-date: /SLAM/ros_ws/install/orbbec_camera/lib/orbbec_camera/list_camera_profile_mode_node
[0.395s] -- Up-to-date: /SLAM/ros_ws/install/orbbec_camera/share/orbbec_camera/environment/library_path.sh
[0.395s] -- Up-to-date: /SLAM/ros_ws/install/orbbec_camera/share/orbbec_camera/environment/library_path.dsv
[0.395s] -- Up-to-date: /SLAM/ros_ws/install/orbbec_camera/share/ament_index/resource_index/package_run_dependencies/orbbec_camera
[0.395s] -- Up-to-date: /SLAM/ros_ws/install/orbbec_camera/share/ament_index/resource_index/parent_prefix_path/orbbec_camera
[0.395s] -- Up-to-date: /SLAM/ros_ws/install/orbbec_camera/share/orbbec_camera/environment/ament_prefix_path.sh
[0.395s] -- Up-to-date: /SLAM/ros_ws/install/orbbec_camera/share/orbbec_camera/environment/ament_prefix_path.dsv
[0.396s] -- Up-to-date: /SLAM/ros_ws/install/orbbec_camera/share/orbbec_camera/environment/path.sh
[0.396s] -- Up-to-date: /SLAM/ros_ws/install/orbbec_camera/share/orbbec_camera/environment/path.dsv
[0.396s] -- Up-to-date: /SLAM/ros_ws/install/orbbec_camera/share/orbbec_camera/local_setup.bash
[0.396s] -- Up-to-date: /SLAM/ros_ws/install/orbbec_camera/share/orbbec_camera/local_setup.sh
[0.396s] -- Up-to-date: /SLAM/ros_ws/install/orbbec_camera/share/orbbec_camera/local_setup.zsh
[0.396s] -- Up-to-date: /SLAM/ros_ws/install/orbbec_camera/share/orbbec_camera/local_setup.dsv
[0.396s] -- Installing: /SLAM/ros_ws/install/orbbec_camera/share/orbbec_camera/package.dsv
[0.397s] -- Up-to-date: /SLAM/ros_ws/install/orbbec_camera/share/ament_index/resource_index/packages/orbbec_camera
[0.397s] -- Up-to-date: /SLAM/ros_ws/install/orbbec_camera/share/ament_index/resource_index/rclcpp_components/orbbec_camera
[0.397s] -- Up-to-date: /SLAM/ros_ws/install/orbbec_camera/share/orbbec_camera/cmake/ament_cmake_export_include_directories-extras.cmake
[0.397s] -- Up-to-date: /SLAM/ros_ws/install/orbbec_camera/share/orbbec_camera/cmake/ament_cmake_export_libraries-extras.cmake
[0.397s] -- Up-to-date: /SLAM/ros_ws/install/orbbec_camera/share/orbbec_camera/cmake/ament_cmake_export_dependencies-extras.cmake
[0.397s] -- Up-to-date: /SLAM/ros_ws/install/orbbec_camera/share/orbbec_camera/cmake/orbbec_cameraConfig.cmake
[0.398s] -- Up-to-date: /SLAM/ros_ws/install/orbbec_camera/share/orbbec_camera/cmake/orbbec_cameraConfig-version.cmake
[0.398s] -- Up-to-date: /SLAM/ros_ws/install/orbbec_camera/share/orbbec_camera/package.xml
[0.398s] Invoked command in '/SLAM/ros_ws/build/orbbec_camera' returned '0': CMAKE_PREFIX_PATH=/SLAM/ros_ws/install/orbbec_camera_msgs:/SLAM/ros_ws/install/sllidar_ros2:/SLAM/ros_ws/install/orbbec_description:/SLAM/ros_ws/install/orbbec_camera:/SLAM/ros_ws/install/magic_enum:/SLAM/ros_ws/install/libuvc:/SLAM/ros_ws/install/glog:/SLAM/ros_ws/install/astra_camera:/SLAM/ros_ws/install/astra_camera_msgs:/opt/ros/humble LD_LIBRARY_PATH=/SLAM/ros_ws/install/orbbec_camera_msgs/lib:/SLAM/ros_ws/install/orbbec_camera/lib:/SLAM/ros_ws/install/libuvc/lib:/SLAM/ros_ws/install/glog/lib:/SLAM/ros_ws/install/astra_camera/lib:/SLAM/ros_ws/install/astra_camera_msgs/lib:/opt/ros/humble/opt/rviz_ogre_vendor/lib:/opt/ros/humble/lib/x86_64-linux-gnu:/opt/ros/humble/lib /usr/bin/cmake --install /SLAM/ros_ws/build/orbbec_camera
