[0.571s] Invoking command in '/SLAM/ros_ws/build/image_proc': CMAKE_PREFIX_PATH=/SLAM/ros_ws/install/tracetools_image_pipeline:/SLAM/ros_ws/install/rplidar_ros:/SLAM/ros_ws/install/examples_rclcpp_minimal_client:/SLAM/ros_ws/install/cpp_srvcli:/SLAM/ros_ws/install/image_pipeline:/SLAM/ros_ws/install/stereo_image_proc:/SLAM/ros_ws/install/image_proc:/SLAM/ros_ws/install/sllidar_ros2:/SLAM/ros_ws/install/rtabmap_ros:/SLAM/ros_ws/install/rtabmap_launch:/SLAM/ros_ws/install/rtabmap_examples:/SLAM/ros_ws/install/rtabmap_demos:/SLAM/ros_ws/install/rtabmap_viz:/SLAM/ros_ws/install/rtabmap_slam:/SLAM/ros_ws/install/rtabmap_odom:/SLAM/ros_ws/install/rtabmap_util:/SLAM/ros_ws/install/rtabmap_sync:/SLAM/ros_ws/install/rtabmap_rviz_plugins:/SLAM/ros_ws/install/rtabmap_conversions:/SLAM/ros_ws/install/examples_rclpy_minimal_client:/SLAM/ros_ws/install/examples_rclpy_minimal_action_server:/SLAM/ros_ws/install/examples_rclpy_minimal_action_client:/SLAM/ros_ws/install/examples_rclpy_executors:/SLAM/ros_ws/install/rtabmap_python:/SLAM/ros_ws/install/camera_calibration:/opt/ros/humble:/SLAM/ros_ws/install/rtabmap_msgs:/SLAM/ros_ws/install/rtabmap:/SLAM/ros_ws/install/image_view:/SLAM/ros_ws/install/image_rotate:/SLAM/ros_ws/install/astra_camera:/SLAM/ros_ws/install/image_publisher:/SLAM/ros_ws/install/depth_image_proc:/SLAM/ros_ws/install/astra_camera_msgs LD_LIBRARY_PATH=/SLAM/ros_ws/install/tracetools_image_pipeline/lib:/SLAM/ros_ws/install/stereo_image_proc/lib:/SLAM/ros_ws/install/image_proc/lib:/SLAM/ros_ws/install/rtabmap_slam/lib:/SLAM/ros_ws/install/rtabmap_odom/lib:/SLAM/ros_ws/install/rtabmap_util/lib:/SLAM/ros_ws/install/rtabmap_sync/lib:/SLAM/ros_ws/install/rtabmap_rviz_plugins/lib:/SLAM/ros_ws/install/rtabmap_conversions/lib:/SLAM/ros_ws/install/rtabmap_msgs/lib:/SLAM/ros_ws/install/rtabmap/lib:/SLAM/ros_ws/install/image_view/lib:/SLAM/ros_ws/install/image_rotate/lib:/SLAM/ros_ws/install/astra_camera/lib:/SLAM/ros_ws/install/image_publisher/lib:/SLAM/ros_ws/install/depth_image_proc/lib:/SLAM/ros_ws/install/astra_camera_msgs/lib:/usr/lib/x86_64-linux-gnu/gazebo-11/plugins:/opt/ros/humble/opt/rviz_ogre_vendor/lib:/opt/ros/humble/lib/x86_64-linux-gnu:/opt/ros/humble/lib /usr/bin/cmake --build /SLAM/ros_ws/build/image_proc -- -j16 -l16
[0.855s] [ 13%] Built target image_proc
[0.855s] [ 26%] Built target rectify
[0.855s] [ 46%] Built target debayer
[0.855s] [ 60%] Built target resize
[0.855s] [ 73%] Built target crop_decimate
[0.855s] [ 86%] Built target crop_non_zero
[0.880s] [100%] Built target image_proc_exe
[1.135s] Invoked command in '/SLAM/ros_ws/build/image_proc' returned '0': CMAKE_PREFIX_PATH=/SLAM/ros_ws/install/tracetools_image_pipeline:/SLAM/ros_ws/install/rplidar_ros:/SLAM/ros_ws/install/examples_rclcpp_minimal_client:/SLAM/ros_ws/install/cpp_srvcli:/SLAM/ros_ws/install/image_pipeline:/SLAM/ros_ws/install/stereo_image_proc:/SLAM/ros_ws/install/image_proc:/SLAM/ros_ws/install/sllidar_ros2:/SLAM/ros_ws/install/rtabmap_ros:/SLAM/ros_ws/install/rtabmap_launch:/SLAM/ros_ws/install/rtabmap_examples:/SLAM/ros_ws/install/rtabmap_demos:/SLAM/ros_ws/install/rtabmap_viz:/SLAM/ros_ws/install/rtabmap_slam:/SLAM/ros_ws/install/rtabmap_odom:/SLAM/ros_ws/install/rtabmap_util:/SLAM/ros_ws/install/rtabmap_sync:/SLAM/ros_ws/install/rtabmap_rviz_plugins:/SLAM/ros_ws/install/rtabmap_conversions:/SLAM/ros_ws/install/examples_rclpy_minimal_client:/SLAM/ros_ws/install/examples_rclpy_minimal_action_server:/SLAM/ros_ws/install/examples_rclpy_minimal_action_client:/SLAM/ros_ws/install/examples_rclpy_executors:/SLAM/ros_ws/install/rtabmap_python:/SLAM/ros_ws/install/camera_calibration:/opt/ros/humble:/SLAM/ros_ws/install/rtabmap_msgs:/SLAM/ros_ws/install/rtabmap:/SLAM/ros_ws/install/image_view:/SLAM/ros_ws/install/image_rotate:/SLAM/ros_ws/install/astra_camera:/SLAM/ros_ws/install/image_publisher:/SLAM/ros_ws/install/depth_image_proc:/SLAM/ros_ws/install/astra_camera_msgs LD_LIBRARY_PATH=/SLAM/ros_ws/install/tracetools_image_pipeline/lib:/SLAM/ros_ws/install/stereo_image_proc/lib:/SLAM/ros_ws/install/image_proc/lib:/SLAM/ros_ws/install/rtabmap_slam/lib:/SLAM/ros_ws/install/rtabmap_odom/lib:/SLAM/ros_ws/install/rtabmap_util/lib:/SLAM/ros_ws/install/rtabmap_sync/lib:/SLAM/ros_ws/install/rtabmap_rviz_plugins/lib:/SLAM/ros_ws/install/rtabmap_conversions/lib:/SLAM/ros_ws/install/rtabmap_msgs/lib:/SLAM/ros_ws/install/rtabmap/lib:/SLAM/ros_ws/install/image_view/lib:/SLAM/ros_ws/install/image_rotate/lib:/SLAM/ros_ws/install/astra_camera/lib:/SLAM/ros_ws/install/image_publisher/lib:/SLAM/ros_ws/install/depth_image_proc/lib:/SLAM/ros_ws/install/astra_camera_msgs/lib:/usr/lib/x86_64-linux-gnu/gazebo-11/plugins:/opt/ros/humble/opt/rviz_ogre_vendor/lib:/opt/ros/humble/lib/x86_64-linux-gnu:/opt/ros/humble/lib /usr/bin/cmake --build /SLAM/ros_ws/build/image_proc -- -j16 -l16
[1.216s] Invoking command in '/SLAM/ros_ws/build/image_proc': CMAKE_PREFIX_PATH=/SLAM/ros_ws/install/tracetools_image_pipeline:/SLAM/ros_ws/install/rplidar_ros:/SLAM/ros_ws/install/examples_rclcpp_minimal_client:/SLAM/ros_ws/install/cpp_srvcli:/SLAM/ros_ws/install/image_pipeline:/SLAM/ros_ws/install/stereo_image_proc:/SLAM/ros_ws/install/image_proc:/SLAM/ros_ws/install/sllidar_ros2:/SLAM/ros_ws/install/rtabmap_ros:/SLAM/ros_ws/install/rtabmap_launch:/SLAM/ros_ws/install/rtabmap_examples:/SLAM/ros_ws/install/rtabmap_demos:/SLAM/ros_ws/install/rtabmap_viz:/SLAM/ros_ws/install/rtabmap_slam:/SLAM/ros_ws/install/rtabmap_odom:/SLAM/ros_ws/install/rtabmap_util:/SLAM/ros_ws/install/rtabmap_sync:/SLAM/ros_ws/install/rtabmap_rviz_plugins:/SLAM/ros_ws/install/rtabmap_conversions:/SLAM/ros_ws/install/examples_rclpy_minimal_client:/SLAM/ros_ws/install/examples_rclpy_minimal_action_server:/SLAM/ros_ws/install/examples_rclpy_minimal_action_client:/SLAM/ros_ws/install/examples_rclpy_executors:/SLAM/ros_ws/install/rtabmap_python:/SLAM/ros_ws/install/camera_calibration:/opt/ros/humble:/SLAM/ros_ws/install/rtabmap_msgs:/SLAM/ros_ws/install/rtabmap:/SLAM/ros_ws/install/image_view:/SLAM/ros_ws/install/image_rotate:/SLAM/ros_ws/install/astra_camera:/SLAM/ros_ws/install/image_publisher:/SLAM/ros_ws/install/depth_image_proc:/SLAM/ros_ws/install/astra_camera_msgs LD_LIBRARY_PATH=/SLAM/ros_ws/install/tracetools_image_pipeline/lib:/SLAM/ros_ws/install/stereo_image_proc/lib:/SLAM/ros_ws/install/image_proc/lib:/SLAM/ros_ws/install/rtabmap_slam/lib:/SLAM/ros_ws/install/rtabmap_odom/lib:/SLAM/ros_ws/install/rtabmap_util/lib:/SLAM/ros_ws/install/rtabmap_sync/lib:/SLAM/ros_ws/install/rtabmap_rviz_plugins/lib:/SLAM/ros_ws/install/rtabmap_conversions/lib:/SLAM/ros_ws/install/rtabmap_msgs/lib:/SLAM/ros_ws/install/rtabmap/lib:/SLAM/ros_ws/install/image_view/lib:/SLAM/ros_ws/install/image_rotate/lib:/SLAM/ros_ws/install/astra_camera/lib:/SLAM/ros_ws/install/image_publisher/lib:/SLAM/ros_ws/install/depth_image_proc/lib:/SLAM/ros_ws/install/astra_camera_msgs/lib:/usr/lib/x86_64-linux-gnu/gazebo-11/plugins:/opt/ros/humble/opt/rviz_ogre_vendor/lib:/opt/ros/humble/lib/x86_64-linux-gnu:/opt/ros/humble/lib /usr/bin/cmake --install /SLAM/ros_ws/build/image_proc
[1.228s] -- Install configuration: "Release"
[1.228s] -- Execute custom install script
[1.228s] -- Up-to-date symlink: /SLAM/ros_ws/install/image_proc/bin/image_proc
[1.229s] -- Up-to-date symlink: /SLAM/ros_ws/install/image_proc/include/image_proc/crop_decimate.hpp
[1.229s] -- Up-to-date symlink: /SLAM/ros_ws/install/image_proc/include/image_proc/crop_non_zero.hpp
[1.229s] -- Up-to-date symlink: /SLAM/ros_ws/install/image_proc/include/image_proc/debayer.hpp
[1.229s] -- Up-to-date symlink: /SLAM/ros_ws/install/image_proc/include/image_proc/edge_aware.hpp
[1.229s] -- Up-to-date symlink: /SLAM/ros_ws/install/image_proc/include/image_proc/processor.hpp
[1.229s] -- Up-to-date symlink: /SLAM/ros_ws/install/image_proc/include/image_proc/rectify.hpp
[1.229s] -- Up-to-date symlink: /SLAM/ros_ws/install/image_proc/include/image_proc/resize.hpp
[1.230s] -- Up-to-date symlink: /SLAM/ros_ws/install/image_proc/include/image_proc/utils.hpp
[1.230s] -- Up-to-date symlink: /SLAM/ros_ws/install/image_proc/share/image_proc/environment/library_path.sh
[1.230s] -- Up-to-date symlink: /SLAM/ros_ws/install/image_proc/share/image_proc/environment/library_path.dsv
[1.230s] -- Up-to-date symlink: /SLAM/ros_ws/install/image_proc/lib/libimage_proc.so
[1.230s] -- Up-to-date symlink: /SLAM/ros_ws/install/image_proc/lib/librectify.so
[1.230s] -- Up-to-date symlink: /SLAM/ros_ws/install/image_proc/lib/libdebayer.so
[1.230s] -- Up-to-date symlink: /SLAM/ros_ws/install/image_proc/lib/libresize.so
[1.231s] -- Up-to-date symlink: /SLAM/ros_ws/install/image_proc/lib/libcrop_decimate.so
[1.231s] -- Up-to-date symlink: /SLAM/ros_ws/install/image_proc/lib/libcrop_non_zero.so
[1.231s] -- Up-to-date symlink: /SLAM/ros_ws/install/image_proc/lib/image_proc/image_proc
[1.231s] -- Up-to-date symlink: /SLAM/ros_ws/install/image_proc/share/image_proc/launch/image_proc.launch.py
[1.231s] -- Up-to-date symlink: /SLAM/ros_ws/install/image_proc/share/ament_index/resource_index/package_run_dependencies/image_proc
[1.231s] -- Up-to-date symlink: /SLAM/ros_ws/install/image_proc/share/ament_index/resource_index/parent_prefix_path/image_proc
[1.231s] -- Up-to-date symlink: /SLAM/ros_ws/install/image_proc/share/image_proc/environment/ament_prefix_path.sh
[1.232s] -- Up-to-date symlink: /SLAM/ros_ws/install/image_proc/share/image_proc/environment/ament_prefix_path.dsv
[1.232s] -- Up-to-date symlink: /SLAM/ros_ws/install/image_proc/share/image_proc/environment/path.sh
[1.232s] -- Up-to-date symlink: /SLAM/ros_ws/install/image_proc/share/image_proc/environment/path.dsv
[1.232s] -- Up-to-date symlink: /SLAM/ros_ws/install/image_proc/share/image_proc/local_setup.bash
[1.232s] -- Up-to-date symlink: /SLAM/ros_ws/install/image_proc/share/image_proc/local_setup.sh
[1.232s] -- Up-to-date symlink: /SLAM/ros_ws/install/image_proc/share/image_proc/local_setup.zsh
[1.232s] -- Up-to-date symlink: /SLAM/ros_ws/install/image_proc/share/image_proc/local_setup.dsv
[1.233s] -- Symlinking: /SLAM/ros_ws/install/image_proc/share/image_proc/package.dsv
[1.246s] -- Up-to-date symlink: /SLAM/ros_ws/install/image_proc/share/ament_index/resource_index/packages/image_proc
[1.246s] -- Up-to-date symlink: /SLAM/ros_ws/install/image_proc/share/ament_index/resource_index/rclcpp_components/image_proc
[1.246s] -- Up-to-date symlink: /SLAM/ros_ws/install/image_proc/share/image_proc/cmake/ament_cmake_export_dependencies-extras.cmake
[1.247s] -- Up-to-date symlink: /SLAM/ros_ws/install/image_proc/share/image_proc/cmake/ament_cmake_export_include_directories-extras.cmake
[1.247s] -- Up-to-date symlink: /SLAM/ros_ws/install/image_proc/share/image_proc/cmake/ament_cmake_export_libraries-extras.cmake
[1.247s] -- Up-to-date symlink: /SLAM/ros_ws/install/image_proc/share/image_proc/cmake/image_procConfig.cmake
[1.247s] -- Up-to-date symlink: /SLAM/ros_ws/install/image_proc/share/image_proc/cmake/image_procConfig-version.cmake
[1.247s] -- Up-to-date symlink: /SLAM/ros_ws/install/image_proc/share/image_proc/package.xml
[1.250s] Invoked command in '/SLAM/ros_ws/build/image_proc' returned '0': CMAKE_PREFIX_PATH=/SLAM/ros_ws/install/tracetools_image_pipeline:/SLAM/ros_ws/install/rplidar_ros:/SLAM/ros_ws/install/examples_rclcpp_minimal_client:/SLAM/ros_ws/install/cpp_srvcli:/SLAM/ros_ws/install/image_pipeline:/SLAM/ros_ws/install/stereo_image_proc:/SLAM/ros_ws/install/image_proc:/SLAM/ros_ws/install/sllidar_ros2:/SLAM/ros_ws/install/rtabmap_ros:/SLAM/ros_ws/install/rtabmap_launch:/SLAM/ros_ws/install/rtabmap_examples:/SLAM/ros_ws/install/rtabmap_demos:/SLAM/ros_ws/install/rtabmap_viz:/SLAM/ros_ws/install/rtabmap_slam:/SLAM/ros_ws/install/rtabmap_odom:/SLAM/ros_ws/install/rtabmap_util:/SLAM/ros_ws/install/rtabmap_sync:/SLAM/ros_ws/install/rtabmap_rviz_plugins:/SLAM/ros_ws/install/rtabmap_conversions:/SLAM/ros_ws/install/examples_rclpy_minimal_client:/SLAM/ros_ws/install/examples_rclpy_minimal_action_server:/SLAM/ros_ws/install/examples_rclpy_minimal_action_client:/SLAM/ros_ws/install/examples_rclpy_executors:/SLAM/ros_ws/install/rtabmap_python:/SLAM/ros_ws/install/camera_calibration:/opt/ros/humble:/SLAM/ros_ws/install/rtabmap_msgs:/SLAM/ros_ws/install/rtabmap:/SLAM/ros_ws/install/image_view:/SLAM/ros_ws/install/image_rotate:/SLAM/ros_ws/install/astra_camera:/SLAM/ros_ws/install/image_publisher:/SLAM/ros_ws/install/depth_image_proc:/SLAM/ros_ws/install/astra_camera_msgs LD_LIBRARY_PATH=/SLAM/ros_ws/install/tracetools_image_pipeline/lib:/SLAM/ros_ws/install/stereo_image_proc/lib:/SLAM/ros_ws/install/image_proc/lib:/SLAM/ros_ws/install/rtabmap_slam/lib:/SLAM/ros_ws/install/rtabmap_odom/lib:/SLAM/ros_ws/install/rtabmap_util/lib:/SLAM/ros_ws/install/rtabmap_sync/lib:/SLAM/ros_ws/install/rtabmap_rviz_plugins/lib:/SLAM/ros_ws/install/rtabmap_conversions/lib:/SLAM/ros_ws/install/rtabmap_msgs/lib:/SLAM/ros_ws/install/rtabmap/lib:/SLAM/ros_ws/install/image_view/lib:/SLAM/ros_ws/install/image_rotate/lib:/SLAM/ros_ws/install/astra_camera/lib:/SLAM/ros_ws/install/image_publisher/lib:/SLAM/ros_ws/install/depth_image_proc/lib:/SLAM/ros_ws/install/astra_camera_msgs/lib:/usr/lib/x86_64-linux-gnu/gazebo-11/plugins:/opt/ros/humble/opt/rviz_ogre_vendor/lib:/opt/ros/humble/lib/x86_64-linux-gnu:/opt/ros/humble/lib /usr/bin/cmake --install /SLAM/ros_ws/build/image_proc
