[0.046s] Invoking command in '/SLAM/ros_ws/build/stereo_image_proc': AMENT_PREFIX_PATH=/SLAM/ros_ws/install/image_proc:/SLAM/ros_ws/install/tracetools_image_pipeline:${AMENT_PREFIX_PATH} CMAKE_PREFIX_PATH=/SLAM/ros_ws/install/image_proc:/SLAM/ros_ws/install/tracetools_image_pipeline:/opt/ros/humble LD_LIBRARY_PATH=/SLAM/ros_ws/install/image_proc/lib:/SLAM/ros_ws/install/tracetools_image_pipeline/lib:${LD_LIBRARY_PATH} PATH=/SLAM/ros_ws/install/image_proc/bin:${PATH} /usr/bin/cmake /SLAM/ros_ws/src/image_pipeline/stereo_image_proc -DCMAKE_INSTALL_PREFIX=/SLAM/ros_ws/install/stereo_image_proc
[0.110s] -- The C compiler identification is GNU 11.4.0
[0.165s] -- The CXX compiler identification is GNU 11.4.0
[0.175s] -- Detecting C compiler ABI info
[0.247s] -- Detecting C compiler ABI info - done
[0.255s] -- Check for working C compiler: /usr/bin/cc - skipped
[0.256s] -- Detecting C compile features
[0.256s] -- Detecting C compile features - done
[0.261s] -- Detecting CXX compiler ABI info
[0.342s] -- Detecting CXX compiler ABI info - done
[0.348s] -- Check for working CXX compiler: /usr/bin/c++ - skipped
[0.348s] -- Detecting CXX compile features
[0.348s] -- Detecting CXX compile features - done
[0.353s] -- Found ament_cmake_auto: 1.3.6 (/opt/ros/humble/share/ament_cmake_auto/cmake)
[0.522s] -- Found Python3: /usr/bin/python3.10 (found version "3.10.12") found components: Interpreter 
[0.759s] -- Found rosidl_generator_c: 3.1.5 (/opt/ros/humble/share/rosidl_generator_c/cmake)
[0.768s] -- Found rosidl_adapter: 3.1.5 (/opt/ros/humble/share/rosidl_adapter/cmake)
[0.781s] -- Found rosidl_generator_cpp: 3.1.5 (/opt/ros/humble/share/rosidl_generator_cpp/cmake)
[0.799s] -- Using all available rosidl_typesupport_c: rosidl_typesupport_fastrtps_c;rosidl_typesupport_introspection_c
[0.824s] -- Using all available rosidl_typesupport_cpp: rosidl_typesupport_fastrtps_cpp;rosidl_typesupport_introspection_cpp
[1.125s] -- Found rmw_implementation_cmake: 6.1.1 (/opt/ros/humble/share/rmw_implementation_cmake/cmake)
[1.130s] -- Found rmw_fastrtps_cpp: 6.2.5 (/opt/ros/humble/share/rmw_fastrtps_cpp/cmake)
[1.261s] -- Found OpenSSL: /usr/lib/x86_64-linux-gnu/libcrypto.so (found version "3.0.2")  
[1.300s] -- Found FastRTPS: /opt/ros/humble/include  
[1.364s] -- Using RMW implementation 'rmw_fastrtps_cpp' as default
[1.380s] -- Looking for pthread.h
[1.456s] -- Looking for pthread.h - found
[1.456s] -- Performing Test CMAKE_HAVE_LIBC_PTHREAD
[1.533s] -- Performing Test CMAKE_HAVE_LIBC_PTHREAD - Success
[1.534s] -- Found Threads: TRUE  
[1.895s] -- Found OpenCV: /usr (found version "4.5.4") 
[1.967s] -- Found ament_lint_auto: 0.12.9 (/opt/ros/humble/share/ament_lint_auto/cmake)
[2.079s] -- Found python_cmake_module: 0.10.0 (/opt/ros/humble/share/python_cmake_module/cmake)
[2.098s] -- Found PythonInterp: /usr/bin/python3 (found suitable version "3.10.12", minimum required is "3.6") 
[2.103s] -- Found PythonLibs: /usr/lib/x86_64-linux-gnu/libpython3.10.so (found suitable version "3.10.12", minimum required is "3.5") 
[2.104s] -- Using PYTHON_EXECUTABLE: /usr/bin/python3
[2.104s] -- Using PYTHON_INCLUDE_DIRS: /usr/include/python3.10
[2.104s] -- Using PYTHON_LIBRARIES: /usr/lib/x86_64-linux-gnu/libpython3.10.so
[2.122s] -- Found PythonExtra: .so  
[2.156s] -- Added test 'copyright' to check source files copyright and LICENSE
[2.158s] -- Added test 'cppcheck' to perform static code analysis on C / C++ code
[2.158s] -- Configured cppcheck include dirs: /SLAM/ros_ws/src/image_pipeline/stereo_image_proc/include
[2.158s] -- Configured cppcheck exclude dirs and/or files: 
[2.160s] -- Added test 'cpplint' to check C / C++ code against the Google style
[2.160s] -- Configured cpplint exclude dirs and/or files: 
[2.161s] -- Added test 'flake8' to check Python code syntax and style conventions
[2.162s] -- Added test 'lint_cmake' to check CMake code style
[2.163s] -- Added test 'pep257' to check Python code against some of the docstring style conventions in PEP 257
[2.165s] -- Added test 'uncrustify' to check C / C++ code style
[2.165s] -- Configured uncrustify additional arguments: 
[2.165s] -- Added test 'xmllint' to check XML markup files
[2.168s] -- Configuring done
[2.206s] -- Generating done
[2.208s] -- Build files have been written to: /SLAM/ros_ws/build/stereo_image_proc
[2.220s] Invoked command in '/SLAM/ros_ws/build/stereo_image_proc' returned '0': AMENT_PREFIX_PATH=/SLAM/ros_ws/install/image_proc:/SLAM/ros_ws/install/tracetools_image_pipeline:${AMENT_PREFIX_PATH} CMAKE_PREFIX_PATH=/SLAM/ros_ws/install/image_proc:/SLAM/ros_ws/install/tracetools_image_pipeline:/opt/ros/humble LD_LIBRARY_PATH=/SLAM/ros_ws/install/image_proc/lib:/SLAM/ros_ws/install/tracetools_image_pipeline/lib:${LD_LIBRARY_PATH} PATH=/SLAM/ros_ws/install/image_proc/bin:${PATH} /usr/bin/cmake /SLAM/ros_ws/src/image_pipeline/stereo_image_proc -DCMAKE_INSTALL_PREFIX=/SLAM/ros_ws/install/stereo_image_proc
[2.221s] Invoking command in '/SLAM/ros_ws/build/stereo_image_proc': AMENT_PREFIX_PATH=/SLAM/ros_ws/install/image_proc:/SLAM/ros_ws/install/tracetools_image_pipeline:${AMENT_PREFIX_PATH} CMAKE_PREFIX_PATH=/SLAM/ros_ws/install/image_proc:/SLAM/ros_ws/install/tracetools_image_pipeline:/opt/ros/humble LD_LIBRARY_PATH=/SLAM/ros_ws/install/image_proc/lib:/SLAM/ros_ws/install/tracetools_image_pipeline/lib:${LD_LIBRARY_PATH} PATH=/SLAM/ros_ws/install/image_proc/bin:${PATH} /usr/bin/cmake --build /SLAM/ros_ws/build/stereo_image_proc -- -j16 -l16
[2.281s] [ 12%] [32mBuilding CXX object CMakeFiles/stereo_image_proc.dir/src/stereo_image_proc/stereo_processor.cpp.o[0m
[3.557s] [ 25%] [32mBuilding CXX object CMakeFiles/stereo_image_proc.dir/src/stereo_image_proc/point_cloud_node.cpp.o[0m
[16.814s] [ 37%] [32mBuilding CXX object CMakeFiles/stereo_image_proc.dir/src/stereo_image_proc/disparity_node.cpp.o[0m
[27.439s] [ 50%] [32m[1mLinking CXX shared library libstereo_image_proc.so[0m
[28.626s] [ 50%] Built target stereo_image_proc
[28.649s] [ 62%] [32mBuilding CXX object CMakeFiles/point_cloud_node.dir/rclcpp_components/node_main_point_cloud_node.cpp.o[0m
[31.294s] [ 75%] [32m[1mLinking CXX executable point_cloud_node[0m
[31.416s] [ 75%] Built target point_cloud_node
[31.441s] [ 87%] [32mBuilding CXX object CMakeFiles/disparity_node.dir/rclcpp_components/node_main_disparity_node.cpp.o[0m
[34.249s] [100%] [32m[1mLinking CXX executable disparity_node[0m
[34.372s] [100%] Built target disparity_node
[34.387s] Invoked command in '/SLAM/ros_ws/build/stereo_image_proc' returned '0': AMENT_PREFIX_PATH=/SLAM/ros_ws/install/image_proc:/SLAM/ros_ws/install/tracetools_image_pipeline:${AMENT_PREFIX_PATH} CMAKE_PREFIX_PATH=/SLAM/ros_ws/install/image_proc:/SLAM/ros_ws/install/tracetools_image_pipeline:/opt/ros/humble LD_LIBRARY_PATH=/SLAM/ros_ws/install/image_proc/lib:/SLAM/ros_ws/install/tracetools_image_pipeline/lib:${LD_LIBRARY_PATH} PATH=/SLAM/ros_ws/install/image_proc/bin:${PATH} /usr/bin/cmake --build /SLAM/ros_ws/build/stereo_image_proc -- -j16 -l16
[34.429s] Invoking command in '/SLAM/ros_ws/build/stereo_image_proc': AMENT_PREFIX_PATH=/SLAM/ros_ws/install/image_proc:/SLAM/ros_ws/install/tracetools_image_pipeline:${AMENT_PREFIX_PATH} CMAKE_PREFIX_PATH=/SLAM/ros_ws/install/image_proc:/SLAM/ros_ws/install/tracetools_image_pipeline:/opt/ros/humble LD_LIBRARY_PATH=/SLAM/ros_ws/install/image_proc/lib:/SLAM/ros_ws/install/tracetools_image_pipeline/lib:${LD_LIBRARY_PATH} PATH=/SLAM/ros_ws/install/image_proc/bin:${PATH} /usr/bin/cmake --install /SLAM/ros_ws/build/stereo_image_proc
[34.437s] -- Install configuration: ""
[34.438s] -- Installing: /SLAM/ros_ws/install/stereo_image_proc/lib/stereo_image_proc/disparity_node
[34.439s] -- Set runtime path of "/SLAM/ros_ws/install/stereo_image_proc/lib/stereo_image_proc/disparity_node" to ""
[34.440s] -- Installing: /SLAM/ros_ws/install/stereo_image_proc/lib/stereo_image_proc/point_cloud_node
[34.441s] -- Set runtime path of "/SLAM/ros_ws/install/stereo_image_proc/lib/stereo_image_proc/point_cloud_node" to ""
[34.441s] -- Up-to-date: /SLAM/ros_ws/install/stereo_image_proc/include
[34.441s] -- Up-to-date: /SLAM/ros_ws/install/stereo_image_proc/include/stereo_image_proc
[34.441s] -- Up-to-date: /SLAM/ros_ws/install/stereo_image_proc/include/stereo_image_proc/stereo_processor.hpp
[34.441s] -- Up-to-date: /SLAM/ros_ws/install/stereo_image_proc/share/stereo_image_proc/environment/library_path.sh
[34.441s] -- Installing: /SLAM/ros_ws/install/stereo_image_proc/share/stereo_image_proc/environment/library_path.dsv
[34.442s] -- Installing: /SLAM/ros_ws/install/stereo_image_proc/lib/libstereo_image_proc.so
[34.468s] -- Set runtime path of "/SLAM/ros_ws/install/stereo_image_proc/lib/libstereo_image_proc.so" to ""
[34.469s] -- Up-to-date: /SLAM/ros_ws/install/stereo_image_proc/share/stereo_image_proc/launch
[34.469s] -- Up-to-date: /SLAM/ros_ws/install/stereo_image_proc/share/stereo_image_proc/launch/stereo_image_proc.launch.py
[34.469s] -- Installing: /SLAM/ros_ws/install/stereo_image_proc/share/ament_index/resource_index/package_run_dependencies/stereo_image_proc
[34.469s] -- Installing: /SLAM/ros_ws/install/stereo_image_proc/share/ament_index/resource_index/parent_prefix_path/stereo_image_proc
[34.469s] -- Up-to-date: /SLAM/ros_ws/install/stereo_image_proc/share/stereo_image_proc/environment/ament_prefix_path.sh
[34.469s] -- Installing: /SLAM/ros_ws/install/stereo_image_proc/share/stereo_image_proc/environment/ament_prefix_path.dsv
[34.469s] -- Up-to-date: /SLAM/ros_ws/install/stereo_image_proc/share/stereo_image_proc/environment/path.sh
[34.469s] -- Installing: /SLAM/ros_ws/install/stereo_image_proc/share/stereo_image_proc/environment/path.dsv
[34.469s] -- Installing: /SLAM/ros_ws/install/stereo_image_proc/share/stereo_image_proc/local_setup.bash
[34.469s] -- Installing: /SLAM/ros_ws/install/stereo_image_proc/share/stereo_image_proc/local_setup.sh
[34.470s] -- Installing: /SLAM/ros_ws/install/stereo_image_proc/share/stereo_image_proc/local_setup.zsh
[34.470s] -- Installing: /SLAM/ros_ws/install/stereo_image_proc/share/stereo_image_proc/local_setup.dsv
[34.470s] -- Installing: /SLAM/ros_ws/install/stereo_image_proc/share/stereo_image_proc/package.dsv
[34.470s] -- Installing: /SLAM/ros_ws/install/stereo_image_proc/share/ament_index/resource_index/packages/stereo_image_proc
[34.471s] -- Installing: /SLAM/ros_ws/install/stereo_image_proc/share/ament_index/resource_index/rclcpp_components/stereo_image_proc
[34.471s] -- Installing: /SLAM/ros_ws/install/stereo_image_proc/share/stereo_image_proc/cmake/ament_cmake_export_dependencies-extras.cmake
[34.471s] -- Installing: /SLAM/ros_ws/install/stereo_image_proc/share/stereo_image_proc/cmake/ament_cmake_export_include_directories-extras.cmake
[34.471s] -- Installing: /SLAM/ros_ws/install/stereo_image_proc/share/stereo_image_proc/cmake/ament_cmake_export_libraries-extras.cmake
[34.471s] -- Installing: /SLAM/ros_ws/install/stereo_image_proc/share/stereo_image_proc/cmake/stereo_image_procConfig.cmake
[34.472s] -- Installing: /SLAM/ros_ws/install/stereo_image_proc/share/stereo_image_proc/cmake/stereo_image_procConfig-version.cmake
[34.472s] -- Up-to-date: /SLAM/ros_ws/install/stereo_image_proc/share/stereo_image_proc/package.xml
[34.474s] Invoked command in '/SLAM/ros_ws/build/stereo_image_proc' returned '0': AMENT_PREFIX_PATH=/SLAM/ros_ws/install/image_proc:/SLAM/ros_ws/install/tracetools_image_pipeline:${AMENT_PREFIX_PATH} CMAKE_PREFIX_PATH=/SLAM/ros_ws/install/image_proc:/SLAM/ros_ws/install/tracetools_image_pipeline:/opt/ros/humble LD_LIBRARY_PATH=/SLAM/ros_ws/install/image_proc/lib:/SLAM/ros_ws/install/tracetools_image_pipeline/lib:${LD_LIBRARY_PATH} PATH=/SLAM/ros_ws/install/image_proc/bin:${PATH} /usr/bin/cmake --install /SLAM/ros_ws/build/stereo_image_proc
