[0.000000] (-) TimerEvent: {}
[0.000169] (-) JobUnselected: {'identifier': 'astra_camera'}
[0.000208] (-) JobUnselected: {'identifier': 'astra_camera_msgs'}
[0.000243] (-) JobUnselected: {'identifier': 'camera_calibration'}
[0.000299] (-) JobUnselected: {'identifier': 'depth_image_proc'}
[0.000321] (-) JobUnselected: {'identifier': 'image_pipeline'}
[0.000346] (-) JobUnselected: {'identifier': 'image_proc'}
[0.000360] (-) JobUnselected: {'identifier': 'image_publisher'}
[0.000385] (-) JobUnselected: {'identifier': 'image_rotate'}
[0.000423] (-) JobUnselected: {'identifier': 'image_view'}
[0.000479] (-) JobUnselected: {'identifier': 'rtabmap'}
[0.000544] (-) JobUnselected: {'identifier': 'rtabmap_conversions'}
[0.000564] (-) JobUnselected: {'identifier': 'rtabmap_examples'}
[0.000578] (-) JobUnselected: {'identifier': 'rtabmap_launch'}
[0.000602] (-) JobUnselected: {'identifier': 'rtabmap_msgs'}
[0.000647] (-) JobUnselected: {'identifier': 'rtabmap_odom'}
[0.000698] (-) JobUnselected: {'identifier': 'rtabmap_python'}
[0.000727] (-) JobUnselected: {'identifier': 'rtabmap_ros'}
[0.000770] (-) JobUnselected: {'identifier': 'rtabmap_rviz_plugins'}
[0.000784] (-) JobUnselected: {'identifier': 'rtabmap_slam'}
[0.000812] (-) JobUnselected: {'identifier': 'rtabmap_sync'}
[0.000874] (-) JobUnselected: {'identifier': 'rtabmap_util'}
[0.000922] (-) JobUnselected: {'identifier': 'rtabmap_viz'}
[0.000962] (-) JobUnselected: {'identifier': 'sllidar_ros2'}
[0.000977] (-) JobUnselected: {'identifier': 'stereo_image_proc'}
[0.001004] (-) JobUnselected: {'identifier': 'tracetools_image_pipeline'}
[0.001087] (rtabmap_demos) JobQueued: {'identifier': 'rtabmap_demos', 'dependencies': OrderedDict([('rtabmap', '/SLAM/ros_ws/install/rtabmap'), ('rtabmap_msgs', '/SLAM/ros_ws/install/rtabmap_msgs'), ('rtabmap_conversions', '/SLAM/ros_ws/install/rtabmap_conversions'), ('rtabmap_rviz_plugins', '/SLAM/ros_ws/install/rtabmap_rviz_plugins'), ('rtabmap_sync', '/SLAM/ros_ws/install/rtabmap_sync'), ('rtabmap_util', '/SLAM/ros_ws/install/rtabmap_util'), ('rtabmap_odom', '/SLAM/ros_ws/install/rtabmap_odom'), ('rtabmap_slam', '/SLAM/ros_ws/install/rtabmap_slam'), ('rtabmap_viz', '/SLAM/ros_ws/install/rtabmap_viz')])}
[0.001147] (rtabmap_demos) JobStarted: {'identifier': 'rtabmap_demos'}
[0.075346] (rtabmap_demos) JobProgress: {'identifier': 'rtabmap_demos', 'progress': 'cmake'}
[0.075669] (rtabmap_demos) Command: {'cmd': ['/usr/bin/cmake', '/SLAM/ros_ws/src/rtabmap_ros/rtabmap_demos', '-DCMAKE_BUILD_TYPE=Release', '-DAMENT_CMAKE_SYMLINK_INSTALL=1', '-DCMAKE_INSTALL_PREFIX=/SLAM/ros_ws/install/rtabmap_demos'], 'cwd': '/SLAM/ros_ws/build/rtabmap_demos', 'env': OrderedDict([('HOSTNAME', 'acer'), ('ROS_PACKAGE_PATH', '/SLAM/ros_ws/install/rtabmap_msgs/share'), ('GIT_ASKPASS', '/home/ros/.vscode-server/bin/0ee08df0cf4527e40edc9aa28f4b5bd38bbff2b2/extensions/git/dist/askpass.sh'), ('SHLVL', '2'), ('LD_LIBRARY_PATH', '/SLAM/ros_ws/install/rtabmap_slam/lib:/SLAM/ros_ws/install/rtabmap_odom/lib:/SLAM/ros_ws/install/rtabmap_util/lib:/SLAM/ros_ws/install/rtabmap_sync/lib:/SLAM/ros_ws/install/rtabmap_rviz_plugins/lib:/SLAM/ros_ws/install/rtabmap_conversions/lib:/SLAM/ros_ws/install/rtabmap_msgs/lib:/SLAM/ros_ws/install/rtabmap/lib:/SLAM/ros_ws/install/stereo_image_proc/lib:/SLAM/ros_ws/install/image_proc/lib:/SLAM/ros_ws/install/tracetools_image_pipeline/lib:/SLAM/ros_ws/install/image_view/lib:/SLAM/ros_ws/install/image_rotate/lib:/SLAM/ros_ws/install/astra_camera/lib:/SLAM/ros_ws/install/image_publisher/lib:/SLAM/ros_ws/install/depth_image_proc/lib:/SLAM/ros_ws/install/astra_camera_msgs/lib:/usr/lib/x86_64-linux-gnu/gazebo-11/plugins:/opt/ros/humble/opt/rviz_ogre_vendor/lib:/opt/ros/humble/lib/x86_64-linux-gnu:/opt/ros/humble/lib'), ('BROWSER', '/home/ros/.vscode-server/bin/0ee08df0cf4527e40edc9aa28f4b5bd38bbff2b2/bin/helpers/browser.sh'), ('HOME', '/home/ros'), ('OLDPWD', '/SLAM'), ('TERM_PROGRAM_VERSION', '1.85.1'), ('VSCODE_IPC_HOOK_CLI', '/tmp/vscode-ipc-b767ac96-efed-4f0f-95be-a2aa688262b3.sock'), ('ROS_PYTHON_VERSION', '3'), ('VSCODE_GIT_ASKPASS_MAIN', '/home/ros/.vscode-server/bin/0ee08df0cf4527e40edc9aa28f4b5bd38bbff2b2/extensions/git/dist/askpass-main.js'), ('VSCODE_GIT_ASKPASS_NODE', '/home/ros/.vscode-server/bin/0ee08df0cf4527e40edc9aa28f4b5bd38bbff2b2/node'), ('MAKEFLAGS', '-j6'), ('COLORTERM', 'truecolor'), ('REMOTE_CONTAINERS', 'true'), ('COLCON_PREFIX_PATH', '/SLAM/ros_ws/install'), ('ROS_DISTRO', 'humble'), ('REMOTE_CONTAINERS_IPC', '/tmp/vscode-remote-containers-ipc-9ab2f5d1-353e-48b2-a529-a74e9f1ed1d2.sock'), ('_', '/usr/bin/colcon'), ('ROS_VERSION', '2'), ('PKG_CONFIG_PATH', '/SLAM/ros_ws/install/rtabmap_msgs/lib/x86_64-linux-gnu/pkgconfig:/SLAM/ros_ws/install/rtabmap_msgs/lib/pkgconfig:/SLAM/ros_ws/install/rtabmap/lib/x86_64-linux-gnu/pkgconfig:/SLAM/ros_ws/install/rtabmap/lib/pkgconfig'), ('TERM', 'xterm-256color'), ('ROS_LOCALHOST_ONLY', '0'), ('PATH', '/SLAM/ros_ws/install/rtabmap/bin:/SLAM/ros_ws/install/image_proc/bin:/home/ros/.vscode-server/bin/0ee08df0cf4527e40edc9aa28f4b5bd38bbff2b2/bin/remote-cli:/opt/ros/humble/bin:/usr/local/sbin:/usr/local/bin:/usr/sbin:/usr/bin:/sbin:/bin'), ('REMOTE_CONTAINERS_SOCKETS', '["/tmp/vscode-ssh-auth-9ab2f5d1-353e-48b2-a529-a74e9f1ed1d2.sock","/tmp/.X11-unix/X0","/home/ros/.gnupg/S.gpg-agent"]'), ('DISPLAY', ':1'), ('LANG', 'C.UTF-8'), ('VSCODE_GIT_IPC_HANDLE', '/tmp/vscode-git-300c5a9faf.sock'), ('TERM_PROGRAM', 'vscode'), ('SSH_AUTH_SOCK', '/tmp/vscode-ssh-auth-9ab2f5d1-353e-48b2-a529-a74e9f1ed1d2.sock'), ('AMENT_PREFIX_PATH', '/SLAM/ros_ws/install/image_pipeline:/SLAM/ros_ws/install/stereo_image_proc:/SLAM/ros_ws/install/image_proc:/SLAM/ros_ws/install/tracetools_image_pipeline:/SLAM/ros_ws/install/sllidar_ros2:/SLAM/ros_ws/install/rtabmap_ros:/SLAM/ros_ws/install/rtabmap_launch:/SLAM/ros_ws/install/rtabmap_examples:/SLAM/ros_ws/install/rtabmap_viz:/SLAM/ros_ws/install/rtabmap_slam:/SLAM/ros_ws/install/rtabmap_odom:/SLAM/ros_ws/install/rtabmap_util:/SLAM/ros_ws/install/rtabmap_sync:/SLAM/ros_ws/install/rtabmap_rviz_plugins:/SLAM/ros_ws/install/rtabmap_python:/SLAM/ros_ws/install/rtabmap_conversions:/SLAM/ros_ws/install/image_view:/SLAM/ros_ws/install/image_rotate:/SLAM/ros_ws/install/astra_camera:/SLAM/ros_ws/install/image_publisher:/SLAM/ros_ws/install/depth_image_proc:/SLAM/ros_ws/install/camera_calibration:/SLAM/ros_ws/install/astra_camera_msgs:/opt/ros/humble'), ('REMOTE_CONTAINERS_DISPLAY_SOCK', '/tmp/.X11-unix/X0'), ('SHELL', '/bin/bash'), ('VSCODE_GIT_ASKPASS_EXTRA_ARGS', ''), ('PWD', '/SLAM/ros_ws/build/rtabmap_demos'), ('TURTLEBOT3_MODEL', 'waffle'), ('LC_ALL', 'C.UTF-8'), ('PYTHONPATH', '/SLAM/ros_ws/install/rtabmap_msgs/local/lib/python3.10/dist-packages:/SLAM/ros_ws/build/rtabmap_python:/SLAM/ros_ws/install/rtabmap_python/lib/python3.10/site-packages:/SLAM/ros_ws/build/camera_calibration/src:/SLAM/ros_ws/install/camera_calibration/lib/python3.10/site-packages:/SLAM/ros_ws/install/astra_camera_msgs/local/lib/python3.10/dist-packages:/opt/ros/humble/lib/python3.10/site-packages:/opt/ros/humble/local/lib/python3.10/dist-packages'), ('COLCON', '1'), ('CMAKE_PREFIX_PATH', '/SLAM/ros_ws/install/rtabmap_viz:/SLAM/ros_ws/install/rtabmap_slam:/SLAM/ros_ws/install/rtabmap_odom:/SLAM/ros_ws/install/rtabmap_util:/SLAM/ros_ws/install/rtabmap_sync:/SLAM/ros_ws/install/rtabmap_rviz_plugins:/SLAM/ros_ws/install/rtabmap_conversions:/SLAM/ros_ws/install/rtabmap_python:/SLAM/ros_ws/install/camera_calibration:/opt/ros/humble:/SLAM/ros_ws/install/rtabmap_msgs:/SLAM/ros_ws/install/rtabmap:/SLAM/ros_ws/install/image_pipeline:/SLAM/ros_ws/install/stereo_image_proc:/SLAM/ros_ws/install/image_proc:/SLAM/ros_ws/install/tracetools_image_pipeline:/SLAM/ros_ws/install/sllidar_ros2:/SLAM/ros_ws/install/rtabmap_ros:/SLAM/ros_ws/install/rtabmap_launch:/SLAM/ros_ws/install/rtabmap_examples:/SLAM/ros_ws/install/image_view:/SLAM/ros_ws/install/image_rotate:/SLAM/ros_ws/install/astra_camera:/SLAM/ros_ws/install/image_publisher:/SLAM/ros_ws/install/depth_image_proc:/SLAM/ros_ws/install/astra_camera_msgs')]), 'shell': False}
[0.099361] (-) TimerEvent: {}
[0.137101] (rtabmap_demos) StdoutLine: {'line': b'-- The C compiler identification is GNU 11.4.0\n'}
[0.188225] (rtabmap_demos) StdoutLine: {'line': b'-- The CXX compiler identification is GNU 11.4.0\n'}
[0.195334] (rtabmap_demos) StdoutLine: {'line': b'-- Detecting C compiler ABI info\n'}
[0.199448] (-) TimerEvent: {}
[0.273000] (rtabmap_demos) StdoutLine: {'line': b'-- Detecting C compiler ABI info - done\n'}
[0.278459] (rtabmap_demos) StdoutLine: {'line': b'-- Check for working C compiler: /usr/bin/cc - skipped\n'}
[0.278671] (rtabmap_demos) StdoutLine: {'line': b'-- Detecting C compile features\n'}
[0.278938] (rtabmap_demos) StdoutLine: {'line': b'-- Detecting C compile features - done\n'}
[0.281448] (rtabmap_demos) StdoutLine: {'line': b'-- Detecting CXX compiler ABI info\n'}
[0.299560] (-) TimerEvent: {}
[0.368523] (rtabmap_demos) StdoutLine: {'line': b'-- Detecting CXX compiler ABI info - done\n'}
[0.374070] (rtabmap_demos) StdoutLine: {'line': b'-- Check for working CXX compiler: /usr/bin/c++ - skipped\n'}
[0.374344] (rtabmap_demos) StdoutLine: {'line': b'-- Detecting CXX compile features\n'}
[0.374604] (rtabmap_demos) StdoutLine: {'line': b'-- Detecting CXX compile features - done\n'}
[0.379307] (rtabmap_demos) StdoutLine: {'line': b'-- Found ament_cmake: 1.3.6 (/opt/ros/humble/share/ament_cmake/cmake)\n'}
[0.399638] (-) TimerEvent: {}
[0.499854] (-) TimerEvent: {}
[0.545241] (rtabmap_demos) StdoutLine: {'line': b'-- Found Python3: /usr/bin/python3.10 (found version "3.10.12") found components: Interpreter \n'}
[0.596150] (rtabmap_demos) StdoutLine: {'line': b'-- Override CMake install command with custom implementation using symlinks instead of copying resources\n'}
[0.599937] (-) TimerEvent: {}
[0.700177] (-) TimerEvent: {}
[0.706612] (rtabmap_demos) StdoutLine: {'line': b'-- Configuring done\n'}
[0.710774] (rtabmap_demos) StdoutLine: {'line': b'-- Generating done\n'}
[0.711700] (rtabmap_demos) StdoutLine: {'line': b'-- Build files have been written to: /SLAM/ros_ws/build/rtabmap_demos\n'}
[0.717827] (rtabmap_demos) CommandEnded: {'returncode': 0}
[0.718389] (rtabmap_demos) JobProgress: {'identifier': 'rtabmap_demos', 'progress': 'build'}
[0.719146] (rtabmap_demos) Command: {'cmd': ['/usr/bin/cmake', '--build', '/SLAM/ros_ws/build/rtabmap_demos'], 'cwd': '/SLAM/ros_ws/build/rtabmap_demos', 'env': OrderedDict([('HOSTNAME', 'acer'), ('ROS_PACKAGE_PATH', '/SLAM/ros_ws/install/rtabmap_msgs/share'), ('GIT_ASKPASS', '/home/ros/.vscode-server/bin/0ee08df0cf4527e40edc9aa28f4b5bd38bbff2b2/extensions/git/dist/askpass.sh'), ('SHLVL', '2'), ('LD_LIBRARY_PATH', '/SLAM/ros_ws/install/rtabmap_slam/lib:/SLAM/ros_ws/install/rtabmap_odom/lib:/SLAM/ros_ws/install/rtabmap_util/lib:/SLAM/ros_ws/install/rtabmap_sync/lib:/SLAM/ros_ws/install/rtabmap_rviz_plugins/lib:/SLAM/ros_ws/install/rtabmap_conversions/lib:/SLAM/ros_ws/install/rtabmap_msgs/lib:/SLAM/ros_ws/install/rtabmap/lib:/SLAM/ros_ws/install/stereo_image_proc/lib:/SLAM/ros_ws/install/image_proc/lib:/SLAM/ros_ws/install/tracetools_image_pipeline/lib:/SLAM/ros_ws/install/image_view/lib:/SLAM/ros_ws/install/image_rotate/lib:/SLAM/ros_ws/install/astra_camera/lib:/SLAM/ros_ws/install/image_publisher/lib:/SLAM/ros_ws/install/depth_image_proc/lib:/SLAM/ros_ws/install/astra_camera_msgs/lib:/usr/lib/x86_64-linux-gnu/gazebo-11/plugins:/opt/ros/humble/opt/rviz_ogre_vendor/lib:/opt/ros/humble/lib/x86_64-linux-gnu:/opt/ros/humble/lib'), ('BROWSER', '/home/ros/.vscode-server/bin/0ee08df0cf4527e40edc9aa28f4b5bd38bbff2b2/bin/helpers/browser.sh'), ('HOME', '/home/ros'), ('OLDPWD', '/SLAM'), ('TERM_PROGRAM_VERSION', '1.85.1'), ('VSCODE_IPC_HOOK_CLI', '/tmp/vscode-ipc-b767ac96-efed-4f0f-95be-a2aa688262b3.sock'), ('ROS_PYTHON_VERSION', '3'), ('VSCODE_GIT_ASKPASS_MAIN', '/home/ros/.vscode-server/bin/0ee08df0cf4527e40edc9aa28f4b5bd38bbff2b2/extensions/git/dist/askpass-main.js'), ('VSCODE_GIT_ASKPASS_NODE', '/home/ros/.vscode-server/bin/0ee08df0cf4527e40edc9aa28f4b5bd38bbff2b2/node'), ('MAKEFLAGS', '-j6'), ('COLORTERM', 'truecolor'), ('REMOTE_CONTAINERS', 'true'), ('COLCON_PREFIX_PATH', '/SLAM/ros_ws/install'), ('ROS_DISTRO', 'humble'), ('REMOTE_CONTAINERS_IPC', '/tmp/vscode-remote-containers-ipc-9ab2f5d1-353e-48b2-a529-a74e9f1ed1d2.sock'), ('_', '/usr/bin/colcon'), ('ROS_VERSION', '2'), ('PKG_CONFIG_PATH', '/SLAM/ros_ws/install/rtabmap_msgs/lib/x86_64-linux-gnu/pkgconfig:/SLAM/ros_ws/install/rtabmap_msgs/lib/pkgconfig:/SLAM/ros_ws/install/rtabmap/lib/x86_64-linux-gnu/pkgconfig:/SLAM/ros_ws/install/rtabmap/lib/pkgconfig'), ('TERM', 'xterm-256color'), ('ROS_LOCALHOST_ONLY', '0'), ('PATH', '/SLAM/ros_ws/install/rtabmap/bin:/SLAM/ros_ws/install/image_proc/bin:/home/ros/.vscode-server/bin/0ee08df0cf4527e40edc9aa28f4b5bd38bbff2b2/bin/remote-cli:/opt/ros/humble/bin:/usr/local/sbin:/usr/local/bin:/usr/sbin:/usr/bin:/sbin:/bin'), ('REMOTE_CONTAINERS_SOCKETS', '["/tmp/vscode-ssh-auth-9ab2f5d1-353e-48b2-a529-a74e9f1ed1d2.sock","/tmp/.X11-unix/X0","/home/ros/.gnupg/S.gpg-agent"]'), ('DISPLAY', ':1'), ('LANG', 'C.UTF-8'), ('VSCODE_GIT_IPC_HANDLE', '/tmp/vscode-git-300c5a9faf.sock'), ('TERM_PROGRAM', 'vscode'), ('SSH_AUTH_SOCK', '/tmp/vscode-ssh-auth-9ab2f5d1-353e-48b2-a529-a74e9f1ed1d2.sock'), ('AMENT_PREFIX_PATH', '/SLAM/ros_ws/install/image_pipeline:/SLAM/ros_ws/install/stereo_image_proc:/SLAM/ros_ws/install/image_proc:/SLAM/ros_ws/install/tracetools_image_pipeline:/SLAM/ros_ws/install/sllidar_ros2:/SLAM/ros_ws/install/rtabmap_ros:/SLAM/ros_ws/install/rtabmap_launch:/SLAM/ros_ws/install/rtabmap_examples:/SLAM/ros_ws/install/rtabmap_viz:/SLAM/ros_ws/install/rtabmap_slam:/SLAM/ros_ws/install/rtabmap_odom:/SLAM/ros_ws/install/rtabmap_util:/SLAM/ros_ws/install/rtabmap_sync:/SLAM/ros_ws/install/rtabmap_rviz_plugins:/SLAM/ros_ws/install/rtabmap_python:/SLAM/ros_ws/install/rtabmap_conversions:/SLAM/ros_ws/install/image_view:/SLAM/ros_ws/install/image_rotate:/SLAM/ros_ws/install/astra_camera:/SLAM/ros_ws/install/image_publisher:/SLAM/ros_ws/install/depth_image_proc:/SLAM/ros_ws/install/camera_calibration:/SLAM/ros_ws/install/astra_camera_msgs:/opt/ros/humble'), ('REMOTE_CONTAINERS_DISPLAY_SOCK', '/tmp/.X11-unix/X0'), ('SHELL', '/bin/bash'), ('VSCODE_GIT_ASKPASS_EXTRA_ARGS', ''), ('PWD', '/SLAM/ros_ws/build/rtabmap_demos'), ('TURTLEBOT3_MODEL', 'waffle'), ('LC_ALL', 'C.UTF-8'), ('PYTHONPATH', '/SLAM/ros_ws/install/rtabmap_msgs/local/lib/python3.10/dist-packages:/SLAM/ros_ws/build/rtabmap_python:/SLAM/ros_ws/install/rtabmap_python/lib/python3.10/site-packages:/SLAM/ros_ws/build/camera_calibration/src:/SLAM/ros_ws/install/camera_calibration/lib/python3.10/site-packages:/SLAM/ros_ws/install/astra_camera_msgs/local/lib/python3.10/dist-packages:/opt/ros/humble/lib/python3.10/site-packages:/opt/ros/humble/local/lib/python3.10/dist-packages'), ('COLCON', '1'), ('CMAKE_PREFIX_PATH', '/SLAM/ros_ws/install/rtabmap_viz:/SLAM/ros_ws/install/rtabmap_slam:/SLAM/ros_ws/install/rtabmap_odom:/SLAM/ros_ws/install/rtabmap_util:/SLAM/ros_ws/install/rtabmap_sync:/SLAM/ros_ws/install/rtabmap_rviz_plugins:/SLAM/ros_ws/install/rtabmap_conversions:/SLAM/ros_ws/install/rtabmap_python:/SLAM/ros_ws/install/camera_calibration:/opt/ros/humble:/SLAM/ros_ws/install/rtabmap_msgs:/SLAM/ros_ws/install/rtabmap:/SLAM/ros_ws/install/image_pipeline:/SLAM/ros_ws/install/stereo_image_proc:/SLAM/ros_ws/install/image_proc:/SLAM/ros_ws/install/tracetools_image_pipeline:/SLAM/ros_ws/install/sllidar_ros2:/SLAM/ros_ws/install/rtabmap_ros:/SLAM/ros_ws/install/rtabmap_launch:/SLAM/ros_ws/install/rtabmap_examples:/SLAM/ros_ws/install/image_view:/SLAM/ros_ws/install/image_rotate:/SLAM/ros_ws/install/astra_camera:/SLAM/ros_ws/install/image_publisher:/SLAM/ros_ws/install/depth_image_proc:/SLAM/ros_ws/install/astra_camera_msgs')]), 'shell': False}
[0.765053] (rtabmap_demos) CommandEnded: {'returncode': 0}
[0.798101] (rtabmap_demos) JobProgress: {'identifier': 'rtabmap_demos', 'progress': 'install'}
[0.800253] (-) TimerEvent: {}
[0.809381] (rtabmap_demos) Command: {'cmd': ['/usr/bin/cmake', '--install', '/SLAM/ros_ws/build/rtabmap_demos'], 'cwd': '/SLAM/ros_ws/build/rtabmap_demos', 'env': OrderedDict([('HOSTNAME', 'acer'), ('ROS_PACKAGE_PATH', '/SLAM/ros_ws/install/rtabmap_msgs/share'), ('GIT_ASKPASS', '/home/ros/.vscode-server/bin/0ee08df0cf4527e40edc9aa28f4b5bd38bbff2b2/extensions/git/dist/askpass.sh'), ('SHLVL', '2'), ('LD_LIBRARY_PATH', '/SLAM/ros_ws/install/rtabmap_slam/lib:/SLAM/ros_ws/install/rtabmap_odom/lib:/SLAM/ros_ws/install/rtabmap_util/lib:/SLAM/ros_ws/install/rtabmap_sync/lib:/SLAM/ros_ws/install/rtabmap_rviz_plugins/lib:/SLAM/ros_ws/install/rtabmap_conversions/lib:/SLAM/ros_ws/install/rtabmap_msgs/lib:/SLAM/ros_ws/install/rtabmap/lib:/SLAM/ros_ws/install/stereo_image_proc/lib:/SLAM/ros_ws/install/image_proc/lib:/SLAM/ros_ws/install/tracetools_image_pipeline/lib:/SLAM/ros_ws/install/image_view/lib:/SLAM/ros_ws/install/image_rotate/lib:/SLAM/ros_ws/install/astra_camera/lib:/SLAM/ros_ws/install/image_publisher/lib:/SLAM/ros_ws/install/depth_image_proc/lib:/SLAM/ros_ws/install/astra_camera_msgs/lib:/usr/lib/x86_64-linux-gnu/gazebo-11/plugins:/opt/ros/humble/opt/rviz_ogre_vendor/lib:/opt/ros/humble/lib/x86_64-linux-gnu:/opt/ros/humble/lib'), ('BROWSER', '/home/ros/.vscode-server/bin/0ee08df0cf4527e40edc9aa28f4b5bd38bbff2b2/bin/helpers/browser.sh'), ('HOME', '/home/ros'), ('OLDPWD', '/SLAM'), ('TERM_PROGRAM_VERSION', '1.85.1'), ('VSCODE_IPC_HOOK_CLI', '/tmp/vscode-ipc-b767ac96-efed-4f0f-95be-a2aa688262b3.sock'), ('ROS_PYTHON_VERSION', '3'), ('VSCODE_GIT_ASKPASS_MAIN', '/home/ros/.vscode-server/bin/0ee08df0cf4527e40edc9aa28f4b5bd38bbff2b2/extensions/git/dist/askpass-main.js'), ('VSCODE_GIT_ASKPASS_NODE', '/home/ros/.vscode-server/bin/0ee08df0cf4527e40edc9aa28f4b5bd38bbff2b2/node'), ('MAKEFLAGS', '-j6'), ('COLORTERM', 'truecolor'), ('REMOTE_CONTAINERS', 'true'), ('COLCON_PREFIX_PATH', '/SLAM/ros_ws/install'), ('ROS_DISTRO', 'humble'), ('REMOTE_CONTAINERS_IPC', '/tmp/vscode-remote-containers-ipc-9ab2f5d1-353e-48b2-a529-a74e9f1ed1d2.sock'), ('_', '/usr/bin/colcon'), ('ROS_VERSION', '2'), ('PKG_CONFIG_PATH', '/SLAM/ros_ws/install/rtabmap_msgs/lib/x86_64-linux-gnu/pkgconfig:/SLAM/ros_ws/install/rtabmap_msgs/lib/pkgconfig:/SLAM/ros_ws/install/rtabmap/lib/x86_64-linux-gnu/pkgconfig:/SLAM/ros_ws/install/rtabmap/lib/pkgconfig'), ('TERM', 'xterm-256color'), ('ROS_LOCALHOST_ONLY', '0'), ('PATH', '/SLAM/ros_ws/install/rtabmap/bin:/SLAM/ros_ws/install/image_proc/bin:/home/ros/.vscode-server/bin/0ee08df0cf4527e40edc9aa28f4b5bd38bbff2b2/bin/remote-cli:/opt/ros/humble/bin:/usr/local/sbin:/usr/local/bin:/usr/sbin:/usr/bin:/sbin:/bin'), ('REMOTE_CONTAINERS_SOCKETS', '["/tmp/vscode-ssh-auth-9ab2f5d1-353e-48b2-a529-a74e9f1ed1d2.sock","/tmp/.X11-unix/X0","/home/ros/.gnupg/S.gpg-agent"]'), ('DISPLAY', ':1'), ('LANG', 'C.UTF-8'), ('VSCODE_GIT_IPC_HANDLE', '/tmp/vscode-git-300c5a9faf.sock'), ('TERM_PROGRAM', 'vscode'), ('SSH_AUTH_SOCK', '/tmp/vscode-ssh-auth-9ab2f5d1-353e-48b2-a529-a74e9f1ed1d2.sock'), ('AMENT_PREFIX_PATH', '/SLAM/ros_ws/install/image_pipeline:/SLAM/ros_ws/install/stereo_image_proc:/SLAM/ros_ws/install/image_proc:/SLAM/ros_ws/install/tracetools_image_pipeline:/SLAM/ros_ws/install/sllidar_ros2:/SLAM/ros_ws/install/rtabmap_ros:/SLAM/ros_ws/install/rtabmap_launch:/SLAM/ros_ws/install/rtabmap_examples:/SLAM/ros_ws/install/rtabmap_viz:/SLAM/ros_ws/install/rtabmap_slam:/SLAM/ros_ws/install/rtabmap_odom:/SLAM/ros_ws/install/rtabmap_util:/SLAM/ros_ws/install/rtabmap_sync:/SLAM/ros_ws/install/rtabmap_rviz_plugins:/SLAM/ros_ws/install/rtabmap_python:/SLAM/ros_ws/install/rtabmap_conversions:/SLAM/ros_ws/install/image_view:/SLAM/ros_ws/install/image_rotate:/SLAM/ros_ws/install/astra_camera:/SLAM/ros_ws/install/image_publisher:/SLAM/ros_ws/install/depth_image_proc:/SLAM/ros_ws/install/camera_calibration:/SLAM/ros_ws/install/astra_camera_msgs:/opt/ros/humble'), ('REMOTE_CONTAINERS_DISPLAY_SOCK', '/tmp/.X11-unix/X0'), ('SHELL', '/bin/bash'), ('VSCODE_GIT_ASKPASS_EXTRA_ARGS', ''), ('PWD', '/SLAM/ros_ws/build/rtabmap_demos'), ('TURTLEBOT3_MODEL', 'waffle'), ('LC_ALL', 'C.UTF-8'), ('PYTHONPATH', '/SLAM/ros_ws/install/rtabmap_msgs/local/lib/python3.10/dist-packages:/SLAM/ros_ws/build/rtabmap_python:/SLAM/ros_ws/install/rtabmap_python/lib/python3.10/site-packages:/SLAM/ros_ws/build/camera_calibration/src:/SLAM/ros_ws/install/camera_calibration/lib/python3.10/site-packages:/SLAM/ros_ws/install/astra_camera_msgs/local/lib/python3.10/dist-packages:/opt/ros/humble/lib/python3.10/site-packages:/opt/ros/humble/local/lib/python3.10/dist-packages'), ('COLCON', '1'), ('CMAKE_PREFIX_PATH', '/SLAM/ros_ws/install/rtabmap_viz:/SLAM/ros_ws/install/rtabmap_slam:/SLAM/ros_ws/install/rtabmap_odom:/SLAM/ros_ws/install/rtabmap_util:/SLAM/ros_ws/install/rtabmap_sync:/SLAM/ros_ws/install/rtabmap_rviz_plugins:/SLAM/ros_ws/install/rtabmap_conversions:/SLAM/ros_ws/install/rtabmap_python:/SLAM/ros_ws/install/camera_calibration:/opt/ros/humble:/SLAM/ros_ws/install/rtabmap_msgs:/SLAM/ros_ws/install/rtabmap:/SLAM/ros_ws/install/image_pipeline:/SLAM/ros_ws/install/stereo_image_proc:/SLAM/ros_ws/install/image_proc:/SLAM/ros_ws/install/tracetools_image_pipeline:/SLAM/ros_ws/install/sllidar_ros2:/SLAM/ros_ws/install/rtabmap_ros:/SLAM/ros_ws/install/rtabmap_launch:/SLAM/ros_ws/install/rtabmap_examples:/SLAM/ros_ws/install/image_view:/SLAM/ros_ws/install/image_rotate:/SLAM/ros_ws/install/astra_camera:/SLAM/ros_ws/install/image_publisher:/SLAM/ros_ws/install/depth_image_proc:/SLAM/ros_ws/install/astra_camera_msgs')]), 'shell': False}
[0.819786] (rtabmap_demos) StdoutLine: {'line': b'-- Install configuration: "Release"\n'}
[0.820101] (rtabmap_demos) StdoutLine: {'line': b'-- Execute custom install script\n'}
[0.820438] (rtabmap_demos) StdoutLine: {'line': b'-- Symlinking: /SLAM/ros_ws/install/rtabmap_demos/share/rtabmap_demos/launch/turtlebot3_rgbd.launch.py\n'}
[0.831487] (rtabmap_demos) StdoutLine: {'line': b'-- Symlinking: /SLAM/ros_ws/install/rtabmap_demos/share/rtabmap_demos/launch/turtlebot3_rgbd_sync.launch.py\n'}
[0.841644] (rtabmap_demos) StdoutLine: {'line': b'-- Symlinking: /SLAM/ros_ws/install/rtabmap_demos/share/rtabmap_demos/launch/turtlebot3_scan.launch.py\n'}
[0.851780] (rtabmap_demos) StdoutLine: {'line': b'-- Symlinking: /SLAM/ros_ws/install/rtabmap_demos/share/ament_index/resource_index/package_run_dependencies/rtabmap_demos\n'}
[0.862087] (rtabmap_demos) StdoutLine: {'line': b'-- Symlinking: /SLAM/ros_ws/install/rtabmap_demos/share/ament_index/resource_index/parent_prefix_path/rtabmap_demos\n'}
[0.871478] (rtabmap_demos) StdoutLine: {'line': b'-- Symlinking: /SLAM/ros_ws/install/rtabmap_demos/share/rtabmap_demos/environment/ament_prefix_path.sh\n'}
[0.882044] (rtabmap_demos) StdoutLine: {'line': b'-- Symlinking: /SLAM/ros_ws/install/rtabmap_demos/share/rtabmap_demos/environment/ament_prefix_path.dsv\n'}
[0.891423] (rtabmap_demos) StdoutLine: {'line': b'-- Symlinking: /SLAM/ros_ws/install/rtabmap_demos/share/rtabmap_demos/environment/path.sh\n'}
[0.900341] (-) TimerEvent: {}
[0.901262] (rtabmap_demos) StdoutLine: {'line': b'-- Symlinking: /SLAM/ros_ws/install/rtabmap_demos/share/rtabmap_demos/environment/path.dsv\n'}
[0.912249] (rtabmap_demos) StdoutLine: {'line': b'-- Symlinking: /SLAM/ros_ws/install/rtabmap_demos/share/rtabmap_demos/local_setup.bash\n'}
[0.924018] (rtabmap_demos) StdoutLine: {'line': b'-- Symlinking: /SLAM/ros_ws/install/rtabmap_demos/share/rtabmap_demos/local_setup.sh\n'}
[0.935141] (rtabmap_demos) StdoutLine: {'line': b'-- Symlinking: /SLAM/ros_ws/install/rtabmap_demos/share/rtabmap_demos/local_setup.zsh\n'}
[0.945917] (rtabmap_demos) StdoutLine: {'line': b'-- Symlinking: /SLAM/ros_ws/install/rtabmap_demos/share/rtabmap_demos/local_setup.dsv\n'}
[0.956633] (rtabmap_demos) StdoutLine: {'line': b'-- Symlinking: /SLAM/ros_ws/install/rtabmap_demos/share/rtabmap_demos/package.dsv\n'}
[0.967155] (rtabmap_demos) StdoutLine: {'line': b'-- Symlinking: /SLAM/ros_ws/install/rtabmap_demos/share/ament_index/resource_index/packages/rtabmap_demos\n'}
[0.977755] (rtabmap_demos) StdoutLine: {'line': b'-- Symlinking: /SLAM/ros_ws/install/rtabmap_demos/share/rtabmap_demos/cmake/rtabmap_demosConfig.cmake\n'}
[0.987379] (rtabmap_demos) StdoutLine: {'line': b'-- Symlinking: /SLAM/ros_ws/install/rtabmap_demos/share/rtabmap_demos/cmake/rtabmap_demosConfig-version.cmake\n'}
[0.997701] (rtabmap_demos) StdoutLine: {'line': b'-- Symlinking: /SLAM/ros_ws/install/rtabmap_demos/share/rtabmap_demos/package.xml\n'}
[1.000421] (-) TimerEvent: {}
[1.009584] (rtabmap_demos) CommandEnded: {'returncode': 0}
[1.100524] (-) TimerEvent: {}
[1.132902] (rtabmap_demos) JobEnded: {'identifier': 'rtabmap_demos', 'rc': 0}
[1.133484] (-) EventReactorShutdown: {}
