[0.124s] Invoking command in '/home/khanh/Documents/SLAM/ros_ws/build/rtabmap': CMAKE_PREFIX_PATH=/opt/ros/humble /usr/bin/cmake --build /home/khanh/Documents/SLAM/ros_ws/build/rtabmap
[0.165s] [35m[1mConsolidate compiler generated dependencies of target rtabmap_utilite[0m
[0.184s] [  5%] Built target rtabmap_utilite
[0.194s] [35m[1mConsolidate compiler generated dependencies of target res_tool[0m
[0.206s] [  6%] Built target res_tool
[0.283s] [35m[1mConsolidate compiler generated dependencies of target rtabmap_core[0m
[0.654s] [  7%] [32mBuilding CXX object corelib/src/CMakeFiles/rtabmap_core.dir/camera/CameraFreenect2.cpp.o[0m
[0.654s] [  8%] [32mBuilding CXX object corelib/src/CMakeFiles/rtabmap_core.dir/camera/CameraImages.cpp.o[0m
[0.654s] [  8%] [32mBuilding CXX object corelib/src/CMakeFiles/rtabmap_core.dir/camera/CameraFreenect.cpp.o[0m
[0.654s] [  8%] [32mBuilding CXX object corelib/src/CMakeFiles/rtabmap_core.dir/camera/CameraK4W2.cpp.o[0m
[0.655s] [  8%] [32mBuilding CXX object corelib/src/CMakeFiles/rtabmap_core.dir/camera/CameraK4A.cpp.o[0m
[0.661s] [  9%] [32mBuilding CXX object corelib/src/CMakeFiles/rtabmap_core.dir/camera/CameraOpenni.cpp.o[0m
[0.947s] [01m[K/home/khanh/Documents/SLAM/ros_ws/src/rtabmap/corelib/src/camera/CameraFreenect.cpp:34:10:[m[K [01;31m[Kfatal error: [m[Klibfreenect.h: No such file or directory
[0.948s]    34 | #include [01;31m[K<libfreenect.h>[m[K
[0.948s]       |          [01;31m[K^~~~~~~~~~~~~~~[m[K
[0.948s] compilation terminated.
[0.955s] gmake[2]: *** [corelib/src/CMakeFiles/rtabmap_core.dir/build.make:258: corelib/src/CMakeFiles/rtabmap_core.dir/camera/CameraFreenect.cpp.o] Error 1
[0.955s] gmake[2]: *** Waiting for unfinished jobs....
[6.429s] gmake[1]: *** [CMakeFiles/Makefile2:830: corelib/src/CMakeFiles/rtabmap_core.dir/all] Error 2
[6.430s] gmake: *** [Makefile:156: all] Error 2
[6.432s] Invoked command in '/home/khanh/Documents/SLAM/ros_ws/build/rtabmap' returned '2': CMAKE_PREFIX_PATH=/opt/ros/humble /usr/bin/cmake --build /home/khanh/Documents/SLAM/ros_ws/build/rtabmap
