[0.404s] Invoking command in '/SLAM/ros_ws/build/libuvc': /usr/bin/cmake /SLAM/ros_ws/src/libuvc -DCMAKE_BUILD_TYPE=Release -DCMAKE_INSTALL_PREFIX=/SLAM/ros_ws/install/libuvc
[0.496s] -- The C compiler identification is GNU 11.4.0
[0.509s] -- Detecting C compiler ABI info
[0.640s] -- Detecting C compiler ABI info - done
[0.650s] -- Check for working C compiler: /usr/bin/cc - skipped
[0.651s] -- Detecting C compile features
[0.651s] -- Detecting C compile features - done
[0.652s] -- No target type selected, default to both shared and static library
[0.662s] -- Found PkgConfig: /usr/bin/pkg-config (found version "0.29.2") 
[0.662s] -- Checking for module 'libusb-1.0'
[0.691s] --   Found libusb-1.0, version 1.0.25
[0.768s] -- libusb-1.0 found using pkgconfig
[0.796s] -- Found JPEG: /usr/lib/x86_64-linux-gnu/libjpeg.so (found version "80") 
[0.796s] -- Found JPEG library using standard module
[0.797s] [33mCMake Warning (dev) at /usr/share/cmake-3.22/Modules/FindPackageHandleStandardArgs.cmake:438 (message):
[0.797s]   The package name passed to `find_package_handle_standard_args` (JPEG) does
[0.797s]   not match the name of the calling package (JpegPkg).  This can lead to
[0.797s]   problems in calling code that expects `find_package` result variables
[0.797s]   (e.g., `_FOUND`) to follow a certain pattern.
[0.797s] Call Stack (most recent call first):
[0.797s]   cmake/FindJpegPkg.cmake:58 (find_package_handle_standard_args)
[0.797s]   CMakeLists.txt:45 (find_package)
[0.798s] This warning is for project developers.  Use -Wno-dev to suppress it.
[0.798s] [0m
[0.798s] -- Found JPEG: /usr/lib/x86_64-linux-gnu/libjpeg.so  
[0.798s] -- Building libuvc with JPEG support.
[0.798s] -- Looking for pthread.h
[0.918s] -- Looking for pthread.h - found
[0.918s] -- Performing Test CMAKE_HAVE_LIBC_PTHREAD
[1.044s] -- Performing Test CMAKE_HAVE_LIBC_PTHREAD - Success
[1.051s] -- Found Threads: TRUE  
[1.056s] -- Configuring done
[1.071s] -- Generating done
[1.071s] -- Build files have been written to: /SLAM/ros_ws/build/libuvc
[1.213s] Invoked command in '/SLAM/ros_ws/build/libuvc' returned '0': /usr/bin/cmake /SLAM/ros_ws/src/libuvc -DCMAKE_BUILD_TYPE=Release -DCMAKE_INSTALL_PREFIX=/SLAM/ros_ws/install/libuvc
[1.213s] Invoking command in '/SLAM/ros_ws/build/libuvc': /usr/bin/cmake --build /SLAM/ros_ws/build/libuvc -- -j16 -l16
[1.297s] [ 13%] [32mBuilding C object CMakeFiles/uvc_static.dir/src/ctrl.c.o[0m
[1.299s] [ 13%] [32mBuilding C object CMakeFiles/uvc_static.dir/src/device.c.o[0m
[1.299s] [ 13%] [32mBuilding C object CMakeFiles/uvc.dir/src/ctrl.c.o[0m
[1.300s] [ 18%] [32mBuilding C object CMakeFiles/uvc_static.dir/src/diag.c.o[0m
[1.301s] [ 22%] [32mBuilding C object CMakeFiles/uvc_static.dir/src/frame.c.o[0m
[1.302s] [ 27%] [32mBuilding C object CMakeFiles/uvc_static.dir/src/ctrl-gen.c.o[0m
[1.307s] [ 31%] [32mBuilding C object CMakeFiles/uvc.dir/src/device.c.o[0m
[1.314s] [ 36%] [32mBuilding C object CMakeFiles/uvc.dir/src/ctrl-gen.c.o[0m
[1.329s] [ 40%] [32mBuilding C object CMakeFiles/uvc_static.dir/src/misc.c.o[0m
[1.330s] [ 45%] [32mBuilding C object CMakeFiles/uvc_static.dir/src/stream.c.o[0m
[1.332s] [ 50%] [32mBuilding C object CMakeFiles/uvc_static.dir/src/init.c.o[0m
[1.337s] [ 54%] [32mBuilding C object CMakeFiles/uvc.dir/src/diag.c.o[0m
[1.373s] [ 59%] [32mBuilding C object CMakeFiles/uvc_static.dir/src/frame-mjpeg.c.o[0m
[1.400s] [ 63%] [32mBuilding C object CMakeFiles/uvc.dir/src/frame.c.o[0m
[1.411s] [ 68%] [32mBuilding C object CMakeFiles/uvc.dir/src/init.c.o[0m
[1.427s] [ 72%] [32mBuilding C object CMakeFiles/uvc.dir/src/stream.c.o[0m
[1.497s] [ 77%] [32mBuilding C object CMakeFiles/uvc.dir/src/misc.c.o[0m
[1.506s] [ 81%] [32mBuilding C object CMakeFiles/uvc.dir/src/frame-mjpeg.c.o[0m
[1.920s] [ 86%] [32m[1mLinking C static library libuvc.a[0m
[1.977s] [ 90%] [32m[1mLinking C shared library libuvc.so[0m
[1.988s] [ 90%] Built target uvc_static
[2.095s] [ 90%] Built target uvc
[2.129s] [ 95%] [32mBuilding C object CMakeFiles/example.dir/src/example.c.o[0m
[2.194s] [100%] [32m[1mLinking C executable example[0m
[2.253s] [100%] Built target example
[2.279s] Invoked command in '/SLAM/ros_ws/build/libuvc' returned '0': /usr/bin/cmake --build /SLAM/ros_ws/build/libuvc -- -j16 -l16
[2.362s] Invoking command in '/SLAM/ros_ws/build/libuvc': /usr/bin/cmake --install /SLAM/ros_ws/build/libuvc
[2.374s] -- Install configuration: "Release"
[2.375s] -- Installing: /SLAM/ros_ws/install/libuvc/lib/libuvc.so.0.0.7
[2.375s] -- Up-to-date: /SLAM/ros_ws/install/libuvc/lib/libuvc.so.0
[2.375s] -- Up-to-date: /SLAM/ros_ws/install/libuvc/lib/libuvc.so
[2.376s] -- Installing: /SLAM/ros_ws/install/libuvc/include/libuvc/libuvc.h
[2.376s] -- Installing: /SLAM/ros_ws/install/libuvc/include/libuvc/libuvc_config.h
[2.376s] -- Installing: /SLAM/ros_ws/install/libuvc/lib/libuvc.a
[2.376s] -- Up-to-date: /SLAM/ros_ws/install/libuvc/include/libuvc/libuvc.h
[2.377s] -- Up-to-date: /SLAM/ros_ws/install/libuvc/include/libuvc/libuvc_config.h
[2.377s] -- Installing: /SLAM/ros_ws/install/libuvc/lib/cmake/libuvc/libuvcTargets.cmake
[2.377s] -- Installing: /SLAM/ros_ws/install/libuvc/lib/cmake/libuvc/libuvcTargets-release.cmake
[2.377s] -- Installing: /SLAM/ros_ws/install/libuvc/lib/cmake/libuvc/FindLibUSB.cmake
[2.378s] -- Installing: /SLAM/ros_ws/install/libuvc/lib/cmake/libuvc/FindJpegPkg.cmake
[2.378s] -- Installing: /SLAM/ros_ws/install/libuvc/lib/cmake/libuvc/libuvcConfigVersion.cmake
[2.378s] -- Installing: /SLAM/ros_ws/install/libuvc/lib/pkgconfig/libuvc.pc
[2.378s] -- Installing: /SLAM/ros_ws/install/libuvc/lib/cmake/libuvc/libuvcConfig.cmake
[2.382s] Invoked command in '/SLAM/ros_ws/build/libuvc' returned '0': /usr/bin/cmake --install /SLAM/ros_ws/build/libuvc
