[0.062s] Invoking command in '/SLAM/ros_ws/build/br2_tf2_detector': CMAKE_PREFIX_PATH=/SLAM/ros_ws/install/br2_tiago:/SLAM/ros_ws/install/br2_basics:/SLAM/ros_ws/install/tutourial_intefaces:/SLAM/ros_ws/install/image_pipeline:/SLAM/ros_ws/install/stereo_image_proc:/SLAM/ros_ws/install/image_proc:/SLAM/ros_ws/install/tracetools_image_pipeline:/SLAM/ros_ws/install/sllidar_ros2:/SLAM/ros_ws/install/rtabmap_ros:/SLAM/ros_ws/install/rtabmap_launch:/SLAM/ros_ws/install/rtabmap_examples:/SLAM/ros_ws/install/rtabmap_demos:/SLAM/ros_ws/install/rtabmap_viz:/SLAM/ros_ws/install/rtabmap_slam:/SLAM/ros_ws/install/rtabmap_odom:/SLAM/ros_ws/install/rtabmap_util:/SLAM/ros_ws/install/rtabmap_sync:/SLAM/ros_ws/install/rtabmap_rviz_plugins:/SLAM/ros_ws/install/rtabmap_conversions:/SLAM/ros_ws/install/rtabmap_python:/SLAM/ros_ws/install/my_robot_controller:/SLAM/ros_ws/install/camera_calibration:/opt/ros/humble:/SLAM/ros_ws/install/rtabmap_msgs:/SLAM/ros_ws/install/rtabmap:/SLAM/ros_ws/install/rplidar_ros:/SLAM/ros_ws/install/rf2o_laser_odometry:/SLAM/ros_ws/install/more_interfaces:/SLAM/ros_ws/install/image_view:/SLAM/ros_ws/install/image_rotate:/SLAM/ros_ws/install/astra_camera:/SLAM/ros_ws/install/image_publisher:/SLAM/ros_ws/install/depth_image_proc:/SLAM/ros_ws/install/cpp_srvcli:/SLAM/ros_ws/install/cpp_pubsub:/SLAM/ros_ws/install/astra_camera_msgs /usr/bin/cmake /SLAM/ros_ws/src/book_ros2/br2_tf2_detector -DAMENT_CMAKE_SYMLINK_INSTALL=1 -DCMAKE_INSTALL_PREFIX=/SLAM/ros_ws/install/br2_tf2_detector
[0.138s] -- The C compiler identification is GNU 11.4.0
[0.192s] -- The CXX compiler identification is GNU 11.4.0
[0.200s] -- Detecting C compiler ABI info
[0.278s] -- Detecting C compiler ABI info - done
[0.283s] -- Check for working C compiler: /usr/bin/cc - skipped
[0.283s] -- Detecting C compile features
[0.284s] -- Detecting C compile features - done
[0.286s] -- Detecting CXX compiler ABI info
[0.376s] -- Detecting CXX compiler ABI info - done
[0.383s] -- Check for working CXX compiler: /usr/bin/c++ - skipped
[0.383s] -- Detecting CXX compile features
[0.383s] -- Detecting CXX compile features - done
[0.392s] -- Found ament_cmake: 1.3.6 (/opt/ros/humble/share/ament_cmake/cmake)
[0.578s] -- Found Python3: /usr/bin/python3.10 (found version "3.10.12") found components: Interpreter 
[0.636s] -- Override CMake install command with custom implementation using symlinks instead of copying resources
[0.719s] -- Found rclcpp: 16.0.7 (/opt/ros/humble/share/rclcpp/cmake)
[0.805s] -- Found rosidl_generator_c: 3.1.5 (/opt/ros/humble/share/rosidl_generator_c/cmake)
[0.819s] -- Found rosidl_adapter: 3.1.5 (/opt/ros/humble/share/rosidl_adapter/cmake)
[0.834s] -- Found rosidl_generator_cpp: 3.1.5 (/opt/ros/humble/share/rosidl_generator_cpp/cmake)
[0.855s] -- Using all available rosidl_typesupport_c: rosidl_typesupport_fastrtps_c;rosidl_typesupport_introspection_c
[0.885s] -- Using all available rosidl_typesupport_cpp: rosidl_typesupport_fastrtps_cpp;rosidl_typesupport_introspection_cpp
[0.984s] -- Found rmw_implementation_cmake: 6.1.1 (/opt/ros/humble/share/rmw_implementation_cmake/cmake)
[0.991s] -- Found rmw_fastrtps_cpp: 6.2.5 (/opt/ros/humble/share/rmw_fastrtps_cpp/cmake)
[1.152s] -- Found OpenSSL: /usr/lib/x86_64-linux-gnu/libcrypto.so (found version "3.0.2")  
[1.195s] -- Found FastRTPS: /opt/ros/humble/include  
[1.269s] -- Using RMW implementation 'rmw_fastrtps_cpp' as default
[1.292s] -- Looking for pthread.h
[1.375s] -- Looking for pthread.h - found
[1.375s] -- Performing Test CMAKE_HAVE_LIBC_PTHREAD
[1.460s] -- Performing Test CMAKE_HAVE_LIBC_PTHREAD - Success
[1.460s] -- Found Threads: TRUE  
[1.612s] -- Found tf2_ros: 0.25.5 (/opt/ros/humble/share/tf2_ros/cmake)
[1.989s] -- Found tf2_geometry_msgs: 0.25.5 (/opt/ros/humble/share/tf2_geometry_msgs/cmake)
[2.029s] -- Found eigen3_cmake_module: 0.1.1 (/opt/ros/humble/share/eigen3_cmake_module/cmake)
[2.030s] -- Found Eigen3: TRUE (found version "3.4.0") 
[2.030s] -- Ensuring Eigen3 include directory is part of orocos-kdl CMake target
[2.042s] -- Found sensor_msgs: 4.2.3 (/opt/ros/humble/share/sensor_msgs/cmake)
[2.111s] -- Found visualization_msgs: 4.2.3 (/opt/ros/humble/share/visualization_msgs/cmake)
[2.225s] -- Found ament_lint_auto: 0.12.9 (/opt/ros/humble/share/ament_lint_auto/cmake)
[2.333s] -- Added test 'copyright' to check source files copyright and LICENSE
[2.335s] -- Added test 'cppcheck' to perform static code analysis on C / C++ code
[2.335s] -- Configured cppcheck include dirs: /SLAM/ros_ws/src/book_ros2/br2_tf2_detector/include
[2.335s] -- Configured cppcheck exclude dirs and/or files: 
[2.337s] -- Added test 'cpplint' to check C / C++ code against the Google style
[2.337s] -- Configured cpplint exclude dirs and/or files: 
[2.337s] -- Added test 'flake8' to check Python code syntax and style conventions
[2.338s] -- Added test 'lint_cmake' to check CMake code style
[2.339s] -- Added test 'pep257' to check Python code against some of the docstring style conventions in PEP 257
[2.341s] -- Added test 'uncrustify' to check C / C++ code style
[2.341s] -- Configured uncrustify additional arguments: 
[2.342s] -- Added test 'xmllint' to check XML markup files
[2.344s] -- Configuring done
[2.365s] -- Generating done
[2.367s] -- Build files have been written to: /SLAM/ros_ws/build/br2_tf2_detector
[2.375s] Invoked command in '/SLAM/ros_ws/build/br2_tf2_detector' returned '0': CMAKE_PREFIX_PATH=/SLAM/ros_ws/install/br2_tiago:/SLAM/ros_ws/install/br2_basics:/SLAM/ros_ws/install/tutourial_intefaces:/SLAM/ros_ws/install/image_pipeline:/SLAM/ros_ws/install/stereo_image_proc:/SLAM/ros_ws/install/image_proc:/SLAM/ros_ws/install/tracetools_image_pipeline:/SLAM/ros_ws/install/sllidar_ros2:/SLAM/ros_ws/install/rtabmap_ros:/SLAM/ros_ws/install/rtabmap_launch:/SLAM/ros_ws/install/rtabmap_examples:/SLAM/ros_ws/install/rtabmap_demos:/SLAM/ros_ws/install/rtabmap_viz:/SLAM/ros_ws/install/rtabmap_slam:/SLAM/ros_ws/install/rtabmap_odom:/SLAM/ros_ws/install/rtabmap_util:/SLAM/ros_ws/install/rtabmap_sync:/SLAM/ros_ws/install/rtabmap_rviz_plugins:/SLAM/ros_ws/install/rtabmap_conversions:/SLAM/ros_ws/install/rtabmap_python:/SLAM/ros_ws/install/my_robot_controller:/SLAM/ros_ws/install/camera_calibration:/opt/ros/humble:/SLAM/ros_ws/install/rtabmap_msgs:/SLAM/ros_ws/install/rtabmap:/SLAM/ros_ws/install/rplidar_ros:/SLAM/ros_ws/install/rf2o_laser_odometry:/SLAM/ros_ws/install/more_interfaces:/SLAM/ros_ws/install/image_view:/SLAM/ros_ws/install/image_rotate:/SLAM/ros_ws/install/astra_camera:/SLAM/ros_ws/install/image_publisher:/SLAM/ros_ws/install/depth_image_proc:/SLAM/ros_ws/install/cpp_srvcli:/SLAM/ros_ws/install/cpp_pubsub:/SLAM/ros_ws/install/astra_camera_msgs /usr/bin/cmake /SLAM/ros_ws/src/book_ros2/br2_tf2_detector -DAMENT_CMAKE_SYMLINK_INSTALL=1 -DCMAKE_INSTALL_PREFIX=/SLAM/ros_ws/install/br2_tf2_detector
[2.377s] Invoking command in '/SLAM/ros_ws/build/br2_tf2_detector': CMAKE_PREFIX_PATH=/SLAM/ros_ws/install/br2_tiago:/SLAM/ros_ws/install/br2_basics:/SLAM/ros_ws/install/tutourial_intefaces:/SLAM/ros_ws/install/image_pipeline:/SLAM/ros_ws/install/stereo_image_proc:/SLAM/ros_ws/install/image_proc:/SLAM/ros_ws/install/tracetools_image_pipeline:/SLAM/ros_ws/install/sllidar_ros2:/SLAM/ros_ws/install/rtabmap_ros:/SLAM/ros_ws/install/rtabmap_launch:/SLAM/ros_ws/install/rtabmap_examples:/SLAM/ros_ws/install/rtabmap_demos:/SLAM/ros_ws/install/rtabmap_viz:/SLAM/ros_ws/install/rtabmap_slam:/SLAM/ros_ws/install/rtabmap_odom:/SLAM/ros_ws/install/rtabmap_util:/SLAM/ros_ws/install/rtabmap_sync:/SLAM/ros_ws/install/rtabmap_rviz_plugins:/SLAM/ros_ws/install/rtabmap_conversions:/SLAM/ros_ws/install/rtabmap_python:/SLAM/ros_ws/install/my_robot_controller:/SLAM/ros_ws/install/camera_calibration:/opt/ros/humble:/SLAM/ros_ws/install/rtabmap_msgs:/SLAM/ros_ws/install/rtabmap:/SLAM/ros_ws/install/rplidar_ros:/SLAM/ros_ws/install/rf2o_laser_odometry:/SLAM/ros_ws/install/more_interfaces:/SLAM/ros_ws/install/image_view:/SLAM/ros_ws/install/image_rotate:/SLAM/ros_ws/install/astra_camera:/SLAM/ros_ws/install/image_publisher:/SLAM/ros_ws/install/depth_image_proc:/SLAM/ros_ws/install/cpp_srvcli:/SLAM/ros_ws/install/cpp_pubsub:/SLAM/ros_ws/install/astra_camera_msgs /usr/bin/cmake --build /SLAM/ros_ws/build/br2_tf2_detector -- -j16 -l16
[2.450s] [ 37%] [32mBuilding CXX object CMakeFiles/br2_tf2_detector.dir/src/br2_tf2_detector/ObstacleMonitorNode.cpp.o[0m
[2.450s] [ 37%] [32mBuilding CXX object CMakeFiles/br2_tf2_detector.dir/src/br2_tf2_detector/ObstacleDetectorNode.cpp.o[0m
[2.450s] [ 37%] [32mBuilding CXX object CMakeFiles/br2_tf2_detector.dir/src/br2_tf2_detector/ObstacleDetectorImprovedNode.cpp.o[0m
[9.869s] [ 50%] [32m[1mLinking CXX shared library libbr2_tf2_detector.so[0m
[10.419s] [ 50%] Built target br2_tf2_detector
[10.448s] [ 75%] [32mBuilding CXX object CMakeFiles/detector.dir/src/detector_main.cpp.o[0m
[10.448s] [ 75%] [32mBuilding CXX object CMakeFiles/detector_improved.dir/src/detector_improved_main.cpp.o[0m
[13.111s] [ 87%] [32m[1mLinking CXX executable detector[0m
[13.144s] [100%] [32m[1mLinking CXX executable detector_improved[0m
[13.335s] [100%] Built target detector
[13.357s] [100%] Built target detector_improved
[13.371s] Invoked command in '/SLAM/ros_ws/build/br2_tf2_detector' returned '0': CMAKE_PREFIX_PATH=/SLAM/ros_ws/install/br2_tiago:/SLAM/ros_ws/install/br2_basics:/SLAM/ros_ws/install/tutourial_intefaces:/SLAM/ros_ws/install/image_pipeline:/SLAM/ros_ws/install/stereo_image_proc:/SLAM/ros_ws/install/image_proc:/SLAM/ros_ws/install/tracetools_image_pipeline:/SLAM/ros_ws/install/sllidar_ros2:/SLAM/ros_ws/install/rtabmap_ros:/SLAM/ros_ws/install/rtabmap_launch:/SLAM/ros_ws/install/rtabmap_examples:/SLAM/ros_ws/install/rtabmap_demos:/SLAM/ros_ws/install/rtabmap_viz:/SLAM/ros_ws/install/rtabmap_slam:/SLAM/ros_ws/install/rtabmap_odom:/SLAM/ros_ws/install/rtabmap_util:/SLAM/ros_ws/install/rtabmap_sync:/SLAM/ros_ws/install/rtabmap_rviz_plugins:/SLAM/ros_ws/install/rtabmap_conversions:/SLAM/ros_ws/install/rtabmap_python:/SLAM/ros_ws/install/my_robot_controller:/SLAM/ros_ws/install/camera_calibration:/opt/ros/humble:/SLAM/ros_ws/install/rtabmap_msgs:/SLAM/ros_ws/install/rtabmap:/SLAM/ros_ws/install/rplidar_ros:/SLAM/ros_ws/install/rf2o_laser_odometry:/SLAM/ros_ws/install/more_interfaces:/SLAM/ros_ws/install/image_view:/SLAM/ros_ws/install/image_rotate:/SLAM/ros_ws/install/astra_camera:/SLAM/ros_ws/install/image_publisher:/SLAM/ros_ws/install/depth_image_proc:/SLAM/ros_ws/install/cpp_srvcli:/SLAM/ros_ws/install/cpp_pubsub:/SLAM/ros_ws/install/astra_camera_msgs /usr/bin/cmake --build /SLAM/ros_ws/build/br2_tf2_detector -- -j16 -l16
[13.446s] Invoking command in '/SLAM/ros_ws/build/br2_tf2_detector': CMAKE_PREFIX_PATH=/SLAM/ros_ws/install/br2_tiago:/SLAM/ros_ws/install/br2_basics:/SLAM/ros_ws/install/tutourial_intefaces:/SLAM/ros_ws/install/image_pipeline:/SLAM/ros_ws/install/stereo_image_proc:/SLAM/ros_ws/install/image_proc:/SLAM/ros_ws/install/tracetools_image_pipeline:/SLAM/ros_ws/install/sllidar_ros2:/SLAM/ros_ws/install/rtabmap_ros:/SLAM/ros_ws/install/rtabmap_launch:/SLAM/ros_ws/install/rtabmap_examples:/SLAM/ros_ws/install/rtabmap_demos:/SLAM/ros_ws/install/rtabmap_viz:/SLAM/ros_ws/install/rtabmap_slam:/SLAM/ros_ws/install/rtabmap_odom:/SLAM/ros_ws/install/rtabmap_util:/SLAM/ros_ws/install/rtabmap_sync:/SLAM/ros_ws/install/rtabmap_rviz_plugins:/SLAM/ros_ws/install/rtabmap_conversions:/SLAM/ros_ws/install/rtabmap_python:/SLAM/ros_ws/install/my_robot_controller:/SLAM/ros_ws/install/camera_calibration:/opt/ros/humble:/SLAM/ros_ws/install/rtabmap_msgs:/SLAM/ros_ws/install/rtabmap:/SLAM/ros_ws/install/rplidar_ros:/SLAM/ros_ws/install/rf2o_laser_odometry:/SLAM/ros_ws/install/more_interfaces:/SLAM/ros_ws/install/image_view:/SLAM/ros_ws/install/image_rotate:/SLAM/ros_ws/install/astra_camera:/SLAM/ros_ws/install/image_publisher:/SLAM/ros_ws/install/depth_image_proc:/SLAM/ros_ws/install/cpp_srvcli:/SLAM/ros_ws/install/cpp_pubsub:/SLAM/ros_ws/install/astra_camera_msgs /usr/bin/cmake --install /SLAM/ros_ws/build/br2_tf2_detector
[13.456s] -- Install configuration: ""
[13.456s] -- Execute custom install script
[13.457s] -- Symlinking: /SLAM/ros_ws/install/br2_tf2_detector/lib/libbr2_tf2_detector.so
[13.468s] -- Symlinking: /SLAM/ros_ws/install/br2_tf2_detector/lib/br2_tf2_detector/detector
[13.479s] -- Symlinking: /SLAM/ros_ws/install/br2_tf2_detector/lib/br2_tf2_detector/detector_improved
[13.490s] -- Symlinking: /SLAM/ros_ws/install/br2_tf2_detector/share/br2_tf2_detector/launch/detector_basic.launch.py
[13.502s] -- Symlinking: /SLAM/ros_ws/install/br2_tf2_detector/share/br2_tf2_detector/launch/detector_improved.launch.py
[13.513s] -- Symlinking: /SLAM/ros_ws/install/br2_tf2_detector/share/ament_index/resource_index/package_run_dependencies/br2_tf2_detector
[13.524s] -- Symlinking: /SLAM/ros_ws/install/br2_tf2_detector/share/ament_index/resource_index/parent_prefix_path/br2_tf2_detector
[13.536s] -- Symlinking: /SLAM/ros_ws/install/br2_tf2_detector/share/br2_tf2_detector/environment/ament_prefix_path.sh
[13.548s] -- Symlinking: /SLAM/ros_ws/install/br2_tf2_detector/share/br2_tf2_detector/environment/ament_prefix_path.dsv
[13.560s] -- Symlinking: /SLAM/ros_ws/install/br2_tf2_detector/share/br2_tf2_detector/environment/path.sh
[13.573s] -- Symlinking: /SLAM/ros_ws/install/br2_tf2_detector/share/br2_tf2_detector/environment/path.dsv
[13.585s] -- Symlinking: /SLAM/ros_ws/install/br2_tf2_detector/share/br2_tf2_detector/local_setup.bash
[13.597s] -- Symlinking: /SLAM/ros_ws/install/br2_tf2_detector/share/br2_tf2_detector/local_setup.sh
[13.608s] -- Symlinking: /SLAM/ros_ws/install/br2_tf2_detector/share/br2_tf2_detector/local_setup.zsh
[13.619s] -- Symlinking: /SLAM/ros_ws/install/br2_tf2_detector/share/br2_tf2_detector/local_setup.dsv
[13.630s] -- Symlinking: /SLAM/ros_ws/install/br2_tf2_detector/share/br2_tf2_detector/package.dsv
[13.641s] -- Symlinking: /SLAM/ros_ws/install/br2_tf2_detector/share/ament_index/resource_index/packages/br2_tf2_detector
[13.653s] -- Symlinking: /SLAM/ros_ws/install/br2_tf2_detector/share/br2_tf2_detector/cmake/br2_tf2_detectorConfig.cmake
[13.665s] -- Symlinking: /SLAM/ros_ws/install/br2_tf2_detector/share/br2_tf2_detector/cmake/br2_tf2_detectorConfig-version.cmake
[13.676s] -- Symlinking: /SLAM/ros_ws/install/br2_tf2_detector/share/br2_tf2_detector/package.xml
[13.689s] Invoked command in '/SLAM/ros_ws/build/br2_tf2_detector' returned '0': CMAKE_PREFIX_PATH=/SLAM/ros_ws/install/br2_tiago:/SLAM/ros_ws/install/br2_basics:/SLAM/ros_ws/install/tutourial_intefaces:/SLAM/ros_ws/install/image_pipeline:/SLAM/ros_ws/install/stereo_image_proc:/SLAM/ros_ws/install/image_proc:/SLAM/ros_ws/install/tracetools_image_pipeline:/SLAM/ros_ws/install/sllidar_ros2:/SLAM/ros_ws/install/rtabmap_ros:/SLAM/ros_ws/install/rtabmap_launch:/SLAM/ros_ws/install/rtabmap_examples:/SLAM/ros_ws/install/rtabmap_demos:/SLAM/ros_ws/install/rtabmap_viz:/SLAM/ros_ws/install/rtabmap_slam:/SLAM/ros_ws/install/rtabmap_odom:/SLAM/ros_ws/install/rtabmap_util:/SLAM/ros_ws/install/rtabmap_sync:/SLAM/ros_ws/install/rtabmap_rviz_plugins:/SLAM/ros_ws/install/rtabmap_conversions:/SLAM/ros_ws/install/rtabmap_python:/SLAM/ros_ws/install/my_robot_controller:/SLAM/ros_ws/install/camera_calibration:/opt/ros/humble:/SLAM/ros_ws/install/rtabmap_msgs:/SLAM/ros_ws/install/rtabmap:/SLAM/ros_ws/install/rplidar_ros:/SLAM/ros_ws/install/rf2o_laser_odometry:/SLAM/ros_ws/install/more_interfaces:/SLAM/ros_ws/install/image_view:/SLAM/ros_ws/install/image_rotate:/SLAM/ros_ws/install/astra_camera:/SLAM/ros_ws/install/image_publisher:/SLAM/ros_ws/install/depth_image_proc:/SLAM/ros_ws/install/cpp_srvcli:/SLAM/ros_ws/install/cpp_pubsub:/SLAM/ros_ws/install/astra_camera_msgs /usr/bin/cmake --install /SLAM/ros_ws/build/br2_tf2_detector
