[0.527s] Invoking command in '/SLAM/ros_ws/build/tracetools_image_pipeline': CMAKE_PREFIX_PATH=${CMAKE_PREFIX_PATH}:/SLAM/ros_ws/install/camera_calibration:/opt/ros/humble /usr/bin/cmake --build /SLAM/ros_ws/build/tracetools_image_pipeline -- -j16 -l16
[0.858s] -- Found ament_cmake_ros: 0.10.0 (/opt/ros/humble/share/ament_cmake_ros/cmake)
[0.858s] -- Checking for module 'lttng-ust'
[0.858s] --   No package 'lttng-ust' found
[0.858s] -- Found ament_lint_auto: 0.12.9 (/opt/ros/humble/share/ament_lint_auto/cmake)
[0.858s] -- Added test 'copyright' to check source files copyright and LICENSE
[0.859s] -- Added test 'cppcheck' to perform static code analysis on C / C++ code
[0.859s] -- Configured cppcheck include dirs: 
[0.860s] -- Configured cppcheck exclude dirs and/or files: 
[0.860s] -- Added test 'cpplint' to check C / C++ code against the Google style
[0.861s] -- Configured cpplint exclude dirs and/or files: 
[0.861s] -- Added test 'lint_cmake' to check CMake code style
[0.861s] -- Added test 'uncrustify' to check C / C++ code style
[0.861s] -- Configured uncrustify additional arguments: 
[0.863s] -- Added test 'xmllint' to check XML markup files
[0.864s] -- Configuring done
[0.864s] -- Generating done
[0.864s] -- Build files have been written to: /SLAM/ros_ws/build/tracetools_image_pipeline
[0.864s] [35m[1mConsolidate compiler generated dependencies of target tracetools_image_pipeline[0m
[0.864s] [ 20%] [32mBuilding C object CMakeFiles/tracetools_image_pipeline.dir/src/tracetools.c.o[0m
[0.864s] [ 40%] [32mBuilding CXX object CMakeFiles/tracetools_image_pipeline.dir/src/utils.cpp.o[0m
[1.084s] [ 60%] [32m[1mLinking CXX shared library libtracetools_image_pipeline.so[0m
[1.182s] [ 60%] Built target tracetools_image_pipeline
[1.201s] [35m[1mConsolidate compiler generated dependencies of target status[0m
[1.224s] [ 80%] [32mBuilding C object CMakeFiles/status.dir/src/status.c.o[0m
[1.285s] [100%] [32m[1mLinking C executable status[0m
[1.330s] [100%] Built target status
[1.398s] Invoked command in '/SLAM/ros_ws/build/tracetools_image_pipeline' returned '0': CMAKE_PREFIX_PATH=${CMAKE_PREFIX_PATH}:/SLAM/ros_ws/install/camera_calibration:/opt/ros/humble /usr/bin/cmake --build /SLAM/ros_ws/build/tracetools_image_pipeline -- -j16 -l16
[1.473s] Invoking command in '/SLAM/ros_ws/build/tracetools_image_pipeline': CMAKE_PREFIX_PATH=${CMAKE_PREFIX_PATH}:/SLAM/ros_ws/install/camera_calibration:/opt/ros/humble /usr/bin/cmake --install /SLAM/ros_ws/build/tracetools_image_pipeline
[1.492s] -- Install configuration: "Release"
[1.492s] -- Up-to-date: /SLAM/ros_ws/install/tracetools_image_pipeline/share/tracetools_image_pipeline/environment/library_path.sh
[1.493s] -- Installing: /SLAM/ros_ws/install/tracetools_image_pipeline/share/tracetools_image_pipeline/environment/library_path.dsv
[1.493s] -- Installing: /SLAM/ros_ws/install/tracetools_image_pipeline/lib/tracetools_image_pipeline/status
[1.493s] -- Set runtime path of "/SLAM/ros_ws/install/tracetools_image_pipeline/lib/tracetools_image_pipeline/status" to ""
[1.493s] -- Up-to-date: /SLAM/ros_ws/install/tracetools_image_pipeline/include
[1.493s] -- Up-to-date: /SLAM/ros_ws/install/tracetools_image_pipeline/include/tracetools_image_pipeline
[1.493s] -- Up-to-date: /SLAM/ros_ws/install/tracetools_image_pipeline/include/tracetools_image_pipeline/visibility_control.hpp
[1.493s] -- Up-to-date: /SLAM/ros_ws/install/tracetools_image_pipeline/include/tracetools_image_pipeline/tracetools.h
[1.494s] -- Up-to-date: /SLAM/ros_ws/install/tracetools_image_pipeline/include/tracetools_image_pipeline/config.h
[1.494s] -- Up-to-date: /SLAM/ros_ws/install/tracetools_image_pipeline/include/tracetools_image_pipeline/utils.hpp
[1.494s] -- Installing: /SLAM/ros_ws/install/tracetools_image_pipeline/lib/libtracetools_image_pipeline.so
[1.494s] -- Up-to-date: /SLAM/ros_ws/install/tracetools_image_pipeline/share/ament_index/resource_index/package_run_dependencies/tracetools_image_pipeline
[1.494s] -- Up-to-date: /SLAM/ros_ws/install/tracetools_image_pipeline/share/ament_index/resource_index/parent_prefix_path/tracetools_image_pipeline
[1.494s] -- Up-to-date: /SLAM/ros_ws/install/tracetools_image_pipeline/share/tracetools_image_pipeline/environment/ament_prefix_path.sh
[1.494s] -- Installing: /SLAM/ros_ws/install/tracetools_image_pipeline/share/tracetools_image_pipeline/environment/ament_prefix_path.dsv
[1.494s] -- Up-to-date: /SLAM/ros_ws/install/tracetools_image_pipeline/share/tracetools_image_pipeline/environment/path.sh
[1.494s] -- Installing: /SLAM/ros_ws/install/tracetools_image_pipeline/share/tracetools_image_pipeline/environment/path.dsv
[1.494s] -- Up-to-date: /SLAM/ros_ws/install/tracetools_image_pipeline/share/tracetools_image_pipeline/local_setup.bash
[1.494s] -- Up-to-date: /SLAM/ros_ws/install/tracetools_image_pipeline/share/tracetools_image_pipeline/local_setup.sh
[1.494s] -- Up-to-date: /SLAM/ros_ws/install/tracetools_image_pipeline/share/tracetools_image_pipeline/local_setup.zsh
[1.494s] -- Installing: /SLAM/ros_ws/install/tracetools_image_pipeline/share/tracetools_image_pipeline/local_setup.dsv
[1.494s] -- Installing: /SLAM/ros_ws/install/tracetools_image_pipeline/share/tracetools_image_pipeline/package.dsv
[1.495s] -- Up-to-date: /SLAM/ros_ws/install/tracetools_image_pipeline/share/ament_index/resource_index/packages/tracetools_image_pipeline
[1.495s] -- Up-to-date: /SLAM/ros_ws/install/tracetools_image_pipeline/share/tracetools_image_pipeline/cmake/tracetools_image_pipeline_exportExport.cmake
[1.495s] -- Up-to-date: /SLAM/ros_ws/install/tracetools_image_pipeline/share/tracetools_image_pipeline/cmake/tracetools_image_pipeline_exportExport-release.cmake
[1.495s] -- Up-to-date: /SLAM/ros_ws/install/tracetools_image_pipeline/share/tracetools_image_pipeline/cmake/ament_cmake_export_targets-extras.cmake
[1.496s] -- Up-to-date: /SLAM/ros_ws/install/tracetools_image_pipeline/share/tracetools_image_pipeline/cmake/ament_cmake_export_include_directories-extras.cmake
[1.496s] -- Up-to-date: /SLAM/ros_ws/install/tracetools_image_pipeline/share/tracetools_image_pipeline/cmake/ament_cmake_export_libraries-extras.cmake
[1.497s] -- Up-to-date: /SLAM/ros_ws/install/tracetools_image_pipeline/share/tracetools_image_pipeline/cmake/tracetools_image_pipelineConfig.cmake
[1.497s] -- Up-to-date: /SLAM/ros_ws/install/tracetools_image_pipeline/share/tracetools_image_pipeline/cmake/tracetools_image_pipelineConfig-version.cmake
[1.497s] -- Installing: /SLAM/ros_ws/install/tracetools_image_pipeline/share/tracetools_image_pipeline/package.xml
[1.498s] Invoked command in '/SLAM/ros_ws/build/tracetools_image_pipeline' returned '0': CMAKE_PREFIX_PATH=${CMAKE_PREFIX_PATH}:/SLAM/ros_ws/install/camera_calibration:/opt/ros/humble /usr/bin/cmake --install /SLAM/ros_ws/build/tracetools_image_pipeline
